dm-0              0.00     0.00  1.38 14.71   112.73    58.85    21.32     1.60   99.34   0.27   0.43
dm-0              0.00     0.00 528.50 44.00  5102.00   176.00    18.44     0.83    1.48   1.16  66.15
dm-0              0.00     0.00 453.00  0.00  3518.00     0.00    15.53     0.55    1.20   1.04  47.30
dm-0              0.00     0.00 529.50 46.00  3982.00   184.00    14.48     1.24    2.16   0.96  55.00
dm-0              0.00     0.00 387.50  0.00  3632.00     0.00    18.75     0.49    1.26   1.12  43.25
dm-0              0.00     0.00 298.57  0.00  5859.05     0.00    39.25    24.27   81.30   2.41  72.00
dm-0              0.00     0.00 305.00 99.50 27126.00   398.00   136.09    53.08  120.82   2.22  89.90
dm-0              0.00     0.00 367.00  0.00 30330.00     0.00   165.29    39.56  103.91   2.73 100.05
dm-0              0.00     0.00 420.90  1.49 32722.39     5.97   154.97    36.27   90.81   2.36  99.70
dm-0              0.00     0.00 417.00 16.50 34744.00    66.00   160.60    39.95   81.53   2.31 100.05
dm-0              0.00     0.00 449.50  1.50 34208.00     6.00   151.73    39.47  101.59   2.22 100.00
dm-0              0.00     0.00 469.50 21.50 36552.00    86.00   149.24    36.96   72.27   2.04 100.05
dm-0              0.00     0.00 472.00  1.00 36902.00     4.00   156.05    32.65   62.13   2.12 100.05
dm-0              0.00     0.00 407.50  3.00 36600.00    12.00   178.38    24.50   67.04   2.44 100.05
dm-0              0.00     0.00 411.50 17.00 35250.00    68.00   164.84    34.98   83.21   2.33 100.05
dm-0              0.00     0.00 439.00 54.00 38532.00   216.00   157.19    70.77   84.75   2.03 100.05
dm-0              0.00     0.00 380.10 20.40 32841.79    81.59   164.41    63.90  228.01   2.49  99.60
dm-0              0.00     0.00 376.50  9.50 34272.00    38.00   177.77    28.21   77.08   2.59 100.05
dm-0              0.00     0.00 415.50  0.00 36200.00     0.00   174.25    41.77   96.49   2.41 100.05
dm-0              0.00     0.00 402.50 23.50 35548.00    94.00   167.33    46.79  103.49   2.35 100.05
dm-0              0.00     0.00 418.00  2.00 37118.00     8.00   176.79    37.65  101.60   2.38 100.15
dm-0              0.00     0.00 428.00 26.00 38304.00   104.00   169.20    42.27   93.56   2.20 100.05
dm-0              0.00     0.00 427.00  0.00 38118.00     0.00   178.54    18.38   44.03   2.30  98.10
dm-0              0.00     0.00 411.50  0.00 34890.00     0.00   169.57    26.30   57.16   2.43 100.00
dm-0              0.00     0.00 455.72 24.88 39629.85    99.50   165.33    17.66   44.50   2.06  99.00
dm-0              0.00     0.00 466.50  0.00 39846.00     0.00   170.83    13.57   29.39   2.15 100.15
dm-0              0.00     0.00 481.50 27.00 42080.00   108.00   165.93    14.33   27.89   1.97 100.10
dm-0              0.00     0.00 445.50  6.50 37388.00    26.00   165.55    20.47   40.22   2.21 100.00
dm-0              0.00     0.00 478.00  0.00 41394.00     0.00   173.20    20.25   46.55   2.09 100.05
dm-0              0.00     0.00 481.00 27.00 42628.00   108.00   168.25    19.66   36.13   1.97 100.05
dm-0              0.00     0.00 479.50  1.50 40920.00     6.00   170.17    28.42   59.65   2.08 100.05
dm-0              0.00     0.00 474.63 28.36 42234.83   113.43   168.39    23.27   46.46   1.98  99.55
dm-0              0.00     0.00 466.00 14.00 40456.00    56.00   168.80    15.04   30.37   2.09 100.10
dm-0              0.00     0.00 461.50  0.00 39536.00     0.00   171.34    15.77   38.66   2.17 100.10
dm-0              0.00     0.00 448.00 33.00 39216.00   132.00   163.61    12.31   24.83   2.08 100.00
dm-0              0.00     0.00 325.00  6.00 27722.00    24.00   167.65     5.56   17.90   2.40  79.55
dm-0              0.00     0.00 231.00 30.00 19864.00   120.00   153.13     0.88    3.25   1.06  27.60
dm-0              0.00     0.00  7.50  1.50   960.00     6.00   214.67     0.11   15.56   4.00   3.60
dm-0              0.00     0.00 27.00  0.00   714.00     0.00    52.89     0.32   11.87   3.30   8.90
dm-0              0.00     0.00 23.00 59.00   128.00   236.00     8.88     0.20    2.38   1.49  12.25
dm-0              0.00     0.00  0.00  0.00     0.00     0.00     0.00     0.00    0.00   0.00   0.00
dm-0              0.00     0.00 39.81  0.00  1062.14     0.00    53.37     0.31    7.72   2.37   9.42
dm-0              0.00     0.00  0.00 33.86     0.00   135.43     8.00     0.04    1.14   0.03   0.12
dm-0              0.00     0.00 53.00  0.00  4870.00     0.00   183.77     0.11    2.14   2.04  10.80
dm-0              0.00     0.00 180.50 22.00 16016.00    88.00   159.05     0.45    2.24   0.96  19.35
dm-0              0.00     0.00 305.00  1.50 27936.00     6.00   182.33     9.79   26.06   2.68  82.00
dm-0              0.00     0.00 395.50  0.00 33772.00     0.00   170.78    15.45   42.68   2.53 100.05
dm-0              0.00     0.00 401.00 36.82 36511.44   147.26   167.46    16.44   32.59   2.28  99.65
dm-0              0.00     0.00 364.50  0.00 34036.00     0.00   186.75    25.61   75.31   2.75 100.10
dm-0              0.00     0.00 346.50 24.50 32096.00    98.00   173.55    29.56   72.47   2.70 100.05
dm-0              0.00     0.00 393.50 37.00 34328.00   148.00   160.17    70.29  135.52   2.32 100.00
dm-0              0.00     0.00 387.50  0.00 34698.00     0.00   179.09    33.01  118.57   2.58 100.05
dm-0              0.00     0.00 372.00 35.00 34296.00   140.00   169.22    45.75  107.79   2.46 100.05
dm-0              0.00     0.00 395.50  0.00 34558.00     0.00   174.76    33.12   86.01   2.53 100.10
dm-0              0.00     0.00 431.00 29.00 38586.00   116.00   168.27    39.03   88.07   2.18 100.05
dm-0              0.00     0.00 392.54  1.49 35797.01     5.97   181.73    26.55   60.04   2.53  99.60
dm-0              0.00     0.00 396.50  0.00 34470.00     0.00   173.87    28.12   76.88   2.52 100.05
dm-0              0.00     0.00 374.50 25.50 34256.00   102.00   171.79    44.65  103.17   2.50 100.05
dm-0              0.00     0.00 416.50  0.00 37430.00     0.00   179.74    29.74   81.76   2.40 100.00
dm-0              0.00     0.00 440.00 20.00 40124.00    80.00   174.80    27.97   60.81   2.18 100.05
dm-0              0.00     0.00 411.00  0.00 38094.00     0.00   185.37    25.84   63.15   2.43 100.05
dm-0              0.00     0.00 430.00  0.00 37482.00     0.00   174.33    21.40   50.70   2.33 100.05
dm-0              0.00     0.00 379.50 22.00 35678.00    88.00   178.16    16.07   41.48   2.49 100.05
dm-0              0.00     0.00 429.35  0.00 38825.87     0.00   180.86    12.15   28.06   2.32  99.70
dm-0              0.00     0.00 380.00 30.50 34786.00   122.00   170.08     9.73   24.62   2.44 100.00
dm-0              0.00     0.00 297.00  1.00 26202.00     4.00   175.88     3.01   10.46   2.43  72.50
dm-0              0.00     0.00 221.50  0.00 19474.00     0.00   175.84     0.44    2.01   1.29  28.65
dm-0              0.00     0.00 178.00 52.00 15436.00   208.00   136.03     3.01   13.07   1.29  29.65
dm-0              0.00     0.00  5.83  0.00   159.22     0.00    54.67     0.03    4.50   4.17   2.43
dm-0              0.00     0.00  0.00 46.50     0.00   186.00     8.00     0.04    0.92   0.02   0.10
dm-0              0.00     0.00  0.00  5.47     0.00    21.89     8.00     0.00    0.00   0.00   0.00
dm-0              0.00     0.00  0.00  0.00     0.00     0.00     0.00     0.00    0.00   0.00   0.00
dm-0              0.00     0.00 57.86 20.00  5078.57    80.00   132.51     0.14    1.74   1.39  10.86
dm-0              0.00     0.00 99.25  0.00  6092.08     0.00   122.77     0.10    1.05   0.67   6.68
dm-0              0.00     0.00 105.56 21.03  6304.76    84.13   100.94     0.14    1.07   0.62   7.90
dm-0              0.00     0.00 104.46  0.00  6025.74     0.00   115.37     0.10    0.93   0.60   6.29
dm-0              0.00     0.00 141.00 29.50  8202.00   118.00    97.60     0.20    1.14   0.54   9.15
dm-0              0.00     0.00 139.80  0.00  8222.89     0.00   117.64     0.10    0.72   0.42   5.87
dm-0              0.00     0.00 133.00 42.50  7880.00   170.00    91.74     0.18    1.02   0.43   7.55
dm-0              0.00     0.00 133.00  0.50  7626.00     2.00   114.28     0.15    1.14   0.61   8.20
dm-0              0.00     0.00 88.00  0.00  5446.00     0.00   123.77     0.17    1.90   0.71   6.25
dm-0              0.00     0.00 53.00 40.50  4806.00   162.00   106.27     0.22    2.32   1.75  16.35
dm-0              0.00     0.00 93.50  0.00  8456.00     0.00   180.88     0.27    2.93   2.75  25.75
dm-0              0.00     0.00 230.35 29.85 21036.82   119.40   162.62     0.72    2.77   1.80  46.92
dm-0              0.00     0.00 243.00 33.00 20310.00   132.00   148.13     0.91    3.29   1.74  47.95
dm-0              0.00     0.00 235.12  0.00 20874.15     0.00   177.56     0.74    3.05   2.00  46.93
dm-0              0.00     0.00 251.42 34.91 22301.89   139.62   156.76     0.82    2.92   1.69  48.25
dm-0              0.00     0.00 354.50  0.00 30070.00     0.00   169.65     1.97    5.09   2.08  73.65
dm-0              0.00     0.00 439.50 33.00 31556.00   132.00   134.13     2.95    6.49   1.40  66.05
dm-0              0.00     0.00 575.00  1.50 33830.00     6.00   117.38     9.11   15.66   1.65  94.95
dm-0              0.00     0.00 312.00  0.00 27876.00     0.00   178.69     2.38    7.74   2.32  72.25
dm-0              0.00     0.00 221.89 27.86 19253.73   111.44   155.08     0.97    3.89   1.81  45.32
dm-0              0.00     0.00 101.00  0.00  9288.00     0.00   183.92     0.27    2.69   2.42  24.45
dm-0              0.00     0.00 96.00 28.00  8650.00   112.00   141.32     0.27    2.16   1.86  23.05
dm-0              0.00     0.00 25.50  1.50  2178.00     6.00   161.78     0.07    2.59   2.26   6.10
dm-0              0.00     0.00  0.00  0.00     0.00     0.00     0.00     0.00    0.00   0.00   0.00
dm-0              0.00     0.00  0.00 22.00     0.00    88.00     8.00     0.02    0.95   0.05   0.10
dm-0              0.00     0.00  2.00  0.00    20.00     0.00    20.00     0.01    2.50   2.50   0.50
dm-0              0.00     0.00  0.00 53.73     0.00   214.93     8.00     0.09    1.71   0.06   0.30
dm-0              0.00     0.00  0.00  1.00     0.00     4.00     8.00     0.00    3.00   1.50   0.15
dm-0              0.00     0.00  0.00  0.00     0.00     0.00     0.00     0.00    0.00   0.00   0.00
dm-0              0.00     0.00  0.00 69.50     0.00   278.00     8.00     0.15    2.17   0.06   0.40
dm-0              0.00     0.00  0.50  0.00     3.98     0.00    16.00     0.01   12.00  12.00   0.60
dm-0              0.00     0.00  0.00 42.50     0.00   170.00     8.00     0.16    3.74   0.14   0.60
dm-0              0.00     0.00  0.00  0.00     0.00     0.00     0.00     0.00    0.00   0.00   0.00
dm-0              0.00     0.00  0.00  0.00     0.00     0.00     0.00     0.00    0.00   0.00   0.00
dm-0              0.00     0.00  0.00 35.50     0.00   142.00     8.00     0.04    1.00   0.07   0.25
dm-0              0.00     0.00  0.00  0.00     0.00     0.00     0.00     0.00    0.00   0.00   0.00
dm-0              0.00     0.00  0.00 27.00     0.00   108.00     8.00     0.02    0.83   0.04   0.10
dm-0              0.00     0.00  0.00  0.00     0.00     0.00     0.00     0.00    0.00   0.00   0.00
dm-0              0.00     0.00  0.50  0.00     1.99     0.00     8.00     0.01   15.00  15.00   0.75
dm-0              0.00     0.00  0.00 26.00     0.00   104.00     8.00     0.03    1.10   0.12   0.30
dm-0              0.00     0.00 121.50  0.00   500.00     0.00     8.23     0.97    7.94   7.94  96.45
dm-0              0.00     0.00 132.50 73.00   530.00   292.00     8.00     1.20    5.84   4.82  99.05
dm-0              0.00     0.00 25.50  0.00   102.00     0.00     8.00     0.18    7.22   7.12  18.15
dm-0              0.00     0.00  0.00  0.00     0.00     0.00     0.00     0.00    0.00   0.00   0.00
dm-0              0.00     0.00  0.00 89.00     0.00   356.00     8.00     0.24    2.67   0.04   0.35
dm-0              0.00     0.00  0.00  0.00     0.00     0.00     0.00     0.00    0.00   0.00   0.00
dm-0              0.00     0.00  0.50 144.78     1.99   579.10     8.00     1.27    4.08   0.14   2.04
dm-0              0.00     0.00  1.50  0.00     6.00     0.00     8.00     4.15 3224.00  83.00  12.45
dm-0              0.00     0.00 140.00  0.00 12514.00     0.00   178.77     0.48    3.40   1.92  26.85
dm-0              0.00     0.00 156.50 12983.00 13660.00 51932.00     9.98  5985.82  455.56   0.06  80.75
dm-0              0.00     0.00  1.99  0.00     7.96     0.00     8.00     0.02    8.75   8.75   1.74
dm-0              0.00     0.00 226.50 11774.00 19796.00 47096.00    11.15  5072.83  160.90   0.07  79.15
dm-0              0.00     0.00 223.50 57.00 20760.00   228.00   149.65  1950.62 18155.46   3.30  92.55
dm-0              0.00     0.00 161.26  0.00 14380.18     0.00   178.35     0.78    4.74   2.38  38.42
dm-0              0.00     0.00 141.50 14160.50 12186.00 56642.00     9.62  8021.48  560.87   0.07  97.35
dm-0              0.00     0.00 215.00  0.00 19732.00     0.00   183.55     1.43    6.64   2.31  49.65
dm-0              0.00     0.00 218.50 5516.50 19352.00 22066.00    14.44  1513.68  263.93   0.14  82.20
dm-0              0.00     0.00 113.50  0.00 10004.00     0.00   176.28     0.58    5.52   1.87  21.20
dm-0              0.00     0.00 246.77  0.00 21548.26     0.00   174.65     0.90    3.62   1.79  44.28
dm-0              0.00     0.00 29.00 17220.00  2694.00 68880.00     8.30 10963.97  635.63   0.05  88.40
dm-0              0.00     0.00 230.50  0.00 19802.00     0.00   171.82     0.54    2.33   1.49  34.25
dm-0              0.00     0.00 68.00 11088.50  5580.00 44354.00     8.95  4377.58  330.64   0.05  50.85
dm-0              0.00     0.00 36.82 50.75  3759.20   202.99    90.50    53.25 8435.90   1.85  16.17
dm-0              0.00     0.00  1.50  0.00     6.00     0.00     8.00     0.01    5.67   5.67   0.85
dm-0              0.00     0.00  1.00 2997.00     4.00 11988.00     8.00   393.26  131.17   0.05  15.10
dm-0              0.00     0.00  0.00  0.00     0.00     0.00     0.00     0.00    0.00   0.00   0.00
dm-0              0.00     0.00  0.00 3767.00     0.00 15068.00     8.00   533.99  139.80   0.08  30.65
dm-0              0.00     0.00  0.00  0.00     0.00     0.00     0.00     2.58    0.00   0.00   7.30
dm-0              0.00     0.00  0.00  0.00     0.00     0.00     0.00     0.00    0.00   0.00   0.00
dm-0              0.00     0.00  0.00 19.00     0.00    76.00     8.00     0.02    0.87   0.11   0.20
dm-0              0.00     0.00  0.00  0.00     0.00     0.00     0.00     0.00    0.00   0.00   0.00
dm-0              0.00     0.00  0.00 13.00     0.00    52.00     8.00     0.01    0.77   0.08   0.10
dm-0              0.00     0.00  0.00  0.00     0.00     0.00     0.00     0.00    0.00   0.00   0.00
dm-0              0.00     0.00  0.00  0.00     0.00     0.00     0.00     0.00    0.00   0.00   0.00
dm-0              0.00     0.00  0.00 63.44     0.00   253.74     8.00     0.11    1.75   0.06   0.35
dm-0              0.00     0.00  0.00  0.00     0.00     0.00     0.00     0.00    0.00   0.00   0.00
dm-0              0.00     0.00  0.00 19.43     0.00    77.73     8.00     0.02    0.85   0.07   0.14
dm-0              0.00     0.00  0.00  0.00     0.00     0.00     0.00     0.00    0.00   0.00   0.00
dm-0              0.00     0.00  0.00 21.49     0.00    85.96     8.00     0.02    1.02   0.12   0.26
dm-0              0.00     0.00  0.00  0.00     0.00     0.00     0.00     0.00    0.00   0.00   0.00
dm-0              0.00     0.00  0.50 35.50     2.00   142.00     8.00     0.04    1.14   0.24   0.85
dm-0              0.00     0.00  0.00  1.99     0.00     7.96     8.00     0.01    3.00   0.75   0.15
dm-0              0.00     0.00  4.50  0.00   512.00     0.00   227.56     0.02    4.00   2.11   0.95
dm-0              0.00     0.00  0.00 102.50     0.00   410.00     8.00     0.27    2.60   0.04   0.45
dm-0              0.00     0.00  0.00  0.00     0.00     0.00     0.00     0.00    0.00   0.00   0.00
dm-0              0.00     0.00 54.50 47.50  5062.00   190.00   102.98     0.16    1.60   0.64   6.50
dm-0              0.00     0.00 162.50  1.50 14478.00     6.00   176.63     0.26    1.61   1.12  18.40
dm-0              0.00     0.00 136.82 33.33 12175.12   133.33   144.68     0.27    1.58   0.97  16.57
dm-0              0.00     0.00 155.00  0.00 13710.00     0.00   176.90     0.19    1.24   1.04  16.05
dm-0              0.00     0.00 164.00  0.00 14608.00     0.00   178.15     0.24    1.47   1.03  16.95
dm-0              0.00     0.00 55.50 21.00  5188.00    84.00   137.83     0.59    7.71   1.13   8.65
dm-0              0.00     0.00  0.00  1.50     0.00     6.00     8.00     0.00    0.00   0.00   0.00
dm-0              0.00     0.00  0.00 26.50     0.00   106.00     8.00     0.02    0.79   0.02   0.05
dm-0              0.00     0.00  0.00  0.50     0.00     2.00     8.00     0.00    4.00   4.00   0.20
dm-0              0.00     0.00  0.00  0.00     0.00     0.00     0.00     0.00    0.00   0.00   0.00
dm-0              0.00     0.00  0.00 15.50     0.00    62.00     8.00     0.00    0.16   0.06   0.10
dm-0              0.00     0.00  0.00  1.00     0.00     4.00     8.00     0.00    3.00   1.50   0.15
dm-0              0.00     0.00  0.00 13.43     0.00    53.73     8.00     0.01    0.74   0.04   0.05
dm-0              0.00     0.00  0.00  2.50     0.00    10.00     8.00     0.01    3.00   0.60   0.15
dm-0              0.00     0.00  0.00  0.00     0.00     0.00     0.00     0.00    0.00   0.00   0.00
dm-0              0.00     0.00  0.00 13.00     0.00    52.00     8.00     0.00    0.00   0.00   0.00
dm-0              0.00     0.00  0.00 44.00     0.00   176.00     8.00     0.08    1.92   0.05   0.20
dm-0              0.00     0.00  0.00 16.00     0.00    64.00     8.00     0.01    0.66   0.03   0.05
dm-0              0.00     0.00  0.00  1.50     0.00     6.00     8.00     0.00    3.00   1.00   0.15
dm-0              0.00     0.00  0.00  0.00     0.00     0.00     0.00     0.00    0.00   0.00   0.00
dm-0              0.00     0.00  0.00 37.50     0.00   150.00     8.00     0.04    1.04   0.04   0.15
dm-0              0.00     0.00  0.00  0.00     0.00     0.00     0.00     0.00    0.00   0.00   0.00
dm-0              0.00     0.00  0.46 2982.57     1.83 11930.28     8.00   392.93  131.72   0.04  12.71
dm-0              0.00     0.00  9.22  1.46    36.89     5.83     8.00     0.08    7.55   7.23   7.72
dm-0              0.00     0.00  0.00  0.00     0.00     0.00     0.00     0.00    0.00   0.00   0.00
dm-0              0.00     0.00  3.48 19691.54   258.71 78766.17     8.02  8364.54  385.97   0.03  66.37
dm-0              0.00     0.00 165.38 53.50 14786.01   213.99   137.06    50.66 2680.58   1.04  22.83
dm-0              0.00     0.00 45.50 4927.50  3916.00 19710.00     9.50   772.30  155.30   0.05  24.20
dm-0              0.00     0.00  6.00  0.00    24.00     0.00     8.00     0.03    4.50   4.50   2.70
dm-0              0.00     0.00 156.22 8057.21 14151.24 32228.86    11.29  1431.29   10.41   0.02  17.91
dm-0              0.00     0.00 67.50 7209.00  6150.00 28836.00     9.62  6884.03 1131.94   0.09  68.45
dm-0              0.00     0.00  6.70  0.00   467.86     0.00   139.73     2.61  386.53 121.07  81.07
dm-0              0.00     0.00 97.77 4496.09  7372.07 17984.36    11.04   628.31  136.19   0.14  62.74
dm-0              0.00     0.00 75.20  6.91  6673.17    27.64   163.21     4.54   79.20   2.30  18.86
dm-0              0.00     0.00  0.00 201.08     0.00   804.30     8.00     0.67    3.35   0.05   1.08
dm-0              0.00     0.00  0.00  3.00     0.00    12.00     8.00     0.00    1.00   0.67   0.20
dm-0              0.00     0.00  0.00 10.50     0.00    42.00     8.00     1.79  170.62  12.05  12.65
dm-0              0.00     0.00  1.50 29.00    64.00   116.00    11.80     0.04    1.41   0.46   1.40
dm-0              0.00     0.00  0.00  1.23     0.00     4.94     8.00     0.00    3.00   1.00   0.12
dm-0              0.00     0.00 66.88  9.55  6445.86    38.22   169.67     0.11    1.43   0.88   6.75
dm-0              0.00     0.00 126.00 213.00  3534.00   852.00    25.88     1.09    3.20   0.20   6.85
dm-0              0.00     0.00 355.00  0.00 19380.00     0.00   109.18     1.60    4.52   1.99  70.60
dm-0              0.00     0.00 146.50 183.50 13634.00   734.00    87.08     6.81   20.64   0.68  22.40
dm-0              0.00     0.00 148.26  0.00 13440.80     0.00   181.32     0.22    1.50   1.20  17.76
dm-0              0.00     0.00 167.00  0.00 15808.00     0.00   189.32     0.14    0.82   0.66  11.10
dm-0              0.00     0.00 39.50 3279.50  3458.00 13118.00     9.99   302.25   91.07   0.04  12.55
dm-0              0.00     0.00  0.00  0.00     0.00     0.00     0.00     0.00    0.00   0.00   0.00
dm-0              0.00     0.00 12.50 15.50   264.00    62.00    23.29     0.17    5.95   1.55   4.35
dm-0              0.00     0.00  0.00  0.00     0.00     0.00     0.00     0.00    0.00   0.00   0.00
dm-0              0.00     0.00  0.00  0.00     0.00     0.00     0.00     0.00    0.00   0.00   0.00
dm-0              0.00     0.00  0.00 12.50     0.00    50.00     8.00     0.00    0.04   0.04   0.05
dm-0              0.00     0.00  0.00  0.00     0.00     0.00     0.00     0.00    0.00   0.00   0.00
dm-0              0.00     0.00  0.00 11.50     0.00    46.00     8.00     0.01    0.87   0.09   0.10
dm-0              0.00     0.00 23.38  0.00   197.01     0.00    16.85     0.24   10.15   5.72  13.38
dm-0              0.00     0.00  0.00 27.00     0.00   108.00     8.00     0.04    1.30   0.15   0.40
dm-0              0.00     0.00  0.00 19.00     0.00    76.00     8.00     0.07    3.50   0.47   0.90
dm-0              0.00     0.00 175.00 24.00  6462.00    96.00    65.91    19.16   86.20   2.81  55.90
dm-0              0.00     0.00 288.50 67.50 24466.00   270.00   138.97     7.83   26.85   2.37  84.45
dm-0              0.00     0.00 274.38  0.00 25641.38     0.00   186.90     2.57   10.37   2.93  80.34
dm-0              0.00     0.00 352.00 38.00 29992.00   152.00   154.58     6.63   16.71   1.90  74.15
dm-0              0.00     0.00 240.59  0.00 21360.40     0.00   177.56     3.55   15.25   2.50  60.25
dm-0              0.00     0.00 459.00  0.00 34828.00     0.00   151.76     6.83   14.88   2.00  91.80
dm-0              0.00     0.00 404.00 31.00 29162.00   124.00   134.65    13.66   31.39   2.20  95.70
dm-0              0.00     0.00 361.69  0.00 23564.18     0.00   130.30     2.77    7.54   2.32  84.08
dm-0              0.00     0.00 404.00  0.00 26776.00     0.00   132.55     4.90   12.21   2.32  93.55
dm-0              0.00     0.00 272.00 33.50 20840.00   134.00   137.31     4.26   13.97   2.14  65.25
dm-0              0.00     0.00 289.10  0.00 22472.04     0.00   155.46     2.48    8.59   2.02  58.44
dm-0              0.00     0.00 350.25 28.86 27801.00   115.42   147.28     8.34   21.97   2.54  96.27
dm-0              0.00     0.00 380.50  0.00 25374.00     0.00   133.37     5.04   13.15   1.97  74.90
dm-0              0.00     0.00 310.50  0.00 24260.00     0.00   156.26     4.23   13.74   3.09  95.85
dm-0              0.00     0.00 255.50 28.50 20614.00   114.00   145.97     4.08   14.37   2.70  76.60
dm-0              0.00     0.00 216.00 70.00 18298.00   280.00   129.92     8.32   29.08   1.29  36.90
dm-0              0.00     0.00 28.00 27.50   844.00   110.00    34.38     0.46    8.34   1.95  10.85
dm-0              0.00     0.00 11.00  0.00   324.00     0.00    58.91     0.13   11.59   3.77   4.15
dm-0              0.00     0.00  0.00  1.50     0.00     6.00     8.00     0.00    3.00   1.00   0.15
dm-0              0.00     0.00  0.00 17.41     0.00    69.65     8.00     0.00    0.14   0.03   0.05
dm-0              0.00     0.00 83.00 10.00  6438.00    40.00   139.31     0.87    9.32   1.65  15.35
dm-0              0.00     0.00 115.00 20.00  9036.00    80.00   135.05     0.14    1.05   0.56   7.50
dm-0              0.00     0.00 12.00  0.00   324.00     0.00    54.00     0.19   15.75   2.71   3.25
dm-0              0.00     0.00  0.00  0.00     0.00     0.00     0.00     0.00    0.00   0.00   0.00
dm-0              0.00     0.00  0.00 15.00     0.00    60.00     8.00     0.00    0.20   0.07   0.10
dm-0              0.00     0.00  0.00  0.00     0.00     0.00     0.00     0.00    0.00   0.00   0.00
dm-0              0.00     0.00  0.00 15.50     0.00    62.00     8.00     0.00    0.03   0.03   0.05
dm-0              0.00     0.00  0.50  0.00     2.00     0.00     8.00     0.01   14.00  14.00   0.70
dm-0              0.00     0.00  0.00  0.00     0.00     0.00     0.00     0.00    0.00   0.00   0.00
dm-0              0.00     0.00  0.00 18.91     0.00    75.62     8.00     0.02    0.87   0.03   0.05
dm-0              0.00     0.00  0.00  0.00     0.00     0.00     0.00     0.00    0.00   0.00   0.00
dm-0              0.00     0.00  0.00 12.50     0.00    50.00     8.00     0.00    0.20   0.08   0.10
dm-0              0.00     0.00  0.00  0.00     0.00     0.00     0.00     0.00    0.00   0.00   0.00
dm-0              0.00     0.00  0.00 24.00     0.00    96.00     8.00     0.04    1.50   0.06   0.15
dm-0              0.00     0.00  0.00 17.50     0.00    70.00     8.00     0.00    0.17   0.06   0.10
dm-0              0.00     0.00  0.00  1.49     0.00     5.97     8.00     0.00    3.00   1.00   0.15
dm-0              0.00     0.00 28.00 36.50  2628.00   146.00    86.02     0.10    1.50   0.84   5.40
dm-0              0.00     0.00 154.50  0.00 13710.00     0.00   177.48     0.12    0.81   0.73  11.35
dm-0              0.00     0.00 200.37 30.60 18140.30   122.39   158.14     0.64    2.53   1.13  26.04
dm-0              0.00     0.00 195.52 1656.72 17536.32  6626.87    26.09   782.37  212.89   0.38  70.80
dm-0              0.00     0.00 29.00 139.50  1352.00   558.00    22.67    94.03 2807.82   5.94 100.05
dm-0              0.00     0.00  9.00 492.50   618.00  1970.00    10.32   200.94   48.53   2.00 100.05
dm-0              0.00     0.00 12.00 2508.50  1048.00 10034.00     8.79   856.03  413.58   0.40 100.00
dm-0              0.00     0.00 19.50 34.50   640.00   138.00    28.81    14.60  209.26  18.53 100.05
dm-0              0.00     0.00  3.50 750.50   424.00  3002.00     9.09   133.37  182.31   1.33 100.05
dm-0              0.00     0.00 93.00 36.50  9090.00   146.00   142.64    13.66  106.42   7.19  93.05
dm-0              0.00     0.00 303.00 5417.50 17460.00 21670.00    13.68   488.03   85.35   0.10  55.30
dm-0              0.00     0.00 263.00  6.50 22290.00    26.00   165.61     6.64   19.94   2.39  64.40
dm-0              0.00     0.00 374.63 1709.45 33773.13  6837.81    38.97    47.79   23.43   0.45  93.03
dm-0              0.00     0.00 272.50 3491.50 21540.00 13966.00    18.87   458.42  119.90   0.25  93.55
dm-0              0.00     0.00 367.50  0.00 30782.00     0.00   167.52    24.30   85.59   2.72 100.05
dm-0              0.00     0.00 250.00 292.34 21960.36  1169.37    85.30     9.53   17.86   1.22  66.31
dm-0              0.00     0.00  7.30 165.29   127.81   661.14     9.14     0.43    2.52   0.39   6.71
dm-0              0.00     0.00 325.00 19.00 27756.00    76.00   161.81    17.92   51.85   2.34  80.55
dm-0              0.00     0.00 487.50  0.00 38276.00     0.00   157.03    11.69   24.15   1.90  92.75
dm-0              0.00     0.00 346.00 3407.00 24964.00 13628.00    20.57   983.97  261.89   0.27 100.00
dm-0              0.00     0.00 395.50  0.00 26528.00     0.00   134.15    12.11   33.42   2.52  99.60
dm-0              0.00     0.00 254.73 371.64 20362.19  1486.57    69.76     7.68   12.25   1.31  81.84
dm-0              0.00     0.00 310.00  0.00 21954.00     0.00   141.64     3.62   11.59   2.85  88.25
dm-0              0.00     0.00 254.00  0.00 19960.00     0.00   157.17     1.24    4.98   2.49  63.15
dm-0              0.00     0.00 126.50 788.00  9502.00  3152.00    27.67    11.01   12.03   0.14  12.85
dm-0              0.00     0.00 167.00 655.00  9166.00  2620.00    28.68     7.51    9.15   0.44  35.95
dm-0              0.00     0.00 124.50  0.00  9420.00     0.00   151.33     0.10    0.80   0.65   8.15
dm-0              0.00     0.00 115.00  0.00  9416.00     0.00   163.76     0.07    0.61   0.60   6.90
dm-0              0.00     0.00  5.00 950.00   372.00  3800.00     8.74    21.37   22.38   0.03   3.25
dm-0              0.00     0.00 168.00  0.00  4430.00     0.00    52.74    21.50  100.89   2.69  45.15
dm-0              0.00     0.00 333.83  0.00 25196.02     0.00   150.95    39.02  123.79   2.98  99.55
dm-0              0.00     0.00 422.50 59.00 34816.00   236.00   145.60    48.23  103.25   2.08 100.10
dm-0              0.00     0.00 442.00  0.00 38274.00     0.00   173.19    31.98   67.35   2.23  98.55
dm-0              0.00     0.00 562.50 39.50 39436.00   158.00   131.54    44.74   70.70   1.66 100.05
dm-0              0.00     0.00 319.50 12.00 27360.00    48.00   165.36    21.69   80.84   2.29  76.05
dm-0              0.00     0.00 321.39 125.37 27785.07   501.49   126.63    26.92   54.98   1.65  73.78
dm-0              0.00     0.00 434.00 25.50 37974.00   102.00   165.73    29.53   60.16   2.18 100.05
dm-0              0.00     0.00 455.00 25.00 40664.00   100.00   169.85    31.03   68.90   2.07  99.35
dm-0              0.00     0.00 481.50 27.50 41560.00   110.00   163.73    24.88   47.18   1.97 100.05
dm-0              0.00     0.00 449.00  0.00 39002.00     0.00   173.73    39.87   73.21   2.23 100.05
dm-0              0.00     0.00 452.50  0.00 41572.00     0.00   183.74    30.99   85.06   2.21 100.10
dm-0              0.00     0.00 406.50 27.50 37278.00   110.00   172.29    28.34   64.05   2.31 100.10
dm-0              0.00     0.00 416.50  0.00 36114.00     0.00   173.42    34.44   84.37   2.40 100.05
dm-0              0.00     0.00 365.67 25.87 32169.15   103.48   164.85    31.74   87.18   2.54  99.35
dm-0              0.00     0.00 337.00  0.00 28840.00     0.00   171.16    21.15   42.73   2.70  90.85
dm-0              0.00     0.00 434.50  0.00 37886.00     0.00   174.39    26.69   71.81   2.30 100.05
dm-0              0.00     0.00 280.58 119.42 24295.15   477.67   123.86    16.77   47.39   1.66  66.26
dm-0              0.00     0.00 299.00 75.00 25694.00   300.00   139.01    13.66   34.39   1.79  67.10
dm-0              0.00     0.00 443.00 31.00 39460.00   124.00   167.02    21.46   42.08   2.11 100.10
dm-0              0.00     0.00 435.50  0.00 33540.00     0.00   154.03    25.60   59.83   2.30 100.05
dm-0              0.00     0.00 404.50  0.00 33400.00     0.00   165.14    18.83   50.33   2.47 100.05
dm-0              0.00     0.00 251.00 146.50 21142.00   586.00   109.32     5.40   14.39   1.62  64.50
dm-0              0.00     0.00 388.00 80.00 31388.00   320.00   135.50     6.48   13.76   1.84  86.10
dm-0              0.00     0.00 382.09 139.30 29982.09   557.21   117.15     5.07    9.63   1.48  77.16
dm-0              0.00     0.00 391.00 12.00 29536.00    48.00   146.82     5.90   14.67   2.24  90.20
dm-0              0.00     0.00 418.50  0.00 27590.00     0.00   131.85     2.31    5.70   1.81  75.65
dm-0              0.00     0.00 54.00 26.50  3896.00   106.00    99.43     0.14    1.73   0.89   7.20
dm-0              0.00     0.00  0.00 17.50     0.00    70.00     8.00     0.01    0.77   0.09   0.15
dm-0              0.00     0.00 13.00 23.50   196.00    94.00    15.89     0.15    4.14   0.75   2.75
dm-0              0.00     0.00  0.00  0.00     0.00     0.00     0.00     0.00    0.00   0.00   0.00
dm-0              0.00     0.00  0.00  0.00     0.00     0.00     0.00     0.00    0.00   0.00   0.00
dm-0              0.00     0.00  0.00 18.50     0.00    74.00     8.00     0.00    0.00   0.00   0.00
dm-0              0.00     0.00 69.65  0.00  1990.05     0.00    57.14     5.09   73.04   3.06  21.34
dm-0              0.00     0.00 510.45 79.10 27371.14   316.42    93.93    10.91   18.34   1.53  89.95
dm-0              0.00     0.00 236.00 70.80 16998.40   283.20   112.66     6.13   20.22   1.75  53.68
dm-0              0.00     0.00 173.46 88.15 13935.55   352.61   109.23     8.24   31.47   1.63  42.70
dm-0              0.00     0.00 311.36 122.73 27786.36   490.91   130.28     9.47   21.77   1.63  70.85
dm-0              0.00     0.00 328.81 31.64 29871.19   126.55   166.45    13.12   35.21   2.18  78.53
dm-0              0.00     0.00 368.00 28.50 30128.00   114.00   152.54    15.03   34.86   2.12  84.10
dm-0              0.00     0.00 341.00 79.50 27168.00   318.00   130.73    35.53   88.02   2.26  95.15
dm-0              0.00     0.00 344.12 61.27 29992.16   245.10   149.18    24.25   60.06   2.37  95.98
dm-0              0.00     0.00 474.00 105.50 40480.00   422.00   141.16    25.85   40.03   1.69  97.70
dm-0              0.00     0.00 475.00  0.00 41910.00     0.00   176.46    28.35   59.34   2.11 100.10
dm-0              0.00     0.00 409.00 78.50 35996.00   314.00   148.96    37.12   80.70   1.90  92.70
dm-0              0.00     0.00 364.50 68.00 31756.00   272.00   148.11    22.48   42.69   2.04  88.30
dm-0              0.00     0.00 347.78  0.00 32461.08     0.00   186.67    37.02  115.89   2.87  99.90
dm-0              0.00     0.00 103.50 87.50  6010.00   350.00    66.60     9.67   57.01   1.95  37.20
dm-0              0.00     0.00 25.00 65.50   542.00   262.00    17.77     0.62    6.84   1.43  12.90
dm-0              0.00     0.00 14.00 27.00   330.00   108.00    21.37     0.18    4.40   1.23   5.05
dm-0              0.00     0.00 117.00  0.00  2032.00     0.00    34.74     0.90    7.72   2.41  28.15
dm-0              0.00     0.00  0.00  0.00     0.00     0.00     0.00     0.00    0.00   0.00   0.00
dm-0              0.00     0.00 265.50 22.50 19448.00    90.00   135.68    13.47   38.99   2.64  75.95
dm-0              0.00     0.00 176.19 132.38 14960.00   529.52   100.40    14.66   54.40   1.82  56.29
dm-0              0.00     0.00 292.00 149.50 26006.00   598.00   120.52    16.52   34.28   1.66  73.25
dm-0              0.00     0.00 421.50 1514.50 33856.00  6058.00    41.23   150.07   77.56   0.49  94.10
dm-0              0.00     0.00 434.50  0.00 37040.00     0.00   170.49    39.25   87.79   2.30 100.05
dm-0              0.00     0.00 374.50 1775.50 33144.00  7102.00    37.44  1116.08  519.75   0.47 100.05
dm-0              0.00     0.00 425.50 12.00 38366.00    48.00   175.61    30.03   64.60   2.29 100.05
dm-0              0.00     0.00 435.00 10.00 36544.00    40.00   164.42    30.37   66.83   2.25 100.10
dm-0              0.00     0.00 400.50 27.00 34998.00   108.00   164.24    36.74   87.73   2.34 100.05
dm-0              0.00     0.00 379.00  0.00 33910.00     0.00   178.94    21.34   62.06   2.64 100.05
dm-0              0.00     0.00 258.10 186.19 20483.81   744.76    95.56    13.28   30.79   1.46  64.90
dm-0              0.00     0.00 357.07 37.17 29731.94   148.69   151.59    25.91   64.14   2.54 100.00
dm-0              0.00     0.00 320.90 59.02 27937.70   236.07   148.31    15.72   42.77   2.18  82.91
dm-0              0.00     0.00 503.18 82.80 39895.54   331.21   137.30    14.58   24.02   1.57  91.78
dm-0              0.00     0.00 520.00 34.00 47024.00   136.00   170.25    13.19   23.61   1.81 100.00
dm-0              0.00     0.00 382.59 1056.22 33249.75  4224.88    52.09    45.56   12.13   0.69  99.65
dm-0              0.00     0.00 264.50 5274.50 23708.00 21098.00    16.18  1634.69  196.92   0.18  99.40
dm-0              0.00     0.00 260.00 31.50 22816.00   126.00   157.41  1418.23 6829.90   2.80  81.65
dm-0              0.00     0.00 180.00  0.00 15522.00     0.00   172.47     0.22    1.20   1.01  18.20
dm-0              0.00     0.00  0.50 21.00     4.00    84.00     8.19     0.02    0.84   0.02   0.05
dm-0              0.00     0.00 177.00  0.00  5204.00     0.00    58.80    13.17   74.23   3.61  63.95
dm-0              0.00     0.00 172.00 14.50  7396.00    58.00    79.94    16.52   77.48   3.83  71.40
dm-0              0.00     0.00 406.50 39.50 28856.00   158.00   130.11    31.21   72.52   2.23  99.60
dm-0              0.00     0.00 486.57  1.49 31259.70     5.97   128.12    40.14   72.30   2.04  99.60
dm-0              0.00     0.00 433.50 23.00 34642.00    92.00   152.18    45.12   99.50   2.19 100.10
dm-0              0.00     0.00 393.00  0.50 35934.00     2.00   182.65    35.61  102.24   2.53  99.45
dm-0              0.00     0.00 374.07 130.56 33014.81   522.22   132.92    25.89   52.98   1.75  88.33
dm-0              0.00     0.00 371.00 15.50 32114.00    62.00   166.50    28.93   69.93   2.52  97.40
dm-0              0.00     0.00 331.50  0.00 27080.00     0.00   163.38    33.64  104.31   3.00  99.30
dm-0              0.00     0.00 283.25 142.36 23454.19   569.46   112.89    24.92   60.76   2.05  87.19
dm-0              0.00     0.00 445.50 42.00 38248.00   168.00   157.60    41.44   77.05   2.05 100.10
dm-0              0.00     0.00 385.37 76.10 34318.05   304.39   150.05    40.55   94.64   2.15  99.02
dm-0              0.00     0.00 398.50 53.50 35512.00   214.00   158.08    35.40   74.85   2.20  99.45
dm-0              0.00     0.00 472.00  0.00 40696.00     0.00   172.44    38.58   81.02   2.12 100.00
dm-0              0.00     0.00 397.00 85.00 34774.00   340.00   145.70    42.05   88.69   2.04  98.30
dm-0              0.00     0.00 443.00 15.00 37820.00    60.00   165.41    33.07   74.38   2.18 100.05
dm-0              0.00     0.00 500.50 34.50 44334.00   138.00   166.25    43.01   76.23   1.87 100.15
dm-0              0.00     0.00 408.00 19.00 35246.00    76.00   165.44    45.62  103.09   2.34 100.05
dm-0              0.00     0.00 393.53  0.00 28033.83     0.00   142.47    55.20  139.99   2.53  99.65
dm-0              0.00     0.00 431.22 73.17 38138.54   292.68   152.39    38.73   85.80   1.95  98.24
dm-0              0.00     0.00 431.98 32.99 38164.47   131.98   164.72    26.95   55.84   2.15 100.10
dm-0              0.00     0.00 486.00 64.00 40220.00   256.00   147.19    28.52   52.97   1.82 100.00
dm-0              0.00     0.00 439.00 51.50 38950.00   206.00   159.66    22.18   42.45   1.93  94.85
dm-0              0.00     0.00 459.70 27.36 41430.85   109.45   170.57    23.35   47.74   2.04  99.55
dm-0              0.00     0.00 440.50 95.50 37310.00   382.00   140.64    30.45   59.32   1.76  94.40
dm-0              0.00     0.00 476.00  0.00 42104.00     0.00   176.91    21.82   43.24   2.10 100.05
dm-0              0.00     0.00 519.50 111.50 34220.00   446.00   109.88    16.20   27.32   1.30  81.90
dm-0              0.00     0.00 574.50 26.00 42308.00   104.00   141.26    22.62   37.87   1.67 100.10
dm-0              0.00     0.00 450.00  0.50 39182.00     2.00   173.96    15.53   33.33   1.95  87.80
dm-0              0.00     0.00 495.02 27.86 42485.57   111.44   162.93    21.00   41.26   1.90  99.55
dm-0              0.00     0.00 382.00 29.50 34006.00   118.00   165.85     8.49   21.81   2.41  99.35
dm-0              0.00     0.00 342.50 22.50 29706.00    90.00   163.27     5.72   15.41   2.72  99.40
dm-0              0.00     0.00 265.50 62.50 22664.00   250.00   139.72     2.57    8.12   2.11  69.15
dm-0              0.00     0.00 164.50  0.00 14608.00     0.00   177.60     0.33    2.03   1.25  20.60
dm-0              0.00     0.00 129.50 22.00  3120.00    88.00    42.35     0.81    4.10   1.79  27.05
dm-0              0.00     0.00 372.00 29.50 23788.00   118.00   119.08    38.52   96.25   2.46  98.80
dm-0              0.00     0.00 357.71 41.29 30129.35   165.17   151.85    14.75   32.99   2.25  89.75
dm-0              0.00     0.00 401.00 89.00 34044.00   356.00   140.41    46.86   88.12   2.04 100.00
dm-0              0.00     0.00 355.00 77.50 28986.00   310.00   135.47    22.79   64.17   2.20  95.10
dm-0              0.00     0.00 412.87 64.85 34338.61   259.41   144.85    32.33   66.94   2.09  99.95
dm-0              0.00     0.00 276.26 179.29 19478.79   717.17    88.67    14.49   31.56   1.55  70.61
dm-0              0.00     0.00 449.00  5.50 35604.00    22.00   156.77    28.62   58.30   2.20 100.05
dm-0              0.00     0.00 405.50 134.00 32724.00   536.00   123.30    39.33   77.34   1.74  93.85
dm-0              0.00     0.00 411.50 62.00 34398.00   248.00   146.34    27.11   57.71   2.08  98.60
dm-0              0.00     0.00 397.50 39.50 32870.00   158.00   151.16    40.44   84.80   2.29 100.05
dm-0              0.00     0.00 403.50 40.00 32586.00   160.00   147.67    43.57  102.94   2.25 100.00
dm-0              0.00     0.00 396.00 14.00 31996.00    56.00   156.35    43.67   98.17   2.44 100.05
dm-0              0.00     0.00 294.03 75.12 25166.17   300.50   137.97    44.64  134.56   2.70  99.55
dm-0              0.00     0.00 313.00 10.50 22482.00    42.00   139.25    43.96  130.51   3.09 100.10
dm-0              0.00     0.00 411.50 83.50 35116.00   334.00   143.23    48.91   91.20   2.02 100.10
dm-0              0.00     0.00 476.62  0.50 39446.77     1.99   165.36    42.67   96.12   2.09  99.90
dm-0              0.00     0.00 378.50 50.00 32902.00   200.00   154.50    49.96  119.59   2.34 100.10
dm-0              0.00     0.00 364.50 50.00 32810.00   200.00   159.28    62.49  149.35   2.41 100.10
dm-0              0.00     0.00 449.00  0.00 36744.00     0.00   163.67    26.34   54.26   2.23  99.95
dm-0              0.00     0.00 404.50 39.00 36768.00   156.00   166.51    36.20   88.67   2.26 100.05
dm-0              0.00     0.00 457.00 28.50 40896.00   114.00   168.94    25.68   50.51   2.06 100.05
dm-0              0.00     0.00 490.55 35.32 41942.29   141.29   160.05    24.49   49.27   1.89  99.60
dm-0              0.00     0.00 472.50  0.00 40354.00     0.00   170.81    17.12   33.69   2.12 100.10
dm-0              0.00     0.00 414.50  0.00 38202.00     0.00   184.33    12.84   34.27   2.41 100.10
dm-0              0.00     0.00 328.50 28.00 28148.00   112.00   158.54     6.91   18.54   2.78  99.00
dm-0              0.00     0.00 269.00  0.00 22964.00     0.00   170.74     9.35   35.67   3.69  99.25
dm-0              0.00     0.00 276.50  0.00 23944.00     0.00   173.19     8.63   31.18   3.62 100.10
dm-0              0.00     0.00 254.00 13.50 21814.00    54.00   163.50     8.43   31.50   3.74 100.00
dm-0              0.00     0.00 151.00  0.00 10020.00     0.00   132.72     3.49   23.65   6.63 100.05
dm-0              0.00     0.00 149.25 58.71  8989.05   234.83    88.71     4.54   21.77   4.78  99.45
dm-0              0.00     0.00 178.50  0.00  3914.00     0.00    43.85     3.70   20.82   5.60 100.00
dm-0              0.00     0.00 137.50  0.00  1616.00     0.00    23.51     8.11   57.92   7.27  99.95
dm-0              0.00     0.00 211.00 102.50  9698.00   410.00    64.48    25.83   77.92   3.19 100.05
dm-0              0.00     0.00 186.50 80.00 13962.00   320.00   107.18    59.76  224.42   3.75 100.05
dm-0              0.00     0.00 241.00 57.00 19202.00   228.00   130.40    37.04  126.18   3.36 100.05
dm-0              0.00     0.00 255.00  0.00 18692.00     0.00   146.60    33.38  129.83   3.92 100.00
dm-0              0.00     0.00 284.50  0.00 17834.00     0.00   125.37    34.44  120.62   3.52 100.05
dm-0              0.00     0.00 346.50 36.00 23172.00   144.00   121.91    39.36   97.33   2.62 100.05
dm-0              0.00     0.00 432.50 62.00 33786.00   248.00   137.65   103.25  200.41   2.02 100.05
dm-0              0.00     0.00 424.88 42.79 34262.69   171.14   147.26    41.24   97.96   2.13  99.60
dm-0              0.00     0.00 456.50  0.00 37328.00     0.00   163.54    39.23   85.58   2.19 100.05
dm-0              0.00     0.00 444.00 25.00 38256.00   100.00   163.57    37.34   77.51   2.13 100.05
dm-0              0.00     0.00 447.00 33.00 37796.00   132.00   158.03    51.57  112.94   2.08 100.00
dm-0              0.00     0.00 430.50 21.00 38498.00    84.00   170.91    36.19   73.73   2.22 100.05
dm-0              0.00     0.00 437.00 36.50 36492.00   146.00   154.75    71.93  135.56   2.11 100.05
dm-0              0.00     0.00 465.00 20.50 41350.00    82.00   170.68    56.39  135.59   2.06 100.05
dm-0              0.00     0.00 492.50 25.00 43154.00   100.00   167.17    43.25   85.38   1.93 100.10
dm-0              0.00     0.00 294.53 51.24 24234.83   204.98   141.36    25.69   79.48   2.88  99.55
dm-0              0.00     0.00 391.50 68.00 35202.00   272.00   154.40    31.66   64.42   2.18 100.30
dm-0              0.00     0.00 382.00 70.50 34162.00   282.00   152.24    47.03  103.45   2.21 100.05
dm-0              0.00     0.00 401.00 35.50 34904.00   142.00   160.58    51.56  119.28   2.09  91.30
dm-0              0.00     0.00 404.50 14.50 35970.00    58.00   171.97    28.81   67.85   2.18  91.35
dm-0              0.00     0.00 410.00 53.50 36160.00   214.00   156.95    27.55   62.22   2.15  99.45
dm-0              0.00     0.00 420.50  0.00 38724.00     0.00   184.18    26.61   62.49   2.38 100.05
dm-0              0.00     0.00 448.76 24.88 39514.43    99.50   167.28    26.39   54.50   2.11  99.70
dm-0              0.00     0.00 400.00  0.50 35878.00     2.00   179.18    14.00   38.46   2.50 100.10
dm-0              0.00     0.00 403.50  0.00 34530.00     0.00   171.15     7.09   18.15   2.47  99.65
dm-0              0.00     0.00 403.00 44.50 34590.00   178.00   155.39     7.19   16.15   2.22  99.45
dm-0              0.00     0.00 203.00  0.00 17362.00     0.00   171.05     0.51    2.53   1.35  27.40
dm-0              0.00     0.00 195.00  0.00 17426.00     0.00   178.73     0.34    1.74   1.29  25.15
dm-0              0.00     0.00 308.00 25.00 15964.00   100.00    96.48    40.19  119.06   2.25  75.00
dm-0              0.00     0.00 594.00 50.00 37638.00   200.00   117.51    47.45   56.13   1.55 100.05
dm-0              0.00     0.00 492.04 31.84 39200.00   127.36   150.14    38.14   91.13   1.90  99.55
dm-0              0.00     0.00 448.50 26.50 37528.00   106.00   158.46    48.27  102.18   2.11 100.10
dm-0              0.00     0.00 454.00 71.50 37874.00   286.00   145.23    31.34   61.37   1.85  97.10
dm-0              0.00     0.00 392.50 56.50 35096.00   226.00   157.34    54.02  110.82   2.23 100.00
dm-0              0.00     0.00 438.50 21.50 38116.00    86.00   166.10    41.44   86.34   2.18 100.05
dm-0              0.00     0.00 450.50 34.50 40412.00   138.00   167.22    38.82   85.40   2.07 100.40
dm-0              0.00     0.00 465.50  0.00 41096.00     0.00   176.57    41.75   80.30   2.15 100.05
dm-0              0.00     0.00 394.03  0.00 35426.87     0.00   179.82    36.71  104.32   2.53  99.60
dm-0              0.00     0.00 440.50 24.50 37280.00    98.00   160.77    41.53   93.13   2.15 100.05
dm-0              0.00     0.00 439.50 21.50 38406.00    86.00   166.99    58.74  123.38   2.17 100.10
dm-0              0.00     0.00 406.50 38.50 33006.00   154.00   149.03    46.33  111.56   2.25 100.15
dm-0              0.00     0.00 415.00  0.00 37852.00     0.00   182.42    33.65   77.45   2.41 100.00
dm-0              0.00     0.00 442.00 20.00 39416.00    80.00   170.98    50.78  110.94   2.17 100.05
dm-0              0.00     0.00 413.00 62.00 37474.00   248.00   158.83    34.90   75.83   2.11 100.05
dm-0              0.00     0.00 391.00  0.00 35514.00     0.00   181.66    29.88   69.98   2.56 100.05
dm-0              0.00     0.00 487.56 67.66 41315.42   270.65   149.80    37.11   68.25   1.79  99.55
dm-0              0.00     0.00 299.50 78.50 26112.00   314.00   139.82    30.22   85.19   2.00  75.70
dm-0              0.00     0.00 441.00 44.00 39748.00   176.00   164.64    17.59   35.31   2.06 100.10
dm-0              0.00     0.00 373.50 50.00 33344.00   200.00   158.41    13.21   33.87   2.34  99.05
dm-0              0.00     0.00 310.00  0.50 27284.00     2.00   175.76     3.94   12.72   2.87  89.00
dm-0              0.00     0.00 163.00  0.00 13036.00     0.00   159.95     0.75    4.60   2.22  36.25
dm-0              0.00     0.00 139.00 93.00  4378.00   372.00    40.95    18.00   77.60   2.02  46.75
dm-0              0.00     0.00 387.50 23.50 35610.00    94.00   173.74    21.60   49.04   2.07  85.20
dm-0              0.00     0.00 547.50 36.00 41440.00   144.00   142.53    46.71   75.93   1.71 100.05
dm-0              0.00     0.00 455.50  0.00 38510.00     0.00   169.09    33.14   75.46   2.20 100.05
dm-0              0.00     0.00 384.08  0.00 31303.48     0.00   163.01    32.19   74.55   2.59  99.60
dm-0              0.00     0.00 411.50 20.00 33682.00    80.00   156.49    44.70   96.31   2.32 100.05
dm-0              0.00     0.00 397.50  0.00 35406.00     0.00   178.14    33.22  100.84   2.52 100.05
dm-0              0.00     0.00 393.00 40.50 36242.00   162.00   167.95    33.23   77.12   2.31 100.00
dm-0              0.00     0.00 381.50 17.00 33166.00    68.00   166.80    37.34   91.30   2.51 100.05
dm-0              0.00     0.00 392.00  0.00 35602.00     0.00   181.64    24.98   66.05   2.55 100.05
dm-0              0.00     0.00 425.50 30.00 36178.00   120.00   159.38    50.98   89.34   2.20 100.05
dm-0              0.00     0.00 367.50 37.00 29028.00   148.00   144.26    64.63  185.30   2.47 100.05
dm-0              0.00     0.00 390.55 55.22 30632.84   220.90   138.43    80.48  155.76   2.24  99.65
dm-0              0.00     0.00 344.50  0.00 30098.00     0.00   174.73    58.10  194.41   2.90 100.05
dm-0              0.00     0.00 382.00 21.00 33054.00    84.00   164.46    46.96  115.51   2.48 100.05
dm-0              0.00     0.00 430.50 58.00 38134.00   232.00   157.08    44.84   98.06   2.05 100.15
dm-0              0.00     0.00 418.00  0.00 36132.00     0.00   172.88    33.22   74.06   2.40 100.40
dm-0              0.00     0.00 404.00 47.50 36996.00   190.00   164.72    35.19   85.67   2.22 100.05
dm-0              0.00     0.00 440.00  0.00 39912.00     0.00   181.42    23.91   53.34   2.27 100.05
dm-0              0.00     0.00 394.53  0.00 36821.89     0.00   186.66    22.51   57.51   2.52  99.60
dm-0              0.00     0.00 342.00 37.50 29098.00   150.00   154.14    17.43   47.38   2.64 100.10
dm-0              0.00     0.00 354.50  0.00 31456.00     0.00   177.47     9.20   26.45   2.82 100.05
dm-0              0.00     0.00 333.50 35.50 29136.00   142.00   158.69     8.14   22.14   2.71  99.85
dm-0              0.00     0.00 281.00  0.00 25282.00     0.00   179.94     3.89   13.25   3.43  96.50
dm-0              0.00     0.00 148.50  0.00 10916.00     0.00   147.02     2.06   14.46   3.56  52.85
dm-0              0.00     0.00 179.50 43.50  7224.00   174.00    66.35    30.56  124.92   4.27  95.15
dm-0              0.00     0.00 209.00  0.00 18308.00     0.00   175.20    32.73  162.69   4.79 100.05
dm-0              0.00     0.00 332.84 75.12 28473.63   300.50   141.06    51.30  101.83   2.44  99.65
dm-0              0.00     0.00 263.50 35.50 23234.00   142.00   156.36    44.85  182.85   3.35 100.10
dm-0              0.00     0.00 341.00  0.00 28208.00     0.00   165.44    36.91  104.11   2.93 100.05
dm-0              0.00     0.00 361.50 30.50 32572.00   122.00   166.81    53.80  124.92   2.55 100.05
dm-0              0.00     0.00 445.00 14.50 39504.00    58.00   172.20    35.78   92.91   2.18 100.05
dm-0              0.00     0.00 414.50 17.00 37666.00    68.00   174.90    29.86   57.14   2.32 100.05
dm-0              0.00     0.00 364.50 20.00 32944.00    80.00   171.78    38.69  103.62   2.60 100.05
dm-0              0.00     0.00 444.50  0.00 38434.00     0.00   172.93    35.78   86.57   2.25 100.05
dm-0              0.00     0.00 424.88 31.34 35331.34   125.37   155.44    73.68  143.25   2.18  99.55
dm-0              0.00     0.00 406.50  0.00 33424.00     0.00   164.45    66.98  163.93   2.46 100.20
dm-0              0.00     0.00 398.50  0.00 34476.00     0.00   173.03    44.43  114.48   2.51 100.05
dm-0              0.00     0.00 417.00 73.50 36694.00   294.00   150.82    47.10  104.58   2.04 100.00
dm-0              0.00     0.00 437.00  0.00 39192.00     0.00   179.37    31.83   75.93   2.29 100.05
dm-0              0.00     0.00 345.50 40.50 29832.00   162.00   155.41    49.25  128.55   2.59 100.10
dm-0              0.00     0.00 344.50 22.00 30540.00    88.00   167.14    45.41  114.37   2.73 100.05
dm-0              0.00     0.00 346.27 26.87 28931.34   107.46   155.65    48.01  132.66   2.67  99.65
dm-0              0.00     0.00 373.00 41.50 33430.00   166.00   162.10    40.70  107.46   2.41 100.05
dm-0              0.00     0.00 389.00  0.00 34804.00     0.00   178.94    30.53   74.14   2.57 100.10
dm-0              0.00     0.00 335.50 37.00 30308.00   148.00   163.52    32.85   96.02   2.69 100.05
dm-0              0.00     0.00 360.00  0.00 31238.00     0.00   173.54    29.72   79.56   2.78 100.00
dm-0              0.00     0.00 252.00  0.00 22968.00     0.00   182.29    25.47  104.34   3.97 100.05
dm-0              0.00     0.00 295.00 38.00 26264.00   152.00   158.65    22.51   68.49   3.01 100.10
dm-0              0.00     0.00 230.00  0.00 17756.00     0.00   154.40    20.57   85.59   4.35 100.05
dm-0              0.00     0.00 216.50 43.00 18404.00   172.00   143.17    19.55   80.26   3.86 100.05
dm-0              0.00     0.00 231.84  0.00 18362.19     0.00   158.40    13.07   55.62   4.29  99.55
dm-0              0.00     0.00 244.50 22.50 19480.00    90.00   146.59    15.43   57.75   3.75 100.05
dm-0              0.00     0.00 231.50  0.00 19168.00     0.00   165.60    10.70   47.19   4.33 100.15
dm-0              0.00     0.00 248.00 31.50 21520.00   126.00   154.89     9.15   33.09   3.58 100.00
dm-0              0.00     0.00 274.00  0.00 24344.00     0.00   177.69     5.50   20.12   3.38  92.55
dm-0              0.00     0.00 182.00  0.00 15762.00     0.00   173.21     1.68    9.09   3.45  62.80
dm-0              0.00     0.00 122.00 29.00  6456.00   116.00    87.05    14.94   66.24   2.79  42.20
dm-0              0.00     0.00 267.50  0.00 16674.00     0.00   124.67    33.88  142.13   3.74 100.05
dm-0              0.00     0.00 339.30 58.71 25253.73   234.83   128.08    48.36   63.19   2.50  99.60
dm-0              0.00     0.00 437.50 53.00 31608.00   212.00   129.75    76.82  198.39   2.04 100.10
dm-0              0.00     0.00 448.50 46.50 34488.00   186.00   140.10    46.26   95.61   2.02 100.05
dm-0              0.00     0.00 384.50 36.00 31170.00   144.00   148.94    51.09  117.36   2.38 100.00
dm-0              0.00     0.00 434.50 30.00 34520.00   120.00   149.15    46.54   91.31   2.15 100.05
dm-0              0.00     0.00 399.50 32.50 34340.00   130.00   159.58    52.98  137.18   2.32 100.10
dm-0              0.00     0.00 365.00 61.50 32558.00   246.00   153.83    54.49  119.14   2.35 100.05
dm-0              0.00     0.00 385.50  0.00 34764.00     0.00   180.36    30.91   83.68   2.60 100.05
dm-0              0.00     0.00 389.55 31.84 34334.33   127.36   163.56    50.64  117.65   2.36  99.60
dm-0              0.00     0.00 416.50  0.00 33644.00     0.00   161.56    64.41  135.78   2.40 100.05
dm-0              0.00     0.00 401.00 61.50 36626.00   246.00   159.45    82.48  202.50   2.16 100.05
dm-0              0.00     0.00 395.50 33.00 33016.00   132.00   154.72    45.64  107.02   2.33 100.00
dm-0              0.00     0.00 360.00 17.50 32402.00    70.00   172.04    43.07  108.09   2.65 100.05
dm-0              0.00     0.00 383.00 31.50 32104.00   126.00   155.51    47.38  120.64   2.41 100.05
dm-0              0.00     0.00 427.50 16.50 37948.00    66.00   171.23    39.76   82.26   2.25 100.10
dm-0              0.00     0.00 417.50 14.00 37626.00    56.00   174.66    40.93  101.73   2.32 100.05
dm-0              0.00     0.00 393.00 74.00 35672.00   296.00   154.04    41.58   87.50   2.10  97.95
dm-0              0.00     0.00 335.32  0.00 30338.31     0.00   180.95    24.79   80.00   2.93  98.41
dm-0              0.00     0.00 317.50 45.00 28176.00   180.00   156.45    28.10   78.00   2.74  99.15
dm-0              0.00     0.00 290.00  0.00 25752.00     0.00   177.60    22.48   76.80   3.45 100.10
dm-0              0.00     0.00 342.00  0.00 31646.00     0.00   185.06    19.18   56.60   2.92 100.00
dm-0              0.00     0.00 365.50 33.50 33128.00   134.00   166.73    21.35   52.91   2.51 100.15
dm-0              0.00     0.00 269.50  0.00 24554.00     0.00   182.22    14.51   56.17   3.71 100.05
dm-0              0.00     0.00 258.71 43.28 24019.90   173.13   160.22     7.94   26.43   3.29  99.45
dm-0              0.00     0.00 207.00  0.00 11250.00     0.00   108.70    17.69   75.62   3.18  65.75
dm-0              0.00     0.00 269.50  0.00 21362.00     0.00   158.53    21.57   82.53   3.71 100.05
dm-0              0.00     0.00 405.00 97.00 34676.00   388.00   139.70    55.34   84.90   1.99 100.05
dm-0              0.00     0.00 436.00  0.00 37756.00     0.00   173.19    43.75  130.62   2.29 100.05
dm-0              0.00     0.00 369.50 29.00 34812.00   116.00   175.30    31.54   81.42   2.21  87.90
dm-0              0.00     0.00 429.50  0.00 36614.00     0.00   170.50    34.79   60.99   2.21  95.00
dm-0              0.00     0.00 465.00  0.00 40640.00     0.00   174.80    46.10   98.72   2.15 100.05
dm-0              0.00     0.00 474.00 47.50 41926.00   190.00   161.52    46.80   90.13   1.92 100.05
dm-0              0.00     0.00 382.09 63.18 34398.01   252.74   155.64    40.53  108.10   2.24  99.60
dm-0              0.00     0.00 438.50 44.50 38156.00   178.00   158.73    42.12   83.12   2.07 100.05
dm-0              0.00     0.00 414.00 12.50 35640.00    50.00   167.36    45.56  100.97   2.35 100.05
dm-0              0.00     0.00 420.00  0.00 32644.00     0.00   155.45    63.91  149.95   2.38 100.00
dm-0              0.00     0.00 385.00 45.00 33734.00   180.00   157.74    61.14  142.93   2.33 100.10
dm-0              0.00     0.00 389.50  0.00 34674.00     0.00   178.04    43.45  118.11   2.57 100.05
dm-0              0.00     0.00 350.00 19.00 31394.00    76.00   170.57    60.60  150.78   2.71 100.05
dm-0              0.00     0.00 469.50 27.50 40464.00   110.00   163.28    46.11  102.74   2.00  99.30
dm-0              0.00     0.00 376.12  0.00 34925.37     0.00   185.71    31.94   89.72   2.65  99.60
dm-0              0.00     0.00 395.00 36.00 31780.00   144.00   148.14    45.87  102.98   2.32 100.05
dm-0              0.00     0.00 370.00  0.00 34238.00     0.00   185.07    32.87   88.55   2.70 100.05
dm-0              0.00     0.00 423.00  0.00 36924.00     0.00   174.58    27.21   69.21   2.36 100.00
dm-0              0.00     0.00 403.00 39.00 35074.00   156.00   159.41    32.30   72.29   2.26 100.05
dm-0              0.00     0.00 400.50  0.00 37238.00     0.00   185.96    25.26   65.58   2.50 100.15
dm-0              0.00     0.00 403.00 103.50 37134.00   414.00   148.26    31.62   57.24   1.98 100.05
dm-0              0.00     0.00 365.00 33.00 30254.00   132.00   152.69    20.55   58.47   2.46  97.95
dm-0              0.00     0.00 257.21  0.00 22003.98     0.00   171.09     8.93   35.67   3.87  99.60
dm-0              0.00     0.00 274.00 77.00 20106.00   308.00   116.32    12.55   33.30   2.85 100.10
dm-0              0.00     0.00 270.00 11.50 22106.00    46.00   157.39     6.96   27.88   3.55 100.00
dm-0              0.00     0.00 310.50  0.00 25628.00     0.00   165.08     8.24   26.83   3.22 100.00
dm-0              0.00     0.00 234.00 33.00 20564.00   132.00   155.03     3.37   12.84   3.50  93.55
dm-0              0.00     0.00 170.00  0.00 10840.00     0.00   127.53     3.54   17.51   2.95  50.20
dm-0              0.00     0.00 279.00 58.00 15938.00   232.00    95.96    58.81  148.65   2.97 100.05
dm-0              0.00     0.00 310.50 31.00 22754.00   124.00   133.99    39.99  138.99   2.93 100.05
dm-0              0.00     0.00 389.05  0.00 27192.04     0.00   139.79    35.12   90.58   2.56  99.65
dm-0              0.00     0.00 435.50 17.00 33736.00    68.00   149.41    41.96   87.45   2.21 100.15
dm-0              0.00     0.00 385.00  0.50 32328.00     2.00   167.73    38.85  111.32   2.46  94.70
dm-0              0.00     0.00 307.50  0.00 27942.00     0.00   181.74    24.10   64.83   2.75  84.45
dm-0              0.00     0.00 409.45 46.27 35397.01   185.07   156.16    50.31  103.15   2.19  99.60
dm-0              0.00     0.00 384.50  8.50 35724.00    34.00   181.97    34.28   98.19   2.54 100.00
dm-0              0.00     0.00 430.00  9.50 39244.00    38.00   178.76    34.41   76.01   2.28 100.05
dm-0              0.00     0.00 407.50 20.00 36880.00    80.00   172.91    35.58   91.23   2.34 100.05
dm-0              0.00     0.00 406.50 13.50 33142.00    54.00   158.08    44.81   97.41   2.38 100.10
dm-0              0.00     0.00 355.50 61.50 29480.00   246.00   142.57    63.71  145.87   2.40 100.05
dm-0              0.00     0.00 409.00 13.00 35400.00    52.00   168.02    54.00  130.58   2.37 100.05
dm-0              0.00     0.00 422.50 46.50 37386.00   186.00   160.22    38.93   86.54   2.13 100.00
dm-0              0.00     0.00 349.50 26.50 31054.00   106.00   165.74    37.38   98.55   2.65  99.60
dm-0              0.00     0.00 423.88  0.00 37655.72     0.00   177.67    40.80  101.47   2.35  99.65
dm-0              0.00     0.00 445.00 28.50 39070.00   114.00   165.51    43.07   90.00   2.12 100.15
dm-0              0.00     0.00 432.00  0.00 36876.00     0.00   170.72    31.69   73.98   2.32 100.05
dm-0              0.00     0.00 405.00  0.00 36144.00     0.00   178.49    31.52   82.34   2.47 100.10
dm-0              0.00     0.00 383.50 29.00 34406.00   116.00   167.38    37.60   88.00   2.43 100.05
dm-0              0.00     0.00 442.50  0.00 38020.00     0.00   171.84    36.89   85.93   2.26 100.05
dm-0              0.00     0.00 364.00 34.00 34184.00   136.00   172.46    30.64   76.28   2.51 100.00
dm-0              0.00     0.00 366.67  0.00 33293.53     0.00   181.60    13.49   40.72   2.72  99.55
dm-0              0.00     0.00 215.50  0.00 17694.00     0.00   164.21     1.61    8.24   2.88  62.10
dm-0              0.00     0.00 165.50 56.50 14356.00   226.00   131.37     2.34   10.53   1.74  38.60
dm-0              0.00     0.00 328.00  0.00 18104.00     0.00   110.39    36.08  107.72   2.94  96.35
dm-0              0.00     0.00 337.00 83.50 27134.00   334.00   130.64    48.13   71.32   2.38 100.10
dm-0              0.00     0.00 265.50  8.50 23490.00    34.00   171.71    56.85  270.93   3.65 100.05
dm-0              0.00     0.00 384.50  0.00 33884.00     0.00   176.25    35.55   87.78   2.60 100.05
dm-0              0.00     0.00 485.00 50.50 39606.00   202.00   148.68    49.19   94.93   1.87 100.05
dm-0              0.00     0.00 441.00 17.00 38356.00    68.00   167.79    43.47   87.17   2.18 100.05
dm-0              0.00     0.00 422.50 11.50 37376.00    46.00   172.45    38.05   72.27   2.30 100.00
dm-0              0.00     0.00 418.91 21.89 33882.59    87.56   154.13    39.72  111.62   2.04  89.90
dm-0              0.00     0.00 414.00  0.00 34698.00     0.00   167.62    30.92   73.93   2.42 100.10
dm-0              0.00     0.00 437.00 21.50 39244.00    86.00   171.56    44.38   95.52   2.18 100.15
dm-0              0.00     0.00 449.00  0.00 37076.00     0.00   165.15    43.91   78.63   2.23 100.05
dm-0              0.00     0.00 402.00 21.50 32014.00    86.00   151.59    58.45  133.70   2.36 100.00
dm-0              0.00     0.00 449.50  0.50 36862.00     2.00   163.84    64.05  144.09   2.22 100.10
dm-0              0.00     0.00 417.41 21.39 37564.18    85.57   171.60    52.03  144.98   2.27  99.65
dm-0              0.00     0.00 438.00 83.00 36126.00   332.00   139.95    46.43   89.71   1.92 100.05
dm-0              0.00     0.00 392.00 16.00 37106.00    64.00   182.21    33.22   79.57   2.45 100.05
dm-0              0.00     0.00 479.00 113.50 41658.00   454.00   142.15    36.89   62.64   1.69  99.85
dm-0              0.00     0.00 466.50 16.00 42876.00    64.00   177.99    28.12   60.22   2.07 100.10
dm-0              0.00     0.00 446.50 27.00 41258.00   108.00   174.72    22.99   46.99   2.11 100.05
dm-0              0.00     0.00 467.50 41.50 40984.00   166.00   161.69    20.75   42.82   1.97 100.05
dm-0              0.00     0.00 503.50  0.00 45236.00     0.00   179.69    15.37   29.89   1.99 100.10
dm-0              0.00     0.00 442.29 31.84 38218.91   127.36   161.75    13.93   24.83   2.10  99.50
dm-0              0.00     0.00 362.50  0.50 26650.00     2.00   146.84    10.18   35.24   2.76 100.05
dm-0              0.00     0.00 233.00  0.00 20514.00     0.00   176.09     1.76    7.87   2.57  59.80
dm-0              0.00     0.00 187.00 39.00 16530.00   156.00   147.66     2.10    9.30   1.24  28.10
dm-0              0.00     0.00 236.50  0.00 11934.00     0.00   100.92    28.89  115.64   2.09  49.35
dm-0              0.00     0.00 397.50  0.00 32322.00     0.00   162.63    27.81   71.15   2.52 100.05
dm-0              0.00     0.00 559.00 82.00 36544.00   328.00   115.05    67.85   83.10   1.56 100.00
dm-0              0.00     0.00 448.50  0.00 33826.00     0.00   150.84    39.02  115.65   2.23 100.05
dm-0              0.00     0.00 413.00 36.50 36426.00   146.00   162.72    38.35   76.52   2.23 100.05
dm-0              0.00     0.00 436.00 43.50 38688.00   174.00   162.09    44.07   98.82   2.09 100.05
dm-0              0.00     0.00 393.53 35.82 35114.43   143.28   164.24    39.46   95.91   2.32  99.55
dm-0              0.00     0.00 437.50 32.50 37390.00   130.00   159.66    37.83   76.42   2.13 100.05
dm-0              0.00     0.00 441.00  0.50 40016.00     2.00   181.28    31.50   76.45   2.27 100.10
dm-0              0.00     0.00 444.50 43.00 39404.00   172.00   162.36    47.46   91.43   2.05 100.05
dm-0              0.00     0.00 380.00  0.00 32068.00     0.00   168.78    45.67  118.65   2.63 100.05
dm-0              0.00     0.00 317.50 24.50 22556.00    98.00   132.48    51.41  129.66   2.76  94.50
dm-0              0.00     0.00 453.50  0.00 35042.00     0.00   154.54    59.78  148.97   2.21 100.10
dm-0              0.00     0.00 350.00 33.00 30836.00   132.00   161.71    47.45  121.86   2.59  99.10
dm-0              0.00     0.00 445.27 34.33 41241.79   137.31   172.56    52.57   94.97   2.08  99.65
dm-0              0.00     0.00 443.00  7.50 38920.00    30.00   172.92    52.94  136.49   2.22 100.05
dm-0              0.00     0.00 389.50 40.50 35026.00   162.00   163.67    45.41   98.77   2.33 100.10
dm-0              0.00     0.00 431.00  0.00 38472.00     0.00   178.52    41.92  108.61   2.32 100.05
dm-0              0.00     0.00 467.50 38.50 41418.00   154.00   164.32    40.30   79.35   1.98 100.00
dm-0              0.00     0.00 403.00 20.00 38110.00    80.00   180.57    32.70   71.39   2.37 100.05
dm-0              0.00     0.00 381.00 41.00 33630.00   164.00   160.16    29.28   77.94   2.37  99.85
dm-0              0.00     0.00 368.00 50.00 33754.00   200.00   162.46    26.20   62.31   2.39 100.05
dm-0              0.00     0.00 423.00 28.00 36944.00   112.00   164.33    25.88   58.19   2.22 100.05
dm-0              0.00     0.00 376.12 53.23 33194.03   212.94   155.62    18.20   41.72   2.32  99.60
dm-0              0.00     0.00 362.50  0.00 32526.00     0.00   179.45    11.65   33.23   2.75  99.70
dm-0              0.00     0.00 370.00  0.00 30736.00     0.00   166.14    12.62   33.40   2.70 100.05
dm-0              0.00     0.00 343.50 23.00 30074.00    92.00   164.62    10.20   28.35   2.73 100.05
dm-0              0.00     0.00 331.50  0.00 24632.00     0.00   148.61    10.45   31.90   3.02 100.00
dm-0              0.00     0.00 371.00 27.50 31890.00   110.00   160.60     7.94   19.86   2.47  98.50
dm-0              0.00     0.00 291.00  0.00 21504.00     0.00   147.79     7.96   18.76   2.97  86.55
dm-0              0.00     0.00 406.00  0.00 24918.00     0.00   122.75    23.32   61.95   2.46 100.05
dm-0              0.00     0.00 562.19 79.10 34614.93   316.42   108.94    48.96   74.15   1.55  99.55
dm-0              0.00     0.00 431.00 64.50 38076.00   258.00   154.73    73.42   92.60   2.02 100.10
dm-0              0.00     0.00 383.00 10.50 34148.00    42.00   173.77    52.22  195.54   2.54 100.05
dm-0              0.00     0.00 429.50 19.50 37706.00    78.00   168.30    42.95  102.88   2.23 100.00
dm-0              0.00     0.00 458.50 64.00 40840.00   256.00   157.31    35.09   69.95   1.91 100.05
dm-0              0.00     0.00 464.50 63.00 40432.00   252.00   154.25    48.80   83.09   1.90 100.05
dm-0              0.00     0.00 432.50 20.50 39448.00    82.00   174.53    35.81   83.22   2.21 100.05
dm-0              0.00     0.00 454.50 22.00 39440.00    88.00   165.91    43.37   93.65   2.10 100.05
dm-0              0.00     0.00 414.00 36.50 37856.00   146.00   168.71    29.81   63.91   2.01  90.60
dm-0              0.00     0.00 436.82  0.00 37162.19     0.00   170.15    51.73  115.38   2.28  99.60
dm-0              0.00     0.00 429.00 37.50 36744.00   150.00   158.17    51.68  108.70   2.16 100.55
dm-0              0.00     0.00 411.50  0.00 35646.00     0.00   173.25    47.52  116.12   2.43 100.00
dm-0              0.00     0.00 448.50  4.50 39278.00    18.00   173.49    47.44  108.35   2.21 100.05
dm-0              0.00     0.00 410.00 37.50 37512.00   150.00   168.32    37.28   83.06   2.24 100.05
dm-0              0.00     0.00 452.50  0.00 37888.00     0.00   167.46    27.21   64.26   2.21 100.05
dm-0              0.00     0.00 453.50 61.50 40472.00   246.00   158.13    29.04   56.30   1.94 100.05
dm-0              0.00     0.00 483.00 24.00 42624.00    96.00   168.52    24.96   51.73   1.97 100.10
dm-0              0.00     0.00 443.78 80.60 40051.74   322.39   153.99    21.22   41.08   1.90  99.60
dm-0              0.00     0.00 400.50 73.00 35986.00   292.00   153.23    14.83   30.81   2.11 100.05
dm-0              0.00     0.00 396.00  0.00 35986.00     0.00   181.75     9.89   25.81   2.53 100.05
dm-0              0.00     0.00 376.50 35.00 33236.00   140.00   162.22     7.86   18.93   2.43  99.95
dm-0              0.00     0.00 210.00  0.00 19340.00     0.00   184.19     1.36    6.92   2.45  51.45
dm-0              0.00     0.00 186.00  0.00 16898.00     0.00   181.70     0.31    1.68   1.30  24.15
dm-0              0.00     0.00 264.50 28.50 11838.00   114.00    81.58    37.21  124.79   2.07  60.75
dm-0              0.00     0.00 413.50  0.00 32578.00     0.00   157.57    27.86   66.73   2.42 100.10
dm-0              0.00     0.00 453.23 38.81 40758.21   155.22   166.30    28.22   52.53   2.02  99.60
dm-0              0.00     0.00 470.50  0.00 40932.00     0.00   173.99    40.35   90.76   2.13 100.15
dm-0              0.00     0.00 414.50  0.00 36914.00     0.00   178.11    27.99   61.32   2.41 100.10
dm-0              0.00     0.00 393.00 22.00 33010.00    88.00   159.51    51.58  112.36   2.41 100.00
dm-0              0.00     0.00 395.00  0.00 35356.00     0.00   179.02    40.88  108.95   2.53 100.05
dm-0              0.00     0.00 396.50 25.00 35030.00   100.00   166.69    37.29   96.43   2.37 100.05
dm-0              0.00     0.00 433.50  0.00 37396.00     0.00   172.53    46.80  109.04   2.31 100.05
dm-0              0.00     0.00 413.93 27.86 36825.87   111.44   167.22    36.90   78.83   2.25  99.60
dm-0              0.00     0.00 433.00 80.00 35870.00   320.00   141.09    73.40  139.56   1.95 100.10
dm-0              0.00     0.00 214.50  6.00 15854.00    24.00   144.02    37.16  197.50   4.53  99.90
dm-0              0.00     0.00 354.00 40.50 28540.00   162.00   145.51    61.03  131.26   2.54 100.10
dm-0              0.00     0.00 395.00  0.00 32712.00     0.00   165.63    63.14  166.46   2.53 100.00
dm-0              0.00     0.00 426.00 30.00 36194.00   120.00   159.27    51.18  123.03   2.19 100.05
dm-0              0.00     0.00 404.00 59.50 36108.00   238.00   156.83    57.78  114.55   2.16 100.05
dm-0              0.00     0.00 465.50  0.00 39144.00     0.00   168.18    59.26  117.87   2.15 100.05
dm-0              0.00     0.00 434.83  0.00 38491.54     0.00   177.04    45.75  126.42   2.29  99.55
dm-0              0.00     0.00 403.50 25.50 36804.00   102.00   172.06    34.22   75.93   2.33 100.10
dm-0              0.00     0.00 429.50 32.50 39202.00   130.00   170.27    25.06   56.02   2.17 100.05
dm-0              0.00     0.00 419.00 43.00 38358.00   172.00   166.80    20.93   48.65   2.16 100.00
dm-0              0.00     0.00 491.00  0.00 45010.00     0.00   183.34    13.81   29.52   2.04 100.05
dm-0              0.00     0.00 388.50  0.00 34918.00     0.00   179.76     9.66   25.10   2.58 100.05
dm-0              0.00     0.00 314.50 48.50 26892.00   194.00   149.23     4.55   12.61   2.68  97.35
dm-0              0.00     0.00 228.00  0.00 20238.00     0.00   177.53     1.17    5.14   2.25  51.20
dm-0              0.00     0.00 207.50 21.50 15748.00    86.00   138.29     1.06    4.60   1.48  33.80
dm-0              0.00     0.00 212.94  0.00 12431.84     0.00   116.77    12.86   38.41   1.65  35.07
dm-0              0.00     0.00 10.50  0.00   536.00     0.00   102.10     3.77  806.52  12.14  12.75
dm-0              0.00     0.00 293.00 107.00 29520.00   428.00   149.74    18.50   41.94   1.95  77.95
dm-0              0.00     0.00 441.00  0.00 36048.00     0.00   163.48    36.73   80.16   2.27 100.00
dm-0              0.00     0.00 484.00 42.50 34210.00   170.00   130.60    51.48   95.00   1.90 100.05
dm-0              0.00     0.00 477.50 17.00 40534.00    68.00   164.21    42.53   82.02   2.02 100.10
dm-0              0.00     0.00 419.50  0.00 33664.00     0.00   160.50    51.55  120.62   2.38 100.05
dm-0              0.00     0.00 437.31 35.32 35345.27   141.29   150.16    39.41   91.81   2.11  99.65
dm-0              0.00     0.00 443.00  0.00 36874.00     0.00   166.47    42.82   95.48   2.26 100.10
dm-0              0.00     0.00 398.00 28.50 36462.00   114.00   171.52    41.08   91.01   2.35 100.05
dm-0              0.00     0.00 423.00  0.50 35534.00     2.00   167.82    44.65  115.95   2.36 100.15
dm-0              0.00     0.00 447.50 20.50 36514.00    82.00   156.39    59.88  123.44   2.14 100.05
dm-0              0.00     0.00 309.50 36.50 27762.00   146.00   161.32    48.49  140.04   2.53  87.50
dm-0              0.00     0.00 450.75  0.00 37990.05     0.00   168.57    45.62  104.12   2.21  99.60
dm-0              0.00     0.00 467.00 47.50 43220.00   190.00   168.75    45.37   90.21   1.94 100.05
dm-0              0.00     0.00 428.50 34.00 38108.00   136.00   165.38    48.53   96.29   2.17 100.20
dm-0              0.00     0.00 441.50 35.50 40174.00   142.00   169.04    48.90  109.83   2.10 100.10
dm-0              0.00     0.00 412.00 27.50 37836.00   110.00   172.68    53.48  114.64   2.28 100.05
dm-0              0.00     0.00 459.00 16.50 41102.00    66.00   173.16    38.49   82.29   2.10 100.05
dm-0              0.00     0.00 435.32 44.78 39986.07   179.10   167.32    39.30   88.21   2.07  99.55
dm-0              0.00     0.00 428.50  0.50 40204.00     2.00   187.44    32.93   77.65   2.33 100.05
dm-0              0.00     0.00 452.50  0.00 39976.00     0.00   176.69    24.92   50.41   2.21 100.05
dm-0              0.00     0.00 430.00 53.50 39854.00   214.00   165.74    14.86   36.92   2.07 100.05
dm-0              0.00     0.00 345.00  0.00 31506.00     0.00   182.64     7.07   20.64   2.90 100.10
dm-0              0.00     0.00 343.50 32.50 28950.00   130.00   154.68     6.96   18.91   2.64  99.20
dm-0              0.00     0.00 275.00  0.00 21422.00     0.00   155.80     9.56   34.63   3.64 100.05
dm-0              0.00     0.00 295.00  0.00 24702.00     0.00   167.47     4.83   16.47   3.39 100.05
dm-0              0.00     0.00 310.00 25.50 26522.00   102.00   158.71     7.17   21.10   2.98 100.00
dm-0              0.00     0.00 256.00  0.00 12634.00     0.00    98.70    14.12   20.52   3.91 100.00
dm-0              0.00     0.00 332.34 61.69 20863.68   246.77   107.15    36.88  114.72   2.54  99.90
dm-0              0.00     0.00 523.00 42.50 34042.00   170.00   121.00    37.33   60.46   1.77 100.05
dm-0              0.00     0.00 447.00 60.00 37510.00   240.00   148.92    53.29   99.16   1.98 100.15
dm-0              0.00     0.00 419.50 58.00 34144.00   232.00   143.98    53.73  120.56   2.10 100.05
dm-0              0.00     0.00 469.00 22.00 40512.00    88.00   165.38    41.34   77.11   2.04 100.20
dm-0              0.00     0.00 420.00  0.00 36252.00     0.00   172.63    30.25   81.16   2.38 100.05
dm-0              0.00     0.00 392.54 66.17 34103.48   264.68   149.85    58.09  118.07   2.17  99.50
dm-0              0.00     0.00 444.00  0.00 38286.00     0.00   172.46    40.42   98.17   2.25 100.05
dm-0              0.00     0.00 397.50 39.00 34772.00   156.00   160.04    42.35   94.78   2.29 100.05
dm-0              0.00     0.00 431.00  0.00 36842.00     0.00   170.96    43.32  105.33   2.32 100.05
dm-0              0.00     0.00 387.00  0.00 32008.00     0.00   165.42    48.05  101.18   2.59 100.10
dm-0              0.00     0.00 276.50 30.50 20490.00   122.00   134.28    40.12  166.41   3.26 100.05
dm-0              0.00     0.00 257.00  0.00 18162.00     0.00   141.34    35.16  120.87   3.89  99.85
dm-0              0.00     0.00 388.56 34.83 30593.03   139.30   145.18    58.74  142.99   2.35  99.65
dm-0              0.00     0.00 360.50 86.50 31938.00   346.00   144.45    61.72  112.60   2.24 100.05
dm-0              0.00     0.00 390.00  0.00 34548.00     0.00   177.17    63.13  192.20   2.57 100.05
dm-0              0.00     0.00 383.00 54.50 33608.00   218.00   154.63    48.92  112.76   2.29 100.05
dm-0              0.00     0.00 432.00 43.00 36498.00   172.00   154.40    47.95   98.74   2.11 100.10
dm-0              0.00     0.00 425.00 103.00 36482.00   412.00   139.75    38.22   74.00   1.90 100.10
dm-0              0.00     0.00 446.50 59.00 39254.00   236.00   156.24    41.15   63.56   1.98 100.05
dm-0              0.00     0.00 434.00 40.50 37602.00   162.00   159.17    35.39   95.31   2.11 100.05
dm-0              0.00     0.00 453.00 23.50 39052.00    94.00   164.31    24.99   53.49   2.10  99.95
dm-0              0.00     0.00 367.66 62.69 30991.04   250.75   145.19     9.62   23.04   2.31  99.60
dm-0              0.00     0.00 364.00  0.00 29856.00     0.00   164.04     7.76   20.77   2.75 100.05
dm-0              0.00     0.00 350.50  0.00 28168.00     0.00   160.73     7.58   22.29   2.85 100.05
dm-0              0.00     0.00 226.00 49.50 18408.00   198.00   135.07     3.31   12.07   3.63 100.00
dm-0              0.00     0.00 220.50  0.00 17318.00     0.00   157.08     2.51   11.28   4.54 100.05
dm-0              0.00     0.00 231.00 101.50 11948.00   406.00    74.31    31.94   86.65   2.28  75.75
dm-0              0.00     0.00 406.50  0.50 32670.00     2.00   160.55    26.77   70.71   2.43  98.70
dm-0              0.00     0.00 482.00 120.00 38064.00   480.00   128.05    80.23   67.73   1.66 100.00
dm-0              0.00     0.00 490.05  4.48 36077.61    17.91   145.98   139.63  214.72   2.01  99.60
dm-0              0.00     0.00 490.00 40.00 39680.00   160.00   150.34    55.18  230.24   1.89 100.05
dm-0              0.00     0.00 429.50 22.50 38574.00    90.00   171.08    39.42   99.53   2.22 100.40
dm-0              0.00     0.00 468.00 77.50 40394.00   310.00   149.24    49.72   86.39   1.84 100.10
dm-0              0.00     0.00 382.50 15.50 34512.00    62.00   173.74    37.71   95.70   2.52 100.10
dm-0              0.00     0.00 428.50 31.50 37048.00   126.00   161.63    55.35  115.45   2.18 100.05
dm-0              0.00     0.00 440.50  0.50 38820.00     2.00   176.06    32.71   77.07   2.27 100.05
dm-0              0.00     0.00 409.95 13.93 36583.08    55.72   172.87    44.45  100.54   2.35  99.55
dm-0              0.00     0.00 424.00 33.00 32400.00   132.00   142.37    74.69  172.69   2.19 100.05
dm-0              0.00     0.00 241.50  0.00 15686.00     0.00   129.90    23.79   96.88   3.83  92.45
dm-0              0.00     0.00 451.50 30.00 40324.00   120.00   167.99    33.75   74.19   2.08 100.20
dm-0              0.00     0.00 466.00  0.00 41622.00     0.00   178.64    35.77   75.85   2.15 100.10
dm-0              0.00     0.00 458.71  0.00 42043.78     0.00   183.31    29.44   60.89   2.17  99.70
dm-0              0.00     0.00 441.00 80.50 38180.00   322.00   147.66    65.77  130.06   1.92 100.05
dm-0              0.00     0.00 468.50  0.00 42758.00     0.00   182.53    20.66   43.40   2.14 100.10
dm-0              0.00     0.00 496.00 48.50 45080.00   194.00   166.30    25.25   46.10   1.84 100.05
dm-0              0.00     0.00 448.50 20.50 41114.00    82.00   175.68    18.16   41.06   2.13 100.10
dm-0              0.00     0.00 461.19 55.72 42107.46   222.89   163.78    16.35   31.63   1.92  99.20
dm-0              0.00     0.00 256.50 47.00 23556.00   188.00   156.47     2.94   10.24   2.33  70.75
dm-0              0.00     0.00 192.00  0.00 12060.00     0.00   125.62    13.51   56.86   1.77  33.95
dm-0              0.00     0.00 428.50 89.00 30868.00   356.00   120.67    38.03   66.17   1.93 100.10
dm-0              0.00     0.00 597.00 18.00 39668.00    72.00   129.24    43.34   74.73   1.63 100.15
dm-0              0.00     0.00 453.00 10.00 38340.00    40.00   165.79    32.90   67.28   2.16 100.10
dm-0              0.00     0.00 417.00 25.50 35524.00   102.00   161.02    37.52   93.73   2.26 100.00
dm-0              0.00     0.00 448.00  0.00 38824.00     0.00   173.32    38.79   80.35   2.23 100.10
dm-0              0.00     0.00 417.41 23.88 35566.17    95.52   161.62    49.02  103.83   2.26  99.65
dm-0              0.00     0.00 407.50 15.00 36098.00    60.00   171.16    52.90  120.87   2.37 100.05
dm-0              0.00     0.00 350.00 10.50 31376.00    42.00   174.30    32.21  102.25   2.33  84.05
dm-0              0.00     0.00 436.50 29.50 37776.00   118.00   162.64    41.96   93.26   2.15 100.10
dm-0              0.00     0.00 438.00 13.50 39184.00    54.00   173.81    39.79   88.62   2.22 100.05
dm-0              0.00     0.00 448.50 46.00 38276.00   184.00   155.55    56.43  116.49   2.02 100.10
dm-0              0.00     0.00 505.00 37.00 43530.00   148.00   161.17    46.30   86.21   1.85 100.00
dm-0              0.00     0.00 402.99  0.00 34925.37     0.00   173.33    44.65  100.72   2.47  99.55
dm-0              0.00     0.00 432.00 35.50 37236.00   142.00   159.91    44.33  102.23   2.14 100.10
dm-0              0.00     0.00 365.50 22.00 32304.00    88.00   167.18    31.02   79.76   2.14  82.95
dm-0              0.00     0.00 475.00 30.00 42644.00   120.00   169.36    41.55   85.32   1.98 100.05
dm-0              0.00     0.00 446.50  0.00 40408.00     0.00   181.00    30.56   63.75   2.24 100.05
dm-0              0.00     0.00 435.00  0.00 38450.00     0.00   176.78    23.04   58.15   2.30 100.10
dm-0              0.00     0.00 424.88 50.25 37791.04   201.00   159.92    26.27   53.70   2.10  99.70
dm-0              0.00     0.00 439.50  0.00 36328.00     0.00   165.32    21.04   49.47   2.28 100.00
dm-0              0.00     0.00 361.50 78.00 32614.00   312.00   149.83    14.04   32.93   2.28 100.00
dm-0              0.00     0.00 199.50  0.00 16518.00     0.00   165.59     1.05    5.30   1.82  36.30
dm-0              0.00     0.00 257.50  0.00 11658.00     0.00    90.55    31.37  119.06   2.68  68.95
dm-0              0.00     0.00 458.50 117.00 32544.00   468.00   114.72    52.48   78.95   1.74 100.05
dm-0              0.00     0.00 478.00  0.00 32016.00     0.00   133.96    49.09  114.81   2.10 100.15
dm-0              0.00     0.00 515.50 43.00 41054.00   172.00   147.63    43.38   64.42   1.79 100.05
dm-0              0.00     0.00 419.90 55.22 39070.65   220.90   165.39    36.24   88.47   2.10  99.70
dm-0              0.00     0.00 402.00  0.00 34266.00     0.00   170.48    45.98  108.56   2.48  99.85
dm-0              0.00     0.00 427.00 31.00 36186.00   124.00   158.56    50.54  113.88   2.18 100.05
dm-0              0.00     0.00 439.50  0.00 40338.00     0.00   183.56    34.81   85.58   2.28 100.25
dm-0              0.00     0.00 423.50 23.00 37010.00    92.00   166.19    39.70   69.28   2.24 100.00
dm-0              0.00     0.00 414.00  0.50 35632.00     2.00   171.94    43.48  115.51   2.41 100.05
dm-0              0.00     0.00 403.98  0.00 33904.48     0.00   167.85    57.56  134.39   2.47  99.60
dm-0              0.00     0.00 422.00 26.50 34104.00   106.00   152.55    54.94  128.83   2.23 100.05
dm-0              0.00     0.00 397.50 25.00 34032.00   100.00   161.57    49.97  126.07   2.37 100.00
dm-0              0.00     0.00 447.50 26.00 38368.00   104.00   162.50    48.37  103.18   2.11 100.00
dm-0              0.00     0.00 467.00 11.00 42676.00    44.00   178.74    36.09   73.37   2.09 100.05
dm-0              0.00     0.00 465.00 74.50 41888.00   298.00   156.39    35.79   71.05   1.85 100.05
dm-0              0.00     0.00 495.50 18.00 44256.00    72.00   172.65    26.07   49.60   1.95 100.15
dm-0              0.00     0.00 445.50 44.50 41170.00   178.00   168.77    27.69   58.81   2.04 100.05
dm-0              0.00     0.00 469.15 76.12 39828.86   304.48   147.20    22.15   40.79   1.83  99.60
dm-0              0.00     0.00 349.00  0.00 29756.00     0.00   170.52    12.83   36.32   2.34  81.70
dm-0              0.00     0.00 441.50 39.50 38764.00   158.00   161.84     8.31   17.73   2.08  99.90
dm-0              0.00     0.00 381.00  0.00 33152.00     0.00   174.03     4.05   11.35   2.52  96.15
dm-0              0.00     0.00 251.00 56.50 14034.00   226.00    92.75    35.92  113.70   2.09  64.25
dm-0              0.00     0.00 502.00  0.00 30212.00     0.00   120.37    28.17   56.96   1.99 100.05
dm-0              0.00     0.00 408.00 35.50 35530.00   142.00   160.87    31.45   68.29   2.26 100.05
dm-0              0.00     0.00 477.00 31.50 37416.00   126.00   147.66    38.34   74.11   1.97 100.05
dm-0              0.00     0.00 448.50  0.00 37006.00     0.00   165.02    42.87   93.95   2.23 100.10
dm-0              0.00     0.00 472.50 76.00 39996.00   304.00   146.95    43.76   73.71   1.82 100.05
dm-0              0.00     0.00 414.43  5.97 36931.34    23.88   175.81    37.62   97.82   2.38 100.05
dm-0              0.00     0.00 445.50 13.50 38756.00    54.00   169.11    39.00   87.17   2.19 100.30
dm-0              0.00     0.00 412.50 29.50 35774.00   118.00   162.41    46.71  102.95   2.26 100.05
dm-0              0.00     0.00 461.00  0.00 40524.00     0.00   175.81    37.02   83.02   2.17 100.05
dm-0              0.00     0.00 461.00 63.50 39070.00   254.00   149.95    46.34   77.82   1.91 100.10
dm-0              0.00     0.00 436.50 11.00 38400.00    44.00   171.82    52.35  119.88   2.24 100.10
dm-0              0.00     0.00 425.00  0.00 35580.00     0.00   167.44    47.28  105.93   2.36 100.10
dm-0              0.00     0.00 416.42 72.64 36867.66   290.55   151.96    47.70  104.49   2.04  99.55
dm-0              0.00     0.00 446.00  8.50 38830.00    34.00   171.02    41.08   80.52   2.20 100.00
dm-0              0.00     0.00 399.00 40.00 34440.00   160.00   157.63    61.68  154.11   2.28 100.05
dm-0              0.00     0.00 451.50  0.00 39156.00     0.00   173.45    35.62   79.81   2.22 100.05
dm-0              0.00     0.00 462.50  0.00 41978.00     0.00   181.53    33.30   76.20   2.16 100.05
dm-0              0.00     0.00 429.00 21.50 39786.00    86.00   177.01    31.07   68.50   2.22 100.10
dm-0              0.00     0.00 463.50  0.00 41842.00     0.00   180.55    21.15   47.53   2.15  99.50
dm-0              0.00     0.00 433.50 46.50 39384.00   186.00   164.88    16.83   33.99   2.09 100.10
dm-0              0.00     0.00 427.00 45.00 38368.00   180.00   163.34    25.59   55.24   2.12 100.05
dm-0              0.00     0.00 414.43  0.00 35365.17     0.00   170.67     9.95   24.16   2.40  99.55
dm-0              0.00     0.00 280.00 40.00 25106.00   160.00   157.91     9.46   29.71   2.45  78.30
dm-0              0.00     0.00 357.00 42.00 31138.00   168.00   156.92     4.09   10.21   2.48  98.95
dm-0              0.00     0.00 229.50 39.00 19796.00   156.00   148.62     1.36    5.20   1.83  49.05
dm-0              0.00     0.00 155.00  0.00 14160.00     0.00   182.71     0.35    2.24   1.24  19.15
dm-0              0.00     0.00 393.50 29.00 19700.00   116.00    93.80    30.98   72.74   2.13  89.85
dm-0              0.00     0.00 452.50 87.50 36098.00   350.00   134.99    34.99   62.33   1.85 100.10
dm-0              0.00     0.00 476.00 74.00 37518.00   296.00   137.51    41.46   75.68   1.82 100.05
dm-0              0.00     0.00 537.00 11.50 39192.00    46.00   143.07    33.85   53.97   1.82 100.05
dm-0              0.00     0.00 440.80 26.37 39110.45   105.47   167.89    35.38   78.04   2.13  99.55
dm-0              0.00     0.00 485.50  0.00 42270.00     0.00   174.13    41.43   91.82   2.06 100.05
dm-0              0.00     0.00 414.50 33.00 35186.00   132.00   157.85    41.13   88.36   2.24 100.05
dm-0              0.00     0.00 413.00 17.50 36784.00    70.00   171.21    35.37   81.37   2.32 100.05
dm-0              0.00     0.00 410.00 10.50 35330.00    42.00   168.24    36.79   71.81   2.38 100.05
dm-0              0.00     0.00 417.50 19.50 35978.00    78.00   165.02    48.28  129.07   2.29 100.10
dm-0              0.00     0.00 417.50  0.00 36112.00     0.00   172.99    41.98   90.84   2.40 100.05
dm-0              0.00     0.00 455.00 44.00 36190.00   176.00   145.76    52.06  103.49   2.01 100.05
dm-0              0.00     0.00 357.50 26.00 29348.00   104.00   153.60    65.84  176.50   2.61 100.05
dm-0              0.00     0.00 406.97 10.45 32750.25    41.79   157.12    46.40  108.07   2.38  99.55
dm-0              0.00     0.00 426.00 34.50 37166.00   138.00   162.02    44.15  103.75   2.17 100.05
dm-0              0.00     0.00 419.00 27.00 37394.00   108.00   168.17    38.26   81.09   2.24 100.05
dm-0              0.00     0.00 442.00 45.50 37414.00   182.00   154.24    54.18  117.32   2.05 100.10
dm-0              0.00     0.00 432.00  0.00 38280.00     0.00   177.22    20.86   48.76   2.32 100.10
dm-0              0.00     0.00 427.50 10.50 37282.00    42.00   170.43    23.06   50.92   2.28 100.05
dm-0              0.00     0.00 377.50 66.00 31996.00   264.00   145.48    29.01   66.21   2.26 100.05
dm-0              0.00     0.00 375.50 39.00 33430.00   156.00   162.06    11.18   30.13   2.41 100.00
dm-0              0.00     0.00 370.65  0.00 32690.55     0.00   176.40     5.46   14.91   2.63  97.56
dm-0              0.00     0.00 246.00 31.00 21760.00   124.00   158.01     2.30    8.42   2.66  73.60
dm-0              0.00     0.00 174.50  0.00  4840.00     0.00    55.47    20.88  119.71   2.62  45.70
dm-0              0.00     0.00 28.50 67.50  2168.00   270.00    50.79     1.50    7.59   0.68   6.50
dm-0              0.00     0.00 368.50 38.50 32572.00   154.00   160.82    45.97  108.95   2.46 100.10
dm-0              0.00     0.00 554.00  0.00 40066.00     0.00   144.64    35.80   65.16   1.81 100.05
dm-0              0.00     0.00 516.92 58.71 40382.09   234.83   141.12    45.61   79.88   1.73  99.75
dm-0              0.00     0.00 464.36 29.70 36514.85   118.81   148.30    40.18   79.96   2.03 100.10
dm-0              0.00     0.00 483.84 16.16 39181.82    64.65   156.99    40.35   72.78   2.00 100.00
dm-0              0.00     0.00 423.50 31.50 37770.00   126.00   166.58    32.41   77.26   2.20 100.05
dm-0              0.00     0.00 419.50 39.00 38084.00   156.00   166.80    36.87   82.48   2.18 100.15
dm-0              0.00     0.00 444.50 22.00 40002.00    88.00   171.88    38.65   81.72   2.15 100.10
dm-0              0.00     0.00 430.50 19.00 34776.00    76.00   155.07    52.84  114.05   2.23 100.05
dm-0              0.00     0.00 429.85  0.00 34606.97     0.00   161.02    65.08  142.14   2.32  99.55
dm-0              0.00     0.00 412.50 30.50 35730.00   122.00   161.86    57.54  138.49   2.26 100.05
dm-0              0.00     0.00 440.00  0.00 37708.00     0.00   171.40    43.59  101.40   2.27 100.10
dm-0              0.00     0.00 451.50 30.50 37450.00   122.00   155.90    55.36  100.77   2.08 100.05
dm-0              0.00     0.00 417.00 50.00 36118.00   200.00   155.54    47.09  122.84   2.14 100.05
dm-0              0.00     0.00 427.50 12.00 38556.00    48.00   175.67    31.02   63.91   2.28 100.40
dm-0              0.00     0.00 463.00 46.50 42118.00   186.00   166.06    30.24   62.95   1.96 100.10
dm-0              0.00     0.00 474.13 67.16 42459.70   268.66   157.88    22.80   38.94   1.83  99.30
dm-0              0.00     0.00 408.50 37.50 36562.00   150.00   164.63    23.36   55.69   2.24 100.05
dm-0              0.00     0.00 457.50 56.50 39884.00   226.00   156.07    18.89   37.26   1.95 100.10
dm-0              0.00     0.00 408.50  0.00 36054.00     0.00   176.52    10.09   28.01   2.45 100.05
dm-0              0.00     0.00 369.50 53.50 32594.00   214.00   155.12     7.81   18.51   2.13  90.20
dm-0              0.00     0.00 267.50  0.00 14462.00     0.00   108.13    30.18  109.34   2.63  70.35
dm-0              0.00     0.00 471.14 52.74 35406.97   210.95   135.98    30.40   57.63   1.90  99.60
dm-0              0.00     0.00 415.50  0.50 35306.00     2.00   169.75    41.18   93.52   2.41 100.10
dm-0              0.00     0.00 447.00  0.00 36136.00     0.00   161.68    41.41   93.87   2.24 100.05
dm-0              0.00     0.00 477.00 22.00 40008.00    88.00   160.71    42.01   83.56   2.01 100.05
dm-0              0.00     0.00 546.00 38.50 41416.00   154.00   142.24    68.36  107.21   1.71 100.00
dm-0              0.00     0.00 465.50 28.50 40164.00   114.00   163.07    43.93  101.26   2.03 100.05
dm-0              0.00     0.00 454.00 26.50 41476.00   106.00   173.08    46.73   94.57   2.08 100.05
dm-0              0.00     0.00 472.64 12.44 41647.76    49.75   171.92    36.81   80.15   2.06  99.70
dm-0              0.00     0.00 473.50 67.50 41224.00   270.00   153.40    44.53   73.85   1.85 100.05
dm-0              0.00     0.00 470.00 22.50 39102.00    90.00   159.16    61.58  115.67   2.03 100.10
dm-0              0.00     0.00 422.00  0.00 35402.00     0.00   167.78    59.05  153.10   2.37 100.10
dm-0              0.00     0.00 466.50 30.50 39352.00   122.00   158.85    53.06  108.23   2.01 100.05
dm-0              0.00     0.00 456.50 26.00 40866.00   104.00   169.82    39.21   83.11   2.07 100.05
dm-0              0.00     0.00 450.75 75.12 39647.76   300.50   151.93    44.80   78.29   1.89  99.65
dm-0              0.00     0.00 450.50 20.00 39736.00    80.00   169.25    52.11  125.32   2.13 100.05
dm-0              0.00     0.00 476.50  7.50 42754.00    30.00   176.79    24.90   52.01   2.07 100.10
dm-0              0.00     0.00 495.50 79.50 44878.00   318.00   157.20    17.97   29.42   1.74 100.05
dm-0              0.00     0.00 479.00 16.00 43284.00    64.00   175.14    12.88   28.90   1.99  98.50
dm-0              0.00     0.00 400.50 40.00 35266.00   160.00   160.84     5.89   13.70   2.27  99.90
dm-0              0.00     0.00 292.00  0.00 24226.00     0.00   165.93     4.98   17.01   3.37  98.45
dm-0              0.00     0.00 173.00  0.00 10228.00     0.00   118.24     1.99   11.65   3.57  61.75
dm-0              0.00     0.00  0.00 39.00     0.00   156.00     8.00     0.04    0.92   0.04   0.15
dm-0              0.00     0.00 87.56  0.00  1538.31     0.00    35.14     1.72   19.62   1.94  17.01
dm-0              0.00     0.00 343.00 38.00 21020.00   152.00   111.14    52.06  133.69   2.37  90.25
dm-0              0.00     0.00 531.00 47.50 38612.00   190.00   134.15    50.13   81.66   1.73 100.05
dm-0              0.00     0.00 448.00 19.00 36538.00    76.00   156.81    38.92   90.88   2.14 100.10
dm-0              0.00     0.00 436.00 39.50 34190.00   158.00   144.47    46.79   87.00   2.10 100.05
dm-0              0.00     0.00 428.50  0.00 36042.00     0.00   168.22    47.84  115.81   2.33 100.05
dm-0              0.00     0.00 444.00 37.50 35694.00   150.00   148.88    34.05   74.26   2.08 100.00
dm-0              0.00     0.00 445.00  0.50 36254.00     2.00   162.77    32.02   72.88   2.25 100.05
dm-0              0.00     0.00 409.50  0.00 35768.00     0.00   174.69    40.13   91.97   2.44 100.05
dm-0              0.00     0.00 388.00 27.00 35306.00   108.00   170.67    41.27  103.52   2.41 100.05
dm-0              0.00     0.00 415.00  0.00 36200.00     0.00   174.46    40.50   91.06   2.41 100.05
dm-0              0.00     0.00 412.44  0.00 33297.51     0.00   161.47    47.90  123.31   2.41  99.60
dm-0              0.00     0.00 404.00 27.00 34476.00   108.00   160.48    52.00  122.78   2.32 100.05
dm-0              0.00     0.00 378.50 56.00 32552.00   224.00   150.87    61.09  128.84   2.30 100.05
dm-0              0.00     0.00 405.50 17.50 36046.00    70.00   170.76    45.85   87.86   2.36 100.00
dm-0              0.00     0.00 405.50 30.50 36958.00   122.00   170.09    41.42  125.22   2.29 100.00
dm-0              0.00     0.00 412.00 37.50 37188.00   150.00   166.13    40.90   86.58   2.23 100.05
dm-0              0.00     0.00 462.50 36.00 40566.00   144.00   163.33    43.36   90.77   2.01 100.15
dm-0              0.00     0.00 431.84 25.37 38985.07   101.49   170.98    30.30   65.28   2.18  99.55
dm-0              0.00     0.00 388.50  0.00 37510.00     0.00   193.10    27.32   75.18   2.58 100.10
dm-0              0.00     0.00 490.50 18.50 43984.00    74.00   173.12    18.09   36.63   1.97 100.05
dm-0              0.00     0.00 415.00  0.50 37194.00     2.00   179.04    12.86   31.46   2.41 100.00
dm-0              0.00     0.00 345.50 13.50 29826.00    54.00   166.46     4.30   12.17   2.47  88.70
dm-0              0.00     0.00 283.50 28.00 13140.00   112.00    85.09     3.21   10.28   1.54  48.10
