dm-0              0.00     0.00  4.55 223.56   324.90   894.26    10.69     1.12    4.89   0.19   4.37
dm-0              0.00     0.00 570.00 63.00  4604.00   252.00    15.34     0.98    1.58   0.87  54.85
dm-0              0.00     0.00 553.00 118.50  4136.00   474.00    13.73     1.42    2.12   0.60  40.55
dm-0              0.00     0.00 485.50 110.50  3744.00   442.00    14.05     0.78    1.30   0.77  45.80
dm-0              0.00     0.00 443.35  0.00  8591.13     0.00    38.76    12.39   27.95   1.21  53.65
dm-0              0.00     0.00 319.00  0.00 29812.00     0.00   186.91    21.40   51.04   2.93  93.60
dm-0              0.00     0.00 332.00 34.00 29644.00   136.00   162.73    32.71   96.76   2.73 100.00
dm-0              0.00     0.00 357.00 170.50 31544.00   682.00   122.18    29.53   49.15   1.90 100.05
dm-0              0.00     0.00 322.00  0.00 29762.00     0.00   184.86    19.61   63.60   3.11 100.10
dm-0              0.00     0.00 352.00 15.00 30394.00    60.00   165.96    19.53   55.17   2.73 100.05
dm-0              0.00     0.00 365.00  1.50 32570.00     6.00   177.77    30.60   83.02   2.73 100.05
dm-0              0.00     0.00 436.50 15.00 38126.00    60.00   169.15    33.13   72.39   2.21 100.00
dm-0              0.00     0.00 373.00  1.50 34862.00     6.00   186.21    31.69   89.50   2.67 100.10
dm-0              0.00     0.00 367.16  0.00 33337.31     0.00   181.59    29.69   80.52   2.71  99.55
dm-0              0.00     0.00 378.50 17.00 33978.00    68.00   172.17    26.04   68.22   2.53 100.05
dm-0              0.00     0.00 386.00  0.00 34960.00     0.00   181.14    21.55   52.70   2.59 100.05
dm-0              0.00     0.00 350.50  2.00 33374.00     8.00   189.40    35.30   92.13   2.84 100.10
dm-0              0.00     0.00 392.00 20.50 33348.00    82.00   162.08    26.95   72.38   2.43 100.05
dm-0              0.00     0.00 369.50  0.00 34400.00     0.00   186.20    38.85   88.77   2.71 100.05
dm-0              0.00     0.00 405.00 16.00 34306.00    64.00   163.28    50.87  125.43   2.38 100.05
dm-0              0.00     0.00 385.00 34.00 34444.00   136.00   165.06    40.82  114.23   2.39 100.10
dm-0              0.00     0.00 433.50 16.00 38230.00    64.00   170.38    36.94   81.97   2.22 100.00
dm-0              0.00     0.00 422.39  0.00 38847.76     0.00   183.94    24.51   53.72   2.36  99.55
dm-0              0.00     0.00 420.50 46.00 34444.00   184.00   148.46    38.99   78.46   2.15 100.10
dm-0              0.00     0.00 386.00  0.00 33212.00     0.00   172.08    42.69   99.33   2.59 100.10
dm-0              0.00     0.00 397.00  2.50 34476.00    10.00   172.65    33.86   97.57   2.50 100.05
dm-0              0.00     0.00 354.00 24.00 31524.00    96.00   167.30    19.62   62.58   2.62  99.05
dm-0              0.00     0.00 389.50  2.00 33670.00     8.00   172.05     6.23   15.51   2.43  95.00
dm-0              0.00     0.00 268.06 19.44 24792.59    77.78   173.01     2.26    8.57   2.44  70.05
dm-0              0.00     0.00 307.96  1.49 27516.42     5.97   177.88     4.18   13.61   3.00  92.79
dm-0              0.00     0.00 253.00  0.00 22870.00     0.00   180.79     1.42    5.58   3.53  89.35
dm-0              0.00     0.00 267.16 48.76 21683.58   195.02   138.51     1.92    6.08   2.44  77.01
dm-0              0.00     0.00 328.50  0.50 29984.00     2.00   182.29     2.80    8.51   2.89  95.15
dm-0              0.00     0.00 284.50 28.00 23524.00   112.00   151.27     2.56    8.18   1.43  44.70
dm-0              0.00     0.00 27.00  6.00   712.00    24.00    44.61     0.26    7.82   1.56   5.15
dm-0              0.00     0.00  0.00 32.50     0.00   130.00     8.00     0.04    1.15   0.05   0.15
dm-0              0.00     0.00 14.00  0.00   388.00     0.00    55.43     0.08    5.75   1.18   1.65
dm-0              0.00     0.00 27.50 36.50   712.00   146.00    26.81     0.42    6.62   0.88   5.60
dm-0              0.00     0.00  0.00 14.00     0.00    56.00     8.00     0.00    0.14   0.07   0.10
dm-0              0.00     0.00  0.00  0.00     0.00     0.00     0.00     0.00    0.00   0.00   0.00
dm-0              0.00     0.00  0.50  0.00     2.00     0.00     8.00     0.00    8.00   8.00   0.40
dm-0              0.00     0.00 53.00 14.50  1346.00    58.00    41.60     0.61    9.09   1.90  12.85
dm-0              0.00     0.00  3.79  2.84   424.64    11.37   131.43     0.01    2.00   1.21   0.81
dm-0              0.00     0.00 134.50 35.00 12684.00   140.00   151.32     0.44    2.46   1.77  30.00
dm-0              0.00     0.00 355.22  1.99 32447.76     7.96   181.72     3.89   10.65   2.73  97.51
dm-0              0.00     0.00 405.50  8.00 37094.00    32.00   179.57     7.93   16.67   2.39  98.70
dm-0              0.00     0.00 371.50 16.00 33154.00    64.00   171.45    21.69   51.47   2.58 100.05
dm-0              0.00     0.00 384.00  1.50 34596.00     6.00   179.52    20.46   54.99   2.60 100.10
dm-0              0.00     0.00 356.50 17.50 33544.00    70.00   179.75    29.71   80.91   2.68 100.10
dm-0              0.00     0.00 403.98  0.00 33922.39     0.00   167.94    39.06   96.64   2.47  99.70
dm-0              0.00     0.00 380.00 16.00 35486.00    64.00   179.55    30.20   72.44   2.53 100.05
dm-0              0.00     0.00 394.50  0.00 35264.00     0.00   178.78    37.31   88.45   2.54 100.05
dm-0              0.00     0.00 404.00  6.00 36516.00    24.00   178.24    36.75   90.75   2.44 100.00
dm-0              0.00     0.00 383.00 89.00 35208.00   356.00   150.69    31.05   66.09   2.12 100.05
dm-0              0.00     0.00 380.50 27.00 33660.00   108.00   165.73    29.92   63.22   2.46 100.05
dm-0              0.00     0.00 345.00  0.00 32454.00     0.00   188.14    33.29  108.17   2.90 100.10
dm-0              0.00     0.00 345.50 17.00 32926.00    68.00   182.04    32.16   89.41   2.76 100.10
dm-0              0.00     0.00 386.07  0.00 34298.51     0.00   177.68    23.18   66.55   2.58  99.55
dm-0              0.00     0.00 354.50 14.50 33732.00    58.00   183.14    28.86   78.50   2.71 100.05
dm-0              0.00     0.00 434.00  3.50 38632.00    14.00   176.67    24.15   58.44   2.29 100.05
dm-0              0.00     0.00 416.00  0.00 38054.00     0.00   182.95    24.15   55.09   2.41 100.05
dm-0              0.00     0.00 383.00 34.00 35644.00   136.00   171.61    25.21   56.75   2.40 100.00
dm-0              0.00     0.00 384.50  1.50 34894.00     6.00   180.83    24.55   68.37   2.59 100.05
dm-0              0.00     0.00 391.00 42.00 35522.00   168.00   164.85    24.37   55.35   2.31 100.15
dm-0              0.00     0.00 381.00  1.50 35362.00     6.00   184.93    16.10   47.49   2.62 100.05
dm-0              0.00     0.00 308.00  0.00 29186.00     0.00   189.52     4.42   14.51   2.79  86.05
dm-0              0.00     0.00 160.20 19.40 14599.00    77.61   163.43     0.37    2.05   0.78  14.03
dm-0              0.00     0.00  0.00  0.00     0.00     0.00     0.00     0.00    0.00   0.00   0.00
dm-0              0.00     0.00 14.50 33.50   768.00   134.00    37.58     0.11    2.21   1.02   4.90
dm-0              0.00     0.00  0.00  6.50     0.00    26.00     8.00     0.02    3.08   0.31   0.20
dm-0              0.00     0.00 22.00  0.00  1444.00     0.00   131.27     0.07    2.95   2.52   5.55
dm-0              0.00     0.00 52.24 25.37  4971.14   101.49   130.72     0.17    2.17   1.88  14.58
dm-0              0.00     0.00 51.00 39.00  4804.00   156.00   110.22     0.26    2.89   1.86  16.75
dm-0              0.00     0.00 118.00 15.50 10636.00    62.00   160.27     0.39    2.95   2.34  31.30
dm-0              0.00     0.00 91.00  0.50  8264.00     2.00   180.68     0.31    3.39   2.87  26.25
dm-0              0.00     0.00 87.50  0.00  7880.00     0.00   180.11     0.32    3.60   2.72  23.80
dm-0              0.00     0.00 113.50 14.00 10186.00    56.00   160.66     0.42    3.33   2.31  29.45
dm-0              0.00     0.00 111.33  3.94  9972.41    15.76   173.30     0.48    4.16   2.47  28.42
dm-0              0.00     0.00 100.00 12.46  9291.58    49.83   166.13     0.33    2.92   2.12  23.84
dm-0              0.00     0.00 96.68  1.90  9205.69     7.58   186.92     0.35    3.51   2.92  28.82
dm-0              0.00     0.00 106.16 16.11  9594.31    64.45   157.98     0.37    2.99   2.25  27.49
dm-0              0.00     0.00 141.50  1.50 12496.00     6.00   174.85     0.69    4.85   2.45  35.05
dm-0              0.00     0.00 165.00 63.00 13920.00   252.00   124.32     0.70    3.04   1.88  42.75
dm-0              0.00     0.00 130.50  0.00 12236.00     0.00   187.52     0.43    3.30   2.62  34.25
dm-0              0.00     0.00  9.45  0.00  1209.95     0.00   256.00     0.03    3.42   3.37   3.18
dm-0              0.00     0.00  0.00 29.50     0.00   118.00     8.00     0.05    1.71   0.05   0.15
dm-0              0.00     0.00 72.50  6.50  7304.00    26.00   185.57     0.28    3.53   2.51  19.85
dm-0              0.00     0.00 205.00 20.50 17748.00    82.00   158.14     0.67    2.96   2.29  51.70
dm-0              0.00     0.00 195.50  0.00 18128.00     0.00   185.45     0.80    4.12   2.56  50.10
dm-0              0.00     0.00 212.50 21.00 18900.00    84.00   162.60     0.77    3.27   2.42  56.40
dm-0              0.00     0.00 227.00 44.00 19990.00   176.00   148.83     1.67    6.17   2.63  71.40
dm-0              0.00     0.00 227.50  2.00 20444.00     8.00   178.23     1.34    5.85   3.15  72.30
dm-0              0.00     0.00 208.46 37.31 19126.37   149.25   156.86     1.03    4.20   2.82  69.25
dm-0              0.00     0.00 103.00  0.00  9800.00     0.00   190.29     0.52    5.00   3.33  34.30
dm-0              0.00     0.00  0.00  3.00     0.00    12.00     8.00     0.00    0.67   0.17   0.05
dm-0              0.00     0.00  0.00 24.50     0.00    98.00     8.00     0.02    0.94   0.06   0.15
dm-0              0.00     0.00  0.00  2.00     0.00     8.00     8.00     0.01    4.00   1.00   0.20
dm-0              0.00     0.00  1.00  0.00     4.00     0.00     8.00     0.01    9.50   9.50   0.95
dm-0              0.00     0.00  3.00 31.50    86.00   126.00    12.29     0.05    1.52   0.38   1.30
dm-0              0.00     0.00  0.00  1.48     0.00     5.91     8.00     0.01    4.00   1.33   0.20
dm-0              0.00     0.00 78.11 16.92  7329.35    67.66   155.69     0.19    1.99   1.65  15.67
dm-0              0.00     0.00 116.00  0.00 10506.00     0.00   181.14     0.26    2.22   1.98  22.95
dm-0              0.00     0.00 102.00  0.00  8906.00     0.00   174.63     0.25    2.45   2.37  24.20
dm-0              0.00     0.00 140.50 19.00 12876.00    76.00   162.41     0.24    1.51   1.05  16.75
dm-0              0.00     0.00 148.00  6.00 13836.00    24.00   180.00     0.42    2.76   1.50  23.15
dm-0              0.00     0.00 191.00 27.00 17494.00   108.00   161.49     1.02    4.67   2.22  48.45
dm-0              0.00     0.00 119.40 34.33 11090.55   137.31   146.07     0.38    2.52   1.82  27.91
dm-0              0.00     0.00 133.50  0.00 11980.00     0.00   179.48     0.26    1.97   1.68  22.45
dm-0              0.00     0.00 136.50 17.50 12428.00    70.00   162.31     0.27    1.76   1.32  20.35
dm-0              0.00     0.00 170.00  1.00 15398.00     4.00   180.14     0.69    3.67   2.16  37.00
dm-0              0.00     0.00 331.00 21.00 29536.00    84.00   168.30     4.21   11.99   2.77  97.65
dm-0              0.00     0.00 194.50  3.50 18128.00    14.00   183.25     0.21    1.32   0.78  15.50
dm-0              0.00     0.00 197.00  0.00 17618.00     0.00   178.86     0.15    0.78   0.68  13.45
dm-0              0.00     0.00 112.50 76.00 10088.00   304.00   110.26     0.23    1.20   0.64  12.00
dm-0              0.00     0.00  0.00  2.00     0.00     8.00     8.00     0.01    4.00   1.00   0.20
dm-0              0.00     0.00  0.00 17.50     0.00    70.00     8.00     0.02    0.89   0.06   0.10
dm-0              0.00     0.00  0.00  1.49     0.00     5.97     8.00     0.00    3.33   1.33   0.20
dm-0              0.00     0.00  0.00  0.00     0.00     0.00     0.00     0.00    0.00   0.00   0.00
dm-0              0.00     0.00  0.00 33.00     0.00   132.00     8.00     0.03    0.92   0.03   0.10
dm-0              0.00     0.00  0.00  0.00     0.00     0.00     0.00     0.00    0.00   0.00   0.00
dm-0              0.00     0.00  0.00 41.00     0.00   164.00     8.00     0.03    0.80   0.11   0.45
dm-0              0.00     0.00 26.37  5.97  2296.52    23.88   143.51     0.07    2.09   1.20   3.88
dm-0              0.00     0.00 97.50 55.50  8970.00   222.00   120.16     0.34    2.18   1.55  23.70
dm-0              0.00     0.00 138.31  5.47 12306.47    21.89   171.49     0.58    3.81   2.55  36.67
dm-0              0.00     0.00 255.00 48.50 23318.00   194.00   154.94     2.25    7.52   2.58  78.45
dm-0              0.00     0.00 256.72 28.36 22250.75   113.43   156.90     2.73    9.58   2.73  77.81
dm-0              0.00     0.00 294.00  1.50 27418.00     6.00   185.61     3.02   10.16   2.91  85.95
dm-0              0.00     0.00 415.00  0.00 36738.00     0.00   177.05     6.03   14.27   2.24  92.85
dm-0              0.00     0.00 265.17 2172.14 25096.52  8688.56    27.72   164.31   67.34   0.33  81.49
dm-0              0.00     0.00 338.32  2.34 30480.37     9.35   179.01     3.19   10.10   2.17  73.83
dm-0              0.00     0.00 287.06 10313.93 26706.47 41255.72    12.82  2705.46  255.21   0.06  65.47
dm-0              0.00     0.00 319.00  2.00 29084.00     8.00   181.26     3.50   10.90   2.62  84.25
dm-0              0.00     0.00 240.50  0.00 21528.00     0.00   179.03     1.49    6.07   2.22  53.35
dm-0              0.00     0.00 403.00 12626.00 36072.00 50504.00    13.29  4098.40  314.56   0.08 100.10
dm-0              0.00     0.00 254.73  1.49 24097.51     5.97   188.15     3.11   12.28   2.52  64.58
dm-0              0.00     0.00  0.50 21.00    64.00    84.00    13.77     0.06    2.81   0.37   0.80
dm-0              0.00     0.00  0.00  0.00     0.00     0.00     0.00     0.00    0.00   0.00   0.00
dm-0              0.00     0.00  0.00  0.00     0.00     0.00     0.00     0.00    0.00   0.00   0.00
dm-0              0.00     0.00  0.00 6360.50     0.00 25442.00     8.00  1259.97  198.09   0.03  18.10
dm-0              0.00     0.00  0.00  6.50     0.00    26.00     8.00     0.02    3.54   0.31   0.20
dm-0              0.00     0.00  0.00 15.50     0.00    62.00     8.00     0.01    0.90   0.06   0.10
dm-0              0.00     0.00  0.00 67.50     0.00   270.00     8.00     0.78   11.60   0.21   1.45
dm-0              0.00     0.00  3.50 45.50    14.00   182.00     8.00     0.11    2.27   0.59   2.90
dm-0              0.00     0.00  0.00  0.00     0.00     0.00     0.00     0.00    0.00   0.00   0.00
dm-0              0.00     0.00  0.00  0.50     0.00     2.00     8.00     0.00    4.00   4.00   0.20
dm-0              0.00     0.00  0.00 16.50     0.00    66.00     8.00     0.02    1.00   0.09   0.15
dm-0              0.00     0.00  0.00  3.00     0.00    12.00     8.00     0.00    1.00   0.17   0.05
dm-0              0.00     0.00  0.00 40.29     0.00   161.17     8.00     0.04    0.99   0.02   0.10
dm-0              0.00     0.00  0.00  1.99     0.00     7.96     8.00     0.01    3.00   0.75   0.15
dm-0              0.00     0.00  0.00 22.96     0.00    91.85     8.00     0.02    0.95   0.06   0.15
dm-0              0.00     0.00  0.00 12.25     0.00    49.02     8.00     0.02    1.68   0.08   0.10
dm-0              0.00     0.00  0.00  1.48     0.00     5.91     8.00     0.01    4.00   1.33   0.20
dm-0              0.00     0.00  0.49 40.78     1.94   163.11     8.00     0.06    1.42   0.35   1.46
dm-0              0.00     0.00  0.00  0.00     0.00     0.00     0.00     0.00    0.00   0.00   0.00
dm-0              0.00     0.00  0.00 20.29     0.00    81.16     8.00     0.02    1.00   0.07   0.14
dm-0              0.00     0.00  0.00  0.00     0.00     0.00     0.00     0.00    0.00   0.00   0.00
dm-0              0.00     0.00  0.00  6.00     0.00    24.00     8.00     0.02    3.25   0.33   0.20
dm-0              0.00     0.00  3.00 24.50   384.00    98.00    35.05     0.10    3.51   0.71   1.95
dm-0              0.00     0.00  0.00 38.50     0.00   154.00     8.00     0.07    1.90   0.06   0.25
dm-0              0.00     0.00 148.50 22.00 13584.00    88.00   160.38     1.69    9.89   2.71  46.15
dm-0              0.00     0.00 279.60  0.00 25560.20     0.00   182.83     2.08    7.15   3.34  93.28
dm-0              0.00     0.00 308.50  1.00 27804.00     4.00   179.70     3.05    9.95   3.12  96.50
dm-0              0.00     0.00 314.00 18.00 28316.00    72.00   171.01     2.79    8.57   2.93  97.15
dm-0              0.00     0.00 318.50  2.50 28856.00    10.00   179.85     3.19    9.95   3.03  97.30
dm-0              0.00     0.00 66.50 16.50  6828.00    66.00   166.12     0.70    8.48   2.39  19.80
dm-0              0.00     0.00  0.00  0.00     0.00     0.00     0.00     0.00    0.00   0.00   0.00
dm-0              0.00     0.00  0.00  2.00     0.00     8.00     8.00     0.01    4.00   1.00   0.20
dm-0              0.00     0.00  0.00 18.00     0.00    72.00     8.00     0.01    0.81   0.06   0.10
dm-0              0.00     0.00  0.00  1.50     0.00     6.00     8.00     0.01    4.00   1.33   0.20
dm-0              0.00     0.00  0.00 13.43     0.00    53.73     8.00     0.01    0.93   0.11   0.15
dm-0              0.00     0.00  0.00  0.00     0.00     0.00     0.00     0.00    0.00   0.00   0.00
dm-0              0.00     0.00  0.00  0.00     0.00     0.00     0.00     0.00    0.00   0.00   0.00
dm-0              0.00     0.00  7.50 73.50    30.00   294.00     8.00     0.15    1.80   0.60   4.85
dm-0              0.00     0.00  0.00  7.00     0.00    28.00     8.00     0.02    3.00   0.21   0.15
dm-0              0.00     0.00  0.00 19.00     0.00    76.00     8.00     0.02    1.00   0.08   0.15
dm-0              0.00     0.00  0.00  0.00     0.00     0.00     0.00     0.00    0.00   0.00   0.00
dm-0              0.00     0.00  0.00 24.50     0.00    98.00     8.00     0.04    1.80   0.08   0.20
dm-0              0.00     0.00  0.00 29.85     0.00   119.40     8.00     0.04    1.22   0.05   0.15
dm-0              0.00     0.00  0.00  0.50     0.00     2.00     8.00     0.00    3.00   3.00   0.15
dm-0              0.00     0.00  0.00 39.00     0.00   156.00     8.00     0.04    0.96   0.09   0.35
dm-0              0.00     0.00  0.00  0.00     0.00     0.00     0.00     0.00    0.00   0.00   0.00
dm-0              0.00     0.00  0.00  3.40     0.00    13.59     8.00     0.01    3.86   0.57   0.19
dm-0              0.00     0.00  0.00 11910.40     0.00 47641.58     8.00  2363.86  198.47   0.04  47.52
dm-0              0.00     0.00  0.49  1.96     1.96     7.84     8.00     0.01    4.20   1.80   0.44
dm-0              0.00     0.00  0.00  0.00     0.00     0.00     0.00     0.00    0.00   0.00   0.00
dm-0              0.00     0.00  0.00 11793.53     0.00 47174.13     8.00  3556.23  300.95   0.04  43.53
dm-0              0.00     0.00  0.00  1.50     0.00     6.00     8.00     0.01    4.00   1.33   0.20
dm-0              0.00     0.00  0.00 7227.00     0.00 28908.00     8.00   698.23   28.53   0.01   6.95
dm-0              0.00     0.00  0.00 32.34     0.00   129.35     8.00   419.90 27929.54   4.34  14.03
dm-0              0.00     0.00  0.00  0.00     0.00     0.00     0.00     0.00    0.00   0.00   0.00
dm-0              0.00     0.00  0.50 13253.50     2.00 53014.00     8.00  4861.38  366.79   0.04  48.60
dm-0              0.00     0.00  0.00  6.00     0.00    24.00     8.00     0.02    3.33   0.33   0.20
dm-0              0.00     0.00  0.00 20.00     0.00    80.00     8.00     0.02    1.02   0.07   0.15
dm-0              0.00     0.00  0.00 112.50     0.00   450.00     8.00     1.76   15.64   0.36   4.00
dm-0              0.00     0.00  0.00  0.00     0.00     0.00     0.00     0.00    0.00   0.00   0.00
dm-0              0.00     0.00  0.00 6274.50     0.00 25098.00     8.00  1245.06  198.43   0.03  18.55
dm-0              0.00     0.00  0.00  0.00     0.00     0.00     0.00     0.00    0.00   0.00   0.00
dm-0              0.00     0.00  0.00  0.00     0.00     0.00     0.00     0.00    0.00   0.00   0.00
dm-0              0.00     0.00  0.00 16.50     0.00    66.00     8.00     0.00    0.15   0.09   0.15
dm-0              0.00     0.00  0.00  0.00     0.00     0.00     0.00     0.00    0.00   0.00   0.00
dm-0              0.00     0.00  0.00 17.50     0.00    70.00     8.00     0.01    0.83   0.06   0.10
dm-0              0.00     0.00  0.00  2.00     0.00     8.00     8.00     0.97    3.25 482.50  96.50
dm-0              0.00     0.00  4.00 45.00    16.00   180.00     8.00     0.15    1.58   2.23  10.95
dm-0              0.00     0.00  0.00  1.49     0.00     5.97     8.00     0.00    3.00   1.00   0.15
dm-0              0.00     0.00  0.00 18.50     0.00    74.00     8.00     0.02    0.97   0.05   0.10
dm-0              0.00     0.00  0.00  0.00     0.00     0.00     0.00     0.00    0.00   0.00   0.00
dm-0              0.00     0.00  0.00  0.50     0.00     2.00     8.00     0.97    4.00 1943.00  97.15
dm-0              0.00     0.00  0.00 13.00     0.00    52.00     8.00     0.32    0.96  24.08  31.30
dm-0              0.00     0.00  0.00  5.00     0.00    20.00     8.00     0.02    4.00   0.40   0.20
dm-0              0.00     0.00  0.00 13.00     0.00    52.00     8.00     0.01    0.88   0.08   0.10
dm-0              0.00     0.00  8.50 38.50    46.00   154.00     8.51     0.07    1.49   0.73   3.45
dm-0              0.00     0.00 32.00 45.50   142.00   182.00     8.36     0.33    4.28   2.92  22.60
dm-0              0.00     0.00 137.00 25.00   548.00   100.00     8.00     1.02    6.25   6.13  99.35
dm-0              0.00     0.00 118.91  0.00   475.62     0.00     8.00     0.88    7.46   7.41  88.16
dm-0              0.00     0.00  0.00 108.00     0.00   432.00     8.00     0.36    3.33   0.02   0.25
dm-0              0.00     0.00  0.00  2.43     0.00     9.71     8.00     0.00    1.00   0.20   0.05
dm-0              0.00     0.00  0.00  0.00     0.00     0.00     0.00     0.00    0.00   0.00   0.00
dm-0              0.00     0.00  0.00 45.63     0.00   182.52     8.00     0.08    1.78   0.05   0.24
dm-0              0.00     0.00 66.19  1.90  5674.29     7.62   166.88     0.07    1.01   0.73   5.00
dm-0              0.00     0.00 61.69 19.90  6053.73    79.60   150.34     0.11    1.37   0.70   5.72
dm-0              0.00     0.00 86.50  1.50  7368.00     6.00   167.59     0.08    0.93   0.68   5.95
dm-0              0.00     0.00 91.58  0.00  8118.81     0.00   177.30     0.06    0.61   0.57   5.25
dm-0              0.00     0.00 62.67 17.78  6206.22    71.11   156.07     0.07    0.86   0.57   4.58
dm-0              0.00     0.00 60.98  0.00  5188.29     0.00   170.18     0.05    0.75   0.70   4.29
dm-0              0.00     0.00 90.00 20.50  7944.00    82.00   145.27     0.10    0.90   0.54   6.00
dm-0              0.00     0.00 91.87  6.22  8275.60    24.88   169.25     0.10    1.01   0.71   6.99
dm-0              0.00     0.00 93.00 17.50  8266.00    70.00   150.88     0.09    0.79   0.52   5.70
dm-0              0.00     0.00  7.50  0.00   898.00     0.00   239.47     0.01    1.27   1.27   0.95
dm-0              0.00     0.00  0.00 116.50     0.00   466.00     8.00     7.43   63.74   1.52  17.65
dm-0              0.00     0.00  0.00 21.50     0.00    86.00     8.00     0.02    1.00   0.07   0.15
dm-0              0.00     0.00  0.00  0.50     0.00     2.00     8.00     0.00    4.00   4.00   0.20
dm-0              0.00     0.00  0.50 19.00    64.00    76.00    14.36     0.03    1.49   0.59   1.15
dm-0              0.00     0.00  4.98 74.13    19.90   296.52     8.00     0.08    0.95   0.45   3.53
dm-0              0.00     0.00  0.00  2.50     0.00    10.00     8.00     0.00    1.00   0.20   0.05
dm-0              0.00     0.00  0.00  0.00     0.00     0.00     0.00     0.00    0.00   0.00   0.00
dm-0              0.00     0.00  0.00 19.50     0.00    78.00     8.00     0.02    1.08   0.13   0.25
dm-0              0.00     0.00  0.00  0.00     0.00     0.00     0.00     0.00    0.00   0.00   0.00
dm-0              0.00     0.00  0.00 15.50     0.00    62.00     8.00     0.00    0.10   0.03   0.05
dm-0              0.00     0.00  0.00  2.00     0.00     8.00     8.00     0.01    4.00   1.00   0.20
dm-0              0.00     0.00  0.00 30.50     0.00   122.00     8.00     0.03    1.03   0.08   0.25
dm-0              0.00     0.00  0.00  0.00     0.00     0.00     0.00     0.00    0.00   0.00   0.00
dm-0              0.00     0.00  0.00 38.00     0.00   152.00     8.00     0.02    0.63   0.08   0.30
dm-0              0.00     0.00  0.00  0.00     0.00     0.00     0.00     0.00    0.00   0.00   0.00
dm-0              0.00     0.00  0.00  5.97     0.00    23.88     8.00     0.02    3.00   0.25   0.15
dm-0              0.00     0.00  0.50 25.50     2.00   102.00     8.00     0.05    2.08   0.48   1.25
dm-0              0.00     0.00  0.00 46.50     0.00   186.00     8.00     0.11    2.28   0.05   0.25
dm-0              0.00     0.00  0.00 11.00     0.00    44.00     8.00     0.01    0.95   0.09   0.10
dm-0              0.00     0.00  0.00  0.00     0.00     0.00     0.00     0.00    0.00   0.00   0.00
dm-0              0.00     0.00  0.00  0.00     0.00     0.00     0.00     0.00    0.00   0.00   0.00
dm-0              0.00     0.00  0.00 14.00     0.00    56.00     8.00     0.01    0.96   0.07   0.10
dm-0              0.00     0.00  0.50  3.00     2.00    12.00     8.00     0.01    3.57   3.14   1.10
dm-0              0.00     0.00  0.00 34.65     0.00   138.61     8.00     0.03    0.99   0.04   0.15
dm-0              0.00     0.00  0.00  0.00     0.00     0.00     0.00     0.00    0.00   0.00   0.00
dm-0              0.00     0.00  0.00  2.00     0.00     8.00     8.00     0.01    4.00   1.00   0.20
dm-0              0.00     0.00  0.00 23.74     0.00    94.98     8.00     0.03    1.27   0.06   0.14
dm-0              0.00     0.00  0.00 12.25     0.00    49.02     8.00     0.03    2.60   0.16   0.20
dm-0              0.00     0.00  0.00 12254.50     0.00 49018.00     8.00  1591.20   37.25   0.01  11.50
dm-0              0.00     0.00  0.00 48.00     0.00   192.00     8.00  2346.05 72516.25   7.21  34.60
dm-0              0.00     0.00  0.00 387.86     0.00  1551.46     8.00     4.09   10.54   0.03   1.31
dm-0              0.00     0.00  0.00 12713.00     0.00 50852.00     8.00  3709.97  291.82   0.05  67.50
dm-0              0.00     0.00  0.00 163.50     0.00   654.00     8.00     1.17    7.13   0.03   0.50
dm-0              0.00     0.00  1.98 1240.10     7.92  4960.40     8.00    27.38   21.98   0.32  40.00
dm-0              0.00     0.00  5.00 1156.50   390.00  4626.00     8.64    22.98   19.86   0.37  42.40
dm-0              0.00     0.00  0.00 180.00     0.00   720.00     8.00     1.33    7.39   0.06   1.05
dm-0              0.00     0.00  0.00 724.14     0.00  2896.55     8.00    13.81   19.07   0.31  22.56
dm-0              0.00     0.00  0.00  0.00     0.00     0.00     0.00     0.00    0.00   0.00   0.00
dm-0              0.00     0.00  0.00  2.50     0.00    10.00     8.00     0.01    3.00   0.80   0.20
dm-0              0.00     0.00  0.00 2726.50     0.00 10906.00     8.00   166.92   61.22   0.03   7.70
dm-0              0.00     0.00  0.00  0.00     0.00     0.00     0.00     0.00    0.00   0.00   0.00
dm-0              0.00     0.00  2.00 3140.00   130.00 12560.00     8.08   203.82   64.87   0.03   9.00
dm-0              0.00     0.00 227.00  0.00 19030.00     0.00   167.67     0.67    2.78   1.84  41.85
dm-0              0.00     0.00 225.50 1125.50 20244.00  4502.00    36.63    29.13   21.58   0.55  73.75
dm-0              0.00     0.00 41.01  0.00  4201.89     0.00   204.92     0.30    7.50   3.55  14.57
dm-0              0.00     0.00 21.69 4165.06   775.90 16660.24     8.33   153.40   36.64   0.11  46.63
dm-0              0.00     0.00 280.00  0.50 25442.00     2.00   181.42     2.54    9.05   2.87  80.50
dm-0              0.00     0.00 297.01  0.00 26967.16     0.00   181.59     3.53   11.86   3.05  90.60
dm-0              0.00     0.00 431.19 3876.24 30792.08 15504.95    21.50   348.39   80.88   0.22  95.69
dm-0              0.00     0.00 41.29  0.00  4398.01     0.00   213.01     0.26    6.24   3.11  12.84
dm-0              0.00     0.00  0.00 61.50     0.00   246.00     8.00     0.45    7.29   0.09   0.55
dm-0              0.00     0.00  0.00  0.00     0.00     0.00     0.00     0.00    0.00   0.00   0.00
dm-0              0.00     0.00  0.00  0.00     0.00     0.00     0.00     0.00    0.00   0.00   0.00
dm-0              0.00     0.00 69.50 14.00  3690.00    56.00    89.72     1.58   18.93   1.59  13.25
dm-0              0.00     0.00 59.22  0.00  5545.63     0.00   187.28     0.10    1.76   1.17   6.96
dm-0              0.00     0.00 134.98 105.91 12496.55   423.65   107.27     1.35    5.48   1.79  43.05
dm-0              0.00     0.00 213.43  0.00 16394.03     0.00   153.62     0.77    3.72   2.43  51.94
dm-0              0.00     0.00 191.55  0.00 12927.70     0.00   134.98     0.76    3.92   2.00  38.22
dm-0              0.00     0.00 198.02 14.36 17744.55    57.43   167.65     0.98    4.65   2.47  52.43
dm-0              0.00     0.00 224.63  0.00 19795.07     0.00   176.25     1.94    8.62   2.58  57.98
dm-0              0.00     0.00 272.50 30.50 20478.00   122.00   135.97     1.51    4.96   1.78  53.90
dm-0              0.00     0.00 298.06  0.00 25438.83     0.00   170.70     1.38    4.65   2.12  63.20
dm-0              0.00     0.00 102.46 95.07  8011.82   380.30    84.97     0.40    2.03   0.99  19.56
dm-0              0.00     0.00 32.60  0.37  2013.19     1.47   122.22     0.11    3.33   1.12   3.70
dm-0              0.00     0.00 136.32 20.90  7424.88    83.58    95.52     1.55    9.83   1.79  28.21
dm-0              0.00     0.00 73.00  0.00  5288.00     0.00   144.88     0.23    2.80   1.88  13.75
dm-0              0.00     0.00 71.50  0.00  6322.00     0.00   176.84     0.19    3.08   2.16  15.45
dm-0              0.00     0.00 124.38 21.89  8296.52    87.56   114.64     0.63    4.30   1.26  18.41
dm-0              0.00     0.00 195.50  0.00 17652.00     0.00   180.58     2.07    9.88   3.13  61.10
dm-0              0.00     0.00 330.00 23.00 28230.00    92.00   160.46     3.45   10.17   2.69  95.00
dm-0              0.00     0.00 175.50 27.50 14522.00   110.00   144.16     0.65    3.18   1.19  24.10
dm-0              0.00     0.00 230.50  0.00 20564.00     0.00   178.43     0.53    2.30   1.85  42.65
dm-0              0.00     0.00 255.00 92.50 21796.00   370.00   127.57     1.82    5.24   1.45  50.45
dm-0              0.00     0.00 155.50  0.00 14034.00     0.00   180.50     0.12    0.79   0.52   8.05
dm-0              0.00     0.00  0.00  0.00     0.00     0.00     0.00     0.00    0.00   0.00   0.00
dm-0              0.00     0.00  1.99 12.44    13.93    49.75     8.83     0.03    2.41   0.83   1.19
dm-0              0.00     0.00  0.00  0.00     0.00     0.00     0.00     0.00    0.00   0.00   0.00
dm-0              0.00     0.00  0.00 19.50     0.00    78.00     8.00     0.01    0.64   0.10   0.20
dm-0              0.00     0.00  0.00  0.00     0.00     0.00     0.00     0.00    0.00   0.00   0.00
dm-0              0.00     0.00  0.50  0.00    64.00     0.00   256.00     0.01   25.00  25.00   1.25
dm-0              0.00     0.00  0.00 22.00     0.00    88.00     8.00     0.03    1.25   0.18   0.40
dm-0              0.00     0.00  0.00  0.00     0.00     0.00     0.00     0.00    0.00   0.00   0.00
dm-0              0.00     0.00  0.00 17.50     0.00    70.00     8.00     0.02    1.09   0.09   0.15
dm-0              0.00     0.00  0.00  0.00     0.00     0.00     0.00     0.00    0.00   0.00   0.00
dm-0              0.00     0.00  0.00  0.00     0.00     0.00     0.00     0.00    0.00   0.00   0.00
dm-0              0.00     0.00 45.81 12.81  1950.74    51.23    68.30     1.35   22.99   1.54   9.01
dm-0              0.00     0.00 165.50  0.00 14638.00     0.00   176.89     0.72    4.34   1.71  28.35
dm-0              0.00     0.00 112.00 27.00 10480.00   108.00   152.35     0.31    2.04   1.03  14.25
dm-0              0.00     0.00 256.05  0.00 23440.36     0.00   183.09     1.86    7.35   2.66  68.12
dm-0              0.00     0.00 293.50  0.00 24376.00     0.00   166.11     2.23    7.62   1.80  52.70
dm-0              0.00     0.00 293.50 30.00 26326.00   120.00   163.50     2.72    8.42   1.94  62.90
dm-0              0.00     0.00 177.00  0.00 15958.00     0.00   180.32     1.38    7.78   1.62  28.75
dm-0              0.00     0.00 97.50 2364.00  7422.00  9456.00    13.71   127.61   51.84   0.11  28.25
dm-0              0.00     0.00 395.50 4363.50 34616.00 17454.00    21.88   224.37   47.08   0.20  97.40
dm-0              0.00     0.00 159.00 2955.00 14502.00 11820.00    16.91   101.82   32.80   0.32  99.75
dm-0              0.00     0.00 384.08  0.00 34612.94     0.00   180.24     7.50   19.60   2.49  95.57
dm-0              0.00     0.00 179.50  0.00 14354.00     0.00   159.93     4.18   23.30   2.11  37.90
dm-0              0.00     0.00 91.00 6507.50  6236.00 26030.00     9.78  1497.67  226.97   0.08  52.80
dm-0              0.00     0.00 322.50 186.00 29156.00   744.00   117.60    16.04   30.95   1.78  90.65
dm-0              0.00     0.00 395.52 159.70 35024.88   638.81   128.47    11.72   20.22   1.79  99.50
dm-0              0.00     0.00 360.59 3409.36 29493.60 13637.44    22.88   361.00   95.96   0.25  96.06
dm-0              0.00     0.00 113.30 285.71  7310.34  1142.86    42.37     2.56    6.13   0.66  26.35
dm-0              0.00     0.00 414.43 156.22 38151.24   624.88   135.90    13.20   22.86   1.74  99.50
dm-0              0.00     0.00 371.50  0.00 30762.00     0.00   165.61    18.77   43.50   2.62  97.40
dm-0              0.00     0.00 352.50 1746.50 29130.00  6986.00    34.41   146.03   69.00   0.48 100.05
dm-0              0.00     0.00 634.50  0.00 39972.00     0.00   126.00    16.28   26.85   1.58 100.05
dm-0              0.00     0.00 84.50  0.00  6490.00     0.00   153.61     1.40   55.82   2.74  23.15
dm-0              0.00     0.00  9.00 6648.00   164.00 26592.00     8.04   953.30  143.20   0.03  17.00
dm-0              0.00     0.00 19.40  0.00   358.21     0.00    36.92     0.27   14.59   1.85   3.58
dm-0              0.00     0.00 69.00 24.00  6406.00    96.00   139.83     1.29   12.77   2.19  20.40
dm-0              0.00     0.00 390.50  0.00 36176.00     0.00   185.28     6.18   15.75   2.56 100.05
dm-0              0.00     0.00 333.50  0.00 29774.00     0.00   178.55     4.92   15.06   2.71  90.50
dm-0              0.00     0.00 221.50 5126.00 20320.00 20504.00    15.27   838.06  156.73   0.10  53.60
dm-0              0.00     0.00 201.00  0.00 18130.00     0.00   180.40     0.18    0.92   0.73  14.60
dm-0              0.00     0.00  5.00 1325.00   640.00  5300.00     8.93    50.76   38.17   0.03   4.50
dm-0              0.00     0.00  0.00  0.00     0.00     0.00     0.00     0.00    0.00   0.00   0.00
dm-0              0.00     0.00  1.00  0.00     4.00     0.00     8.00     0.02   15.50  15.50   1.55
dm-0              0.00     0.00  0.00 91.54     0.00   366.17     8.00     0.36    3.97   0.11   1.04
dm-0              0.00     0.00  0.00  0.00     0.00     0.00     0.00     0.00    0.00   0.00   0.00
dm-0              0.00     0.00  0.00  0.00     0.00     0.00     0.00     0.00    0.00   0.00   0.00
dm-0              0.00     0.00 12.50 19.50   322.00    78.00    25.00     0.18    5.67   0.75   2.40
dm-0              0.00     0.00  0.00  0.00     0.00     0.00     0.00     0.00    0.00   0.00   0.00
dm-0              0.00     0.00 15.00 74.00    62.00   296.00     8.04     0.20    2.19   1.08   9.65
dm-0              0.00     0.00  0.00  0.00     0.00     0.00     0.00     0.00    0.00   0.00   0.00
dm-0              0.00     0.00 262.50 49.50 13882.00   198.00    90.26    20.67   64.46   1.59  49.70
dm-0              0.00     0.00 350.50  0.00 33184.00     0.00   189.35    17.50   44.25   2.85 100.05
dm-0              0.00     0.00 387.56  0.00 34228.86     0.00   176.64    29.57   74.63   2.57  99.55
dm-0              0.00     0.00 391.50 15.50 35632.00    62.00   175.40    32.23   58.26   2.45  99.70
dm-0              0.00     0.00 457.00  0.00 39904.00     0.00   174.63    35.77  103.31   2.19 100.05
dm-0              0.00     0.00 430.00  4.50 38812.00    18.00   178.73    30.54   60.99   2.31 100.25
dm-0              0.00     0.00 387.50 40.00 33982.00   160.00   159.73    55.17  125.32   2.34 100.10
dm-0              0.00     0.00 393.00  0.00 35602.00     0.00   181.18    37.08   99.47   2.55 100.05
dm-0              0.00     0.00 384.00 53.00 35442.00   212.00   163.18    30.39   64.93   2.29 100.00
dm-0              0.00     0.00 370.00  0.00 32704.00     0.00   176.78    26.13   86.55   2.60  96.35
dm-0              0.00     0.00 355.50 16.50 33236.00    66.00   179.04    38.48   84.98   2.53  94.20
dm-0              0.00     0.00 379.60 67.66 32688.56   270.65   147.38    36.64   84.03   2.23  99.60
dm-0              0.00     0.00 372.00  0.00 35868.00     0.00   192.84    41.20  103.97   2.69 100.10
dm-0              0.00     0.00 341.00 72.00 30274.00   288.00   148.00    22.41   70.19   2.04  84.15
dm-0              0.00     0.00 173.58 168.40 15662.26   673.58    95.54    10.86   36.52   1.62  55.33
dm-0              0.00     0.00 352.50 62.00 32534.00   248.00   158.18    22.33   47.09   2.34  96.90
dm-0              0.00     0.00 372.91 52.71 34078.82   210.84   161.13    25.82   66.22   2.30  97.68
dm-0              0.00     0.00 284.73 137.93 26384.24   551.72   127.46    14.88   36.47   1.82  76.90
dm-0              0.00     0.00 398.50 37.00 35694.00   148.00   164.60    18.82   40.11   2.27  98.70
dm-0              0.00     0.00 369.15  0.00 32049.75     0.00   173.64    24.07   64.61   2.71 100.20
dm-0              0.00     0.00 363.68 17.41 33687.56    69.65   177.16    18.47   42.54   2.61  99.60
dm-0              0.00     0.00 393.00  0.00 33866.00     0.00   172.35    14.97   44.45   2.55 100.05
dm-0              0.00     0.00 345.00  0.00 29866.00     0.00   173.14    13.12   41.02   2.45  84.40
dm-0              0.00     0.00 410.00 20.50 36120.00    82.00   168.19    10.70   24.90   2.31  99.60
dm-0              0.00     0.00 368.00  0.00 30402.00     0.00   165.23    11.15   26.14   2.72 100.00
dm-0              0.00     0.00 387.56 14.43 34517.41    57.71   172.02    10.69   30.99   2.48  99.75
dm-0              0.00     0.00 315.50  0.00 27872.00     0.00   176.68     2.63    8.42   2.97  93.80
dm-0              0.00     0.00 12.50  0.00  1286.00     0.00   205.76     0.04    3.40   2.12   2.65
dm-0              0.00     0.00  4.00 47.50    16.00   190.00     8.00     0.16    3.10   0.55   2.85
dm-0              0.00     0.00  0.00  0.00     0.00     0.00     0.00     0.00    0.00   0.00   0.00
dm-0              0.00     0.00  0.00 16.00     0.00    64.00     8.00     0.01    0.94   0.06   0.10
dm-0              0.00     0.00  0.00  0.00     0.00     0.00     0.00     0.00    0.00   0.00   0.00
dm-0              0.00     0.00 13.50  0.00   324.00     0.00    48.00     0.13    9.52   1.85   2.50
dm-0              0.00     0.00  0.00 46.50     0.00   186.00     8.00     0.07    1.47   0.15   0.70
dm-0              0.00     0.00 48.26  0.00   881.59     0.00    36.54     0.18    3.80   1.87   9.00
dm-0              0.00     0.00 76.50  0.00  3544.00     0.00    92.65     0.71    9.29   2.71  20.70
dm-0              0.00     0.00 381.00 74.00 33602.00   296.00   149.00     7.03   15.47   1.83  83.10
dm-0              0.00     0.00 389.60  0.00 34728.71     0.00   178.28     4.05   10.36   1.88  73.22
dm-0              0.00     0.00 460.50 27.00 41818.00   108.00   172.00     9.46   19.07   2.04  99.50
dm-0              0.00     0.00 469.95  0.00 43598.03     0.00   185.54     8.71   18.68   2.13 100.15
dm-0              0.00     0.00 459.50 27.00 42020.00   108.00   173.19     8.98   17.93   2.06 100.00
dm-0              0.00     0.00 417.91 68.66 35530.35   274.63   147.17     9.83   20.93   1.72  83.58
dm-0              0.00     0.00 136.63 83.17 11615.84   332.67   108.72     1.82    8.16   1.66  36.53
dm-0              0.00     0.00 446.00 34.00 36392.00   136.00   152.20    20.34   39.71   2.09 100.10
dm-0              0.00     0.00 345.00  0.00 30626.00     0.00   177.54    29.19   79.44   2.90 100.05
dm-0              0.00     0.00 355.50 16.00 31320.00    64.00   168.96    18.29   52.67   2.69 100.05
dm-0              0.00     0.00 371.00  0.00 25858.00     0.00   139.40    27.14   76.31   1.94  72.10
dm-0              0.00     0.00 411.50  0.00 34698.00     0.00   168.64    17.50   41.30   2.43 100.00
dm-0              0.00     0.00 389.00 31.50 31286.00   126.00   149.40    27.71   64.50   2.38 100.05
dm-0              0.00     0.00 348.76  0.00 31669.65     0.00   181.61    13.35   42.95   2.86  99.70
dm-0              0.00     0.00 391.50 21.00 32832.00    84.00   159.59    18.18   42.91   2.43 100.10
dm-0              0.00     0.00 383.00  0.00 31272.00     0.00   163.30    10.62   28.45   2.61 100.10
dm-0              0.00     0.00 399.50  0.00 34570.00     0.00   173.07    11.58   29.15   2.50 100.05
dm-0              0.00     0.00 397.50 22.00 33166.00    88.00   158.54     9.41   22.77   2.38 100.05
dm-0              0.00     0.00 352.00  0.00 31658.00     0.00   179.88     2.74    7.53   2.81  98.90
dm-0              0.00     0.00 319.50 22.50 28896.00    90.00   169.51     2.84    8.75   2.90  99.20
dm-0              0.00     0.00 178.50  0.00 16354.00     0.00   183.24     0.70    4.12   1.61  28.75
dm-0              0.00     0.00  0.00  0.00     0.00     0.00     0.00     0.00    0.00   0.00   0.00
dm-0              0.00     0.00 18.00 128.00    78.00   512.00     8.08     0.40    2.74   0.69  10.10
dm-0              0.00     0.00  0.00  0.00     0.00     0.00     0.00     0.00    0.00   0.00   0.00
dm-0              0.00     0.00  0.00 24.00     0.00    96.00     8.00     0.03    1.38   0.08   0.20
dm-0              0.00     0.00  0.00  0.00     0.00     0.00     0.00     0.00    0.00   0.00   0.00
dm-0              0.00     0.00  0.00  0.00     0.00     0.00     0.00     0.00    0.00   0.00   0.00
dm-0              0.00     0.00 14.50 14.00   304.00    56.00    25.26     0.10    3.53   0.82   2.35
dm-0              0.00     0.00  0.00  0.00     0.00     0.00     0.00     0.00    0.00   0.00   0.00
dm-0              0.00     0.00 104.00  0.00  1166.00     0.00    22.42     0.58    5.62   1.66  17.25
dm-0              0.00     0.00 84.08 43.28  2895.52   173.13    48.19     1.47   11.54   1.76  22.39
dm-0              0.00     0.00 91.00  0.00  8124.00     0.00   178.55     0.28    3.04   1.81  16.45
dm-0              0.00     0.00 266.01 62.56 24382.27   250.25   149.94     1.76    5.35   1.52  49.80
dm-0              0.00     0.00 427.84  0.00 38732.55     0.00   181.06     7.27   16.94   2.14  91.69
dm-0              0.00     0.00 478.50 40.00 36010.00   160.00   139.52     7.35   13.54   1.93 100.05
dm-0              0.00     0.00 381.68  0.00 30928.71     0.00   162.06     6.66   18.28   2.58  98.66
dm-0              0.00     0.00 442.16 50.98 37239.22   203.92   151.86    10.68   21.50   2.01  99.02
dm-0              0.00     0.00 474.00  0.00 42112.00     0.00   177.69     8.88   18.35   2.12 100.30
dm-0              0.00     0.00 304.00  0.00 27810.00     0.00   182.96     7.65   24.16   2.21  67.15
dm-0              0.00     0.00 381.07 147.09 33920.39   588.35   130.68    11.66   22.56   1.86  98.06
dm-0              0.00     0.00 450.25 61.69 34398.01   246.77   135.35    11.83   23.09   1.93  98.56
dm-0              0.00     0.00 410.50  0.00 33606.00     0.00   163.73    23.51   55.28   2.44 100.10
dm-0              0.00     0.00 394.00 60.50 33212.00   242.00   147.21    22.30   45.35   2.20 100.00
dm-0              0.00     0.00 442.00  0.00 39548.00     0.00   178.95    17.55   43.25   2.26 100.10
dm-0              0.00     0.00 478.50 33.00 39670.00   132.00   155.63    19.29   39.01   1.96 100.05
dm-0              0.00     0.00 444.50  0.00 39532.00     0.00   177.87    16.35   37.11   2.25 100.05
dm-0              0.00     0.00 433.00  0.00 37326.00     0.00   172.41     9.26   22.35   2.31 100.15
dm-0              0.00     0.00 374.63 33.83 33765.17   135.32   165.99     9.80   24.08   2.44  99.55
dm-0              0.00     0.00 383.50  0.00 31794.00     0.00   165.81     4.43   11.59   2.23  85.70
dm-0              0.00     0.00 321.00 37.50 22168.00   150.00   124.51     0.45    1.25   0.48  17.15
dm-0              0.00     0.00 209.00  0.00 14174.00     0.00   135.64     0.32    1.55   0.43   8.95
dm-0              0.00     0.00 10.50 61.50    50.00   246.00     8.22     0.12    1.67   0.64   4.60
dm-0              0.00     0.00  0.00  0.00     0.00     0.00     0.00     0.00    0.00   0.00   0.00
dm-0              0.00     0.00  0.00  0.00     0.00     0.00     0.00     0.00    0.00   0.00   0.00
dm-0              0.00     0.00  4.50 12.00   172.00    48.00    26.67     0.07    4.06   1.70   2.80
dm-0              0.00     0.00  0.00  0.00     0.00     0.00     0.00     0.00    0.00   0.00   0.00
dm-0              0.00     0.00  0.50 16.50    26.00    66.00    10.82     0.03    1.59   0.65   1.10
dm-0              0.00     0.00  0.00  0.00     0.00     0.00     0.00     0.00    0.00   0.00   0.00
dm-0              0.00     0.00  0.00  0.00     0.00     0.00     0.00     0.00    0.00   0.00   0.00
dm-0              0.00     0.00 104.00 127.50  4816.00   510.00    46.01     2.51   10.86   1.47  34.10
dm-0              0.00     0.00 344.00  0.00 25824.00     0.00   150.14    17.46   33.31   2.48  85.25
dm-0              0.00     0.00 377.00 31.50 29334.00   126.00   144.24    28.45   78.98   2.45 100.15
dm-0              0.00     0.00 349.50  0.00 29518.00     0.00   168.92    21.94   46.56   2.86 100.10
dm-0              0.00     0.00 359.00  0.00 30132.00     0.00   167.87    34.72   94.97   2.79 100.05
dm-0              0.00     0.00 350.00 38.50 31650.00   154.00   163.73    24.75   71.89   2.58 100.05
dm-0              0.00     0.00 396.00  0.00 32666.00     0.00   164.98    36.76   94.03   2.53 100.00
dm-0              0.00     0.00 334.33 25.87 31247.76   103.48   174.08    32.79  101.51   2.76  99.55
dm-0              0.00     0.00 353.00 137.00 29820.00   548.00   123.95    19.80   40.37   1.90  93.20
dm-0              0.00     0.00 359.50  0.00 31516.00     0.00   175.33    22.73   59.14   2.78 100.05
dm-0              0.00     0.00 389.00 22.50 31854.00    90.00   155.26    22.48   50.62   2.43 100.05
dm-0              0.00     0.00 373.00  0.00 32292.00     0.00   173.15    20.61   64.90   2.68 100.10
dm-0              0.00     0.00 364.00 42.50 29226.00   170.00   144.63    15.00   35.98   2.02  82.05
dm-0              0.00     0.00 360.00  0.00 32722.00     0.00   181.79    26.50   70.47   2.78 100.05
dm-0              0.00     0.00 380.00  0.00 33174.00     0.00   174.60    17.01   47.86   2.63 100.05
dm-0              0.00     0.00 360.00 30.00 31888.00   120.00   164.14    16.19   40.07   2.56 100.00
dm-0              0.00     0.00 373.63  0.00 32608.96     0.00   174.55    14.86   40.13   2.67  99.65
dm-0              0.00     0.00 334.00 32.00 30712.00   128.00   168.52    13.68   39.64   2.73 100.05
dm-0              0.00     0.00 358.50  0.00 31068.00     0.00   173.32    12.28   31.47   2.79 100.05
dm-0              0.00     0.00 324.00  0.00 26420.00     0.00   163.09     4.42   18.13   2.60  84.10
dm-0              0.00     0.00  4.00 41.00   260.00   164.00    18.84     0.13    3.89   0.52   2.35
dm-0              0.00     0.00  0.00  0.00     0.00     0.00     0.00     0.00    0.00   0.00   0.00
dm-0              0.00     0.00 11.50 29.50   212.00   118.00    16.10     0.28    2.89   0.73   3.00
dm-0              0.00     0.00 242.79  0.00 18087.56     0.00   149.00     3.48   14.99   2.67  64.88
dm-0              0.00     0.00 272.00  0.00 22320.00     0.00   164.12     5.45   19.86   2.52  68.55
dm-0              0.00     0.00 406.00 149.00 34576.00   596.00   126.75     9.11   14.94   1.78  99.00
dm-0              0.00     0.00 394.65  0.00 32446.09     0.00   164.43     4.56   13.36   2.04  80.45
dm-0              0.00     0.00 219.40 27.86 19074.63   111.44   155.19     1.19    4.77   2.68  66.27
dm-0              0.00     0.00 378.00  0.00 34104.00     0.00   180.44     5.74   14.80   2.25  85.00
dm-0              0.00     0.00 451.00  0.00 36934.00     0.00   163.79    14.08   31.13   2.22 100.10
dm-0              0.00     0.00 373.63 83.08 28501.49   332.34   126.27    21.80   47.61   2.18  99.60
dm-0              0.00     0.00 288.00  0.00 24966.00     0.00   173.38    11.22   32.84   2.58  74.30
dm-0              0.00     0.00 451.50 72.50 34682.00   290.00   133.48    16.05   33.98   1.91 100.15
dm-0              0.00     0.00 412.50  0.00 34008.00     0.00   164.89    16.78   40.92   2.43 100.10
dm-0              0.00     0.00 350.00  0.00 28430.00     0.00   162.46     3.88   11.36   2.83  98.95
dm-0              0.00     0.00 372.00 170.50 27872.00   682.00   105.27     4.80    8.96   1.62  87.95
dm-0              0.00     0.00 369.65 18.91 28057.71    75.62   144.81     2.88    7.38   2.16  83.83
dm-0              0.00     0.00 303.50 52.50 24718.00   210.00   140.04     1.56    4.42   1.79  63.60
dm-0              0.00     0.00  0.00  0.00     0.00     0.00     0.00     0.00    0.00   0.00   0.00
dm-0              0.00     0.00  0.00  0.00     0.00     0.00     0.00     0.00    0.00   0.00   0.00
dm-0              0.00     0.00  0.00 20.00     0.00    80.00     8.00     0.02    0.88   0.05   0.10
dm-0              0.00     0.00  0.00  0.00     0.00     0.00     0.00     0.00    0.00   0.00   0.00
dm-0              0.00     0.00  0.00  0.00     0.00     0.00     0.00     0.00    0.00   0.00   0.00
dm-0              0.00     0.00  0.00 12.50     0.00    50.00     8.00     0.00    0.24   0.12   0.15
dm-0              0.00     0.00  0.00  0.00     0.00     0.00     0.00     0.00    0.00   0.00   0.00
dm-0              0.00     0.00  0.00 11.00     0.00    44.00     8.00     0.01    1.00   0.14   0.15
dm-0              0.00     0.00  0.00  0.00     0.00     0.00     0.00     0.00    0.00   0.00   0.00
dm-0              0.00     0.00 94.00  0.00  7432.00     0.00   158.13     0.49    5.16   1.64  15.40
dm-0              0.00     0.00 297.61 90.91 27020.10   363.64   140.97     3.54    8.89   1.60  62.34
dm-0              0.00     0.00 263.59 15.67 24235.94    62.67   174.02     4.12   15.02   2.18  60.97
dm-0              0.00     0.00 336.00 37.00 30872.00   148.00   166.33     2.47    6.62   1.40  52.05
dm-0              0.00     0.00 414.15  0.00 38257.56     0.00   184.75     4.68   11.07   1.95  80.63
dm-0              0.00     0.00 442.50 52.00 38296.00   208.00   155.73     5.69   11.70   1.90  93.80
dm-0              0.00     0.00 421.39  0.00 38378.11     0.00   182.15     6.63   15.32   2.22  93.73
dm-0              0.00     0.00 358.71 144.78 32535.32   579.10   131.54     7.02   14.07   1.93  96.97
dm-0              0.00     0.00 428.64 44.72 35244.22   178.89   149.66    10.54   22.46   2.08  98.29
dm-0              0.00     0.00 359.50  0.00 25288.00     0.00   140.68     5.70   15.93   2.43  87.40
dm-0              0.00     0.00 217.41 48.26 16873.63   193.03   128.48     3.52   13.25   2.10  55.77
dm-0              0.00     0.00 149.50 91.50 12910.00   366.00   110.17     2.12    8.83   2.37  57.20
dm-0              0.00     0.00 333.83 58.71 25426.87   234.83   130.75     4.08   10.36   2.05  80.50
dm-0              0.00     0.00 415.50 56.00 31272.00   224.00   133.60     4.58    9.68   2.07  97.75
dm-0              0.00     0.00 85.00  0.00  8264.00     0.00   194.45     0.19    2.67   1.30  11.05
dm-0              0.00     0.00 55.50 46.50   710.00   186.00    17.57     0.31    3.00   1.22  12.45
dm-0              0.00     0.00  0.00  0.00     0.00     0.00     0.00     0.00    0.00   0.00   0.00
dm-0              0.00     0.00 107.50  0.00   474.00     0.00     8.82     0.90    8.34   8.07  86.70
dm-0              0.00     0.00 155.50 33.50   622.00   134.00     8.00     1.05    5.55   5.22  98.60
dm-0              0.00     0.00 38.31  0.00   153.23     0.00     8.00     0.30    7.77   7.70  29.50
dm-0              0.00     0.00  0.50 96.50     2.00   386.00     8.00     0.34    3.49   0.14   1.40
dm-0              0.00     0.00  0.00  0.00     0.00     0.00     0.00     0.00    0.00   0.00   0.00
dm-0              0.00     0.00  0.00  0.00     0.00     0.00     0.00     0.00    0.00   0.00   0.00
dm-0              0.00     0.00  0.00 11.00     0.00    44.00     8.00     0.01    0.95   0.09   0.10
dm-0              0.00     0.00  0.00  0.00     0.00     0.00     0.00     0.00    0.00   0.00   0.00
dm-0              0.00     0.00  0.00 14.50     0.00    58.00     8.00     0.01    0.93   0.07   0.10
dm-0              0.00     0.00  0.00  0.00     0.00     0.00     0.00     0.00    0.00   0.00   0.00
dm-0              0.00     0.00  0.00  0.00     0.00     0.00     0.00     0.00    0.00   0.00   0.00
dm-0              0.00     0.00  0.00 169.00     0.00   676.00     8.00     9.29   54.97   1.16  19.65
dm-0              0.00     0.00  2.49  0.00   141.29     0.00   113.60     0.05   20.20   5.60   1.39
dm-0              0.00     0.00  0.00 14.50     0.00    58.00     8.00     0.01    1.00   0.10   0.15
dm-0              0.00     0.00  0.00  0.00     0.00     0.00     0.00     0.00    0.00   0.00   0.00
dm-0              0.00     0.00 51.00  0.00  3570.00     0.00   140.00     1.25   23.45   2.94  15.00
dm-0              0.00     0.00 325.50 65.50 27780.00   262.00   143.44     4.22   10.58   2.01  78.50
dm-0              0.00     0.00 396.02 16.92 37044.78    67.66   179.75     7.65   18.36   2.33  96.37
dm-0              0.00     0.00 332.50 96.00 29286.00   384.00   138.48     7.55   17.94   2.07  88.75
dm-0              0.00     0.00 417.24  0.00 38486.70     0.00   184.48     8.54   20.64   2.38  99.21
dm-0              0.00     0.00 447.00  0.00 40274.00     0.00   180.20     9.23   20.16   2.23  99.75
dm-0              0.00     0.00 443.50 40.50 36522.00   162.00   151.59    22.03   42.00   2.07 100.05
dm-0              0.00     0.00 426.37 54.73 37313.43   218.91   156.03    14.87   34.22   2.07  99.70
dm-0              0.00     0.00 479.50 73.00 42908.00   292.00   156.38    11.39   21.00   1.82 100.50
dm-0              0.00     0.00 351.75  0.00 32107.02     0.00   182.55     5.48   15.85   2.54  89.52
dm-0              0.00     0.00 185.44  0.00 16745.63     0.00   180.61     0.67    3.63   1.69  31.26
dm-0              0.00     0.00 161.69 61.69 13739.30   246.77   125.22     0.73    3.28   1.17  26.17
dm-0              0.00     0.00 172.00  0.00 15040.00     0.00   174.88     0.30    1.77   1.22  20.95
dm-0              0.00     0.00 51.00 63.50  4536.00   254.00    83.67     0.27    2.32   1.00  11.45
dm-0              0.00     0.00  0.50  0.00     2.00     0.00     8.00     0.01   16.00  16.00   0.80
dm-0              0.00     0.00 15.50 37.00   392.00   148.00    20.57     0.28    5.37   0.85   4.45
dm-0              0.00     0.00  9.00  0.00   130.00     0.00    28.89     0.17   18.94   3.78   3.40
dm-0              0.00     0.00  1.00  0.00     4.00     0.00     8.00     0.01    6.00   6.00   0.60
dm-0              0.00     0.00  0.00 12.50     0.00    50.00     8.00     0.00    0.08   0.08   0.10
dm-0              0.00     0.00  0.00  0.00     0.00     0.00     0.00     0.00    0.00   0.00   0.00
dm-0              0.00     0.00  0.00  0.00     0.00     0.00     0.00     0.00    0.00   0.00   0.00
dm-0              0.00     0.00  0.00 11.00     0.00    44.00     8.00     0.01    0.95   0.09   0.10
dm-0              0.00     0.00  0.00  0.00     0.00     0.00     0.00     0.00    0.00   0.00   0.00
dm-0              0.00     0.00  0.00 31.00     0.00   124.00     8.00     0.05    1.53   0.13   0.40
dm-0              0.00     0.00  0.00  0.00     0.00     0.00     0.00     0.00    0.00   0.00   0.00
dm-0              0.00     0.00 13.50  0.00   324.00     0.00    48.00     0.11    8.30   1.63   2.20
dm-0              0.00     0.00 38.00 92.00   854.00   368.00    18.80     0.97    7.45   0.82  10.70
dm-0              0.00     0.00 34.33 24.38  3058.71    97.51   107.53     0.85   13.58   1.98  11.64
dm-0              0.00     0.00 456.00 29.50 31860.00   118.00   131.73     8.27   16.34   1.71  82.85
dm-0              0.00     0.00 373.00  0.00 30012.00     0.00   160.92    13.77   37.28   2.41  89.95
dm-0              0.00     0.00 425.37  0.00 34736.32     0.00   163.32     9.16   22.02   2.29  97.21
dm-0              0.00     0.00 414.42 14.90 37798.08    59.62   176.36     7.44   17.28   2.33  99.90
dm-0              0.00     0.00 410.50  0.00 37752.00     0.00   183.93     7.79   18.61   2.43  99.95
dm-0              0.00     0.00 488.50 65.50 42072.00   262.00   152.83    17.36   30.58   1.81 100.00
dm-0              0.00     0.00 477.23 65.84 42259.41   263.37   156.60    18.99   34.89   1.84  99.90
dm-0              0.00     0.00 389.05 166.67 36274.63   666.67   132.95    15.12   28.06   1.67  92.79
dm-0              0.00     0.00 363.50 12.50 30850.00    50.00   164.36    17.52   43.01   2.26  84.95
dm-0              0.00     0.00 409.00 35.00 37602.00   140.00   170.01    15.94   38.80   2.25 100.05
dm-0              0.00     0.00 422.50 41.00 37068.00   164.00   160.66    18.62   39.46   2.15  99.45
dm-0              0.00     0.00 407.00  0.00 37834.00     0.00   185.92    11.65   28.77   2.46 100.10
dm-0              0.00     0.00 410.50 62.50 34284.00   250.00   146.02    10.50   22.91   2.12 100.15
dm-0              0.00     0.00 226.00  0.00 20878.00     0.00   184.76     1.72    8.15   2.07  46.85
dm-0              0.00     0.00  2.49 50.75    11.94   202.99     8.07     0.14    2.55   0.33   1.74
dm-0              0.00     0.00  0.00  0.00     0.00     0.00     0.00     0.00    0.00   0.00   0.00
dm-0              0.00     0.00  0.00  0.00     0.00     0.00     0.00     0.00    0.00   0.00   0.00
dm-0              0.00     0.00  3.00 15.00    12.00    60.00     8.00     0.04    2.31   0.42   0.75
dm-0              0.00     0.00  0.00  0.00     0.00     0.00     0.00     0.00    0.00   0.00   0.00
dm-0              0.00     0.00  0.00  0.00     0.00     0.00     0.00     0.00    0.00   0.00   0.00
dm-0              0.00     0.00  0.50 12.50     2.00    50.00     8.00     0.02    1.27   0.46   0.60
dm-0              0.00     0.00  0.00  0.00     0.00     0.00     0.00     0.00    0.00   0.00   0.00
dm-0              0.00     0.00  0.00 12.94     0.00    51.74     8.00     0.01    0.77   0.08   0.10
dm-0              0.00     0.00  0.00  0.00     0.00     0.00     0.00     0.00    0.00   0.00   0.00
dm-0              0.00     0.00  0.00  0.00     0.00     0.00     0.00     0.00    0.00   0.00   0.00
dm-0              0.00     0.00 18.00 83.50   190.00   334.00    10.33     0.36    3.52   0.16   1.65
dm-0              0.00     0.00  0.00  0.00     0.00     0.00     0.00     0.00    0.00   0.00   0.00
dm-0              0.00     0.00  6.00 22.00    82.00    88.00    12.14     0.06    2.12   0.41   1.15
dm-0              0.00     0.00 106.90  0.00  8760.59     0.00   163.91     3.10   29.04   2.61  27.88
dm-0              0.00     0.00 450.50 32.00 36282.00   128.00   150.92     9.93   16.43   1.70  82.00
dm-0              0.00     0.00 411.44 24.88 33669.65    99.50   154.79    12.99   32.78   2.27  99.00
dm-0              0.00     0.00 346.50  0.00 31580.00     0.00   182.28    10.73   32.13   2.62  90.80
dm-0              0.00     0.00 434.83 12.94 39476.62    51.74   176.56    11.43   25.88   2.23 100.00
dm-0              0.00     0.00 438.50 20.00 38532.00    80.00   168.43    11.39   24.71   2.18  99.90
dm-0              0.00     0.00 462.00 62.00 39478.00   248.00   151.63    11.97   21.00   1.90  99.70
dm-0              0.00     0.00 461.69 144.78 38155.22   579.10   127.74    12.58   22.58   1.64  99.65
dm-0              0.00     0.00 344.50 56.00 29276.00   224.00   147.32     5.38   13.46   2.07  83.00
dm-0              0.00     0.00 362.00  0.00 31030.00     0.00   171.44     5.09   13.81   2.71  98.25
dm-0              0.00     0.00 304.50 39.00 22864.00   156.00   134.03     5.19   14.70   2.35  80.60
dm-0              0.00     0.00 375.00 30.00 29518.00   120.00   146.36     8.44   21.32   2.40  97.35
dm-0              0.00     0.00 247.00 44.00 20406.00   176.00   141.46     1.75    6.20   2.34  68.00
dm-0              0.00     0.00 80.10  0.00  7789.05     0.00   194.48     0.10    1.27   1.07   8.56
dm-0              0.00     0.00 11.00 62.00   366.00   248.00    16.82     0.23    3.13   1.05   7.65
dm-0              0.00     0.00  0.00  0.00     0.00     0.00     0.00     0.00    0.00   0.00   0.00
dm-0              0.00     0.00  1.50  0.00     6.00     0.00     8.00     0.01    8.33   8.33   1.25
dm-0              0.00     0.00  2.00 48.50    12.00   194.00     8.16     0.06    1.12   0.43   2.15
dm-0              0.00     0.00  0.00  0.00     0.00     0.00     0.00     0.00    0.00   0.00   0.00
dm-0              0.00     0.00  0.00  0.00     0.00     0.00     0.00     0.00    0.00   0.00   0.00
dm-0              0.00     0.00  0.00 12.00     0.00    48.00     8.00     0.01    1.00   0.12   0.15
dm-0              0.00     0.00  0.00  0.00     0.00     0.00     0.00     0.00    0.00   0.00   0.00
dm-0              0.00     0.00  0.00 10.95     0.00    43.78     8.00     0.01    0.95   0.09   0.10
dm-0              0.00     0.00  0.00  0.00     0.00     0.00     0.00     0.00    0.00   0.00   0.00
dm-0              0.00     0.00  2.00  0.00    30.00     0.00    30.00     0.00    2.00   2.00   0.40
dm-0              0.00     0.00 181.19 31.68 14001.98   126.73   132.74     1.98    9.30   2.07  44.01
dm-0              0.00     0.00 296.70  0.00 26052.83     0.00   175.62     2.12    7.02   2.93  87.03
dm-0              0.00     0.00 383.50 35.00 35070.00   140.00   168.27     6.26   14.80   2.38  99.55
dm-0              0.00     0.00 269.71 71.15 24548.08   284.62   145.70     4.56   13.67   2.27  77.45
dm-0              0.00     0.00 377.72  0.00 35164.36     0.00   186.19     4.73   12.40   2.37  89.65
dm-0              0.00     0.00 384.50 25.00 32164.00   100.00   157.58     5.85   13.84   2.43  99.35
dm-0              0.00     0.00 401.00  0.00 35560.00     0.00   177.36     9.00   22.91   2.48  99.40
dm-0              0.00     0.00 442.00 119.50 38648.00   478.00   139.36     9.83   17.24   1.73  97.40
dm-0              0.00     0.00 382.27  0.00 34778.33     0.00   181.96     9.28   24.38   2.20  84.04
dm-0              0.00     0.00 411.88  0.00 36788.12     0.00   178.63     8.09   19.87   2.37  97.72
dm-0              0.00     0.00 326.00 30.00 28292.00   120.00   159.62     6.75   18.48   2.16  76.85
dm-0              0.00     0.00 437.00 118.50 37672.00   474.00   137.34     7.30   12.99   1.72  95.40
dm-0              0.00     0.00 458.50  0.00 39118.00     0.00   170.63    10.00   22.34   2.18  99.75
dm-0              0.00     0.00 389.50 70.00 35352.00   280.00   155.09     6.07   13.36   2.17  99.60
dm-0              0.00     0.00 155.50 181.00 14480.00   724.00    90.37     0.70    2.08   0.73  24.45
dm-0              0.00     0.00  0.00  0.00     0.00     0.00     0.00     0.00    0.00   0.00   0.00
dm-0              0.00     0.00  0.00 29.00     0.00   116.00     8.00     0.04    1.47   0.09   0.25
dm-0              0.00     0.00  0.50  0.00     1.99     0.00     8.00     0.01   13.00  13.00   0.65
dm-0              0.00     0.00  0.00  0.00     0.00     0.00     0.00     0.00    0.00   0.00   0.00
dm-0              0.00     0.00 11.50 40.00    56.00   160.00     8.39     0.33    6.44   0.77   3.95
dm-0              0.00     0.00  0.00  0.00     0.00     0.00     0.00     0.00    0.00   0.00   0.00
dm-0              0.00     0.00  3.50  0.00    14.00     0.00     8.00     0.02    2.57   3.29   1.15
dm-0              0.00     0.00  4.50 32.00    18.00   128.00     8.00     0.09    2.85   0.74   2.70
dm-0              0.00     0.00  0.00  0.00     0.00     0.00     0.00     0.00    0.00   0.00   0.00
dm-0              0.00     0.00  0.00 13.50     0.00    54.00     8.00     0.01    0.93   0.07   0.10
dm-0              0.00     0.00 125.87  0.00  9166.17     0.00   145.64     2.24   17.51   2.74  34.53
dm-0              0.00     0.00 280.38 55.98 25552.15   223.92   153.26     2.17    6.50   2.10  70.53
dm-0              0.00     0.00 399.00 27.36 34993.03   109.45   164.66    10.07   23.47   2.21  94.08
dm-0              0.00     0.00 440.00  0.00 35730.00     0.00   162.41     7.28   16.42   2.23  98.20
dm-0              0.00     0.00 363.00 13.00 33684.00    52.00   179.45     6.17   16.53   2.18  81.80
dm-0              0.00     0.00 484.50  0.00 42268.00     0.00   174.48     9.03   17.79   2.07 100.05
dm-0              0.00     0.00 462.00  0.00 40430.00     0.00   175.02    14.82   32.49   2.17 100.05
dm-0              0.00     0.00 450.50 81.00 39092.00   324.00   148.32    22.32   37.55   1.88 100.10
dm-0              0.00     0.00 450.00  0.00 41716.00     0.00   185.40    14.07   36.22   2.23 100.15
dm-0              0.00     0.00 382.09 35.82 35255.72   143.28   169.41    12.57   30.20   2.38  99.65
dm-0              0.00     0.00 298.00 36.00 25338.00   144.00   152.59     8.59   24.13   2.21  73.95
dm-0              0.00     0.00 410.00  0.00 35864.00     0.00   174.95     9.96   26.45   2.44 100.05
dm-0              0.00     0.00 343.50 47.00 30612.00   188.00   157.75     6.29   16.01   2.51  98.00
dm-0              0.00     0.00 405.00  0.00 33568.00     0.00   165.77     7.29   15.91   2.42  98.10
dm-0              0.00     0.00 323.50 155.00 25070.00   620.00   107.38     6.52   15.56   1.48  71.05
dm-0              0.00     0.00 164.50  0.00 15216.00     0.00   185.00     0.24    1.48   1.04  17.05
dm-0              0.00     0.00  3.98  0.00    15.92     0.00     8.00     0.03    6.00   2.37   0.95
dm-0              0.00     0.00 39.00 97.00   430.00   388.00    12.03     0.40    2.93   0.93  12.60
dm-0              0.00     0.00  0.50  0.00     2.00     0.00     8.00     0.01   13.00  13.00   0.65
dm-0              0.00     0.00  0.00  0.00     0.00     0.00     0.00     0.00    0.00   0.00   0.00
dm-0              0.00     0.00  3.00 17.50    30.00    70.00     9.76     0.03    1.41   0.34   0.70
dm-0              0.00     0.00  5.00  0.00    40.00     0.00    16.00     0.00    0.60   0.10   0.05
dm-0              0.00     0.00  0.00 12.00     0.00    48.00     8.00     0.01    0.92   0.08   0.10
dm-0              0.00     0.00  3.50  0.00    14.00     0.00     8.00     0.01    3.71   3.71   1.30
dm-0              0.00     0.00  8.00 31.00    42.00   124.00     8.51     0.25    6.53   0.72   2.80
dm-0              0.00     0.00  0.00  0.00     0.00     0.00     0.00     0.00    0.00   0.00   0.00
dm-0              0.00     0.00  2.49 37.31     9.95   149.25     8.00     0.07    1.82   0.80   3.18
dm-0              0.00     0.00  0.00  0.00     0.00     0.00     0.00     0.00    0.00   0.00   0.00
dm-0              0.00     0.00  0.00  0.00     0.00     0.00     0.00     0.00    0.00   0.00   0.00
dm-0              0.00     0.00 50.50 13.50  2950.00    54.00    93.88     1.38   21.52   2.09  13.35
dm-0              0.00     0.00 385.50  0.00 29862.00     0.00   154.93    10.28   25.11   2.56  98.85
dm-0              0.00     0.00 380.50 78.50 31146.00   314.00   137.08    21.23   46.48   2.18 100.15
dm-0              0.00     0.00 314.00 101.50 24300.00   406.00   118.92    11.37   26.60   2.15  89.50
dm-0              0.00     0.00 382.59 10.95 29050.75    43.78   147.86    16.99   39.95   2.53  99.55
dm-0              0.00     0.00 337.50 32.00 26190.00   128.00   142.45    19.54   54.02   2.38  87.80
dm-0              0.00     0.00 385.00  0.00 30246.00     0.00   157.12    17.82   45.88   2.60 100.05
dm-0              0.00     0.00 422.50 29.50 33234.00   118.00   147.58    16.42   38.92   2.21 100.00
dm-0              0.00     0.00 375.50  0.00 34892.00     0.00   185.84     9.18   25.75   2.66 100.00
dm-0              0.00     0.00 394.50 49.00 35466.00   196.00   160.82     9.12   20.95   2.19  97.20
dm-0              0.00     0.00 323.50 44.00 28458.00   176.00   155.83     4.49   12.20   2.23  81.80
dm-0              0.00     0.00 343.81  0.00 30499.05     0.00   177.42     2.58    7.49   2.16  74.19
dm-0              0.00     0.00 251.50 36.00 23408.00   144.00   163.84     1.76    6.13   2.51  72.15
dm-0              0.00     0.00 139.50  0.00 12302.00     0.00   176.37     0.36    2.61   1.24  17.35
dm-0              0.00     0.00 30.50  0.50  1660.00     2.00   107.23     0.04    1.21   1.13   3.50
dm-0              0.00     0.00  0.00 45.50     0.00   182.00     8.00     0.09    2.00   0.05   0.25
dm-0              0.00     0.00  0.00  0.00     0.00     0.00     0.00     0.00    0.00   0.00   0.00
dm-0              0.00     0.00  4.00 61.00    16.00   244.00     8.00     0.09    1.37   0.45   2.90
dm-0              0.00     0.00  1.00  0.00     3.98     0.00     8.00     0.00    7.00   4.50   0.45
dm-0              0.00     0.00  0.00  0.00     0.00     0.00     0.00     0.00    0.00   0.00   0.00
dm-0              0.00     0.00 13.00 22.00   318.00    88.00    23.20     0.18    5.07   0.61   2.15
dm-0              0.00     0.00  0.00  0.00     0.00     0.00     0.00     0.00    0.00   0.00   0.00
dm-0              0.00     0.00  1.00  0.00    10.00     0.00    20.00     0.01   13.00   6.50   0.65
dm-0              0.00     0.00  0.00 12.00     0.00    48.00     8.00     0.01    0.96   0.08   0.10
dm-0              0.00     0.00  0.00  0.00     0.00     0.00     0.00     0.00    0.00   0.00   0.00
dm-0              0.00     0.00 44.50 134.50  1024.00   538.00    17.45     1.62    9.04   0.56  10.00
dm-0              0.00     0.00 93.17  0.00  8794.15     0.00   188.77     0.21    2.21   1.15  10.68
dm-0              0.00     0.00 215.89 115.42 18551.40   461.68   114.78     1.56    4.72   1.30  43.18
dm-0              0.00     0.00 73.27 98.51  6659.41   394.06    82.12     0.55    3.20   1.06  18.17
dm-0              0.00     0.00 219.25 70.42 18952.11   281.69   132.80     1.28    4.43   1.74  50.38
dm-0              0.00     0.00 190.20 59.80 15158.82   239.22   123.18     1.13    4.55   1.45  36.23
dm-0              0.00     0.00 229.11  0.00 20600.94     0.00   179.84     1.39    5.95   2.28  52.35
dm-0              0.00     0.00 385.00 44.50 30712.00   178.00   143.84     6.04   12.61   2.21  94.95
dm-0              0.00     0.00 413.00 25.00 34206.00   100.00   156.65     9.32   21.86   2.28 100.05
dm-0              0.00     0.00 198.51 52.24 16141.29   208.96   130.41     2.92   13.25   1.82  45.67
dm-0              0.00     0.00  6.50  0.00   244.00     0.00    75.08     0.04    5.77   3.92   2.55
dm-0              0.00     0.00  0.00  0.00     0.00     0.00     0.00     0.00    0.00   0.00   0.00
dm-0              0.00     0.00 13.50 16.50   396.00    66.00    30.80     0.16    5.30   1.35   4.05
dm-0              0.00     0.00  0.00  0.00     0.00     0.00     0.00     0.00    0.00   0.00   0.00
dm-0              0.00     0.00  0.00 50.50     0.00   202.00     8.00     0.10    1.98   0.05   0.25
dm-0              0.00     0.00  0.00  0.00     0.00     0.00     0.00     0.00    0.00   0.00   0.00
dm-0              0.00     0.00  3.00  0.00   166.00     0.00   110.67     0.05   16.00   6.00   1.80
dm-0              0.00     0.00  0.00 12.44     0.00    49.75     8.00     0.01    0.84   0.08   0.10
dm-0              0.00     0.00  0.00  0.00     0.00     0.00     0.00     0.00    0.00   0.00   0.00
dm-0              0.00     0.00  0.00 12.00     0.00    48.00     8.00     0.01    0.96   0.08   0.10
dm-0              0.00     0.00  0.00  0.00     0.00     0.00     0.00     0.00    0.00   0.00   0.00
dm-0              0.00     0.00  0.00  0.00     0.00     0.00     0.00     0.00    0.00   0.00   0.00
dm-0              0.00     0.00 10.50 74.50    42.00   298.00     8.00     0.15    1.82   0.99   8.40
dm-0              0.00     0.00  0.00  0.00     0.00     0.00     0.00     0.00    0.00   0.00   0.00
dm-0              0.00     0.00  0.00 16.50     0.00    66.00     8.00     0.00    0.03   0.03   0.05
dm-0              0.00     0.00  0.00 65.00     0.00   260.00     8.00     0.28    4.30   0.10   0.65
dm-0              0.00     0.00 39.80  0.00  2051.74     0.00   103.10     0.57   14.35   2.49   9.90
dm-0              0.00     0.00 246.00 45.00 21480.00   180.00   148.87     2.89    9.87   2.40  69.90
dm-0              0.00     0.00 169.59  0.00 14322.58     0.00   168.91     0.58    3.51   2.06  34.88
dm-0              0.00     0.00 181.50 27.50 14920.00   110.00   143.83     0.97    4.59   1.43  29.85
dm-0              0.00     0.00 204.61 164.52 18694.93   658.06   104.86     1.56    4.26   1.33  48.99
dm-0              0.00     0.00 106.99 103.93  7182.53   415.72    72.05     0.55    2.57   0.80  16.81
dm-0              0.00     0.00 230.92 46.99 16783.94   187.95   122.14     1.80    6.50   1.61  44.82
dm-0              0.00     0.00 356.72 112.94 32308.46   451.74   139.51     5.98   12.66   1.96  92.09
dm-0              0.00     0.00 348.00 70.00 30886.00   280.00   149.12     4.90   11.77   2.28  95.25
dm-0              0.00     0.00 254.50  0.00 23574.00     0.00   185.26     1.57    6.20   2.23  56.85
dm-0              0.00     0.00 137.00  0.00 12428.00     0.00   181.43     0.15    1.08   0.97  13.30
dm-0              0.00     0.00 164.50 30.50 14248.00   122.00   147.38     0.31    1.57   0.91  17.70
dm-0              0.00     0.00 120.40  0.00 11154.23     0.00   185.29     0.16    1.29   0.84  10.15
dm-0              0.00     0.00  4.50 46.00    48.00   184.00     9.19     0.09    1.82   0.13   0.65
dm-0              0.00     0.00  6.00  0.00   172.00     0.00    57.33     0.05    8.33   5.33   3.20
dm-0              0.00     0.00  2.00  0.00    78.00     0.00    78.00     0.02   10.25   3.50   0.70
dm-0              0.00     0.00  0.00 31.50     0.00   126.00     8.00     0.03    1.10   0.06   0.20
dm-0              0.00     0.00  0.00  0.00     0.00     0.00     0.00     0.00    0.00   0.00   0.00
dm-0              0.00     0.00  0.00 12.50     0.00    50.00     8.00     0.01    1.00   0.12   0.15
dm-0              0.00     0.00  0.00  0.00     0.00     0.00     0.00     0.00    0.00   0.00   0.00
dm-0              0.00     0.00 13.00  0.00   308.00     0.00    47.38     0.13   10.23   1.42   1.85
dm-0              0.00     0.00  0.00 12.44     0.00    49.75     8.00     0.01    0.92   0.08   0.10
dm-0              0.00     0.00  0.00  0.00     0.00     0.00     0.00     0.00    0.00   0.00   0.00
dm-0              0.00     0.00  0.00 67.00     0.00   268.00     8.00     0.30    4.46   0.13   0.90
dm-0              0.00     0.00  0.00  0.00     0.00     0.00     0.00     0.00    0.00   0.00   0.00
dm-0              0.00     0.00  4.50 44.00    18.00   176.00     8.00     0.10    2.15   1.02   4.95
dm-0              0.00     0.00  0.00  0.50     0.00     2.00     8.00     0.00    3.00   3.00   0.15
dm-0              0.00     0.00 57.21  0.00  2011.94     0.00    70.33     0.61   10.69   1.96  11.19
dm-0              0.00     0.00 88.00 37.50  7382.00   150.00   120.03     0.21    1.72   0.94  11.75
dm-0              0.00     0.00 265.50  0.00 24186.00     0.00   182.19     3.23   11.57   2.42  64.15
dm-0              0.00     0.00 256.00 15.50 22302.00    62.00   164.74     3.29   12.69   2.27  61.75
dm-0              0.00     0.00 389.66  0.00 34965.52     0.00   179.47     5.18   13.12   2.05  79.75
dm-0              0.00     0.00 439.11  0.50 39742.57     1.98   180.82     7.57   17.23   2.28 100.10
dm-0              0.00     0.00 290.83 237.16 23651.38   948.62    93.19     9.40   17.66   1.47  77.75
dm-0              0.00     0.00 213.50 200.50 17784.00   802.00    89.79     3.13    7.76   1.16  48.05
dm-0              0.00     0.00 420.30 202.97 35392.08   811.88   116.17    13.42   20.66   1.55  96.83
dm-0              0.00     0.00 456.50  0.00 39470.00     0.00   172.92    13.47   30.29   2.14  97.55
dm-0              0.00     0.00 480.30 18.23 44930.05    72.91   180.55    12.47   25.12   2.00  99.85
dm-0              0.00     0.00 477.50 44.00 42730.00   176.00   164.55    11.77   22.67   1.92 100.15
dm-0              0.00     0.00 409.00  0.00 37740.00     0.00   184.55     6.87   14.03   2.45 100.05
dm-0              0.00     0.00 404.48 39.30 37454.73   157.21   169.51     5.55   15.26   2.03  90.15
dm-0              0.00     0.00 271.50  0.00 24072.00     0.00   177.33     2.74   10.28   2.06  56.05
dm-0              0.00     0.00  0.00  0.00     0.00     0.00     0.00     0.00    0.00   0.00   0.00
dm-0              0.00     0.00  1.50 40.00     6.00   160.00     8.00     0.07    1.66   0.53   2.20
dm-0              0.00     0.00  0.00  0.00     0.00     0.00     0.00     0.00    0.00   0.00   0.00
dm-0              0.00     0.00  0.00 12.50     0.00    50.00     8.00     0.00    0.36   0.08   0.10
dm-0              0.00     0.00  0.00  0.00     0.00     0.00     0.00     0.00    0.00   0.00   0.00
dm-0              0.00     0.00  0.00  0.00     0.00     0.00     0.00     0.00    0.00   0.00   0.00
dm-0              0.00     0.00  0.00 13.00     0.00    52.00     8.00     0.01    0.96   0.08   0.10
dm-0              0.00     0.00  0.00  0.00     0.00     0.00     0.00     0.00    0.00   0.00   0.00
dm-0              0.00     0.00  0.00 11.00     0.00    44.00     8.00     0.00    0.14   0.09   0.10
dm-0              0.00     0.00  0.00  0.00     0.00     0.00     0.00     0.00    0.00   0.00   0.00
dm-0              0.00     0.00  0.00  0.00     0.00     0.00     0.00     0.00    0.00   0.00   0.00
dm-0              0.00     0.00  0.00 68.50     0.00   274.00     8.00     0.23    3.28   0.09   0.65
dm-0              0.00     0.00  0.00  0.00     0.00     0.00     0.00     0.00    0.00   0.00   0.00
dm-0              0.00     0.00 112.50 122.50  6208.00   490.00    57.00     1.05    4.46   1.07  25.15
dm-0              0.00     0.00 165.67 35.32 13510.45   141.29   135.84     0.79    3.94   2.31  46.37
dm-0              0.00     0.00 337.62  0.50 29099.01     1.98   172.13     3.11    9.02   2.41  81.58
dm-0              0.00     0.00 322.50 108.00 27974.00   432.00   131.97     5.14   12.09   2.07  89.20
dm-0              0.00     0.00 281.77 83.25 26082.76   333.00   144.73     2.77    7.57   2.11  76.90
dm-0              0.00     0.00 269.50 123.50 21208.00   494.00   110.44     3.74    9.53   1.61  63.25
dm-0              0.00     0.00 299.51 122.82 26452.43   491.26   127.60     5.10   11.88   1.72  72.48
dm-0              0.00     0.00 366.50 52.00 30018.00   208.00   144.45     6.85   16.55   2.35  98.35
dm-0              0.00     0.00 311.50 90.50 24568.00   362.00   124.03     4.23   10.55   1.87  75.30
dm-0              0.00     0.00 257.00  0.00 11550.00     0.00    89.88     0.77    2.98   2.22  57.00
dm-0              0.00     0.00 437.31 158.21 15598.01   632.84    54.51     2.22    3.72   1.54  91.94
dm-0              0.00     0.00 417.50  0.00 11664.00     0.00    55.88     1.14    2.75   2.31  96.60
dm-0              0.00     0.00 330.50  0.00  5586.00     0.00    33.80     1.08    3.25   2.97  98.05
dm-0              0.00     0.00 366.50 367.00 12616.00  1468.00    38.40     6.23    8.50   1.35  99.10
dm-0              0.00     0.00 293.50  0.00  1446.00     0.00     9.85     1.19    4.06   3.36  98.60
dm-0              0.00     0.00 292.50 381.00  1170.00  1524.00     8.00     4.84    7.18   1.46  98.00
dm-0              0.00     0.00 269.00  0.00  1076.00     0.00     8.00     0.99    3.68   3.67  98.85
dm-0              0.00     0.00 254.50  0.00  1018.00     0.00     8.00     0.99    3.88   3.88  98.80
dm-0              0.00     0.00 214.43 379.60   857.71  1518.41     8.00     3.34    5.62   1.65  98.26
dm-0              0.00     0.00 252.00  0.00  1008.00     0.00     8.00     0.99    3.94   3.93  99.00
dm-0              0.00     0.00 279.50 379.00  1650.00  1516.00     9.62     4.78    7.26   1.50  98.60
dm-0              0.00     0.00 215.00  0.00   860.00     0.00     8.00     0.99    4.59   4.59  98.60
dm-0              0.00     0.00 264.08 315.10  6631.84  1260.41    27.25     3.81    6.59   1.42  82.20
dm-0              0.00     0.00 311.50 11.00 13926.00    44.00    86.64     1.14    3.51   2.58  83.30
dm-0              0.00     0.00 262.69  0.00 17267.66     0.00   131.47     1.66    6.32   3.13  82.24
dm-0              0.00     0.00 208.37 1086.70 17418.72  4346.80    33.61    16.98   13.11   0.39  50.99
dm-0              0.00     0.00 268.83  0.00 22537.65     0.00   167.67     1.63    6.05   2.23  60.00
dm-0              0.00     0.00 258.00 52.50 19226.00   210.00   125.19     1.97    6.36   2.84  88.20
dm-0              0.00     0.00 337.00  0.00 15942.00     0.00    94.61     1.63    4.86   2.51  84.55
dm-0              0.00     0.00 393.50 81.00 24080.00   324.00   102.86     2.69    5.64   1.91  90.40
dm-0              0.00     0.00 337.38 693.69 25147.57  2774.76    54.16    10.56   10.26   0.78  80.39
dm-0              0.00     0.00 107.14 106.25  6516.07   425.00    65.05     1.34    6.27   3.50  74.73
dm-0              0.00     0.00 248.06 247.57 18697.09   990.29    79.44     5.77   11.65   0.95  47.28
dm-0              0.00     0.00 497.00 69.50 37196.00   278.00   132.30     6.18   10.73   1.49  84.55
dm-0              0.00     0.00 667.00  0.00 43342.00     0.00   129.96    11.55   17.13   1.50 100.05
dm-0              0.00     0.00 477.00 285.00 30698.00  1140.00    83.56    10.03   12.47   1.31  99.95
dm-0              0.00     0.00 657.00  0.00 41350.00     0.00   125.88     9.81   15.43   1.52 100.10
dm-0              0.00     0.00 658.71 356.72 38376.12  1426.87    78.40    12.52   12.74   0.98  99.70
dm-0              0.00     0.00 452.00 234.50 18560.00   938.00    56.80     3.96    5.76   1.45  99.20
dm-0              0.00     0.00 249.00  0.00   996.00     0.00     8.00     0.98    3.95   3.95  98.30
dm-0              0.00     0.00 283.00 329.00  1510.00  1316.00     9.24     3.22    5.26   1.61  98.80
dm-0              0.00     0.00 223.50  0.00   894.00     0.00     8.00     0.99    4.43   4.43  99.10
dm-0              0.00     0.00 232.00 396.00   928.00  1584.00     8.00     4.89    7.79   1.57  98.40
dm-0              0.00     0.00 255.50  0.00  1022.00     0.00     8.00     0.99    3.87   3.87  98.80
dm-0              0.00     0.00 391.54  0.00 13804.98     0.00    70.52     8.53   21.14   2.52  98.61
dm-0              0.00     0.00 537.00 420.00 31184.00  1680.00    68.68    17.22   16.64   1.05 100.05
dm-0              0.00     0.00 545.50  0.00 32158.00     0.00   117.90    14.07   27.09   1.81  98.75
dm-0              0.00     0.00 474.27 299.51 30324.27  1198.06    81.48    14.79   20.09   1.28  99.13
dm-0              0.00     0.00 631.50  0.00 37534.00     0.00   118.87    14.80   21.67   1.58 100.05
dm-0              0.00     0.00 538.50  0.00 27490.00     0.00   102.10    21.57   30.99   1.86 100.00
dm-0              0.00     0.00 633.00 1264.00 34678.00  5056.00    41.89    58.93   33.70   0.53 100.05
dm-0              0.00     0.00 622.00  0.00 36658.00     0.00   117.87    22.01   34.72   1.61 100.00
dm-0              0.00     0.00 449.50 744.00 32988.00  2976.00    60.27    34.01   22.86   0.84 100.05
dm-0              0.00     0.00 570.15 19.40 35102.49    77.61   119.35    27.88   58.65   1.69  99.55
dm-0              0.00     0.00 543.00 75.50 34312.00   302.00   111.93    19.48   31.74   1.62 100.15
dm-0              0.00     0.00 351.50 800.50 22576.00  3202.00    44.75    18.74   17.03   0.73  84.60
dm-0              0.00     0.00 460.50 51.50 25454.00   206.00   100.23    15.31   30.69   1.87  95.55
dm-0              0.00     0.00 457.00 545.00 31274.00  2180.00    66.77    27.13   22.11   1.00 100.10
dm-0              0.00     0.00 425.87  0.00 23146.27     0.00   108.70    10.36   35.44   2.34  99.55
dm-0              0.00     0.00 585.50  1.00 32976.00     4.00   112.46    10.17   17.11   1.71 100.00
dm-0              0.00     0.00 597.50 445.00 34836.00  1780.00    70.25     9.67    9.63   0.96 100.05
dm-0              0.00     0.00 569.00  0.00 30232.00     0.00   106.26     4.99    8.04   1.76 100.05
dm-0              0.00     0.00 266.50 421.50  9148.00  1686.00    31.49     8.31   12.69   1.45  99.60
dm-0              0.00     0.00 49.00  0.00   196.00     0.00     8.00     1.00   20.42  20.41 100.00
dm-0              0.00     0.00 78.00  0.00   312.00     0.00     8.00     1.00   12.73  12.77  99.60
dm-0              0.00     0.00 31.50 149.50   132.00   598.00     8.07     1.72    9.38   5.52  99.95
dm-0              0.00     0.00 104.36  0.00  5940.36     0.00   113.84     1.35   13.08   6.78  70.73
dm-0              0.00     0.00 269.50 103.50 17926.00   414.00    98.34     3.92   10.50   1.98  73.95
dm-0              0.00     0.00 233.00  0.00 21220.00     0.00   182.15     1.45    6.16   2.73  63.50
dm-0              0.00     0.00 185.50  0.00 12370.00     0.00   133.37     1.79    9.71   4.62  85.65
dm-0              0.00     0.00 207.39 98.03 14673.89   392.12    98.66     1.83    6.00   2.70  82.32
dm-0              0.00     0.00 345.67  0.00 28453.85     0.00   164.63     3.32    9.27   2.16  74.66
dm-0              0.00     0.00 134.83 64.68  8071.64   258.71    83.51     2.49   12.93   4.83  96.37
dm-0              0.00     0.00 382.00 12.50 28912.00    50.00   146.83     5.38   13.57   2.42  95.40
dm-0              0.00     0.00 454.73  0.00 36585.07     0.00   160.91     6.31   13.61   2.16  98.06
dm-0              0.00     0.00 502.50 861.00 33036.00  3444.00    53.51    27.19   19.82   0.73  99.60
dm-0              0.00     0.00 468.16 27.86 26577.11   111.44   107.61    10.09   20.78   1.98  98.11
dm-0              0.00     0.00 250.00 358.50 13888.00  1434.00    50.36     3.95    6.64   1.42  86.60
dm-0              0.00     0.00 266.50 275.00 12358.00  1100.00    49.71     6.11   11.31   1.59  86.05
dm-0              0.00     0.00 372.50 14.00 15704.00    56.00    81.55     1.08    2.80   2.27  87.65
dm-0              0.00     0.00 367.50 357.50 15824.00  1430.00    47.60     4.18    5.76   1.36  98.30
dm-0              0.00     0.00 360.50  0.00 12482.00     0.00    69.25     1.06    2.95   2.73  98.55
dm-0              0.00     0.00 237.50 418.00   950.00  1672.00     8.00     5.32    8.11   1.50  98.55
dm-0              0.00     0.00 251.74  0.00  1006.97     0.00     8.00     0.98    3.89   3.89  97.91
dm-0              0.00     0.00 235.50  0.00   942.00     0.00     8.00     0.99    4.19   4.20  98.85
dm-0              0.00     0.00 241.00 405.50   964.00  1622.00     8.00     3.74    5.78   1.52  98.50
dm-0              0.00     0.00 254.50  0.00  1018.00     0.00     8.00     0.98    3.82   3.86  98.30
dm-0              0.00     0.00 239.00 415.00   956.00  1660.00     8.00     5.30    8.12   1.51  98.45
dm-0              0.00     0.00 235.00  0.00   940.00     0.00     8.00     0.98    4.20   4.19  98.50
dm-0              0.00     0.00 248.00 393.00   992.00  1572.00     8.00     4.55    7.10   1.54  98.50
dm-0              0.00     0.00 244.50  0.00   978.00     0.00     8.00     0.99    4.03   4.01  97.95
dm-0              0.00     0.00 237.00  0.00   948.00     0.00     8.00     0.98    4.18   4.15  98.40
dm-0              0.00     0.00 272.64 411.94  3721.39  1647.76    15.69     6.08    8.88   1.43  98.16
dm-0              0.00     0.00 426.34  0.00 23656.59     0.00   110.97     2.52    5.90   2.19  93.22
dm-0              0.00     0.00 259.31 382.84 12141.18  1531.37    42.58     5.76    8.98   1.48  95.05
dm-0              0.00     0.00 539.00 820.50 38414.00  3282.00    61.34    27.21   19.87   0.66  90.10
dm-0              0.00     0.00 299.00 10.50 19740.00    42.00   127.83     9.38   30.86   3.16  97.80
dm-0              0.00     0.00 292.04 231.84 20811.94   927.36    82.99     6.50   12.28   1.89  99.20
dm-0              0.00     0.00 559.00 187.50 41406.00   750.00   112.94    14.68   19.50   1.34 100.05
dm-0              0.00     0.00 584.00 229.50 39936.00   918.00   100.44    12.40   15.21   1.22  99.30
dm-0              0.00     0.00 490.50 186.00 34854.00   744.00   105.24    12.16   17.83   1.48 100.10
dm-0              0.00     0.00 496.50  0.00 34382.00     0.00   138.50     8.21   17.17   2.01  99.90
dm-0              0.00     0.00 340.50 288.50 27930.00  1154.00    92.48     4.24    6.69   1.17  73.50
dm-0              0.00     0.00 281.73 264.90 24288.46  1059.62    92.74     7.02   12.81   1.22  66.54
dm-0              0.00     0.00 417.50 157.50 15490.00   630.00    56.07     3.60    6.35   1.69  97.35
dm-0              0.00     0.00 244.50  0.00   978.00     0.00     8.00     0.97    3.95   3.95  96.65
dm-0              0.00     0.00 227.00 20.50   908.00    82.00     8.00     1.03    4.15   3.92  97.10
dm-0              0.00     0.00 256.50 437.50  1202.00  1750.00     8.51     5.82    8.40   1.42  98.65
dm-0              0.00     0.00 214.50  0.00   858.00     0.00     8.00     0.99    4.62   4.60  98.65
dm-0              0.00     0.00 224.88 388.06   899.50  1552.24     8.00     4.65    7.57   1.60  97.81
dm-0              0.00     0.00 215.50  0.00   862.00     0.00     8.00     0.99    4.64   4.59  98.95
dm-0              0.00     0.00 248.00  3.00   992.00    12.00     8.00     1.00    3.98   3.94  98.85
dm-0              0.00     0.00 249.00 401.50   996.00  1606.00     8.00     5.07    7.79   1.52  98.70
dm-0              0.00     0.00 217.00  0.00   868.00     0.00     8.00     0.99    4.56   4.55  98.75
dm-0              0.00     0.00 256.00 399.50  1054.00  1598.00     8.09     3.54    5.39   1.51  98.70
dm-0              0.00     0.00 206.01  0.00  4787.98     0.00    46.48     0.89    4.34   3.36  69.23
dm-0              0.00     0.00 212.00 267.50 19528.00  1070.00    85.91     3.43    7.12   0.87  41.80
dm-0              0.00     0.00 240.20 865.69 22601.96  3462.75    47.14    16.71   15.13   0.59  65.44
dm-0              0.00     0.00 163.72 97.21 14199.07   388.84   111.81     1.67    6.39   1.46  38.19
dm-0              0.00     0.00 136.55 189.96 11249.80   759.84    73.56     1.27    3.88   0.90  29.24
dm-0              0.00     0.00 387.16  0.00 32199.22     0.00   166.34     3.47    8.95   2.03  78.40
dm-0              0.00     0.00 366.50  0.00 32454.00     0.00   177.10     6.46   15.75   2.45  89.85
dm-0              0.00     0.00 435.50 45.00 38588.00   180.00   161.37    13.49   28.77   1.96  94.40
dm-0              0.00     0.00 346.00 49.50 31926.00   198.00   162.45     7.04   18.69   1.95  77.10
dm-0              0.00     0.00 422.00 40.00 36602.00   160.00   159.14    10.55   21.77   2.11  97.70
dm-0              0.00     0.00 413.00  0.00 36820.00     0.00   178.31    12.98   31.26   2.42 100.05
dm-0              0.00     0.00 432.00 46.50 36700.00   186.00   154.17    18.29   38.53   2.09 100.05
dm-0              0.00     0.00 422.39  0.00 38658.71     0.00   183.05    10.16   24.65   2.36  99.55
dm-0              0.00     0.00 447.50 137.50 38734.00   550.00   134.30     9.02   15.47   1.69  99.10
dm-0              0.00     0.00 395.50 40.50 37108.00   162.00   170.96     4.09    9.47   2.29  99.65
dm-0              0.00     0.00 358.00  0.00 32788.00     0.00   183.17     2.49    7.22   2.39  85.45
dm-0              0.00     0.00 82.50 28.50  8070.00   114.00   147.46     0.10    0.93   0.48   5.30
dm-0              0.00     0.00  0.00  0.00     0.00     0.00     0.00     0.00    0.00   0.00   0.00
dm-0              0.00     0.00  2.50  0.00    86.00     0.00    68.80     0.01    4.40   4.40   1.10
dm-0              0.00     0.00  0.00 11.50     0.00    46.00     8.00     0.01    1.00   0.13   0.15
dm-0              0.00     0.00  0.00  0.00     0.00     0.00     0.00     0.00    0.00   0.00   0.00
dm-0              0.00     0.00  0.00  0.00     0.00     0.00     0.00     0.00    0.00   0.00   0.00
dm-0              0.00     0.00 30.85 18.91   370.15    75.62    17.92     0.07    1.33   0.32   1.59
dm-0              0.00     0.00 181.50  0.00 11082.00     0.00   122.12     1.19    6.51   1.84  33.45
dm-0              0.00     0.00 338.00 91.50 28602.00   366.00   134.89     5.60   12.74   1.92  82.55
dm-0              0.00     0.00 389.00  0.00 31552.00     0.00   162.22    12.03   31.03   2.57 100.10
dm-0              0.00     0.00 344.55  0.00 29871.29     0.00   173.39     4.95   14.67   2.66  91.68
dm-0              0.00     0.00 341.00 13.00 27150.00    52.00   153.68     3.29    9.22   2.58  91.45
dm-0              0.00     0.00 323.27 55.94 27001.98   223.76   143.59     4.90   12.99   2.42  91.63
dm-0              0.00     0.00 110.28 254.21  8224.30  1016.82    50.71     1.50    4.09   0.94  34.35
dm-0              0.00     0.00 410.50 289.00 30978.00  1156.00    91.88    12.98   16.93   1.41  98.45
dm-0              0.00     0.00 515.27 410.84 37730.05  1643.35    85.03    12.18   14.27   1.08 100.20
dm-0              0.00     0.00 489.60 553.47 36849.50  2213.86    74.90     7.14    6.82   0.91  95.35
dm-0              0.00     0.00 499.50 1358.50 29416.00  5434.00    37.51     6.48    3.53   0.50  92.70
dm-0              0.00     0.00 530.50 2690.50 26558.00 10762.00    23.17     5.41    1.51   0.30  97.45
dm-0              0.00     0.00 516.92 3355.72 28475.62 13422.89    21.64    42.14   11.01   0.26  99.20
dm-0              0.00     0.00 713.50 3711.00 38162.00 14844.00    23.96    12.12    2.67   0.23 100.05
dm-0              0.00     0.00 412.50 795.50 36030.00  3182.00    64.92    39.09   32.62   0.83 100.05
dm-0              0.00     0.00 525.00 5452.00 21424.00 21808.00    14.47     3.78    0.64   0.15  91.55
dm-0              0.00     0.00 442.50 6511.50  2118.00 26046.00     8.10     2.51    0.36   0.11  77.00
dm-0              0.00     0.00 224.50 3769.50   898.00 15078.00     8.00     3.82    0.95   0.22  86.45
dm-0              0.00     0.00 278.50 3987.50  1206.00 15950.00     8.04     4.32    1.02   0.20  86.55
dm-0              0.00     0.00 237.00 4167.50   948.00 16670.00     8.00     4.01    0.91   0.19  85.10
dm-0              0.00     0.00 310.00 4353.00  1616.00 17412.00     8.16     4.59    0.98   0.19  87.20
dm-0              0.00     0.00 217.41 3886.07   869.65 15544.28     8.00     4.91    1.20   0.22  89.35
dm-0              0.00     0.00 212.50 3873.50   850.00 15494.00     8.00     4.71    1.15   0.22  87.85
dm-0              0.00     0.00 233.00 2916.00  3350.00 11664.00     9.54     5.44    1.48   0.29  91.80
dm-0              0.00     0.00 426.00 1039.00 33152.00  4156.00    50.93    16.96   11.44   0.68 100.10
dm-0              0.00     0.00 487.50 1893.00 32822.00  7572.00    33.94    20.99    8.36   0.42 100.05
dm-0              0.00     0.00 548.50 2363.00 35530.00  9452.00    30.90    27.98    8.82   0.34 100.15
dm-0              0.00     0.00 422.50 1560.50 31094.00  6242.00    37.66    73.17   36.90   0.51 100.15
dm-0              0.00     0.00 407.46 552.24 32549.25  2208.96    72.44    30.34   33.15   1.04  99.55
dm-0              0.00     0.00 437.00 41.50 33656.00   166.00   141.37    43.40   92.01   2.09 100.05
dm-0              0.00     0.00 390.00 54.50 34602.00   218.00   156.67    18.24   40.58   2.25 100.05
dm-0              0.00     0.00 497.00 3016.00 28192.00 12064.00    22.92    24.89    7.63   0.28  96.95
dm-0              0.00     0.00 571.00 2613.00 37358.00 10452.00    30.03    16.42    5.21   0.31 100.05
dm-0              0.00     0.00 645.50 3394.00 37596.00 13576.00    25.34    15.79    3.89   0.25 100.10
dm-0              0.00     0.00 597.50 3336.50 35956.00 13346.00    25.06    25.75    6.12   0.25 100.10
dm-0              0.00     0.00 554.50 1999.50 37584.00  7998.00    35.69    24.23    8.04   0.39 100.10
dm-0              0.00     0.00 460.70 525.87 33820.90  2103.48    72.83    10.17   15.64   1.01  99.55
dm-0              0.00     0.00 481.50 2233.50 30000.00  8934.00    28.68    10.22    3.94   0.37 100.05
dm-0              0.00     0.00 493.00 2006.00 32650.00  8024.00    32.55     8.83    3.45   0.40  99.65
dm-0              0.00     0.00 540.50 3679.50 26254.00 14718.00    19.42     5.19    1.29   0.23  96.20
dm-0              0.00     0.00 220.00 3976.00   880.00 15904.00     8.00     4.45    1.06   0.20  85.85
dm-0              0.00     0.00 264.00 4316.00  1520.00 17264.00     8.20     4.59    1.00   0.19  85.95
dm-0              0.00     0.00 239.00 4408.00   956.00 17632.00     8.00     4.16    0.89   0.18  83.40
dm-0              0.00     0.00 227.00 4196.50   908.00 16786.00     8.00     4.13    0.94   0.19  84.50
dm-0              0.00     0.00 197.00 4410.50   884.00 17642.00     8.04    32.08    5.11   0.19  87.60
dm-0              0.00     0.00 375.00 6861.00  1500.00 27444.00     8.00    12.40    2.90   0.12  83.90
dm-0              0.00     0.00 490.50 6648.00  3380.00 26592.00     8.40     4.01    0.56   0.12  84.00
dm-0              0.00     0.00 247.26 4574.13  1014.93 18296.52     8.01     4.35    0.90   0.18  85.07
