Mem:         32178       7932      24246          0          1         34
Mem:         32178       7985      24193          0          2         44
Mem:         32178       8042      24135          0          2         50
Mem:         32178       8118      24060          0          2         58
Mem:         32178       8279      23898          0          2         65
Mem:         32178       8404      23773          0          2         77
Mem:         32178      10117      22061          0          2        125
Mem:         32178      12068      20109          0          2        186
Mem:         32178      13495      18682          0          2        248
Mem:         32178      13747      18431          0          2        316
Mem:         32178      14048      18130          0          3        383
Mem:         32178      14201      17977          0          3        455
Mem:         32178      14280      17897          0          3        527
Mem:         32178      14560      17618          0          3        599
Mem:         32178      14630      17548          0          3        668
Mem:         32178      14876      17302          0          3        741
Mem:         32178      14943      17235          0          3        807
Mem:         32178      15323      16854          0          3        874
Mem:         32178      15395      16782          0          3        943
Mem:         32178      15465      16712          0          3       1013
Mem:         32178      16552      15625          0          3       1086
Mem:         32178      16630      15547          0          3       1162
Mem:         32178      16936      15242          0          3       1234
Mem:         32178      17120      15057          0          4       1303
Mem:         32178      17351      14827          0          4       1377
Mem:         32178      17542      14635          0          4       1457
Mem:         32178      17667      14510          0          4       1538
Mem:         32178      17780      14397          0          4       1612
Mem:         32178      17878      14300          0          4       1692
Mem:         32178      17990      14188          0          4       1774
Mem:         32178      18072      14106          0          4       1856
Mem:         32178      18177      14000          0          4       1940
Mem:         32178      18313      13865          0          4       2019
Mem:         32178      18455      13722          0          4       2095
Mem:         32178      18554      13624          0          5       2172
Mem:         32178      18663      13515          0          5       2229
Mem:         32178      18771      13407          0          5       2268
Mem:         32178      18809      13368          0          5       2273
Mem:         32178      18812      13365          0          5       2274
Mem:         32178      18842      13336          0          5       2274
Mem:         32178      18843      13335          0          5       2274
Mem:         32178      18892      13285          0          5       2275
Mem:         32178      19078      13099          0          5       2276
Mem:         32178      19434      12744          0          5       2278
Mem:         32178      19601      12576          0          5       2306
Mem:         32178      19670      12508          0          5       2352
Mem:         32178      19746      12432          0          5       2416
Mem:         32178      20010      12167          0          5       2485
Mem:         32178      20116      12062          0          5       2552
Mem:         32178      20218      11959          0          5       2618
Mem:         32178      20283      11895          0          5       2681
Mem:         32178      20522      11655          0          5       2749
Mem:         32178      20590      11588          0          5       2817
Mem:         32178      20749      11428          0          6       2884
Mem:         32178      20823      11355          0          6       2956
Mem:         32178      20898      11280          0          6       3030
Mem:         32178      20984      11193          0          6       3097
Mem:         32178      21052      11125          0          6       3164
Mem:         32178      21122      11056          0          6       3233
Mem:         32178      21202      10976          0          6       3312
Mem:         32178      21281      10896          0          6       3388
Mem:         32178      21355      10823          0          6       3462
Mem:         32178      21424      10753          0          6       3530
Mem:         32178      21499      10679          0          6       3604
Mem:         32178      21572      10606          0          6       3678
Mem:         32178      21631      10546          0          6       3738
Mem:         32178      21669      10508          0          6       3776
Mem:         32178      21707      10470          0          6       3813
Mem:         32178      21699      10479          0          6       3819
Mem:         32178      21721      10456          0          6       3819
Mem:         32178      21968      10209          0          6       3819
Mem:         32178      22082      10096          0          6       3819
Mem:         32178      22194       9983          0          6       3823
Mem:         32178      22391       9787          0          7       3835
Mem:         32178      22432       9746          0          7       3847
Mem:         32178      22520       9657          0          7       3859
Mem:         32178      22590       9587          0          7       3872
Mem:         32178      22673       9504          0          7       3885
Mem:         32178      22726       9451          0          7       3901
Mem:         32178      22847       9330          0          7       3917
Mem:         32178      22927       9250          0          7       3932
Mem:         32178      23081       9096          0          7       3948
Mem:         32178      23305       8873          0          7       3952
Mem:         32178      23388       8789          0          7       3968
Mem:         32178      23557       8621          0          7       3999
Mem:         32178      23690       8488          0          7       4043
Mem:         32178      23847       8331          0          7       4081
Mem:         32178      23941       8236          0          7       4122
Mem:         32178      24124       8054          0          7       4171
Mem:         32178      24233       7945          0          7       4235
Mem:         32178      24361       7817          0          7       4302
Mem:         32178      24451       7727          0          7       4362
Mem:         32178      24549       7628          0          7       4414
Mem:         32178      24569       7608          0          7       4432
Mem:         32178      24632       7545          0          7       4449
Mem:         32178      24646       7532          0          7       4461
Mem:         32178      24646       7531          0          7       4461
Mem:         32178      24647       7531          0          7       4462
Mem:         32178      24647       7530          0          7       4462
Mem:         32178      24764       7413          0          7       4462
Mem:         32178      24883       7294          0          7       4462
Mem:         32178      24964       7213          0          7       4462
Mem:         32178      25004       7174          0          7       4462
Mem:         32178      25005       7173          0          7       4462
Mem:         32178      25061       7117          0          7       4462
Mem:         32178      25084       7093          0          7       4462
Mem:         32178      25223       6955          0          7       4462
Mem:         32178      25348       6829          0          7       4462
Mem:         32178      25398       6780          0          7       4462
Mem:         32178      25426       6751          0          7       4462
Mem:         32178      25476       6701          0          7       4462
Mem:         32178      25477       6701          0          7       4462
Mem:         32178      25497       6680          0          7       4462
Mem:         32178      25498       6680          0          8       4462
Mem:         32178      25500       6678          0          9       4462
Mem:         32178      25503       6675          0          9       4462
Mem:         32178      25503       6675          0          9       4462
Mem:         32178      25606       6572          0         10       4462
Mem:         32178      25742       6436          0         10       4462
Mem:         32178      25898       6279          0         10       4462
Mem:         32178      26070       6107          0         10       4464
Mem:         32178      26382       5796          0         10       4529
Mem:         32178      26575       5602          0         10       4607
Mem:         32178      26780       5398          0         10       4673
Mem:         32178      26847       5330          0         10       4738
Mem:         32178      26998       5179          0         10       4780
Mem:         32178      27128       5049          0         10       4905
Mem:         32178      27275       4902          0         10       4951
Mem:         32178      27471       4706          0         10       5014
Mem:         32178      27742       4436          0         10       5059
Mem:         32178      27975       4203          0         11       5142
Mem:         32178      28195       3982          0         11       5227
Mem:         32178      28334       3843          0         11       5294
Mem:         32178      28492       3686          0         11       5350
Mem:         32178      28629       3548          0         11       5406
Mem:         32178      28740       3438          0         11       5414
Mem:         32178      28859       3318          0         11       5414
Mem:         32178      28907       3270          0         11       5464
Mem:         32178      29016       3161          0         11       5464
Mem:         32178      29018       3160          0         11       5464
Mem:         32178      29016       3162          0         11       5464
Mem:         32178      29016       3161          0         11       5464
Mem:         32178      29016       3161          0         11       5464
Mem:         32178      29016       3162          0         11       5464
Mem:         32178      29016       3162          0         11       5464
Mem:         32178      29016       3161          0         11       5464
Mem:         32178      28659       3519          0         11       5045
Mem:         32178      28848       3329          0         11       5045
Mem:         32178      28938       3239          0         11       5045
Mem:         32178      29111       3067          0         11       5045
Mem:         32178      29277       2901          0         11       5045
Mem:         32178      29385       2793          0         11       5045
Mem:         32178      29411       2766          0         11       5045
Mem:         32178      29397       2781          0         11       5045
Mem:         32178      29556       2622          0         11       5045
Mem:         32178      29559       2619          0         11       5046
Mem:         32178      29653       2525          0         11       5046
Mem:         32178      29655       2523          0         11       5046
Mem:         32178      29753       2424          0         11       5046
Mem:         32178      29912       2265          0         11       5070
Mem:         32178      30048       2129          0         11       5096
Mem:         32178      30290       1887          0         11       5122
Mem:         32178      30318       1859          0         11       5149
Mem:         32178      30344       1833          0         11       5173
Mem:         32178      30346       1832          0         11       5173
Mem:         32178      30346       1832          0         11       5173
Mem:         32178      30346       1832          0         11       5173
Mem:         32178      30346       1832          0         11       5173
Mem:         32178      30346       1832          0         11       5173
Mem:         32178      30346       1832          0         11       5173
Mem:         32178      30346       1832          0         11       5173
Mem:         32178      30346       1832          0         11       5173
Mem:         32178      30346       1831          0         11       5173
Mem:         32178      30346       1832          0         11       5173
Mem:         32178      30346       1832          0         11       5173
Mem:         32178      30346       1831          0         11       5173
Mem:         32178      30345       1832          0         11       5173
Mem:         32178      30393       1784          0         11       5173
Mem:         32178      30458       1720          0         11       5173
Mem:         32178      30571       1606          0         11       5173
Mem:         32178      30811       1367          0         11       5198
Mem:         32178      30975       1203          0         12       5273
Mem:         32178      31130       1047          0         12       5343
Mem:         32178      31267        911          0         12       5354
Mem:         32178      31334        844          0         12       5375
Mem:         32178      31523        655          0         12       5419
Mem:         32178      31705        473          0         12       5477
Mem:         32178      31791        387          0         12       5558
Mem:         32178      31935        242          0         12       5587
Mem:         32178      32024        153          0         10       5565
Mem:         32178      32030        147          0         10       5570
Mem:         32178      32025        153          0         10       5486
Mem:         32178      32031        147          0         10       5474
Mem:         32178      32031        147          0         10       5450
Mem:         32178      32030        147          0          9       5435
Mem:         32178      32031        147          0          9       5427
Mem:         32178      32031        147          0          9       5419
Mem:         32178      32030        147          0          9       5400
Mem:         32178      32009        168          0          9       5358
Mem:         32178      32023        154          0          7       5273
Mem:         32178      32024        153          0          7       5272
Mem:         32178      32023        155          0          7       5169
Mem:         32178      32024        153          0          7       5058
Mem:         32178      32022        156          0          7       5053
Mem:         32178      32022        155          0          7       5052
Mem:         32178      32022        155          0          7       5052
Mem:         32178      32023        155          0          7       5053
Mem:         32178      32022        155          0          7       5053
Mem:         32178      32022        155          0          7       5053
Mem:         32178      32023        155          0          7       5053
Mem:         32178      32023        155          0          7       5053
Mem:         32178      32023        155          0          7       5053
Mem:         32178      32023        155          0          7       5054
Mem:         32178      32023        154          0          7       5054
Mem:         32178      32023        155          0          7       5054
Mem:         32178      31744        434          0          7       4778
Mem:         32178      31953        225          0          7       4824
Mem:         32178      32021        157          0          7       4793
Mem:         32178      32021        156          0          7       4695
Mem:         32178      32023        154          0          7       4517
Mem:         32178      32029        148          0          7       4467
Mem:         32178      32020        158          0          7       4446
Mem:         32178      32019        159          0          7       4337
Mem:         32178      32025        153          0          7       4283
Mem:         32178      32026        152          0          7       4058
Mem:         32178      32023        155          0          5       3916
Mem:         32178      32023        155          0          5       3898
Mem:         32178      32021        156          0          5       3792
Mem:         32178      32025        153          0          5       3776
Mem:         32178      32023        154          0          5       3717
Mem:         32178      32021        157          0          5       3714
Mem:         32178      32023        154          0          5       3716
Mem:         32178      32022        155          0          5       3717
Mem:         32178      32022        155          0          5       3717
Mem:         32178      32022        156          0          5       3717
Mem:         32178      32023        155          0          5       3718
Mem:         32178      32024        154          0          5       3719
Mem:         32178      32021        157          0          5       3676
Mem:         32178      32021        157          0          5       3676
Mem:         32178      32021        156          0          5       3563
Mem:         32178      32021        156          0          5       3563
Mem:         32178      32021        156          0          5       3563
Mem:         32178      32022        156          0          5       3563
Mem:         32178      32022        156          0          5       3563
Mem:         32178      32022        156          0          5       3563
Mem:         32178      32021        156          0          5       3563
Mem:         32178      32021        156          0          5       3563
Mem:         32178      32021        156          0          5       3563
Mem:         32178      32021        157          0          5       3563
Mem:         32178      32021        156          0          5       3563
Mem:         32178      32021        156          0          5       3563
Mem:         32178      32020        157          0          5       3492
Mem:         32178      31950        227          0          5       3513
Mem:         32178      32021        156          0          3       3337
Mem:         32178      32030        148          0          3       3195
Mem:         32178      32029        148          0          3       3200
Mem:         32178      32029        149          0          3       3204
Mem:         32178      32030        147          0          3       3209
Mem:         32178      32022        156          0          3       3210
Mem:         32178      32031        147          0          3       3210
Mem:         32178      32022        155          0          3       3122
Mem:         32178      32023        154          0          3       3119
Mem:         32178      32024        153          0          3       3052
Mem:         32178      32022        156          0          3       2877
Mem:         32178      32029        148          0          3       2855
Mem:         32178      32005        173          0          3       2899
Mem:         32178      32030        147          0          3       2888
Mem:         32178      31575        602          0          3       2421
Mem:         32178      30780       1398          0          3       1585
Mem:         32178      31042       1135          0          3       1685
Mem:         32178      31094       1084          0          4       1735
Mem:         32178      31147       1030          0          4       1788
Mem:         32178      31307        871          0          4       1829
Mem:         32178      31352        825          0          4       1875
Mem:         32178      31457        721          0          4       1917
Mem:         32178      31479        699          0          4       1938
Mem:         32178      31501        677          0          4       1958
Mem:         32178      31522        655          0          4       1981
Mem:         32178      31544        634          0          4       2002
Mem:         32178      31606        572          0          4       2003
Mem:         32178      31592        586          0          4       1986
Mem:         32178      31605        572          0          4       1978
Mem:         32178      31698        480          0          4       2047
Mem:         32178      31819        358          0          4       2122
Mem:         32178      31897        280          0          4       2199
Mem:         32178      32030        147          0          4       2243
Mem:         32178      32027        150          0          4       2208
Mem:         32178      32013        165          0          4       2195
Mem:         32178      32020        158          0          4       2162
Mem:         32178      32023        154          0          4       2114
Mem:         32178      32025        153          0          4       2114
Mem:         32178      32023        155          0          4       2078
Mem:         32178      32024        153          0          4       2079
Mem:         32178      31969        209          0          4       2040
Mem:         32178      32023        154          0          4       2025
Mem:         32178      32019        158          0          4       2019
Mem:         32178      32025        152          0          4       1941
Mem:         32178      32031        147          0          4       1938
Mem:         32178      32023        155          0          4       1927
Mem:         32178      32022        155          0          4       1904
Mem:         32178      32023        154          0          3       1895
Mem:         32178      32022        155          0          4       1893
Mem:         32178      32022        155          0          4       1881
Mem:         32178      32030        147          0          3       1888
Mem:         32178      32030        147          0          3       1888
Mem:         32178      32017        160          0          3       1871
Mem:         32178      32018        159          0          3       1871
Mem:         32178      32018        159          0          3       1871
Mem:         32178      32017        161          0          3       1820
Mem:         32178      32018        160          0          3       1819
Mem:         32178      32019        159          0          3       1819
Mem:         32178      32019        159          0          3       1819
Mem:         32178      32019        158          0          3       1819
Mem:         32178      32023        155          0          3       1822
Mem:         32178      32030        147          0          3       1718
Mem:         32178      32018        159          0          3       1651
Mem:         32178      32030        147          0          3       1470
Mem:         32178      32030        147          0          3       1462
Mem:         32178      32024        153          0          3       1502
Mem:         32178      32020        157          0          3       1352
Mem:         32178      32025        153          0          2       1359
Mem:         32178      32029        149          0          2       1256
Mem:         32178      31983        195          0          2       1257
Mem:         32178      32023        154          0          2       1297
Mem:         32178      32034        143          0          2       1151
Mem:         32178      31987        191          0          2       1116
Mem:         32178      32024        153          0          2       1037
Mem:         32178      31972        205          0          2        894
Mem:         32178      32020        157          0          2        867
Mem:         32178      32023        155          0          2        868
Mem:         32178      32019        158          0          2        867
Mem:         32178      32024        153          0          2        870
Mem:         32178      32031        147          0          2        874
Mem:         32178      32022        156          0          2        868
Mem:         32178      32030        147          0          2        901
Mem:         32178      32020        158          0          2        890
Mem:         32178      32021        157          0          3        889
Mem:         32178      32022        155          0          3        892
Mem:         32178      32024        154          0          3        894
Mem:         32178      32024        154          0          3        893
Mem:         32178      32022        155          0          3        892
Mem:         32178      32028        150          0          3        898
Mem:         32178      32024        153          0          3        894
Mem:         32178      32025        153          0          3        895
Mem:         32178      32030        147          0          3        900
Mem:         32178      32019        158          0          3        890
Mem:         32178      32024        153          0          3        897
Mem:         32178      32025        153          0          3        898
Mem:         32178      32023        154          0          3        896
Mem:         32178      32024        154          0          3        896
Mem:         32178      32022        155          0          3        894
Mem:         32178      32023        155          0          3        895
Mem:         32178      31973        205          0          3        842
Mem:         32178      32012        165          0          3        881
Mem:         32178      32024        153          0          3        895
Mem:         32178      32021        156          0          3        891
Mem:         32178      32021        157          0          3        890
Mem:         32178      32028        149          0          3        897
Mem:         32178      32024        154          0          3        894
Mem:         32178      32021        156          0          3        890
Mem:         32178      32030        148          0          3        897
Mem:         32178      32027        151          0          3        897
Mem:         32178      32020        157          0          3        892
Mem:         32178      32006        171          0          3        900
Mem:         32178      31952        225          0          3        958
Mem:         32178      32028        150          0          3       1036
Mem:         32178      32024        154          0          3       1030
Mem:         32178      32018        160          0          3       1025
Mem:         32178      32025        153          0          3       1031
Mem:         32178      32021        156          0          3        975
Mem:         32178      32023        154          0          4        976
Mem:         32178      32030        148          0          3        983
Mem:         32178      32024        154          0          3        978
Mem:         32178      32023        154          0          3        977
Mem:         32178      32021        157          0          3        975
Mem:         32178      32030        148          0          3        985
Mem:         32178      32022        155          0          3        976
Mem:         32178      32030        147          0          3        985
Mem:         32178      32021        156          0          3        977
Mem:         32178      32024        154          0          3        980
Mem:         32178      32022        156          0          2        980
Mem:         32178      32022        155          0          2        980
Mem:         32178      32021        156          0          2        980
Mem:         32178      32019        159          0          2        975
Mem:         32178      32024        153          0          2        980
Mem:         32178      32017        161          0          2        973
Mem:         32178      32025        153          0          3        977
Mem:         32178      31963        215          0          3        970
Mem:         32178      32022        155          0          3       1030
Mem:         32178      32026        151          0          3       1033
Mem:         32178      32025        153          0          3       1030
Mem:         32178      32030        147          0          3       1037
Mem:         32178      32022        155          0          3       1025
Mem:         32178      32022        156          0          3       1029
Mem:         32178      32021        157          0          3       1030
Mem:         32178      32024        153          0          3       1028
Mem:         32178      32024        154          0          3       1008
Mem:         32178      32025        152          0          3       1009
Mem:         32178      32014        163          0          3        996
Mem:         32178      32027        151          0          3       1008
Mem:         32178      32030        147          0          2       1013
Mem:         32178      32024        153          0          2       1007
Mem:         32178      32017        161          0          3       1000
Mem:         32178      32020        157          0          3       1002
Mem:         32178      32024        154          0          3       1005
Mem:         32178      32018        159          0          3       1000
Mem:         32178      32021        156          0          3       1005
Mem:         32178      32021        156          0          3       1005
Mem:         32178      32021        157          0          3       1004
Mem:         32178      32024        154          0          3       1007
Mem:         32178      32018        160          0          3       1002
Mem:         32178      32022        155          0          3       1007
Mem:         32178      32029        148          0          3       1014
Mem:         32178      32025        152          0          3       1010
Mem:         32178      32024        153          0          3       1008
Mem:         32178      32025        153          0          3       1007
Mem:         32178      32018        160          0          4       1002
Mem:         32178      32022        155          0          4       1005
Mem:         32178      32017        161          0          5        991
Mem:         32178      32020        158          0          5        971
Mem:         32178      32026        152          0          5        977
Mem:         32178      32022        155          0          5        971
Mem:         32178      32021        157          0          5        969
Mem:         32178      32022        156          0          5        971
Mem:         32178      32020        158          0          5        970
Mem:         32178      32022        155          0          5        970
Mem:         32178      32020        157          0          5        969
Mem:         32178      32020        158          0          5        969
Mem:         32178      32023        154          0          5        973
Mem:         32178      32020        158          0          5        969
Mem:         32178      32025        152          0          5        973
Mem:         32178      32031        147          0          6        981
Mem:         32178      32027        151          0          6        977
Mem:         32178      32019        159          0          6        967
Mem:         32178      32030        148          0          6        978
Mem:         32178      32030        147          0          5        981
Mem:         32178      32025        152          0          5        976
Mem:         32178      32025        153          0          5        973
Mem:         32178      32020        158          0          5        968
Mem:         32178      32024        154          0          5        973
Mem:         32178      32020        158          0          5        968
Mem:         32178      32019        159          0          5        968
Mem:         32178      32019        158          0          5        969
Mem:         32178      32022        156          0          5        971
Mem:         32178      32025        153          0          5        973
Mem:         32178      32021        157          0          5        970
Mem:         32178      32019        159          0          5        967
Mem:         32178      32021        157          0          5        970
Mem:         32178      31982        195          0          5        976
Mem:         32178      32030        147          0          5       1024
Mem:         32178      32031        147          0          4       1025
Mem:         32178      32022        155          0          4       1018
Mem:         32178      32022        156          0          4       1018
Mem:         32178      32022        156          0          3       1020
Mem:         32178      32024        153          0          3       1025
Mem:         32178      32023        154          0          3       1023
Mem:         32178      32020        158          0          3       1020
Mem:         32178      32024        153          0          3       1024
Mem:         32178      32017        161          0          3       1017
Mem:         32178      32025        153          0          3       1026
Mem:         32178      32022        155          0          3       1022
Mem:         32178      32020        157          0          3       1019
Mem:         32178      32023        155          0          3       1023
Mem:         32178      32019        159          0          3       1019
Mem:         32178      32031        147          0          3       1031
Mem:         32178      32029        149          0          3       1030
Mem:         32178      32026        152          0          3       1026
Mem:         32178      32023        155          0          3       1023
Mem:         32178      32024        153          0          3       1026
Mem:         32178      32025        152          0          3       1026
Mem:         32178      32020        158          0          3        978
Mem:         32178      32019        158          0          3        977
Mem:         32178      32026        152          0          3        984
Mem:         32178      32023        155          0          3        979
Mem:         32178      32023        155          0          3        978
Mem:         32178      32023        154          0          3        980
Mem:         32178      32027        150          0          3        981
Mem:         32178      32028        149          0          3        984
Mem:         32178      32018        159          0          3        974
Mem:         32178      32028        150          0          3        984
Mem:         32178      32028        150          0          3        982
Mem:         32178      32029        148          0          3        984
Mem:         32178      32025        153          0          3        979
Mem:         32178      32019        158          0          3        973
Mem:         32178      32025        152          0          3        980
Mem:         32178      32020        157          0          3        975
Mem:         32178      32024        154          0          3        978
Mem:         32178      32028        149          0          3        983
Mem:         32178      32024        154          0          3        977
Mem:         32178      32024        153          0          3        978
Mem:         32178      32021        157          0          3        974
Mem:         32178      32024        153          0          3        976
Mem:         32178      32021        156          0          3        973
Mem:         32178      32025        153          0          3        976
Mem:         32178      32024        153          0          3        965
Mem:         32178      32025        152          0          3        970
Mem:         32178      32025        152          0          3        970
Mem:         32178      32027        151          0          3        971
Mem:         32178      32025        153          0          3        970
Mem:         32178      32024        154          0          3        968
Mem:         32178      32024        154          0          3        968
Mem:         32178      32026        151          0          3        975
Mem:         32178      32020        157          0          3        969
Mem:         32178      32021        156          0          3        970
Mem:         32178      32023        154          0          3        970
Mem:         32178      32019        158          0          3        967
Mem:         32178      32025        153          0          3        973
Mem:         32178      32023        154          0          3        970
Mem:         32178      32020        158          0          3        968
Mem:         32178      32026        151          0          3        973
Mem:         32178      32024        153          0          3        969
Mem:         32178      32024        154          0          3        968
Mem:         32178      32023        155          0          3        967
Mem:         32178      32022        156          0          3        963
Mem:         32178      32026        152          0          3        966
Mem:         32178      32024        154          0          3        963
Mem:         32178      32023        155          0          3        959
Mem:         32178      32020        157          0          3        955
Mem:         32178      32025        152          0          3        960
Mem:         32178      32017        160          0          3        949
Mem:         32178      32024        154          0          3        955
Mem:         32178      32024        154          0          3        954
Mem:         32178      32025        153          0          3        953
Mem:         32178      32021        156          0          3        951
Mem:         32178      32025        153          0          3        955
Mem:         32178      32024        154          0          3        952
Mem:         32178      32022        156          0          3        948
Mem:         32178      32020        157          0          3        946
Mem:         32178      32020        158          0          3        951
Mem:         32178      32014        164          0          3        945
Mem:         32178      32030        148          0          3        961
Mem:         32178      32030        148          0          3        961
Mem:         32178      32019        159          0          3        946
Mem:         32178      32025        152          0          3        959
Mem:         32178      32023        154          0          3        952
Mem:         32178      32020        157          0          3        949
Mem:         32178      32025        153          0          3        953
Mem:         32178      32023        155          0          3        953
Mem:         32178      32018        160          0          3        947
Mem:         32178      32021        156          0          3        950
Mem:         32178      32019        159          0          3        949
Mem:         32178      32022        155          0          3        952
Mem:         32178      32024        153          0          3        954
Mem:         32178      32029        148          0          3        958
Mem:         32178      32029        149          0          3        960
Mem:         32178      32027        151          0          3        961
Mem:         32178      32021        156          0          3        954
Mem:         32178      32022        155          0          3        957
Mem:         32178      32027        151          0          3        963
Mem:         32178      32023        154          0          3        961
Mem:         32178      32021        156          0          3        959
Mem:         32178      32025        153          0          3        963
Mem:         32178      32024        153          0          3        963
Mem:         32178      32023        154          0          3        957
Mem:         32178      32023        154          0          3        963
Mem:         32178      32021        156          0          3        961
Mem:         32178      32020        157          0          3        962
Mem:         32178      32019        158          0          3        961
Mem:         32178      32028        149          0          3        971
Mem:         32178      32020        157          0          3        971
Mem:         32178      32029        148          0          3        979
Mem:         32178      32023        155          0          3        976
Mem:         32178      32028        150          0          3        981
Mem:         32178      32020        157          0          3        972
Mem:         32178      32019        159          0          3        971
Mem:         32178      32019        158          0          3        972
Mem:         32178      32026        151          0          3        979
Mem:         32178      32026        152          0          3        977
Mem:         32178      32025        153          0          3        977
Mem:         32178      32024        154          0          3        974
Mem:         32178      32025        152          0          3        975
Mem:         32178      32024        153          0          3        976
Mem:         32178      32020        158          0          3        970
Mem:         32178      32020        157          0          3        972
Mem:         32178      32024        154          0          3        974
Mem:         32178      32028        150          0          3        980
Mem:         32178      32021        156          0          3        972
Mem:         32178      32021        156          0          3        971
Mem:         32178      32018        159          0          3        967
Mem:         32178      32020        157          0          3        970
Mem:         32178      32021        156          0          3        971
Mem:         32178      32025        152          0          3        973
Mem:         32178      32017        161          0          3        962
Mem:         32178      32025        153          0          3        973
Mem:         32178      32019        158          0          3        967
Mem:         32178      32021        157          0          3        970
Mem:         32178      32020        158          0          3        967
Mem:         32178      32019        159          0          3        965
Mem:         32178      32024        153          0          3        973
Mem:         32178      32026        152          0          3        975
Mem:         32178      32021        156          0          3        970
Mem:         32178      32025        153          0          3        974
Mem:         32178      32022        156          0          3        973
Mem:         32178      32029        149          0          3        979
Mem:         32178      32026        151          0          3        976
Mem:         32178      32020        158          0          3        968
Mem:         32178      32023        155          0          3        972
Mem:         32178      32023        154          0          3        972
Mem:         32178      32025        153          0          3        972
Mem:         32178      32025        153          0          3        973
Mem:         32178      32025        153          0          3        974
Mem:         32178      32021        157          0          3        969
Mem:         32178      32023        154          0          3        973
Mem:         32178      32018        160          0          3        966
Mem:         32178      32020        157          0          3        969
Mem:         32178      32021        156          0          3        969
Mem:         32178      32022        156          0          3        969
Mem:         32178      32022        156          0          3        963
Mem:         32178      32024        153          0          3        969
Mem:         32178      32026        151          0          3        973
Mem:         32178      32026        152          0          3        972
Mem:         32178      32023        154          0          3        969
Mem:         32178      32030        147          0          3        980
Mem:         32178      32027        151          0          3        976
Mem:         32178      32022        156          0          3        974
Mem:         32178      32024        154          0          3        978
Mem:         32178      32026        152          0          3        980
Mem:         32178      32024        154          0          3        979
Mem:         32178      32025        152          0          3        982
Mem:         32178      32024        154          0          3        980
Mem:         32178      32020        157          0          3        976
Mem:         32178      32024        153          0          3        980
Mem:         32178      32024        153          0          3        978
Mem:         32178      32029        148          0          3        986
Mem:         32178      32028        149          0          3        984
Mem:         32178      32023        155          0          3        981
Mem:         32178      32019        159          0          3        977
Mem:         32178      32023        154          0          3        982
Mem:         32178      32025        153          0          3        983
Mem:         32178      32027        151          0          3        984
Mem:         32178      32017        160          0          3        974
Mem:         32178      32019        158          0          3        976
Mem:         32178      32021        156          0          3        978
Mem:         32178      32022        155          0          3        980
Mem:         32178      32019        158          0          3        976
Mem:         32178      32020        158          0          3        976
Mem:         32178      32020        157          0          3        979
Mem:         32178      32027        151          0          3        987
Mem:         32178      32029        148          0          3        993
Mem:         32178      32019        158          0          3        983
Mem:         32178      32023        155          0          3        985
Mem:         32178      32028        149          0          3        991
Mem:         32178      32023        155          0          3        985
Mem:         32178      32020        157          0          3        981
Mem:         32178      32027        150          0          3        988
Mem:         32178      32021        157          0          3        983
Mem:         32178      32019        159          0          3        981
Mem:         32178      32020        158          0          3        981
Mem:         32178      32024        153          0          3        986
Mem:         32178      32024        153          0          3        986
Mem:         32178      32021        157          0          3        983
Mem:         32178      32019        158          0          3        982
Mem:         32178      32029        149          0          3        990
Mem:         32178      32020        158          0          3        982
Mem:         32178      32015        163          0          3        975
Mem:         32178      32031        147          0          3        993
Mem:         32178      32024        154          0          3        986
Mem:         32178      32019        158          0          3        980
Mem:         32178      32022        155          0          3        985
Mem:         32178      32021        156          0          3        982
Mem:         32178      32019        158          0          3        981
Mem:         32178      32023        154          0          3        984
Mem:         32178      32015        162          0          3        974
Mem:         32178      32024        153          0          3        985
Mem:         32178      32025        152          0          3        983
Mem:         32178      32027        151          0          3        985
Mem:         32178      32024        154          0          3        981
Mem:         32178      32030        147          0          3        988
Mem:         32178      32025        152          0          3        986
Mem:         32178      32019        158          0          3        978
Mem:         32178      32023        155          0          3        981
Mem:         32178      32024        154          0          3        982
Mem:         32178      32023        154          0          3        981
Mem:         32178      32023        154          0          3        983
Mem:         32178      32019        158          0          3        979
Mem:         32178      32025        153          0          3        984
Mem:         32178      32026        152          0          3        986
Mem:         32178      32020        158          0          3        979
Mem:         32178      32025        153          0          3        985
Mem:         32178      32028        150          0          3        988
Mem:         32178      32031        147          0          3        991
Mem:         32178      32025        153          0          3        986
Mem:         32178      32023        155          0          3        983
Mem:         32178      32020        157          0          3        981
Mem:         32178      32024        154          0          3        984
Mem:         32178      32020        158          0          3        979
Mem:         32178      32019        158          0          3        978
Mem:         32178      32022        155          0          3        981
Mem:         32178      32024        154          0          3        983
Mem:         32178      32029        149          0          3        989
Mem:         32178      32023        155          0          3        983
Mem:         32178      32021        156          0          3        982
Mem:         32178      32020        157          0          3        979
Mem:         32178      32023        154          0          3        984
Mem:         32178      32021        156          0          3        983
Mem:         32178      32027        151          0          3        989
Mem:         32178      32024        153          0          3        987
Mem:         32178      32024        153          0          3        986
Mem:         32178      32027        151          0          3        988
Mem:         32178      32024        153          0          3        983
Mem:         32178      32021        156          0          3        982
Mem:         32178      32020        157          0          3        982
Mem:         32178      32023        155          0          3        985
Mem:         32178      32021        157          0          3        983
Mem:         32178      32024        154          0          3        986
Mem:         32178      32026        151          0          3        989
Mem:         32178      32026        151          0          3        988
Mem:         32178      32024        154          0          3        986
Mem:         32178      32023        154          0          3        985
Mem:         32178      32023        154          0          3        986
Mem:         32178      32021        157          0          3        982
Mem:         32178      32023        154          0          3        986
Mem:         32178      32020        157          0          3        982
Mem:         32178      32016        161          0          3        974
Mem:         32178      32022        156          0          3        963
Mem:         32178      32024        154          0          3       1029
Mem:         32178      32016        162          0          3       1022
Mem:         32178      32025        152          0          3       1029
Mem:         32178      32019        158          0          3       1023
Mem:         32178      32025        152          0          3       1029
Mem:         32178      32020        157          0          3       1024
Mem:         32178      32022        156          0          3       1026
Mem:         32178      32021        157          0          3       1026
Mem:         32178      32031        147          0          3       1035
Mem:         32178      32019        159          0          3       1023
Mem:         32178      32019        158          0          3       1023
Mem:         32178      32024        154          0          3       1027
Mem:         32178      32024        153          0          3       1027
Mem:         32178      32030        147          0          3       1033
Mem:         32178      32018        159          0          3       1023
Mem:         32178      32018        160          0          3       1024
Mem:         32178      32019        159          0          3       1026
Mem:         32178      32021        156          0          3       1027
Mem:         32178      32016        161          0          3       1022
Mem:         32178      32018        160          0          3       1024
Mem:         32178      32023        154          0          3       1028
Mem:         32178      32024        153          0          3       1029
Mem:         32178      32018        160          0          3       1023
Mem:         32178      32017        160          0          3       1021
Mem:         32178      32019        159          0          3       1022
Mem:         32178      32020        157          0          3       1022
Mem:         32178      32019        159          0          4       1023
Mem:         32178      32024        153          0          4        986
Mem:         32178      32028        149          0          4        989
Mem:         32178      32028        150          0          4        990
Mem:         32178      32018        159          0          4        977
Mem:         32178      32027        150          0          4        986
Mem:         32178      32026        152          0          4        987
Mem:         32178      32024        153          0          4        983
Mem:         32178      32021        157          0          4        982
Mem:         32178      32020        158          0          4        981
Mem:         32178      32020        158          0          4        980
Mem:         32178      32026        152          0          4        985
Mem:         32178      32023        154          0          4        981
Mem:         32178      32031        147          0          4        992
Mem:         32178      32023        155          0          4        984
Mem:         32178      32021        157          0          5        981
Mem:         32178      32026        152          0          4        985
Mem:         32178      32021        157          0          4        981
Mem:         32178      32029        149          0          4        989
Mem:         32178      32022        156          0          4        982
Mem:         32178      32025        152          0          5        986
Mem:         32178      32027        150          0          5        987
Mem:         32178      32018        159          0          5        979
Mem:         32178      32022        156          0          5        981
Mem:         32178      32023        154          0          5        982
Mem:         32178      32020        158          0          5        979
Mem:         32178      32019        159          0          5        976
Mem:         32178      32024        154          0          6        978
Mem:         32178      32024        154          0          6        978
Mem:         32178      32020        157          0          5        974
Mem:         32178      32023        155          0          5        976
Mem:         32178      32021        157          0          5        974
Mem:         32178      32029        149          0          5        982
Mem:         32178      32028        149          0          5        981
Mem:         32178      32023        155          0          5        978
Mem:         32178      32019        158          0          5        973
Mem:         32178      32024        154          0          5        978
Mem:         32178      32021        157          0          5        973
Mem:         32178      32023        155          0          5        975
Mem:         32178      32019        158          0          5        971
Mem:         32178      32025        152          0          5        979
Mem:         32178      32022        155          0          4        975
Mem:         32178      32026        152          0          4        979
Mem:         32178      32031        147          0          4        985
Mem:         32178      32022        156          0          4        977
Mem:         32178      32031        147          0          4        986
Mem:         32178      32026        152          0          4        981
Mem:         32178      32030        147          0          4        987
Mem:         32178      32017        161          0          4        974
Mem:         32178      32020        157          0          4        976
Mem:         32178      32025        153          0          4        977
Mem:         32178      32029        148          0          4        971
Mem:         32178      32022        155          0          4        964
Mem:         32178      32022        156          0          3        964
Mem:         32178      32024        154          0          3        965
Mem:         32178      32018        159          0          3        962
Mem:         32178      32022        155          0          3        964
Mem:         32178      32017        161          0          3        959
Mem:         32178      32023        155          0          3        967
Mem:         32178      32024        154          0          3        966
Mem:         32178      32021        156          0          3        965
Mem:         32178      32027        150          0          3        971
Mem:         32178      32015        163          0          3        958
Mem:         32178      32027        150          0          3        970
Mem:         32178      32030        147          0          3        973
Mem:         32178      32019        158          0          3        961
Mem:         32178      32022        155          0          3        964
Mem:         32178      32020        157          0          3        963
Mem:         32178      32025        153          0          3        967
Mem:         32178      32017        161          0          3        959
Mem:         32178      32027        151          0          3        970
Mem:         32178      32017        160          0          3        960
Mem:         32178      32020        157          0          3        963
Mem:         32178      32020        158          0          3        962
Mem:         32178      31990        188          0          3        962
Mem:         32178      32027        151          0          3        998
Mem:         32178      32019        158          0          3        991
Mem:         32178      32019        158          0          3        992
Mem:         32178      32024        153          0          3        995
Mem:         32178      32024        153          0          3        997
Mem:         32178      32024        154          0          3        998
Mem:         32178      32024        153          0          3        997
Mem:         32178      32019        159          0          3        990
Mem:         32178      32021        156          0          3        990
Mem:         32178      32019        159          0          3        990
Mem:         32178      32024        154          0          3        995
Mem:         32178      32024        153          0          3        998
Mem:         32178      32025        153          0          3        997
Mem:         32178      32021        156          0          3        994
Mem:         32178      32025        153          0          3        996
Mem:         32178      32030        147          0          3       1003
Mem:         32178      32020        158          0          3        990
Mem:         32178      32021        156          0          3        991
Mem:         32178      32024        153          0          3        995
Mem:         32178      32019        159          0          3        991
Mem:         32178      32024        153          0          3        996
Mem:         32178      32023        155          0          3        990
Mem:         32178      32020        157          0          3        987
Mem:         32178      32011        166          0          3        975
Mem:         32178      32021        156          0          3        987
Mem:         32178      32022        156          0          3        989
Mem:         32178      32020        158          0          3        986
Mem:         32178      32022        156          0          3        987
Mem:         32178      32024        153          0          3        991
Mem:         32178      32023        155          0          3        989
Mem:         32178      32030        148          0          3        996
Mem:         32178      32020        157          0          3        988
Mem:         32178      32029        149          0          3        994
Mem:         32178      32025        153          0          3        990
Mem:         32178      32019        158          0          3        986
Mem:         32178      32028        150          0          3        994
Mem:         32178      32022        156          0          3        987
Mem:         32178      32022        156          0          3        988
Mem:         32178      32023        155          0          3        989
Mem:         32178      32020        157          0          3        986
Mem:         32178      32023        155          0          3        988
Mem:         32178      32019        158          0          3        984
Mem:         32178      32025        153          0          3        989
Mem:         32178      32030        147          0          3        994
Mem:         32178      32023        155          0          3        987
Mem:         32178      32023        155          0          3        986
Mem:         32178      32018        160          0          3        982
Mem:         32178      32027        150          0          3        964
Mem:         32178      32021        157          0          3        982
Mem:         32178      32020        157          0          3        980
Mem:         32178      32020        157          0          3        979
Mem:         32178      32022        156          0          3        980
Mem:         32178      32023        155          0          3        982
Mem:         32178      32030        147          0          3        989
Mem:         32178      32022        155          0          3        980
Mem:         32178      32025        153          0          3        983
Mem:         32178      32019        158          0          3        976
Mem:         32178      32024        153          0          3        985
Mem:         32178      32026        152          0          3        986
Mem:         32178      32026        151          0          3        985
Mem:         32178      32026        151          0          3        985
Mem:         32178      32022        155          0          3        982
Mem:         32178      32021        156          0          3        980
Mem:         32178      32024        154          0          3        984
Mem:         32178      32021        156          0          3        979
Mem:         32178      32023        155          0          3        982
Mem:         32178      32024        153          0          3        983
Mem:         32178      32022        156          0          3        980
Mem:         32178      32017        160          0          3        977
Mem:         32178      32024        154          0          3        979
Mem:         32178      32019        158          0          3        976
Mem:         32178      31969        208          0          3        951
Mem:         32178      32020        157          0          3        978
Mem:         32178      32021        156          0          3        978
Mem:         32178      32022        155          0          3        980
Mem:         32178      32026        152          0          3        984
Mem:         32178      32027        151          0          3        988
Mem:         32178      32019        159          0          3        979
Mem:         32178      32022        156          0          3        983
Mem:         32178      32022        155          0          3        984
Mem:         32178      32021        157          0          3        981
Mem:         32178      32024        153          0          3        984
Mem:         32178      32020        158          0          3        981
Mem:         32178      32026        151          0          3        986
Mem:         32178      32030        147          0          3        990
Mem:         32178      32018        160          0          3        978
Mem:         32178      32023        155          0          3        983
Mem:         32178      32024        153          0          3        986
Mem:         32178      32029        148          0          3        989
Mem:         32178      32025        152          0          3        985
Mem:         32178      32021        157          0          3        982
Mem:         32178      32024        154          0          3        984
Mem:         32178      32019        159          0          3        979
Mem:         32178      32022        156          0          3        983
Mem:         32178      32020        158          0          3        980
Mem:         32178      32023        155          0          3        982
Mem:         32178      32025        152          0          3        984
Mem:         32178      32024        154          0          3        982
Mem:         32178      32031        147          0          3        994
Mem:         32178      32023        155          0          3        985
Mem:         32178      32026        151          0          3        988
Mem:         32178      32023        154          0          3        986
Mem:         32178      32026        151          0          3        989
Mem:         32178      32022        155          0          3        986
Mem:         32178      32019        159          0          3        982
Mem:         32178      32021        156          0          3        984
Mem:         32178      32024        154          0          3        987
Mem:         32178      32025        152          0          3        988
Mem:         32178      32026        152          0          3        989
Mem:         32178      32021        156          0          3        984
Mem:         32178      32021        156          0          3        984
Mem:         32178      32020        157          0          3        984
Mem:         32178      32019        158          0          3        982
Mem:         32178      32018        160          0          3        980
Mem:         32178      32016        161          0          3        977
Mem:         32178      32016        162          0          3        977
Mem:         32178      32021        157          0          3        982
Mem:         32178      32030        147          0          3        991
Mem:         32178      32024        154          0          3        984
Mem:         32178      32025        152          0          3        986
Mem:         32178      32019        158          0          3        979
Mem:         32178      32019        159          0          3        980
Mem:         32178      32020        158          0          3        981
Mem:         32178      32023        154          0          3        986
Mem:         32178      32021        157          0          3        983
Mem:         32178      32024        154          0          3        987
Mem:         32178      32027        151          0          3        989
Mem:         32178      32023        155          0          3        986
Mem:         32178      32029        148          0          3        992
Mem:         32178      32021        156          0          3        984
Mem:         32178      32026        151          0          3        989
Mem:         32178      32027        151          0          3        989
Mem:         32178      32024        154          0          3        986
Mem:         32178      32025        152          0          3        988
Mem:         32178      32018        160          0          3        980
Mem:         32178      32022        156          0          3        985
Mem:         32178      32025        152          0          3        988
Mem:         32178      32027        150          0          3        989
Mem:         32178      32026        151          0          3        989
Mem:         32178      32020        158          0          3        982
