Mem:         32105       1495      30610          0          1        107
Mem:         32105       1562      30542          0          2        127
Mem:         32105       1629      30475          0          2        145
Mem:         32105       1754      30350          0          2        161
Mem:         32105       2010      30095          0          2        189
Mem:         32105       4924      27180          0          2        279
Mem:         32105       7362      24743          0          2        400
Mem:         32105       7899      24205          0          2        537
Mem:         32105       8059      24045          0          2        681
Mem:         32105       8363      23741          0          2        826
Mem:         32105       8638      23467          0          3        949
Mem:         32105       9128      22976          0          3       1080
Mem:         32105       9261      22844          0          3       1211
Mem:         32105      10300      21804          0          3       1335
Mem:         32105      10653      21451          0          3       1476
Mem:         32105      10797      21307          0          3       1611
Mem:         32105      11188      20916          0          3       1731
Mem:         32105      11336      20768          0          3       1751
Mem:         32105      11398      20706          0          3       1753
Mem:         32105      11423      20682          0          3       1756
Mem:         32105      11483      20621          0          3       1815
Mem:         32105      11599      20505          0          4       1895
Mem:         32105      11759      20345          0          4       2040
Mem:         32105      11944      20160          0          4       2188
Mem:         32105      12124      19980          0          4       2330
Mem:         32105      12326      19778          0          4       2479
Mem:         32105      12499      19605          0          4       2622
Mem:         32105      12753      19352          0          5       2752
Mem:         32105      12937      19168          0          5       2896
Mem:         32105      13128      18977          0          5       3035
Mem:         32105      13305      18799          0          5       3169
Mem:         32105      13582      18522          0          5       3277
Mem:         32105      13704      18400          0          5       3318
Mem:         32105      13732      18372          0          5       3318
Mem:         32105      13741      18363          0          5       3318
Mem:         32105      13742      18362          0          5       3318
Mem:         32105      13742      18363          0          5       3318
Mem:         32105      13743      18362          0          5       3319
Mem:         32105      13742      18362          0          5       3319
Mem:         32105      13742      18363          0          5       3319
Mem:         32105      13743      18361          0          5       3320
Mem:         32105      13857      18247          0          5       3323
Mem:         32105      13959      18145          0          5       3323
Mem:         32105      14163      17942          0          5       3326
Mem:         32105      14305      17799          0          5       3360
Mem:         32105      14508      17596          0          5       3422
Mem:         32105      14649      17456          0          5       3481
Mem:         32105      14800      17304          0          5       3536
Mem:         32105      14924      17181          0          5       3616
Mem:         32105      15077      17028          0          6       3715
Mem:         32105      15198      16907          0          6       3816
Mem:         32105      15265      16839          0          6       3883
Mem:         32105      15306      16798          0          6       3924
Mem:         32105      15343      16761          0          6       3960
Mem:         32105      15346      16759          0          6       3962
Mem:         32105      15345      16759          0          6       3962
Mem:         32105      15346      16759          0          6       3962
Mem:         32105      15345      16759          0          6       3962
Mem:         32105      15345      16759          0          6       3962
Mem:         32105      15345      16760          0          6       3962
Mem:         32105      15349      16756          0          6       3962
Mem:         32105      15348      16757          0          6       3962
Mem:         32105      15351      16753          0          8       3964
Mem:         32105      15350      16754          0          8       3966
Mem:         32105      15351      16754          0          8       3966
Mem:         32105      15350      16754          0          8       3966
Mem:         32105      15350      16754          0          8       3966
Mem:         32105      15350      16754          0          8       3966
Mem:         32105      15370      16734          0          8       3967
Mem:         32105      15412      16692          0          8       3967
Mem:         32105      15421      16684          0          9       3975
Mem:         32105      15574      16530          0          9       3985
Mem:         32105      15699      16405          0          9       3994
Mem:         32105      15753      16351          0          9       4006
Mem:         32105      15789      16315          0          9       4015
Mem:         32105      15837      16268          0          9       4024
Mem:         32105      15946      16158          0          9       4034
Mem:         32105      16007      16097          0          9       4043
Mem:         32105      16042      16062          0          9       4051
Mem:         32105      16090      16014          0          9       4059
Mem:         32105      16179      15925          0          9       4066
Mem:         32105      16291      15814          0          9       4074
Mem:         32105      16309      15795          0          9       4080
Mem:         32105      16387      15717          0          9       4087
Mem:         32105      16446      15658          0          9       4096
Mem:         32105      16448      15656          0          9       4096
Mem:         32105      16525      15579          0          9       4098
Mem:         32105      16587      15518          0          9       4100
Mem:         32105      16616      15488          0          9       4101
Mem:         32105      16619      15486          0          9       4103
Mem:         32105      16668      15436          0          9       4106
Mem:         32105      16670      15434          0          9       4108
Mem:         32105      16672      15432          0          9       4110
Mem:         32105      16674      15430          0          9       4112
Mem:         32105      16676      15428          0          9       4114
Mem:         32105      16678      15427          0          9       4116
Mem:         32105      16680      15424          0          9       4118
Mem:         32105      16681      15423          0          9       4120
Mem:         32105      16683      15421          0          9       4122
Mem:         32105      16781      15323          0          9       4124
Mem:         32105      16892      15212          0          9       4126
Mem:         32105      16932      15173          0          9       4129
Mem:         32105      17112      14993          0          9       4131
Mem:         32105      17115      14989          0          9       4133
Mem:         32105      17157      14947          0          9       4136
Mem:         32105      17192      14912          0          9       4138
Mem:         32105      17250      14855          0          9       4140
Mem:         32105      17326      14779          0          9       4142
Mem:         32105      17352      14752          0          9       4144
Mem:         32105      17452      14652          0          9       4146
Mem:         32105      17508      14596          0          9       4162
Mem:         32105      17541      14563          0          9       4194
Mem:         32105      17597      14507          0          9       4226
Mem:         32105      17631      14474          0          9       4259
Mem:         32105      17655      14450          0          9       4283
Mem:         32105      17657      14447          0          9       4285
Mem:         32105      17658      14447          0          9       4287
Mem:         32105      17663      14441          0          9       4289
Mem:         32105      17665      14440          0          9       4291
Mem:         32105      17666      14438          0          9       4293
Mem:         32105      17711      14394          0          9       4295
Mem:         32105      17865      14239          0          9       4300
Mem:         32105      17947      14157          0          9       4302
Mem:         32105      18032      14073          0          9       4304
Mem:         32105      18091      14013          0          9       4306
Mem:         32105      18169      13935          0          9       4325
Mem:         32105      18318      13787          0          9       4472
Mem:         32105      18541      13563          0          9       4594
Mem:         32105      18598      13507          0          9       4614
Mem:         32105      18613      13491          0          9       4626
Mem:         32105      18651      13453          0          9       4632
Mem:         32105      18654      13451          0         10       4634
Mem:         32105      18791      13313          0         10       4628
Mem:         32105      18792      13312          0         10       4630
Mem:         32105      18794      13311          0         10       4632
Mem:         32105      18795      13309          0         10       4634
Mem:         32105      18797      13308          0         10       4636
Mem:         32105      18798      13306          0         10       4638
Mem:         32105      18801      13304          0         10       4640
Mem:         32105      18803      13301          0         10       4642
Mem:         32105      18805      13300          0         10       4644
Mem:         32105      18806      13298          0         10       4646
Mem:         32105      18808      13296          0         10       4648
Mem:         32105      18810      13295          0         10       4650
Mem:         32105      18812      13293          0         10       4652
Mem:         32105      18814      13291          0         10       4654
Mem:         32105      18822      13283          0         10       4656
Mem:         32105      19195      12909          0         10       4658
Mem:         32105      19375      12729          0         10       4660
Mem:         32105      19410      12695          0         10       4662
Mem:         32105      19423      12681          0         10       4663
Mem:         32105      19438      12666          0         10       4665
Mem:         32105      19489      12616          0         10       4666
Mem:         32105      19532      12573          0         10       4668
Mem:         32105      19596      12508          0         10       4670
Mem:         32105      19609      12496          0         10       4672
Mem:         32105      19720      12385          0         10       4674
Mem:         32105      19833      12271          0         10       4676
Mem:         32105      19793      12312          0         10       4679
Mem:         32105      19868      12237          0         10       4681
Mem:         32105      20042      12063          0         10       4683
Mem:         32105      20093      12012          0         10       4685
Mem:         32105      20095      12009          0         10       4687
Mem:         32105      20098      12007          0         10       4689
Mem:         32105      20100      12005          0         10       4691
Mem:         32105      20101      12003          0         10       4693
Mem:         32105      20104      12000          0         10       4695
Mem:         32105      20106      11999          0         10       4697
Mem:         32105      20108      11997          0         10       4699
Mem:         32105      20109      11995          0         10       4701
Mem:         32105      20112      11993          0         10       4703
Mem:         32105      20113      11992          0         10       4705
Mem:         32105      20115      11990          0         10       4707
Mem:         32105      20117      11988          0         10       4709
Mem:         32105      20118      11987          0         10       4711
Mem:         32105      20121      11984          0         10       4713
Mem:         32105      20122      11982          0         10       4715
Mem:         32105      20124      11980          0         10       4717
Mem:         32105      20132      11973          0         10       4719
Mem:         32105      20137      11968          0         10       4721
Mem:         32105      20318      11786          0         10       4723
Mem:         32105      20444      11660          0         10       4725
Mem:         32105      20500      11604          0         10       4727
Mem:         32105      20619      11485          0         10       4776
Mem:         32105      20876      11228          0         10       4921
Mem:         32105      20975      11129          0         10       5021
Mem:         32105      21028      11076          0         10       5032
Mem:         32105      21102      11002          0         10       5043
Mem:         32105      21230      10874          0         10       5050
Mem:         32105      21310      10794          0         10       5053
Mem:         32105      21452      10652          0         10       5055
Mem:         32105      21588      10516          0         10       5057
Mem:         32105      21593      10512          0         10       5059
Mem:         32105      21670      10434          0         10       5054
Mem:         32105      21673      10431          0         10       5056
Mem:         32105      21675      10430          0         10       5058
Mem:         32105      21677      10428          0         10       5060
Mem:         32105      21678      10426          0         10       5062
Mem:         32105      21680      10424          0         10       5064
Mem:         32105      21681      10423          0         10       5066
Mem:         32105      21683      10421          0         10       5068
Mem:         32105      21685      10419          0         10       5070
Mem:         32105      21687      10418          0         10       5072
Mem:         32105      21688      10416          0         10       5074
Mem:         32105      21690      10415          0         10       5076
Mem:         32105      21692      10413          0         10       5078
Mem:         32105      21694      10410          0         10       5080
Mem:         32105      21697      10408          0         10       5082
Mem:         32105      21698      10406          0         10       5084
Mem:         32105      21700      10404          0         10       5086
Mem:         32105      21702      10402          0         10       5088
Mem:         32105      21704      10401          0         10       5090
Mem:         32105      21705      10399          0         10       5092
Mem:         32105      21707      10397          0         10       5094
Mem:         32105      21708      10396          0         10       5095
Mem:         32105      21708      10396          0         10       5095
Mem:         32105      21503      10602          0         10       4792
Mem:         32105      21508      10596          0         10       4792
Mem:         32105      21929      10176          0         10       4792
Mem:         32105      21983      10121          0         10       4792
Mem:         32105      22007      10098          0         10       4792
Mem:         32105      22030      10075          0         10       4792
Mem:         32105      22069      10036          0         10       4792
Mem:         32105      22082      10022          0         10       4792
Mem:         32105      22119       9986          0         10       4792
Mem:         32105      22157       9947          0         10       4792
Mem:         32105      22202       9902          0         10       4792
Mem:         32105      22203       9901          0         10       4792
Mem:         32105      22277       9827          0         10       4792
Mem:         32105      22277       9828          0         10       4792
Mem:         32105      22277       9828          0         10       4792
Mem:         32105      22297       9807          0         10       4792
Mem:         32105      22297       9807          0         10       4792
Mem:         32105      22297       9807          0         10       4792
Mem:         32105      22296       9808          0         10       4792
Mem:         32105      22296       9808          0         10       4792
Mem:         32105      22296       9808          0         10       4792
Mem:         32105      22296       9808          0         10       4792
Mem:         32105      22296       9808          0         10       4792
Mem:         32105      22296       9808          0         10       4792
Mem:         32105      22296       9808          0         10       4792
Mem:         32105      22296       9809          0         10       4792
Mem:         32105      22296       9809          0         10       4792
Mem:         32105      22295       9809          0         10       4792
Mem:         32105      22295       9809          0         10       4792
Mem:         32105      22295       9809          0         10       4792
Mem:         32105      22295       9809          0         10       4792
Mem:         32105      22295       9810          0         10       4792
Mem:         32105      22295       9809          0         10       4792
Mem:         32105      22294       9810          0         10       4792
Mem:         32105      22294       9810          0         10       4792
Mem:         32105      22295       9810          0         10       4792
Mem:         32105      22300       9805          0         10       4792
Mem:         32105      22406       9698          0         10       4792
Mem:         32105      22458       9646          0         10       4842
Mem:         32105      22619       9486          0         10       4843
Mem:         32105      22676       9429          0         10       4844
Mem:         32105      22750       9354          0         10       4872
Mem:         32105      22986       9118          0         11       4984
Mem:         32105      23141       8963          0         11       5139
Mem:         32105      23193       8911          0         11       5145
Mem:         32105      23209       8895          0         11       5150
Mem:         32105      23265       8840          0         11       5144
Mem:         32105      23363       8742          0         11       5146
Mem:         32105      23485       8619          0         11       5146
Mem:         32105      23581       8523          0         11       5146
Mem:         32105      23698       8406          0         11       5171
Mem:         32105      23849       8255          0         11       5171
Mem:         32105      23849       8255          0         11       5171
Mem:         32105      23849       8255          0         11       5171
Mem:         32105      23979       8125          0         11       5171
Mem:         32105      23979       8125          0         11       5171
Mem:         32105      23979       8125          0         11       5171
Mem:         32105      23979       8125          0         11       5171
Mem:         32105      23979       8125          0         11       5171
Mem:         32105      23979       8125          0         11       5171
Mem:         32105      23978       8126          0         11       5171
Mem:         32105      23978       8126          0         11       5171
Mem:         32105      23978       8126          0         11       5171
Mem:         32105      23978       8126          0         11       5171
Mem:         32105      23979       8125          0         11       5171
Mem:         32105      23978       8126          0         11       5171
Mem:         32105      23979       8126          0         11       5171
Mem:         32105      23627       8478          0         11       4819
Mem:         32105      23686       8419          0         11       4819
Mem:         32105      24021       8083          0         11       4819
Mem:         32105      24044       8060          0         11       4818
Mem:         32105      24082       8022          0         11       4818
Mem:         32105      24132       7973          0         11       4818
Mem:         32105      24180       7925          0         11       4818
Mem:         32105      24231       7874          0         11       4818
Mem:         32105      24382       7723          0         11       4818
Mem:         32105      24415       7689          0         11       4818
Mem:         32105      24459       7645          0         11       4818
Mem:         32105      24460       7645          0         11       4818
Mem:         32105      24509       7596          0         11       4818
Mem:         32105      24509       7596          0         11       4818
Mem:         32105      24509       7595          0         11       4818
Mem:         32105      24530       7575          0         11       4818
Mem:         32105      24529       7575          0         11       4818
Mem:         32105      24529       7576          0         11       4818
Mem:         32105      24528       7576          0         11       4818
Mem:         32105      24607       7497          0         11       4818
Mem:         32105      24607       7497          0         11       4818
Mem:         32105      24607       7497          0         11       4818
Mem:         32105      24681       7423          0         11       4818
Mem:         32105      24681       7423          0         11       4818
Mem:         32105      24681       7424          0         11       4818
Mem:         32105      24681       7423          0         11       4818
Mem:         32105      24681       7423          0         11       4818
Mem:         32105      24681       7423          0         11       4818
Mem:         32105      24681       7423          0         11       4818
Mem:         32105      24681       7424          0         11       4818
Mem:         32105      24680       7424          0         11       4818
Mem:         32105      24680       7424          0         11       4818
Mem:         32105      24681       7424          0         11       4818
Mem:         32105      24680       7424          0         11       4818
Mem:         32105      24691       7413          0         11       4818
Mem:         32105      24746       7358          0         11       4818
Mem:         32105      24856       7248          0         11       4837
Mem:         32105      24948       7156          0         11       4844
Mem:         32105      25008       7097          0         11       4844
Mem:         32105      25147       6957          0         11       4921
Mem:         32105      25356       6748          0         11       5038
Mem:         32105      25454       6650          0         11       5134
Mem:         32105      25496       6609          0         11       5143
Mem:         32105      25519       6585          0         11       5148
Mem:         32105      25619       6485          0         11       5152
Mem:         32105      25696       6409          0         11       5153
Mem:         32105      25808       6296          0         11       5153
Mem:         32105      25928       6176          0         11       5153
Mem:         32105      25921       6183          0         11       5147
Mem:         32105      25922       6182          0         11       5147
Mem:         32105      25922       6182          0         11       5147
Mem:         32105      25922       6182          0         11       5147
Mem:         32105      25921       6183          0         11       5147
Mem:         32105      25921       6183          0         11       5147
Mem:         32105      25921       6183          0         11       5147
Mem:         32105      25921       6184          0         11       5147
Mem:         32105      25920       6184          0         11       5147
Mem:         32105      25920       6185          0         11       5147
Mem:         32105      25920       6185          0         11       5147
Mem:         32105      25920       6184          0         11       5147
Mem:         32105      25920       6185          0         11       5147
Mem:         32105      25921       6183          0         11       5147
Mem:         32105      25920       6184          0         11       5147
Mem:         32105      25920       6185          0         11       5147
Mem:         32105      25920       6185          0         11       5147
Mem:         32105      25920       6184          0         11       5147
Mem:         32105      25919       6185          0         11       5147
Mem:         32105      25919       6185          0         11       5147
Mem:         32105      25919       6185          0         11       5147
Mem:         32105      25919       6185          0         11       5147
Mem:         32105      25919       6185          0         11       5147
Mem:         32105      25919       6185          0         11       5147
Mem:         32105      25592       6513          0         11       4819
Mem:         32105      25771       6333          0         11       4794
Mem:         32105      25884       6221          0         11       4794
Mem:         32105      26009       6096          0         11       4794
Mem:         32105      26058       6047          0         11       4794
Mem:         32105      26100       6005          0         11       4794
Mem:         32105      26134       5971          0         11       4794
Mem:         32105      26172       5933          0         11       4794
Mem:         32105      26312       5793          0         11       4794
Mem:         32105      26304       5801          0         11       4794
Mem:         32105      26422       5682          0         11       4794
Mem:         32105      26487       5617          0         11       4794
Mem:         32105      26496       5608          0         11       4794
Mem:         32105      26555       5549          0         11       4794
Mem:         32105      26568       5536          0         11       4794
Mem:         32105      26625       5479          0         11       4794
Mem:         32105      26673       5431          0         11       4794
Mem:         32105      26674       5431          0         11       4794
Mem:         32105      26674       5431          0         11       4794
Mem:         32105      26674       5431          0         11       4794
Mem:         32105      26673       5431          0         11       4794
Mem:         32105      26673       5431          0         11       4794
Mem:         32105      26673       5431          0         11       4794
Mem:         32105      26673       5431          0         11       4794
Mem:         32105      26673       5432          0         11       4794
Mem:         32105      26673       5431          0         11       4794
Mem:         32105      26672       5432          0         11       4794
Mem:         32105      26672       5433          0         11       4794
Mem:         32105      26672       5433          0         11       4794
Mem:         32105      26672       5432          0         11       4794
Mem:         32105      26672       5432          0         11       4794
Mem:         32105      26672       5432          0         11       4794
Mem:         32105      26672       5433          0         11       4794
Mem:         32105      26671       5433          0         11       4794
Mem:         32105      26671       5433          0         11       4794
Mem:         32105      26384       5720          0         11       4492
Mem:         32105      26399       5705          0         11       4492
Mem:         32105      26461       5644          0         11       4492
Mem:         32105      26461       5643          0         12       4492
Mem:         32105      26461       5644          0         12       4492
Mem:         32105      26458       5646          0         12       4492
Mem:         32105      26462       5642          0         12       4492
Mem:         32105      26458       5646          0         12       4492
Mem:         32105      26459       5645          0         12       4492
Mem:         32105      26481       5624          0         12       4492
Mem:         32105      26481       5624          0         12       4492
Mem:         32105      26480       5624          0         12       4492
Mem:         32105      26511       5593          0         12       4492
Mem:         32105      26481       5624          0         12       4492
Mem:         32105      26480       5624          0         12       4492
Mem:         32105      26480       5624          0         12       4492
Mem:         32105      26480       5624          0         12       4492
Mem:         32105      26480       5624          0         12       4492
Mem:         32105      26480       5625          0         12       4492
Mem:         32105      26479       5625          0         12       4492
Mem:         32105      26479       5625          0         12       4492
Mem:         32105      26479       5625          0         12       4492
Mem:         32105      26479       5626          0         12       4492
Mem:         32105      26479       5625          0         12       4492
Mem:         32105      26478       5626          0         12       4492
Mem:         32105      26478       5626          0         12       4492
Mem:         32105      26479       5626          0         12       4492
Mem:         32105      26478       5626          0         12       4492
Mem:         32105      26478       5626          0         12       4492
Mem:         32105      26478       5626          0         12       4492
Mem:         32105      26479       5626          0         12       4493
Mem:         32105      26480       5625          0         12       4493
Mem:         32105      26549       5555          0         12       4494
Mem:         32105      26564       5540          0         12       4493
Mem:         32105      26564       5540          0         12       4493
Mem:         32105      26564       5540          0         12       4493
Mem:         32105      26563       5542          0         12       4493
Mem:         32105      26561       5543          0         12       4493
Mem:         32105      26565       5539          0         12       4493
Mem:         32105      26564       5541          0         12       4494
Mem:         32105      26605       5499          0         12       4494
Mem:         32105      26606       5499          0         12       4494
Mem:         32105      26606       5498          0         12       4494
Mem:         32105      26606       5499          0         12       4494
Mem:         32105      26606       5498          0         12       4494
Mem:         32105      26605       5499          0         12       4494
Mem:         32105      26605       5499          0         12       4494
Mem:         32105      26605       5499          0         12       4494
Mem:         32105      26605       5499          0         12       4494
Mem:         32105      26605       5500          0         12       4494
Mem:         32105      26604       5500          0         12       4494
Mem:         32105      26604       5500          0         12       4494
Mem:         32105      26604       5500          0         12       4494
Mem:         32105      26604       5500          0         12       4494
Mem:         32105      26604       5500          0         12       4494
Mem:         32105      26604       5500          0         12       4494
Mem:         32105      26604       5500          0         12       4494
Mem:         32105      26604       5501          0         12       4494
Mem:         32105      26604       5501          0         12       4494
Mem:         32105      26604       5501          0         12       4494
Mem:         32105      26604       5500          0         12       4494
Mem:         32105      26613       5491          0         12       4495
Mem:         32105      26672       5432          0         12       4495
Mem:         32105      26673       5432          0         12       4495
Mem:         32105      26673       5432          0         12       4495
Mem:         32105      26670       5435          0         12       4495
Mem:         32105      26670       5434          0         12       4495
Mem:         32105      26691       5413          0         12       4496
Mem:         32105      26714       5390          0         12       4496
Mem:         32105      26734       5370          0         12       4496
Mem:         32105      26734       5370          0         12       4496
Mem:         32105      26734       5370          0         12       4496
Mem:         32105      26734       5370          0         12       4496
Mem:         32105      26734       5371          0         12       4496
Mem:         32105      26734       5371          0         12       4496
Mem:         32105      26734       5371          0         12       4496
Mem:         32105      26734       5371          0         12       4496
Mem:         32105      26733       5371          0         12       4496
Mem:         32105      26733       5371          0         12       4496
Mem:         32105      26733       5371          0         12       4496
Mem:         32105      26733       5371          0         12       4496
Mem:         32105      26733       5372          0         12       4496
Mem:         32105      26732       5372          0         12       4496
Mem:         32105      26737       5367          0         12       4496
Mem:         32105      26755       5349          0         12       4497
Mem:         32105      26832       5272          0         12       4497
Mem:         32105      26833       5271          0         12       4497
Mem:         32105      26833       5271          0         12       4497
Mem:         32105      26834       5270          0         12       4497
Mem:         32105      26834       5271          0         12       4497
Mem:         32105      26832       5272          0         12       4497
Mem:         32105      26833       5272          0         12       4497
Mem:         32105      26875       5230          0         12       4497
Mem:         32105      26875       5229          0         12       4497
Mem:         32105      26875       5229          0         12       4497
Mem:         32105      26875       5229          0         12       4497
Mem:         32105      26875       5230          0         12       4497
Mem:         32105      26874       5230          0         12       4497
Mem:         32105      26874       5230          0         12       4497
Mem:         32105      26874       5230          0         12       4497
Mem:         32105      26874       5230          0         12       4497
Mem:         32105      26873       5231          0         12       4497
Mem:         32105      26873       5231          0         12       4497
Mem:         32105      26873       5232          0         12       4497
Mem:         32105      26873       5232          0         12       4497
Mem:         32105      26873       5232          0         12       4497
Mem:         32105      26873       5232          0         12       4497
Mem:         32105      26873       5231          0         12       4497
Mem:         32105      26876       5228          0         12       4498
Mem:         32105      26881       5224          0         12       4498
Mem:         32105      26919       5185          0         12       4498
Mem:         32105      26920       5185          0         12       4498
Mem:         32105      26920       5185          0         12       4498
Mem:         32105      26919       5185          0         12       4498
Mem:         32105      26921       5184          0         12       4498
Mem:         32105      26918       5186          0         12       4499
Mem:         32105      26920       5184          0         12       4499
Mem:         32105      26961       5143          0         12       4499
Mem:         32105      26961       5143          0         12       4499
Mem:         32105      26961       5144          0         12       4499
Mem:         32105      26960       5144          0         12       4499
Mem:         32105      26961       5144          0         12       4499
Mem:         32105      26961       5144          0         12       4499
Mem:         32105      26961       5144          0         12       4499
Mem:         32105      26960       5144          0         12       4499
Mem:         32105      26960       5144          0         12       4499
Mem:         32105      26959       5145          0         12       4499
Mem:         32105      26960       5144          0         12       4499
Mem:         32105      26959       5145          0         12       4499
Mem:         32105      26959       5145          0         12       4499
Mem:         32105      26959       5145          0         12       4499
Mem:         32105      26959       5145          0         12       4499
Mem:         32105      26959       5145          0         12       4499
Mem:         32105      26959       5145          0         12       4499
Mem:         32105      26959       5145          0         12       4499
Mem:         32105      26959       5145          0         12       4499
Mem:         32105      26959       5145          0         12       4499
Mem:         32105      26959       5145          0         12       4499
Mem:         32105      26959       5146          0         12       4499
Mem:         32105      26959       5145          0         12       4499
Mem:         32105      26959       5146          0         12       4499
Mem:         32105      27002       5103          0         12       4500
Mem:         32105      27027       5077          0         12       4500
Mem:         32105      27028       5077          0         12       4500
Mem:         32105      27025       5080          0         12       4500
Mem:         32105      27025       5079          0         12       4500
Mem:         32105      27025       5079          0         12       4500
Mem:         32105      27026       5078          0         12       4500
Mem:         32105      27026       5078          0         12       4500
Mem:         32105      27029       5076          0         12       4500
Mem:         32105      27068       5036          0         12       4500
Mem:         32105      27066       5039          0         12       4500
Mem:         32105      27066       5039          0         12       4500
Mem:         32105      27065       5040          0         12       4500
Mem:         32105      27065       5040          0         12       4500
Mem:         32105      27064       5040          0         12       4500
Mem:         32105      27064       5040          0         12       4500
Mem:         32105      27065       5040          0         12       4500
Mem:         32105      27064       5040          0         12       4500
Mem:         32105      27064       5040          0         12       4500
Mem:         32105      27063       5041          0         12       4500
Mem:         32105      27063       5041          0         12       4500
Mem:         32105      27064       5041          0         12       4500
Mem:         32105      27064       5041          0         12       4500
Mem:         32105      27063       5041          0         12       4500
Mem:         32105      27064       5041          0         12       4500
Mem:         32105      27063       5041          0         12       4500
Mem:         32105      27072       5032          0         12       4500
Mem:         32105      27196       4908          0         12       4501
Mem:         32105      27228       4876          0         12       4501
Mem:         32105      27228       4877          0         12       4501
Mem:         32105      27225       4879          0         12       4501
Mem:         32105      27225       4879          0         12       4501
Mem:         32105      27225       4879          0         12       4501
Mem:         32105      27226       4878          0         12       4501
Mem:         32105      27227       4877          0         12       4501
Mem:         32105      27268       4836          0         12       4501
Mem:         32105      27269       4836          0         12       4501
Mem:         32105      27269       4835          0         12       4501
Mem:         32105      27269       4836          0         12       4501
Mem:         32105      27268       4836          0         12       4501
Mem:         32105      27268       4836          0         12       4501
Mem:         32105      27268       4836          0         12       4501
Mem:         32105      27268       4836          0         12       4501
Mem:         32105      27268       4836          0         12       4501
Mem:         32105      27267       4837          0         12       4501
Mem:         32105      27267       4837          0         12       4501
Mem:         32105      27267       4837          0         12       4501
Mem:         32105      27267       4837          0         12       4501
Mem:         32105      27267       4837          0         12       4501
Mem:         32105      27268       4837          0         12       4502
Mem:         32105      27267       4837          0         12       4502
Mem:         32105      27267       4837          0         12       4502
Mem:         32105      27267       4837          0         12       4502
Mem:         32105      27267       4837          0         12       4502
Mem:         32105      27267       4838          0         12       4501
Mem:         32105      27267       4837          0         12       4502
Mem:         32105      27372       4732          0         12       4502
Mem:         32105      27376       4728          0         12       4502
Mem:         32105      27374       4731          0         12       4502
Mem:         32105      27373       4731          0         12       4502
Mem:         32105      27373       4731          0         12       4502
Mem:         32105      27378       4726          0         12       4502
Mem:         32105      27375       4730          0         12       4503
Mem:         32105      27377       4727          0         12       4503
Mem:         32105      27417       4687          0         12       4503
Mem:         32105      27417       4687          0         12       4503
Mem:         32105      27417       4687          0         12       4503
Mem:         32105      27417       4688          0         12       4503
Mem:         32105      27416       4688          0         12       4503
Mem:         32105      27416       4688          0         12       4503
Mem:         32105      27416       4688          0         12       4503
Mem:         32105      27416       4688          0         12       4503
Mem:         32105      27416       4688          0         12       4503
Mem:         32105      27416       4689          0         12       4503
Mem:         32105      27416       4688          0         12       4503
Mem:         32105      27416       4689          0         12       4503
Mem:         32105      27416       4689          0         12       4503
Mem:         32105      27415       4689          0         12       4503
Mem:         32105      27415       4689          0         12       4503
Mem:         32105      27415       4689          0         12       4503
Mem:         32105      27415       4689          0         12       4503
Mem:         32105      27489       4616          0         12       4504
Mem:         32105      27549       4555          0         12       4504
Mem:         32105      27566       4538          0         12       4504
Mem:         32105      27566       4539          0         12       4504
Mem:         32105      27566       4539          0         12       4504
Mem:         32105      27567       4537          0         12       4504
Mem:         32105      27585       4519          0         12       4504
Mem:         32105      27586       4518          0         12       4504
Mem:         32105      27629       4476          0         12       4504
Mem:         32105      27629       4475          0         12       4504
Mem:         32105      27629       4475          0         12       4504
Mem:         32105      27629       4475          0         12       4504
Mem:         32105      27630       4475          0         12       4505
Mem:         32105      27630       4475          0         12       4505
Mem:         32105      27711       4394          0         12       4505
Mem:         32105      27710       4395          0         12       4505
Mem:         32105      27712       4392          0         12       4505
Mem:         32105      27755       4350          0         12       4505
Mem:         32105      27755       4349          0         12       4505
Mem:         32105      27752       4352          0         12       4505
Mem:         32105      27751       4353          0         12       4505
Mem:         32105      27752       4352          0         12       4505
Mem:         32105      27752       4353          0         12       4505
Mem:         32105      27753       4351          0         12       4505
Mem:         32105      27753       4352          0         12       4505
Mem:         32105      27868       4236          0         12       4505
Mem:         32105      27931       4173          0         12       4506
Mem:         32105      27971       4134          0         12       4506
Mem:         32105      27971       4134          0         12       4506
Mem:         32105      27970       4135          0         12       4506
Mem:         32105      27968       4136          0         12       4506
Mem:         32105      27968       4136          0         12       4506
Mem:         32105      27969       4136          0         12       4506
Mem:         32105      28011       4093          0         12       4506
Mem:         32105      28012       4093          0         12       4506
Mem:         32105      28012       4093          0         12       4506
Mem:         32105      28012       4093          0         12       4506
Mem:         32105      28011       4093          0         12       4506
Mem:         32105      28011       4093          0         12       4506
Mem:         32105      28011       4093          0         12       4506
Mem:         32105      28011       4093          0         12       4506
Mem:         32105      28010       4094          0         12       4506
Mem:         32105      28010       4094          0         12       4506
Mem:         32105      28010       4094          0         12       4506
Mem:         32105      28010       4095          0         12       4506
Mem:         32105      28009       4095          0         12       4506
Mem:         32105      28010       4095          0         12       4506
Mem:         32105      28009       4095          0         12       4506
Mem:         32105      28009       4095          0         12       4506
Mem:         32105      28009       4095          0         12       4506
Mem:         32105      28009       4095          0         12       4506
Mem:         32105      28009       4096          0         12       4506
Mem:         32105      28009       4095          0         12       4506
Mem:         32105      28009       4096          0         12       4506
Mem:         32105      28009       4095          0         12       4506
Mem:         32105      28157       3947          0         12       4506
Mem:         32105      28175       3929          0         12       4506
Mem:         32105      28174       3931          0         12       4506
Mem:         32105      28174       3930          0         12       4506
Mem:         32105      28172       3933          0         12       4506
Mem:         32105      28172       3932          0         12       4506
Mem:         32105      28172       3932          0         12       4507
Mem:         32105      28195       3909          0         12       4507
Mem:         32105      28195       3909          0         12       4507
Mem:         32105      28235       3870          0         12       4507
Mem:         32105      28235       3869          0         12       4507
Mem:         32105      28234       3870          0         12       4507
Mem:         32105      28236       3868          0         12       4507
Mem:         32105      28360       3745          0         12       4507
Mem:         32105      28363       3741          0         12       4507
Mem:         32105      28361       3744          0         12       4507
Mem:         32105      28408       3696          0         12       4507
Mem:         32105      28411       3693          0         12       4507
Mem:         32105      28409       3695          0         12       4507
Mem:         32105      28406       3698          0         12       4507
Mem:         32105      28404       3701          0         12       4507
Mem:         32105      28403       3702          0         12       4507
Mem:         32105      28403       3701          0         12       4507
Mem:         32105      28404       3700          0         12       4507
Mem:         32105      28427       3678          0         12       4508
Mem:         32105      28465       3640          0         12       4508
Mem:         32105      28465       3639          0         12       4508
Mem:         32105      28465       3640          0         12       4508
Mem:         32105      28465       3639          0         12       4508
Mem:         32105      28462       3642          0         12       4508
Mem:         32105      28463       3642          0         12       4508
Mem:         32105      28488       3616          0         12       4513
Mem:         32105      28549       3555          0         12       4532
Mem:         32105      28588       3516          0         12       4550
Mem:         32105      28606       3498          0         12       4568
Mem:         32105      28637       3468          0         12       4598
Mem:         32105      28668       3436          0         12       4631
Mem:         32105      28675       3430          0         12       4637
Mem:         32105      28674       3430          0         12       4637
Mem:         32105      28674       3431          0         12       4637
Mem:         32105      28673       3431          0         12       4637
Mem:         32105      28674       3431          0         12       4637
Mem:         32105      28674       3431          0         12       4637
Mem:         32105      28673       3431          0         12       4637
Mem:         32105      28673       3431          0         12       4637
Mem:         32105      28673       3431          0         12       4637
Mem:         32105      28673       3431          0         12       4637
Mem:         32105      28673       3432          0         12       4637
Mem:         32105      28673       3432          0         12       4637
Mem:         32105      28672       3432          0         12       4637
Mem:         32105      28672       3432          0         12       4637
Mem:         32105      28738       3366          0         12       4637
Mem:         32105      28757       3348          0         12       4637
Mem:         32105      28757       3347          0         12       4637
Mem:         32105      28754       3350          0         12       4637
Mem:         32105      28755       3350          0         12       4637
Mem:         32105      28754       3350          0         12       4637
Mem:         32105      28756       3348          0         12       4638
Mem:         32105      28756       3348          0         12       4638
Mem:         32105      28818       3287          0         12       4638
Mem:         32105      28819       3286          0         12       4638
Mem:         32105      28819       3286          0         12       4638
Mem:         32105      28818       3286          0         12       4638
Mem:         32105      28818       3286          0         12       4638
Mem:         32105      28818       3287          0         12       4638
Mem:         32105      28817       3287          0         12       4638
Mem:         32105      28817       3287          0         12       4638
Mem:         32105      28817       3287          0         12       4638
Mem:         32105      28817       3287          0         12       4638
Mem:         32105      28817       3287          0         12       4638
Mem:         32105      28817       3288          0         12       4638
Mem:         32105      28817       3288          0         12       4638
Mem:         32105      28817       3288          0         12       4638
Mem:         32105      28816       3288          0         12       4638
Mem:         32105      28817       3288          0         12       4638
Mem:         32105      28816       3288          0         12       4638
Mem:         32105      28816       3288          0         12       4638
Mem:         32105      28816       3288          0         12       4638
Mem:         32105      28816       3288          0         12       4638
Mem:         32105      28889       3215          0         12       4639
Mem:         32105      28968       3136          0         12       4639
Mem:         32105      28970       3135          0         12       4639
Mem:         32105      28970       3134          0         12       4639
Mem:         32105      28970       3134          0         12       4639
Mem:         32105      28971       3134          0         12       4639
Mem:         32105      29028       3076          0         12       4640
Mem:         32105      29029       3075          0         12       4640
Mem:         32105      29070       3034          0         12       4640
Mem:         32105      29071       3034          0         12       4640
Mem:         32105      29070       3035          0         12       4640
Mem:         32105      29070       3034          0         12       4640
Mem:         32105      29070       3035          0         12       4640
Mem:         32105      29070       3035          0         12       4640
Mem:         32105      29069       3035          0         12       4640
Mem:         32105      29070       3035          0         12       4640
Mem:         32105      29070       3035          0         12       4640
Mem:         32105      29069       3035          0         12       4640
Mem:         32105      29069       3035          0         12       4640
Mem:         32105      29069       3035          0         12       4640
Mem:         32105      29069       3036          0         12       4640
Mem:         32105      29069       3035          0         12       4640
Mem:         32105      29069       3036          0         12       4640
Mem:         32105      29069       3036          0         12       4640
Mem:         32105      29069       3036          0         12       4640
Mem:         32105      29069       3036          0         12       4640
Mem:         32105      29068       3036          0         12       4640
Mem:         32105      29082       3023          0         12       4640
Mem:         32105      29155       2950          0         12       4640
Mem:         32105      29154       2951          0         12       4640
Mem:         32105      29153       2951          0         12       4640
Mem:         32105      29153       2951          0         12       4640
Mem:         32105      29154       2951          0         12       4640
Mem:         32105      29155       2950          0         12       4640
Mem:         32105      29152       2952          0         12       4640
Mem:         32105      29154       2950          0         12       4640
Mem:         32105      29194       2910          0         12       4640
Mem:         32105      29194       2910          0         12       4640
Mem:         32105      29193       2911          0         12       4640
Mem:         32105      29193       2911          0         12       4640
Mem:         32105      29193       2911          0         12       4640
Mem:         32105      29193       2911          0         12       4640
Mem:         32105      29193       2911          0         12       4640
Mem:         32105      29193       2911          0         12       4640
Mem:         32105      29193       2912          0         12       4640
Mem:         32105      29192       2912          0         12       4640
Mem:         32105      29192       2912          0         12       4640
Mem:         32105      29192       2913          0         12       4640
Mem:         32105      29192       2912          0         12       4640
Mem:         32105      29200       2904          0         12       4640
Mem:         32105      29299       2806          0         12       4641
Mem:         32105      29321       2783          0         12       4641
Mem:         32105      29321       2783          0         12       4641
Mem:         32105      29320       2784          0         12       4641
Mem:         32105      29319       2785          0         12       4641
Mem:         32105      29323       2782          0         12       4641
Mem:         32105      29351       2754          0         12       4641
Mem:         32105      29352       2753          0         12       4642
Mem:         32105      29456       2648          0         12       4642
Mem:         32105      29500       2605          0         12       4642
Mem:         32105      29501       2604          0         12       4642
Mem:         32105      29501       2603          0         12       4642
Mem:         32105      29501       2603          0         12       4642
Mem:         32105      29501       2603          0         12       4642
Mem:         32105      29501       2603          0         12       4642
Mem:         32105      29501       2604          0         12       4642
Mem:         32105      29500       2604          0         12       4642
Mem:         32105      29500       2604          0         12       4642
Mem:         32105      29500       2604          0         12       4642
Mem:         32105      29500       2604          0         12       4642
Mem:         32105      29500       2604          0         12       4642
Mem:         32105      29500       2605          0         12       4642
Mem:         32105      29509       2595          0         12       4643
Mem:         32105      29504       2600          0         12       4643
Mem:         32105      29504       2600          0         12       4643
Mem:         32105      29504       2601          0         12       4643
Mem:         32105      29502       2602          0         12       4643
Mem:         32105      29504       2600          0         12       4643
Mem:         32105      29503       2602          0         12       4643
Mem:         32105      29504       2600          0         12       4644
Mem:         32105      29504       2601          0         12       4644
Mem:         32105      29503       2601          0         12       4644
Mem:         32105      29503       2601          0         12       4644
Mem:         32105      29503       2602          0         12       4644
Mem:         32105      29502       2602          0         12       4644
Mem:         32105      29502       2602          0         12       4644
Mem:         32105      29502       2602          0         12       4644
Mem:         32105      29502       2602          0         12       4644
Mem:         32105      29502       2603          0         12       4644
Mem:         32105      29501       2603          0         12       4644
Mem:         32105      29502       2603          0         12       4644
Mem:         32105      29502       2602          0         12       4644
Mem:         32105      29502       2603          0         12       4644
Mem:         32105      29501       2603          0         12       4644
Mem:         32105      29507       2598          0         12       4644
Mem:         32105      29507       2597          0         12       4645
Mem:         32105      29507       2597          0         12       4645
Mem:         32105      29507       2598          0         12       4645
Mem:         32105      29506       2598          0         12       4645
Mem:         32105      29504       2600          0         12       4645
Mem:         32105      29507       2598          0         12       4645
Mem:         32105      29505       2599          0         12       4645
Mem:         32105      29355       2749          0         12       4645
Mem:         32105      29355       2749          0         12       4645
Mem:         32105      29355       2749          0         12       4645
Mem:         32105      29355       2750          0         12       4645
Mem:         32105      29354       2750          0         12       4645
Mem:         32105      29354       2750          0         12       4645
Mem:         32105      29354       2750          0         12       4645
Mem:         32105      29354       2751          0         12       4645
Mem:         32105      29353       2751          0         12       4645
Mem:         32105      29353       2751          0         12       4645
Mem:         32105      29353       2751          0         12       4645
Mem:         32105      29353       2751          0         12       4645
Mem:         32105      29353       2752          0         12       4645
Mem:         32105      29352       2752          0         12       4645
Mem:         32105      29352       2752          0         12       4645
Mem:         32105      29352       2752          0         12       4645
Mem:         32105      29352       2752          0         12       4645
Mem:         32105      29352       2752          0         12       4645
Mem:         32105      29352       2752          0         12       4645
Mem:         32105      29358       2747          0         12       4646
Mem:         32105      29357       2747          0         12       4645
Mem:         32105      29357       2747          0         12       4645
Mem:         32105      29357       2747          0         12       4645
Mem:         32105      29358       2746          0         12       4645
Mem:         32105      29357       2748          0         12       4645
Mem:         32105      29383       2721          0         12       4646
Mem:         32105      29379       2725          0         12       4646
Mem:         32105      29380       2724          0         12       4646
Mem:         32105      29379       2725          0         12       4646
Mem:         32105      29376       2728          0         12       4646
Mem:         32105      29376       2728          0         12       4646
Mem:         32105      29378       2726          0         12       4646
Mem:         32105      29377       2727          0         12       4646
Mem:         32105      29376       2728          0         12       4646
Mem:         32105      29376       2728          0         12       4646
Mem:         32105      29380       2725          0         12       4646
Mem:         32105      29380       2724          0         12       4646
Mem:         32105      29377       2727          0         12       4646
Mem:         32105      29378       2726          0         12       4646
Mem:         32105      29375       2729          0         12       4646
Mem:         32105      29375       2729          0         12       4646
Mem:         32105      29375       2730          0         12       4646
Mem:         32105      29387       2717          0         12       4647
Mem:         32105      29380       2725          0         12       4647
Mem:         32105      29380       2725          0         12       4647
Mem:         32105      29380       2724          0         12       4647
Mem:         32105      29380       2724          0         12       4647
Mem:         32105      29377       2727          0         12       4647
Mem:         32105      29378       2727          0         12       4647
Mem:         32105      29380       2725          0         12       4647
Mem:         32105      29379       2725          0         12       4647
Mem:         32105      29379       2726          0         12       4647
Mem:         32105      29378       2726          0         12       4647
Mem:         32105      29378       2726          0         12       4648
Mem:         32105      29378       2726          0         12       4648
Mem:         32105      29378       2726          0         12       4648
Mem:         32105      29377       2727          0         12       4648
Mem:         32105      29377       2727          0         12       4648
Mem:         32105      29377       2727          0         12       4648
Mem:         32105      29377       2727          0         12       4648
Mem:         32105      29377       2727          0         12       4648
Mem:         32105      29377       2727          0         12       4648
Mem:         32105      29377       2727          0         12       4648
Mem:         32105      29377       2728          0         12       4648
Mem:         32105      29377       2728          0         12       4648
Mem:         32105      29388       2717          0         12       4648
Mem:         32105      29385       2719          0         12       4648
Mem:         32105      29385       2720          0         12       4648
Mem:         32105      29384       2720          0         12       4648
Mem:         32105      29383       2721          0         12       4648
Mem:         32105      29380       2724          0         12       4648
Mem:         32105      29385       2720          0         12       4648
Mem:         32105      29381       2723          0         12       4649
Mem:         32105      29381       2723          0         12       4649
Mem:         32105      29381       2723          0         12       4649
Mem:         32105      29381       2723          0         12       4649
Mem:         32105      29381       2723          0         12       4649
Mem:         32105      29381       2723          0         12       4649
Mem:         32105      29380       2724          0         12       4649
Mem:         32105      29381       2723          0         12       4649
Mem:         32105      29381       2724          0         12       4649
Mem:         32105      29380       2724          0         12       4649
Mem:         32105      29380       2724          0         12       4649
Mem:         32105      29380       2725          0         12       4649
Mem:         32105      29380       2724          0         12       4649
Mem:         32105      29380       2724          0         12       4649
Mem:         32105      29380       2725          0         12       4649
Mem:         32105      29379       2725          0         12       4649
Mem:         32105      29380       2724          0         12       4649
Mem:         32105      29381       2723          0         12       4649
Mem:         32105      29381       2723          0         12       4649
Mem:         32105      29381       2724          0         12       4649
Mem:         32105      29380       2724          0         12       4649
Mem:         32105      29380       2724          0         12       4649
Mem:         32105      29381       2724          0         12       4649
Mem:         32105      29381       2723          0         12       4649
Mem:         32105      29382       2723          0         12       4649
Mem:         32105      29382       2723          0         12       4649
Mem:         32105      29381       2723          0         12       4649
Mem:         32105      29381       2723          0         12       4649
Mem:         32105      29381       2723          0         12       4649
Mem:         32105      29381       2723          0         12       4649
Mem:         32105      29381       2723          0         12       4649
Mem:         32105      29381       2724          0         12       4649
Mem:         32105      29381       2724          0         12       4649
Mem:         32105      29381       2724          0         12       4649
Mem:         32105      29380       2724          0         12       4649
Mem:         32105      29380       2724          0         12       4649
Mem:         32105      29380       2724          0         12       4649
Mem:         32105      29380       2725          0         12       4649
Mem:         32105      29380       2725          0         12       4649
Mem:         32105      25462       6642          0         12       4649
Mem:         32105       5944      26160          0         12       4626
