Mem:         32104       1466      30638          0          1        103
Mem:         32104       1525      30579          0          2        121
Mem:         32104       1592      30512          0          2        141
Mem:         32104       1721      30383          0          2        156
Mem:         32104       1923      30181          0          2        182
Mem:         32104       4244      27860          0          2        255
Mem:         32104       7096      25008          0          2        375
Mem:         32104       7427      24677          0          2        494
Mem:         32104       7822      24282          0          2        608
Mem:         32104       8149      23955          0          2        738
Mem:         32104       8428      23676          0          3        872
Mem:         32104       8537      23567          0          3        980
Mem:         32104       8978      23126          0          3       1100
Mem:         32104       9544      22560          0          3       1226
Mem:         32104      10223      21881          0          3       1346
Mem:         32104      10589      21515          0          3       1463
Mem:         32104      10832      21272          0          3       1586
Mem:         32104      11099      21005          0          3       1673
Mem:         32104      11260      20844          0          3       1724
Mem:         32104      11375      20729          0          4       1768
Mem:         32104      11436      20668          0          4       1793
Mem:         32104      11473      20631          0          4       1825
Mem:         32104      11559      20545          0          4       1896
Mem:         32104      11688      20416          0          4       2009
Mem:         32104      11834      20270          0          4       2133
Mem:         32104      12004      20100          0          4       2260
Mem:         32104      12133      19971          0          4       2387
Mem:         32104      12320      19784          0          4       2516
Mem:         32104      12452      19652          0          5       2647
Mem:         32104      12638      19466          0          5       2773
Mem:         32104      12859      19245          0          5       2898
Mem:         32104      13039      19065          0          5       3019
Mem:         32104      13204      18900          0          5       3145
Mem:         32104      13391      18713          0          5       3258
Mem:         32104      13639      18465          0          5       3371
Mem:         32104      13716      18388          0          5       3427
Mem:         32104      13803      18301          0          5       3468
Mem:         32104      13821      18283          0          5       3487
Mem:         32104      13824      18280          0          5       3489
Mem:         32104      13825      18279          0          5       3491
Mem:         32104      13827      18277          0          5       3493
Mem:         32104      13963      18141          0          5       3497
Mem:         32104      14077      18027          0          5       3499
Mem:         32104      14473      17631          0          5       3501
Mem:         32104      14551      17553          0          5       3523
Mem:         32104      14727      17377          0          5       3563
Mem:         32104      14813      17291          0          6       3605
Mem:         32104      15019      17085          0          6       3689
Mem:         32104      15191      16913          0          6       3801
Mem:         32104      15319      16785          0          6       3908
Mem:         32104      15493      16611          0          6       4006
Mem:         32104      15654      16450          0          6       4104
Mem:         32104      15813      16291          0          6       4230
Mem:         32104      16001      16103          0          6       4357
Mem:         32104      16112      15992          0          6       4469
Mem:         32104      16198      15906          0          6       4554
Mem:         32104      16246      15858          0          6       4602
Mem:         32104      16245      15859          0          6       4602
Mem:         32104      16246      15858          0          6       4602
Mem:         32104      16245      15859          0          6       4602
Mem:         32104      16244      15860          0          7       4602
Mem:         32104      16245      15859          0          7       4602
Mem:         32104      16246      15857          0          7       4602
Mem:         32104      16246      15858          0          7       4602
Mem:         32104      16245      15859          0          7       4602
Mem:         32104      16245      15859          0          7       4602
Mem:         32104      16245      15859          0          7       4602
Mem:         32104      16244      15860          0          7       4602
Mem:         32104      16301      15803          0          7       4603
Mem:         32104      16499      15605          0          7       4603
Mem:         32104      16805      15299          0          7       4611
Mem:         32104      16815      15289          0          7       4622
Mem:         32104      16985      15119          0          7       4640
Mem:         32104      17172      14932          0          7       4660
Mem:         32104      17320      14784          0          7       4681
Mem:         32104      17357      14747          0          7       4710
Mem:         32104      17416      14688          0          7       4738
Mem:         32104      17514      14590          0          7       4767
Mem:         32104      17686      14418          0          7       4793
Mem:         32104      17738      14366          0          7       4817
Mem:         32104      17809      14295          0          7       4853
Mem:         32104      17912      14192          0          7       4888
Mem:         32104      18015      14089          0          7       4923
Mem:         32104      18161      13943          0          7       4947
Mem:         32104      18216      13888          0          7       4967
Mem:         32104      18342      13762          0          7       4984
Mem:         32104      18521      13583          0          7       5002
Mem:         32104      18633      13471          0          7       5017
Mem:         32104      18720      13384          0          7       5028
Mem:         32104      18784      13320          0          7       5038
Mem:         32104      18820      13284          0          7       5050
Mem:         32104      18876      13228          0          7       5066
Mem:         32104      18947      13157          0          7       5081
Mem:         32104      19002      13102          0          7       5099
Mem:         32104      19075      13029          0          7       5117
Mem:         32104      19075      13029          0          7       5117
Mem:         32104      19074      13029          0          7       5117
Mem:         32104      19074      13030          0          7       5117
Mem:         32104      19074      13030          0          7       5117
Mem:         32104      19349      12755          0          7       5117
Mem:         32104      19527      12577          0          7       5117
Mem:         32104      19803      12300          0          7       5117
Mem:         32104      19874      12230          0          7       5117
Mem:         32104      19926      12178          0          7       5126
Mem:         32104      20044      12060          0          7       5144
Mem:         32104      19976      12128          0          7       5162
Mem:         32104      20130      11974          0          7       5179
Mem:         32104      20144      11960          0          7       5194
Mem:         32104      20251      11853          0          7       5207
Mem:         32104      20327      11777          0          7       5224
Mem:         32104      20432      11672          0          7       5243
Mem:         32104      20485      11619          0          7       5245
Mem:         32104      20513      11591          0          7       5245
Mem:         32104      20513      11591          0          7       5245
Mem:         32104      20513      11591          0          7       5245
Mem:         32104      20513      11591          0          7       5245
Mem:         32104      20512      11592          0          7       5245
Mem:         32104      20533      11571          0          7       5245
Mem:         32104      20609      11495          0          7       5245
Mem:         32104      20677      11427          0          7       5245
Mem:         32104      20870      11234          0          7       5245
Mem:         32104      21018      11086          0          7       5298
Mem:         32104      21106      10998          0          7       5333
Mem:         32104      21441      10663          0          7       5354
Mem:         32104      21694      10410          0          7       5381
Mem:         32104      21835      10269          0          8       5434
Mem:         32104      22006      10098          0          8       5464
Mem:         32104      22154       9950          0          8       5520
Mem:         32104      22259       9845          0          8       5567
Mem:         32104      22466       9638          0          8       5654
Mem:         32104      22577       9527          0          8       5684
Mem:         32104      22750       9354          0          8       5739
Mem:         32104      22823       9281          0          8       5808
Mem:         32104      23035       9069          0          8       5830
Mem:         32104      23161       8943          0          8       5864
Mem:         32104      23284       8820          0          8       5864
Mem:         32104      23317       8787          0          8       5864
Mem:         32104      23402       8702          0          8       5862
Mem:         32104      23400       8704          0          8       5860
Mem:         32104      23400       8704          0          8       5860
Mem:         32104      23400       8704          0          8       5860
Mem:         32104      23399       8705          0          8       5860
Mem:         32104      23398       8706          0          8       5860
Mem:         32104      23398       8706          0          8       5860
Mem:         32104      23398       8706          0          8       5860
Mem:         32104      23397       8707          0          8       5860
Mem:         32104      23152       8952          0          8       5531
Mem:         32104      23226       8877          0          8       5531
Mem:         32104      23293       8811          0          8       5531
Mem:         32104      23367       8737          0          8       5531
Mem:         32104      23517       8587          0          8       5531
Mem:         32104      23642       8462          0          8       5531
Mem:         32104      23689       8415          0          8       5531
Mem:         32104      23739       8365          0          8       5531
Mem:         32104      23862       8242          0          8       5531
Mem:         32104      23912       8192          0          8       5531
Mem:         32104      23986       8118          0          8       5531
Mem:         32104      24007       8097          0          8       5531
Mem:         32104      24006       8098          0          8       5531
Mem:         32104      24109       7995          0          8       5531
Mem:         32104      24268       7836          0          8       5531
Mem:         32104      24273       7831          0          8       5531
Mem:         32104      24298       7806          0          8       5531
Mem:         32104      24346       7758          0          8       5531
Mem:         32104      24371       7733          0          8       5531
Mem:         32104      24369       7735          0          8       5531
Mem:         32104      24369       7735          0          8       5531
Mem:         32104      24369       7735          0          8       5531
Mem:         32104      24369       7735          0          8       5531
Mem:         32104      24368       7736          0          8       5531
Mem:         32104      24368       7736          0          8       5531
Mem:         32104      24368       7736          0          8       5531
Mem:         32104      24368       7736          0          8       5531
Mem:         32104      24368       7736          0          8       5531
Mem:         32104      24368       7736          0          8       5531
Mem:         32104      24367       7737          0          8       5531
Mem:         32104      24367       7737          0          8       5531
Mem:         32104      24367       7737          0          8       5531
Mem:         32104      24368       7736          0          8       5531
Mem:         32104      24442       7662          0          8       5531
Mem:         32104      24567       7537          0          8       5531
Mem:         32104      24679       7425          0          8       5531
Mem:         32104      24825       7279          0          8       5554
Mem:         32104      25108       6996          0          8       5658
Mem:         32104      25180       6924          0          9       5707
Mem:         32104      25285       6819          0          9       5712
Mem:         32104      25329       6775          0          9       5712
Mem:         32104      25378       6726          0          9       5712
Mem:         32104      25532       6572          0          9       5736
Mem:         32104      25645       6459          0          9       5764
Mem:         32104      25812       6292          0          9       5837
Mem:         32104      25956       6148          0          9       5843
Mem:         32104      26017       6087          0          9       5838
Mem:         32104      26128       5976          0          9       5838
Mem:         32104      26200       5904          0          9       5838
Mem:         32104      26200       5904          0          9       5838
Mem:         32104      26350       5754          0          9       5838
Mem:         32104      26350       5754          0          9       5838
Mem:         32104      26429       5675          0          9       5838
Mem:         32104      26430       5674          0          9       5838
Mem:         32104      26429       5675          0          9       5838
Mem:         32104      26429       5675          0          9       5838
Mem:         32104      26429       5675          0          9       5838
Mem:         32104      26428       5676          0          9       5838
Mem:         32104      26427       5677          0          9       5838
Mem:         32104      26427       5677          0          9       5838
Mem:         32104      26426       5678          0          9       5838
Mem:         32104      26427       5677          0          9       5838
Mem:         32104      26426       5678          0          9       5838
Mem:         32104      26426       5678          0          9       5838
Mem:         32104      26426       5678          0          9       5838
Mem:         32104      26426       5678          0          9       5838
Mem:         32104      26426       5678          0          9       5837
Mem:         32104      26426       5678          0          9       5837
Mem:         32104      26426       5678          0          9       5837
Mem:         32104      26426       5678          0          9       5837
Mem:         32104      26172       5932          0          9       5584
Mem:         32104      26297       5807          0          9       5584
Mem:         32104      26378       5726          0          9       5584
Mem:         32104      26548       5556          0          9       5584
Mem:         32104      26580       5524          0          9       5584
Mem:         32104      26728       5376          0          9       5584
Mem:         32104      26781       5323          0          9       5584
Mem:         32104      26887       5217          0          9       5584
Mem:         32104      26939       5165          0          9       5584
Mem:         32104      26997       5107          0          9       5584
Mem:         32104      27091       5013          0          9       5584
Mem:         32104      27108       4996          0          9       5584
Mem:         32104      27072       5032          0          9       5584
Mem:         32104      27133       4971          0          9       5584
Mem:         32104      27170       4934          0          9       5584
Mem:         32104      27220       4884          0          9       5584
Mem:         32104      27257       4847          0          9       5584
Mem:         32104      27325       4779          0          9       5584
Mem:         32104      27438       4666          0          9       5584
Mem:         32104      27440       4664          0          9       5584
Mem:         32104      27415       4689          0          9       5584
Mem:         32104      27416       4688          0          9       5584
Mem:         32104      27414       4690          0          9       5584
Mem:         32104      27415       4689          0          9       5584
Mem:         32104      27413       4691          0          9       5584
Mem:         32104      27413       4691          0          9       5584
Mem:         32104      27413       4691          0          9       5584
Mem:         32104      27412       4692          0          9       5584
Mem:         32104      27413       4691          0          9       5584
Mem:         32104      27412       4692          0          9       5584
Mem:         32104      27412       4692          0          9       5584
Mem:         32104      27412       4692          0          9       5584
Mem:         32104      27412       4692          0          9       5584
Mem:         32104      27412       4692          0          9       5584
Mem:         32104      27411       4693          0          9       5584
Mem:         32104      27412       4692          0          9       5584
Mem:         32104      27469       4635          0          9       5584
Mem:         32104      27543       4561          0          9       5584
Mem:         32104      27689       4415          0          9       5584
Mem:         32104      27881       4223          0          9       5584
Mem:         32104      28117       3987          0          9       5595
Mem:         32104      28251       3853          0          9       5614
Mem:         32104      28379       3725          0          9       5643
Mem:         32104      28530       3574          0          9       5689
Mem:         32104      28672       3432          0          9       5703
Mem:         32104      28854       3250          0          9       5785
Mem:         32104      29012       3092          0          9       5845
Mem:         32104      29202       2902          0          9       5885
Mem:         32104      29299       2805          0          9       5918
Mem:         32104      29421       2683          0          9       5926
Mem:         32104      29523       2581          0          9       5941
Mem:         32104      29664       2440          0          9       6019
Mem:         32104      29757       2347          0          9       6030
Mem:         32104      29894       2210          0         10       6055
Mem:         32104      29975       2129          0         11       6065
Mem:         32104      29987       2117          0         12       6071
Mem:         32104      30094       2010          0         12       6072
Mem:         32104      30095       2009          0         12       6072
Mem:         32104      30094       2010          0         12       6072
Mem:         32104      30093       2011          0         12       6070
Mem:         32104      30092       2012          0         12       6070
Mem:         32104      30092       2012          0         12       6070
Mem:         32104      30092       2012          0         12       6070
Mem:         32104      30091       2013          0         12       6070
Mem:         32104      30091       2013          0         12       6070
Mem:         32104      30090       2014          0         12       6070
Mem:         32104      30090       2014          0         12       6070
Mem:         32104      29786       2318          0         12       5768
Mem:         32104      29933       2171          0         12       5768
Mem:         32104      30044       2060          0         12       5768
Mem:         32104      30118       1986          0         12       5768
Mem:         32104      30243       1861          0         12       5768
Mem:         32104      30293       1811          0         12       5768
Mem:         32104      30463       1641          0         12       5768
Mem:         32104      30464       1640          0         12       5768
Mem:         32104      30464       1640          0         12       5768
Mem:         32104      30464       1640          0         12       5768
Mem:         32104      30443       1661          0         12       5743
Mem:         32104      30449       1655          0         12       5742
Mem:         32104      30377       1727          0         12       5742
Mem:         32104      30442       1662          0         12       5742
Mem:         32104      30441       1663          0         12       5742
Mem:         32104      30443       1661          0         12       5742
Mem:         32104      30440       1664          0         12       5742
Mem:         32104      30440       1664          0         12       5742
Mem:         32104      30439       1665          0         12       5742
Mem:         32104      30439       1665          0         12       5742
Mem:         32104      30438       1666          0         12       5742
Mem:         32104      30438       1666          0         12       5742
Mem:         32104      30437       1667          0         12       5742
Mem:         32104      30437       1667          0         12       5742
Mem:         32104      30436       1668          0         12       5742
Mem:         32104      30436       1668          0         12       5742
Mem:         32104      30436       1668          0         12       5742
Mem:         32104      30436       1668          0         12       5742
Mem:         32104      30436       1668          0         12       5742
Mem:         32104      30436       1668          0         12       5742
Mem:         32104      30436       1668          0         12       5742
Mem:         32104      30435       1669          0         12       5742
Mem:         32104      30435       1669          0         12       5742
Mem:         32104      30435       1669          0         12       5742
Mem:         32104      30442       1662          0         12       5742
Mem:         32104      30482       1622          0         12       5742
Mem:         32104      30460       1644          0         12       5742
Mem:         32104      30511       1593          0         12       5792
Mem:         32104      30511       1593          0         12       5793
Mem:         32104      30509       1595          0         12       5793
Mem:         32104      30535       1569          0         12       5818
Mem:         32104      30534       1570          0         12       5818
Mem:         32104      30560       1544          0         12       5843
Mem:         32104      30584       1520          0         12       5868
Mem:         32104      30658       1446          0         12       5939
Mem:         32104      30662       1442          0         12       5944
Mem:         32104      30707       1397          0         13       5993
Mem:         32104      30762       1342          0         13       6048
Mem:         32104      30762       1342          0         13       6048
Mem:         32104      30813       1291          0         13       6099
Mem:         32104      30912       1192          0         13       6198
Mem:         32104      30993       1111          0         13       6251
Mem:         32104      30978       1126          0         13       6277
Mem:         32104      31002       1102          0         13       6298
Mem:         32104      31000       1104          0         13       6303
Mem:         32104      31011       1093          0         13       6313
Mem:         32104      31019       1085          0         13       6322
Mem:         32104      31021       1083          0         13       6325
Mem:         32104      31022       1082          0         13       6325
Mem:         32104      31025       1079          0         13       6325
Mem:         32104      31020       1084          0         13       6324
Mem:         32104      31020       1084          0         13       6324
Mem:         32104      31020       1084          0         13       6324
Mem:         32104      31019       1085          0         13       6324
Mem:         32104      31020       1084          0         13       6324
Mem:         32104      31019       1085          0         13       6324
Mem:         32104      31019       1085          0         13       6324
Mem:         32104      31018       1086          0         13       6324
Mem:         32104      31019       1085          0         13       6324
Mem:         32104      31019       1085          0         13       6324
Mem:         32104      31019       1085          0         13       6324
Mem:         32104      31018       1086          0         13       6324
Mem:         32104      30592       1511          0         13       5897
Mem:         32104      30596       1508          0         13       5897
Mem:         32104      30596       1508          0         13       5897
Mem:         32104      30596       1508          0         13       5897
Mem:         32104      30595       1509          0         13       5897
Mem:         32104      30596       1508          0         13       5897
Mem:         32104      30599       1505          0         13       5897
Mem:         32104      30599       1505          0         13       5897
Mem:         32104      30595       1509          0         13       5897
Mem:         32104      30595       1509          0         13       5896
Mem:         32104      30596       1508          0         13       5896
Mem:         32104      30595       1509          0         13       5896
Mem:         32104      30595       1509          0         13       5896
Mem:         32104      30596       1508          0         13       5896
Mem:         32104      30596       1508          0         13       5897
Mem:         32104      30595       1509          0         13       5897
Mem:         32104      30596       1508          0         13       5897
Mem:         32104      30593       1511          0         13       5897
Mem:         32104      30594       1510          0         13       5897
Mem:         32104      30592       1512          0         13       5897
Mem:         32104      30591       1513          0         13       5897
Mem:         32104      30591       1513          0         13       5897
Mem:         32104      30591       1513          0         13       5897
Mem:         32104      30591       1513          0         13       5897
Mem:         32104      30591       1513          0         13       5897
Mem:         32104      30591       1513          0         13       5897
Mem:         32104      30590       1514          0         13       5897
Mem:         32104      30589       1515          0         13       5897
Mem:         32104      30589       1515          0         13       5896
Mem:         32104      30589       1515          0         13       5896
Mem:         32104      30588       1516          0         13       5896
Mem:         32104      30589       1515          0         13       5896
Mem:         32104      30588       1516          0         13       5896
Mem:         32104      30588       1516          0         13       5896
Mem:         32104      30588       1516          0         13       5896
Mem:         32104      30362       1742          0         13       5668
Mem:         32104      30367       1737          0         13       5668
Mem:         32104      30366       1738          0         13       5668
Mem:         32104      30364       1740          0         13       5668
Mem:         32104      30364       1740          0         13       5668
Mem:         32104      30363       1741          0         13       5668
Mem:         32104      30363       1741          0         13       5668
Mem:         32104      30363       1741          0         13       5668
Mem:         32104      30363       1741          0         13       5668
Mem:         32104      30363       1741          0         13       5669
Mem:         32104      30363       1741          0         13       5669
Mem:         32104      30366       1738          0         13       5669
Mem:         32104      30366       1738          0         13       5669
Mem:         32104      30366       1738          0         13       5669
Mem:         32104      30367       1737          0         13       5669
Mem:         32104      30366       1738          0         13       5669
Mem:         32104      30368       1736          0         13       5669
Mem:         32104      30368       1736          0         13       5669
Mem:         32104      30367       1737          0         13       5669
Mem:         32104      30367       1737          0         13       5669
Mem:         32104      30365       1739          0         13       5669
Mem:         32104      30365       1739          0         13       5669
Mem:         32104      30364       1740          0         13       5669
Mem:         32104      30365       1739          0         13       5669
Mem:         32104      30366       1738          0         13       5669
Mem:         32104      30365       1739          0         13       5669
Mem:         32104      30365       1739          0         13       5669
Mem:         32104      30363       1741          0         13       5669
Mem:         32104      30364       1740          0         13       5669
Mem:         32104      30363       1741          0         13       5669
Mem:         32104      30364       1740          0         13       5669
Mem:         32104      30365       1739          0         13       5669
Mem:         32104      30393       1711          0         13       5670
Mem:         32104      30393       1711          0         13       5670
Mem:         32104      30392       1712          0         13       5670
Mem:         32104      30390       1714          0         13       5670
Mem:         32104      30390       1714          0         13       5670
Mem:         32104      30389       1715          0         13       5670
Mem:         32104      30391       1713          0         13       5671
Mem:         32104      30390       1714          0         13       5671
Mem:         32104      30392       1712          0         13       5671
Mem:         32104      30391       1713          0         13       5671
Mem:         32104      30391       1713          0         13       5671
Mem:         32104      30391       1713          0         13       5671
Mem:         32104      30391       1713          0         13       5671
Mem:         32104      30391       1713          0         13       5671
Mem:         32104      30391       1713          0         13       5671
Mem:         32104      30391       1713          0         13       5671
Mem:         32104      30391       1713          0         13       5671
Mem:         32104      30391       1713          0         13       5671
Mem:         32104      30390       1714          0         13       5671
Mem:         32104      30390       1714          0         13       5671
Mem:         32104      30389       1715          0         13       5671
Mem:         32104      30389       1715          0         13       5671
Mem:         32104      30389       1715          0         13       5671
Mem:         32104      30389       1715          0         13       5671
Mem:         32104      30389       1715          0         13       5671
Mem:         32104      30389       1715          0         13       5671
Mem:         32104      30389       1715          0         13       5671
Mem:         32104      30389       1715          0         13       5671
Mem:         32104      30389       1715          0         13       5671
Mem:         32104      30400       1704          0         13       5672
Mem:         32104      30393       1711          0         13       5672
Mem:         32104      30393       1711          0         13       5672
Mem:         32104      30391       1713          0         13       5672
Mem:         32104      30391       1713          0         13       5672
Mem:         32104      30392       1712          0         13       5673
Mem:         32104      30392       1711          0         13       5673
Mem:         32104      30392       1712          0         13       5673
Mem:         32104      30393       1711          0         13       5673
Mem:         32104      30393       1711          0         13       5673
Mem:         32104      30393       1711          0         13       5673
Mem:         32104      30392       1711          0         13       5673
Mem:         32104      30393       1711          0         13       5673
Mem:         32104      30393       1711          0         13       5673
Mem:         32104      30393       1711          0         13       5673
Mem:         32104      30393       1711          0         13       5673
Mem:         32104      30392       1712          0         13       5673
Mem:         32104      30392       1712          0         13       5673
Mem:         32104      30392       1712          0         13       5673
Mem:         32104      30391       1713          0         13       5673
Mem:         32104      30391       1713          0         13       5673
Mem:         32104      30391       1713          0         13       5673
Mem:         32104      30391       1713          0         13       5673
Mem:         32104      30401       1703          0         13       5674
Mem:         32104      30379       1725          0         13       5674
Mem:         32104      30377       1727          0         13       5674
Mem:         32104      30375       1729          0         13       5674
Mem:         32104      30375       1729          0         13       5674
Mem:         32104      30376       1728          0         13       5675
Mem:         32104      30376       1728          0         13       5675
Mem:         32104      30376       1728          0         13       5675
Mem:         32104      30376       1728          0         13       5675
Mem:         32104      30375       1729          0         13       5675
Mem:         32104      30376       1728          0         13       5675
Mem:         32104      30376       1728          0         13       5675
Mem:         32104      30377       1727          0         13       5675
Mem:         32104      30376       1728          0         13       5675
Mem:         32104      30376       1728          0         13       5675
Mem:         32104      30376       1728          0         13       5675
Mem:         32104      30376       1728          0         13       5676
Mem:         32104      30375       1729          0         13       5675
Mem:         32104      30375       1729          0         13       5675
Mem:         32104      30375       1729          0         13       5675
Mem:         32104      30375       1729          0         13       5675
Mem:         32104      30375       1729          0         13       5675
Mem:         32104      30375       1729          0         13       5675
Mem:         32104      30374       1730          0         13       5675
Mem:         32104      30376       1728          0         13       5676
Mem:         32104      30377       1727          0         13       5676
Mem:         32104      30377       1727          0         13       5676
Mem:         32104      30377       1727          0         13       5676
Mem:         32104      30377       1727          0         13       5676
Mem:         32104      30377       1727          0         13       5676
Mem:         32104      30378       1726          0         13       5677
Mem:         32104      30378       1726          0         13       5677
Mem:         32104      30377       1727          0         13       5677
Mem:         32104      30377       1727          0         13       5677
Mem:         32104      30377       1727          0         13       5677
Mem:         32104      30377       1727          0         13       5677
Mem:         32104      30377       1727          0         13       5677
Mem:         32104      30377       1727          0         13       5677
Mem:         32104      30376       1728          0         13       5677
Mem:         32104      30376       1728          0         13       5677
Mem:         32104      30376       1728          0         13       5677
Mem:         32104      30376       1728          0         13       5677
Mem:         32104      30376       1728          0         13       5677
Mem:         32104      30376       1727          0         13       5677
Mem:         32104      30376       1728          0         13       5677
Mem:         32104      30376       1728          0         13       5677
Mem:         32104      30376       1728          0         13       5677
Mem:         32104      30376       1728          0         13       5677
Mem:         32104      30376       1728          0         13       5677
Mem:         32104      30375       1729          0         13       5677
Mem:         32104      30375       1729          0         13       5677
Mem:         32104      30375       1729          0         13       5677
Mem:         32104      30375       1729          0         13       5677
Mem:         32104      30375       1729          0         13       5677
Mem:         32104      30375       1729          0         13       5677
Mem:         32104      30375       1729          0         13       5677
Mem:         32104      30375       1729          0         13       5677
Mem:         32104      30379       1725          0         13       5678
Mem:         32104      30400       1704          0         13       5678
Mem:         32104      30377       1727          0         13       5678
Mem:         32104      30378       1726          0         13       5678
Mem:         32104      30377       1727          0         13       5678
Mem:         32104      30378       1726          0         13       5679
Mem:         32104      30379       1725          0         13       5679
Mem:         32104      30379       1725          0         13       5678
Mem:         32104      30378       1726          0         13       5678
Mem:         32104      30378       1726          0         13       5678
Mem:         32104      30378       1726          0         13       5678
Mem:         32104      30378       1726          0         13       5678
Mem:         32104      30378       1726          0         13       5678
Mem:         32104      30378       1726          0         13       5678
Mem:         32104      30378       1726          0         13       5678
Mem:         32104      30378       1726          0         13       5678
Mem:         32104      30377       1726          0         13       5678
Mem:         32104      30377       1727          0         13       5678
Mem:         32104      30377       1727          0         13       5678
Mem:         32104      30377       1727          0         13       5678
Mem:         32104      30376       1728          0         13       5678
Mem:         32104      30377       1727          0         13       5678
Mem:         32104      30377       1727          0         13       5678
Mem:         32104      30377       1727          0         13       5678
Mem:         32104      30376       1728          0         13       5678
Mem:         32104      30376       1728          0         13       5678
Mem:         32104      30405       1699          0         13       5679
Mem:         32104      30388       1716          0         13       5679
Mem:         32104      30385       1719          0         13       5679
Mem:         32104      30384       1720          0         13       5679
Mem:         32104      30383       1721          0         13       5679
Mem:         32104      30381       1723          0         13       5679
Mem:         32104      30381       1723          0         13       5680
Mem:         32104      30381       1723          0         13       5680
Mem:         32104      30383       1721          0         13       5680
Mem:         32104      30382       1722          0         13       5680
Mem:         32104      30382       1722          0         13       5680
Mem:         32104      30379       1725          0         13       5680
Mem:         32104      30379       1725          0         13       5680
Mem:         32104      30380       1724          0         13       5680
Mem:         32104      30380       1724          0         13       5680
Mem:         32104      30381       1723          0         13       5680
Mem:         32104      30381       1723          0         13       5680
Mem:         32104      30381       1723          0         13       5680
Mem:         32104      30380       1724          0         13       5680
Mem:         32104      30380       1723          0         13       5680
Mem:         32104      30380       1724          0         13       5680
Mem:         32104      30380       1724          0         13       5680
Mem:         32104      30380       1724          0         13       5680
Mem:         32104      30379       1725          0         13       5680
Mem:         32104      30379       1725          0         13       5680
Mem:         32104      30379       1725          0         13       5680
Mem:         32104      30378       1726          0         13       5680
Mem:         32104      30378       1726          0         13       5680
Mem:         32104      30378       1726          0         13       5680
Mem:         32104      30380       1724          0         13       5680
Mem:         32104      30383       1721          0         13       5681
Mem:         32104      30382       1722          0         13       5681
Mem:         32104      30382       1722          0         13       5681
Mem:         32104      30381       1723          0         13       5681
Mem:         32104      30381       1723          0         13       5681
Mem:         32104      30381       1723          0         13       5681
Mem:         32104      30381       1723          0         13       5682
Mem:         32104      30381       1723          0         13       5682
Mem:         32104      30383       1721          0         13       5682
Mem:         32104      30381       1723          0         13       5682
Mem:         32104      30382       1722          0         13       5682
Mem:         32104      30382       1722          0         13       5682
Mem:         32104      30382       1722          0         13       5682
Mem:         32104      30381       1723          0         13       5682
Mem:         32104      30382       1722          0         13       5682
Mem:         32104      30381       1723          0         13       5682
Mem:         32104      30381       1723          0         13       5682
Mem:         32104      30381       1723          0         13       5682
Mem:         32104      30381       1723          0         13       5682
Mem:         32104      30381       1723          0         13       5682
Mem:         32104      30381       1723          0         13       5682
Mem:         32104      30380       1724          0         13       5682
Mem:         32104      30380       1724          0         13       5682
Mem:         32104      30380       1724          0         13       5682
Mem:         32104      30380       1724          0         13       5682
Mem:         32104      30386       1718          0         13       5683
Mem:         32104      30383       1721          0         13       5683
Mem:         32104      30383       1721          0         13       5683
Mem:         32104      30383       1721          0         13       5683
Mem:         32104      30383       1721          0         13       5683
Mem:         32104      30383       1721          0         13       5683
Mem:         32104      30383       1721          0         13       5683
Mem:         32104      30383       1721          0         13       5684
Mem:         32104      30385       1719          0         13       5684
Mem:         32104      30385       1719          0         13       5684
Mem:         32104      30385       1719          0         13       5684
Mem:         32104      30385       1719          0         13       5684
Mem:         32104      30385       1719          0         13       5684
Mem:         32104      30384       1720          0         13       5684
Mem:         32104      30384       1720          0         13       5684
Mem:         32104      30383       1721          0         13       5684
Mem:         32104      30382       1721          0         13       5684
Mem:         32104      30382       1722          0         13       5684
Mem:         32104      30382       1722          0         13       5684
Mem:         32104      30382       1722          0         13       5684
Mem:         32104      30382       1722          0         13       5684
Mem:         32104      30381       1723          0         13       5684
Mem:         32104      30381       1723          0         13       5684
Mem:         32104      30381       1723          0         13       5684
Mem:         32104      30381       1723          0         13       5684
Mem:         32104      30385       1719          0         13       5685
Mem:         32104      30386       1718          0         13       5685
Mem:         32104      30385       1719          0         13       5685
Mem:         32104      30383       1721          0         13       5685
Mem:         32104      30382       1722          0         13       5685
Mem:         32104      30381       1723          0         13       5685
Mem:         32104      30382       1722          0         13       5685
Mem:         32104      30383       1721          0         13       5685
Mem:         32104      30386       1718          0         13       5686
Mem:         32104      30385       1719          0         13       5686
Mem:         32104      30383       1721          0         13       5686
Mem:         32104      30383       1721          0         13       5686
Mem:         32104      30384       1720          0         13       5686
Mem:         32104      30385       1719          0         13       5686
Mem:         32104      30385       1718          0         13       5686
Mem:         32104      30386       1718          0         13       5686
Mem:         32104      30385       1719          0         13       5686
Mem:         32104      30386       1718          0         13       5686
Mem:         32104      30388       1716          0         13       5686
Mem:         32104      30388       1716          0         13       5686
Mem:         32104      30385       1719          0         13       5686
Mem:         32104      30385       1719          0         13       5686
Mem:         32104      30385       1719          0         13       5686
Mem:         32104      30385       1719          0         13       5686
Mem:         32104      30383       1721          0         13       5686
Mem:         32104      30383       1720          0         13       5686
Mem:         32104      30384       1720          0         13       5686
Mem:         32104      30388       1716          0         13       5686
Mem:         32104      30387       1717          0         13       5686
Mem:         32104      30385       1719          0         13       5686
Mem:         32104      30424       1680          0         13       5686
Mem:         32104      30402       1701          0         13       5686
Mem:         32104      30401       1703          0         13       5686
Mem:         32104      30401       1703          0         13       5686
Mem:         32104      30400       1704          0         13       5686
Mem:         32104      30402       1702          0         13       5687
Mem:         32104      30402       1702          0         13       5687
Mem:         32104      30405       1699          0         13       5687
Mem:         32104      30402       1702          0         13       5687
Mem:         32104      30402       1702          0         13       5687
Mem:         32104      30401       1703          0         13       5687
Mem:         32104      30402       1702          0         13       5687
Mem:         32104      30402       1702          0         14       5687
Mem:         32104      30401       1703          0         14       5687
Mem:         32104      30401       1703          0         14       5687
Mem:         32104      30401       1703          0         14       5687
Mem:         32104      30401       1703          0         14       5687
Mem:         32104      30400       1704          0         14       5687
Mem:         32104      30400       1704          0         14       5687
Mem:         32104      30400       1704          0         14       5687
Mem:         32104      30399       1705          0         14       5687
Mem:         32104      30400       1704          0         14       5687
Mem:         32104      30400       1704          0         14       5687
Mem:         32104      30400       1704          0         14       5687
Mem:         32104      30408       1696          0         14       5688
Mem:         32104      30388       1716          0         14       5688
Mem:         32104      30387       1717          0         14       5688
Mem:         32104      30387       1717          0         14       5688
Mem:         32104      30387       1717          0         14       5688
Mem:         32104      30386       1718          0         14       5688
Mem:         32104      30387       1717          0         14       5689
Mem:         32104      30389       1715          0         14       5689
Mem:         32104      30387       1717          0         14       5689
Mem:         32104      30386       1718          0         14       5689
Mem:         32104      30387       1717          0         14       5689
Mem:         32104      30388       1716          0         14       5689
Mem:         32104      30388       1716          0         14       5689
Mem:         32104      30388       1716          0         14       5689
Mem:         32104      30387       1717          0         14       5689
Mem:         32104      30387       1717          0         14       5689
Mem:         32104      30387       1717          0         14       5689
Mem:         32104      30387       1717          0         14       5689
Mem:         32104      30386       1718          0         14       5689
Mem:         32104      30386       1718          0         14       5689
Mem:         32104      30385       1719          0         14       5689
Mem:         32104      30385       1719          0         14       5689
Mem:         32104      30385       1719          0         14       5689
Mem:         32104      30386       1718          0         14       5689
Mem:         32104      30386       1718          0         14       5689
Mem:         32104      30386       1718          0         14       5689
Mem:         32104      30386       1718          0         14       5689
Mem:         32104      30413       1691          0         14       5690
Mem:         32104      30389       1715          0         14       5690
Mem:         32104      30389       1715          0         14       5690
Mem:         32104      30389       1715          0         14       5690
Mem:         32104      30386       1718          0         14       5690
Mem:         32104      30387       1717          0         14       5691
Mem:         32104      30386       1718          0         14       5691
Mem:         32104      30385       1719          0         14       5691
Mem:         32104      30386       1718          0         14       5691
Mem:         32104      30385       1719          0         14       5691
Mem:         32104      30388       1716          0         14       5694
Mem:         32104      30391       1713          0         14       5695
Mem:         32104      30392       1712          0         14       5698
Mem:         32104      30393       1711          0         14       5700
Mem:         32104      30395       1709          0         14       5702
Mem:         32104      30397       1707          0         14       5704
Mem:         32104      30398       1706          0         14       5706
Mem:         32104      30401       1703          0         14       5708
Mem:         32104      30402       1702          0         14       5710
Mem:         32104      30404       1700          0         14       5712
Mem:         32104      30406       1698          0         14       5714
Mem:         32104      30407       1697          0         14       5716
Mem:         32104      30410       1694          0         14       5718
Mem:         32104      30411       1693          0         14       5720
Mem:         32104      30413       1691          0         14       5722
Mem:         32104      30415       1689          0         14       5724
Mem:         32104      30417       1687          0         14       5726
Mem:         32104      30419       1685          0         14       5729
Mem:         32104      30445       1659          0         14       5731
Mem:         32104      30445       1659          0         14       5733
Mem:         32104      30447       1657          0         14       5735
Mem:         32104      30450       1654          0         14       5738
Mem:         32104      30451       1653          0         14       5739
Mem:         32104      30453       1651          0         14       5742
Mem:         32104      30455       1649          0         14       5744
Mem:         32104      30457       1647          0         14       5746
Mem:         32104      30458       1646          0         14       5748
Mem:         32104      30459       1645          0         14       5750
Mem:         32104      30462       1642          0         14       5752
Mem:         32104      30463       1641          0         14       5754
Mem:         32104      30465       1639          0         14       5756
Mem:         32104      30467       1637          0         14       5758
Mem:         32104      30468       1636          0         14       5760
Mem:         32104      30471       1633          0         14       5762
Mem:         32104      30473       1631          0         14       5764
Mem:         32104      30474       1630          0         14       5766
Mem:         32104      30476       1628          0         14       5768
Mem:         32104      30477       1626          0         14       5770
Mem:         32104      30479       1625          0         14       5772
Mem:         32104      30481       1623          0         14       5774
Mem:         32104      30483       1621          0         14       5776
Mem:         32104      30485       1619          0         14       5778
Mem:         32104      30487       1617          0         14       5780
Mem:         32104      30489       1615          0         14       5782
Mem:         32104      30491       1613          0         14       5784
Mem:         32104      30502       1602          0         14       5786
Mem:         32104      30483       1621          0         14       5787
Mem:         32104      30486       1618          0         14       5789
Mem:         32104      30486       1618          0         14       5791
Mem:         32104      30488       1616          0         14       5793
Mem:         32104      30490       1614          0         14       5795
Mem:         32104      30492       1612          0         14       5798
Mem:         32104      30495       1609          0         14       5800
Mem:         32104      30498       1606          0         14       5802
Mem:         32104      30500       1604          0         14       5804
Mem:         32104      30501       1603          0         14       5806
Mem:         32104      30503       1601          0         14       5809
Mem:         32104      30504       1599          0         14       5810
Mem:         32104      30507       1597          0         14       5813
Mem:         32104      30508       1596          0         14       5815
Mem:         32104      30510       1594          0         14       5817
Mem:         32104      30511       1593          0         14       5818
Mem:         32104      30512       1592          0         14       5820
Mem:         32104      30513       1591          0         14       5821
Mem:         32104      30513       1591          0         14       5821
Mem:         32104      30513       1591          0         14       5821
Mem:         32104      30513       1591          0         14       5821
Mem:         32104      30515       1589          0         14       5821
Mem:         32104      30519       1585          0         14       5822
Mem:         32104      30518       1586          0         14       5822
Mem:         32104      30518       1586          0         14       5822
Mem:         32104      30516       1588          0         14       5822
Mem:         32104      30516       1588          0         14       5822
Mem:         32104      30516       1588          0         14       5822
Mem:         32104      30517       1587          0         14       5823
Mem:         32104      30515       1589          0         14       5823
Mem:         32104      30515       1589          0         14       5823
Mem:         32104      30515       1589          0         14       5823
Mem:         32104      30515       1589          0         14       5823
Mem:         32104      30515       1589          0         14       5823
Mem:         32104      30516       1588          0         14       5823
Mem:         32104      30516       1588          0         14       5823
Mem:         32104      30516       1588          0         14       5823
Mem:         32104      30515       1588          0         14       5823
Mem:         32104      30515       1589          0         14       5823
Mem:         32104      30515       1589          0         14       5823
Mem:         32104      30515       1589          0         14       5823
Mem:         32104      30514       1590          0         14       5823
Mem:         32104      30513       1590          0         14       5823
Mem:         32104      30513       1591          0         14       5823
Mem:         32104      30519       1585          0         14       5824
Mem:         32104      30517       1587          0         14       5824
Mem:         32104      30516       1588          0         14       5824
Mem:         32104      30516       1588          0         14       5824
Mem:         32104      30516       1588          0         14       5824
Mem:         32104      30517       1587          0         14       5824
Mem:         32104      30519       1585          0         14       5824
Mem:         32104      30517       1587          0         14       5825
Mem:         32104      30517       1587          0         14       5825
Mem:         32104      30517       1587          0         14       5825
Mem:         32104      30519       1585          0         14       5825
Mem:         32104      30517       1587          0         14       5825
Mem:         32104      30518       1586          0         14       5825
Mem:         32104      30518       1586          0         14       5825
Mem:         32104      30517       1587          0         14       5825
Mem:         32104      30516       1588          0         14       5825
Mem:         32104      30516       1588          0         14       5825
Mem:         32104      30516       1588          0         14       5825
Mem:         32104      30516       1588          0         14       5825
Mem:         32104      30515       1589          0         14       5825
Mem:         32104      30516       1588          0         14       5825
Mem:         32104      30515       1589          0         14       5825
Mem:         32104      30521       1583          0         14       5826
Mem:         32104      30539       1565          0         14       5826
Mem:         32104      30519       1585          0         14       5826
Mem:         32104      30519       1585          0         14       5826
Mem:         32104      30517       1587          0         14       5826
Mem:         32104      30518       1586          0         14       5826
Mem:         32104      30521       1583          0         14       5827
Mem:         32104      30519       1585          0         14       5827
Mem:         32104      30519       1585          0         14       5827
Mem:         32104      30519       1585          0         14       5827
Mem:         32104      30519       1585          0         14       5827
Mem:         32104      30520       1584          0         14       5827
Mem:         32104      30520       1584          0         14       5827
Mem:         32104      30519       1585          0         14       5827
Mem:         32104      30519       1585          0         14       5827
Mem:         32104      30519       1585          0         14       5827
Mem:         32104      30519       1585          0         14       5827
Mem:         32104      30519       1585          0         14       5827
Mem:         32104      30519       1585          0         14       5827
Mem:         32104      30518       1585          0         14       5827
Mem:         32104      30518       1586          0         14       5827
Mem:         32104      30518       1586          0         14       5827
Mem:         32104      30518       1586          0         14       5827
Mem:         32104      30518       1586          0         14       5827
Mem:         32104      30517       1587          0         14       5827
Mem:         32104      30517       1587          0         14       5827
Mem:         32104      30516       1588          0         14       5827
Mem:         32104      30528       1576          0         14       5827
Mem:         32104      30521       1583          0         14       5827
Mem:         32104      30520       1584          0         14       5827
Mem:         32104      30520       1584          0         14       5827
Mem:         32104      30521       1583          0         14       5827
Mem:         32104      30522       1582          0         14       5828
Mem:         32104      30521       1583          0         14       5828
Mem:         32104      30521       1583          0         14       5828
Mem:         32104      30520       1584          0         14       5828
Mem:         32104      30520       1584          0         14       5828
Mem:         32104      30520       1584          0         14       5828
Mem:         32104      30518       1586          0         14       5828
Mem:         32104      30518       1586          0         14       5828
Mem:         32104      30519       1585          0         14       5828
Mem:         32104      30518       1586          0         14       5828
Mem:         32104      30517       1587          0         14       5828
Mem:         32104      30517       1587          0         14       5828
Mem:         32104      30517       1587          0         14       5828
Mem:         32104      30517       1587          0         14       5828
Mem:         32104      30516       1588          0         14       5828
Mem:         32104      30516       1588          0         14       5828
Mem:         32104      30516       1588          0         14       5828
Mem:         32104      30515       1588          0         14       5828
Mem:         32104      30523       1581          0         14       5829
Mem:         32104      30521       1583          0         14       5829
Mem:         32104      30520       1584          0         14       5829
Mem:         32104      30520       1584          0         14       5829
Mem:         32104      30521       1583          0         14       5829
Mem:         32104      30519       1585          0         14       5829
Mem:         32104      30519       1585          0         14       5829
Mem:         32104      30520       1584          0         14       5829
Mem:         32104      30520       1584          0         14       5829
Mem:         32104      30521       1583          0         14       5829
Mem:         32104      30520       1584          0         14       5830
Mem:         32104      30519       1585          0         14       5830
Mem:         32104      30520       1584          0         14       5830
Mem:         32104      30521       1583          0         14       5830
Mem:         32104      30521       1583          0         14       5830
Mem:         32104      30521       1583          0         14       5830
Mem:         32104      30524       1580          0         14       5830
Mem:         32104      30525       1579          0         14       5830
Mem:         32104      30525       1579          0         14       5830
Mem:         32104      30521       1583          0         14       5830
Mem:         32104      30521       1583          0         14       5830
Mem:         32104      30521       1583          0         14       5830
Mem:         32104      30521       1583          0         14       5830
Mem:         32104      30523       1581          0         14       5831
Mem:         32104      30522       1582          0         14       5831
Mem:         32104      30523       1581          0         14       5831
Mem:         32104      30523       1581          0         14       5831
Mem:         32104      30523       1581          0         14       5831
Mem:         32104      30523       1581          0         14       5831
Mem:         32104      30522       1582          0         14       5831
Mem:         32104      30522       1582          0         14       5831
Mem:         32104      30522       1582          0         14       5831
Mem:         32104      30522       1582          0         14       5831
Mem:         32104      30522       1582          0         14       5831
Mem:         32104      30521       1583          0         14       5832
Mem:         32104      30521       1583          0         14       5832
Mem:         32104      30522       1582          0         14       5832
Mem:         32104      30521       1582          0         14       5832
Mem:         32104      30521       1583          0         14       5832
Mem:         32104      30522       1582          0         14       5832
Mem:         32104      30521       1583          0         14       5832
Mem:         32104      30520       1584          0         14       5832
Mem:         32104      30520       1584          0         14       5832
Mem:         32104      30520       1584          0         14       5832
Mem:         32104      30519       1585          0         14       5832
Mem:         32104      30520       1584          0         14       5832
Mem:         32104      30520       1584          0         14       5832
Mem:         32104      30520       1584          0         14       5832
Mem:         32104      30521       1583          0         14       5832
Mem:         32104      30521       1583          0         14       5832
Mem:         32104      30522       1582          0         14       5832
Mem:         32104      30521       1583          0         14       5832
Mem:         32104      30521       1583          0         14       5832
Mem:         32104      30522       1582          0         14       5832
Mem:         32104      30522       1582          0         14       5832
Mem:         32104      30523       1581          0         14       5832
Mem:         32104      30522       1582          0         14       5832
Mem:         32104      30522       1582          0         14       5832
Mem:         32104      30523       1581          0         14       5832
Mem:         32104      30522       1582          0         14       5832
Mem:         32104      30522       1582          0         14       5832
Mem:         32104      30521       1583          0         14       5832
Mem:         32104      30521       1583          0         14       5832
Mem:         32104      30520       1584          0         14       5832
Mem:         32104      30520       1584          0         14       5832
Mem:         32104      30520       1584          0         14       5832
Mem:         32104      30520       1584          0         14       5832
Mem:         32104      30520       1584          0         14       5832
Mem:         32104      30520       1584          0         14       5832
Mem:         32104      26780       5324          0         14       5832
Mem:         32104       7034      25070          0         14       5780
