Mem:         32180      15113      17067          0          3         40
Mem:         32180      15164      17015          0          4         52
Mem:         32180      15212      16968          0          4         58
Mem:         32180      15346      16833          0          5         68
Mem:         32180      15504      16675          0          5         77
Mem:         32180      15744      16435          0          5        102
Mem:         32180      19572      12607          0          5        207
Mem:         32180      21053      11126          0          5        314
Mem:         32180      21457      10722          0          5        444
Mem:         32180      21574      10605          0          5        559
Mem:         32180      21863      10316          0          5        685
Mem:         32180      22143      10036          0          5        816
Mem:         32180      22598       9581          0          5        938
Mem:         32180      22737       9442          0          5       1073
Mem:         32180      23815       8364          0          5       1201
Mem:         32180      24168       8011          0          6       1318
Mem:         32180      24289       7890          0          8       1433
Mem:         32180      24520       7659          0          8       1549
Mem:         32180      24797       7383          0          9       1629
Mem:         32180      24963       7217          0          9       1635
Mem:         32180      25002       7178          0          9       1635
Mem:         32180      25004       7175          0          9       1635
Mem:         32180      25006       7174          0          9       1637
Mem:         32180      25014       7165          0          9       1643
Mem:         32180      25088       7091          0          9       1713
Mem:         32180      25201       6978          0          9       1827
Mem:         32180      25332       6847          0          9       1938
Mem:         32180      25455       6725          0          9       2060
Mem:         32180      25640       6540          0          9       2195
Mem:         32180      25835       6344          0          9       2330
Mem:         32180      25971       6208          0          9       2466
Mem:         32180      26190       5990          0          9       2599
Mem:         32180      26375       5804          0          9       2725
Mem:         32180      26516       5663          0          9       2867
Mem:         32180      26738       5442          0          9       3000
Mem:         32180      26906       5274          0         10       3057
Mem:         32180      27001       5178          0         10       3057
Mem:         32180      27023       5156          0         10       3057
Mem:         32180      27023       5156          0         10       3057
Mem:         32180      27029       5150          0         10       3057
Mem:         32180      27029       5150          0         10       3057
Mem:         32180      27029       5150          0         10       3057
Mem:         32180      27230       4950          0         10       3065
Mem:         32180      27385       4794          0         10       3065
Mem:         32180      27514       4665          0         10       3066
Mem:         32180      27610       4569          0         10       3103
Mem:         32180      27875       4304          0         10       3156
Mem:         32180      27993       4186          0         10       3233
Mem:         32180      28124       4056          0         10       3333
Mem:         32180      28318       3861          0         10       3449
Mem:         32180      28476       3703          0         10       3566
Mem:         32180      28679       3501          0         10       3690
Mem:         32180      28851       3329          0         10       3809
Mem:         32180      28963       3216          0         10       3922
Mem:         32180      29001       3178          0         10       3960
Mem:         32180      29001       3178          0         10       3959
Mem:         32180      29001       3178          0         10       3959
Mem:         32180      29001       3178          0         10       3960
Mem:         32180      29001       3179          0         10       3960
Mem:         32180      29000       3179          0         10       3959
Mem:         32180      29001       3179          0         10       3960
Mem:         32180      29005       3174          0         10       3960
Mem:         32180      29005       3174          0         10       3960
Mem:         32180      29005       3174          0         10       3960
Mem:         32180      29005       3174          0         10       3960
Mem:         32180      29004       3175          0         10       3960
Mem:         32180      29004       3175          0         10       3960
Mem:         32180      29004       3175          0         10       3960
Mem:         32180      29057       3123          0         10       3961
Mem:         32180      29112       3068          0         10       3961
Mem:         32180      29200       2979          0         10       3961
Mem:         32180      29296       2884          0         10       3961
Mem:         32180      29448       2731          0         10       3961
Mem:         32180      29491       2689          0         10       3969
Mem:         32180      29715       2465          0         10       3979
Mem:         32180      29814       2365          0         10       3987
Mem:         32180      29858       2322          0         10       3996
Mem:         32180      29897       2282          0         10       4005
Mem:         32180      29962       2217          0         10       4014
Mem:         32180      30024       2155          0         10       4023
Mem:         32180      30064       2116          0         10       4032
Mem:         32180      30098       2081          0         11       4042
Mem:         32180      30225       1955          0         11       4052
Mem:         32180      30284       1895          0         11       4064
Mem:         32180      30341       1838          0         11       4081
Mem:         32180      30518       1661          0         11       4097
Mem:         32180      30594       1585          0         11       4114
Mem:         32180      30645       1534          0         11       4125
Mem:         32180      30711       1468          0         11       4137
Mem:         32180      30753       1427          0         11       4150
Mem:         32180      30809       1370          0         11       4163
Mem:         32180      30875       1304          0         11       4176
Mem:         32180      30919       1260          0         11       4191
Mem:         32180      30937       1242          0         11       4207
Mem:         32180      30990       1189          0         11       4217
Mem:         32180      30990       1189          0         11       4217
Mem:         32180      30990       1189          0         11       4217
Mem:         32180      30990       1189          0         11       4217
Mem:         32180      30990       1189          0         11       4217
Mem:         32180      31056       1123          0         11       4217
Mem:         32180      31183        997          0         11       4217
Mem:         32180      31397        783          0         11       4217
Mem:         32180      31516        663          0         11       4217
Mem:         32180      31502        677          0         11       4217
Mem:         32180      31540        639          0         11       4218
Mem:         32180      31653        526          0         11       4218
Mem:         32180      31738        442          0         11       4218
Mem:         32180      31757        423          0         11       4218
Mem:         32180      31875        305          0         11       4218
Mem:         32180      31907        272          0         11       4220
Mem:         32180      31982        197          0          8       4175
Mem:         32180      31974        205          0          8       4166
Mem:         32180      32003        176          0          8       4194
Mem:         32180      32000        179          0          8       4192
Mem:         32180      31995        185          0          8       4185
Mem:         32180      31995        185          0          8       4185
Mem:         32180      31995        185          0          8       4185
Mem:         32180      31995        184          0          8       4185
Mem:         32180      31930        249          0          8       4100
Mem:         32180      31975        204          0          8       3888
Mem:         32180      31967        213          0          8       3813
Mem:         32180      31970        210          0          8       3587
Mem:         32180      32002        177          0          8       3434
Mem:         32180      31989        190          0          8       3417
Mem:         32180      31944        235          0          7       3287
Mem:         32180      31993        186          0          6       3270
Mem:         32180      31993        186          0          5       3266
Mem:         32180      32000        179          0          5       3172
Mem:         32180      31980        199          0          5       3023
Mem:         32180      31973        207          0          5       2828
Mem:         32180      31977        202          0          5       2802
Mem:         32180      31977        203          0          5       2770
Mem:         32180      31991        189          0          5       2710
Mem:         32180      31974        205          0          5       2594
Mem:         32180      31972        208          0          5       2582
Mem:         32180      31981        198          0          5       2501
Mem:         32180      31990        190          0          5       2380
Mem:         32180      31995        184          0          5       2299
Mem:         32180      31976        203          0          5       2279
Mem:         32180      31972        207          0          4       2271
Mem:         32180      31966        213          0          4       2265
Mem:         32180      31966        213          0          4       2265
Mem:         32180      31983        196          0          4       2166
Mem:         32180      31986        193          0          4       2166
Mem:         32180      31986        193          0          4       2166
Mem:         32180      31987        192          0          5       2166
Mem:         32180      31720        460          0          5       1903
Mem:         32180      31898        282          0          5       2003
Mem:         32180      31972        207          0          4       1959
Mem:         32180      31949        230          0          4       1877
Mem:         32180      31989        191          0          4       1821
Mem:         32180      31993        186          0          4       1796
Mem:         32180      31967        212          0          4       1718
Mem:         32180      31978        201          0          4       1652
Mem:         32180      31993        186          0          4       1662
Mem:         32180      31984        195          0          4       1593
Mem:         32180      31995        184          0          4       1536
Mem:         32180      31999        180          0          4       1500
Mem:         32180      31982        197          0          4       1470
Mem:         32180      31973        207          0          4       1442
Mem:         32180      31987        192          0          4       1442
Mem:         32180      32002        177          0          4       1458
Mem:         32180      32002        177          0          4       1417
Mem:         32180      31993        186          0          4       1406
Mem:         32180      31996        183          0          4       1409
Mem:         32180      32002        178          0          4       1414
Mem:         32180      32002        177          0          4       1414
Mem:         32180      32001        178          0          4       1414
Mem:         32180      32002        177          0          4       1414
Mem:         32180      32001        178          0          4       1414
Mem:         32180      32001        178          0          4       1414
Mem:         32180      32001        178          0          4       1414
Mem:         32180      32002        177          0          4       1414
Mem:         32180      32002        177          0          4       1414
Mem:         32180      32002        177          0          4       1414
Mem:         32180      32002        177          0          4       1414
Mem:         32180      32002        178          0          4       1414
Mem:         32180      32002        177          0          4       1414
Mem:         32180      31980        199          0          4       1390
Mem:         32180      31992        187          0          4       1397
Mem:         32180      31937        242          0          4       1269
Mem:         32180      31836        343          0          4       1113
Mem:         32180      31999        181          0          4       1099
Mem:         32180      31983        196          0          4        925
Mem:         32180      31986        193          0          4        865
Mem:         32180      31989        190          0          4        833
Mem:         32180      31964        215          0          4        709
Mem:         32180      31989        190          0          4        716
Mem:         32180      31995        184          0          4        649
Mem:         32180      31995        184          0          4        448
Mem:         32180      32011        168          0          4        485
Mem:         32180      32015        165          0          4        444
Mem:         32180      31959        221          0          2        386
Mem:         32180      32025        154          0          2        449
Mem:         32180      32002        177          0          2        313
Mem:         32180      32026        154          0          2        260
Mem:         32180      32008        171          0          2        235
Mem:         32180      31998        181          0          2        234
Mem:         32180      32027        152          0          2        274
Mem:         32180      32027        153          0          2        194
Mem:         32180      32008        171          0          2        196
Mem:         32180      31978        201          0          2        164
Mem:         32180      32009        170          0          2        204
Mem:         32180      32026        153          0          2        178
Mem:         32180      31989        190          0          2        144
Mem:         32180      31989        191          0          2        157
Mem:         32180      31935        244          0          2        124
Mem:         32180      31993        187          0          2         87
Mem:         32180      31999        180          0          2         99
Mem:         32180      31907        272          0          2         24
Mem:         32180      31932        248          0          2         92
Mem:         32180      32026        153          0          2        148
Mem:         32180      31934        245          0          2        146
Mem:         32180      31943        236          0          2        181
Mem:         32180      31978        202          0          2        257
Mem:         32180      31885        294          0          2        220
Mem:         32180      31790        389          0          2        221
Mem:         32180      31901        278          0          2        332
Mem:         32180      31979        201          0          2        350
Mem:         32180      31992        188          0          2        356
Mem:         32180      31992        188          0          2        310
Mem:         32180      31981        198          0          2        196
Mem:         32180      31983        196          0          2        191
Mem:         32180      31967        212          0          2        134
Mem:         32180      31963        216          0          2        129
Mem:         32180      31984        195          0          2        108
Mem:         32180      32004        175          0          2         75
Mem:         32180      32003        176          0          2         53
Mem:         32180      31995        184          0          2         33
Mem:         32180      31935        244          0          2         61
Mem:         32180      32026        153          0          2        118
Mem:         32180      32026        153          0          2         97
Mem:         32180      31963        216          0          2        119
Mem:         32180      31942        237          0          2        116
Mem:         32180      31941        238          0          3        121
Mem:         32180      31617        562          0          3        123
Mem:         32180      31404        775          0          3        133
Mem:         32180      31590        589          0          3        262
Mem:         32180      31743        436          0          3        415
Mem:         32180      31885        295          0          3        558
Mem:         32180      31996        184          0          3        669
Mem:         32180      31991        188          0          3        664
Mem:         32180      31996        183          0          3        668
Mem:         32180      31982        197          0          3        676
Mem:         32180      31984        195          0          3        695
Mem:         32180      31984        195          0          3        695
Mem:         32180      31984        195          0          3        695
Mem:         32180      31983        196          0          3        695
Mem:         32180      31984        195          0          3        696
Mem:         32180      31983        196          0          3        696
Mem:         32180      31984        196          0          3        696
Mem:         32180      31982        197          0          3        696
Mem:         32180      31967        212          0          3        688
Mem:         32180      31990        189          0          2        662
Mem:         32180      31972        207          0          2        555
Mem:         32180      31912        267          0          2        399
Mem:         32180      31994        185          0          2        478
Mem:         32180      31991        188          0          2        349
Mem:         32180      31989        191          0          2        272
Mem:         32180      31970        209          0          2        250
Mem:         32180      32000        179          0          2        211
Mem:         32180      31953        226          0          2        181
Mem:         32180      32004        176          0          3        155
Mem:         32180      32003        176          0          2        162
Mem:         32180      32026        154          0          2        131
Mem:         32180      31998        181          0          2        168
Mem:         32180      32002        177          0          2        163
Mem:         32180      31972        207          0          2        102
Mem:         32180      31997        182          0          2        129
Mem:         32180      32016        164          0          2        144
Mem:         32180      31984        195          0          2        120
Mem:         32180      32024        156          0          2        110
Mem:         32180      31969        210          0          2         58
Mem:         32180      31975        204          0          2         65
Mem:         32180      31976        204          0          2         74
Mem:         32180      31982        197          0          2         80
Mem:         32180      31973        206          0          2         89
Mem:         32180      31963        216          0          2         81
Mem:         32180      31968        211          0          2         86
Mem:         32180      31968        211          0          2         87
Mem:         32180      31969        210          0          2         87
Mem:         32180      31969        210          0          2         87
Mem:         32180      31969        211          0          2         87
Mem:         32180      31969        210          0          2         87
Mem:         32180      32015        164          0          2         66
Mem:         32180      31979        200          0          2        109
Mem:         32180      31994        185          0          2        122
Mem:         32180      31988        191          0          2         57
Mem:         32180      32001        178          0          2         94
Mem:         32180      31997        182          0          2         86
Mem:         32180      31894        285          0          2         93
Mem:         32180      31999        181          0          2        201
Mem:         32180      31931        248          0          2        230
Mem:         32180      32027        152          0          2        327
Mem:         32180      32026        154          0          2        328
Mem:         32180      32025        154          0          2        352
Mem:         32180      31973        206          0          2        279
Mem:         32180      31997        182          0          2        305
Mem:         32180      31788        391          0          2        255
Mem:         32180      31917        262          0          2        401
Mem:         32180      31992        188          0          2        441
Mem:         32180      31944        235          0          2        422
Mem:         32180      31991        188          0          2        476
Mem:         32180      31976        203          0          2        426
Mem:         32180      31888        291          0          2        493
Mem:         32180      31999        180          0          2        604
Mem:         32180      31819        360          0          2        380
Mem:         32180      31942        237          0          2        507
Mem:         32180      31973        207          0          2        434
Mem:         32180      31990        190          0          2        449
Mem:         32180      31972        207          0          2        430
Mem:         32180      31996        184          0          2        455
Mem:         32180      31991        188          0          2        449
Mem:         32180      31996        183          0          2        455
Mem:         32180      31997        182          0          2        455
Mem:         32180      31997        183          0          2        456
Mem:         32180      31996        183          0          2        456
Mem:         32180      31980        199          0          2        406
Mem:         32180      31937        242          0          2        373
Mem:         32180      31980        199          0          3        355
Mem:         32180      31996        183          0          5        410
Mem:         32180      31984        195          0          5        283
Mem:         32180      31986        193          0          6        272
Mem:         32180      31990        189          0          3        209
Mem:         32180      31983        196          0          3        175
Mem:         32180      31978        201          0          3        164
Mem:         32180      31993        186          0          3        129
Mem:         32180      31991        188          0          3         68
Mem:         32180      31991        188          0          3         67
Mem:         32180      31954        225          0          3         83
Mem:         32180      32014        166          0          3        152
Mem:         32180      32027        153          0          3        175
Mem:         32180      31988        192          0          3        226
Mem:         32180      31999        180          0          3        264
Mem:         32180      32002        177          0          3        341
Mem:         32180      32004        175          0          3        269
Mem:         32180      31911        268          0          3        259
Mem:         32180      31667        512          0          3        270
Mem:         32180      31971        208          0          3        332
Mem:         32180      31998        181          0          3        362
Mem:         32180      31995        184          0          3        258
Mem:         32180      31832        347          0          3        266
Mem:         32180      31921        259          0          3        359
Mem:         32180      31973        206          0          3        373
Mem:         32180      31981        199          0          3        424
Mem:         32180      31995        184          0          3        430
Mem:         32180      31778        401          0          3        397
Mem:         32180      31662        517          0          3        397
Mem:         32180      31663        516          0          3        397
Mem:         32180      31663        516          0          3        397
Mem:         32180      31663        516          0          3        397
Mem:         32180      31663        516          0          3        397
Mem:         32180      31663        516          0          3        398
Mem:         32180      31669        511          0          3        404
Mem:         32180      31668        511          0          3        404
Mem:         32180      31668        511          0          3        404
Mem:         32180      31693        487          0          3        427
Mem:         32180      31879        300          0          3        540
Mem:         32180      32002        177          0          3        664
Mem:         32180      31984        195          0          3        606
Mem:         32180      31888        291          0          3        485
Mem:         32180      31973        207          0          3        565
Mem:         32180      31953        227          0          3        506
Mem:         32180      31924        255          0          3        483
Mem:         32180      31992        187          0          3        539
Mem:         32180      31974        205          0          3        452
Mem:         32180      31969        211          0          3        443
Mem:         32180      31967        212          0          3        402
Mem:         32180      31976        203          0          3        375
Mem:         32180      31998        182          0          3        433
Mem:         32180      31932        247          0          3        210
Mem:         32180      32002        177          0          3        200
Mem:         32180      31994        186          0          3        191
Mem:         32180      31980        199          0          2        106
Mem:         32180      32001        178          0          2        128
Mem:         32180      31997        182          0          2        123
Mem:         32180      32002        177          0          2        131
Mem:         32180      31990        189          0          2        117
Mem:         32180      31989        190          0          2        117
Mem:         32180      31986        194          0          2        111
Mem:         32180      31988        192          0          2        115
Mem:         32180      31988        191          0          2        115
Mem:         32180      31989        191          0          2        115
Mem:         32180      31989        190          0          2        116
Mem:         32180      31989        190          0          2        116
Mem:         32180      31989        190          0          2        116
Mem:         32180      31989        190          0          2        116
Mem:         32180      31989        191          0          2        116
Mem:         32180      31988        191          0          2        116
Mem:         32180      31988        191          0          2        116
Mem:         32180      31981        198          0          3        108
Mem:         32180      31964        216          0          2         56
Mem:         32180      31982        197          0          2         74
Mem:         32180      31984        196          0          2         77
Mem:         32180      31965        214          0          2         24
Mem:         32180      31982        197          0          2         40
Mem:         32180      31995        184          0          2         54
Mem:         32180      31974        206          0          2         30
Mem:         32180      31985        194          0          2         43
Mem:         32180      31981        198          0          2         38
Mem:         32180      31985        194          0          2         42
Mem:         32180      31980        199          0          2         41
Mem:         32180      31982        198          0          2         44
Mem:         32180      31984        195          0          2         43
Mem:         32180      31983        196          0          2         43
Mem:         32180      31985        195          0          2         45
Mem:         32180      31990        189          0          3         50
Mem:         32180      31986        193          0          2         44
Mem:         32180      31980        199          0          2         39
Mem:         32180      31973        206          0          2         32
Mem:         32180      31969        210          0          2         29
Mem:         32180      31970        209          0          2         29
Mem:         32180      31970        209          0          2         29
Mem:         32180      31974        205          0          2         34
Mem:         32180      31975        205          0          2         34
Mem:         32180      31974        205          0          2         34
Mem:         32180      31975        204          0          2         34
Mem:         32180      31975        204          0          2         34
Mem:         32180      31975        205          0          2         34
Mem:         32180      31975        204          0          2         34
Mem:         32180      31974        205          0          2         34
Mem:         32180      31980        200          0          2         38
Mem:         32180      31982        197          0          2         57
Mem:         32180      31968        211          0          2         41
Mem:         32180      31978        201          0          2        107
Mem:         32180      31976        203          0          2         68
Mem:         32180      31984        195          0          2         74
Mem:         32180      32026        153          0          2         74
Mem:         32180      31973        206          0          2        151
Mem:         32180      32009        171          0          2        182
Mem:         32180      32006        174          0          2        109
Mem:         32180      31999        180          0          2         81
Mem:         32180      31998        182          0          2         78
Mem:         32180      31990        190          0          2         71
Mem:         32180      31981        198          0          2         65
Mem:         32180      31983        197          0          2         69
Mem:         32180      31984        195          0          2         69
Mem:         32180      31983        196          0          2         67
Mem:         32180      31994        186          0          2         77
Mem:         32180      31995        184          0          2         79
Mem:         32180      31998        182          0          2         82
Mem:         32180      32001        179          0          2         86
Mem:         32180      31996        184          0          3         78
Mem:         32180      31993        187          0          3         76
Mem:         32180      32000        179          0          3         82
Mem:         32180      32000        180          0          3         82
Mem:         32180      31999        180          0          3         82
Mem:         32180      31998        181          0          3         82
Mem:         32180      31999        181          0          3         82
Mem:         32180      31999        181          0          3         82
Mem:         32180      31999        180          0          3         82
Mem:         32180      31903        277          0          2         36
Mem:         32180      31995        184          0          2        146
Mem:         32180      32026        153          0          2        174
Mem:         32180      31998        181          0          2        146
Mem:         32180      32006        173          0          2        144
Mem:         32180      32018        162          0          2        153
Mem:         32180      32013        166          0          2        146
Mem:         32180      31993        186          0          2        132
Mem:         32180      32005        174          0          2        144
Mem:         32180      32003        176          0          2        142
Mem:         32180      31988        191          0          2        128
Mem:         32180      31997        182          0          2        139
Mem:         32180      31982        197          0          2        201
Mem:         32180      31991        188          0          2        209
Mem:         32180      31992        188          0          2        209
Mem:         32180      31994        185          0          2        211
Mem:         32180      31950        229          0          2        246
Mem:         32180      31966        213          0          2        260
Mem:         32180      32004        175          0          3        300
Mem:         32180      31968        211          0          2        320
Mem:         32180      31986        193          0          2        381
Mem:         32180      31943        236          0          2        379
Mem:         32180      31804        375          0          2        383
Mem:         32180      31843        336          0          2        481
Mem:         32180      31957        223          0          2        609
Mem:         32180      31991        188          0          2        639
Mem:         32180      31973        206          0          2        639
Mem:         32180      31991        188          0          2        622
Mem:         32180      31986        194          0          2        588
Mem:         32180      31983        196          0          2        589
Mem:         32180      31989        190          0          2        592
Mem:         32180      31978        202          0          2        581
Mem:         32180      31964        215          0          2        576
Mem:         32180      31996        183          0          2        604
Mem:         32180      32002        178          0          2        612
Mem:         32180      31962        218          0          2        555
Mem:         32180      31970        209          0          2        544
Mem:         32180      31983        197          0          2        558
Mem:         32180      31994        186          0          2        576
Mem:         32180      31998        181          0          2        580
Mem:         32180      31981        198          0          2        527
Mem:         32180      31984        196          0          2        528
Mem:         32180      31984        196          0          2        528
Mem:         32180      31984        195          0          2        528
Mem:         32180      31984        195          0          2        528
Mem:         32180      31984        195          0          2        529
Mem:         32180      31985        194          0          2        529
Mem:         32180      31999        180          0          2        544
Mem:         32180      31957        223          0          2        498
Mem:         32180      31985        194          0          2        469
Mem:         32180      31966        213          0          2        447
Mem:         32180      31979        200          0          2        466
Mem:         32180      31992        187          0          2        475
Mem:         32180      31993        186          0          2        477
Mem:         32180      31996        183          0          2        478
Mem:         32180      32000        179          0          2        485
Mem:         32180      31989        190          0          2        469
Mem:         32180      31991        188          0          2        476
Mem:         32180      31963        216          0          2        531
Mem:         32180      31994        185          0          2        563
Mem:         32180      31998        181          0          2        566
Mem:         32180      31993        186          0          2        562
Mem:         32180      31984        196          0          2        552
Mem:         32180      31982        197          0          2        550
Mem:         32180      31984        196          0          2        551
Mem:         32180      31984        195          0          2        551
Mem:         32180      31981        198          0          2        548
Mem:         32180      31981        198          0          2        549
Mem:         32180      31981        199          0          2        549
Mem:         32180      31980        199          0          2        549
Mem:         32180      31980        199          0          2        549
Mem:         32180      31980        199          0          2        549
Mem:         32180      31980        199          0          2        549
Mem:         32180      31980        199          0          2        549
Mem:         32180      31980        199          0          2        549
Mem:         32180      31980        200          0          2        549
Mem:         32180      31979        200          0          2        549
Mem:         32180      31979        200          0          2        549
Mem:         32180      31979        200          0          2        549
Mem:         32180      31979        201          0          2        549
Mem:         32180      31952        227          0          2        549
Mem:         32180      31992        187          0          2        547
Mem:         32180      31977        202          0          2        568
Mem:         32180      31984        195          0          3        519
Mem:         32180      31979        200          0          2        452
Mem:         32180      31989        191          0          2        458
Mem:         32180      31982        197          0          3        435
Mem:         32180      31985        194          0          3        432
Mem:         32180      31973        207          0          3        415
Mem:         32180      31977        202          0          3        421
Mem:         32180      31998        181          0          3        403
Mem:         32180      31980        200          0          3        383
Mem:         32180      31989        191          0          3        393
Mem:         32180      31980        199          0          3        385
Mem:         32180      31985        194          0          2        391
Mem:         32180      31978        201          0          2        382
Mem:         32180      31969        211          0          2        374
Mem:         32180      31998        181          0          3        404
Mem:         32180      31988        191          0          3        394
Mem:         32180      31971        208          0          3        376
Mem:         32180      31966        213          0          3        372
Mem:         32180      31967        212          0          3        372
Mem:         32180      31966        213          0          3        372
Mem:         32180      31967        213          0          3        372
Mem:         32180      31966        213          0          3        372
Mem:         32180      31967        212          0          3        372
Mem:         32180      31997        182          0          3        402
Mem:         32180      32001        179          0          3        400
Mem:         32180      31998        181          0          2        393
Mem:         32180      32000        179          0          2        395
Mem:         32180      31999        180          0          2        358
Mem:         32180      31998        181          0          2        355
Mem:         32180      31985        194          0          2        354
Mem:         32180      32000        179          0          2        333
Mem:         32180      31997        183          0          2        326
Mem:         32180      32002        177          0          2        331
Mem:         32180      31996        183          0          2        326
Mem:         32180      31997        182          0          2        327
Mem:         32180      31993        186          0          2        323
Mem:         32180      31990        189          0          2        318
Mem:         32180      32002        177          0          2        324
Mem:         32180      31993        186          0          2        319
Mem:         32180      31985        194          0          2        311
Mem:         32180      31980        199          0          2        305
Mem:         32180      31972        207          0          2        296
Mem:         32180      31972        207          0          2        297
Mem:         32180      31973        206          0          2        297
Mem:         32180      31972        207          0          2        297
Mem:         32180      31972        208          0          2        297
Mem:         32180      31971        208          0          2        297
Mem:         32180      31972        208          0          2        297
Mem:         32180      31971        209          0          2        297
Mem:         32180      31970        209          0          2        297
Mem:         32180      31970        209          0          2        297
Mem:         32180      31971        209          0          2        297
Mem:         32180      31971        209          0          2        297
Mem:         32180      31948        231          0          2        295
Mem:         32180      31978        201          0          2        320
Mem:         32180      31977        202          0          2        244
Mem:         32180      31986        193          0          2        229
Mem:         32180      31969        210          0          2        210
Mem:         32180      31987        193          0          2        234
Mem:         32180      31976        203          0          2        218
Mem:         32180      31976        203          0          2        218
Mem:         32180      31982        197          0          2        221
Mem:         32180      31984        195          0          2        222
Mem:         32180      31927        252          0          2        226
Mem:         32180      31976        203          0          2        280
Mem:         32180      31976        203          0          2        279
Mem:         32180      32000        180          0          2        264
Mem:         32180      31979        200          0          2        243
Mem:         32180      31987        192          0          2        252
Mem:         32180      31974        205          0          3        239
Mem:         32180      31974        205          0          3        238
Mem:         32180      31974        205          0          3        238
Mem:         32180      31973        206          0          3        238
Mem:         32180      31973        206          0          3        238
Mem:         32180      31973        207          0          3        238
Mem:         32180      31974        205          0          3        239
Mem:         32180      31974        205          0          3        239
Mem:         32180      31990        189          0          3        256
Mem:         32180      31995        184          0          2        244
Mem:         32180      31978        201          0          2        218
Mem:         32180      31978        201          0          2        192
Mem:         32180      31993        187          0          2        204
Mem:         32180      31982        197          0          2        157
Mem:         32180      31979        201          0          2        102
Mem:         32180      31978        202          0          2        106
Mem:         32180      31980        199          0          2        111
Mem:         32180      31983        197          0          2        116
Mem:         32180      31970        209          0          2        106
Mem:         32180      31990        189          0          2        126
Mem:         32180      31991        188          0          2        127
Mem:         32180      31967        212          0          3         99
Mem:         32180      31996        183          0          4        124
Mem:         32180      31986        193          0          4        110
Mem:         32180      31974        205          0          4        103
Mem:         32180      31981        198          0          4        111
Mem:         32180      31986        193          0          5        116
Mem:         32180      31976        203          0          5        104
Mem:         32180      31984        195          0          5        112
Mem:         32180      31982        197          0          5        110
Mem:         32180      31982        197          0          5        112
Mem:         32180      31983        197          0          5        112
Mem:         32180      31982        197          0          5        112
Mem:         32180      31981        198          0          5        112
Mem:         32180      31949        230          0          4        108
Mem:         32180      31993        186          0          3        165
Mem:         32180      31987        192          0          3        158
Mem:         32180      32008        172          0          3        138
Mem:         32180      32009        171          0          3        139
Mem:         32180      32022        158          0          3        128
Mem:         32180      32000        180          0          3        116
Mem:         32180      32006        173          0          3        120
Mem:         32180      31952        227          0          3        151
Mem:         32180      31993        186          0          3        166
Mem:         32180      31996        183          0          3        174
Mem:         32180      31997        182          0          3        174
Mem:         32180      31993        186          0          3        170
Mem:         32180      31995        185          0          3        172
Mem:         32180      31997        182          0          3        174
Mem:         32180      31816        363          0          3        180
Mem:         32180      31646        533          0          3        183
Mem:         32180      31565        614          0          3        183
Mem:         32180      31549        630          0          3        183
Mem:         32180      31550        630          0          3        183
Mem:         32180      31550        629          0          3        183
Mem:         32180      31549        630          0          3        183
Mem:         32180      31549        631          0          3        183
Mem:         32180      31548        631          0          3        183
Mem:         32180      31549        631          0          3        183
Mem:         32180      31548        631          0          3        183
Mem:         32180      31547        632          0          3        183
Mem:         32180      31547        632          0          3        183
Mem:         32180      31548        632          0          3        183
Mem:         32180      31569        611          0          3        202
Mem:         32180      31661        518          0          3        290
Mem:         32180      31772        407          0          3        404
Mem:         32180      31896        284          0          3        524
Mem:         32180      31992        188          0          3        618
Mem:         32180      31989        190          0          3        562
Mem:         32180      31994        185          0          3        530
Mem:         32180      31985        194          0          2        518
Mem:         32180      31977        202          0          3        508
Mem:         32180      31996        183          0          2        527
Mem:         32180      31989        190          0          2        486
Mem:         32180      31994        185          0          2        490
Mem:         32180      31993        186          0          2        490
Mem:         32180      31993        186          0          2        490
Mem:         32180      31979        200          0          2        475
Mem:         32180      31986        193          0          2        483
Mem:         32180      31982        198          0          3        476
Mem:         32180      31979        200          0          3        473
Mem:         32180      31977        203          0          3        472
Mem:         32180      31998        181          0          3        494
Mem:         32180      31999        181          0          3        495
Mem:         32180      31990        189          0          3        487
Mem:         32180      31980        199          0          3        476
Mem:         32180      31980        200          0          3        476
Mem:         32180      31980        200          0          3        476
Mem:         32180      31993        187          0          3        488
Mem:         32180      31991        188          0          3        518
Mem:         32180      31989        190          0          3        516
Mem:         32180      32003        176          0          3        391
Mem:         32180      31992        187          0          2        225
Mem:         32180      31988        191          0          2        226
Mem:         32180      31991        188          0          2        199
Mem:         32180      32000        179          0          2        205
Mem:         32180      31994        185          0          2        199
Mem:         32180      32000        179          0          2        205
Mem:         32180      32000        180          0          2        204
Mem:         32180      31983        196          0          2        190
Mem:         32180      32000        179          0          2        206
Mem:         32180      31983        196          0          2        190
Mem:         32180      31996        184          0          2        203
Mem:         32180      31832        348          0          2        308
Mem:         32180      31951        228          0          2        427
Mem:         32180      31998        181          0          3        475
Mem:         32180      31997        183          0          3        472
Mem:         32180      31988        192          0          3        462
Mem:         32180      31981        199          0          3        454
Mem:         32180      31977        203          0          3        451
Mem:         32180      31989        191          0          3        464
Mem:         32180      31989        190          0          3        464
Mem:         32180      31989        190          0          3        464
Mem:         32180      31988        191          0          3        464
Mem:         32180      31983        196          0          3        455
Mem:         32180      31974        205          0          3        450
Mem:         32180      31988        191          0          3        466
Mem:         32180      31994        185          0          2        442
Mem:         32180      31991        189          0          2        433
Mem:         32180      31994        185          0          2        405
Mem:         32180      31997        182          0          2        403
Mem:         32180      31993        186          0          2        402
Mem:         32180      31997        182          0          2        405
Mem:         32180      31998        181          0          2        405
Mem:         32180      31994        185          0          2        403
Mem:         32180      31990        189          0          2        400
Mem:         32180      31993        186          0          2        405
Mem:         32180      31994        186          0          2        404
Mem:         32180      32000        179          0          2        414
Mem:         32180      31982        198          0          3        393
Mem:         32180      31989        190          0          3        400
Mem:         32180      32000        179          0          3        412
Mem:         32180      31990        189          0          3        402
Mem:         32180      31995        184          0          3        408
Mem:         32180      31994        185          0          3        408
Mem:         32180      31994        185          0          3        408
Mem:         32180      31994        185          0          3        408
Mem:         32180      31993        186          0          3        408
Mem:         32180      31993        186          0          3        408
Mem:         32180      31994        186          0          3        408
Mem:         32180      31993        186          0          3        408
Mem:         32180      31993        186          0          3        408
Mem:         32180      31995        184          0          3        403
Mem:         32180      31997        182          0          3        407
Mem:         32180      31980        199          0          3        417
Mem:         32180      31982        197          0          3        399
Mem:         32180      31997        183          0          3        409
Mem:         32180      31972        207          0          2        340
Mem:         32180      31974        205          0          2        340
Mem:         32180      31993        187          0          2        357
Mem:         32180      32000        180          0          2        362
Mem:         32180      31981        198          0          2        342
Mem:         32180      31975        204          0          2        317
Mem:         32180      31981        198          0          2        317
Mem:         32180      31975        204          0          2        310
Mem:         32180      31982        198          0          2        315
Mem:         32180      31982        197          0          2        316
Mem:         32180      31994        185          0          3        328
Mem:         32180      31976        203          0          3        309
Mem:         32180      31988        192          0          3        321
Mem:         32180      31985        194          0          3        318
Mem:         32180      31996        183          0          3        330
Mem:         32180      31997        182          0          3        329
Mem:         32180      31997        183          0          3        330
Mem:         32180      31997        182          0          3        329
Mem:         32180      31997        182          0          3        330
Mem:         32180      31996        183          0          3        330
Mem:         32180      31996        183          0          3        330
Mem:         32180      31996        183          0          3        329
Mem:         32180      31996        183          0          3        330
Mem:         32180      31928        251          0          3        304
Mem:         32180      31963        217          0          3        323
Mem:         32180      31982        197          0          3        343
Mem:         32180      31990        189          0          2        337
Mem:         32180      31996        184          0          2        342
Mem:         32180      31983        196          0          2        314
Mem:         32180      31987        193          0          2        317
Mem:         32180      31973        206          0          2        301
Mem:         32180      31997        182          0          2        322
Mem:         32180      31996        183          0          2        322
Mem:         32180      31994        185          0          2        301
Mem:         32180      31996        183          0          2        301
Mem:         32180      31989        191          0          2        296
Mem:         32180      31971        209          0          2        277
Mem:         32180      31975        204          0          2        282
Mem:         32180      31997        183          0          2        276
Mem:         32180      31993        186          0          2        273
Mem:         32180      31990        189          0          2        271
Mem:         32180      31992        187          0          2        272
Mem:         32180      31992        187          0          2        272
Mem:         32180      31992        187          0          2        272
Mem:         32180      31992        187          0          2        272
Mem:         32180      31983        196          0          2        261
Mem:         32180      31930        249          0          2        236
Mem:         32180      31996        184          0          2        307
Mem:         32180      31984        195          0          2        294
Mem:         32180      31990        189          0          2        260
Mem:         32180      31993        186          0          2        260
Mem:         32180      31985        195          0          2        238
Mem:         32180      31981        198          0          2        232
Mem:         32180      31992        187          0          2        245
Mem:         32180      31983        196          0          2        233
Mem:         32180      31987        192          0          2        240
Mem:         32180      31978        201          0          2        229
Mem:         32180      31994        186          0          2        251
Mem:         32180      31982        197          0          2        237
Mem:         32180      31994        185          0          2        257
Mem:         32180      31991        188          0          2        237
Mem:         32180      31993        186          0          2        239
Mem:         32180      31998        181          0          2        231
Mem:         32180      31993        186          0          2        224
Mem:         32180      31936        243          0          2        249
Mem:         32180      31694        485          0          2        250
Mem:         32180      31564        616          0          2        251
Mem:         32180      31526        653          0          3        251
Mem:         32180      31638        541          0          3        332
Mem:         32180      31730        449          0          3        429
Mem:         32180      31847        332          0          3        546
Mem:         32180      31943        236          0          3        632
Mem:         32180      31996        183          0          3        682
Mem:         32180      31993        187          0          3        679
Mem:         32180      31995        184          0          3        683
Mem:         32180      31997        182          0          3        683
Mem:         32180      32000        179          0          3        683
Mem:         32180      31994        185          0          3        677
Mem:         32180      31993        186          0          3        679
Mem:         32180      31994        185          0          3        677
Mem:         32180      32025        155          0          3        714
Mem:         32180      31902        278          0          3        699
Mem:         32180      31913        267          0          3        731
Mem:         32180      32000        179          0          3        823
Mem:         32180      31996        183          0          3        817
Mem:         32180      31991        189          0          4        811
Mem:         32180      31977        203          0          4        793
Mem:         32180      31976        203          0          4        791
Mem:         32180      31976        203          0          4        791
Mem:         32180      31976        203          0          4        791
Mem:         32180      31961        218          0          4        790
Mem:         32180      31934        245          0          4        777
Mem:         32180      31989        190          0          4        834
Mem:         32180      32003        176          0          4        824
Mem:         32180      32002        177          0          4        824
Mem:         32180      31997        182          0          4        816
Mem:         32180      31987        192          0          4        807
Mem:         32180      31994        186          0          6        809
Mem:         32180      32002        177          0          5        814
Mem:         32180      31993        187          0          6        791
Mem:         32180      31987        193          0          6        782
Mem:         32180      31998        182          0          6        792
Mem:         32180      31994        186          0          6        789
Mem:         32180      31993        186          0          6        789
Mem:         32180      31992        187          0          6        786
Mem:         32180      31976        203          0          6        773
Mem:         32180      31976        203          0          5        775
Mem:         32180      31974        205          0          5        772
Mem:         32180      31990        189          0          5        788
Mem:         32180      31994        185          0          5        792
Mem:         32180      31994        185          0          5        793
Mem:         32180      31993        186          0          5        793
Mem:         32180      31993        186          0          5        793
Mem:         32180      31993        186          0          5        793
Mem:         32180      31993        186          0          5        793
Mem:         32180      31993        186          0          5        793
Mem:         32180      31998        181          0          5        797
Mem:         32180      31978        201          0          5        788
Mem:         32180      31983        196          0          4        790
Mem:         32180      31992        187          0          4        801
Mem:         32180      31980        199          0          4        791
Mem:         32180      31996        183          0          4        806
Mem:         32180      31999        180          0          4        814
Mem:         32180      31994        185          0          4        805
Mem:         32180      31993        186          0          4        802
Mem:         32180      31989        190          0          4        800
Mem:         32180      31981        198          0          4        800
Mem:         32180      31985        194          0          4        806
Mem:         32180      31979        200          0          4        799
Mem:         32180      31977        202          0          4        795
Mem:         32180      31989        190          0          4        809
Mem:         32180      31993        186          0          4        814
Mem:         32180      31990        189          0          4        810
Mem:         32180      31990        189          0          4        810
Mem:         32180      31990        189          0          4        810
Mem:         32180      31991        189          0          4        810
Mem:         32180      31990        189          0          4        810
Mem:         32180      31991        189          0          4        810
Mem:         32180      31990        189          0          4        810
Mem:         32180      31990        189          0          4        810
Mem:         32180      31967        212          0          4        771
Mem:         32180      31968        211          0          4        772
Mem:         32180      31996        183          0          4        800
Mem:         32180      31993        186          0          4        797
Mem:         32180      31979        200          0          4        784
Mem:         32180      31980        200          0          4        782
Mem:         32180      31994        186          0          4        798
Mem:         32180      31993        186          0          4        795
Mem:         32180      32002        177          0          4        805
Mem:         32180      31994        186          0          4        794
Mem:         32180      31955        225          0          4        751
Mem:         32180      31989        190          0          4        790
Mem:         32180      31997        182          0          4        795
Mem:         32180      31985        195          0          4        775
Mem:         32180      32001        178          0          4        792
Mem:         32180      32000        179          0          4        791
Mem:         32180      32003        176          0          4        793
Mem:         32180      32003        177          0          4        793
Mem:         32180      32002        177          0          4        793
Mem:         32180      32002        177          0          4        793
Mem:         32180      32003        176          0          4        793
Mem:         32180      32002        177          0          4        793
Mem:         32180      32003        176          0          4        793
Mem:         32180      31973        206          0          4        726
Mem:         32180      31997        183          0          4        788
Mem:         32180      31988        191          0          4        780
Mem:         32180      31980        199          0          4        769
Mem:         32180      31980        199          0          4        770
Mem:         32180      31997        182          0          4        786
Mem:         32180      32000        180          0          4        790
Mem:         32180      32001        178          0          4        792
Mem:         32180      31983        196          0          4        771
Mem:         32180      31978        201          0          4        765
Mem:         32180      31981        198          0          4        771
Mem:         32180      31996        183          0          4        785
Mem:         32180      31971        209          0          4        760
Mem:         32180      32001        178          0          4        789
Mem:         32180      31989        190          0          5        775
Mem:         32180      31978        201          0          5        764
Mem:         32180      31988        191          0          5        774
Mem:         32180      31986        193          0          4        775
Mem:         32180      31986        193          0          4        775
Mem:         32180      31986        193          0          4        775
Mem:         32180      31986        193          0          4        775
Mem:         32180      31986        193          0          4        775
Mem:         32180      31985        195          0          4        775
Mem:         32180      31979        201          0          4        768
Mem:         32180      31980        199          0          4        770
Mem:         32180      31981        198          0          4        772
Mem:         32180      31982        197          0          4        773
Mem:         32180      31985        194          0          4        777
Mem:         32180      31991        188          0          4        782
Mem:         32180      31986        193          0          4        777
Mem:         32180      31983        197          0          4        773
Mem:         32180      31982        197          0          4        777
Mem:         32180      31984        195          0          4        779
Mem:         32180      31987        192          0          4        780
Mem:         32180      31982        197          0          4        774
Mem:         32180      31982        197          0          4        775
Mem:         32180      31984        196          0          4        776
Mem:         32180      31984        195          0          4        778
Mem:         32180      31982        197          0          4        776
Mem:         32180      31983        196          0          4        776
Mem:         32180      31984        195          0          4        776
Mem:         32180      31984        195          0          4        777
Mem:         32180      31984        195          0          4        777
Mem:         32180      31984        195          0          4        777
Mem:         32180      31984        195          0          4        777
Mem:         32180      31984        196          0          4        777
Mem:         32180      31983        196          0          4        778
Mem:         32180       8637      23542          0          4        780
Mem:         32180       8611      23568          0          4        780
