Mem:         30734       1910      28824          0          1         92
Mem:         30734       1978      28756          0          1        109
Mem:         30734       2061      28673          0          1        125
Mem:         30734       2234      28500          0          2        142
Mem:         30734       2533      28201          0          2        168
Mem:         30734       6453      24281          0          2        288
Mem:         30734       7660      23074          0          2        410
Mem:         30734       8178      22556          0          2        523
Mem:         30734       8301      22433          0          2        643
Mem:         30734       8614      22120          0          2        759
Mem:         30734       8894      21840          0          2        888
Mem:         30734       9335      21399          0          3       1016
Mem:         30734       9469      21265          0          3       1148
Mem:         30734      10595      20139          0          3       1269
Mem:         30734      10717      20017          0          3       1390
Mem:         30734      11093      19641          0          3       1516
Mem:         30734      11318      19416          0          3       1630
Mem:         30734      11597      19137          0          3       1708
Mem:         30734      11775      18959          0          3       1733
Mem:         30734      11815      18919          0          3       1737
Mem:         30734      11850      18884          0          3       1759
Mem:         30734      11940      18794          0          3       1841
Mem:         30734      12047      18686          0          4       1920
Mem:         30734      12137      18597          0          4       2007
Mem:         30734      12246      18488          0          4       2101
Mem:         30734      12340      18394          0          4       2196
Mem:         30734      12472      18262          0          4       2286
Mem:         30734      12574      18160          0          4       2388
Mem:         30734      12736      17998          0          4       2490
Mem:         30734      12836      17898          0          4       2590
Mem:         30734      13004      17730          0          4       2691
Mem:         30734      13188      17546          0          5       2789
Mem:         30734      13346      17387          0          5       2890
Mem:         30734      13450      17284          0          5       2994
Mem:         30734      13588      17146          0          5       3102
Mem:         30734      13720      17014          0          5       3199
Mem:         30734      13889      16845          0          5       3288
Mem:         30734      14046      16688          0          5       3346
Mem:         30734      14092      16642          0          5       3348
Mem:         30734      14094      16640          0          5       3350
Mem:         30734      14096      16638          0          5       3352
Mem:         30734      14266      16468          0          5       3358
Mem:         30734      14467      16266          0          5       3363
Mem:         30734      15009      15725          0          5       3401
Mem:         30734      15195      15539          0          5       3460
Mem:         30734      15302      15432          0          5       3547
Mem:         30734      15541      15193          0          5       3638
Mem:         30734      15659      15075          0          6       3735
Mem:         30734      15903      14831          0          6       3830
Mem:         30734      16076      14658          0          6       3927
Mem:         30734      16180      14554          0          6       4016
Mem:         30734      16274      14460          0          6       4108
Mem:         30734      16368      14366          0          6       4203
Mem:         30734      16455      14279          0          6       4291
Mem:         30734      16521      14212          0          6       4357
Mem:         30734      16576      14158          0          6       4392
Mem:         30734      16598      14135          0          6       4415
Mem:         30734      16601      14133          0          6       4417
Mem:         30734      16602      14132          0          6       4419
Mem:         30734      16604      14130          0          6       4421
Mem:         30734      16606      14127          0          6       4423
Mem:         30734      16608      14126          0          6       4425
Mem:         30734      16610      14124          0          6       4427
Mem:         30734      16612      14122          0          6       4429
Mem:         30734      16614      14120          0          6       4431
Mem:         30734      16619      14115          0          6       4433
Mem:         30734      16621      14113          0          6       4435
Mem:         30734      16627      14107          0          6       4439
Mem:         30734      16708      14025          0          6       4442
Mem:         30734      16848      13885          0          6       4444
Mem:         30734      17010      13723          0          6       4448
Mem:         30734      17239      13495          0          6       4469
Mem:         30734      17442      13291          0          6       4496
Mem:         30734      17567      13166          0          6       4523
Mem:         30734      17746      12988          0          6       4565
Mem:         30734      17816      12918          0          6       4612
Mem:         30734      17923      12811          0          7       4655
Mem:         30734      18068      12666          0          7       4697
Mem:         30734      18215      12519          0          7       4746
Mem:         30734      18378      12356          0          7       4806
Mem:         30734      18459      12275          0          7       4845
Mem:         30734      18597      12137          0          7       4893
Mem:         30734      18707      12027          0          7       4922
Mem:         30734      18836      11898          0          7       4960
Mem:         30734      18954      11780          0          7       5008
Mem:         30734      19152      11582          0          7       5054
Mem:         30734      19247      11487          0          7       5105
Mem:         30734      19349      11385          0          7       5157
Mem:         30734      19464      11270          0          7       5207
Mem:         30734      19501      11233          0          7       5245
Mem:         30734      19584      11150          0          7       5271
Mem:         30734      19667      11067          0          7       5305
Mem:         30734      19703      11030          0          7       5341
Mem:         30734      19775      10959          0          7       5367
Mem:         30734      19795      10939          0          7       5386
Mem:         30734      19804      10930          0          7       5396
Mem:         30734      19842      10892          0          7       5398
Mem:         30734      19844      10889          0          7       5400
Mem:         30734      19849      10885          0          7       5403
Mem:         30734      20307      10427          0          7       5405
Mem:         30734      20427      10307          0          7       5429
Mem:         30734      20577      10157          0          7       5455
Mem:         30734      20711      10023          0          7       5484
Mem:         30734      20753       9981          0          7       5515
Mem:         30734      20858       9876          0          7       5550
Mem:         30734      20933       9801          0          8       5585
Mem:         30734      21073       9661          0          8       5621
Mem:         30734      21249       9485          0          8       5659
Mem:         30734      21339       9395          0          8       5679
Mem:         30734      21341       9393          0          8       5681
Mem:         30734      21345       9389          0          8       5683
Mem:         30734      21367       9367          0          8       5685
Mem:         30734      21368       9366          0          8       5687
Mem:         30734      21370       9364          0          8       5689
Mem:         30734      21371       9363          0          8       5691
Mem:         30734      21373       9361          0          8       5693
Mem:         30734      21377       9357          0          8       5695
Mem:         30734      21523       9211          0          8       5697
Mem:         30734      21678       9055          0          8       5726
Mem:         30734      21754       8980          0          8       5780
Mem:         30734      21819       8915          0          8       5832
Mem:         30734      21882       8852          0          8       5838
Mem:         30734      22194       8540          0          8       5850
Mem:         30734      22210       8524          0          8       5863
Mem:         30734      22405       8329          0          8       5922
Mem:         30734      22553       8180          0          8       6002
Mem:         30734      22693       8041          0          8       6055
Mem:         30734      22843       7891          0          8       6120
Mem:         30734      23006       7728          0          8       6158
Mem:         30734      23234       7500          0          8       6193
Mem:         30734      23521       7213          0          8       6263
Mem:         30734      23591       7143          0          8       6265
Mem:         30734      23715       7019          0          8       6267
Mem:         30734      23843       6891          0          8       6269
Mem:         30734      23886       6848          0          8       6307
Mem:         30734      24015       6719          0          9       6358
Mem:         30734      24030       6704          0          9       6375
Mem:         30734      24032       6702          0          9       6377
Mem:         30734      24034       6700          0          9       6379
Mem:         30734      24036       6698          0          9       6381
Mem:         30734      24038       6696          0          9       6383
Mem:         30734      24039       6695          0          9       6385
Mem:         30734      24040       6694          0          9       6385
Mem:         30734      24042       6692          0          9       6387
Mem:         30734      24044       6690          0          9       6389
Mem:         30734      23570       7164          0          9       5915
Mem:         30734      23785       6949          0          9       5945
Mem:         30734      24043       6691          0          9       5978
Mem:         30734      24135       6598          0          9       6007
Mem:         30734      24319       6415          0          9       6038
Mem:         30734      24386       6348          0          9       6044
Mem:         30734      24497       6237          0          9       6046
Mem:         30734      24496       6237          0          9       6048
Mem:         30734      24593       6141          0          9       6050
Mem:         30734      24618       6116          0          9       6052
Mem:         30734      24637       6097          0          9       6055
Mem:         30734      24623       6110          0          9       6057
Mem:         30734      24765       5969          0          9       6059
Mem:         30734      24835       5899          0          9       6062
Mem:         30734      24871       5863          0          9       6064
Mem:         30734      24901       5833          0          9       6076
Mem:         30734      24980       5754          0          9       6092
Mem:         30734      25020       5714          0          9       6108
Mem:         30734      25047       5687          0          9       6135
Mem:         30734      25079       5655          0          9       6167
Mem:         30734      25111       5623          0          9       6199
Mem:         30734      25117       5617          0          9       6204
Mem:         30734      25118       5616          0          9       6206
Mem:         30734      25120       5614          0          9       6208
Mem:         30734      25122       5612          0          9       6210
Mem:         30734      25123       5610          0          9       6212
Mem:         30734      25126       5608          0          9       6214
Mem:         30734      25127       5606          0          9       6216
Mem:         30734      25129       5605          0          9       6218
Mem:         30734      25131       5602          0          9       6220
Mem:         30734      25134       5600          0          9       6222
Mem:         30734      25135       5599          0          9       6224
Mem:         30734      25139       5595          0          9       6226
Mem:         30734      25175       5559          0          9       6228
Mem:         30734      25366       5367          0          9       6232
Mem:         30734      25521       5213          0          9       6242
Mem:         30734      25557       5177          0          9       6270
Mem:         30734      25846       4888          0          9       6291
Mem:         30734      26001       4733          0          9       6313
Mem:         30734      26192       4542          0          9       6380
Mem:         30734      26351       4383          0          9       6421
Mem:         30734      26581       4153          0          9       6448
Mem:         30734      26664       4070          0          9       6530
Mem:         30734      26816       3918          0          9       6608
Mem:         30734      26955       3779          0          9       6671
Mem:         30734      26964       3770          0          9       6680
Mem:         30734      27084       3650          0         10       6686
Mem:         30734      27091       3643          0         10       6692
Mem:         30734      27207       3527          0         10       6716
Mem:         30734      27360       3374          0         10       6742
Mem:         30734      27390       3343          0         10       6768
Mem:         30734      27400       3334          0         10       6781
Mem:         30734      27426       3307          0         10       6807
Mem:         30734      27449       3285          0         10       6830
Mem:         30734      27451       3283          0         10       6831
Mem:         30734      27451       3283          0         10       6833
Mem:         30734      27453       3281          0         10       6835
Mem:         30734      27454       3280          0         10       6837
Mem:         30734      27456       3278          0         10       6839
Mem:         30734      27458       3276          0         10       6841
Mem:         30734      27461       3273          0         10       6843
Mem:         30734      27463       3271          0         10       6845
Mem:         30734      27465       3269          0         10       6847
Mem:         30734      27466       3267          0         10       6849
Mem:         30734      27468       3266          0         10       6851
Mem:         30734      27470       3264          0         10       6853
Mem:         30734      27471       3263          0         10       6854
Mem:         30734      27470       3263          0         10       6854
Mem:         30734      27470       3264          0         10       6854
Mem:         30734      27470       3263          0         10       6854
Mem:         30734      27347       3387          0         10       6729
Mem:         30734      27481       3253          0         10       6704
Mem:         30734      27665       3069          0         10       6704
Mem:         30734      27905       2829          0         10       6704
Mem:         30734      28065       2669          0         10       6704
Mem:         30734      28094       2640          0         10       6703
Mem:         30734      28265       2469          0         10       6703
Mem:         30734      28309       2425          0         10       6703
Mem:         30734      28376       2358          0         10       6703
Mem:         30734      28430       2304          0         10       6703
Mem:         30734      28489       2245          0         10       6703
Mem:         30734      28504       2229          0         10       6703
Mem:         30734      28520       2214          0         10       6703
Mem:         30734      28554       2179          0         10       6703
Mem:         30734      28713       2021          0         10       6703
Mem:         30734      28832       1902          0         10       6703
Mem:         30734      28851       1882          0         10       6703
Mem:         30734      28916       1818          0         10       6703
Mem:         30734      28916       1818          0         10       6703
Mem:         30734      28940       1794          0         10       6703
Mem:         30734      28940       1794          0         10       6703
Mem:         30734      28940       1794          0         10       6703
Mem:         30734      28939       1794          0         10       6703
Mem:         30734      28939       1794          0         10       6703
Mem:         30734      28939       1794          0         10       6703
Mem:         30734      28939       1795          0         10       6703
Mem:         30734      28939       1795          0         10       6703
Mem:         30734      28938       1796          0         10       6703
Mem:         30734      28938       1796          0         10       6703
Mem:         30734      28938       1796          0         10       6703
Mem:         30734      28938       1796          0         10       6703
Mem:         30734      28938       1796          0         10       6703
Mem:         30734      28938       1796          0         10       6703
Mem:         30734      28938       1796          0         10       6704
Mem:         30734      28938       1796          0         10       6704
Mem:         30734      28938       1796          0         10       6704
Mem:         30734      28941       1793          0         10       6704
Mem:         30734      29036       1698          0         10       6704
Mem:         30734      29308       1426          0         10       6704
Mem:         30734      29535       1198          0         10       6723
Mem:         30734      29627       1107          0         10       6756
Mem:         30734      29748        985          0         10       6756
Mem:         30734      29868        866          0         10       6754
Mem:         30734      29971        763          0         10       6754
Mem:         30734      30067        667          0         10       6797
Mem:         30734      30301        432          0         10       6871
Mem:         30734      30424        309          0         10       6992
Mem:         30734      30519        215          0         10       7017
Mem:         30734      30592        142          0         10       7040
Mem:         30734      30595        139          0         10       6961
Mem:         30734      30569        165          0         11       6899
Mem:         30734      30594        140          0         11       6844
Mem:         30734      30596        138          0         11       6731
Mem:         30734      30592        142          0         11       6605
Mem:         30734      30591        143          0         12       6508
Mem:         30734      30594        139          0         12       6510
Mem:         30734      30595        138          0         12       6431
Mem:         30734      30516        218          0         12       6373
Mem:         30734      30593        141          0         12       6332
Mem:         30734      30594        140          0         12       6333
Mem:         30734      30594        140          0         12       6333
Mem:         30734      30595        139          0         12       6335
Mem:         30734      30591        143          0         12       6331
Mem:         30734      30593        140          0         12       6333
Mem:         30734      30595        139          0         12       6335
Mem:         30734      30591        143          0         12       6331
Mem:         30734      30593        141          0         12       6333
Mem:         30734      30371        363          0         12       6109
Mem:         30734      30595        139          0         12       6118
Mem:         30734      30592        141          0         12       5885
Mem:         30734      30597        137          0         12       5730
Mem:         30734      30583        151          0         12       5733
Mem:         30734      30593        141          0         12       5710
Mem:         30734      30592        142          0         12       5614
Mem:         30734      30591        143          0         12       5576
Mem:         30734      30591        143          0         12       5495
Mem:         30734      30595        139          0         12       5499
Mem:         30734      30593        141          0         12       5496
Mem:         30734      30560        174          0         12       5464
Mem:         30734      30591        143          0         12       5492
Mem:         30734      30592        142          0         12       5494
Mem:         30734      30592        142          0         12       5497
Mem:         30734      30593        140          0         12       5493
Mem:         30734      30592        142          0         13       5499
Mem:         30734      30592        142          0         13       5499
Mem:         30734      30590        144          0         13       5497
Mem:         30734      30590        144          0         13       5497
Mem:         30734      30595        139          0         13       5497
Mem:         30734      30592        141          0         13       5498
Mem:         30734      30595        139          0         13       5500
Mem:         30734      30594        140          0         13       5500
Mem:         30734      30591        143          0         13       5497
Mem:         30734      30595        139          0         13       5500
Mem:         30734      30590        144          0         13       5497
Mem:         30734      30593        141          0         13       5499
Mem:         30734      30595        139          0         13       5501
Mem:         30734      30590        144          0         13       5497
Mem:         30734      30591        143          0         13       5499
Mem:         30734      30592        142          0         13       5501
Mem:         30734      30594        140          0         13       5503
Mem:         30734      30592        142          0         13       5496
Mem:         30734      30591        143          0         13       5492
Mem:         30734      30594        140          0         13       5429
Mem:         30734      30593        141          0         13       5427
Mem:         30734      30593        141          0         13       5501
Mem:         30734      30595        139          0         13       5503
Mem:         30734      30593        141          0         13       5502
Mem:         30734      30596        138          0         13       5490
Mem:         30734      30591        143          0         13       5503
Mem:         30734      30591        142          0         13       5503
Mem:         30734      30594        140          0         13       5505
Mem:         30734      30595        139          0         13       5508
Mem:         30734      30591        143          0         13       5503
Mem:         30734      30595        138          0         13       5508
Mem:         30734      30595        139          0         13       5507
Mem:         30734      30593        141          0         13       5504
Mem:         30734      30591        143          0         13       5503
Mem:         30734      30593        141          0         13       5501
Mem:         30734      30590        144          0         13       5426
Mem:         30734      30540        194          0         13       5452
Mem:         30734      30568        166          0         13       5480
Mem:         30734      30592        142          0         13       5504
Mem:         30734      30590        144          0         13       5503
Mem:         30734      30591        143          0         13       5505
Mem:         30734      30592        142          0         13       5506
Mem:         30734      30593        141          0         13       5506
Mem:         30734      30593        141          0         13       5507
Mem:         30734      30594        140          0         13       5508
Mem:         30734      30594        140          0         13       5508
Mem:         30734      30593        141          0         13       5508
Mem:         30734      30593        141          0         13       5508
Mem:         30734      30593        141          0         13       5508
Mem:         30734      30593        141          0         13       5508
Mem:         30734      30593        141          0         13       5508
Mem:         30734      30593        141          0         13       5508
Mem:         30734      30593        141          0         13       5508
Mem:         30734      30593        141          0         13       5508
Mem:         30734      30593        141          0         13       5508
Mem:         30734      30592        141          0         13       5508
Mem:         30734      30277        457          0         13       5189
Mem:         30734      30324        410          0         13       5236
Mem:         30734      30406        327          0         13       5319
Mem:         30734      30494        240          0         13       5407
Mem:         30734      30562        171          0         13       5475
Mem:         30734      30595        139          0         13       5508
Mem:         30734      30577        157          0         13       5494
Mem:         30734      30593        141          0         13       5513
Mem:         30734      30502        232          0         13       5423
Mem:         30734      30540        194          0         13       5460
Mem:         30734      30591        142          0         13       5513
Mem:         30734      30576        158          0         13       5496
Mem:         30734      30591        143          0         13       5509
Mem:         30734      30586        147          0         13       5505
Mem:         30734      30593        141          0         13       5511
Mem:         30734      30590        143          0         13       5509
Mem:         30734      30593        141          0         13       5513
Mem:         30734      30589        145          0         13       5510
Mem:         30734      30551        183          0         13       5515
Mem:         30734      30550        184          0         13       5515
Mem:         30734      30550        184          0         13       5515
Mem:         30734      30549        185          0         13       5515
Mem:         30734      30549        185          0         13       5515
Mem:         30734      30549        185          0         13       5515
Mem:         30734      30549        184          0         13       5516
Mem:         30734      30549        185          0         13       5516
Mem:         30734      30549        185          0         13       5516
Mem:         30734      30549        185          0         13       5516
Mem:         30734      30553        181          0         13       5518
Mem:         30734      30553        181          0         13       5519
Mem:         30734      30552        181          0         13       5519
Mem:         30734      30552        181          0         13       5519
Mem:         30734      30552        182          0         13       5519
Mem:         30734      30450        283          0         13       5417
Mem:         30734      30522        211          0         13       5420
Mem:         30734      30509        225          0         13       5428
Mem:         30734      30530        204          0         13       5452
Mem:         30734      30550        184          0         13       5472
Mem:         30734      30576        158          0         13       5499
Mem:         30734      30591        143          0         13       5490
Mem:         30734      30583        151          0         13       5507
Mem:         30734      30591        143          0         13       5514
Mem:         30734      30585        149          0         13       5506
Mem:         30734      30590        144          0         13       5510
Mem:         30734      30581        153          0         13       5501
Mem:         30734      30595        139          0         13       5517
Mem:         30734      30591        143          0         13       5514
Mem:         30734      30592        142          0         13       5516
Mem:         30734      30594        140          0         13       5518
Mem:         30734      30594        140          0         13       5518
Mem:         30734      30594        140          0         13       5518
Mem:         30734      30594        140          0         13       5518
Mem:         30734      30593        141          0         13       5518
Mem:         30734      30594        140          0         13       5518
Mem:         30734      30593        141          0         13       5518
Mem:         30734      30593        141          0         13       5518
Mem:         30734      30593        141          0         13       5518
Mem:         30734      30593        141          0         13       5518
Mem:         30734      30594        140          0         13       5519
Mem:         30734      30593        141          0         13       5519
Mem:         30734      30594        140          0         13       5520
Mem:         30734      30594        140          0         13       5520
Mem:         30734      30594        140          0         13       5520
Mem:         30734      30594        140          0         13       5520
Mem:         30734      30589        145          0         13       5514
Mem:         30734      30592        141          0         13       5509
Mem:         30734      30592        141          0         13       5510
Mem:         30734      30549        185          0         13       5488
Mem:         30734      30576        158          0         13       5514
Mem:         30734      30590        144          0         13       5529
Mem:         30734      30595        139          0         13       5535
Mem:         30734      30561        173          0         13       5499
Mem:         30734      30558        176          0         13       5497
Mem:         30734      30586        147          0         13       5522
Mem:         30734      30591        143          0         13       5529
Mem:         30734      30595        139          0         13       5533
Mem:         30734      30592        142          0         13       5531
Mem:         30734      30595        138          0         13       5534
Mem:         30734      30596        138          0         13       5535
Mem:         30734      30595        139          0         13       5534
Mem:         30734      30595        139          0         13       5534
Mem:         30734      30595        139          0         13       5534
Mem:         30734      30594        139          0         13       5534
Mem:         30734      30595        139          0         13       5534
Mem:         30734      30594        140          0         13       5534
Mem:         30734      30594        140          0         13       5534
Mem:         30734      30594        140          0         13       5534
Mem:         30734      30594        140          0         13       5534
Mem:         30734      30594        140          0         13       5534
Mem:         30734      30594        140          0         13       5534
Mem:         30734      30594        140          0         13       5534
Mem:         30734      30594        140          0         13       5534
Mem:         30734      30593        141          0         13       5534
Mem:         30734      30594        140          0         13       5535
Mem:         30734      30595        139          0         13       5525
Mem:         30734      30594        140          0         13       5457
Mem:         30734      30577        157          0         13       5480
Mem:         30734      30596        138          0         13       5518
Mem:         30734      30591        143          0         13       5514
Mem:         30734      30592        142          0         13       5515
Mem:         30734      30593        141          0         13       5515
Mem:         30734      30594        140          0         13       5516
Mem:         30734      30591        143          0         13       5512
Mem:         30734      30591        143          0         13       5512
Mem:         30734      30590        144          0         13       5514
Mem:         30734      30591        143          0         13       5514
Mem:         30734      30591        143          0         13       5515
Mem:         30734      30591        143          0         13       5514
Mem:         30734      30590        144          0         13       5514
Mem:         30734      30590        144          0         13       5514
Mem:         30734      30590        144          0         13       5515
Mem:         30734      30590        144          0         13       5515
Mem:         30734      30590        144          0         13       5515
Mem:         30734      30590        144          0         13       5515
Mem:         30734      30590        144          0         13       5515
Mem:         30734      30590        144          0         13       5515
Mem:         30734      30590        143          0         13       5515
Mem:         30734      30579        155          0         13       5516
Mem:         30734      30579        155          0         13       5499
Mem:         30734      30593        141          0         13       5512
Mem:         30734      30593        141          0         13       5515
Mem:         30734      30592        142          0         13       5514
Mem:         30734      30549        185          0         13       5470
Mem:         30734      30561        173          0         13       5483
Mem:         30734      30588        146          0         13       5510
Mem:         30734      30593        141          0         13       5512
Mem:         30734      30593        141          0         13       5512
Mem:         30734      30593        141          0         13       5512
Mem:         30734      30590        144          0         13       5512
Mem:         30734      30590        144          0         13       5512
Mem:         30734      30590        144          0         13       5512
Mem:         30734      30590        144          0         13       5512
Mem:         30734      30590        144          0         13       5512
Mem:         30734      30589        144          0         13       5512
Mem:         30734      30589        145          0         13       5512
Mem:         30734      30589        144          0         13       5512
Mem:         30734      30589        145          0         13       5512
Mem:         30734      30589        145          0         13       5512
Mem:         30734      30590        144          0         13       5512
Mem:         30734      30589        145          0         13       5512
Mem:         30734      30589        145          0         13       5512
Mem:         30734      30590        144          0         13       5512
Mem:         30734      30596        138          0         13       5498
Mem:         30734      30591        143          0         13       5512
Mem:         30734      30592        142          0         13       5514
Mem:         30734      30593        141          0         13       5516
Mem:         30734      30592        142          0         13       5513
Mem:         30734      30580        154          0         13       5501
Mem:         30734      30593        141          0         13       5513
Mem:         30734      30584        150          0         13       5500
Mem:         30734      30595        139          0         13       5513
Mem:         30734      30588        146          0         13       5505
Mem:         30734      30594        140          0         13       5515
Mem:         30734      30593        141          0         11       5515
Mem:         30734      30592        142          0         11       5515
Mem:         30734      30592        142          0         11       5515
Mem:         30734      30591        143          0         11       5515
Mem:         30734      30591        143          0         11       5515
Mem:         30734      30591        143          0         11       5515
Mem:         30734      30591        143          0         11       5515
Mem:         30734      30591        143          0         11       5515
Mem:         30734      30591        143          0         11       5515
Mem:         30734      30591        143          0         11       5515
Mem:         30734      30591        143          0         11       5515
Mem:         30734      30590        144          0         11       5515
Mem:         30734      30590        144          0         11       5515
Mem:         30734      30590        144          0         11       5515
Mem:         30734      30590        144          0         11       5515
Mem:         30734      30590        144          0         11       5515
Mem:         30734      30591        143          0         11       5515
Mem:         30734      30591        143          0         11       5515
Mem:         30734      30590        144          0         11       5515
Mem:         30734      30589        145          0         11       5515
Mem:         30734      30590        144          0         11       5515
Mem:         30734      30592        142          0         11       5510
Mem:         30734      30558        176          0         11       5462
Mem:         30734      30591        143          0         11       5497
Mem:         30734      30591        143          0         11       5498
Mem:         30734      30590        144          0         11       5497
Mem:         30734      30573        161          0         11       5459
Mem:         30734      30563        171          0         11       5469
Mem:         30734      30563        170          0         11       5469
Mem:         30734      30557        177          0         11       5456
Mem:         30734      30552        182          0         11       5456
Mem:         30734      30550        184          0         11       5456
Mem:         30734      30550        184          0         11       5456
Mem:         30734      30550        184          0         11       5456
Mem:         30734      30550        184          0         11       5456
Mem:         30734      30549        185          0         11       5456
Mem:         30734      30549        184          0         11       5457
Mem:         30734      30551        183          0         12       5458
Mem:         30734      30550        184          0         12       5458
Mem:         30734      30550        184          0         12       5458
Mem:         30734      30551        183          0         12       5458
Mem:         30734      30550        183          0         12       5458
Mem:         30734      30550        184          0         12       5458
Mem:         30734      30550        184          0         12       5458
Mem:         30734      30551        183          0         12       5458
Mem:         30734      30552        182          0         12       5459
Mem:         30734      30554        180          0         12       5461
Mem:         30734      30548        186          0         12       5466
Mem:         30734      30556        178          0         12       5462
Mem:         30734      30596        138          0         12       5503
Mem:         30734      30596        138          0         12       5506
Mem:         30734      30590        144          0         12       5500
Mem:         30734      30547        187          0         12       5455
Mem:         30734      30546        188          0         12       5455
Mem:         30734      30547        187          0         12       5456
Mem:         30734      30547        187          0         12       5456
Mem:         30734      30552        182          0         12       5458
Mem:         30734      30578        156          0         12       5487
Mem:         30734      30595        139          0         12       5504
Mem:         30734      30592        142          0         12       5502
Mem:         30734      30593        140          0         12       5503
Mem:         30734      30595        139          0         12       5503
Mem:         30734      30590        144          0         13       5498
Mem:         30734      30590        144          0         13       5498
Mem:         30734      30590        144          0         13       5498
Mem:         30734      30589        145          0         13       5498
Mem:         30734      30590        144          0         13       5498
Mem:         30734      30590        144          0         13       5498
Mem:         30734      30589        145          0         13       5498
Mem:         30734      30588        146          0         13       5498
Mem:         30734      30588        146          0         13       5498
Mem:         30734      30588        146          0         13       5498
Mem:         30734      30588        146          0         13       5498
Mem:         30734      30588        146          0         13       5498
Mem:         30734      30588        146          0         13       5498
Mem:         30734      30588        146          0         13       5498
Mem:         30734      30590        144          0         13       5495
Mem:         30734      30572        162          0         13       5478
Mem:         30734      30576        158          0         13       5483
Mem:         30734      30584        150          0         13       5490
Mem:         30734      30592        142          0         13       5499
Mem:         30734      30487        246          0         13       5454
Mem:         30734      30489        245          0         13       5455
Mem:         30734      30494        240          0         13       5461
Mem:         30734      30528        205          0         13       5494
Mem:         30734      30589        144          0         13       5556
Mem:         30734      30591        142          0         13       5557
Mem:         30734      30594        140          0         13       5561
Mem:         30734      30594        140          0         13       5560
Mem:         30734      30594        140          0         13       5560
Mem:         30734      30595        139          0         13       5561
Mem:         30734      30594        140          0         13       5561
Mem:         30734      30595        139          0         13       5561
Mem:         30734      30594        140          0         13       5561
Mem:         30734      30594        139          0         13       5561
Mem:         30734      30594        140          0         13       5561
Mem:         30734      30594        140          0         13       5561
Mem:         30734      30593        141          0         13       5561
Mem:         30734      30593        141          0         13       5561
Mem:         30734      30593        141          0         13       5561
Mem:         30734      30593        141          0         13       5561
Mem:         30734      30595        139          0         13       5563
Mem:         30734      30594        139          0         13       5556
Mem:         30734      30571        163          0         13       5513
Mem:         30734      30591        143          0         13       5534
Mem:         30734      30591        143          0         13       5533
Mem:         30734      30547        187          0         13       5491
Mem:         30734      30567        167          0         13       5510
Mem:         30734      30594        140          0         13       5538
Mem:         30734      30594        140          0         13       5535
Mem:         30734      30593        141          0         13       5528
Mem:         30734      30589        145          0         13       5531
Mem:         30734      30593        141          0         13       5537
Mem:         30734      30590        144          0         13       5534
Mem:         30734      30590        144          0         13       5534
Mem:         30734      30589        144          0         13       5534
Mem:         30734      30590        144          0         13       5534
Mem:         30734      30590        144          0         13       5534
Mem:         30734      30590        143          0         13       5535
Mem:         30734      30591        143          0         13       5535
Mem:         30734      30591        143          0         13       5535
Mem:         30734      30591        143          0         13       5535
Mem:         30734      30591        143          0         13       5535
Mem:         30734      30590        144          0         13       5535
Mem:         30734      30590        144          0         13       5535
Mem:         30734      30590        144          0         13       5535
Mem:         30734      30590        144          0         13       5535
Mem:         30734      30591        143          0         13       5516
Mem:         30734      30576        158          0         13       5519
Mem:         30734      30596        138          0         13       5542
Mem:         30734      30590        144          0         13       5537
Mem:         30734      30593        141          0         13       5541
Mem:         30734      30593        141          0         13       5540
Mem:         30734      30594        140          0         13       5540
Mem:         30734      30590        144          0         13       5537
Mem:         30734      30593        141          0         13       5535
Mem:         30734      30593        141          0         13       5536
Mem:         30734      30591        143          0         13       5535
Mem:         30734      30590        144          0         13       5535
Mem:         30734      30590        144          0         13       5536
Mem:         30734      30589        145          0         13       5536
Mem:         30734      30589        145          0         13       5536
Mem:         30734      30589        145          0         13       5536
Mem:         30734      30588        146          0         13       5536
Mem:         30734      30589        145          0         13       5536
Mem:         30734      30589        145          0         13       5536
Mem:         30734      30589        145          0         13       5536
Mem:         30734      30588        145          0         13       5536
Mem:         30734      30588        146          0         13       5536
Mem:         30734      30588        146          0         13       5537
Mem:         30734      30589        145          0         13       5537
Mem:         30734      30588        146          0         13       5537
Mem:         30734      30589        145          0         13       5537
Mem:         30734      30588        146          0         13       5537
Mem:         30734      30591        143          0         13       5539
Mem:         30734      30593        141          0         13       5541
Mem:         30734      30591        142          0         13       5535
Mem:         30734      30575        159          0         13       5521
Mem:         30734      30593        141          0         13       5539
Mem:         30734      30593        141          0         13       5539
Mem:         30734      30590        144          0         13       5537
Mem:         30734      30568        166          0         13       5514
Mem:         30734      30574        160          0         13       5520
Mem:         30734      30576        158          0         13       5522
Mem:         30734      30582        151          0         13       5524
Mem:         30734      30584        150          0         13       5527
Mem:         30734      30584        150          0         13       5529
Mem:         30734      30587        147          0         13       5531
Mem:         30734      30588        146          0         13       5533
Mem:         30734      30589        145          0         13       5535
Mem:         30734      30591        143          0         13       5537
Mem:         30734      30592        142          0         13       5539
Mem:         30734      30594        140          0         13       5541
Mem:         30734      30595        138          0         13       5543
Mem:         30734      30593        141          0         13       5539
Mem:         30734      30595        139          0         13       5541
Mem:         30734      30595        139          0         13       5543
Mem:         30734      30591        143          0         13       5540
Mem:         30734      30593        141          0         13       5541
Mem:         30734      30595        139          0         13       5543
Mem:         30734      30592        142          0         13       5540
Mem:         30734      30571        163          0         13       5481
Mem:         30734      30585        149          0         13       5516
Mem:         30734      30591        143          0         13       5524
Mem:         30734      30590        144          0         13       5522
Mem:         30734      30591        143          0         13       5524
Mem:         30734      30590        144          0         13       5520
Mem:         30734      30594        140          0         13       5488
Mem:         30734      30588        146          0         13       5504
Mem:         30734      30593        141          0         13       5506
Mem:         30734      30592        142          0         13       5504
Mem:         30734      30592        142          0         13       5507
Mem:         30734      30592        142          0         13       5507
Mem:         30734      30596        138          0         13       5510
Mem:         30734      30592        142          0         13       5506
Mem:         30734      30594        140          0         13       5508
Mem:         30734      30590        144          0         13       5504
Mem:         30734      30592        142          0         13       5506
Mem:         30734      30594        140          0         13       5508
Mem:         30734      30592        142          0         13       5506
Mem:         30734      30593        141          0         13       5508
Mem:         30734      30595        138          0         13       5510
Mem:         30734      30592        142          0         13       5507
Mem:         30734      30593        141          0         13       5509
Mem:         30734      30595        139          0         13       5511
Mem:         30734      30592        142          0         13       5508
Mem:         30734      30596        138          0         13       5512
Mem:         30734      30589        145          0         13       5501
Mem:         30734      30571        163          0         13       5504
Mem:         30734      30573        161          0         13       5506
Mem:         30734      30586        148          0         13       5519
Mem:         30734      30551        182          0         13       5500
Mem:         30734      30561        172          0         13       5511
Mem:         30734      30564        170          0         13       5513
Mem:         30734      30570        164          0         13       5516
Mem:         30734      30578        156          0         13       5526
Mem:         30734      30590        144          0         13       5536
Mem:         30734      30596        138          0         13       5544
Mem:         30734      30590        144          0         13       5538
Mem:         30734      30592        142          0         13       5542
Mem:         30734      30592        142          0         13       5542
Mem:         30734      30591        142          0         13       5542
Mem:         30734      30591        143          0         13       5542
Mem:         30734      30591        143          0         13       5542
Mem:         30734      30591        143          0         13       5542
Mem:         30734      30591        143          0         13       5542
Mem:         30734      30591        143          0         13       5542
Mem:         30734      30591        143          0         13       5542
Mem:         30734      30591        143          0         13       5542
Mem:         30734      30591        143          0         13       5542
Mem:         30734      30591        143          0         13       5542
Mem:         30734      30591        143          0         13       5542
Mem:         30734      30590        144          0         13       5542
Mem:         30734      30591        143          0         13       5542
Mem:         30734      30590        144          0         13       5540
Mem:         30734      30593        141          0         13       5540
Mem:         30734      30556        178          0         13       5485
Mem:         30734      30586        148          0         13       5514
Mem:         30734      30592        141          0         13       5522
Mem:         30734      30558        176          0         13       5485
Mem:         30734      30572        162          0         13       5501
Mem:         30734      30593        141          0         13       5517
Mem:         30734      30594        139          0         13       5523
Mem:         30734      30595        139          0         13       5523
Mem:         30734      30592        142          0         13       5520
Mem:         30734      30575        159          0         13       5505
Mem:         30734      30591        143          0         13       5522
Mem:         30734      30592        142          0         13       5522
Mem:         30734      30593        141          0         13       5522
Mem:         30734      30591        143          0         13       5520
Mem:         30734      30591        143          0         13       5521
Mem:         30734      30591        143          0         13       5521
Mem:         30734      30591        143          0         13       5521
Mem:         30734      30590        144          0         13       5521
Mem:         30734      30590        144          0         13       5521
Mem:         30734      30590        144          0         13       5521
Mem:         30734      30590        144          0         13       5521
Mem:         30734      30590        144          0         13       5521
Mem:         30734      30589        145          0         13       5521
Mem:         30734      30590        144          0         13       5521
Mem:         30734      30589        144          0         13       5521
Mem:         30734      30589        145          0         13       5521
Mem:         30734      30592        142          0         13       5521
Mem:         30734      30596        138          0         13       5504
Mem:         30734      30590        144          0         13       5519
Mem:         30734      30591        143          0         13       5521
Mem:         30734      30595        139          0         13       5525
Mem:         30734      30590        144          0         13       5519
Mem:         30734      30595        139          0         13       5524
Mem:         30734      30591        143          0         13       5520
Mem:         30734      30592        142          0         13       5519
Mem:         30734      30594        140          0         13       5520
Mem:         30734      30594        140          0         13       5524
Mem:         30734      30592        142          0         13       5521
Mem:         30734      30593        141          0         13       5523
Mem:         30734      30590        144          0         13       5521
Mem:         30734      30595        139          0         13       5525
Mem:         30734      30594        140          0         13       5524
Mem:         30734      30594        140          0         13       5524
Mem:         30734      30594        140          0         13       5524
Mem:         30734      30593        141          0         13       5524
Mem:         30734      30593        141          0         13       5524
Mem:         30734      30595        139          0         13       5526
Mem:         30734      30590        144          0         13       5520
Mem:         30734      30593        141          0         13       5523
Mem:         30734      30588        146          0         13       5518
Mem:         30734      30582        152          0         13       5514
Mem:         30734      30593        141          0         13       5524
Mem:         30734      30594        139          0         13       5526
Mem:         30734      30559        175          0         13       5491
Mem:         30734      30591        143          0         13       5522
Mem:         30734      30592        141          0         13       5524
Mem:         30734      30593        141          0         13       5525
Mem:         30734      30593        141          0         13       5520
Mem:         30734      30594        140          0         13       5522
Mem:         30734      30595        139          0         13       5527
Mem:         30734      30592        142          0         13       5524
Mem:         30734      30593        141          0         13       5526
Mem:         30734      30594        139          0         13       5527
Mem:         30734      30595        139          0         13       5527
Mem:         30734      30595        139          0         13       5528
Mem:         30734      30595        139          0         13       5528
Mem:         30734      30595        139          0         13       5528
Mem:         30734      30594        140          0         13       5528
Mem:         30734      30595        138          0         13       5529
Mem:         30734      30595        139          0         13       5529
Mem:         30734      30595        139          0         13       5529
Mem:         30734      30575        159          0         13       5503
Mem:         30734      30567        167          0         13       5498
Mem:         30734      30581        153          0         13       5512
Mem:         30734      30594        140          0         13       5525
Mem:         30734      30578        156          0         13       5509
Mem:         30734      30591        143          0         13       5522
Mem:         30734      30592        142          0         13       5523
Mem:         30734      30592        142          0         13       5519
Mem:         30734      30586        148          0         13       5514
Mem:         30734      30584        150          0         13       5514
Mem:         30734      30585        149          0         13       5515
Mem:         30734      30585        149          0         13       5515
Mem:         30734      30585        149          0         13       5515
Mem:         30734      30584        150          0         13       5516
Mem:         30734      30571        162          0         13       5502
Mem:         30734      30571        163          0         13       5502
Mem:         30734      30574        160          0         13       5504
Mem:         30734      30573        161          0         13       5505
Mem:         30734      30573        161          0         13       5505
Mem:         30734      30573        161          0         13       5505
Mem:         30734      30573        161          0         13       5505
Mem:         30734      30572        162          0         13       5505
Mem:         30734      30578        156          0         13       5506
Mem:         30734      30591        143          0         13       5501
Mem:         30734      30572        162          0         13       5501
Mem:         30734      30572        162          0         13       5502
Mem:         30734      30572        162          0         13       5502
Mem:         30734      30573        161          0         13       5503
Mem:         30734      30549        185          0         13       5478
Mem:         30734      30571        163          0         13       5500
Mem:         30734      30591        143          0         13       5518
Mem:         30734      30593        141          0         13       5521
Mem:         30734      30578        156          0         13       5508
Mem:         30734      30596        138          0         13       5526
Mem:         30734      30595        139          0         13       5526
Mem:         30734      30591        143          0         13       5522
Mem:         30734      30547        187          0         13       5477
Mem:         30734      30546        187          0         13       5477
Mem:         30734      30547        187          0         13       5477
Mem:         30734      30543        191          0         13       5477
Mem:         30734      30544        190          0         13       5477
Mem:         30734      30544        190          0         13       5477
Mem:         30734      30543        191          0         13       5477
Mem:         30734      30543        191          0         13       5477
Mem:         30734      30543        191          0         13       5477
Mem:         30734      30543        191          0         13       5477
Mem:         30734      30543        191          0         13       5477
Mem:         30734      30543        191          0         13       5477
Mem:         30734      30548        186          0         13       5477
Mem:         30734      30569        165          0         13       5478
Mem:         30734      30565        169          0         13       5497
Mem:         30734      30586        148          0         13       5519
Mem:         30734      30594        140          0         13       5526
Mem:         30734      30594        140          0         13       5525
Mem:         30734      30593        141          0         13       5526
Mem:         30734      30567        167          0         13       5498
Mem:         30734      30570        164          0         13       5499
Mem:         30734      30571        163          0         13       5500
Mem:         30734      30571        163          0         13       5501
Mem:         30734      30569        164          0         13       5502
Mem:         30734      30570        164          0         13       5502
Mem:         30734      30570        164          0         13       5502
Mem:         30734      30569        164          0         13       5502
Mem:         30734      30570        164          0         13       5502
Mem:         30734      30571        163          0         13       5504
Mem:         30734      30570        164          0         13       5504
Mem:         30734      30570        164          0         13       5504
Mem:         30734      30570        164          0         13       5504
Mem:         30734      30570        164          0         13       5504
Mem:         30734      30570        164          0         13       5504
Mem:         30734      30569        165          0         13       5504
Mem:         30734      30578        156          0         13       5504
Mem:         30734      30591        143          0         13       5503
Mem:         30734      30594        140          0         13       5510
Mem:         30734      30595        139          0         13       5512
Mem:         30734      30590        144          0         13       5507
Mem:         30734      30576        158          0         13       5492
Mem:         30734      30594        140          0         13       5512
Mem:         30734      30595        139          0         13       5514
Mem:         30734      30591        143          0         13       5505
Mem:         30734      30591        143          0         13       5505
Mem:         30734      30590        144          0         13       5505
Mem:         30734      30589        145          0         13       5505
Mem:         30734      30588        145          0         13       5505
Mem:         30734      30589        145          0         13       5506
Mem:         30734      30588        146          0         13       5506
Mem:         30734      30588        146          0         13       5506
Mem:         30734      30588        146          0         13       5506
Mem:         30734      30587        147          0         13       5506
Mem:         30734      30587        147          0         13       5506
Mem:         30734      30586        147          0         13       5506
Mem:         30734      30586        148          0         13       5506
Mem:         30734      30587        147          0         13       5506
Mem:         30734      30587        147          0         13       5506
Mem:         30734      30591        143          0         13       5510
Mem:         30734      30574        160          0         13       5501
Mem:         30734      30595        139          0         13       5492
Mem:         30734      30592        142          0         13       5364
Mem:         30734      30592        142          0         13       5363
Mem:         30734      30549        185          0         13       5321
Mem:         30734      30591        143          0         13       5364
Mem:         30734      30593        141          0         13       5364
Mem:         30734      30591        143          0         13       5360
Mem:         30734      30588        146          0         13       5355
Mem:         30734      30595        139          0         13       5362
Mem:         30734      30590        144          0         13       5362
Mem:         30734      30591        143          0         13       5364
Mem:         30734      30592        142          0         13       5365
Mem:         30734      30595        139          0         13       5368
Mem:         30734      30590        144          0         13       5363
Mem:         30734      30591        143          0         13       5365
Mem:         30734      30593        140          0         13       5367
Mem:         30734      30595        139          0         13       5369
Mem:         30734      30592        142          0         13       5366
Mem:         30734      30594        140          0         13       5368
Mem:         30734      30596        138          0         13       5370
Mem:         30734      30591        143          0         13       5366
Mem:         30734      30593        141          0         13       5368
Mem:         30734      30590        144          0         13       5364
Mem:         30734      30590        144          0         13       5364
Mem:         30734      30590        144          0         13       5364
Mem:         30734      30591        143          0         13       5365
Mem:         30734      30591        143          0         13       5365
Mem:         30734      30590        144          0         13       5364
Mem:         30734      30594        140          0         13       5369
Mem:         30734      30590        144          0         13       5364
Mem:         30734      30592        142          0         13       5364
Mem:         30734      30589        145          0         13       5363
Mem:         30734      30595        139          0         13       5369
Mem:         30734      30590        144          0         13       5364
Mem:         30734      30592        142          0         13       5366
Mem:         30734      30594        140          0         13       5368
Mem:         30734      30596        138          0         13       5370
Mem:         30734      30591        143          0         13       5365
Mem:         30734      30593        141          0         13       5367
Mem:         30734      30594        140          0         13       5369
Mem:         30734      30595        139          0         13       5370
Mem:         30734      30591        143          0         13       5365
Mem:         30734      30592        141          0         13       5367
Mem:         30734      30594        140          0         13       5369
Mem:         30734      30589        145          0         13       5364
Mem:         30734       7806      22928          0         13       5346
