Mem:         31095       1440      29654          0          4         93
Mem:         31095       1512      29583          0          4        112
Mem:         31095       1523      29571          0          4        119
Mem:         31095       1525      29569          0          4        121
Mem:         31095       1527      29567          0          4        123
Mem:         31095       1529      29565          0          4        125
Mem:         31095       1531      29563          0          4        127
Mem:         31095       1533      29561          0          4        129
Mem:         31095       1535      29559          0          4        131
Mem:         31095       1561      29533          0          4        140
Mem:         31095       1670      29424          0          4        156
Mem:         31095       1926      29168          0          4        172
Mem:         31095       4006      27088          0          5        252
Mem:         31095       7365      23729          0          5        414
Mem:         31095       7751      23344          0          5        566
Mem:         31095       8101      22993          0          5        722
Mem:         31095       8405      22689          0          5        869
Mem:         31095       8565      22530          0          5       1028
Mem:         31095       9040      22054          0          5       1189
Mem:         31095      10213      20881          0          6       1332
Mem:         31095      10609      20485          0          6       1482
Mem:         31095      10855      20240          0          6       1631
Mem:         31095      11163      19931          0          6       1747
Mem:         31095      11369      19725          0          6       1752
Mem:         31095      11413      19681          0          6       1782
Mem:         31095      11524      19570          0          6       1870
Mem:         31095      11724      19370          0          6       2060
Mem:         31095      11916      19178          0          7       2227
Mem:         31095      12098      18996          0          7       2367
Mem:         31095      12207      18887          0          7       2412
Mem:         31095      12277      18817          0          7       2414
Mem:         31095      12321      18773          0          7       2419
Mem:         31095      12325      18770          0          7       2422
Mem:         31095      12327      18767          0          7       2424
Mem:         31095      12328      18766          0          7       2426
Mem:         31095      12330      18764          0          7       2429
Mem:         31095      12333      18761          0          7       2431
Mem:         31095      12336      18759          0          7       2434
Mem:         31095      12337      18757          0          7       2435
Mem:         31095      12339      18755          0          7       2437
Mem:         31095      12341      18753          0          7       2439
Mem:         31095      12477      18617          0          7       2446
Mem:         31095      12622      18473          0          7       2449
Mem:         31095      12832      18262          0          7       2451
Mem:         31095      12888      18207          0          7       2453
Mem:         31095      12954      18140          0          7       2487
Mem:         31095      13196      17898          0          7       2523
Mem:         31095      13328      17767          0          7       2583
Mem:         31095      13497      17597          0          7       2691
Mem:         31095      13861      17233          0          7       2871
Mem:         31095      14100      16994          0          7       3049
Mem:         31095      14267      16827          0          8       3230
Mem:         31095      14487      16607          0          8       3408
Mem:         31095      14666      16428          0          8       3547
Mem:         31095      14824      16270          0          8       3667
Mem:         31095      14849      16245          0          8       3691
Mem:         31095      14850      16245          0          8       3691
Mem:         31095      14850      16245          0          8       3691
Mem:         31095      14849      16245          0          8       3691
Mem:         31095      14849      16245          0          8       3691
Mem:         31095      14853      16242          0          8       3691
Mem:         31095      14852      16242          0          8       3691
Mem:         31095      14852      16242          0          8       3691
Mem:         31095      14852      16242          0          8       3691
Mem:         31095      14852      16242          0          8       3691
Mem:         31095      14852      16242          0          8       3691
Mem:         31095      14852      16242          0          8       3691
Mem:         31095      14852      16242          0          8       3691
Mem:         31095      14857      16237          0          8       3693
Mem:         31095      14915      16179          0          8       3693
Mem:         31095      14954      16140          0          8       3693
Mem:         31095      14977      16117          0          8       3693
Mem:         31095      15119      15975          0          8       3693
Mem:         31095      15126      15968          0          8       3693
Mem:         31095      15307      15787          0          8       3693
Mem:         31095      15311      15783          0          8       3693
Mem:         31095      15473      15621          0          8       3693
Mem:         31095      15590      15504          0          8       3693
Mem:         31095      15735      15359          0          8       3693
Mem:         31095      15818      15276          0          8       3693
Mem:         31095      15888      15206          0          8       3693
Mem:         31095      16063      15031          0          8       3708
Mem:         31095      16174      14920          0          8       3723
Mem:         31095      16240      14854          0          8       3742
Mem:         31095      16348      14747          0          8       3759
Mem:         31095      16438      14656          0          8       3776
Mem:         31095      16494      14600          0          8       3793
Mem:         31095      16618      14476          0          8       3810
Mem:         31095      16677      14418          0          8       3821
Mem:         31095      16677      14417          0          8       3821
Mem:         31095      16740      14354          0          8       3821
Mem:         31095      16741      14353          0          8       3821
Mem:         31095      16781      14313          0          8       3821
Mem:         31095      16783      14312          0          8       3821
Mem:         31095      16783      14311          0          8       3821
Mem:         31095      16783      14311          0          8       3821
Mem:         31095      16782      14312          0          8       3821
Mem:         31095      16782      14312          0          8       3821
Mem:         31095      16780      14314          0          8       3821
Mem:         31095      16842      14252          0          8       3821
Mem:         31095      17048      14046          0          8       3821
Mem:         31095      17045      14049          0          8       3821
Mem:         31095      17064      14030          0          8       3821
Mem:         31095      17090      14004          0          8       3821
Mem:         31095      17186      13909          0          8       3821
Mem:         31095      17294      13801          0          8       3821
Mem:         31095      17344      13751          0          8       3821
Mem:         31095      17381      13713          0          8       3821
Mem:         31095      17401      13693          0          8       3821
Mem:         31095      17381      13713          0          8       3821
Mem:         31095      17398      13696          0          8       3822
Mem:         31095      17451      13643          0          8       3827
Mem:         31095      17517      13577          0          8       3859
Mem:         31095      17586      13508          0          8       3892
Mem:         31095      17799      13295          0          8       3923
Mem:         31095      17890      13204          0          8       3950
Mem:         31095      17891      13203          0          8       3950
Mem:         31095      17893      13201          0          8       3950
Mem:         31095      17894      13200          0          8       3950
Mem:         31095      18035      13060          0          8       3950
Mem:         31095      18086      13008          0          8       3950
Mem:         31095      18177      12917          0          9       3950
Mem:         31095      18407      12687          0          9       3950
Mem:         31095      18572      12522          0          9       3953
Mem:         31095      18638      12456          0          9       3976
Mem:         31095      18913      12181          0          9       4131
Mem:         31095      19213      11881          0          9       4241
Mem:         31095      19226      11868          0          9       4255
Mem:         31095      19238      11856          0          9       4268
Mem:         31095      19333      11761          0          9       4277
Mem:         31095      19428      11666          0          9       4281
Mem:         31095      19404      11691          0          9       4281
Mem:         31095      19573      11521          0          9       4316
Mem:         31095      19675      11419          0          9       4398
Mem:         31095      19877      11217          0          9       4421
Mem:         31095      20060      11034          0          9       4447
Mem:         31095      20089      11005          0          9       4473
Mem:         31095      20179      10915          0          9       4501
Mem:         31095      20186      10908          0          9       4507
Mem:         31095      20186      10908          0          9       4507
Mem:         31095      20186      10909          0          9       4507
Mem:         31095      20185      10909          0          9       4507
Mem:         31095      20185      10909          0          9       4507
Mem:         31095      20186      10909          0          9       4507
Mem:         31095      20185      10909          0          9       4507
Mem:         31095      20185      10909          0          9       4507
Mem:         31095      20170      10924          0          9       4407
Mem:         31095      20281      10813          0          9       4407
Mem:         31095      20382      10712          0          9       4407
Mem:         31095      20403      10691          0          9       4407
Mem:         31095      20662      10432          0          9       4407
Mem:         31095      20780      10314          0          9       4407
Mem:         31095      20804      10290          0          9       4407
Mem:         31095      20950      10144          0          9       4407
Mem:         31095      20955      10139          0          9       4407
Mem:         31095      21123       9971          0          9       4407
Mem:         31095      21126       9969          0          9       4407
Mem:         31095      21139       9955          0          9       4407
Mem:         31095      21189       9906          0          9       4407
Mem:         31095      21228       9866          0          9       4407
Mem:         31095      21308       9786          0          9       4407
Mem:         31095      21309       9786          0          9       4413
Mem:         31095      21344       9750          0          9       4448
Mem:         31095      21428       9667          0          9       4481
Mem:         31095      21462       9632          0          9       4515
Mem:         31095      21481       9614          0          9       4534
Mem:         31095      21480       9614          0          9       4534
Mem:         31095      21480       9614          0          9       4534
Mem:         31095      21480       9614          0          9       4534
Mem:         31095      21479       9615          0          9       4534
Mem:         31095      21479       9615          0          9       4534
Mem:         31095      21479       9615          0          9       4534
Mem:         31095      21479       9615          0          9       4534
Mem:         31095      21479       9615          0          9       4534
Mem:         31095      21479       9615          0          9       4534
Mem:         31095      21479       9615          0          9       4534
Mem:         31095      21479       9615          0          9       4534
Mem:         31095      21480       9615          0          9       4534
Mem:         31095      21498       9596          0          9       4534
Mem:         31095      21521       9573          0          9       4534
Mem:         31095      21546       9548          0          9       4534
Mem:         31095      21738       9356          0          9       4534
Mem:         31095      21770       9324          0          9       4534
Mem:         31095      22070       9024          0          9       4561
Mem:         31095      22245       8849          0         10       4659
Mem:         31095      22343       8752          0         10       4668
Mem:         31095      22594       8500          0         10       4673
Mem:         31095      22716       8378          0         10       4736
Mem:         31095      22926       8168          0         10       4793
Mem:         31095      23039       8055          0         10       4851
Mem:         31095      23158       7936          0         10       4882
Mem:         31095      23478       7617          0         10       4909
Mem:         31095      23493       7601          0         10       4923
Mem:         31095      23536       7559          0         10       4934
Mem:         31095      23597       7497          0         10       4937
Mem:         31095      23627       7467          0         10       4965
Mem:         31095      23627       7467          0         10       4966
Mem:         31095      23627       7467          0         10       4966
Mem:         31095      23627       7467          0         10       4966
Mem:         31095      23626       7468          0         10       4966
Mem:         31095      23629       7465          0         10       4966
Mem:         31095      23625       7469          0         10       4965
Mem:         31095      23626       7469          0         10       4965
Mem:         31095      23625       7469          0         10       4965
Mem:         31095      23625       7469          0         10       4965
Mem:         31095      23624       7470          0         10       4965
Mem:         31095      23624       7470          0         10       4965
Mem:         31095      23624       7470          0         10       4965
Mem:         31095      23624       7470          0         10       4965
Mem:         31095      23625       7470          0         10       4965
Mem:         31095      23625       7470          0         10       4965
Mem:         31095      23624       7470          0         10       4965
Mem:         31095      23624       7470          0         10       4965
Mem:         31095      23624       7471          0         10       4965
Mem:         31095      23624       7470          0         10       4965
Mem:         31095      23623       7471          0         10       4965
Mem:         31095      23275       7819          0         10       4613
Mem:         31095      23488       7606          0         10       4588
Mem:         31095      23566       7528          0         10       4588
Mem:         31095      23671       7423          0         10       4588
Mem:         31095      23808       7287          0         10       4588
Mem:         31095      23997       7097          0         10       4588
Mem:         31095      24089       7006          0         10       4588
Mem:         31095      24171       6923          0         10       4588
Mem:         31095      24181       6913          0         10       4588
Mem:         31095      24204       6890          0         10       4588
Mem:         31095      24264       6830          0         10       4588
Mem:         31095      24332       6762          0         10       4588
Mem:         31095      24366       6728          0         10       4588
Mem:         31095      24419       6675          0         10       4588
Mem:         31095      24544       6550          0         10       4588
Mem:         31095      24571       6523          0         10       4588
Mem:         31095      24643       6451          0         10       4588
Mem:         31095      24691       6403          0         10       4588
Mem:         31095      24647       6447          0         10       4588
Mem:         31095      24658       6436          0         10       4588
Mem:         31095      24840       6254          0         10       4588
Mem:         31095      24769       6325          0         10       4588
Mem:         31095      24769       6325          0         10       4588
Mem:         31095      24769       6325          0         10       4588
Mem:         31095      24768       6326          0         10       4588
Mem:         31095      24768       6326          0         10       4588
Mem:         31095      24768       6326          0         10       4588
Mem:         31095      24770       6324          0         10       4590
Mem:         31095      24770       6324          0         10       4590
Mem:         31095      24770       6324          0         10       4590
Mem:         31095      24770       6324          0         10       4590
Mem:         31095      24770       6324          0         10       4590
Mem:         31095      24769       6325          0         10       4590
Mem:         31095      24770       6325          0         10       4590
Mem:         31095      24769       6325          0         10       4590
Mem:         31095      24770       6325          0         10       4590
Mem:         31095      24824       6270          0         10       4590
Mem:         31095      24967       6127          0         10       4590
Mem:         31095      24997       6097          0         10       4590
Mem:         31095      25098       5996          0         10       4599
Mem:         31095      25249       5845          0         10       4666
Mem:         31095      25396       5698          0         10       4683
Mem:         31095      25543       5551          0         10       4693
Mem:         31095      25714       5380          0         10       4693
Mem:         31095      25976       5118          0         10       4719
Mem:         31095      25987       5107          0         11       4716
Mem:         31095      26153       4941          0         11       4764
Mem:         31095      26209       4885          0         11       4819
Mem:         31095      26285       4809          0         11       4819
Mem:         31095      26455       4640          0         11       4819
Mem:         31095      26550       4544          0         11       4820
Mem:         31095      26694       4400          0         11       4819
Mem:         31095      26805       4290          0         11       4819
Mem:         31095      26805       4290          0         11       4817
Mem:         31095      26805       4290          0         11       4817
Mem:         31095      26804       4290          0         11       4817
Mem:         31095      26785       4309          0         11       4817
Mem:         31095      26910       4184          0         11       4817
Mem:         31095      26910       4184          0         11       4817
Mem:         31095      26909       4185          0         11       4817
Mem:         31095      26943       4151          0         11       4852
Mem:         31095      27091       4003          0         11       4869
Mem:         31095      27091       4003          0         11       4869
Mem:         31095      27091       4003          0         11       4869
Mem:         31095      27091       4003          0         11       4869
Mem:         31095      27091       4003          0         11       4869
Mem:         31095      27091       4003          0         11       4869
Mem:         31095      26638       4456          0         11       4416
Mem:         31095      26721       4373          0         11       4416
Mem:         31095      26855       4239          0         11       4416
Mem:         31095      27043       4051          0         11       4415
Mem:         31095      27182       3912          0         11       4415
Mem:         31095      27349       3746          0         11       4415
Mem:         31095      27370       3724          0         11       4415
Mem:         31095      27373       3721          0         11       4415
Mem:         31095      27389       3705          0         11       4415
Mem:         31095      27408       3687          0         11       4415
Mem:         31095      27547       3547          0         11       4416
Mem:         31095      27669       3425          0         11       4416
Mem:         31095      27686       3408          0         11       4416
Mem:         31095      27779       3315          0         11       4416
Mem:         31095      27828       3266          0         11       4416
Mem:         31095      27867       3227          0         11       4416
Mem:         31095      27906       3188          0         11       4416
Mem:         31095      27907       3188          0         11       4415
Mem:         31095      27906       3188          0         11       4415
Mem:         31095      27907       3187          0         11       4415
Mem:         31095      27906       3188          0         11       4415
Mem:         31095      27905       3189          0         11       4415
Mem:         31095      27905       3189          0         11       4415
Mem:         31095      27906       3189          0         11       4415
Mem:         31095      27905       3189          0         11       4415
Mem:         31095      27905       3189          0         11       4415
Mem:         31095      27905       3189          0         11       4415
Mem:         31095      27905       3190          0         11       4415
Mem:         31095      27905       3190          0         11       4415
Mem:         31095      27904       3190          0         11       4415
Mem:         31095      27904       3190          0         11       4415
Mem:         31095      27905       3190          0         11       4415
Mem:         31095      27905       3189          0         11       4415
Mem:         31095      27904       3190          0         11       4415
Mem:         31095      27985       3109          0         11       4415
Mem:         31095      28092       3002          0         11       4415
Mem:         31095      28212       2882          0         11       4440
Mem:         31095      28377       2717          0         11       4491
Mem:         31095      28457       2637          0         11       4503
Mem:         31095      28603       2491          0         11       4515
Mem:         31095      28679       2415          0         11       4515
Mem:         31095      28762       2332          0         11       4515
Mem:         31095      28910       2184          0         11       4515
Mem:         31095      29048       2046          0         11       4549
Mem:         31095      29166       1928          0         11       4642
Mem:         31095      29385       1709          0         11       4672
Mem:         31095      29381       1713          0         11       4667
Mem:         31095      29382       1713          0         11       4667
Mem:         31095      29233       1861          0         11       4515
Mem:         31095      29256       1838          0         11       4537
Mem:         31095      29283       1811          0         11       4566
Mem:         31095      29282       1812          0         11       4566
Mem:         31095      29298       1796          0         11       4581
Mem:         31095      29332       1762          0         11       4612
Mem:         31095      29359       1736          0         11       4642
Mem:         31095      29359       1735          0         11       4642
Mem:         31095      29359       1735          0         11       4642
Mem:         31095      29358       1736          0         11       4642
Mem:         31095      29358       1736          0         11       4642
Mem:         31095      29358       1736          0         11       4642
Mem:         31095      29357       1737          0         11       4642
Mem:         31095      29357       1738          0         11       4641
Mem:         31095      29356       1738          0         11       4641
Mem:         31095      29358       1736          0         11       4643
Mem:         31095      29360       1734          0         11       4645
Mem:         31095      29362       1732          0         11       4647
Mem:         31095      29364       1730          0         11       4649
Mem:         31095      29366       1728          0         11       4651
Mem:         31095      29368       1726          0         11       4653
Mem:         31095      29370       1724          0         11       4655
Mem:         31095      29373       1721          0         11       4657
Mem:         31095      29374       1720          0         11       4659
Mem:         31095      29025       2069          0         11       4311
Mem:         31095      29030       2065          0         11       4312
Mem:         31095      29032       2062          0         11       4314
Mem:         31095      29034       2061          0         11       4316
Mem:         31095      29036       2058          0         11       4318
Mem:         31095      29038       2056          0         11       4320
Mem:         31095      29042       2052          0         11       4322
Mem:         31095      29044       2050          0         11       4324
Mem:         31095      29043       2051          0         11       4326
Mem:         31095      29049       2046          0         11       4328
Mem:         31095      29049       2046          0         11       4330
Mem:         31095      29050       2044          0         11       4332
Mem:         31095      29052       2042          0         11       4334
Mem:         31095      29055       2039          0         11       4336
Mem:         31095      29057       2037          0         11       4338
Mem:         31095      29058       2036          0         11       4340
Mem:         31095      29061       2033          0         11       4342
Mem:         31095      29062       2032          0         11       4344
Mem:         31095      29048       2046          0         11       4346
Mem:         31095      29049       2045          0         11       4348
Mem:         31095      29051       2043          0         11       4350
Mem:         31095      29053       2041          0         11       4352
Mem:         31095      29054       2040          0         11       4354
Mem:         31095      29056       2038          0         11       4356
Mem:         31095      29059       2036          0         11       4358
Mem:         31095      29060       2034          0         11       4360
Mem:         31095      29062       2032          0         11       4362
Mem:         31095      29065       2029          0         11       4364
Mem:         31095      29066       2028          0         11       4366
Mem:         31095      29068       2026          0         11       4368
Mem:         31095      29070       2024          0         11       4370
Mem:         31095      29072       2022          0         11       4372
Mem:         31095      29074       2020          0         11       4374
Mem:         31095      29076       2018          0         11       4376
Mem:         31095      29078       2016          0         11       4378
Mem:         31095      29094       2000          0         11       4381
Mem:         31095      29096       1998          0         11       4382
Mem:         31095      29099       1995          0         11       4384
Mem:         31095      29094       2000          0         11       4386
Mem:         31095      29097       1997          0         11       4389
Mem:         31095      29099       1995          0         11       4391
Mem:         31095      29101       1994          0         11       4393
Mem:         31095      29102       1992          0         11       4395
Mem:         31095      29107       1987          0         11       4397
Mem:         31095      29122       1972          0         11       4399
Mem:         31095      29124       1970          0         11       4401
Mem:         31095      29126       1968          0         11       4403
Mem:         31095      29128       1966          0         11       4405
Mem:         31095      29129       1965          0         11       4407
Mem:         31095      29131       1963          0         11       4409
Mem:         31095      29133       1961          0         11       4411
Mem:         31095      29135       1959          0         12       4413
Mem:         31095      29137       1957          0         12       4415
Mem:         31095      29139       1955          0         12       4417
Mem:         31095      29140       1954          0         12       4419
Mem:         31095      29140       1954          0         12       4419
Mem:         31095      29140       1954          0         12       4419
Mem:         31095      29140       1954          0         12       4419
Mem:         31095      29140       1954          0         12       4419
Mem:         31095      29140       1954          0         12       4419
Mem:         31095      29140       1954          0         12       4419
Mem:         31095      29140       1954          0         12       4419
Mem:         31095      29140       1954          0         12       4419
Mem:         31095      29140       1954          0         12       4419
Mem:         31095      29140       1954          0         12       4419
Mem:         31095      29140       1954          0         12       4419
Mem:         31095      29141       1953          0         12       4419
Mem:         31095      29150       1944          0         12       4420
Mem:         31095      29148       1946          0         12       4420
Mem:         31095      29144       1950          0         12       4420
Mem:         31095      29147       1947          0         12       4420
Mem:         31095      29144       1950          0         12       4421
Mem:         31095      29145       1950          0         12       4421
Mem:         31095      29145       1950          0         12       4421
Mem:         31095      29150       1944          0         12       4421
Mem:         31095      29146       1948          0         12       4421
Mem:         31095      29146       1949          0         12       4421
Mem:         31095      29145       1949          0         12       4421
Mem:         31095      29145       1949          0         12       4421
Mem:         31095      29145       1949          0         12       4421
Mem:         31095      29145       1949          0         12       4421
Mem:         31095      29144       1950          0         12       4421
Mem:         31095      29144       1950          0         12       4421
Mem:         31095      29144       1950          0         12       4421
Mem:         31095      29144       1950          0         12       4421
Mem:         31095      29143       1951          0         12       4421
Mem:         31095      29143       1951          0         12       4421
Mem:         31095      29143       1951          0         12       4421
Mem:         31095      29143       1951          0         12       4421
Mem:         31095      29143       1951          0         12       4421
Mem:         31095      29143       1951          0         12       4421
Mem:         31095      29143       1951          0         12       4421
Mem:         31095      29143       1951          0         12       4421
Mem:         31095      29143       1951          0         12       4421
Mem:         31095      29143       1951          0         12       4421
Mem:         31095      29144       1951          0         12       4421
Mem:         31095      29149       1945          0         12       4422
Mem:         31095      29150       1944          0         12       4422
Mem:         31095      29147       1948          0         12       4422
Mem:         31095      29147       1947          0         12       4423
Mem:         31095      29148       1946          0         12       4423
Mem:         31095      29146       1948          0         12       4423
Mem:         31095      29147       1948          0         12       4423
Mem:         31095      29150       1944          0         12       4423
Mem:         31095      29150       1944          0         12       4423
Mem:         31095      29147       1947          0         12       4423
Mem:         31095      29146       1948          0         12       4423
Mem:         31095      29147       1947          0         12       4423
Mem:         31095      29150       1944          0         12       4423
Mem:         31095      29149       1945          0         12       4423
Mem:         31095      29149       1945          0         12       4423
Mem:         31095      29148       1946          0         12       4423
Mem:         31095      29148       1946          0         12       4423
Mem:         31095      29148       1946          0         12       4423
Mem:         31095      29148       1946          0         12       4423
Mem:         31095      29148       1946          0         12       4423
Mem:         31095      29147       1947          0         12       4423
Mem:         31095      29147       1947          0         12       4423
Mem:         31095      29148       1946          0         12       4423
Mem:         31095      29153       1941          0         12       4424
Mem:         31095      29153       1942          0         12       4424
Mem:         31095      29151       1943          0         12       4424
Mem:         31095      29155       1939          0         12       4425
Mem:         31095      29152       1942          0         12       4425
Mem:         31095      29149       1945          0         12       4425
Mem:         31095      29149       1945          0         12       4425
Mem:         31095      29153       1941          0         12       4425
Mem:         31095      29152       1942          0         12       4425
Mem:         31095      29149       1945          0         12       4425
Mem:         31095      29149       1945          0         12       4425
Mem:         31095      29149       1946          0         12       4425
Mem:         31095      29148       1946          0         12       4425
Mem:         31095      29148       1946          0         12       4425
Mem:         31095      29148       1946          0         12       4425
Mem:         31095      29148       1946          0         12       4425
Mem:         31095      29148       1946          0         12       4425
Mem:         31095      29147       1947          0         12       4425
Mem:         31095      29147       1948          0         12       4425
Mem:         31095      29147       1947          0         12       4425
Mem:         31095      29147       1947          0         12       4425
Mem:         31095      29147       1947          0         12       4425
Mem:         31095      29147       1947          0         12       4425
Mem:         31095      29147       1947          0         12       4425
Mem:         31095      29155       1939          0         12       4426
Mem:         31095      29156       1938          0         12       4426
Mem:         31095      29153       1941          0         12       4426
Mem:         31095      29173       1921          0         12       4426
Mem:         31095      29158       1936          0         12       4426
Mem:         31095      29152       1942          0         12       4427
Mem:         31095      29151       1943          0         12       4427
Mem:         31095      29151       1943          0         12       4427
Mem:         31095      29155       1940          0         12       4427
Mem:         31095      29138       1956          0         12       4427
Mem:         31095      29136       1959          0         12       4427
Mem:         31095      29135       1960          0         12       4427
Mem:         31095      29135       1959          0         12       4427
Mem:         31095      29135       1960          0         12       4427
Mem:         31095      29135       1959          0         12       4427
Mem:         31095      29134       1960          0         12       4427
Mem:         31095      29134       1960          0         12       4427
Mem:         31095      29134       1960          0         12       4427
Mem:         31095      29134       1960          0         12       4427
Mem:         31095      29133       1961          0         12       4427
Mem:         31095      29133       1961          0         12       4427
Mem:         31095      29133       1961          0         12       4427
Mem:         31095      29133       1962          0         12       4427
Mem:         31095      29133       1961          0         12       4427
Mem:         31095      29133       1961          0         12       4427
Mem:         31095      29133       1961          0         12       4427
Mem:         31095      29133       1961          0         12       4427
Mem:         31095      29133       1961          0         12       4427
Mem:         31095      29133       1961          0         12       4427
Mem:         31095      29132       1962          0         12       4427
Mem:         31095      29133       1961          0         12       4427
Mem:         31095      29133       1961          0         12       4427
Mem:         31095      29133       1961          0         12       4427
Mem:         31095      29138       1956          0         12       4428
Mem:         31095      29139       1956          0         12       4428
Mem:         31095      29138       1956          0         12       4428
Mem:         31095      29140       1955          0         12       4428
Mem:         31095      29136       1958          0         12       4428
Mem:         31095      29137       1958          0         12       4429
Mem:         31095      29137       1957          0         12       4429
Mem:         31095      29139       1955          0         12       4428
Mem:         31095      29139       1955          0         12       4428
Mem:         31095      29137       1957          0         12       4428
Mem:         31095      29136       1958          0         12       4428
Mem:         31095      29134       1960          0         12       4428
Mem:         31095      29134       1960          0         12       4428
Mem:         31095      29134       1960          0         12       4428
Mem:         31095      29133       1961          0         12       4428
Mem:         31095      29133       1961          0         12       4428
Mem:         31095      29132       1962          0         12       4428
Mem:         31095      29132       1962          0         12       4428
Mem:         31095      29132       1962          0         12       4428
Mem:         31095      29133       1962          0         12       4428
Mem:         31095      29132       1962          0         12       4428
Mem:         31095      29132       1962          0         12       4428
Mem:         31095      29132       1962          0         12       4428
Mem:         31095      29132       1962          0         12       4428
Mem:         31095      29132       1962          0         12       4428
Mem:         31095      29132       1962          0         12       4428
Mem:         31095      29139       1956          0         12       4429
Mem:         31095      29139       1955          0         12       4429
Mem:         31095      29137       1958          0         12       4429
Mem:         31095      29137       1957          0         12       4429
Mem:         31095      29139       1955          0         12       4429
Mem:         31095      29137       1958          0         12       4430
Mem:         31095      29136       1958          0         12       4430
Mem:         31095      29141       1953          0         12       4430
Mem:         31095      29204       1890          0         12       4430
Mem:         31095      29137       1957          0         12       4430
Mem:         31095      29137       1957          0         12       4430
Mem:         31095      29136       1958          0         12       4430
Mem:         31095      29136       1958          0         12       4430
Mem:         31095      29136       1958          0         12       4430
Mem:         31095      29136       1958          0         12       4430
Mem:         31095      29152       1942          0         12       4430
Mem:         31095      29152       1943          0         12       4430
Mem:         31095      29152       1942          0         12       4430
Mem:         31095      29151       1943          0         12       4430
Mem:         31095      29151       1943          0         12       4430
Mem:         31095      29151       1943          0         12       4430
Mem:         31095      29151       1943          0         12       4430
Mem:         31095      29151       1943          0         12       4430
Mem:         31095      29151       1944          0         12       4430
Mem:         31095      29151       1943          0         12       4430
Mem:         31095      29151       1944          0         12       4430
Mem:         31095      29151       1944          0         12       4430
Mem:         31095      29150       1944          0         12       4430
Mem:         31095      29150       1944          0         12       4430
Mem:         31095      29158       1936          0         12       4431
Mem:         31095      29158       1936          0         12       4431
Mem:         31095      29142       1952          0         12       4431
Mem:         31095      29162       1932          0         12       4431
Mem:         31095      29142       1953          0         12       4431
Mem:         31095      29142       1952          0         12       4431
Mem:         31095      29142       1952          0         12       4431
Mem:         31095      29138       1956          0         12       4431
Mem:         31095      29146       1948          0         12       4432
Mem:         31095      29142       1952          0         12       4432
Mem:         31095      29143       1951          0         12       4432
Mem:         31095      29159       1935          0         12       4432
Mem:         31095      29155       1940          0         12       4432
Mem:         31095      29155       1939          0         12       4432
Mem:         31095      29154       1940          0         12       4432
Mem:         31095      29154       1940          0         12       4432
Mem:         31095      29154       1940          0         12       4432
Mem:         31095      29154       1940          0         12       4432
Mem:         31095      29154       1940          0         12       4432
Mem:         31095      29153       1941          0         12       4432
Mem:         31095      29153       1941          0         12       4432
Mem:         31095      29153       1941          0         12       4432
Mem:         31095      29153       1942          0         12       4432
Mem:         31095      29152       1942          0         12       4432
Mem:         31095      29152       1942          0         12       4432
Mem:         31095      29152       1942          0         12       4432
Mem:         31095      29158       1936          0         12       4433
Mem:         31095      29158       1936          0         12       4433
Mem:         31095      29159       1935          0         12       4433
Mem:         31095      29156       1938          0         12       4433
Mem:         31095      29156       1938          0         12       4433
Mem:         31095      29156       1938          0         12       4433
Mem:         31095      29156       1938          0         12       4433
Mem:         31095      29158       1936          0         12       4434
Mem:         31095      29162       1932          0         12       4434
Mem:         31095      29141       1954          0         12       4434
Mem:         31095      29138       1956          0         12       4434
Mem:         31095      29137       1957          0         12       4434
Mem:         31095      29137       1957          0         12       4434
Mem:         31095      29137       1957          0         12       4434
Mem:         31095      29136       1958          0         12       4434
Mem:         31095      29136       1958          0         12       4434
Mem:         31095      29136       1958          0         12       4434
Mem:         31095      29136       1958          0         12       4434
Mem:         31095      29136       1958          0         12       4434
Mem:         31095      29136       1958          0         12       4434
Mem:         31095      29136       1958          0         12       4434
Mem:         31095      29136       1958          0         12       4434
Mem:         31095      29136       1958          0         12       4434
Mem:         31095      29136       1958          0         12       4434
Mem:         31095      29136       1958          0         12       4434
Mem:         31095      29145       1949          0         12       4435
Mem:         31095      29143       1951          0         12       4435
Mem:         31095      29142       1952          0         12       4435
Mem:         31095      29143       1952          0         12       4435
Mem:         31095      29140       1954          0         12       4435
Mem:         31095      29140       1954          0         12       4435
Mem:         31095      29142       1952          0         12       4435
Mem:         31095      29143       1952          0         12       4435
Mem:         31095      29140       1954          0         12       4436
Mem:         31095      29156       1938          0         12       4436
Mem:         31095      29156       1938          0         12       4436
Mem:         31095      29156       1938          0         12       4436
Mem:         31095      29156       1938          0         12       4436
Mem:         31095      29156       1938          0         12       4436
Mem:         31095      29156       1938          0         12       4436
Mem:         31095      29156       1938          0         12       4436
Mem:         31095      29156       1938          0         12       4436
Mem:         31095      29156       1938          0         12       4436
Mem:         31095      29156       1938          0         12       4436
Mem:         31095      29155       1939          0         12       4436
Mem:         31095      29156       1938          0         12       4436
Mem:         31095      29155       1939          0         12       4436
Mem:         31095      29155       1940          0         12       4436
Mem:         31095      29155       1939          0         12       4436
Mem:         31095      29155       1939          0         12       4436
Mem:         31095      29155       1939          0         12       4436
Mem:         31095      29155       1939          0         12       4436
Mem:         31095      29155       1940          0         12       4436
Mem:         31095      29155       1939          0         12       4436
Mem:         31095      29156       1939          0         12       4436
Mem:         31095      29160       1934          0         12       4436
Mem:         31095      29160       1934          0         12       4436
Mem:         31095      29159       1935          0         12       4435
Mem:         31095      29161       1933          0         12       4436
Mem:         31095      29157       1937          0         12       4436
Mem:         31095      29157       1937          0         12       4436
Mem:         31095      29157       1938          0         12       4436
Mem:         31095      29159       1935          0         12       4436
Mem:         31095      29158       1937          0         12       4437
Mem:         31095      29157       1937          0         12       4437
Mem:         31095      29157       1937          0         12       4437
Mem:         31095      29157       1937          0         12       4437
Mem:         31095      29157       1937          0         12       4437
Mem:         31095      29156       1938          0         12       4437
Mem:         31095      29157       1937          0         12       4437
Mem:         31095      29156       1938          0         12       4437
Mem:         31095      29157       1937          0         12       4437
Mem:         31095      29156       1938          0         12       4437
Mem:         31095      29156       1938          0         12       4437
Mem:         31095      29156       1938          0         12       4437
Mem:         31095      29156       1938          0         12       4437
Mem:         31095      29156       1938          0         12       4437
Mem:         31095      29156       1938          0         12       4437
Mem:         31095      29156       1938          0         12       4437
Mem:         31095      29166       1928          0         12       4437
Mem:         31095      29153       1941          0         12       4437
Mem:         31095      29151       1943          0         12       4437
Mem:         31095      29143       1951          0         12       4437
Mem:         31095      29144       1951          0         12       4438
Mem:         31095      29142       1952          0         12       4438
Mem:         31095      29142       1952          0         12       4438
Mem:         31095      29146       1948          0         12       4438
Mem:         31095      29146       1948          0         12       4438
Mem:         31095      29143       1952          0         12       4438
Mem:         31095      29178       1916          0         12       4438
Mem:         31095      29158       1936          0         12       4438
Mem:         31095      29158       1936          0         12       4438
Mem:         31095      29158       1936          0         12       4438
Mem:         31095      29158       1936          0         12       4438
Mem:         31095      29157       1937          0         12       4438
Mem:         31095      29157       1937          0         12       4438
Mem:         31095      29157       1937          0         12       4438
Mem:         31095      29157       1937          0         12       4438
Mem:         31095      29156       1938          0         12       4438
Mem:         31095      29156       1938          0         12       4438
Mem:         31095      29156       1938          0         12       4438
Mem:         31095      29156       1938          0         12       4438
Mem:         31095      29156       1938          0         12       4438
Mem:         31095      29156       1938          0         12       4438
Mem:         31095      29156       1938          0         12       4438
Mem:         31095      29161       1933          0         12       4439
Mem:         31095      29162       1932          0         12       4439
Mem:         31095      29162       1932          0         12       4439
Mem:         31095      29163       1931          0         12       4439
Mem:         31095      29160       1934          0         12       4440
Mem:         31095      29160       1934          0         12       4440
Mem:         31095      29160       1934          0         12       4440
Mem:         31095      29160       1935          0         12       4440
Mem:         31095      29161       1933          0         12       4440
Mem:         31095      29160       1934          0         12       4440
Mem:         31095      29159       1935          0         12       4440
Mem:         31095      29160       1934          0         12       4440
Mem:         31095      29160       1935          0         12       4440
Mem:         31095      29159       1935          0         12       4440
Mem:         31095      29159       1936          0         12       4440
Mem:         31095      29159       1935          0         12       4440
Mem:         31095      29159       1935          0         12       4440
Mem:         31095      29159       1935          0         12       4440
Mem:         31095      29159       1935          0         12       4440
Mem:         31095      29159       1935          0         12       4440
Mem:         31095      29158       1936          0         12       4440
Mem:         31095      29158       1936          0         12       4440
Mem:         31095      29158       1936          0         12       4440
Mem:         31095      29159       1935          0         12       4440
Mem:         31095      29158       1936          0         12       4440
Mem:         31095      29158       1936          0         12       4440
Mem:         31095      29158       1937          0         12       4440
Mem:         31095      29158       1936          0         12       4440
Mem:         31095      29166       1928          0         12       4441
Mem:         31095      29168       1926          0         12       4441
Mem:         31095      29153       1941          0         12       4441
Mem:         31095      29174       1920          0         12       4441
Mem:         31095      29151       1943          0         12       4442
Mem:         31095      29153       1942          0         12       4442
Mem:         31095      29146       1948          0         12       4442
Mem:         31095      29145       1949          0         12       4442
Mem:         31095      29145       1949          0         12       4442
Mem:         31095      29146       1948          0         12       4442
Mem:         31095      29145       1949          0         12       4442
Mem:         31095      29145       1949          0         12       4442
Mem:         31095      29145       1949          0         12       4442
Mem:         31095      29145       1949          0         12       4443
Mem:         31095      29144       1950          0         12       4443
Mem:         31095      29145       1949          0         12       4443
Mem:         31095      29145       1949          0         12       4443
Mem:         31095      29145       1949          0         12       4443
Mem:         31095      29144       1950          0         12       4443
Mem:         31095      29144       1950          0         12       4443
Mem:         31095      29144       1950          0         12       4443
Mem:         31095      29144       1950          0         12       4443
Mem:         31095      29144       1950          0         12       4443
Mem:         31095      29144       1950          0         12       4443
Mem:         31095      29144       1950          0         12       4443
Mem:         31095      29144       1951          0         12       4443
Mem:         31095      29143       1951          0         12       4443
Mem:         31095      29143       1951          0         12       4443
Mem:         31095      29148       1946          0         12       4442
Mem:         31095      29147       1947          0         12       4442
Mem:         31095      29149       1945          0         12       4442
Mem:         31095      29144       1950          0         12       4442
Mem:         31095      29145       1949          0         12       4443
Mem:         31095      29144       1950          0         12       4443
Mem:         31095      29144       1950          0         12       4443
Mem:         31095      29148       1946          0         12       4443
Mem:         31095      29149       1946          0         12       4443
Mem:         31095      29147       1947          0         12       4443
Mem:         31095      29144       1950          0         12       4443
Mem:         31095      29144       1950          0         12       4443
Mem:         31095      29144       1950          0         12       4443
Mem:         31095      29144       1950          0         12       4443
Mem:         31095      29144       1951          0         12       4443
Mem:         31095      29144       1951          0         12       4443
Mem:         31095      29144       1951          0         12       4443
Mem:         31095      29143       1951          0         12       4443
Mem:         31095      29143       1951          0         12       4443
Mem:         31095      29143       1951          0         12       4443
Mem:         31095      29143       1951          0         12       4443
Mem:         31095      29143       1951          0         12       4443
Mem:         31095      29151       1943          0         12       4444
Mem:         31095      29153       1941          0         12       4444
Mem:         31095      29152       1942          0         12       4444
Mem:         31095      29149       1945          0         12       4444
Mem:         31095      29151       1943          0         12       4445
Mem:         31095      29147       1947          0         12       4445
Mem:         31095      29148       1947          0         12       4445
Mem:         31095      29151       1943          0         12       4445
Mem:         31095      29150       1944          0         12       4445
Mem:         31095      29167       1927          0         12       4445
Mem:         31095      29164       1930          0         12       4445
Mem:         31095      29164       1930          0         12       4445
Mem:         31095      29163       1931          0         12       4445
Mem:         31095      29163       1931          0         12       4445
Mem:         31095      29162       1932          0         12       4445
Mem:         31095      29162       1932          0         12       4445
Mem:         31095      29162       1932          0         12       4445
Mem:         31095      29162       1932          0         12       4445
Mem:         31095      29162       1932          0         12       4445
Mem:         31095      29161       1933          0         12       4445
Mem:         31095      29162       1932          0         12       4445
Mem:         31095      29161       1933          0         12       4445
Mem:         31095      29161       1933          0         12       4445
Mem:         31095      29173       1921          0         12       4446
Mem:         31095      29172       1922          0         12       4446
Mem:         31095      29171       1924          0         12       4446
Mem:         31095      29152       1942          0         12       4446
Mem:         31095      29152       1942          0         12       4447
Mem:         31095      29149       1945          0         12       4447
Mem:         31095      29149       1945          0         12       4447
Mem:         31095      29151       1943          0         12       4447
Mem:         31095      29151       1943          0         12       4447
Mem:         31095      29147       1947          0         12       4447
Mem:         31095      29148       1947          0         12       4447
Mem:         31095      29147       1947          0         12       4447
Mem:         31095      29147       1947          0         12       4447
Mem:         31095      29147       1947          0         12       4447
Mem:         31095      29147       1947          0         12       4447
Mem:         31095      29163       1931          0         12       4447
Mem:         31095      29163       1931          0         12       4447
Mem:         31095      29163       1932          0         12       4447
Mem:         31095      29162       1932          0         12       4447
Mem:         31095      29162       1932          0         12       4447
Mem:         31095      29162       1933          0         12       4447
Mem:         31095      29161       1933          0         12       4447
Mem:         31095      29169       1925          0         12       4448
Mem:         31095      29167       1927          0         12       4448
Mem:         31095      29166       1928          0         12       4448
Mem:         31095      29168       1926          0         12       4448
Mem:         31095      29165       1930          0         12       4449
Mem:         31095      29165       1930          0         12       4449
Mem:         31095      29165       1929          0         12       4449
Mem:         31095      29170       1925          0         12       4449
Mem:         31095      29166       1928          0         12       4449
Mem:         31095      29166       1928          0         12       4449
Mem:         31095      29149       1945          0         12       4449
Mem:         31095      29149       1946          0         12       4449
Mem:         31095      29149       1945          0         12       4449
Mem:         31095      29148       1946          0         12       4449
Mem:         31095      29148       1946          0         12       4449
Mem:         31095      29147       1947          0         12       4449
Mem:         31095      29147       1947          0         12       4449
Mem:         31095      29147       1947          0         12       4449
Mem:         31095      29147       1947          0         12       4449
Mem:         31095      29147       1947          0         12       4449
Mem:         31095      29147       1947          0         12       4449
Mem:         31095      29147       1947          0         12       4449
Mem:         31095      29147       1947          0         12       4449
Mem:         31095      29147       1947          0         12       4449
Mem:         31095      29147       1947          0         12       4449
Mem:         31095      29147       1947          0         12       4449
Mem:         31095      29147       1947          0         12       4449
Mem:         31095      29175       1919          0         12       4449
Mem:         31095      29178       1916          0         12       4449
Mem:         31095      29175       1920          0         12       4449
Mem:         31095      29170       1924          0         12       4449
Mem:         31095      29170       1925          0         12       4449
Mem:         31095      29189       1905          0         12       4449
Mem:         31095      29171       1924          0         12       4449
Mem:         31095      29171       1923          0         12       4449
Mem:         31095      29170       1924          0         12       4449
Mem:         31095      29150       1944          0         12       4449
Mem:         31095      29149       1945          0         12       4449
Mem:         31095      29149       1945          0         12       4449
Mem:         31095      29149       1945          0         12       4449
Mem:         31095      29149       1945          0         12       4449
Mem:         31095      29149       1945          0         12       4449
Mem:         31095      29149       1945          0         12       4449
Mem:         31095      29149       1945          0         12       4449
Mem:         31095      29149       1946          0         12       4449
Mem:         31095      29148       1946          0         12       4449
Mem:         31095      29148       1946          0         12       4449
Mem:         31095      29148       1947          0         12       4449
Mem:         31095      29148       1946          0         12       4449
Mem:         31095      29148       1946          0         12       4449
Mem:         31095      29159       1935          0         12       4450
Mem:         31095      29176       1918          0         12       4450
Mem:         31095      29191       1904          0         12       4450
Mem:         31095      29170       1924          0         12       4451
Mem:         31095      29167       1927          0         12       4451
Mem:         31095      29167       1928          0         12       4451
Mem:         31095      29166       1928          0         12       4451
Mem:         31095      29172       1922          0         12       4451
Mem:         31095      29171       1924          0         12       4451
Mem:         31095      29166       1928          0         12       4451
Mem:         31095      29170       1925          0         12       4451
Mem:         31095      29150       1944          0         12       4451
Mem:         31095      29150       1944          0         12       4451
Mem:         31095      29149       1945          0         12       4451
Mem:         31095      29149       1945          0         12       4451
Mem:         31095      29149       1946          0         12       4451
Mem:         31095      29149       1946          0         12       4451
Mem:         31095      29148       1946          0         12       4451
Mem:         31095      29149       1946          0         12       4451
Mem:         31095      29148       1946          0         12       4451
Mem:         31095      29148       1946          0         12       4451
Mem:         31095      29148       1947          0         12       4451
Mem:         31095      29148       1946          0         12       4451
Mem:         31095      29156       1938          0         12       4452
Mem:         31095      29155       1940          0         12       4452
Mem:         31095      29154       1940          0         12       4452
Mem:         31095      29151       1943          0         12       4452
Mem:         31095      29154       1940          0         12       4453
Mem:         31095      29151       1943          0         12       4453
Mem:         31095      29151       1943          0         12       4453
Mem:         31095      29154       1940          0         12       4453
Mem:         31095      29151       1943          0         12       4453
Mem:         31095      29187       1907          0         12       4453
Mem:         31095      29168       1926          0         12       4453
Mem:         31095      29168       1926          0         12       4453
Mem:         31095      29167       1927          0         12       4453
Mem:         31095      29167       1927          0         12       4453
Mem:         31095      29167       1927          0         12       4453
Mem:         31095      29167       1927          0         12       4453
Mem:         31095      29167       1927          0         12       4453
Mem:         31095      29167       1927          0         12       4453
Mem:         31095      29166       1928          0         12       4453
Mem:         31095      29166       1928          0         12       4453
Mem:         31095      29167       1928          0         12       4453
Mem:         31095      29167       1927          0         12       4453
Mem:         31095      29166       1928          0         12       4453
Mem:         31095      29167       1928          0         12       4453
Mem:         31095      29167       1927          0         12       4453
Mem:         31095      29167       1927          0         12       4453
Mem:         31095      29167       1927          0         12       4453
Mem:         31095      29167       1927          0         12       4453
Mem:         31095      29167       1927          0         12       4453
Mem:         31095      29167       1927          0         12       4453
Mem:         31095      29167       1927          0         12       4453
Mem:         31095      29165       1929          0         12       4453
Mem:         31095      29165       1929          0         12       4453
Mem:         31095      29165       1929          0         12       4453
Mem:         31095      29165       1929          0         12       4453
Mem:         31095      29165       1929          0         12       4453
Mem:         31095      29164       1930          0         12       4453
Mem:         31095      29165       1930          0         12       4453
Mem:         31095      29164       1930          0         12       4453
Mem:         31095      29164       1930          0         12       4453
Mem:         31095      29164       1930          0         12       4453
Mem:         31095      29164       1930          0         12       4453
Mem:         31095      29164       1930          0         12       4453
Mem:         31095      29164       1930          0         12       4453
Mem:         31095      29164       1930          0         12       4453
Mem:         31095      29164       1930          0         12       4453
Mem:         31095      28303       2792          0         12       4425
