Mem:         32104       1518      30586          0          2         94
Mem:         32104       1585      30519          0          2        110
Mem:         32104       1657      30447          0          2        128
Mem:         32104       1810      30294          0          2        143
Mem:         32104       2072      30032          0          3        172
Mem:         32104       5710      26394          0          3        279
Mem:         32104       7408      24696          0          3        403
Mem:         32104       7859      24244          0          3        538
Mem:         32104       8219      23885          0          3        680
Mem:         32104       8386      23718          0          3        823
Mem:         32104       8677      23427          0          3        959
Mem:         32104       9174      22930          0          4       1095
Mem:         32104      10289      21815          0          4       1240
Mem:         32104      10435      21669          0          4       1375
Mem:         32104      10776      21328          0          4       1509
Mem:         32104      10983      21121          0          4       1628
Mem:         32104      11288      20816          0          4       1721
Mem:         32104      11472      20632          0          4       1736
Mem:         32104      11496      20608          0          4       1756
Mem:         32104      11547      20557          0          4       1786
Mem:         32104      11593      20511          0          4       1816
Mem:         32104      11732      20372          0          4       1926
Mem:         32104      11879      20225          0          5       2050
Mem:         32104      12018      20086          0          5       2187
Mem:         32104      12206      19898          0          5       2332
Mem:         32104      12392      19712          0          5       2475
Mem:         32104      12604      19500          0          5       2610
Mem:         32104      12846      19258          0          5       2740
Mem:         32104      12977      19127          0          6       2873
Mem:         32104      13160      18944          0          6       3002
Mem:         32104      13296      18808          0          6       3137
Mem:         32104      13468      18636          0          6       3259
Mem:         32104      13715      18389          0          6       3372
Mem:         32104      13889      18215          0          6       3420
Mem:         32104      13956      18148          0          6       3448
Mem:         32104      13989      18115          0          6       3469
Mem:         32104      14009      18095          0          6       3471
Mem:         32104      14018      18086          0          6       3481
Mem:         32104      14063      18041          0          6       3525
Mem:         32104      14109      17995          0          6       3571
Mem:         32104      14149      17955          0          6       3611
Mem:         32104      14299      17805          0          6       3617
Mem:         32104      14413      17691          0          6       3619
Mem:         32104      14677      17427          0          6       3625
Mem:         32104      15005      17099          0          6       3659
Mem:         32104      15252      16852          0          6       3710
Mem:         32104      15328      16776          0          6       3783
Mem:         32104      15533      16571          0          7       3849
Mem:         32104      15791      16313          0          7       3956
Mem:         32104      15944      16160          0          7       4091
Mem:         32104      16170      15933          0          7       4221
Mem:         32104      16307      15797          0          7       4357
Mem:         32104      16586      15518          0          7       4493
Mem:         32104      16754      15350          0          7       4642
Mem:         32104      16905      15199          0          8       4793
Mem:         32104      17052      15051          0          8       4940
Mem:         32104      17166      14938          0          8       5054
Mem:         32104      17175      14929          0          8       5063
Mem:         32104      17176      14928          0          8       5065
Mem:         32104      17177      14927          0          8       5067
Mem:         32104      17179      14925          0          8       5069
Mem:         32104      17180      14924          0          8       5071
Mem:         32104      17181      14923          0          8       5073
Mem:         32104      17183      14921          0          8       5075
Mem:         32104      17185      14919          0          8       5077
Mem:         32104      17187      14917          0          8       5079
Mem:         32104      17192      14912          0          8       5081
Mem:         32104      17194      14910          0          8       5083
Mem:         32104      17201      14903          0          8       5086
Mem:         32104      17264      14840          0          8       5088
Mem:         32104      17385      14719          0          8       5090
Mem:         32104      17493      14611          0          8       5101
Mem:         32104      17705      14399          0          8       5115
Mem:         32104      17857      14247          0          8       5129
Mem:         32104      17898      14206          0          8       5143
Mem:         32104      17946      14158          0          8       5166
Mem:         32104      18085      14019          0          8       5190
Mem:         32104      18207      13897          0          8       5208
Mem:         32104      18294      13810          0          8       5225
Mem:         32104      18418      13686          0          8       5246
Mem:         32104      18475      13629          0          8       5268
Mem:         32104      18581      13523          0          8       5296
Mem:         32104      18698      13406          0          8       5324
Mem:         32104      18845      13259          0          8       5353
Mem:         32104      18951      13153          0          8       5386
Mem:         32104      19108      12996          0          8       5416
Mem:         32104      19223      12881          0          8       5450
Mem:         32104      19309      12795          0          8       5475
Mem:         32104      19385      12719          0          8       5497
Mem:         32104      19495      12609          0          8       5519
Mem:         32104      19564      12540          0          8       5547
Mem:         32104      19641      12463          0          8       5576
Mem:         32104      19711      12393          0          8       5604
Mem:         32104      19785      12319          0          8       5628
Mem:         32104      19786      12318          0          8       5628
Mem:         32104      19786      12318          0          8       5628
Mem:         32104      19829      12275          0          8       5628
Mem:         32104      19829      12275          0          8       5628
Mem:         32104      19829      12275          0          8       5628
Mem:         32104      20110      11994          0          8       5628
Mem:         32104      20106      11998          0          8       5628
Mem:         32104      20297      11807          0          8       5628
Mem:         32104      20507      11597          0          8       5628
Mem:         32104      20679      11425          0          8       5628
Mem:         32104      20729      11375          0          8       5628
Mem:         32104      20757      11347          0          8       5629
Mem:         32104      20781      11323          0          8       5629
Mem:         32104      20814      11290          0          8       5629
Mem:         32104      21157      10947          0          8       5629
Mem:         32104      21302      10802          0          8       5629
Mem:         32104      21327      10777          0          8       5629
Mem:         32104      21328      10776          0          8       5629
Mem:         32104      21328      10776          0          8       5629
Mem:         32104      21327      10777          0          8       5629
Mem:         32104      21327      10777          0          8       5629
Mem:         32104      21328      10776          0          8       5629
Mem:         32104      21327      10777          0          8       5629
Mem:         32104      21328      10776          0          8       5630
Mem:         32104      21564      10540          0          8       5630
Mem:         32104      21663      10441          0          8       5630
Mem:         32104      21900      10204          0          9       5650
Mem:         32104      22118       9986          0          9       5708
Mem:         32104      22244       9860          0          9       5708
Mem:         32104      22381       9723          0          9       5725
Mem:         32104      22497       9607          0          9       5760
Mem:         32104      22688       9416          0          9       5819
Mem:         32104      23044       9060          0          9       5898
Mem:         32104      23145       8959          0          9       5997
Mem:         32104      23264       8840          0          9       6053
Mem:         32104      23457       8646          0          9       6143
Mem:         32104      23676       8428          0          9       6242
Mem:         32104      23822       8282          0          9       6269
Mem:         32104      23948       8156          0          9       6305
Mem:         32104      24054       8050          0          9       6364
Mem:         32104      24186       7918          0          9       6417
Mem:         32104      24232       7872          0          9       6420
Mem:         32104      24431       7673          0          9       6422
Mem:         32104      24475       7629          0          9       6447
Mem:         32104      24536       7568          0         10       6447
Mem:         32104      24591       7513          0         10       6447
Mem:         32104      24591       7513          0         10       6447
Mem:         32104      24590       7514          0         10       6447
Mem:         32104      24589       7515          0         10       6447
Mem:         32104      24589       7515          0         10       6447
Mem:         32104      24588       7516          0         10       6447
Mem:         32104      24588       7516          0         10       6447
Mem:         32104      24355       7749          0         10       6169
Mem:         32104      24474       7630          0         10       6168
Mem:         32104      24584       7520          0         10       6168
Mem:         32104      24635       7469          0         10       6168
Mem:         32104      24734       7370          0         10       6168
Mem:         32104      24841       7263          0         10       6168
Mem:         32104      24988       7116          0         10       6168
Mem:         32104      25071       7033          0         10       6168
Mem:         32104      25179       6925          0         10       6168
Mem:         32104      25252       6852          0         10       6168
Mem:         32104      25252       6852          0         10       6168
Mem:         32104      25252       6852          0         10       6168
Mem:         32104      25276       6828          0         10       6168
Mem:         32104      25277       6827          0         10       6169
Mem:         32104      25303       6801          0         10       6174
Mem:         32104      25432       6672          0         10       6197
Mem:         32104      25507       6597          0         10       6223
Mem:         32104      25584       6520          0         10       6251
Mem:         32104      25613       6491          0         10       6279
Mem:         32104      25629       6475          0         10       6296
Mem:         32104      25630       6474          0         10       6296
Mem:         32104      25630       6474          0         10       6296
Mem:         32104      25632       6472          0         10       6296
Mem:         32104      25630       6474          0         10       6296
Mem:         32104      25629       6475          0         10       6296
Mem:         32104      25628       6476          0         10       6296
Mem:         32104      25628       6476          0         10       6296
Mem:         32104      25628       6476          0         10       6296
Mem:         32104      25628       6476          0         10       6296
Mem:         32104      25627       6477          0         10       6296
Mem:         32104      25627       6477          0         10       6296
Mem:         32104      25627       6477          0         10       6296
Mem:         32104      25633       6471          0         10       6296
Mem:         32104      25699       6405          0         10       6296
Mem:         32104      25797       6307          0         10       6296
Mem:         32104      25925       6179          0         10       6296
Mem:         32104      26078       6026          0         10       6347
Mem:         32104      26141       5963          0         10       6357
Mem:         32104      26306       5798          0         10       6414
Mem:         32104      26478       5626          0         10       6488
Mem:         32104      26647       5457          0         10       6522
Mem:         32104      26758       5346          0         10       6526
Mem:         32104      26884       5220          0         10       6528
Mem:         32104      26944       5160          0         10       6587
Mem:         32104      27074       5030          0         10       6617
Mem:         32104      27168       4936          0         10       6648
Mem:         32104      27384       4720          0         10       6668
Mem:         32104      27490       4613          0         10       6670
Mem:         32104      27761       4343          0         10       6678
Mem:         32104      27844       4260          0         10       6712
Mem:         32104      27925       4179          0         10       6717
Mem:         32104      28029       4075          0         10       6729
Mem:         32104      28081       4023          0         10       6779
Mem:         32104      28120       3984          0         10       6777
Mem:         32104      28119       3985          0         10       6777
Mem:         32104      28118       3986          0         10       6777
Mem:         32104      28118       3986          0         10       6777
Mem:         32104      28118       3986          0         10       6777
Mem:         32104      28118       3986          0         10       6777
Mem:         32104      28117       3987          0         10       6777
Mem:         32104      28116       3987          0         10       6777
Mem:         32104      28116       3988          0         10       6777
Mem:         32104      28116       3988          0         10       6777
Mem:         32104      28116       3988          0         10       6777
Mem:         32104      28116       3988          0         10       6777
Mem:         32104      28115       3989          0         10       6777
Mem:         32104      28115       3989          0         10       6776
Mem:         32104      28115       3989          0         10       6776
Mem:         32104      28115       3989          0         10       6776
Mem:         32104      28114       3990          0         10       6776
Mem:         32104      27789       4315          0         10       6449
Mem:         32104      27916       4188          0         10       6449
Mem:         32104      28046       4058          0         10       6449
Mem:         32104      28230       3874          0         10       6449
Mem:         32104      28282       3822          0         10       6449
Mem:         32104      28314       3790          0         10       6449
Mem:         32104      28449       3655          0         10       6449
Mem:         32104      28481       3623          0         10       6449
Mem:         32104      28579       3525          0         10       6448
Mem:         32104      28766       3338          0         10       6448
Mem:         32104      28816       3288          0         10       6448
Mem:         32104      28856       3248          0         10       6448
Mem:         32104      28898       3206          0         10       6448
Mem:         32104      28902       3202          0         10       6448
Mem:         32104      29069       3035          0         10       6448
Mem:         32104      29216       2888          0         10       6448
Mem:         32104      29276       2828          0         10       6448
Mem:         32104      29288       2816          0         10       6448
Mem:         32104      29288       2816          0         10       6448
Mem:         32104      29288       2816          0         10       6448
Mem:         32104      29288       2816          0         10       6448
Mem:         32104      29288       2816          0         10       6448
Mem:         32104      29287       2817          0         10       6448
Mem:         32104      29287       2817          0         10       6448
Mem:         32104      29286       2818          0         10       6448
Mem:         32104      29286       2818          0         10       6448
Mem:         32104      29286       2818          0         10       6448
Mem:         32104      29287       2817          0         10       6448
Mem:         32104      29286       2818          0         10       6448
Mem:         32104      29286       2818          0         10       6448
Mem:         32104      29286       2818          0         10       6448
Mem:         32104      29285       2818          0         10       6448
Mem:         32104      29286       2818          0         10       6448
Mem:         32104      29285       2818          0         10       6448
Mem:         32104      29286       2818          0         10       6448
Mem:         32104      29286       2818          0         10       6448
Mem:         32104      29358       2746          0         10       6448
Mem:         32104      29365       2739          0         10       6450
Mem:         32104      29467       2636          0         11       6519
Mem:         32104      29604       2500          0         11       6551
Mem:         32104      29808       2296          0         11       6551
Mem:         32104      29980       2124          0         11       6551
Mem:         32104      30006       2098          0         11       6576
Mem:         32104      30144       1960          0         11       6576
Mem:         32104      30313       1791          0         11       6576
Mem:         32104      30463       1641          0         11       6597
Mem:         32104      30595       1509          0         11       6639
Mem:         32104      30735       1369          0         11       6651
Mem:         32104      30812       1292          0         11       6727
Mem:         32104      30995       1109          0         11       6730
Mem:         32104      31237        867          0         11       6730
Mem:         32104      31368        736          0         11       6730
Mem:         32104      31510        594          0         12       6731
Mem:         32104      31515        589          0         13       6733
Mem:         32104      31510        594          0         13       6729
Mem:         32104      31511        593          0         14       6730
Mem:         32104      31455        649          0         14       6672
Mem:         32104      31475        629          0         14       6690
Mem:         32104      31542        562          0         14       6758
Mem:         32104      31542        562          0         14       6758
Mem:         32104      31545        559          0         14       6761
Mem:         32104      31570        534          0         14       6785
Mem:         32104      31621        483          0         14       6836
Mem:         32104      31621        483          0         14       6836
Mem:         32104      31621        483          0         14       6836
Mem:         32104      31621        483          0         14       6836
Mem:         32104      31620        484          0         14       6836
Mem:         32104      31041       1063          0         14       6255
Mem:         32104      31041       1063          0         14       6255
Mem:         32104      31039       1065          0         14       6254
Mem:         32104      31039       1065          0         14       6254
Mem:         32104      31037       1067          0         14       6254
Mem:         32104      31037       1067          0         14       6254
Mem:         32104      31038       1066          0         14       6254
Mem:         32104      31037       1067          0         14       6254
Mem:         32104      31037       1067          0         14       6254
Mem:         32104      31036       1068          0         14       6254
Mem:         32104      31035       1069          0         14       6254
Mem:         32104      31037       1067          0         14       6254
Mem:         32104      31038       1066          0         14       6254
Mem:         32104      31035       1069          0         14       6254
Mem:         32104      31035       1069          0         14       6254
Mem:         32104      31035       1069          0         14       6254
Mem:         32104      31036       1068          0         14       6254
Mem:         32104      31036       1068          0         14       6254
Mem:         32104      31036       1068          0         14       6254
Mem:         32104      31036       1068          0         14       6254
Mem:         32104      31036       1068          0         14       6254
Mem:         32104      31035       1069          0         14       6254
Mem:         32104      31035       1069          0         14       6254
Mem:         32104      31034       1070          0         14       6254
Mem:         32104      31034       1070          0         14       6254
Mem:         32104      31033       1071          0         14       6254
Mem:         32104      31035       1069          0         14       6254
Mem:         32104      31034       1070          0         14       6254
Mem:         32104      31033       1071          0         14       6254
Mem:         32104      31033       1071          0         14       6254
Mem:         32104      31033       1071          0         14       6254
Mem:         32104      31033       1071          0         14       6254
Mem:         32104      31032       1072          0         14       6254
Mem:         32104      31032       1072          0         14       6254
Mem:         32104      31040       1064          0         14       6254
Mem:         32104      31036       1068          0         14       6254
Mem:         32104      31038       1066          0         14       6254
Mem:         32104      31069       1035          0         14       6289
Mem:         32104      31084       1020          0         14       6304
Mem:         32104      31141        963          0         14       6361
Mem:         32104      31198        906          0         14       6417
Mem:         32104      31254        850          0         14       6473
Mem:         32104      31298        806          0         14       6518
Mem:         32104      31325        779          0         14       6542
Mem:         32104      31344        760          0         14       6562
Mem:         32104      31381        723          0         14       6597
Mem:         32104      31449        655          0         15       6664
Mem:         32104      31560        544          0         15       6773
Mem:         32104      31589        515          0         15       6805
Mem:         32104      31621        482          0         15       6838
Mem:         32104      31645        459          0         15       6862
Mem:         32104      31668        436          0         15       6884
Mem:         32104      31703        401          0         15       6919
Mem:         32104      31738        366          0         15       6954
Mem:         32104      31758        346          0         15       6972
Mem:         32104      31749        355          0         15       6965
Mem:         32104      31749        355          0         15       6965
Mem:         32104      31749        355          0         15       6965
Mem:         32104      31749        355          0         15       6965
Mem:         32104      31749        355          0         15       6965
Mem:         32104      31748        356          0         15       6965
Mem:         32104      31748        356          0         15       6965
Mem:         32104      31748        356          0         15       6965
Mem:         32104      31747        357          0         15       6964
Mem:         32104      31746        358          0         15       6964
Mem:         32104      31746        358          0         15       6964
Mem:         32104      31745        359          0         15       6964
Mem:         32104      31745        359          0         15       6964
Mem:         32104      31744        360          0         15       6964
Mem:         32104      31744        360          0         15       6964
Mem:         32104      31744        360          0         15       6964
Mem:         32104      31744        360          0         15       6964
Mem:         32104      31319        785          0         15       6538
Mem:         32104      31319        785          0         15       6538
Mem:         32104      31321        783          0         15       6538
Mem:         32104      31321        783          0         15       6538
Mem:         32104      31319        785          0         15       6537
Mem:         32104      31320        784          0         15       6537
Mem:         32104      31324        780          0         15       6537
Mem:         32104      31322        782          0         15       6537
Mem:         32104      31321        783          0         15       6537
Mem:         32104      31320        784          0         15       6537
Mem:         32104      31319        785          0         15       6537
Mem:         32104      31319        785          0         15       6537
Mem:         32104      31320        784          0         15       6537
Mem:         32104      31330        774          0         15       6537
Mem:         32104      31321        783          0         15       6537
Mem:         32104      31320        784          0         15       6538
Mem:         32104      31320        784          0         15       6538
Mem:         32104      31321        783          0         15       6538
Mem:         32104      31321        783          0         15       6538
Mem:         32104      31321        783          0         15       6537
Mem:         32104      31321        783          0         15       6538
Mem:         32104      31318        786          0         15       6538
Mem:         32104      31318        786          0         15       6538
Mem:         32104      31318        786          0         15       6538
Mem:         32104      31318        786          0         15       6537
Mem:         32104      31317        787          0         15       6537
Mem:         32104      31316        788          0         15       6537
Mem:         32104      31316        788          0         15       6537
Mem:         32104      31316        788          0         15       6537
Mem:         32104      31316        788          0         15       6537
Mem:         32104      31316        788          0         15       6537
Mem:         32104      31316        788          0         15       6537
Mem:         32104      31316        788          0         15       6537
Mem:         32104      31316        788          0         15       6537
Mem:         32104      31316        788          0         15       6537
Mem:         32104      31141        963          0         15       6359
Mem:         32104      31148        956          0         15       6359
Mem:         32104      31142        962          0         15       6359
Mem:         32104      31140        964          0         15       6359
Mem:         32104      31140        964          0         15       6359
Mem:         32104      31142        962          0         15       6359
Mem:         32104      31144        960          0         15       6360
Mem:         32104      31142        962          0         15       6360
Mem:         32104      31147        957          0         15       6360
Mem:         32104      31149        955          0         15       6360
Mem:         32104      31147        957          0         15       6360
Mem:         32104      31148        956          0         15       6360
Mem:         32104      31147        957          0         15       6360
Mem:         32104      31147        957          0         15       6360
Mem:         32104      31148        956          0         15       6360
Mem:         32104      31148        956          0         15       6360
Mem:         32104      31147        957          0         15       6360
Mem:         32104      31147        957          0         15       6360
Mem:         32104      31147        957          0         15       6360
Mem:         32104      31146        958          0         15       6360
Mem:         32104      31146        958          0         15       6360
Mem:         32104      31145        959          0         15       6360
Mem:         32104      31145        959          0         15       6360
Mem:         32104      31146        958          0         15       6360
Mem:         32104      31145        959          0         15       6360
Mem:         32104      31145        959          0         15       6360
Mem:         32104      31145        959          0         15       6360
Mem:         32104      31145        959          0         15       6360
Mem:         32104      31145        959          0         15       6360
Mem:         32104      31145        959          0         15       6360
Mem:         32104      31145        959          0         15       6361
Mem:         32104      31141        963          0         15       6361
Mem:         32104      31157        947          0         15       6361
Mem:         32104      31159        945          0         15       6368
Mem:         32104      31175        929          0         15       6389
Mem:         32104      31196        908          0         15       6411
Mem:         32104      31217        887          0         15       6432
Mem:         32104      31240        864          0         15       6452
Mem:         32104      31263        841          0         15       6476
Mem:         32104      31277        827          0         15       6489
Mem:         32104      31276        828          0         15       6489
Mem:         32104      31276        828          0         15       6489
Mem:         32104      31275        829          0         15       6489
Mem:         32104      31276        828          0         15       6489
Mem:         32104      31275        828          0         15       6489
Mem:         32104      31275        829          0         15       6490
Mem:         32104      31275        829          0         15       6490
Mem:         32104      31275        829          0         15       6490
Mem:         32104      31274        830          0         15       6490
Mem:         32104      31274        830          0         15       6490
Mem:         32104      31274        830          0         15       6490
Mem:         32104      31274        830          0         15       6490
Mem:         32104      31274        830          0         15       6490
Mem:         32104      31274        830          0         15       6490
Mem:         32104      31274        830          0         15       6490
Mem:         32104      31273        831          0         15       6490
Mem:         32104      31272        832          0         15       6490
Mem:         32104      31273        831          0         15       6490
Mem:         32104      31273        831          0         15       6490
Mem:         32104      31273        831          0         15       6490
Mem:         32104      31282        822          0         15       6490
Mem:         32104      31293        811          0         15       6490
Mem:         32104      31283        821          0         15       6490
Mem:         32104      31301        803          0         15       6509
Mem:         32104      31321        783          0         15       6530
Mem:         32104      31340        764          0         15       6550
Mem:         32104      31363        740          0         15       6573
Mem:         32104      31385        719          0         15       6594
Mem:         32104      31407        697          0         15       6616
Mem:         32104      31409        695          0         15       6619
Mem:         32104      31411        693          0         15       6619
Mem:         32104      31410        694          0         15       6619
Mem:         32104      31409        695          0         15       6619
Mem:         32104      31408        696          0         15       6619
Mem:         32104      31407        697          0         15       6619
Mem:         32104      31407        697          0         15       6619
Mem:         32104      31408        696          0         15       6619
Mem:         32104      31408        696          0         15       6619
Mem:         32104      31407        697          0         15       6619
Mem:         32104      31407        697          0         15       6619
Mem:         32104      31406        698          0         15       6619
Mem:         32104      31406        698          0         15       6619
Mem:         32104      31405        699          0         15       6619
Mem:         32104      31406        698          0         15       6620
Mem:         32104      31422        682          0         15       6620
Mem:         32104      31409        695          0         15       6620
Mem:         32104      31406        698          0         15       6620
Mem:         32104      31406        697          0         15       6620
Mem:         32104      31406        698          0         15       6620
Mem:         32104      31408        696          0         15       6621
Mem:         32104      31407        697          0         15       6621
Mem:         32104      31407        697          0         15       6621
Mem:         32104      31408        696          0         15       6621
Mem:         32104      31407        697          0         15       6621
Mem:         32104      31407        697          0         15       6621
Mem:         32104      31406        698          0         15       6621
Mem:         32104      31407        697          0         15       6621
Mem:         32104      31407        697          0         15       6621
Mem:         32104      31406        698          0         15       6621
Mem:         32104      31406        698          0         15       6621
Mem:         32104      31406        698          0         15       6621
Mem:         32104      31406        698          0         15       6621
Mem:         32104      31406        698          0         15       6621
Mem:         32104      31406        698          0         15       6621
Mem:         32104      31407        697          0         15       6621
Mem:         32104      31407        697          0         15       6621
Mem:         32104      31407        697          0         15       6621
Mem:         32104      31407        697          0         15       6621
Mem:         32104      31408        696          0         15       6622
Mem:         32104      31410        694          0         15       6622
Mem:         32104      31410        694          0         15       6622
Mem:         32104      31410        694          0         15       6622
Mem:         32104      31409        695          0         15       6622
Mem:         32104      31410        694          0         16       6622
Mem:         32104      31413        691          0         16       6623
Mem:         32104      31411        693          0         16       6623
Mem:         32104      31411        693          0         16       6623
Mem:         32104      31411        693          0         16       6623
Mem:         32104      31412        692          0         16       6623
Mem:         32104      31411        693          0         16       6623
Mem:         32104      31410        694          0         16       6623
Mem:         32104      31412        692          0         16       6623
Mem:         32104      31413        691          0         16       6623
Mem:         32104      31413        691          0         16       6623
Mem:         32104      31412        692          0         16       6623
Mem:         32104      31413        691          0         16       6623
Mem:         32104      31412        692          0         16       6623
Mem:         32104      31413        691          0         16       6623
Mem:         32104      31414        690          0         16       6623
Mem:         32104      31412        692          0         16       6623
Mem:         32104      31411        693          0         16       6623
Mem:         32104      31410        694          0         16       6623
Mem:         32104      31409        695          0         16       6623
Mem:         32104      31409        695          0         16       6623
Mem:         32104      31408        696          0         16       6623
Mem:         32104      31408        696          0         16       6623
Mem:         32104      31408        696          0         16       6623
Mem:         32104      31408        696          0         16       6623
Mem:         32104      31409        695          0         16       6623
Mem:         32104      31412        692          0         16       6623
Mem:         32104      31410        694          0         16       6623
Mem:         32104      31421        683          0         16       6624
Mem:         32104      31414        690          0         16       6624
Mem:         32104      31411        693          0         16       6624
Mem:         32104      31411        693          0         16       6624
Mem:         32104      31410        694          0         16       6624
Mem:         32104      31412        692          0         16       6625
Mem:         32104      31413        691          0         16       6625
Mem:         32104      31415        689          0         16       6624
Mem:         32104      31411        693          0         16       6624
Mem:         32104      31412        692          0         16       6624
Mem:         32104      31412        692          0         16       6624
Mem:         32104      31412        692          0         16       6624
Mem:         32104      31411        693          0         16       6624
Mem:         32104      31411        693          0         16       6624
Mem:         32104      31410        694          0         16       6624
Mem:         32104      31410        694          0         16       6624
Mem:         32104      31409        695          0         16       6624
Mem:         32104      31409        695          0         16       6624
Mem:         32104      31408        696          0         16       6624
Mem:         32104      31408        696          0         16       6624
Mem:         32104      31408        696          0         16       6624
Mem:         32104      31408        696          0         16       6624
Mem:         32104      31407        697          0         16       6624
Mem:         32104      31407        697          0         16       6624
Mem:         32104      31407        697          0         16       6624
Mem:         32104      31408        696          0         16       6624
Mem:         32104      31419        685          0         16       6625
Mem:         32104      31411        693          0         16       6625
Mem:         32104      31411        693          0         16       6625
Mem:         32104      31411        693          0         16       6625
Mem:         32104      31411        693          0         16       6625
Mem:         32104      31413        691          0         16       6625
Mem:         32104      31413        691          0         16       6626
Mem:         32104      31413        691          0         16       6626
Mem:         32104      31410        694          0         16       6626
Mem:         32104      31410        694          0         16       6626
Mem:         32104      31410        694          0         16       6626
Mem:         32104      31410        694          0         16       6626
Mem:         32104      31411        693          0         16       6626
Mem:         32104      31411        693          0         16       6626
Mem:         32104      31410        694          0         16       6627
Mem:         32104      31412        692          0         16       6627
Mem:         32104      31416        688          0         16       6627
Mem:         32104      31416        688          0         16       6627
Mem:         32104      31414        690          0         16       6627
Mem:         32104      31415        689          0         16       6627
Mem:         32104      31414        690          0         16       6627
Mem:         32104      31413        691          0         16       6627
Mem:         32104      31411        693          0         16       6627
Mem:         32104      31412        692          0         16       6627
Mem:         32104      31411        693          0         16       6627
Mem:         32104      31412        692          0         16       6627
Mem:         32104      31416        688          0         16       6627
Mem:         32104      31418        686          0         16       6627
Mem:         32104      31417        687          0         16       6627
Mem:         32104      31416        688          0         16       6627
Mem:         32104      31415        689          0         16       6627
Mem:         32104      31413        691          0         16       6627
Mem:         32104      31413        691          0         16       6627
Mem:         32104      31418        686          0         16       6627
Mem:         32104      31414        690          0         16       6627
Mem:         32104      31415        689          0         16       6628
Mem:         32104      31414        690          0         16       6628
Mem:         32104      31414        690          0         16       6628
Mem:         32104      31413        691          0         16       6628
Mem:         32104      31416        688          0         16       6628
Mem:         32104      31414        690          0         16       6628
Mem:         32104      31415        689          0         16       6629
Mem:         32104      31416        688          0         16       6629
Mem:         32104      31416        688          0         16       6629
Mem:         32104      31416        688          0         16       6629
Mem:         32104      31416        688          0         16       6629
Mem:         32104      31415        689          0         16       6629
Mem:         32104      31415        689          0         16       6629
Mem:         32104      31414        690          0         16       6629
Mem:         32104      31414        690          0         16       6629
Mem:         32104      31413        691          0         16       6629
Mem:         32104      31414        690          0         16       6629
Mem:         32104      31413        691          0         16       6629
Mem:         32104      31413        691          0         16       6629
Mem:         32104      31414        690          0         16       6629
Mem:         32104      31421        683          0         16       6629
Mem:         32104      31416        688          0         16       6629
Mem:         32104      31416        688          0         16       6629
Mem:         32104      31416        688          0         16       6629
Mem:         32104      31415        689          0         16       6629
Mem:         32104      31416        688          0         16       6630
Mem:         32104      31416        688          0         16       6630
Mem:         32104      31416        688          0         16       6630
Mem:         32104      31417        687          0         16       6630
Mem:         32104      31417        687          0         16       6630
Mem:         32104      31418        686          0         16       6630
Mem:         32104      31417        687          0         16       6630
Mem:         32104      31418        686          0         16       6631
Mem:         32104      31418        686          0         16       6631
Mem:         32104      31417        687          0         16       6631
Mem:         32104      31417        687          0         16       6631
Mem:         32104      31416        688          0         16       6631
Mem:         32104      31416        688          0         16       6631
Mem:         32104      31415        689          0         16       6631
Mem:         32104      31416        688          0         16       6631
Mem:         32104      31416        688          0         16       6631
Mem:         32104      31416        688          0         16       6631
Mem:         32104      31415        689          0         16       6631
Mem:         32104      31415        689          0         16       6631
Mem:         32104      31415        689          0         16       6631
Mem:         32104      31423        680          0         16       6631
Mem:         32104      31420        684          0         16       6631
Mem:         32104      31419        685          0         16       6631
Mem:         32104      31418        686          0         16       6631
Mem:         32104      31418        686          0         16       6631
Mem:         32104      31417        687          0         16       6631
Mem:         32104      31420        684          0         16       6632
Mem:         32104      31420        684          0         16       6632
Mem:         32104      31420        684          0         16       6632
Mem:         32104      31421        683          0         16       6632
Mem:         32104      31420        683          0         16       6632
Mem:         32104      31421        683          0         16       6633
Mem:         32104      31420        684          0         16       6633
Mem:         32104      31417        687          0         16       6633
Mem:         32104      31417        687          0         16       6633
Mem:         32104      31417        687          0         16       6633
Mem:         32104      31417        687          0         16       6633
Mem:         32104      31416        688          0         16       6633
Mem:         32104      31416        688          0         16       6633
Mem:         32104      31416        688          0         16       6633
Mem:         32104      31415        689          0         16       6633
Mem:         32104      31414        690          0         16       6633
Mem:         32104      31415        689          0         16       6633
Mem:         32104      31414        690          0         16       6633
Mem:         32104      31414        690          0         16       6633
Mem:         32104      31413        691          0         16       6633
Mem:         32104      31413        691          0         16       6633
Mem:         32104      31413        691          0         16       6633
Mem:         32104      31413        691          0         16       6633
Mem:         32104      31414        690          0         16       6633
Mem:         32104      31420        684          0         16       6632
Mem:         32104      31414        690          0         16       6632
Mem:         32104      31414        690          0         16       6632
Mem:         32104      31414        690          0         16       6632
Mem:         32104      31414        690          0         16       6632
Mem:         32104      31414        690          0         16       6633
Mem:         32104      31415        689          0         16       6633
Mem:         32104      31416        688          0         16       6633
Mem:         32104      31417        687          0         16       6633
Mem:         32104      31418        686          0         16       6633
Mem:         32104      31419        685          0         16       6633
Mem:         32104      31419        685          0         16       6633
Mem:         32104      31419        685          0         16       6633
Mem:         32104      31419        685          0         16       6633
Mem:         32104      31419        685          0         16       6633
Mem:         32104      31418        686          0         16       6633
Mem:         32104      31417        687          0         16       6633
Mem:         32104      31417        687          0         16       6633
Mem:         32104      31417        687          0         16       6633
Mem:         32104      31417        687          0         16       6633
Mem:         32104      31416        688          0         16       6633
Mem:         32104      31416        688          0         16       6633
Mem:         32104      31417        687          0         16       6633
Mem:         32104      31417        687          0         16       6633
Mem:         32104      31426        678          0         16       6634
Mem:         32104      31420        684          0         16       6634
Mem:         32104      31420        683          0         16       6634
Mem:         32104      31420        684          0         16       6634
Mem:         32104      31420        684          0         16       6634
Mem:         32104      31421        683          0         16       6635
Mem:         32104      31421        683          0         16       6635
Mem:         32104      31423        681          0         16       6635
Mem:         32104      31422        682          0         16       6635
Mem:         32104      31421        683          0         16       6635
Mem:         32104      31420        684          0         16       6635
Mem:         32104      31421        683          0         16       6635
Mem:         32104      31421        683          0         16       6635
Mem:         32104      31422        682          0         16       6635
Mem:         32104      31421        683          0         16       6635
Mem:         32104      31421        683          0         16       6635
Mem:         32104      31420        683          0         16       6635
Mem:         32104      31420        684          0         16       6635
Mem:         32104      31420        684          0         16       6635
Mem:         32104      31420        684          0         16       6635
Mem:         32104      31420        684          0         16       6635
Mem:         32104      31419        684          0         16       6635
Mem:         32104      31419        684          0         16       6635
Mem:         32104      31419        684          0         16       6635
Mem:         32104      31420        684          0         16       6635
Mem:         32104      31420        684          0         16       6635
Mem:         32104      31422        682          0         16       6636
Mem:         32104      31426        678          0         16       6636
Mem:         32104      31423        681          0         16       6636
Mem:         32104      31423        681          0         16       6636
Mem:         32104      31423        681          0         16       6636
Mem:         32104      31423        681          0         16       6637
Mem:         32104      31424        680          0         16       6637
Mem:         32104      31423        681          0         16       6637
Mem:         32104      31423        681          0         16       6637
Mem:         32104      31423        681          0         16       6637
Mem:         32104      31423        681          0         16       6637
Mem:         32104      31424        680          0         16       6637
Mem:         32104      31424        680          0         16       6637
Mem:         32104      31423        681          0         16       6637
Mem:         32104      31423        681          0         16       6637
Mem:         32104      31423        681          0         16       6637
Mem:         32104      31423        681          0         16       6637
Mem:         32104      31423        681          0         16       6637
Mem:         32104      31422        682          0         16       6637
Mem:         32104      31422        682          0         16       6637
Mem:         32104      31422        682          0         16       6637
Mem:         32104      31422        682          0         16       6637
Mem:         32104      31422        682          0         16       6637
Mem:         32104      31422        682          0         16       6637
Mem:         32104      31422        682          0         16       6637
Mem:         32104      31422        682          0         16       6637
Mem:         32104      31422        682          0         16       6637
Mem:         32104      31421        683          0         16       6637
Mem:         32104      31423        681          0         16       6638
Mem:         32104      31433        671          0         16       6638
Mem:         32104      31421        683          0         16       6638
Mem:         32104      31422        682          0         16       6638
Mem:         32104      31422        682          0         16       6638
Mem:         32104      31421        683          0         16       6639
Mem:         32104      31422        682          0         16       6639
Mem:         32104      31422        682          0         16       6639
Mem:         32104      31422        682          0         16       6639
Mem:         32104      31421        683          0         16       6639
Mem:         32104      31423        681          0         16       6639
Mem:         32104      31422        682          0         16       6639
Mem:         32104      31422        682          0         16       6639
Mem:         32104      31422        682          0         16       6639
Mem:         32104      31422        682          0         16       6639
Mem:         32104      31423        681          0         16       6639
Mem:         32104      31422        682          0         16       6639
Mem:         32104      31422        682          0         16       6639
Mem:         32104      31422        682          0         16       6639
Mem:         32104      31422        682          0         16       6639
Mem:         32104      31421        683          0         16       6639
Mem:         32104      31421        683          0         16       6639
Mem:         32104      31421        683          0         16       6639
Mem:         32104      31420        684          0         16       6639
Mem:         32104      31420        684          0         16       6639
Mem:         32104      31420        684          0         16       6639
Mem:         32104      31420        684          0         16       6639
Mem:         32104      31420        684          0         16       6639
Mem:         32104      31426        678          0         16       6639
Mem:         32104      31422        682          0         16       6639
Mem:         32104      31422        682          0         16       6639
Mem:         32104      31423        681          0         16       6639
Mem:         32104      31422        682          0         16       6639
Mem:         32104      31422        682          0         16       6639
Mem:         32104      31422        682          0         16       6639
Mem:         32104      31422        682          0         16       6640
Mem:         32104      31423        681          0         16       6640
Mem:         32104      31423        681          0         16       6640
Mem:         32104      31422        682          0         16       6640
Mem:         32104      31422        682          0         16       6640
Mem:         32104      31423        681          0         16       6640
Mem:         32104      31422        682          0         16       6640
Mem:         32104      31422        682          0         16       6640
Mem:         32104      31422        682          0         16       6640
Mem:         32104      31422        682          0         16       6640
Mem:         32104      31422        682          0         16       6640
Mem:         32104      31422        682          0         16       6640
Mem:         32104      31422        682          0         16       6640
Mem:         32104      31422        682          0         16       6640
Mem:         32104      31422        682          0         16       6640
Mem:         32104      31423        681          0         16       6641
Mem:         32104      31429        675          0         16       6641
Mem:         32104      31424        680          0         16       6641
Mem:         32104      31424        680          0         16       6641
Mem:         32104      31425        679          0         16       6641
Mem:         32104      31425        679          0         16       6641
Mem:         32104      31425        679          0         16       6641
Mem:         32104      31425        679          0         16       6641
Mem:         32104      31424        680          0         16       6642
Mem:         32104      31426        678          0         16       6642
Mem:         32104      31424        680          0         16       6642
Mem:         32104      31425        679          0         16       6642
Mem:         32104      31426        678          0         16       6642
Mem:         32104      31425        679          0         16       6642
Mem:         32104      31424        680          0         16       6642
Mem:         32104      31425        679          0         16       6642
Mem:         32104      31425        679          0         16       6642
Mem:         32104      31425        679          0         16       6642
Mem:         32104      31424        680          0         16       6642
Mem:         32104      31424        680          0         16       6642
Mem:         32104      31424        680          0         16       6642
Mem:         32104      31423        681          0         16       6642
Mem:         32104      31424        680          0         16       6642
Mem:         32104      31436        668          0         16       6643
Mem:         32104      31430        674          0         16       6643
Mem:         32104      31426        678          0         16       6643
Mem:         32104      31426        678          0         16       6643
Mem:         32104      31425        679          0         16       6643
Mem:         32104      31424        680          0         16       6643
Mem:         32104      31424        680          0         16       6643
Mem:         32104      31424        680          0         16       6644
Mem:         32104      31424        680          0         16       6644
Mem:         32104      31425        679          0         16       6644
Mem:         32104      31425        679          0         16       6644
Mem:         32104      31424        680          0         16       6644
Mem:         32104      31425        679          0         16       6644
Mem:         32104      31424        680          0         16       6644
Mem:         32104      31425        679          0         16       6644
Mem:         32104      31424        680          0         16       6644
Mem:         32104      31425        679          0         16       6644
Mem:         32104      31424        680          0         16       6644
Mem:         32104      31423        681          0         16       6644
Mem:         32104      31424        680          0         16       6644
Mem:         32104      31423        681          0         16       6644
Mem:         32104      31422        682          0         16       6644
Mem:         32104      31431        673          0         16       6645
Mem:         32104      31424        680          0         16       6645
Mem:         32104      31424        680          0         16       6645
Mem:         32104      31424        680          0         16       6645
Mem:         32104      31424        680          0         16       6645
Mem:         32104      31425        679          0         16       6645
Mem:         32104      31426        678          0         16       6645
Mem:         32104      31426        678          0         16       6646
Mem:         32104      31427        677          0         16       6646
Mem:         32104      31427        677          0         16       6646
Mem:         32104      31427        677          0         16       6646
Mem:         32104      31426        678          0         16       6646
Mem:         32104      31427        677          0         16       6646
Mem:         32104      31427        677          0         16       6646
Mem:         32104      31427        677          0         16       6646
Mem:         32104      31426        678          0         16       6646
Mem:         32104      31426        678          0         16       6646
Mem:         32104      31426        678          0         16       6646
Mem:         32104      31426        678          0         16       6646
Mem:         32104      31426        678          0         16       6646
Mem:         32104      31426        678          0         16       6646
Mem:         32104      31426        678          0         16       6646
Mem:         32104      31425        679          0         16       6646
Mem:         32104      31425        679          0         16       6646
Mem:         32104      31424        680          0         16       6646
Mem:         32104      31424        680          0         16       6646
Mem:         32104      31424        680          0         16       6646
Mem:         32104      31433        671          0         16       6646
Mem:         32104      31426        678          0         16       6645
Mem:         32104      31426        678          0         16       6645
Mem:         32104      31426        678          0         16       6645
Mem:         32104      31427        677          0         16       6646
Mem:         32104      31429        675          0         16       6646
Mem:         32104      31428        676          0         16       6646
Mem:         32104      31428        676          0         16       6646
Mem:         32104      31428        676          0         16       6646
Mem:         32104      31427        677          0         16       6646
Mem:         32104      31428        676          0         16       6646
Mem:         32104      31427        677          0         16       6646
Mem:         32104      31428        676          0         16       6646
Mem:         32104      31427        677          0         16       6646
Mem:         32104      31427        677          0         16       6646
Mem:         32104      31427        677          0         16       6646
Mem:         32104      31427        677          0         16       6646
Mem:         32104      31427        677          0         16       6646
Mem:         32104      31426        678          0         16       6646
Mem:         32104      31426        678          0         16       6646
Mem:         32104      31426        678          0         16       6646
Mem:         32104      31425        679          0         16       6646
Mem:         32104      31425        679          0         16       6646
Mem:         32104      31433        671          0         16       6647
Mem:         32104      31431        673          0         16       6647
Mem:         32104      31427        677          0         16       6647
Mem:         32104      31432        672          0         16       6647
Mem:         32104      31432        672          0         16       6647
Mem:         32104      31432        672          0         16       6648
Mem:         32104      31432        672          0         16       6648
Mem:         32104      31558        546          0         16       6648
Mem:         32104      31558        546          0         16       6648
Mem:         32104      31482        622          0         16       6572
Mem:         32104      31483        621          0         16       6572
Mem:         32104      31482        622          0         16       6572
Mem:         32104      31483        621          0         16       6572
Mem:         32104      31483        621          0         16       6572
Mem:         32104      31483        621          0         16       6572
Mem:         32104      31483        621          0         16       6572
Mem:         32104      31482        622          0         16       6572
Mem:         32104      31482        622          0         16       6572
Mem:         32104      31481        623          0         16       6572
Mem:         32104      31481        623          0         16       6572
Mem:         32104      31481        623          0         16       6572
Mem:         32104      31481        623          0         16       6572
Mem:         32104      31481        623          0         16       6572
Mem:         32104      31486        618          0         16       6572
Mem:         32104      31481        623          0         16       6572
Mem:         32104      31346        758          0         16       6572
Mem:         32104      31345        759          0         16       6572
Mem:         32104      31345        759          0         16       6572
Mem:         32104      31346        758          0         16       6573
Mem:         32104      31347        757          0         16       6573
Mem:         32104      31347        757          0         16       6573
Mem:         32104      31346        757          0         16       6573
Mem:         32104      31347        757          0         16       6573
Mem:         32104      31346        758          0         16       6574
Mem:         32104      31347        757          0         16       6574
Mem:         32104      31346        758          0         16       6574
Mem:         32104      31347        757          0         16       6574
Mem:         32104      31347        757          0         16       6574
Mem:         32104      31347        757          0         16       6574
Mem:         32104      31346        758          0         16       6574
Mem:         32104      31345        759          0         16       6574
Mem:         32104      31345        759          0         16       6574
Mem:         32104      31345        759          0         16       6574
Mem:         32104      31346        758          0         16       6574
Mem:         32104      31346        758          0         16       6574
Mem:         32104      31345        759          0         16       6574
Mem:         32104      31346        758          0         16       6574
Mem:         32104      31346        758          0         16       6574
Mem:         32104      31346        758          0         16       6574
Mem:         32104      31346        758          0         16       6574
Mem:         32104      31346        758          0         16       6574
Mem:         32104      31345        759          0         16       6574
Mem:         32104      31346        758          0         16       6574
Mem:         32104      31345        759          0         16       6574
Mem:         32104      31345        759          0         16       6574
Mem:         32104      31345        759          0         16       6574
Mem:         32104      31344        760          0         16       6574
Mem:         32104      31344        760          0         16       6574
Mem:         32104      31344        760          0         16       6574
Mem:         32104      31345        759          0         16       6574
Mem:         32104      31345        759          0         16       6574
Mem:         32104      31345        759          0         16       6574
Mem:         32104      31347        757          0         16       6574
Mem:         32104      31347        757          0         16       6574
Mem:         32104      31347        757          0         16       6574
Mem:         32104      31346        758          0         16       6574
Mem:         32104      31345        759          0         16       6574
Mem:         32104      31346        758          0         16       6574
Mem:         32104      31346        758          0         16       6574
Mem:         32104      24691       7413          0         16       6574
Mem:         32104       7863      24241          0         16       6547
