Mem:         32177       7005      25172          0          4        193
Mem:         32177       7080      25096          0          4        202
Mem:         32177       7157      25020          0          4        210
Mem:         32177       7288      24888          0          4        217
Mem:         32177       7567      24610          0          5        234
Mem:         32177       9741      22435          0          5        293
Mem:         32177      11624      20552          0          5        351
Mem:         32177      12693      19484          0          5        413
Mem:         32177      12904      19273          0          5        471
Mem:         32177      13110      19067          0          5        530
Mem:         32177      13337      18839          0          5        593
Mem:         32177      13413      18764          0          5        668
Mem:         32177      13671      18505          0          5        736
Mem:         32177      13738      18438          0          5        801
Mem:         32177      13814      18362          0          5        867
Mem:         32177      14024      18153          0          5        936
Mem:         32177      14090      18087          0          5       1001
Mem:         32177      14472      17705          0          6       1066
Mem:         32177      14542      17635          0          6       1133
Mem:         32177      14610      17567          0          6       1200
Mem:         32177      15492      16684          0          6       1267
Mem:         32177      15677      16500          0          6       1342
Mem:         32177      15754      16423          0          6       1418
Mem:         32177      16090      16086          0          6       1485
Mem:         32177      16156      16020          0          6       1550
Mem:         32177      16327      15850          0          6       1617
Mem:         32177      16591      15586          0          6       1678
Mem:         32177      16739      15438          0          6       1744
Mem:         32177      16856      15320          0          6       1796
Mem:         32177      16969      15208          0          6       1850
Mem:         32177      17030      15147          0          7       1896
Mem:         32177      17102      15074          0          7       1938
Mem:         32177      17184      14992          0          7       1997
Mem:         32177      17242      14934          0          7       2041
Mem:         32177      17244      14933          0          7       2043
Mem:         32177      17244      14932          0          7       2043
Mem:         32177      17272      14905          0          7       2044
Mem:         32177      17273      14904          0          7       2046
Mem:         32177      17273      14904          0          7       2046
Mem:         32177      17272      14904          0          7       2046
Mem:         32177      17273      14904          0          7       2045
Mem:         32177      17470      14706          0          7       2048
Mem:         32177      17613      14564          0          7       2049
Mem:         32177      17838      14338          0          7       2074
Mem:         32177      18110      14067          0          7       2136
Mem:         32177      18328      13848          0          7       2209
Mem:         32177      18347      13830          0          7       2274
Mem:         32177      18450      13726          0          7       2341
Mem:         32177      18515      13662          0          7       2407
Mem:         32177      18654      13523          0          7       2473
Mem:         32177      18861      13315          0          7       2543
Mem:         32177      18953      13224          0          7       2611
Mem:         32177      19082      13095          0          8       2682
Mem:         32177      19150      13027          0          8       2751
Mem:         32177      19214      12962          0          8       2817
Mem:         32177      19278      12899          0          8       2881
Mem:         32177      19341      12835          0          8       2944
Mem:         32177      19408      12768          0          8       3012
Mem:         32177      19474      12702          0          8       3078
Mem:         32177      19549      12627          0          8       3152
Mem:         32177      19629      12548          0          8       3227
Mem:         32177      19699      12477          0          8       3297
Mem:         32177      19767      12409          0          8       3365
Mem:         32177      19838      12339          0          8       3434
Mem:         32177      19907      12270          0          9       3503
Mem:         32177      19965      12212          0          9       3560
Mem:         32177      19994      12183          0          9       3589
Mem:         32177      19994      12183          0          9       3589
Mem:         32177      20042      12135          0          9       3591
Mem:         32177      20080      12097          0          9       3591
Mem:         32177      20075      12101          0          9       3594
Mem:         32177      20126      12051          0          9       3604
Mem:         32177      20458      11719          0          9       3613
Mem:         32177      20536      11641          0          9       3634
Mem:         32177      20583      11594          0          9       3650
Mem:         32177      20681      11496          0          9       3666
Mem:         32177      20772      11404          0          9       3687
Mem:         32177      20831      11345          0          9       3708
Mem:         32177      20876      11300          0          9       3724
Mem:         32177      20936      11241          0          9       3744
Mem:         32177      21004      11172          0          9       3763
Mem:         32177      21096      11080          0          9       3780
Mem:         32177      21178      10999          0          9       3809
Mem:         32177      21286      10890          0          9       3837
Mem:         32177      21349      10827          0          9       3848
Mem:         32177      21351      10826          0          9       3848
Mem:         32177      21468      10709          0          9       3848
Mem:         32177      21613      10564          0          9       3881
Mem:         32177      21721      10456          0          9       3915
Mem:         32177      21795      10382          0          9       3952
Mem:         32177      21875      10302          0          9       3989
Mem:         32177      21919      10258          0          9       4030
Mem:         32177      21991      10185          0          9       4068
Mem:         32177      22034      10143          0          9       4105
Mem:         32177      22033      10143          0          9       4105
Mem:         32177      22033      10143          0          9       4105
Mem:         32177      22033      10144          0          9       4105
Mem:         32177      22032      10144          0          9       4105
Mem:         32177      22192       9985          0          9       4105
Mem:         32177      22286       9890          0          9       4105
Mem:         32177      22297       9880          0          9       4111
Mem:         32177      22619       9558          0          9       4130
Mem:         32177      22598       9579          0          9       4150
Mem:         32177      22761       9416          0          9       4172
Mem:         32177      22810       9366          0         10       4197
Mem:         32177      22886       9290          0         10       4224
Mem:         32177      23099       9078          0         10       4258
Mem:         32177      23051       9126          0         10       4280
Mem:         32177      23158       9018          0         10       4304
Mem:         32177      23141       9036          0         10       4329
Mem:         32177      23230       8947          0         10       4378
Mem:         32177      23324       8852          0         10       4423
Mem:         32177      23359       8817          0         10       4457
Mem:         32177      23389       8788          0         10       4490
Mem:         32177      23387       8789          0         10       4490
Mem:         32177      23387       8790          0         10       4490
Mem:         32177      23461       8716          0         10       4490
Mem:         32177      23489       8688          0         10       4490
Mem:         32177      23945       8231          0         10       4490
Mem:         32177      24196       7980          0         10       4490
Mem:         32177      24307       7870          0         10       4490
Mem:         32177      24563       7614          0         10       4490
Mem:         32177      24665       7511          0         10       4505
Mem:         32177      24827       7350          0         10       4523
Mem:         32177      24975       7202          0         10       4564
Mem:         32177      25240       6937          0         10       4609
Mem:         32177      25322       6855          0         10       4660
Mem:         32177      25531       6646          0         10       4731
Mem:         32177      25747       6430          0         10       4844
Mem:         32177      25957       6220          0         11       4935
Mem:         32177      26189       5987          0         11       4992
Mem:         32177      26391       5786          0         11       5055
Mem:         32177      26677       5499          0         11       5170
Mem:         32177      26758       5418          0         11       5249
Mem:         32177      26917       5260          0         11       5320
Mem:         32177      26927       5250          0         11       5328
Mem:         32177      26999       5177          0         11       5329
Mem:         32177      27024       5153          0         11       5351
Mem:         32177      27052       5125          0         11       5378
Mem:         32177      27050       5126          0         11       5378
Mem:         32177      27051       5126          0         11       5378
Mem:         32177      27051       5126          0         11       5378
Mem:         32177      27051       5125          0         11       5378
Mem:         32177      27049       5128          0         11       5378
Mem:         32177      27049       5128          0         11       5378
Mem:         32177      26874       5302          0         11       5206
Mem:         32177      26898       5279          0         11       5157
Mem:         32177      27003       5174          0         11       5157
Mem:         32177      27165       5011          0         11       5157
Mem:         32177      27217       4960          0         11       5157
Mem:         32177      27280       4896          0         11       5157
Mem:         32177      27435       4742          0         11       5157
Mem:         32177      27549       4628          0         11       5157
Mem:         32177      27646       4531          0         11       5157
Mem:         32177      27644       4532          0         11       5157
Mem:         32177      27698       4479          0         11       5157
Mem:         32177      27732       4444          0         11       5157
Mem:         32177      27739       4437          0         11       5158
Mem:         32177      27755       4422          0         11       5158
Mem:         32177      27915       4262          0         11       5174
Mem:         32177      28061       4116          0         11       5223
Mem:         32177      28189       3988          0         11       5277
Mem:         32177      28276       3901          0         11       5332
Mem:         32177      28330       3847          0         12       5386
Mem:         32177      28358       3819          0         12       5414
Mem:         32177      28358       3819          0         12       5414
Mem:         32177      28357       3820          0         12       5414
Mem:         32177      28355       3821          0         12       5414
Mem:         32177      28355       3822          0         12       5414
Mem:         32177      28353       3823          0         12       5414
Mem:         32177      28353       3824          0         12       5414
Mem:         32177      28353       3824          0         12       5414
Mem:         32177      28349       3827          0         12       5414
Mem:         32177      28349       3827          0         12       5414
Mem:         32177      28349       3828          0         12       5414
Mem:         32177      28349       3828          0         12       5414
Mem:         32177      28349       3828          0         12       5414
Mem:         32177      28378       3798          0         12       5414
Mem:         32177      28519       3658          0         12       5414
Mem:         32177      28660       3517          0         12       5414
Mem:         32177      28785       3392          0         12       5414
Mem:         32177      28867       3309          0         12       5432
Mem:         32177      29066       3110          0         12       5508
Mem:         32177      29182       2995          0         12       5548
Mem:         32177      29322       2854          0         12       5598
Mem:         32177      29425       2752          0         12       5601
Mem:         32177      29521       2655          0         12       5618
Mem:         32177      29670       2507          0         12       5656
Mem:         32177      29930       2247          0         12       5668
Mem:         32177      30037       2140          0         12       5757
Mem:         32177      30167       2009          0         12       5759
Mem:         32177      30352       1825          0         12       5759
Mem:         32177      30424       1753          0         12       5759
Mem:         32177      30434       1742          0         12       5769
Mem:         32177      30568       1609          0         12       5808
Mem:         32177      30567       1609          0         12       5808
Mem:         32177      30567       1609          0         12       5808
Mem:         32177      30568       1609          0         12       5808
Mem:         32177      30568       1608          0         12       5808
Mem:         32177      30568       1609          0         12       5808
Mem:         32177      30567       1609          0         12       5808
Mem:         32177      30568       1609          0         12       5808
Mem:         32177      30566       1611          0         12       5808
Mem:         32177      30566       1611          0         12       5808
Mem:         32177      30565       1611          0         12       5808
Mem:         32177      30565       1611          0         12       5808
Mem:         32177      30565       1612          0         12       5808
Mem:         32177      30565       1612          0         12       5808
Mem:         32177      30565       1612          0         12       5808
Mem:         32177      30565       1611          0         12       5808
Mem:         32177      30567       1610          0         12       5808
Mem:         32177      30567       1609          0         13       5808
Mem:         32177      30571       1605          0         14       5808
Mem:         32177      30576       1601          0         15       5808
Mem:         32177      30576       1601          0         15       5808
Mem:         32177      30404       1773          0         15       5562
Mem:         32177      30504       1672          0         15       5562
Mem:         32177      30619       1558          0         15       5562
Mem:         32177      30762       1415          0         15       5573
Mem:         32177      30877       1299          0         15       5597
Mem:         32177      31063       1113          0         15       5612
Mem:         32177      31241        935          0         15       5625
Mem:         32177      31427        749          0         15       5640
Mem:         32177      31456        720          0         15       5655
Mem:         32177      31479        698          0         15       5672
Mem:         32177      31496        681          0         15       5688
Mem:         32177      31505        671          0         15       5690
Mem:         32177      31501        675          0         15       5690
Mem:         32177      31525        652          0         15       5690
Mem:         32177      31619        558          0         15       5690
Mem:         32177      31637        539          0         15       5691
Mem:         32177      31636        541          0         15       5690
Mem:         32177      31645        532          0         15       5690
Mem:         32177      31644        532          0         15       5690
Mem:         32177      31645        532          0         15       5690
Mem:         32177      31645        532          0         15       5690
Mem:         32177      31645        532          0         15       5690
Mem:         32177      31644        533          0         15       5690
Mem:         32177      31644        533          0         15       5690
Mem:         32177      31644        533          0         15       5690
Mem:         32177      31646        531          0         15       5690
Mem:         32177      31645        531          0         15       5690
Mem:         32177      31646        531          0         15       5690
Mem:         32177      31645        531          0         15       5690
Mem:         32177      31646        531          0         15       5690
Mem:         32177      31646        531          0         15       5690
Mem:         32177      31646        530          0         15       5690
Mem:         32177      31646        531          0         15       5690
Mem:         32177      31646        530          0         15       5690
Mem:         32177      31650        526          0         15       5691
Mem:         32177      31697        480          0         15       5691
Mem:         32177      31756        421          0         15       5691
Mem:         32177      32008        169          0         15       5691
Mem:         32177      32081         96          0         15       5691
Mem:         32177      32093         84          0         15       5668
Mem:         32177      32086         91          0         15       5742
Mem:         32177      32084         92          0         15       5775
Mem:         32177      32092         85          0         15       5796
Mem:         32177      32083         94          0         15       5822
Mem:         32177      32093         84          0         15       5819
Mem:         32177      32091         85          0         15       5814
Mem:         32177      32083         93          0         16       5820
Mem:         32177      32094         83          0         16       5814
Mem:         32177      32083         93          0         16       5810
Mem:         32177      32093         84          0         16       5812
Mem:         32177      32072        105          0         16       5815
Mem:         32177      32094         83          0         16       5820
Mem:         32177      32091         86          0         16       5829
Mem:         32177      32082         95          0         15       5686
Mem:         32177      32088         89          0         15       5652
Mem:         32177      32086         90          0         15       5654
Mem:         32177      32094         83          0         13       5595
Mem:         32177      32089         88          0         13       5532
Mem:         32177      32085         91          0         12       5501
Mem:         32177      32085         92          0         12       5484
Mem:         32177      32086         90          0         10       5417
Mem:         32177      32088         89          0         10       5417
Mem:         32177      32088         89          0         10       5417
Mem:         32177      32088         89          0         10       5417
Mem:         32177      32087         89          0         10       5417
Mem:         32177      31872        304          0         10       5182
Mem:         32177      32009        168          0         10       5195
Mem:         32177      32088         89          0         10       5097
Mem:         32177      32088         89          0         10       5021
Mem:         32177      32085         92          0         10       4988
Mem:         32177      32086         90          0         10       4936
Mem:         32177      32066        110          0         10       4907
Mem:         32177      32083         94          0          9       4835
Mem:         32177      32083         94          0          9       4798
Mem:         32177      32090         86          0          9       4776
Mem:         32177      32057        120          0          8       4729
Mem:         32177      32064        113          0          7       4691
Mem:         32177      32086         91          0          7       4646
Mem:         32177      32085         92          0          7       4606
Mem:         32177      32092         85          0          7       4544
Mem:         32177      32085         92          0          7       4480
Mem:         32177      32091         85          0          7       4465
Mem:         32177      32087         90          0          7       4418
Mem:         32177      32085         91          0          7       4416
Mem:         32177      32083         94          0          7       4413
Mem:         32177      32084         92          0          7       4415
Mem:         32177      32083         93          0          7       4415
Mem:         32177      32083         94          0          7       4415
Mem:         32177      32083         94          0          7       4415
Mem:         32177      32083         94          0          7       4415
Mem:         32177      32082         94          0          7       4415
Mem:         32177      32082         94          0          7       4415
Mem:         32177      32082         95          0          7       4415
Mem:         32177      32082         95          0          7       4415
Mem:         32177      32082         95          0          7       4415
Mem:         32177      32081         95          0          7       4415
Mem:         32177      32082         95          0          7       4415
Mem:         32177      32082         95          0          7       4414
Mem:         32177      32080         96          0          7       4410
Mem:         32177      32085         92          0          7       4326
Mem:         32177      32073        103          0          7       4279
Mem:         32177      32083         94          0          6       4063
Mem:         32177      32091         85          0          5       3864
Mem:         32177      32088         88          0          5       3853
Mem:         32177      32090         86          0          5       3803
Mem:         32177      32086         90          0          5       3797
Mem:         32177      32088         89          0          5       3718
Mem:         32177      32093         84          0          5       3695
Mem:         32177      32088         89          0          5       3653
Mem:         32177      32075        102          0          5       3647
Mem:         32177      32087         90          0          4       3523
Mem:         32177      32086         91          0          5       3451
Mem:         32177      32092         85          0          5       3282
Mem:         32177      32090         87          0          4       3185
Mem:         32177      32088         88          0          4       3203
Mem:         32177      30797       1379          0          5       1913
Mem:         32177      31010       1167          0          5       1998
Mem:         32177      31118       1059          0          5       2105
Mem:         32177      31187        989          0          5       2119
Mem:         32177      31188        989          0          5       2119
Mem:         32177      31187        989          0          5       2120
Mem:         32177      31176       1000          0          5       2108
Mem:         32177      31248        929          0          5       2179
Mem:         32177      31329        847          0          5       2245
Mem:         32177      31412        764          0          5       2326
Mem:         32177      31448        729          0          5       2361
Mem:         32177      31451        725          0          5       2362
Mem:         32177      31451        726          0          5       2363
Mem:         32177      31451        726          0          5       2362
Mem:         32177      31450        727          0          5       2362
Mem:         32177      31449        727          0          5       2363
Mem:         32177      31449        728          0          5       2363
Mem:         32177      31449        727          0          5       2363
Mem:         32177      31449        728          0          5       2363
Mem:         32177      31444        732          0          5       2363
Mem:         32177      31443        733          0          5       2363
Mem:         32177      31255        922          0          6       2174
Mem:         32177      31321        856          0          6       2238
Mem:         32177      31389        788          0          6       2306
Mem:         32177      31458        719          0          6       2376
Mem:         32177      31536        641          0          6       2453
Mem:         32177      31611        565          0          6       2528
Mem:         32177      31679        498          0          6       2595
Mem:         32177      31748        429          0          6       2665
Mem:         32177      31819        358          0          6       2734
Mem:         32177      31883        294          0          6       2798
Mem:         32177      31949        227          0          6       2863
Mem:         32177      32020        157          0          6       2926
Mem:         32177      32086         91          0          6       2997
Mem:         32177      32094         83          0          6       3005
Mem:         32177      32091         86          0          6       3001
Mem:         32177      32086         90          0          6       2999
Mem:         32177      32091         86          0          6       3005
Mem:         32177      32090         86          0          6       3005
Mem:         32177      32085         92          0          6       3001
Mem:         32177      32087         90          0          6       3004
Mem:         32177      32083         94          0          6       3000
Mem:         32177      32027        150          0          6       3009
Mem:         32177      32088         89          0          6       3068
Mem:         32177      32083         93          0          6       3066
Mem:         32177      32086         91          0          6       3068
Mem:         32177      32084         93          0          6       3066
Mem:         32177      32087         89          0          6       3070
Mem:         32177      32083         94          0          6       3067
Mem:         32177      32082         95          0          6       3067
Mem:         32177      32082         95          0          6       3067
Mem:         32177      32081         96          0          6       3067
Mem:         32177      32081         96          0          6       3067
Mem:         32177      32081         96          0          6       3067
Mem:         32177      32081         96          0          6       3068
Mem:         32177      32009        167          0          6       2996
Mem:         32177      32063        113          0          6       3003
Mem:         32177      32086         91          0          6       3024
Mem:         32177      32086         91          0          6       3023
Mem:         32177      32088         89          0          6       3024
Mem:         32177      32083         94          0          6       3019
Mem:         32177      32085         92          0          6       3021
Mem:         32177      32091         85          0          6       3030
Mem:         32177      32090         86          0          5       2995
Mem:         32177      32087         90          0          5       3037
Mem:         32177      32084         92          0          5       3034
Mem:         32177      32085         92          0          5       3035
Mem:         32177      32086         90          0          6       3030
Mem:         32177      32087         90          0          5       3033
Mem:         32177      32088         89          0          5       3036
Mem:         32177      32086         90          0          5       3035
Mem:         32177      32084         92          0          5       3033
Mem:         32177      32082         95          0          5       3032
Mem:         32177      32085         92          0          5       3034
Mem:         32177      32086         91          0          5       3038
Mem:         32177      32086         90          0          5       3038
Mem:         32177      32082         94          0          5       3034
Mem:         32177      32084         93          0          5       3035
Mem:         32177      32083         94          0          5       3036
Mem:         32177      32079         98          0          5       3036
Mem:         32177      32079         98          0          5       3036
Mem:         32177      32078         98          0          5       3036
Mem:         32177      32078         99          0          5       3036
Mem:         32177      32077         99          0          5       3036
Mem:         32177      32078         99          0          5       3036
Mem:         32177      32078         99          0          5       3036
Mem:         32177      32080         97          0          5       3038
Mem:         32177      32081         95          0          5       3031
Mem:         32177      32088         89          0          5       3041
Mem:         32177      32086         91          0          6       3036
Mem:         32177      32086         91          0          6       3040
Mem:         32177      32084         92          0          5       3038
Mem:         32177      32086         91          0          5       3036
Mem:         32177      32048        128          0          5       2999
Mem:         32177      32084         92          0          5       3036
Mem:         32177      32085         91          0          5       3036
Mem:         32177      32074        103          0          5       3022
Mem:         32177      32092         84          0          5       3040
Mem:         32177      32085         92          0          5       3032
Mem:         32177      32087         89          0          5       3035
Mem:         32177      32086         91          0          5       3034
Mem:         32177      32086         90          0          5       3036
Mem:         32177      32080         96          0          5       3029
Mem:         32177      32088         89          0          5       3037
Mem:         32177      32084         92          0          5       3032
Mem:         32177      32084         93          0          5       3033
Mem:         32177      32084         92          0          5       3034
Mem:         32177      32085         91          0          5       3035
Mem:         32177      32085         92          0          5       3036
Mem:         32177      32083         94          0          5       3036
Mem:         32177      32083         94          0          5       3036
Mem:         32177      32083         94          0          5       3036
Mem:         32177      32083         94          0          5       3036
Mem:         32177      32083         94          0          5       3036
Mem:         32177      32083         94          0          5       3036
Mem:         32177      32083         94          0          5       3036
Mem:         32177      32079         97          0          5       3029
Mem:         32177      32008        169          0          5       2996
Mem:         32177      32062        115          0          5       3052
Mem:         32177      32084         92          0          6       3074
Mem:         32177      32085         92          0          6       3074
Mem:         32177      32085         92          0          5       3074
Mem:         32177      32086         91          0          5       3075
Mem:         32177      32088         89          0          5       3077
Mem:         32177      32092         84          0          6       3082
Mem:         32177      32088         89          0          5       3077
Mem:         32177      32085         92          0          5       3075
Mem:         32177      32083         94          0          5       3074
Mem:         32177      32082         95          0          5       3073
Mem:         32177      32082         94          0          5       3051
Mem:         32177      32088         89          0          5       3058
Mem:         32177      32086         91          0          5       3055
Mem:         32177      32089         87          0          5       3060
Mem:         32177      32087         90          0          5       3057
Mem:         32177      32082         95          0          5       3054
Mem:         32177      32081         95          0          5       3056
Mem:         32177      32081         96          0          5       3056
Mem:         32177      32080         96          0          5       3056
Mem:         32177      32081         96          0          5       3056
Mem:         32177      32087         89          0          5       3060
Mem:         32177      32081         96          0          5       3033
Mem:         32177      32088         89          0          5       3043
Mem:         32177      32085         91          0          5       3043
Mem:         32177      32083         93          0          5       3040
Mem:         32177      32087         90          0          5       3043
Mem:         32177      32082         94          0          5       3035
Mem:         32177      32090         87          0          5       3021
Mem:         32177      32071        105          0          6       3022
Mem:         32177      32087         89          0          6       3037
Mem:         32177      32087         90          0          6       3036
Mem:         32177      32085         92          0          6       3034
Mem:         32177      32093         83          0          6       3042
Mem:         32177      32082         95          0          6       3030
Mem:         32177      32085         91          0          6       3033
Mem:         32177      32077        100          0          6       3027
Mem:         32177      32077        100          0          6       3026
Mem:         32177      32076        101          0          6       3026
Mem:         32177      32075        101          0          6       3026
Mem:         32177      32075        101          0          6       3026
Mem:         32177      32074        102          0          6       3026
Mem:         32177      32074        103          0          6       3026
Mem:         32177      32074        103          0          6       3026
Mem:         32177      32073        104          0          6       3026
Mem:         32177      32077        100          0          6       3030
Mem:         32177      32087         90          0          6       3025
Mem:         32177      32086         90          0          6       3030
Mem:         32177      32090         86          0          5       3034
Mem:         32177      32085         92          0          5       3032
Mem:         32177      32082         95          0          5       3030
Mem:         32177      32087         90          0          5       3035
Mem:         32177      32090         87          0          5       3037
Mem:         32177      32062        115          0          5       3006
Mem:         32177      32085         91          0          5       3033
Mem:         32177      32086         91          0          5       3033
Mem:         32177      32094         83          0          5       3019
Mem:         32177      32089         88          0          5       3035
Mem:         32177      32081         96          0          5       3026
Mem:         32177      32083         93          0          5       3031
Mem:         32177      32081         95          0          5       3029
Mem:         32177      32082         95          0          5       3030
Mem:         32177      32083         94          0          5       3030
Mem:         32177      32084         92          0          6       3030
Mem:         32177      32083         94          0          7       3025
Mem:         32177      32083         94          0          7       3024
Mem:         32177      32083         93          0          7       3023
Mem:         32177      32083         93          0          7       3023
Mem:         32177      32083         93          0          7       3023
Mem:         32177      32083         94          0          7       3023
Mem:         32177      32083         94          0          7       3023
Mem:         32177      32083         94          0          7       3023
Mem:         32177      32083         94          0          7       3023
Mem:         32177      32083         94          0          7       3023
Mem:         32177      32083         94          0          7       3023
Mem:         32177      32082         95          0          7       3023
Mem:         32177      32082         94          0          7       3024
Mem:         32177      32082         95          0          7       3024
Mem:         32177      32089         88          0          7       3022
Mem:         32177      32084         93          0          7       3019
Mem:         32177      32084         92          0          7       3020
Mem:         32177      32085         91          0          7       3026
Mem:         32177      32082         94          0          7       3023
Mem:         32177      32088         89          0          7       3026
Mem:         32177      32066        110          0          7       3005
Mem:         32177      32084         93          0          7       3019
Mem:         32177      32073        104          0          7       3006
Mem:         32177      32082         94          0          7       3017
Mem:         32177      32086         91          0          7       3021
Mem:         32177      32085         92          0          7       3020
Mem:         32177      32085         92          0          7       3017
Mem:         32177      32079         97          0          7       3012
Mem:         32177      32080         97          0          7       3012
Mem:         32177      32079         98          0          7       3013
Mem:         32177      32078         99          0          7       3013
Mem:         32177      32078         99          0          7       3013
Mem:         32177      32078         99          0          7       3013
Mem:         32177      32078         99          0          7       3013
Mem:         32177      32078         99          0          7       3013
Mem:         32177      32078         99          0          7       3013
Mem:         32177      32078         99          0          7       3013
Mem:         32177      32078         99          0          7       3013
Mem:         32177      32077         99          0          7       3013
Mem:         32177      32078         99          0          7       3014
Mem:         32177      32083         93          0          7       3012
Mem:         32177      32085         92          0          6       3014
Mem:         32177      31921        255          0          6       2852
Mem:         32177      31897        279          0          6       2830
Mem:         32177      31970        206          0          6       2903
Mem:         32177      32041        135          0          6       2973
Mem:         32177      32092         85          0          6       3028
Mem:         32177      32053        124          0          6       2989
Mem:         32177      32094         83          0          6       3030
Mem:         32177      32089         87          0          6       3028
Mem:         32177      32090         87          0          6       3028
Mem:         32177      32083         94          0          6       3023
Mem:         32177      32087         89          0          6       3027
Mem:         32177      32075        102          0          6       3015
Mem:         32177      32089         88          0          6       3029
Mem:         32177      32082         95          0          6       3023
Mem:         32177      32083         93          0          6       3023
Mem:         32177      32082         94          0          6       3023
Mem:         32177      32082         95          0          6       3023
Mem:         32177      32082         95          0          6       3023
Mem:         32177      32082         95          0          6       3023
Mem:         32177      32082         95          0          6       3023
Mem:         32177      32081         95          0          6       3023
Mem:         32177      32081         95          0          6       3023
Mem:         32177      32080         96          0          6       3023
Mem:         32177      32080         96          0          6       3023
Mem:         32177      32080         97          0          6       3023
Mem:         32177      32081         96          0          6       3024
Mem:         32177      32081         96          0          6       3024
Mem:         32177      32084         93          0          6       3022
Mem:         32177      32088         88          0          6       3029
Mem:         32177      32084         93          0          6       3025
Mem:         32177      32081         96          0          6       3020
Mem:         32177      32086         91          0          6       3026
Mem:         32177      32086         91          0          6       3024
Mem:         32177      32090         87          0          5       3030
Mem:         32177      32078         98          0          5       3017
Mem:         32177      32086         90          0          5       3029
Mem:         32177      32084         92          0          5       3030
Mem:         32177      32086         91          0          5       3035
Mem:         32177      32087         89          0          5       3037
Mem:         32177      32087         89          0          5       3037
Mem:         32177      32088         89          0          5       3036
Mem:         32177      32080         96          0          5       3030
Mem:         32177      32081         96          0          5       3030
Mem:         32177      32080         96          0          5       3030
Mem:         32177      32081         96          0          5       3030
Mem:         32177      32081         96          0          5       3030
Mem:         32177      32081         96          0          5       3030
Mem:         32177      32081         96          0          5       3030
Mem:         32177      32081         96          0          5       3030
Mem:         32177      32081         96          0          5       3030
Mem:         32177      32081         96          0          5       3030
Mem:         32177      32081         96          0          5       3030
Mem:         32177      32086         90          0          5       3034
Mem:         32177      32086         91          0          5       3032
Mem:         32177      32086         90          0          5       3035
Mem:         32177      32086         91          0          5       3035
Mem:         32177      32086         90          0          5       3035
Mem:         32177      32082         95          0          5       3026
Mem:         32177      32085         91          0          5       3029
Mem:         32177      32058        118          0          5       2945
Mem:         32177      32081         96          0          5       3009
Mem:         32177      32082         95          0          5       3011
Mem:         32177      32084         92          0          5       3012
Mem:         32177      32086         90          0          5       3014
Mem:         32177      32085         92          0          5       3013
Mem:         32177      32092         84          0          5       3022
Mem:         32177      32092         85          0          5       3022
Mem:         32177      32080         96          0          5       3011
Mem:         32177      32080         97          0          5       3011
Mem:         32177      32078         98          0          5       3011
Mem:         32177      32078         99          0          5       3011
Mem:         32177      32077        100          0          5       3011
Mem:         32177      32077        100          0          5       3011
Mem:         32177      32076        100          0          5       3011
Mem:         32177      32078         98          0          5       3011
Mem:         32177      32078         99          0          5       3011
Mem:         32177      32078         98          0          5       3011
Mem:         32177      32079         98          0          5       3012
Mem:         32177      32087         90          0          5       3009
Mem:         32177      32090         86          0          5       3031
Mem:         32177      32087         90          0          5       3028
Mem:         32177      32084         93          0          5       3026
Mem:         32177      32087         90          0          5       3029
Mem:         32177      32088         89          0          5       3028
Mem:         32177      32060        116          0          5       3001
Mem:         32177      32083         93          0          5       3025
Mem:         32177      32087         89          0          5       3030
Mem:         32177      32088         88          0          5       3029
Mem:         32177      32085         92          0          5       3026
Mem:         32177      32085         91          0          5       3028
Mem:         32177      32084         93          0          4       3027
Mem:         32177      32094         83          0          4       3038
Mem:         32177      32083         94          0          4       3027
Mem:         32177      32083         94          0          4       3027
Mem:         32177      32080         97          0          4       3028
Mem:         32177      32078         98          0          4       3028
Mem:         32177      32079         98          0          4       3028
Mem:         32177      32078         99          0          4       3028
Mem:         32177      32082         94          0          4       3028
Mem:         32177      32082         95          0          4       3028
Mem:         32177      32082         95          0          4       3028
Mem:         32177      32082         95          0          4       3028
Mem:         32177      32082         94          0          4       3028
Mem:         32177      32083         94          0          4       3028
Mem:         32177      32083         93          0          5       3028
Mem:         32177      32084         92          0          5       3028
Mem:         32177      32085         91          0          5       3028
Mem:         32177      32084         92          0          5       3019
Mem:         32177      32088         88          0          5       3022
Mem:         32177      32085         92          0          5       3020
Mem:         32177      32081         96          0          5       3015
Mem:         32177      32086         91          0          5       3022
Mem:         32177      32081         95          0          5       3017
Mem:         32177      32086         90          0          5       3023
Mem:         32177      32081         95          0          5       3017
Mem:         32177      32093         83          0          5       3012
Mem:         32177      32054        122          0          5       2987
Mem:         32177      32087         89          0          5       3022
Mem:         32177      32085         91          0          5       3020
Mem:         32177      32088         88          0          5       3022
Mem:         32177      32071        105          0          5       3006
Mem:         32177      32071        106          0          5       3006
Mem:         32177      32070        106          0          5       3006
Mem:         32177      32069        108          0          5       3006
Mem:         32177      32068        109          0          5       3007
Mem:         32177      32068        109          0          5       3006
Mem:         32177      32067        109          0          5       3007
Mem:         32177      32067        110          0          5       3007
Mem:         32177      32066        110          0          5       3007
Mem:         32177      32067        110          0          5       3007
Mem:         32177      32066        110          0          5       3007
Mem:         32177      32072        105          0          5       3009
Mem:         32177      32082         94          0          5       3018
Mem:         32177      32093         84          0          5       3026
Mem:         32177      32090         87          0          5       3024
Mem:         32177      32092         85          0          5       3028
Mem:         32177      32089         88          0          4       3026
Mem:         32177      32087         89          0          4       3022
Mem:         32177      32083         94          0          4       3019
Mem:         32177      32049        128          0          4       2988
Mem:         32177      32075        102          0          4       3012
Mem:         32177      32075        102          0          4       3013
Mem:         32177      32076        100          0          4       3013
Mem:         32177      32077         99          0          4       3014
Mem:         32177      32077        100          0          4       3014
Mem:         32177      32077        100          0          4       3014
Mem:         32177      32076        101          0          4       3014
Mem:         32177      32076        101          0          4       3014
Mem:         32177      32076        101          0          4       3014
Mem:         32177      32075        102          0          4       3014
Mem:         32177      32074        102          0          4       3014
Mem:         32177      32074        103          0          4       3014
Mem:         32177      32074        103          0          4       3014
Mem:         32177      32070        107          0          5       3014
Mem:         32177      32070        107          0          5       3014
Mem:         32177      32070        107          0          5       3014
Mem:         32177      32070        107          0          5       3014
Mem:         32177      32080         96          0          5       3019
Mem:         32177      32081         95          0          5       3022
Mem:         32177      32082         95          0          4       3021
Mem:         32177      32088         88          0          4       3029
Mem:         32177      32091         85          0          4       3033
Mem:         32177      32088         88          0          4       3030
Mem:         32177      32092         84          0          4       3037
Mem:         32177      32085         92          0          4       2985
Mem:         32177      32085         92          0          4       3026
Mem:         32177      32087         90          0          4       3028
Mem:         32177      32084         92          0          4       3027
Mem:         32177      32083         93          0          4       3024
Mem:         32177      32086         90          0          4       3028
Mem:         32177      32087         90          0          4       3028
Mem:         32177      32086         91          0          4       3028
Mem:         32177      32085         91          0          4       3029
Mem:         32177      32085         92          0          4       3029
Mem:         32177      32085         92          0          4       3029
Mem:         32177      32084         92          0          4       3029
Mem:         32177      32084         93          0          4       3029
Mem:         32177      32084         92          0          4       3029
Mem:         32177      32084         92          0          4       3029
Mem:         32177      32084         93          0          4       3029
Mem:         32177      32084         93          0          4       3029
Mem:         32177      32083         93          0          4       3029
Mem:         32177      32083         94          0          4       3029
Mem:         32177      32082         94          0          4       3029
Mem:         32177      32081         96          0          4       3025
Mem:         32177      32074        102          0          4       3017
Mem:         32177      32083         94          0          4       3026
Mem:         32177      32085         92          0          4       3025
Mem:         32177      32083         94          0          4       3025
Mem:         32177      32092         84          0          4       3035
Mem:         32177      32093         83          0          4       3035
Mem:         32177      32092         85          0          4       3030
Mem:         32177      32069        108          0          4       3009
Mem:         32177      32088         89          0          4       3027
Mem:         32177      32084         92          0          4       3022
Mem:         32177      32087         90          0          4       3025
Mem:         32177      32086         91          0          4       3024
Mem:         32177      32083         94          0          4       3022
Mem:         32177      32085         92          0          4       3023
Mem:         32177      32084         93          0          4       3023
Mem:         32177      32083         94          0          4       3023
Mem:         32177      32083         94          0          4       3023
Mem:         32177      32082         95          0          4       3023
Mem:         32177      32081         95          0          4       3023
Mem:         32177      32081         96          0          4       3023
Mem:         32177      32081         96          0          4       3023
Mem:         32177      32080         96          0          4       3023
Mem:         32177      32080         96          0          4       3023
Mem:         32177      32080         96          0          4       3023
Mem:         32177      32080         97          0          4       3023
Mem:         32177      32080         97          0          4       3023
Mem:         32177      32083         94          0          4       3023
Mem:         32177      32086         91          0          4       3021
Mem:         32177      32088         89          0          4       3024
Mem:         32177      32086         91          0          4       3025
Mem:         32177      32089         88          0          4       3030
Mem:         32177      32093         84          0          4       3035
Mem:         32177      32089         88          0          4       3030
Mem:         32177      32085         91          0          4       3026
Mem:         32177      32048        129          0          4       2990
Mem:         32177      32076        101          0          4       3017
Mem:         32177      32087         90          0          5       3028
Mem:         32177      32085         92          0          6       3023
Mem:         32177      32083         94          0          7       3021
Mem:         32177      32084         93          0          7       3019
Mem:         32177      32080         97          0          8       3014
Mem:         32177      32083         94          0          9       3016
Mem:         32177      32084         92          0          9       3018
Mem:         32177      32087         90          0         10       3019
Mem:         32177      32081         95          0         10       3014
Mem:         32177      32083         93          0         10       3015
Mem:         32177      32086         90          0         10       3018
Mem:         32177      32083         94          0         11       3014
Mem:         32177      32085         92          0         11       3016
Mem:         32177      32082         95          0         11       3009
Mem:         32177      32086         90          0         11       3012
Mem:         32177      32087         89          0         11       3013
Mem:         32177      32086         90          0         11       3015
Mem:         32177      32081         96          0         11       3010
Mem:         32177      32085         92          0         11       3012
Mem:         32177      32087         90          0         11       3013
Mem:         32177      32073        103          0         11       3002
Mem:         32177      32091         86          0         11       3023
Mem:         32177      32094         83          0         11       3025
Mem:         32177      32089         88          0         11       3021
Mem:         32177      32089         87          0         11       3023
Mem:         32177      32083         94          0         11       3016
Mem:         32177      32085         92          0         11       3017
Mem:         32177      31455        722          0         11       2386
Mem:         32177      31529        648          0         11       2459
Mem:         32177      31564        612          0         11       2493
Mem:         32177      31565        611          0         11       2495
Mem:         32177      31569        607          0         12       2498
Mem:         32177      31571        605          0         12       2500
Mem:         32177      31573        603          0         12       2501
Mem:         32177      31576        601          0         12       2503
Mem:         32177      31615        561          0         12       2532
Mem:         32177      31685        492          0         13       2594
Mem:         32177      31749        428          0         13       2656
Mem:         32177      31810        367          0         13       2715
Mem:         32177      31883        293          0         13       2790
Mem:         32177      31939        238          0         13       2841
Mem:         32177      32009        168          0         14       2909
Mem:         32177      32080         96          0         14       2981
Mem:         32177      32089         87          0         14       2992
Mem:         32177      32086         90          0         14       2989
Mem:         32177      32090         86          0         14       2993
Mem:         32177      32074        102          0         14       2977
Mem:         32177      32086         91          0         14       2988
Mem:         32177      32086         91          0         14       2989
Mem:         32177      32085         91          0         15       2989
Mem:         32177      32088         89          0         15       2989
Mem:         32177      32087         90          0         15       2993
Mem:         32177      32087         89          0         15       2994
Mem:         32177      32085         92          0         15       2989
Mem:         32177      32080         97          0         15       2981
Mem:         32177      32086         91          0         15       2982
Mem:         32177      32085         91          0         15       2969
Mem:         32177      32038        139          0         15       2970
Mem:         32177      32034        142          0         15       2967
Mem:         32177      32078         98          0         15       3009
Mem:         32177      32084         93          0         15       3014
Mem:         32177      32082         94          0         15       3013
Mem:         32177      32086         90          0         15       3011
Mem:         32177      32085         92          0         15       3006
Mem:         32177      32085         91          0         15       3005
Mem:         32177      32066        111          0         15       2985
Mem:         32177      32077        100          0         15       2993
Mem:         32177      32088         89          0         15       3003
Mem:         32177      32083         93          0         15       3000
Mem:         32177      32090         87          0         15       3009
Mem:         32177      32092         85          0         14       3011
Mem:         32177      31852        325          0         14       2771
Mem:         32177      31874        302          0         15       2794
Mem:         32177      31876        301          0         15       2796
Mem:         32177      31877        300          0         15       2798
Mem:         32177      31878        298          0         15       2799
Mem:         32177      31880        297          0         15       2801
Mem:         32177      31881        295          0         15       2803
Mem:         32177      31883        293          0         15       2805
Mem:         32177      31885        292          0         15       2807
Mem:         32177      31886        291          0         15       2808
Mem:         32177      31888        289          0         15       2810
Mem:         32177      31890        287          0         15       2812
Mem:         32177      31903        274          0         15       2821
Mem:         32177      31959        217          0         15       2866
Mem:         32177      32045        132          0         16       2889
Mem:         32177      32056        120          0         16       2964
Mem:         32177      32081         96          0         16       2988
Mem:         32177      32087         90          0         16       2991
Mem:         32177      32087         89          0         16       2991
Mem:         32177      32086         91          0         16       2988
Mem:         32177      32085         91          0         15       2946
Mem:         32177      32082         95          0         15       2984
Mem:         32177      32083         94          0         15       2986
Mem:         32177      32087         90          0         15       2988
Mem:         32177      32085         91          0         15       2993
Mem:         32177      32087         89          0         15       2994
Mem:         32177      32082         94          0         15       2990
Mem:         32177      32084         93          0         15       2992
Mem:         32177      32086         91          0         15       2993
Mem:         32177      32082         95          0         15       2989
Mem:         32177      32083         93          0         15       2990
Mem:         32177      32085         91          0         15       2992
Mem:         32177      32088         89          0         15       2994
Mem:         32177      32083         94          0         15       2989
Mem:         32177      32084         92          0         15       2991
Mem:         32177      32087         90          0         15       2991
Mem:         32177      32070        107          0         15       2969
Mem:         32177      32094         83          0         15       2993
Mem:         32177      32093         83          0         14       2994
Mem:         32177      32093         83          0         14       2995
Mem:         32177      31960        216          0         14       2867
Mem:         32177      32019        158          0         14       2929
Mem:         32177      32084         92          0         14       2983
Mem:         32177      32087         90          0         14       2997
Mem:         32177      31862        314          0         14       2773
Mem:         32177      31931        245          0         14       2842
Mem:         32177      32002        175          0         14       2912
Mem:         32177      32080         96          0         14       2992
Mem:         32177      32093         84          0         14       3005
Mem:         32177      32088         88          0         14       3001
Mem:         32177      32085         91          0         14       3000
Mem:         32177      32066        111          0         13       2982
Mem:         32177      32065        112          0         13       2982
Mem:         32177      32064        113          0         13       2982
Mem:         32177      32063        114          0         14       2982
Mem:         32177      32062        114          0         14       2982
Mem:         32177      32061        115          0         14       2982
Mem:         32177      32061        115          0         14       2982
Mem:         32177      32070        107          0         14       2987
Mem:         32177      32086         91          0         13       2997
Mem:         32177      32080         97          0         12       2993
Mem:         32177      32083         94          0         12       3003
Mem:         32177      32086         90          0         12       3016
Mem:         32177      32090         87          0         12       3022
Mem:         32177      32093         83          0         10       3029
Mem:         32177      32084         93          0         10       3017
Mem:         32177      32075        102          0         10       2991
Mem:         32177      32016        161          0         12       2951
Mem:         32177      32086         91          0         14       3018
Mem:         32177      32086         90          0         17       3019
Mem:         32177      32090         87          0         21       3022
Mem:         32177      32083         94          0         28       3012
Mem:         32177      32069        107          0         28       2997
Mem:         32177      32085         92          0         34       3008
Mem:         32177      32082         94          0         43       2997
Mem:         32177      32081         96          0         49       2989
Mem:         32177      32084         92          0         54       2983
Mem:         32177      32083         94          0         60       2977
Mem:         32177      32085         92          0         65       2973
Mem:         32177      32086         90          0         69       2968
Mem:         32177      32085         91          0         73       2963
Mem:         32177      32081         96          0         76       2955
Mem:         32177      32088         89          0         77       2959
Mem:         32177      32087         90          0         80       2956
Mem:         32177      32084         93          0         81       2952
Mem:         32177      32088         89          0         83       2954
Mem:         32177      32088         89          0         83       2953
Mem:         32177      32087         89          0         83       2954
Mem:         32177      32085         92          0         83       2952
Mem:         32177      32086         91          0         83       2952
Mem:         32177      32088         89          0         84       2951
Mem:         32177      32087         90          0         85       2950
Mem:         32177      32046        130          0         89       2907
Mem:         32177      32083         94          0         90       2941
Mem:         32177      32081         95          0         90       2940
Mem:         32177      32084         93          0         89       2942
Mem:         32177      32016        161          0         88       2875
Mem:         32177      32080         96          0         90       2938
Mem:         32177      32069        108          0         85       2932
Mem:         32177      32070        107          0         89       2934
Mem:         32177      32076        100          0         93       2937
Mem:         32177      32081         96          0         95       2938
Mem:         32177      32086         91          0         98       2940
Mem:         32177      32085         91          0         98       2940
Mem:         32177      32083         93          0         96       2937
Mem:         32177       8859      23317          0        100       2940
