Mem:         48264       1860      46404          0          2        117
Mem:         48264       1928      46336          0          2        137
Mem:         48264       2024      46240          0          2        154
Mem:         48264       2249      46015          0          2        172
Mem:         48264       4403      43861          0          2        247
Mem:         48264       7656      40608          0          3        370
Mem:         48264       8177      40087          0          3        513
Mem:         48264       8441      39823          0          3        656
Mem:         48264       8693      39571          0          3        803
Mem:         48264       8975      39289          0          3        943
Mem:         48264       9443      38821          0          3       1072
Mem:         48264       9582      38682          0          3       1209
Mem:         48264      10670      37594          0          4       1353
Mem:         48264      11018      37246          0          4       1489
Mem:         48264      11147      37117          0          4       1618
Mem:         48264      11525      36739          0          4       1726
Mem:         48264      11687      36577          0          4       1755
Mem:         48264      11766      36498          0          4       1757
Mem:         48264      11768      36496          0          4       1759
Mem:         48264      11829      36435          0          4       1810
Mem:         48264      11967      36297          0          4       1927
Mem:         48264      12151      36113          0          4       2083
Mem:         48264      12304      35960          0          5       2234
Mem:         48264      12507      35757          0          5       2399
Mem:         48264      12725      35539          0          5       2549
Mem:         48264      12921      35343          0          5       2691
Mem:         48264      13067      35197          0          5       2835
Mem:         48264      13308      34956          0          5       2970
Mem:         48264      13504      34760          0          5       3111
Mem:         48264      13798      34466          0          6       3255
Mem:         48264      13944      34320          0          6       3327
Mem:         48264      14030      34234          0          6       3367
Mem:         48264      14123      34141          0          6       3409
Mem:         48264      14171      34093          0          6       3455
Mem:         48264      14184      34080          0          6       3466
Mem:         48264      14185      34079          0          6       3467
Mem:         48264      14182      34082          0          6       3467
Mem:         48264      14182      34082          0          6       3467
Mem:         48264      14181      34083          0          6       3467
Mem:         48264      14181      34082          0          6       3467
Mem:         48264      14181      34083          0          6       3467
Mem:         48264      14275      33989          0          6       3472
Mem:         48264      14433      33831          0          6       3472
Mem:         48264      14652      33612          0          6       3472
Mem:         48264      14901      33363          0          6       3504
Mem:         48264      15170      33094          0          6       3590
Mem:         48264      15261      33003          0          6       3678
Mem:         48264      15393      32871          0          6       3771
Mem:         48264      15524      32740          0          6       3877
Mem:         48264      15676      32588          0          6       3992
Mem:         48264      15782      32482          0          7       4064
Mem:         48264      15997      32267          0          7       4170
Mem:         48264      16170      32094          0          7       4301
Mem:         48264      16272      31992          0          7       4403
Mem:         48264      16354      31910          0          7       4485
Mem:         48264      16368      31896          0          7       4500
Mem:         48264      16369      31895          0          7       4500
Mem:         48264      16368      31896          0          7       4500
Mem:         48264      16368      31896          0          7       4500
Mem:         48264      16367      31897          0          7       4500
Mem:         48264      16371      31893          0          7       4500
Mem:         48264      16369      31894          0          7       4500
Mem:         48264      16369      31895          0          7       4500
Mem:         48264      16369      31895          0          7       4500
Mem:         48264      16369      31895          0          7       4500
Mem:         48264      16368      31896          0          7       4500
Mem:         48264      16368      31896          0          7       4500
Mem:         48264      16371      31893          0          7       4501
Mem:         48264      16440      31824          0          7       4501
Mem:         48264      16515      31749          0          7       4501
Mem:         48264      16563      31701          0          7       4501
Mem:         48264      16744      31520          0          7       4501
Mem:         48264      16888      31376          0          7       4501
Mem:         48264      16957      31307          0          7       4501
Mem:         48264      16987      31277          0          7       4501
Mem:         48264      17045      31219          0          7       4501
Mem:         48264      17139      31124          0          7       4501
Mem:         48264      17169      31095          0          7       4501
Mem:         48264      17269      30995          0          7       4501
Mem:         48264      17396      30868          0          7       4501
Mem:         48264      17440      30824          0          7       4501
Mem:         48264      17517      30747          0          7       4501
Mem:         48264      17606      30658          0          7       4502
Mem:         48264      17684      30580          0          7       4502
Mem:         48264      17832      30431          0          7       4502
Mem:         48264      17938      30326          0          7       4502
Mem:         48264      18031      30233          0          7       4503
Mem:         48264      18126      30138          0          7       4514
Mem:         48264      18294      29970          0          7       4525
Mem:         48264      18312      29952          0          7       4542
Mem:         48264      18358      29906          0          7       4557
Mem:         48264      18434      29830          0          7       4572
Mem:         48264      18453      29811          0          7       4589
Mem:         48264      18510      29754          0          7       4605
Mem:         48264      18527      29737          0          7       4622
Mem:         48264      18536      29728          0          7       4630
Mem:         48264      18536      29728          0          7       4630
Mem:         48264      18535      29729          0          7       4630
Mem:         48264      18577      29687          0          7       4631
Mem:         48264      18679      29585          0          7       4631
Mem:         48264      18852      29412          0          7       4631
Mem:         48264      18912      29352          0          7       4631
Mem:         48264      19092      29171          0          7       4641
Mem:         48264      19142      29122          0          7       4655
Mem:         48264      19296      28968          0          7       4668
Mem:         48264      19369      28895          0          7       4683
Mem:         48264      19389      28875          0          7       4703
Mem:         48264      19466      28798          0          7       4717
Mem:         48264      19555      28709          0          7       4737
Mem:         48264      19577      28687          0          7       4759
Mem:         48264      19578      28686          0          7       4759
Mem:         48264      19578      28686          0          7       4759
Mem:         48264      19578      28685          0          7       4759
Mem:         48264      19578      28686          0          7       4759
Mem:         48264      19578      28686          0          7       4759
Mem:         48264      19577      28687          0          7       4759
Mem:         48264      19577      28687          0          7       4759
Mem:         48264      19667      28597          0          7       4759
Mem:         48264      19835      28429          0          7       4765
Mem:         48264      19851      28413          0          7       4838
Mem:         48264      20178      28086          0          7       4838
Mem:         48264      20327      27937          0          8       4882
Mem:         48264      20440      27824          0          8       4936
Mem:         48264      20577      27687          0          8       4984
Mem:         48264      20778      27486          0          8       5056
Mem:         48264      20945      27318          0          8       5167
Mem:         48264      21096      27168          0          8       5220
Mem:         48264      21331      26933          0          8       5264
Mem:         48264      21443      26821          0          8       5352
Mem:         48264      21626      26638          0          8       5414
Mem:         48264      21858      26406          0          8       5457
Mem:         48264      22055      26209          0          8       5520
Mem:         48264      22149      26115          0          8       5574
Mem:         48264      22308      25956          0          9       5662
Mem:         48264      22457      25807          0          9       5707
Mem:         48264      22616      25648          0          9       5770
Mem:         48264      22656      25608          0          9       5809
Mem:         48264      22656      25608          0          9       5810
Mem:         48264      22659      25605          0          9       5810
Mem:         48264      22652      25611          0          9       5806
Mem:         48264      22652      25612          0          9       5806
Mem:         48264      22651      25613          0          9       5806
Mem:         48264      22651      25613          0          9       5806
Mem:         48264      22650      25614          0          9       5806
Mem:         48264      22649      25615          0          9       5806
Mem:         48264      22371      25893          0          9       5527
Mem:         48264      22474      25790          0          9       5502
Mem:         48264      22635      25629          0          9       5502
Mem:         48264      22775      25489          0          9       5502
Mem:         48264      22874      25390          0          9       5502
Mem:         48264      22952      25312          0          9       5502
Mem:         48264      23043      25221          0          9       5502
Mem:         48264      23280      24984          0          9       5502
Mem:         48264      23440      24824          0          9       5502
Mem:         48264      23542      24722          0          9       5502
Mem:         48264      23593      24671          0          9       5502
Mem:         48264      23593      24671          0          9       5502
Mem:         48264      23638      24626          0          9       5502
Mem:         48264      23716      24548          0          9       5503
Mem:         48264      23814      24450          0          9       5503
Mem:         48264      23843      24421          0          9       5503
Mem:         48264      23965      24299          0          9       5523
Mem:         48264      24104      24160          0          9       5549
Mem:         48264      24154      24110          0          9       5575
Mem:         48264      24182      24082          0          9       5602
Mem:         48264      24256      24008          0          9       5627
Mem:         48264      24258      24006          0          9       5629
Mem:         48264      24257      24007          0          9       5629
Mem:         48264      24257      24007          0          9       5629
Mem:         48264      24256      24008          0          9       5629
Mem:         48264      24255      24009          0          9       5629
Mem:         48264      24255      24009          0          9       5629
Mem:         48264      24256      24008          0          9       5629
Mem:         48264      24255      24009          0          9       5629
Mem:         48264      24255      24009          0          9       5629
Mem:         48264      24256      24008          0          9       5629
Mem:         48264      24255      24009          0          9       5629
Mem:         48264      24256      24008          0          9       5629
Mem:         48264      24265      23999          0          9       5629
Mem:         48264      24310      23954          0          9       5629
Mem:         48264      24450      23814          0          9       5629
Mem:         48264      24592      23672          0          9       5629
Mem:         48264      24729      23535          0          9       5704
Mem:         48264      25027      23237          0         10       5883
Mem:         48264      25071      23193          0         10       5930
Mem:         48264      25085      23179          0         10       5939
Mem:         48264      25074      23190          0         10       5942
Mem:         48264      25285      22979          0         10       5934
Mem:         48264      25509      22755          0         10       5934
Mem:         48264      25686      22578          0         10       6005
Mem:         48264      25774      22490          0         10       6018
Mem:         48264      25907      22357          0         10       6073
Mem:         48264      25969      22295          0         10       6077
Mem:         48264      26181      22083          0         10       6078
Mem:         48264      26333      21931          0         10       6107
Mem:         48264      26428      21836          0         10       6112
Mem:         48264      26504      21760          0         10       6112
Mem:         48264      26504      21760          0         10       6112
Mem:         48264      26503      21761          0         10       6112
Mem:         48264      26619      21645          0         10       6112
Mem:         48264      26619      21645          0         10       6111
Mem:         48264      26618      21645          0         10       6111
Mem:         48264      26618      21646          0         10       6111
Mem:         48264      26618      21646          0         10       6111
Mem:         48264      26617      21647          0         10       6111
Mem:         48264      26618      21646          0         10       6111
Mem:         48264      26617      21647          0         10       6111
Mem:         48264      26617      21647          0         10       6111
Mem:         48264      26616      21647          0         10       6111
Mem:         48264      26616      21648          0         10       6111
Mem:         48264      26615      21648          0         10       6111
Mem:         48264      26615      21649          0         10       6111
Mem:         48264      26615      21649          0         10       6111
Mem:         48264      26615      21649          0         10       6111
Mem:         48264      26615      21649          0         10       6111
Mem:         48264      26615      21649          0         10       6111
Mem:         48264      26429      21835          0         10       5883
Mem:         48264      26714      21550          0         10       5883
Mem:         48264      26743      21521          0         10       5883
Mem:         48264      26853      21411          0         10       5883
Mem:         48264      26930      21334          0         10       5883
Mem:         48264      26998      21266          0         10       5883
Mem:         48264      27052      21212          0         10       5883
Mem:         48264      27289      20975          0         10       5883
Mem:         48264      27328      20936          0         10       5883
Mem:         48264      27387      20877          0         10       5883
Mem:         48264      27553      20711          0         10       5883
Mem:         48264      27573      20691          0         10       5883
Mem:         48264      27574      20690          0         10       5883
Mem:         48264      27658      20606          0         10       5883
Mem:         48264      27614      20650          0         10       5883
Mem:         48264      27703      20561          0         10       5883
Mem:         48264      27703      20561          0         10       5883
Mem:         48264      27703      20561          0         10       5883
Mem:         48264      27704      20560          0         10       5883
Mem:         48264      27704      20560          0         10       5883
Mem:         48264      27706      20558          0         10       5883
Mem:         48264      27705      20559          0         10       5883
Mem:         48264      27705      20559          0         10       5883
Mem:         48264      27705      20559          0         10       5883
Mem:         48264      27704      20560          0         10       5883
Mem:         48264      27703      20560          0         10       5883
Mem:         48264      27703      20561          0         10       5883
Mem:         48264      27703      20561          0         10       5883
Mem:         48264      27703      20561          0         10       5883
Mem:         48264      27702      20561          0         10       5883
Mem:         48264      27702      20562          0         10       5883
Mem:         48264      27702      20562          0         10       5883
Mem:         48264      27702      20562          0         10       5883
Mem:         48264      27702      20562          0         10       5883
Mem:         48264      27702      20562          0         10       5883
Mem:         48264      27703      20561          0         10       5883
Mem:         48264      27752      20512          0         10       5883
Mem:         48264      27853      20411          0         10       5909
Mem:         48264      28128      20136          0         10       5908
Mem:         48264      28311      19953          0         10       5927
Mem:         48264      28553      19711          0         10       6027
Mem:         48264      28731      19533          0         10       6132
Mem:         48264      28837      19427          0         10       6170
Mem:         48264      28906      19358          0         10       6194
Mem:         48264      29030      19234          0         10       6244
Mem:         48264      29190      19074          0         11       6316
Mem:         48264      29308      18956          0         11       6335
Mem:         48264      29454      18810          0         11       6375
Mem:         48264      29656      18608          0         11       6369
Mem:         48264      29934      18330          0         13       6372
Mem:         48264      30078      18186          0         14       6373
Mem:         48264      30141      18123          0         14       6373
Mem:         48264      30258      18006          0         14       6373
Mem:         48264      30331      17933          0         14       6373
Mem:         48264      30371      17893          0         14       6414
Mem:         48264      30380      17884          0         14       6423
Mem:         48264      30493      17771          0         14       6423
Mem:         48264      30493      17771          0         14       6423
Mem:         48264      30492      17772          0         14       6423
Mem:         48264      30492      17772          0         14       6423
Mem:         48264      30492      17772          0         14       6423
Mem:         48264      30492      17772          0         14       6423
Mem:         48264      30491      17773          0         14       6422
Mem:         48264      30490      17774          0         14       6422
Mem:         48264      30490      17774          0         14       6422
Mem:         48264      30490      17774          0         14       6422
Mem:         48264      30489      17775          0         14       6422
Mem:         48264      30092      18172          0         14       5943
Mem:         48264      30170      18094          0         14       5942
Mem:         48264      30353      17911          0         14       5942
Mem:         48264      30457      17807          0         14       5942
Mem:         48264      30499      17765          0         14       5942
Mem:         48264      30676      17588          0         14       5942
Mem:         48264      30851      17413          0         14       5942
Mem:         48264      30854      17410          0         14       5942
Mem:         48264      30853      17411          0         14       5942
Mem:         48264      30853      17411          0         14       5942
Mem:         48264      30652      17612          0         14       5741
Mem:         48264      30638      17626          0         14       5740
Mem:         48264      30633      17631          0         14       5740
Mem:         48264      30633      17631          0         14       5740
Mem:         48264      30634      17630          0         14       5740
Mem:         48264      30632      17632          0         14       5740
Mem:         48264      30657      17607          0         14       5740
Mem:         48264      30658      17606          0         14       5740
Mem:         48264      30657      17607          0         14       5740
Mem:         48264      30658      17606          0         14       5740
Mem:         48264      30657      17607          0         14       5740
Mem:         48264      30656      17608          0         14       5740
Mem:         48264      30656      17608          0         14       5740
Mem:         48264      30656      17608          0         14       5740
Mem:         48264      30655      17609          0         14       5740
Mem:         48264      30655      17609          0         14       5740
Mem:         48264      30655      17609          0         14       5740
Mem:         48264      30654      17610          0         14       5740
Mem:         48264      30654      17610          0         14       5740
Mem:         48264      30654      17610          0         14       5740
Mem:         48264      30654      17610          0         14       5740
Mem:         48264      30654      17610          0         14       5740
Mem:         48264      30654      17610          0         14       5740
Mem:         48264      30654      17610          0         14       5740
Mem:         48264      30661      17603          0         14       5740
Mem:         48264      30662      17602          0         14       5740
Mem:         48264      30653      17611          0         14       5740
Mem:         48264      30653      17611          0         14       5740
Mem:         48264      30773      17491          0         14       5860
Mem:         48264      30888      17376          0         14       5975
Mem:         48264      30936      17328          0         14       6023
Mem:         48264      30954      17310          0         14       6036
Mem:         48264      30965      17299          0         14       6046
Mem:         48264      30984      17280          0         14       6068
Mem:         48264      31053      17211          0         14       6133
Mem:         48264      31072      17192          0         14       6152
Mem:         48264      31080      17184          0         14       6160
Mem:         48264      31155      17109          0         14       6236
Mem:         48264      31159      17105          0         14       6239
Mem:         48264      31163      17101          0         14       6241
Mem:         48264      31161      17103          0         14       6238
Mem:         48264      31160      17104          0         14       6241
Mem:         48264      31164      17100          0         14       6243
Mem:         48264      31162      17102          0         14       6246
Mem:         48264      31187      17077          0         14       6271
Mem:         48264      31187      17077          0         14       6271
Mem:         48264      31186      17078          0         14       6271
Mem:         48264      31188      17076          0         14       6272
Mem:         48264      31188      17076          0         14       6272
Mem:         48264      31188      17076          0         14       6272
Mem:         48264      31186      17077          0         14       6272
Mem:         48264      31186      17077          0         14       6272
Mem:         48264      31186      17078          0         14       6272
Mem:         48264      31185      17079          0         14       6272
Mem:         48264      31185      17079          0         14       6272
Mem:         48264      31185      17079          0         14       6272
Mem:         48264      31184      17080          0         14       6272
Mem:         48264      31184      17080          0         14       6272
Mem:         48264      31183      17080          0         14       6271
Mem:         48264      31184      17080          0         14       6271
Mem:         48264      31184      17080          0         14       6271
Mem:         48264      31184      17080          0         14       6271
Mem:         48264      30757      17507          0         14       5843
Mem:         48264      30759      17505          0         14       5843
Mem:         48264      30758      17506          0         14       5843
Mem:         48264      30758      17506          0         14       5843
Mem:         48264      30763      17501          0         14       5843
Mem:         48264      30758      17506          0         14       5842
Mem:         48264      30759      17505          0         14       5843
Mem:         48264      30760      17503          0         14       5842
Mem:         48264      30759      17505          0         14       5842
Mem:         48264      30759      17505          0         14       5842
Mem:         48264      30759      17505          0         14       5842
Mem:         48264      30759      17505          0         14       5842
Mem:         48264      30783      17481          0         14       5843
Mem:         48264      30810      17454          0         14       5843
Mem:         48264      30811      17453          0         14       5843
Mem:         48264      30811      17453          0         14       5843
Mem:         48264      30811      17453          0         14       5843
Mem:         48264      30812      17452          0         14       5843
Mem:         48264      30813      17451          0         14       5843
Mem:         48264      30762      17502          0         14       5843
Mem:         48264      30761      17503          0         14       5843
Mem:         48264      30762      17502          0         14       5842
Mem:         48264      30763      17501          0         14       5842
Mem:         48264      30766      17498          0         14       5842
Mem:         48264      30760      17504          0         14       5842
Mem:         48264      30760      17504          0         14       5842
Mem:         48264      30761      17503          0         14       5842
Mem:         48264      30762      17502          0         14       5842
Mem:         48264      30762      17502          0         14       5842
Mem:         48264      30760      17504          0         14       5842
Mem:         48264      30759      17505          0         14       5842
Mem:         48264      30759      17505          0         14       5842
Mem:         48264      30762      17502          0         14       5842
Mem:         48264      30762      17502          0         14       5842
Mem:         48264      30507      17757          0         14       5591
Mem:         48264      30509      17755          0         15       5591
Mem:         48264      30509      17755          0         15       5591
Mem:         48264      30508      17756          0         15       5591
Mem:         48264      30509      17755          0         15       5591
Mem:         48264      30508      17756          0         15       5591
Mem:         48264      30510      17754          0         15       5592
Mem:         48264      30509      17755          0         15       5592
Mem:         48264      30509      17755          0         15       5592
Mem:         48264      30508      17756          0         15       5592
Mem:         48264      30508      17756          0         15       5592
Mem:         48264      30509      17755          0         15       5592
Mem:         48264      30508      17756          0         15       5592
Mem:         48264      30508      17756          0         15       5592
Mem:         48264      30509      17755          0         15       5592
Mem:         48264      30509      17755          0         15       5592
Mem:         48264      30509      17755          0         15       5592
Mem:         48264      30509      17755          0         15       5592
Mem:         48264      30508      17755          0         15       5592
Mem:         48264      30508      17756          0         15       5592
Mem:         48264      30508      17756          0         15       5592
Mem:         48264      30508      17756          0         15       5592
Mem:         48264      30508      17756          0         15       5592
Mem:         48264      30507      17757          0         15       5592
Mem:         48264      30508      17756          0         15       5592
Mem:         48264      30507      17756          0         15       5592
Mem:         48264      30507      17757          0         15       5592
Mem:         48264      30507      17757          0         15       5592
Mem:         48264      30507      17757          0         15       5592
Mem:         48264      30507      17757          0         15       5592
Mem:         48264      30507      17757          0         15       5592
Mem:         48264      30507      17757          0         15       5593
Mem:         48264      30513      17751          0         15       5593
Mem:         48264      30518      17746          0         15       5593
Mem:         48264      30516      17748          0         15       5593
Mem:         48264      30516      17748          0         15       5593
Mem:         48264      30516      17748          0         15       5593
Mem:         48264      30516      17748          0         15       5594
Mem:         48264      30516      17748          0         15       5594
Mem:         48264      30518      17746          0         15       5594
Mem:         48264      30518      17746          0         15       5594
Mem:         48264      30516      17748          0         15       5594
Mem:         48264      30516      17748          0         15       5595
Mem:         48264      30517      17747          0         15       5595
Mem:         48264      30516      17748          0         15       5595
Mem:         48264      30517      17747          0         15       5595
Mem:         48264      30517      17747          0         15       5595
Mem:         48264      30517      17747          0         15       5595
Mem:         48264      30516      17748          0         15       5595
Mem:         48264      30517      17747          0         15       5595
Mem:         48264      30516      17748          0         15       5595
Mem:         48264      30515      17749          0         15       5595
Mem:         48264      30515      17749          0         15       5595
Mem:         48264      30515      17749          0         15       5595
Mem:         48264      30515      17749          0         15       5595
Mem:         48264      30514      17749          0         15       5595
Mem:         48264      30515      17749          0         15       5595
Mem:         48264      30514      17750          0         15       5595
Mem:         48264      30517      17747          0         15       5595
Mem:         48264      30518      17746          0         15       5595
Mem:         48264      30518      17746          0         15       5595
Mem:         48264      30522      17742          0         15       5595
Mem:         48264      30523      17741          0         15       5596
Mem:         48264      30519      17745          0         15       5596
Mem:         48264      30519      17745          0         15       5596
Mem:         48264      30518      17746          0         15       5596
Mem:         48264      30520      17744          0         15       5596
Mem:         48264      30521      17743          0         15       5596
Mem:         48264      30521      17743          0         15       5596
Mem:         48264      30520      17744          0         15       5596
Mem:         48264      30520      17744          0         15       5596
Mem:         48264      30522      17742          0         15       5597
Mem:         48264      30522      17742          0         15       5597
Mem:         48264      30521      17743          0         15       5597
Mem:         48264      30521      17743          0         15       5597
Mem:         48264      30520      17744          0         15       5597
Mem:         48264      30520      17744          0         15       5597
Mem:         48264      30520      17744          0         15       5597
Mem:         48264      30520      17744          0         15       5597
Mem:         48264      30520      17744          0         15       5597
Mem:         48264      30519      17745          0         15       5597
Mem:         48264      30519      17745          0         15       5597
Mem:         48264      30519      17745          0         15       5597
Mem:         48264      30519      17745          0         15       5597
Mem:         48264      30520      17744          0         15       5598
Mem:         48264      30517      17746          0         15       5598
Mem:         48264      30517      17747          0         15       5598
Mem:         48264      30517      17747          0         15       5598
Mem:         48264      30517      17747          0         15       5598
Mem:         48264      30520      17744          0         15       5598
Mem:         48264      30520      17744          0         15       5598
Mem:         48264      30520      17744          0         15       5599
Mem:         48264      30520      17744          0         15       5599
Mem:         48264      30519      17745          0         15       5599
Mem:         48264      30521      17743          0         15       5599
Mem:         48264      30521      17743          0         15       5599
Mem:         48264      30522      17742          0         15       5599
Mem:         48264      30521      17743          0         15       5599
Mem:         48264      30521      17743          0         15       5599
Mem:         48264      30521      17743          0         15       5599
Mem:         48264      30520      17744          0         15       5599
Mem:         48264      30520      17744          0         15       5599
Mem:         48264      30520      17744          0         15       5599
Mem:         48264      30520      17744          0         15       5599
Mem:         48264      30519      17745          0         15       5599
Mem:         48264      30519      17745          0         15       5599
Mem:         48264      30519      17745          0         15       5599
Mem:         48264      30519      17745          0         15       5599
Mem:         48264      30519      17745          0         15       5599
Mem:         48264      30523      17741          0         15       5600
Mem:         48264      30520      17744          0         15       5600
Mem:         48264      30519      17745          0         15       5600
Mem:         48264      30519      17745          0         15       5600
Mem:         48264      30519      17745          0         15       5600
Mem:         48264      30521      17743          0         15       5600
Mem:         48264      30521      17743          0         15       5601
Mem:         48264      30523      17741          0         15       5601
Mem:         48264      30523      17741          0         15       5601
Mem:         48264      30522      17742          0         15       5601
Mem:         48264      30521      17743          0         15       5601
Mem:         48264      30523      17741          0         15       5601
Mem:         48264      30522      17742          0         15       5601
Mem:         48264      30522      17742          0         15       5601
Mem:         48264      30521      17743          0         15       5601
Mem:         48264      30521      17743          0         15       5601
Mem:         48264      30521      17743          0         15       5601
Mem:         48264      30521      17743          0         15       5601
Mem:         48264      30520      17744          0         15       5601
Mem:         48264      30520      17744          0         15       5601
Mem:         48264      30520      17744          0         15       5601
Mem:         48264      30519      17745          0         15       5601
Mem:         48264      30519      17745          0         15       5601
Mem:         48264      30519      17745          0         15       5601
Mem:         48264      30519      17745          0         15       5601
Mem:         48264      30519      17745          0         15       5601
Mem:         48264      30519      17745          0         15       5601
Mem:         48264      30518      17746          0         15       5601
Mem:         48264      30518      17746          0         15       5601
Mem:         48264      30518      17746          0         15       5601
Mem:         48264      30518      17745          0         15       5601
Mem:         48264      30518      17746          0         15       5601
Mem:         48264      30520      17744          0         15       5602
Mem:         48264      30526      17738          0         15       5602
Mem:         48264      30522      17742          0         15       5602
Mem:         48264      30522      17742          0         15       5602
Mem:         48264      30521      17743          0         15       5602
Mem:         48264      30522      17742          0         15       5602
Mem:         48264      30523      17741          0         15       5603
Mem:         48264      30523      17741          0         15       5602
Mem:         48264      30522      17742          0         15       5602
Mem:         48264      30523      17741          0         15       5602
Mem:         48264      30523      17741          0         15       5602
Mem:         48264      30524      17740          0         15       5602
Mem:         48264      30524      17740          0         15       5602
Mem:         48264      30523      17741          0         15       5602
Mem:         48264      30524      17740          0         15       5602
Mem:         48264      30523      17741          0         15       5602
Mem:         48264      30523      17741          0         15       5602
Mem:         48264      30523      17741          0         15       5602
Mem:         48264      30523      17741          0         15       5602
Mem:         48264      30523      17741          0         15       5602
Mem:         48264      30523      17741          0         15       5602
Mem:         48264      30523      17741          0         15       5602
Mem:         48264      30523      17741          0         15       5602
Mem:         48264      30522      17742          0         15       5602
Mem:         48264      30522      17742          0         15       5602
Mem:         48264      30521      17742          0         15       5602
Mem:         48264      30523      17741          0         15       5602
Mem:         48264      30530      17734          0         15       5603
Mem:         48264      30523      17741          0         15       5603
Mem:         48264      30523      17741          0         15       5603
Mem:         48264      30522      17741          0         15       5603
Mem:         48264      30523      17741          0         15       5603
Mem:         48264      30524      17740          0         15       5604
Mem:         48264      30524      17740          0         15       5604
Mem:         48264      30524      17740          0         15       5604
Mem:         48264      30524      17740          0         15       5604
Mem:         48264      30525      17739          0         15       5604
Mem:         48264      30525      17739          0         15       5604
Mem:         48264      30524      17740          0         15       5604
Mem:         48264      30524      17739          0         15       5604
Mem:         48264      30524      17740          0         15       5604
Mem:         48264      30524      17740          0         15       5604
Mem:         48264      30524      17740          0         15       5604
Mem:         48264      30524      17740          0         15       5604
Mem:         48264      30524      17740          0         15       5604
Mem:         48264      30523      17740          0         15       5604
Mem:         48264      30523      17741          0         15       5604
Mem:         48264      30523      17741          0         15       5604
Mem:         48264      30523      17741          0         15       5604
Mem:         48264      30523      17741          0         15       5604
Mem:         48264      30523      17741          0         15       5604
Mem:         48264      30523      17741          0         15       5604
Mem:         48264      30523      17741          0         15       5604
Mem:         48264      30522      17742          0         15       5604
Mem:         48264      30523      17741          0         15       5604
Mem:         48264      30523      17741          0         15       5604
Mem:         48264      30533      17731          0         15       5605
Mem:         48264      30527      17737          0         15       5605
Mem:         48264      30527      17737          0         15       5605
Mem:         48264      30526      17738          0         15       5605
Mem:         48264      30526      17738          0         15       5605
Mem:         48264      30531      17733          0         15       5606
Mem:         48264      30529      17735          0         15       5608
Mem:         48264      30551      17713          0         15       5631
Mem:         48264      30575      17689          0         15       5655
Mem:         48264      30598      17666          0         15       5678
Mem:         48264      30626      17638          0         15       5704
Mem:         48264      30656      17608          0         15       5734
Mem:         48264      30656      17608          0         15       5734
Mem:         48264      30655      17609          0         15       5734
Mem:         48264      30655      17608          0         15       5734
Mem:         48264      30655      17609          0         15       5734
Mem:         48264      30655      17609          0         15       5734
Mem:         48264      30655      17609          0         15       5734
Mem:         48264      30654      17610          0         15       5734
Mem:         48264      30654      17610          0         15       5734
Mem:         48264      30654      17610          0         15       5734
Mem:         48264      30654      17610          0         15       5734
Mem:         48264      30654      17610          0         15       5734
Mem:         48264      30653      17611          0         15       5734
Mem:         48264      30653      17611          0         15       5734
Mem:         48264      30657      17607          0         15       5735
Mem:         48264      30653      17611          0         15       5735
Mem:         48264      30653      17611          0         15       5735
Mem:         48264      30650      17614          0         15       5735
Mem:         48264      30650      17614          0         15       5735
Mem:         48264      30651      17613          0         15       5735
Mem:         48264      30651      17613          0         15       5736
Mem:         48264      30651      17613          0         15       5736
Mem:         48264      30650      17613          0         15       5736
Mem:         48264      30651      17613          0         15       5736
Mem:         48264      30653      17611          0         15       5736
Mem:         48264      30653      17611          0         15       5736
Mem:         48264      30653      17611          0         15       5736
Mem:         48264      30653      17611          0         15       5736
Mem:         48264      30652      17612          0         15       5736
Mem:         48264      30652      17612          0         15       5736
Mem:         48264      30652      17612          0         15       5736
Mem:         48264      30651      17613          0         15       5736
Mem:         48264      30651      17613          0         15       5736
Mem:         48264      30651      17613          0         15       5736
Mem:         48264      30651      17613          0         15       5736
Mem:         48264      30650      17614          0         15       5736
Mem:         48264      30651      17613          0         15       5736
Mem:         48264      30650      17614          0         15       5736
Mem:         48264      30650      17614          0         15       5736
Mem:         48264      30650      17614          0         15       5736
Mem:         48264      30658      17606          0         15       5737
Mem:         48264      30653      17611          0         15       5737
Mem:         48264      30653      17611          0         15       5737
Mem:         48264      30653      17611          0         15       5737
Mem:         48264      30653      17611          0         15       5737
Mem:         48264      30655      17609          0         15       5738
Mem:         48264      30655      17609          0         15       5738
Mem:         48264      30655      17609          0         15       5738
Mem:         48264      30655      17609          0         15       5738
Mem:         48264      30654      17610          0         15       5738
Mem:         48264      30655      17609          0         15       5738
Mem:         48264      30655      17609          0         15       5738
Mem:         48264      30655      17609          0         15       5738
Mem:         48264      30655      17609          0         15       5738
Mem:         48264      30655      17609          0         15       5738
Mem:         48264      30655      17609          0         15       5738
Mem:         48264      30655      17609          0         15       5738
Mem:         48264      30654      17610          0         15       5738
Mem:         48264      30654      17610          0         15       5738
Mem:         48264      30654      17610          0         15       5738
Mem:         48264      30653      17611          0         15       5738
Mem:         48264      30653      17611          0         15       5738
Mem:         48264      30653      17611          0         15       5738
Mem:         48264      30653      17611          0         15       5738
Mem:         48264      30653      17611          0         15       5738
Mem:         48264      30653      17611          0         15       5738
Mem:         48264      30653      17611          0         15       5738
Mem:         48264      30653      17611          0         15       5738
Mem:         48264      30652      17612          0         15       5738
Mem:         48264      30658      17606          0         15       5738
Mem:         48264      30658      17606          0         15       5738
Mem:         48264      30655      17609          0         15       5738
Mem:         48264      30655      17609          0         15       5738
Mem:         48264      30655      17609          0         15       5738
Mem:         48264      30656      17608          0         15       5738
Mem:         48264      30656      17608          0         15       5738
Mem:         48264      30656      17608          0         15       5738
Mem:         48264      30656      17608          0         15       5739
Mem:         48264      30655      17609          0         15       5739
Mem:         48264      30679      17585          0         15       5739
Mem:         48264      30680      17584          0         15       5739
Mem:         48264      30679      17585          0         15       5739
Mem:         48264      30679      17585          0         15       5739
Mem:         48264      30679      17585          0         15       5739
Mem:         48264      30679      17585          0         15       5739
Mem:         48264      30679      17585          0         15       5739
Mem:         48264      30679      17585          0         15       5739
Mem:         48264      30678      17586          0         15       5739
Mem:         48264      30678      17586          0         15       5739
Mem:         48264      30678      17586          0         15       5739
Mem:         48264      30678      17586          0         15       5739
Mem:         48264      30677      17587          0         15       5739
Mem:         48264      30677      17587          0         15       5739
Mem:         48264      30679      17585          0         15       5739
Mem:         48264      30684      17580          0         15       5740
Mem:         48264      30680      17584          0         15       5740
Mem:         48264      30680      17584          0         15       5740
Mem:         48264      30680      17584          0         15       5740
Mem:         48264      30683      17581          0         15       5740
Mem:         48264      30681      17582          0         15       5740
Mem:         48264      30682      17582          0         15       5741
Mem:         48264      30681      17583          0         15       5741
Mem:         48264      30681      17583          0         15       5741
Mem:         48264      30682      17582          0         15       5741
Mem:         48264      30683      17581          0         15       5741
Mem:         48264      30683      17581          0         15       5741
Mem:         48264      30683      17581          0         15       5741
Mem:         48264      30683      17581          0         15       5741
Mem:         48264      30682      17582          0         15       5741
Mem:         48264      30682      17582          0         15       5741
Mem:         48264      30682      17582          0         15       5741
Mem:         48264      30682      17582          0         15       5741
Mem:         48264      30681      17583          0         15       5741
Mem:         48264      30681      17583          0         15       5741
Mem:         48264      30680      17584          0         15       5741
Mem:         48264      30680      17584          0         15       5741
Mem:         48264      30680      17584          0         15       5741
Mem:         48264      30680      17584          0         15       5741
Mem:         48264      30680      17584          0         15       5741
Mem:         48264      30681      17583          0         15       5741
Mem:         48264      30686      17578          0         15       5742
Mem:         48264      30685      17579          0         15       5742
Mem:         48264      30684      17580          0         15       5742
Mem:         48264      30683      17581          0         15       5742
Mem:         48264      30684      17580          0         15       5742
Mem:         48264      30683      17581          0         15       5742
Mem:         48264      30683      17581          0         15       5743
Mem:         48264      30683      17581          0         15       5743
Mem:         48264      30683      17581          0         15       5743
Mem:         48264      30683      17581          0         15       5743
Mem:         48264      30684      17580          0         15       5743
Mem:         48264      30683      17581          0         15       5743
Mem:         48264      30683      17581          0         15       5743
Mem:         48264      30683      17581          0         15       5743
Mem:         48264      30682      17581          0         15       5743
Mem:         48264      30682      17582          0         15       5743
Mem:         48264      30682      17582          0         15       5743
Mem:         48264      30682      17582          0         15       5743
Mem:         48264      30682      17582          0         15       5743
Mem:         48264      30682      17582          0         15       5743
Mem:         48264      30682      17582          0         15       5743
Mem:         48264      30682      17582          0         15       5743
Mem:         48264      30682      17582          0         15       5743
Mem:         48264      30682      17582          0         15       5743
Mem:         48264      30682      17582          0         15       5743
Mem:         48264      30682      17582          0         15       5743
Mem:         48264      30682      17582          0         15       5743
Mem:         48264      30682      17582          0         15       5743
Mem:         48264      30687      17577          0         15       5744
Mem:         48264      30685      17579          0         15       5744
Mem:         48264      30685      17579          0         15       5744
Mem:         48264      30685      17579          0         15       5744
Mem:         48264      30684      17580          0         15       5744
Mem:         48264      30682      17582          0         15       5745
Mem:         48264      30682      17582          0         15       5745
Mem:         48264      30682      17582          0         15       5745
Mem:         48264      30682      17582          0         15       5745
Mem:         48264      30682      17582          0         15       5745
Mem:         48264      30682      17581          0         15       5745
Mem:         48264      30683      17581          0         15       5745
Mem:         48264      30683      17581          0         15       5745
Mem:         48264      30683      17581          0         15       5745
Mem:         48264      30683      17581          0         15       5745
Mem:         48264      30683      17581          0         15       5745
Mem:         48264      30682      17582          0         15       5745
Mem:         48264      30683      17581          0         15       5745
Mem:         48264      30682      17582          0         15       5745
Mem:         48264      30682      17582          0         15       5745
Mem:         48264      30682      17582          0         15       5745
Mem:         48264      30681      17583          0         15       5745
Mem:         48264      30681      17583          0         15       5745
Mem:         48264      30681      17583          0         15       5745
Mem:         48264      30681      17583          0         15       5745
Mem:         48264      30681      17583          0         15       5745
Mem:         48264      30681      17583          0         15       5745
Mem:         48264      30682      17582          0         15       5745
Mem:         48264      30685      17579          0         15       5745
Mem:         48264      30682      17582          0         15       5745
Mem:         48264      30682      17582          0         15       5745
Mem:         48264      30682      17582          0         15       5745
Mem:         48264      30682      17582          0         15       5745
Mem:         48264      30684      17580          0         15       5746
Mem:         48264      30683      17581          0         15       5746
Mem:         48264      30682      17582          0         15       5746
Mem:         48264      30682      17582          0         15       5746
Mem:         48264      30682      17582          0         15       5746
Mem:         48264      30683      17581          0         15       5746
Mem:         48264      30683      17580          0         15       5746
Mem:         48264      30684      17580          0         15       5746
Mem:         48264      30684      17580          0         15       5746
Mem:         48264      30684      17580          0         15       5746
Mem:         48264      30684      17580          0         15       5746
Mem:         48264      30685      17579          0         15       5746
Mem:         48264      30684      17580          0         15       5746
Mem:         48264      30684      17580          0         15       5746
Mem:         48264      30683      17581          0         15       5746
Mem:         48264      30683      17581          0         15       5746
Mem:         48264      30683      17581          0         15       5746
Mem:         48264      30688      17576          0         15       5747
Mem:         48264      30685      17579          0         15       5747
Mem:         48264      30684      17580          0         15       5747
Mem:         48264      30684      17580          0         15       5747
Mem:         48264      30683      17581          0         15       5747
Mem:         48264      30684      17580          0         15       5747
Mem:         48264      30686      17578          0         15       5748
Mem:         48264      30684      17580          0         15       5748
Mem:         48264      30685      17579          0         15       5748
Mem:         48264      30685      17579          0         15       5748
Mem:         48264      30685      17579          0         15       5748
Mem:         48264      30685      17579          0         15       5748
Mem:         48264      30685      17579          0         15       5748
Mem:         48264      30685      17579          0         15       5748
Mem:         48264      30685      17579          0         15       5748
Mem:         48264      30684      17580          0         15       5748
Mem:         48264      30684      17580          0         15       5748
Mem:         48264      30684      17580          0         15       5748
Mem:         48264      30684      17580          0         15       5748
Mem:         48264      30684      17580          0         15       5748
Mem:         48264      30683      17581          0         15       5748
Mem:         48264      30684      17580          0         15       5748
Mem:         48264      30684      17580          0         15       5749
Mem:         48264      30688      17576          0         15       5749
Mem:         48264      30685      17579          0         15       5749
Mem:         48264      30685      17579          0         15       5749
Mem:         48264      30685      17579          0         15       5749
Mem:         48264      30686      17578          0         15       5749
Mem:         48264      30686      17578          0         15       5750
Mem:         48264      30686      17578          0         15       5750
Mem:         48264      30686      17578          0         15       5750
Mem:         48264      30686      17578          0         15       5750
Mem:         48264      30686      17578          0         15       5750
Mem:         48264      30687      17577          0         15       5750
Mem:         48264      30687      17577          0         15       5750
Mem:         48264      30687      17577          0         15       5750
Mem:         48264      30687      17577          0         15       5750
Mem:         48264      30686      17578          0         15       5750
Mem:         48264      30687      17577          0         15       5750
Mem:         48264      30686      17578          0         15       5750
Mem:         48264      30686      17578          0         15       5750
Mem:         48264      30686      17578          0         15       5750
Mem:         48264      30686      17578          0         15       5750
Mem:         48264      30685      17579          0         15       5750
Mem:         48264      30685      17579          0         15       5750
Mem:         48264      30692      17572          0         15       5751
Mem:         48264      30689      17575          0         15       5751
Mem:         48264      30688      17576          0         15       5751
Mem:         48264      30688      17576          0         15       5751
Mem:         48264      30688      17576          0         15       5752
Mem:         48264      30690      17574          0         15       5752
Mem:         48264      30694      17570          0         15       5752
Mem:         48264      30690      17574          0         15       5752
Mem:         48264      30690      17574          0         15       5752
Mem:         48264      30690      17574          0         15       5752
Mem:         48264      30690      17574          0         15       5752
Mem:         48264      30690      17574          0         15       5753
Mem:         48264      30690      17574          0         15       5753
Mem:         48264      30691      17573          0         15       5753
Mem:         48264      30691      17573          0         15       5753
Mem:         48264      30691      17573          0         15       5753
Mem:         48264      30690      17574          0         15       5753
Mem:         48264      30690      17574          0         15       5753
Mem:         48264      30690      17574          0         15       5753
Mem:         48264      30690      17574          0         15       5753
Mem:         48264      30689      17575          0         15       5753
Mem:         48264      30689      17575          0         15       5753
Mem:         48264      30688      17575          0         15       5753
Mem:         48264      30688      17576          0         15       5753
Mem:         48264      30688      17576          0         15       5753
Mem:         48264      30689      17575          0         15       5753
Mem:         48264      30690      17574          0         15       5753
Mem:         48264      30698      17566          0         15       5752
Mem:         48264      30691      17573          0         15       5752
Mem:         48264      30691      17573          0         15       5752
Mem:         48264      30690      17574          0         15       5752
Mem:         48264      30687      17577          0         15       5752
Mem:         48264      30686      17578          0         15       5753
Mem:         48264      30686      17578          0         15       5753
Mem:         48264      30685      17579          0         15       5753
Mem:         48264      30685      17579          0         15       5753
Mem:         48264      30685      17579          0         15       5753
Mem:         48264      30686      17578          0         15       5753
Mem:         48264      30686      17578          0         15       5753
Mem:         48264      30686      17578          0         15       5753
Mem:         48264      30686      17578          0         15       5753
Mem:         48264      30686      17578          0         15       5753
Mem:         48264      30686      17578          0         15       5753
Mem:         48264      30685      17579          0         15       5753
Mem:         48264      30685      17579          0         15       5753
Mem:         48264      30685      17579          0         15       5753
Mem:         48264      30685      17579          0         15       5753
Mem:         48264      30685      17579          0         15       5753
Mem:         48264      30685      17579          0         15       5753
Mem:         48264      30686      17578          0         15       5754
Mem:         48264      30686      17578          0         15       5754
Mem:         48264      30685      17579          0         15       5754
Mem:         48264      30686      17578          0         15       5754
Mem:         48264      30685      17579          0         15       5754
Mem:         48264      30687      17577          0         15       5754
Mem:         48264      30688      17576          0         15       5755
Mem:         48264      30688      17576          0         15       5755
Mem:         48264      30687      17577          0         15       5755
Mem:         48264      30687      17577          0         15       5755
Mem:         48264      30687      17577          0         15       5755
Mem:         48264      30687      17577          0         15       5755
Mem:         48264      30687      17577          0         15       5755
Mem:         48264      30687      17577          0         15       5755
Mem:         48264      30687      17577          0         15       5755
Mem:         48264      30687      17577          0         15       5755
Mem:         48264      30687      17577          0         15       5755
Mem:         48264      30688      17576          0         15       5755
Mem:         48264      30687      17576          0         15       5755
Mem:         48264      30687      17577          0         15       5755
Mem:         48264      30688      17576          0         15       5755
Mem:         48264      30687      17577          0         15       5755
Mem:         48264      30688      17576          0         15       5755
Mem:         48264      30687      17577          0         15       5755
Mem:         48264      30695      17569          0         15       5756
Mem:         48264      30694      17570          0         15       5756
Mem:         48264      30689      17575          0         15       5756
Mem:         48264      30689      17575          0         15       5756
Mem:         48264      30689      17575          0         15       5756
Mem:         48264      30693      17571          0         15       5757
Mem:         48264      30693      17571          0         15       5757
Mem:         48264      30692      17572          0         15       5757
Mem:         48264      30689      17575          0         15       5757
Mem:         48264      30690      17574          0         15       5757
Mem:         48264      30691      17573          0         15       5757
Mem:         48264      30690      17574          0         15       5757
Mem:         48264      30691      17573          0         15       5757
Mem:         48264      30691      17573          0         15       5757
Mem:         48264      30691      17573          0         15       5757
Mem:         48264      30690      17574          0         15       5757
Mem:         48264      30690      17574          0         15       5757
Mem:         48264      30690      17574          0         15       5757
Mem:         48264      30690      17574          0         15       5757
Mem:         48264      30689      17575          0         15       5757
Mem:         48264      30689      17575          0         15       5757
Mem:         48264      30689      17575          0         15       5757
Mem:         48264      30689      17575          0         15       5757
Mem:         48264      30689      17575          0         15       5758
Mem:         48264      30690      17574          0         15       5758
Mem:         48264      30689      17575          0         15       5757
Mem:         48264      30689      17575          0         15       5757
Mem:         48264      30689      17575          0         15       5757
Mem:         48264      30689      17575          0         15       5758
Mem:         48264      30689      17575          0         15       5758
Mem:         48264      30688      17576          0         15       5758
Mem:         48264      30688      17576          0         15       5758
Mem:         48264      30688      17576          0         15       5758
Mem:         48264      30688      17576          0         15       5758
Mem:         48264      30689      17575          0         15       5758
Mem:         48264      30689      17575          0         15       5758
Mem:         48264      30689      17575          0         15       5758
Mem:         48264      30689      17575          0         15       5758
Mem:         48264      30689      17575          0         15       5758
Mem:         48264      30689      17575          0         15       5758
Mem:         48264      30689      17575          0         15       5758
Mem:         48264      30689      17575          0         15       5758
Mem:         48264      30689      17575          0         15       5758
Mem:         48264      30689      17575          0         15       5758
Mem:         48264      30689      17575          0         15       5758
Mem:         48264      30688      17576          0         15       5758
Mem:         48264      11672      36592          0         15       5757
