Mem:         32099      16257      15842          0          8         63
Mem:         32099      16334      15765          0          9         75
Mem:         32099      16432      15667          0          9         86
Mem:         32099      16595      15504          0          9         95
Mem:         32099      16915      15184          0         10        115
Mem:         32099      19952      12147          0         10        201
Mem:         32099      22167       9932          0         10        306
Mem:         32099      22605       9493          0         10        431
Mem:         32099      22732       9367          0         10        557
Mem:         32099      23007       9091          0         10        673
Mem:         32099      23264       8835          0         10        791
Mem:         32099      23383       8715          0         10        911
Mem:         32099      23832       8266          0         10       1032
Mem:         32099      24821       7278          0         10       1154
Mem:         32099      25081       7018          0         10       1278
Mem:         32099      25369       6730          0         10       1386
Mem:         32099      25472       6627          0         10       1489
Mem:         32099      25675       6424          0         10       1604
Mem:         32099      25943       6155          0         10       1655
Mem:         32099      26121       5978          0         10       1655
Mem:         32099      26124       5975          0         10       1655
Mem:         32099      26124       5974          0         10       1656
Mem:         32099      26187       5911          0         10       1718
Mem:         32099      26301       5798          0         10       1823
Mem:         32099      26421       5677          0         10       1943
Mem:         32099      26555       5544          0         10       2059
Mem:         32099      26738       5360          0         10       2178
Mem:         32099      26859       5240          0         10       2298
Mem:         32099      27026       5073          0         10       2410
Mem:         32099      27141       4957          0         10       2525
Mem:         32099      27339       4760          0         10       2629
Mem:         32099      27512       4586          0         10       2738
Mem:         32099      27681       4417          0         10       2850
Mem:         32099      27875       4223          0         10       2943
Mem:         32099      27936       4163          0         10       2948
Mem:         32099      28004       4094          0         10       2949
Mem:         32099      28014       4085          0         10       2949
Mem:         32099      28062       4036          0         10       2949
Mem:         32099      28062       4036          0         10       2949
Mem:         32099      28062       4036          0         10       2949
Mem:         32099      28063       4035          0         10       2950
Mem:         32099      28206       3893          0         10       2956
Mem:         32099      28403       3696          0         10       2956
Mem:         32099      28515       3584          0         10       3000
Mem:         32099      28774       3324          0         10       3090
Mem:         32099      28891       3208          0         10       3190
Mem:         32099      29173       2926          0         10       3316
Mem:         32099      29369       2730          0         10       3443
Mem:         32099      29622       2476          0         10       3562
Mem:         32099      29817       2282          0         10       3675
Mem:         32099      29973       2126          0         10       3788
Mem:         32099      30180       1919          0         10       3915
Mem:         32099      30305       1794          0         10       4039
Mem:         32099      30417       1682          0         10       4151
Mem:         32099      30500       1599          0         10       4234
Mem:         32099      30506       1593          0         10       4237
Mem:         32099      30506       1593          0         10       4237
Mem:         32099      30505       1593          0         10       4237
Mem:         32099      30505       1593          0         10       4237
Mem:         32099      30505       1594          0         10       4237
Mem:         32099      30510       1589          0         10       4237
Mem:         32099      30510       1589          0         10       4237
Mem:         32099      30510       1589          0         10       4237
Mem:         32099      30509       1589          0         10       4237
Mem:         32099      30509       1590          0         10       4237
Mem:         32099      30509       1589          0         10       4237
Mem:         32099      30510       1589          0         10       4237
Mem:         32099      30511       1587          0         10       4238
Mem:         32099      30595       1504          0         10       4240
Mem:         32099      30806       1292          0         10       4240
Mem:         32099      30997       1102          0         10       4240
Mem:         32099      31089       1009          0         10       4247
Mem:         32099      31364        735          0         10       4266
Mem:         32099      31415        683          0         10       4288
Mem:         32099      31494        605          0         10       4309
Mem:         32099      31557        542          0         10       4333
Mem:         32099      31678        420          0         10       4354
Mem:         32099      31731        368          0         10       4379
Mem:         32099      31871        228          0         10       4407
Mem:         32099      31870        228          0          2       4346
Mem:         32099      31855        244          0          2       4279
Mem:         32099      31866        232          0          2       4129
Mem:         32099      31825        273          0          2       4036
Mem:         32099      31833        266          0          2       3997
Mem:         32099      31856        242          0          2       3933
Mem:         32099      31829        270          0          2       3775
Mem:         32099      31836        263          0          2       3631
Mem:         32099      31865        233          0          2       3624
Mem:         32099      31857        242          0          2       3514
Mem:         32099      31861        238          0          2       3482
Mem:         32099      31875        223          0          2       3444
Mem:         32099      31875        223          0          2       3397
Mem:         32099      31845        254          0          2       3328
Mem:         32099      31864        234          0          2       3346
Mem:         32099      31867        231          0          3       3346
Mem:         32099      31865        234          0          3       3344
Mem:         32099      31865        233          0          3       3344
Mem:         32099      31865        234          0          3       3344
Mem:         32099      31831        267          0          3       3254
Mem:         32099      31857        241          0          3       3175
Mem:         32099      31873        226          0          3       2998
Mem:         32099      31869        230          0          3       2911
Mem:         32099      31866        233          0          3       2920
Mem:         32099      31875        224          0          3       2863
Mem:         32099      31869        229          0          3       2903
Mem:         32099      31877        222          0          3       2853
Mem:         32099      31873        226          0          3       2712
Mem:         32099      31873        225          0          3       2780
Mem:         32099      31876        223          0          3       2722
Mem:         32099      31867        232          0          3       2667
Mem:         32099      31865        233          0          3       2637
Mem:         32099      31866        233          0          3       2637
Mem:         32099      31866        233          0          3       2636
Mem:         32099      31864        235          0          3       2633
Mem:         32099      31862        237          0          3       2632
Mem:         32099      31862        236          0          3       2632
Mem:         32099      31862        237          0          3       2632
Mem:         32099      31846        253          0          3       2555
Mem:         32099      31882        217          0          3       2555
Mem:         32099      31854        245          0          3       2463
Mem:         32099      31872        227          0          3       2339
Mem:         32099      31884        214          0          3       2331
Mem:         32099      31871        228          0          2       2109
Mem:         32099      31869        229          0          2       1988
Mem:         32099      31844        255          0          2       1938
Mem:         32099      31872        226          0          2       1870
Mem:         32099      31869        229          0          2       1864
Mem:         32099      31869        230          0          2       1734
Mem:         32099      31869        230          0          2       1717
Mem:         32099      31863        235          0          2       1641
Mem:         32099      31874        225          0          2       1541
Mem:         32099      31863        236          0          2       1530
Mem:         32099      31824        275          0          2       1346
Mem:         32099      31869        230          0          2       1388
Mem:         32099      31873        225          0          2       1332
Mem:         32099      31864        234          0          2       1321
Mem:         32099      31863        236          0          2       1202
Mem:         32099      31863        236          0          2       1155
Mem:         32099      31862        237          0          2       1129
Mem:         32099      31866        233          0          2       1020
Mem:         32099      31873        226          0          2       1021
Mem:         32099      31852        247          0          2       1014
Mem:         32099      31857        242          0          2        934
Mem:         32099      31869        229          0          2        937
Mem:         32099      31864        234          0          2        931
Mem:         32099      31873        225          0          2        745
Mem:         32099      31876        223          0          2        748
Mem:         32099      31896        202          0          2        694
Mem:         32099      31875        224          0          2        670
Mem:         32099      31886        212          0          2        618
Mem:         32099      31871        228          0          2        599
Mem:         32099      31819        279          0          2        481
Mem:         32099      31901        198          0          2        566
Mem:         32099      31875        223          0          2        458
Mem:         32099      31878        221          0          2        442
Mem:         32099      31876        223          0          2        411
Mem:         32099      31900        199          0          2        371
Mem:         32099      31875        224          0          2        342
Mem:         32099      31885        213          0          2        258
Mem:         32099      31903        195          0          2        282
Mem:         32099      31873        226          0          1        200
Mem:         32099      31878        221          0          0        223
Mem:         32099      31894        205          0          0        147
Mem:         32099      31895        204          0          0         94
Mem:         32099      31904        195          0          0         97
Mem:         32099      31850        249          0          0         87
Mem:         32099      31894        205          0          0        132
Mem:         32099      31897        202          0          0         83
Mem:         32099      31903        195          0          0         90
Mem:         32099      31904        195          0          0         38
Mem:         32099      31902        196          0          0         46
Mem:         32099      31904        195          0          0         49
Mem:         32099      31903        195          0          0         37
Mem:         32099      31903        195          0          0         39
Mem:         32099      31901        198          0          0         35
Mem:         32099      31901        198          0          0         36
Mem:         32099      31903        195          0          0         40
Mem:         32099      31901        197          0          0         37
Mem:         32099      31904        195          0          0         55
Mem:         32099      31903        195          0          0         32
Mem:         32099      31904        195          0          0         32
Mem:         32099      31904        195          0          0         31
Mem:         32099      31825        273          0          0         69
Mem:         32099      31892        206          0          0        161
Mem:         32099      31904        195          0          0         89
Mem:         32099      31904        195          0          0         89
Mem:         32099      31904        195          0          0         31
Mem:         32099      31903        195          0          0         43
Mem:         32099      31903        196          0          0         51
Mem:         32099      31904        195          0          0         52
Mem:         32099      31901        197          0          0         45
Mem:         32099      31903        195          0          0         76
Mem:         32099      31904        195          0          0         76
Mem:         32099      31903        196          0          0         46
Mem:         32099      31903        195          0          0         65
Mem:         32099      31904        195          0          0         64
Mem:         32099      31903        196          0          0         42
Mem:         32099      31903        195          0          0         44
Mem:         32099      31894        204          0          0         33
Mem:         32099      31903        196          0          0        104
Mem:         32099      31902        196          0          0         56
Mem:         32099      31901        198          0          0         59
Mem:         32099      31903        196          0          0         92
Mem:         32099      31904        195          0          0        103
Mem:         32099      31904        195          0          0        103
Mem:         32099      31902        197          0          0        100
Mem:         32099      31899        200          0          0         66
Mem:         32099      31904        195          0          0         82
Mem:         32099      31902        196          0          0         81
Mem:         32099      31902        197          0          0         80
Mem:         32099      31904        195          0          0        100
Mem:         32099      31903        196          0          0        110
Mem:         32099      31902        196          0          0        115
Mem:         32099      31899        200          0          0        110
Mem:         32099      31893        206          0          0        102
Mem:         32099      31883        215          0          0         93
Mem:         32099      31900        199          0          0        122
Mem:         32099      31904        195          0          0         90
Mem:         32099      31902        197          0          0        162
Mem:         32099      31901        198          0          0        129
Mem:         32099      31904        195          0          0        114
Mem:         32099      31902        196          0          0         67
Mem:         32099      31903        195          0          0         68
Mem:         32099      31903        195          0          0         68
Mem:         32099      31902        197          0          0         67
Mem:         32099      31902        196          0          0         63
Mem:         32099      31903        195          0          0         41
Mem:         32099      31903        196          0          0         37
Mem:         32099      31903        196          0          0         42
Mem:         32099      31903        195          0          0         49
Mem:         32099      31904        195          0          0         40
Mem:         32099      31904        195          0          0         41
Mem:         32099      31904        195          0          0         46
Mem:         32099      31903        196          0          0         47
Mem:         32099      31904        195          0          0         52
Mem:         32099      31904        195          0          0         39
Mem:         32099      31904        195          0          0         59
Mem:         32099      31903        195          0          0         59
Mem:         32099      31904        195          0          0         51
Mem:         32099      31904        195          0          0         50
Mem:         32099      31904        195          0          0         35
Mem:         32099      31904        195          0          0         34
Mem:         32099      31878        220          0          0         71
Mem:         32099      31903        195          0          0         84
Mem:         32099      31903        195          0          0         85
Mem:         32099      31903        195          0          0         84
Mem:         32099      31904        195          0          0         75
Mem:         32099      31903        196          0          0         78
Mem:         32099      31902        197          0          0         80
Mem:         32099      31899        199          0          1         80
Mem:         32099      31902        197          0          1        104
Mem:         32099      31840        258          0          1        124
Mem:         32099      31895        204          0          1        177
Mem:         32099      31869        230          0          0         49
Mem:         32099      31901        198          0          0        155
Mem:         32099      31904        195          0          0        160
Mem:         32099      31901        198          0          0         40
Mem:         32099      31903        195          0          0         45
Mem:         32099      31904        195          0          0         34
Mem:         32099      31899        199          0          0         38
Mem:         32099      31903        196          0          0         41
Mem:         32099      31904        195          0          0         31
Mem:         32099      31903        195          0          0         37
Mem:         32099      31903        196          0          0         42
Mem:         32099      31903        196          0          0         29
Mem:         32099      31903        196          0          0         47
Mem:         32099      31904        195          0          0         46
Mem:         32099      31904        195          0          0         35
Mem:         32099      31903        195          0          0         51
Mem:         32099      31903        195          0          0         51
Mem:         32099      31901        197          0          0         28
Mem:         32099      31903        196          0          0         48
Mem:         32099      31900        198          0          0         49
Mem:         32099      31903        195          0          0         31
Mem:         32099      31896        202          0          0         40
Mem:         32099      31882        217          0          0         35
Mem:         32099      31879        220          0          0         31
Mem:         32099      31874        225          0          0         27
Mem:         32099      31869        229          0          0         25
Mem:         32099      31874        225          0          3         27
Mem:         32099      31880        218          0          5         28
Mem:         32099      31881        218          0          5         28
Mem:         32099      31881        218          0          5         28
Mem:         32099      31898        200          0          5         50
Mem:         32099      31904        195          0          2         30
Mem:         32099      31903        196          0          2         38
Mem:         32099      31900        198          0          2         36
Mem:         32099      31898        201          0          2         51
Mem:         32099      31901        197          0          2         55
Mem:         32099      31897        202          0          2         40
Mem:         32099      31896        202          0          2         39
Mem:         32099      31904        195          0          2         46
Mem:         32099      31900        199          0          2         53
Mem:         32099      31902        196          0          2         57
Mem:         32099      31900        199          0          2         48
Mem:         32099      31902        197          0          2         42
Mem:         32099      31903        195          0          2         47
Mem:         32099      31903        195          0          2         43
Mem:         32099      31902        196          0          2         46
Mem:         32099      31904        195          0          2         47
Mem:         32099      31904        195          0          2         47
Mem:         32099      31903        195          0          2         59
Mem:         32099      31903        195          0          2         61
Mem:         32099      31902        197          0          2         56
Mem:         32099      31904        195          0          2         52
Mem:         32099      31903        196          0          2         52
Mem:         32099      31904        195          0          2         47
Mem:         32099      31903        196          0          2         48
Mem:         32099      31904        195          0          2         29
Mem:         32099      31849        250          0          2         53
Mem:         32099      31885        214          0          2         77
Mem:         32099      31903        196          0          2         48
Mem:         32099      31899        200          0          2         49
Mem:         32099      31903        196          0          2         29
Mem:         32099      31899        200          0          2         31
Mem:         32099      31901        198          0          2         33
Mem:         32099      31900        198          0          2         31
Mem:         32099      31875        224          0          2         30
Mem:         32099      31903        195          0          2         31
Mem:         32099      31903        196          0          2         35
Mem:         32099      31904        195          0          2         58
Mem:         32099      31903        195          0          2         40
Mem:         32099      31903        195          0          2         33
Mem:         32099      31833        266          0          2        106
Mem:         32099      31897        201          0          2         55
Mem:         32099      31903        195          0          2         57
Mem:         32099      31904        195          0          2         57
Mem:         32099      31903        195          0          2         33
Mem:         32099      31904        195          0          2         39
Mem:         32099      31904        195          0          2         41
Mem:         32099      31902        197          0          2         55
Mem:         32099      31903        196          0          2         52
Mem:         32099      31897        201          0          2         43
Mem:         32099      31903        195          0          2         50
Mem:         32099      31903        196          0          2         50
Mem:         32099      31904        195          0          2         51
Mem:         32099      31903        195          0          2         50
Mem:         32099      31903        195          0          2         50
Mem:         32099      31903        196          0          2         50
Mem:         32099      31904        195          0          2         35
Mem:         32099      31888        210          0          2         46
Mem:         32099      31903        196          0          2         55
Mem:         32099      31902        196          0          2         53
Mem:         32099      31903        195          0          2         35
Mem:         32099      31904        195          0          2         34
Mem:         32099      31902        197          0          2         33
Mem:         32099      31893        206          0          2         26
Mem:         32099      31871        227          0          2         24
Mem:         32099      31872        227          0          2         24
Mem:         32099      31872        226          0          2         24
Mem:         32099      31874        224          0          2         24
Mem:         32099      31874        225          0          2         24
Mem:         32099      31874        224          0          2         25
Mem:         32099      31875        224          0          2         25
Mem:         32099      31878        220          0          2         26
Mem:         32099      31904        194          0          2         23
Mem:         32099      31904        195          0          0         51
Mem:         32099      31904        195          0          0         47
Mem:         32099      31903        195          0          0         34
Mem:         32099      31903        195          0          0         38
Mem:         32099      31888        211          0          0         31
Mem:         32099      31902        197          0          0         39
Mem:         32099      31866        232          0          0         65
Mem:         32099      31902        196          0          0        103
Mem:         32099      31898        200          0          0         97
Mem:         32099      31904        195          0          0         36
Mem:         32099      31903        196          0          0         37
Mem:         32099      31899        200          0          0         40
Mem:         32099      31904        195          0          0         47
Mem:         32099      31903        195          0          0         46
Mem:         32099      31904        195          0          0         45
Mem:         32099      31899        199          0          0         41
Mem:         32099      31903        195          0          0         46
Mem:         32099      31903        195          0          0         51
Mem:         32099      31903        196          0          0         48
Mem:         32099      31903        195          0          0         54
Mem:         32099      31903        195          0          0         54
Mem:         32099      31903        195          0          0         53
Mem:         32099      31903        196          0          0         52
Mem:         32099      31903        195          0          0         54
Mem:         32099      31904        195          0          0         54
Mem:         32099      31902        196          0          0         53
Mem:         32099      31902        197          0          0         50
Mem:         32099      31897        202          0          0         44
Mem:         32099      31892        207          0          0         38
Mem:         32099      31888        210          0          0         34
Mem:         32099      31883        215          0          0         28
Mem:         32099      31870        229          0          0         27
Mem:         32099      31870        228          0          0         27
Mem:         32099      31870        228          0          0         27
Mem:         32099      31890        209          0          1         41
Mem:         32099      31904        195          0          0         33
Mem:         32099      31899        199          0          0         32
Mem:         32099      31903        195          0          0         64
Mem:         32099      31901        197          0          0         60
Mem:         32099      31897        201          0          0         55
Mem:         32099      31904        195          0          0         39
Mem:         32099      31900        199          0          0         34
Mem:         32099      31903        195          0          0         38
Mem:         32099      31903        196          0          0         35
Mem:         32099      31903        195          0          0         38
Mem:         32099      31904        195          0          0         39
Mem:         32099      31903        195          0          0         38
Mem:         32099      31900        198          0          0         33
Mem:         32099      31901        198          0          0         31
Mem:         32099      31903        196          0          0         36
Mem:         32099      31900        199          0          0         31
Mem:         32099      31903        195          0          0         36
Mem:         32099      31903        196          0          0         32
Mem:         32099      31903        195          0          0         38
Mem:         32099      31903        195          0          0         36
Mem:         32099      31903        195          0          0         36
Mem:         32099      31901        198          0          1         32
Mem:         32099      31902        196          0          0         34
Mem:         32099      31904        195          0          0         36
Mem:         32099      31901        198          0          0         31
Mem:         32099      31903        196          0          0         36
Mem:         32099      31899        200          0          0         30
Mem:         32099      31886        212          0          0         27
Mem:         32099      31872        226          0          0         25
Mem:         32099      31876        223          0          0         28
Mem:         32099      31888        210          0          1         40
Mem:         32099      31875        223          0          0         47
Mem:         32099      31900        199          0          0         75
Mem:         32099      31903        195          0          0         80
Mem:         32099      31896        202          0          0         72
Mem:         32099      31904        195          0          0         38
Mem:         32099      31903        195          0          0         41
Mem:         32099      31895        204          0          1         29
Mem:         32099      31889        210          0          1         28
Mem:         32099      31898        200          0          1         37
Mem:         32099      31903        196          0          1         42
Mem:         32099      31904        195          0          1         43
Mem:         32099      31901        197          0          1         41
Mem:         32099      31895        203          0          1         33
Mem:         32099      31903        195          0          1         43
Mem:         32099      31902        197          0          1         40
Mem:         32099      31901        198          0          1         39
Mem:         32099      31903        196          0          1         40
Mem:         32099      31895        203          0          1         34
Mem:         32099      31898        200          0          1         37
Mem:         32099      31899        200          0          1         37
Mem:         32099      31902        196          0          1         41
Mem:         32099      31899        200          0          1         36
Mem:         32099      31895        204          0          1         31
Mem:         32099      31889        210          0          1         27
Mem:         32099      31872        227          0          1         25
Mem:         32099      31872        227          0          1         25
Mem:         32099      31872        227          0          1         25
Mem:         32099      31872        227          0          1         25
Mem:         32099      31898        201          0          1         50
Mem:         32099      31904        195          0          1         27
Mem:         32099      31897        202          0          1         72
Mem:         32099      31904        195          0          1         80
Mem:         32099      31903        196          0          1         46
Mem:         32099      31904        195          0          1         49
Mem:         32099      31903        196          0          1         34
Mem:         32099      31899        200          0          1         38
Mem:         32099      31900        199          0          1         39
Mem:         32099      31903        196          0          1         42
Mem:         32099      31903        196          0          1         43
Mem:         32099      31903        196          0          1         43
Mem:         32099      31901        198          0          1         40
Mem:         32099      31903        196          0          1         42
Mem:         32099      31900        198          0          1         40
Mem:         32099      31904        195          0          1         43
Mem:         32099      31901        197          0          1         41
Mem:         32099      31901        197          0          1         41
Mem:         32099      31898        200          0          1         36
Mem:         32099      31894        204          0          1         31
Mem:         32099      31889        210          0          1         27
Mem:         32099      31872        227          0          1         27
Mem:         32099      31872        227          0          1         27
Mem:         32099      31901        198          0          1         58
Mem:         32099      31893        206          0          1         28
Mem:         32099      31903        195          0          1         68
Mem:         32099      31900        198          0          1         63
Mem:         32099      31899        199          0          1         38
Mem:         32099      31901        197          0          1         42
Mem:         32099      31893        206          0          1         44
Mem:         32099      31902        196          0          1         52
Mem:         32099      31903        195          0          1         55
Mem:         32099      31902        197          0          1         53
Mem:         32099      31901        198          0          1         52
Mem:         32099      31903        195          0          1         56
Mem:         32099      31902        196          0          1         55
Mem:         32099      31904        195          0          1         55
Mem:         32099      31903        195          0          1         56
Mem:         32099      31901        198          0          1         51
Mem:         32099      31903        195          0          1         56
Mem:         32099      31903        195          0          1         54
Mem:         32099      31904        195          0          1         54
Mem:         32099      31902        196          0          1         54
Mem:         32099      31901        197          0          1         53
Mem:         32099      31898        201          0          1         46
Mem:         32099      31894        204          0          1         41
Mem:         32099      31890        209          0          1         36
Mem:         32099      31871        227          0          1         27
Mem:         32099      31903        195          0          1         60
Mem:         32099      31897        202          0          1         53
Mem:         32099      31890        209          0          1         46
Mem:         32099      31904        195          0          1         59
Mem:         32099      31900        199          0          1         53
Mem:         32099      31902        197          0          1         52
Mem:         32099      31901        197          0          1         51
Mem:         32099      31902        197          0          1         51
Mem:         32099      31899        200          0          1         34
Mem:         32099      31900        199          0          1         34
Mem:         32099      31904        195          0          1         53
Mem:         32099      31903        195          0          1         57
Mem:         32099      31903        195          0          1         57
Mem:         32099      31904        195          0          1         57
Mem:         32099      31903        195          0          1         55
Mem:         32099      31902        196          0          1         55
Mem:         32099      31903        195          0          1         56
Mem:         32099      31892        207          0          1         43
Mem:         32099      31903        195          0          1         58
Mem:         32099      31903        195          0          1         59
Mem:         32099      31903        196          0          1         59
Mem:         32099      31900        199          0          1         52
Mem:         32099      31900        199          0          3         51
Mem:         32099      31893        206          0          3         46
Mem:         32099      31887        211          0          3         40
Mem:         32099      31882        217          0          3         34
Mem:         32099      31878        221          0          3         30
Mem:         32099      31869        229          0          3         27
Mem:         32099      31869        229          0          3         27
Mem:         32099      31869        229          0          3         27
Mem:         32099      31870        229          0          3         27
Mem:         32099      31869        229          0          3         28
Mem:         32099      31883        215          0          3         41
Mem:         32099      31851        247          0          1         45
Mem:         32099      31902        197          0          1        102
Mem:         32099      31902        196          0          1        102
Mem:         32099      31903        195          0          1         59
Mem:         32099      31904        195          0          1         58
Mem:         32099      31903        196          0          1         57
Mem:         32099      31902        197          0          1         56
Mem:         32099      31903        196          0          1         54
Mem:         32099      31903        195          0          1         58
Mem:         32099      31904        195          0          1         58
Mem:         32099      31902        197          0          1         55
Mem:         32099      31903        196          0          1         55
Mem:         32099      31903        196          0          1         57
Mem:         32099      31903        195          0          1         56
Mem:         32099      31903        195          0          1         56
Mem:         32099      31903        196          0          1         55
Mem:         32099      31903        195          0          1         56
Mem:         32099      31902        196          0          1         55
Mem:         32099      31903        196          0          1         56
Mem:         32099      31903        195          0          1         56
Mem:         32099      31903        196          0          1         56
Mem:         32099      31897        202          0          1         48
Mem:         32099      31895        204          0          1         43
Mem:         32099      31891        208          0          1         37
Mem:         32099      31887        212          0          1         33
Mem:         32099      31882        217          0          1         32
Mem:         32099      31889        210          0          1         41
Mem:         32099      31872        226          0          1         50
Mem:         32099      31903        196          0          1         83
Mem:         32099      31895        204          0          1         76
Mem:         32099      31903        195          0          1         85
Mem:         32099      31903        195          0          1         42
Mem:         32099      31896        202          0          1         34
Mem:         32099      31903        195          0          1         35
Mem:         32099      31904        195          0          1         41
Mem:         32099      31903        196          0          1         39
Mem:         32099      31899        200          0          1         36
Mem:         32099      31899        199          0          1         35
Mem:         32099      31903        196          0          1         47
Mem:         32099      31904        195          0          1         49
Mem:         32099      31903        195          0          1         48
Mem:         32099      31904        195          0          1         50
Mem:         32099      31904        195          0          1         49
Mem:         32099      31903        195          0          1         49
Mem:         32099      31887        212          0          1         31
Mem:         32099      31893        206          0          1         53
Mem:         32099      31903        196          0          1         65
Mem:         32099      31901        198          0          1         65
Mem:         32099      31891        207          0          1         55
Mem:         32099      31889        210          0          5         49
Mem:         32099      31876        222          0          5         44
Mem:         32099      31871        227          0          5         41
Mem:         32099      31872        227          0          5         41
Mem:         32099      31871        227          0          5         41
Mem:         32099      31872        227          0          5         42
Mem:         32099      31896        202          0          2         70
Mem:         32099      31896        202          0          2         72
Mem:         32099      31895        204          0          2         71
Mem:         32099      31897        202          0          2         71
Mem:         32099      31904        195          0          2         76
Mem:         32099      31899        199          0          2         68
Mem:         32099      31901        197          0          2         73
Mem:         32099      31901        198          0          2         70
Mem:         32099      31900        198          0          2         69
Mem:         32099      31899        200          0          2         71
Mem:         32099      31902        196          0          2         75
Mem:         32099      31904        195          0          2         75
Mem:         32099      31902        196          0          2         73
Mem:         32099      31899        200          0          2         69
Mem:         32099      31903        195          0          2         36
Mem:         32099      31866        232          0          2         44
Mem:         32099      31888        210          0          2         68
Mem:         32099      31900        199          0          2         84
Mem:         32099      31903        196          0          2         46
Mem:         32099      31900        198          0          2         43
Mem:         32099      31895        203          0          2         37
Mem:         32099      31893        206          0          2         32
Mem:         32099      31872        227          0          2         29
Mem:         32099      31872        226          0          2         30
Mem:         32099      31872        226          0          2         30
Mem:         32099      31903        195          0          2         63
Mem:         32099      31903        196          0          2         43
Mem:         32099      31897        202          0          2         35
Mem:         32099      31897        201          0          2         35
Mem:         32099      31895        204          0          2         38
Mem:         32099      31903        195          0          2         48
Mem:         32099      31900        199          0          2         41
Mem:         32099      31899        200          0          2         30
Mem:         32099      31903        196          0          2         36
Mem:         32099      31901        198          0          2         36
Mem:         32099      31902        196          0          2         37
Mem:         32099      31902        197          0          2         37
Mem:         32099      31903        196          0          2         40
Mem:         32099      31903        196          0          2         39
Mem:         32099      31904        195          0          2         40
Mem:         32099      31902        197          0          2         39
Mem:         32099      31903        195          0          2         40
Mem:         32099      31877        221          0          2         31
Mem:         32099      31882        217          0          2         46
Mem:         32099      31900        199          0          2         64
Mem:         32099      31902        197          0          2         70
Mem:         32099      31895        204          0          2         64
Mem:         32099      31899        199          0          2         66
Mem:         32099      31894        204          0          2         61
Mem:         32099      31890        209          0          2         56
Mem:         32099      31886        213          0          2         51
Mem:         32099      31902        197          0          2         47
Mem:         32099      31893        206          0          2         73
Mem:         32099      31904        195          0          2         84
Mem:         32099      31895        204          0          2         54
Mem:         32099      31897        202          0          2         52
Mem:         32099      31904        195          0          2         59
Mem:         32099      31894        205          0          2         47
Mem:         32099      31901        198          0          2         55
Mem:         32099      31902        197          0          2         58
Mem:         32099      31896        203          0          2         45
Mem:         32099      31902        196          0          2         52
Mem:         32099      31895        203          0          2         46
Mem:         32099      31896        202          0          2         46
Mem:         32099      31903        196          0          2         53
Mem:         32099      31886        212          0          2         43
Mem:         32099      31889        210          0          2         45
Mem:         32099      31901        198          0          2         56
Mem:         32099      31902        196          0          2         60
Mem:         32099      31891        207          0          2         47
Mem:         32099      31892        207          0          2         48
Mem:         32099      31897        202          0          2         52
Mem:         32099      31891        208          0          2         46
Mem:         32099      31887        212          0          2         41
Mem:         32099      31874        225          0          2         28
Mem:         32099      31873        226          0          2         27
Mem:         32099      31873        226          0          2         28
Mem:         32099      31872        226          0          2         28
Mem:         32099      31873        226          0          2         28
Mem:         32099      31872        226          0          2         28
Mem:         32099      31890        208          0          2         46
Mem:         32099      31890        209          0          2         41
Mem:         32099      31903        196          0          1         42
Mem:         32099      31897        202          0          2         36
Mem:         32099      31899        200          0          2         35
Mem:         32099      31902        196          0          2         45
Mem:         32099      31900        198          0          2         44
Mem:         32099      31900        199          0          2         44
Mem:         32099      31902        197          0          2         46
Mem:         32099      31903        195          0          2         46
Mem:         32099      31903        195          0          2         46
Mem:         32099      31903        195          0          2         49
Mem:         32099      31895        203          0          1         33
Mem:         32099      31896        202          0          1         33
Mem:         32099      31897        201          0          1         34
Mem:         32099      31901        198          0          1         38
Mem:         32099      31897        202          0          1         33
Mem:         32099      31899        199          0          1         35
Mem:         32099      31896        203          0          1         31
Mem:         32099      31891        208          0          1         26
Mem:         32099      31872        227          0          1         25
Mem:         32099      31872        226          0          1         24
Mem:         32099      31872        226          0          1         25
Mem:         32099      31872        226          0          1         25
Mem:         32099      31873        226          0          1         25
Mem:         32099      31856        243          0          1         43
Mem:         32099      31898        200          0          1         87
Mem:         32099      31902        196          0          1         94
Mem:         32099      31904        195          0          1         83
Mem:         32099      31892        207          0          1         58
Mem:         32099      31893        206          0          1         57
Mem:         32099      31890        208          0          1         53
Mem:         32099      31895        203          0          1         59
Mem:         32099      31900        199          0          1         64
Mem:         32099      31900        198          0          1         64
Mem:         32099      31900        199          0          1         63
Mem:         32099      31902        197          0          1         66
Mem:         32099      31899        199          0          1         63
Mem:         32099      31898        201          0          1         61
Mem:         32099      31904        195          0          1         68
Mem:         32099      31891        208          0          1         53
Mem:         32099      31896        203          0          1         58
Mem:         32099      31895        204          0          1         58
Mem:         32099      31900        199          0          1         63
Mem:         32099      31899        199          0          1         64
Mem:         32099      31888        211          0          1         53
Mem:         32099      31889        209          0          1         52
Mem:         32099      31884        214          0          1         46
Mem:         32099      31880        219          0          1         41
Mem:         32099      31874        224          0          1         35
Mem:         32099      31871        228          0          1         31
Mem:         32099      31904        195          0          1         31
Mem:         32099      31904        195          0          1         35
Mem:         32099      31895        204          0          1         77
Mem:         32099      31897        201          0          1         80
Mem:         32099      31896        202          0          1         79
Mem:         32099      31903        195          0          1         64
Mem:         32099      31900        198          0          1         58
Mem:         32099      31898        200          0          1         58
Mem:         32099      31891        208          0          1         47
Mem:         32099      31899        200          0          1         36
Mem:         32099      31903        195          0          1         43
Mem:         32099      31903        196          0          1         42
Mem:         32099      31901        198          0          1         39
Mem:         32099      31903        195          0          1         43
Mem:         32099      31903        195          0          1         42
Mem:         32099      31900        199          0          1         39
Mem:         32099      31904        195          0          1         43
Mem:         32099      31901        197          0          1         39
Mem:         32099      31900        198          0          1         39
Mem:         32099      31901        198          0          1         40
Mem:         32099      31898        200          0          1         37
Mem:         32099      31900        199          0          1         39
Mem:         32099      31900        199          0          1         37
Mem:         32099      31897        201          0          1         33
Mem:         32099      31892        207          0          1         27
Mem:         32099      31872        227          0          1         26
Mem:         32099      31872        227          0          1         26
Mem:         32099      31872        226          0          1         26
Mem:         32099      31904        195          0          1         74
Mem:         32099      31889        209          0          1         75
Mem:         32099      31899        200          0          1         67
Mem:         32099      31901        197          0          1         68
Mem:         32099      31897        202          0          1         39
Mem:         32099      31895        204          0          1         35
Mem:         32099      31898        200          0          1         39
Mem:         32099      31899        200          0          1         39
Mem:         32099      31900        198          0          1         39
Mem:         32099      31898        201          0          1         34
Mem:         32099      31900        198          0          1         38
Mem:         32099      31894        205          0          1         32
Mem:         32099      31899        200          0          1         26
Mem:         32099      31904        195          0          1         42
Mem:         32099      31904        195          0          1         43
Mem:         32099      31904        195          0          1         44
Mem:         32099      31904        195          0          1         50
Mem:         32099      31904        195          0          1         52
Mem:         32099      31903        195          0          1         64
Mem:         32099      31888        211          0          1         54
Mem:         32099      31903        195          0          1         66
Mem:         32099      31902        196          0          1         66
Mem:         32099      31886        213          0          1         48
Mem:         32099      31901        197          0          1         65
Mem:         32099      31892        207          0          1         53
Mem:         32099      31887        211          0          1         47
Mem:         32099      31882        216          0          1         42
Mem:         32099      31885        214          0          1         44
Mem:         32099      31890        208          0          1         50
Mem:         32099      31903        195          0          1         57
Mem:         32099      31898        200          0          1         63
Mem:         32099      31897        202          0          1         61
Mem:         32099      31894        204          0          1         33
Mem:         32099      31898        201          0          1         39
Mem:         32099      31895        204          0          1         34
Mem:         32099      31900        199          0          1         42
Mem:         32099      31900        198          0          1         41
Mem:         32099      31902        197          0          1         42
Mem:         32099      31901        198          0          1         44
Mem:         32099      31903        195          0          1         43
Mem:         32099      31904        195          0          1         45
Mem:         32099      31897        202          0          1         37
Mem:         32099      31895        204          0          1         67
Mem:         32099      31881        218          0          1         53
Mem:         32099      31900        198          0          1         75
Mem:         32099      31900        199          0          1         74
Mem:         32099      31897        202          0          1         71
Mem:         32099      31893        206          0          1         65
Mem:         32099      31889        210          0          1         60
Mem:         32099      31883        215          0          1         55
Mem:         32099      31863        236          0          1         34
Mem:         32099      31881        218          0          1         53
Mem:         32099      31882        217          0          1         54
Mem:         32099      31899        200          0          1         46
Mem:         32099      31897        201          0          1         44
Mem:         32099      31902        196          0          1         50
Mem:         32099      31902        196          0          1         50
Mem:         32099      31895        204          0          1         41
Mem:         32099      31903        195          0          1         50
Mem:         32099      31893        206          0          1         39
Mem:         32099      31898        201          0          1         43
Mem:         32099      31904        195          0          1         52
Mem:         32099      31903        195          0          1         50
Mem:         32099      31903        195          0          1         51
Mem:         32099      31903        195          0          1         51
Mem:         32099      31904        195          0          1         28
Mem:         32099      31887        212          0          1         54
Mem:         32099      31879        220          0          1         47
Mem:         32099      31875        224          0          1         43
Mem:         32099      31886        212          0          1         54
Mem:         32099      31881        218          0          1         48
Mem:         32099      31877        222          0          1         44
Mem:         32099      31883        216          0          1         49
Mem:         32099      31889        210          0          1         56
Mem:         32099      31885        214          0          1         52
Mem:         32099      31885        213          0          1         53
Mem:         32099      31888        210          0          1         42
Mem:         32099      31903        195          0          1         60
Mem:         32099      31903        195          0          1         30
Mem:         32099      31900        199          0          1         31
Mem:         32099      31904        195          0          1         40
Mem:         32099      31903        196          0          2         52
Mem:         32099      31902        197          0          1         53
Mem:         32099      31904        195          0          1         37
Mem:         32099      31904        195          0          1         47
Mem:         32099      31900        198          0          1         43
Mem:         32099      31897        202          0          1         67
Mem:         32099      31862        237          0          1         33
Mem:         32099      31900        199          0          1         51
Mem:         32099      31903        195          0          1         55
Mem:         32099      31894        205          0          1         46
Mem:         32099      31903        196          0          1         53
Mem:         32099      31903        196          0          1         53
Mem:         32099      31892        206          0          1         47
Mem:         32099      31895        203          0          1         49
Mem:         32099      31889        210          0          1         43
Mem:         32099      31903        195          0          1         58
Mem:         32099      31894        204          0          1         49
Mem:         32099      31893        206          0          1         44
Mem:         32099      31896        203          0          1         46
Mem:         32099      31876        223          0          1         36
Mem:         32099      31886        212          0          1         45
Mem:         32099      31876        223          0          1         34
Mem:         32099      31891        208          0          1         51
Mem:         32099      31883        216          0          1         40
Mem:         32099      31903        196          0          1         62
Mem:         32099      31903        195          0          1         63
Mem:         32099      31885        214          0          1         43
Mem:         32099      31888        211          0          1         46
Mem:         32099      31899        199          0          1         59
Mem:         32099      31897        202          0          1         54
Mem:         32099      31899        200          0          1         58
Mem:         32099      31890        209          0          1         50
Mem:         32099      31888        211          0          1         48
Mem:         32099      31889        209          0          1         48
Mem:         32099      31878        221          0          1         36
Mem:         32099      31875        224          0          1         32
Mem:         32099      31873        226          0          1         30
Mem:         32099      31873        226          0          1         30
Mem:         32099      31873        226          0          1         30
Mem:         32099      31873        226          0          1         30
Mem:         32099      31896        202          0          1         50
Mem:         32099      31877        222          0          1         49
Mem:         32099      31899        200          0          1         71
Mem:         32099      31896        202          0          1         69
Mem:         32099      31903        196          0          1         52
Mem:         32099      31898        201          0          1         47
Mem:         32099      31894        205          0          1         42
Mem:         32099      31900        199          0          1         49
Mem:         32099      31899        200          0          1         46
Mem:         32099      31892        207          0          1         41
Mem:         32099      31895        204          0          1         45
Mem:         32099      31904        195          0          1         54
Mem:         32099      31894        204          0          1         44
Mem:         32099      31899        199          0          1         50
Mem:         32099      31903        196          0          1         54
Mem:         32099      31903        196          0          2         51
Mem:         32099      31898        201          0          3         46
Mem:         32099      31901        198          0          2         50
Mem:         32099      31895        203          0          2         45
Mem:         32099      31902        197          0          2         52
Mem:         32099      31901        198          0          3         47
Mem:         32099      31901        198          0          3         43
Mem:         32099      31897        201          0          3         38
Mem:         32099      31904        195          0          2         47
Mem:         32099      31902        196          0          2         50
Mem:         32099      31901        197          0          2         51
Mem:         32099      31902        196          0          2         51
Mem:         32099      31899        200          0          2         47
Mem:         32099      31904        195          0          2         53
Mem:         32099      31903        195          0          2         52
Mem:         32099      31903        195          0          2         52
Mem:         32099      31903        195          0          2         53
Mem:         32099      31902        196          0          2         49
Mem:         32099      31903        195          0          2         52
Mem:         32099      31901        197          0          2         48
Mem:         32099      31901        198          0          2         49
Mem:         32099      31904        195          0          2         52
Mem:         32099      31904        195          0          2         51
Mem:         32099      31904        195          0          2         51
Mem:         32099      31888        211          0          2         31
Mem:         32099      31870        229          0          2         29
Mem:         32099      31870        229          0          2         29
Mem:         32099      31870        229          0          2         29
Mem:         32099      31870        229          0          2         30
Mem:         32099      31870        228          0          2         31
Mem:         32099      31870        229          0          2         31
Mem:         32099      31870        228          0          2         31
Mem:         32099      31903        196          0          1         32
Mem:         32099      31898        201          0          1         32
Mem:         32099      31900        199          0          1         27
Mem:         32099      31878        221          0          0         58
Mem:         32099      31903        196          0          0         42
Mem:         32099      31903        195          0          0         41
Mem:         32099      31895        204          0          0         30
Mem:         32099      31903        196          0          0         42
Mem:         32099      31903        196          0          0         43
Mem:         32099      31900        198          0          0         39
Mem:         32099      31903        196          0          0         41
Mem:         32099      31904        195          0          0         43
Mem:         32099      31903        195          0          0         43
Mem:         32099      31894        204          0          0         33
Mem:         32099      31904        195          0          0         42
Mem:         32099      31902        197          0          0         40
Mem:         32099      31900        198          0          0         39
Mem:         32099      31893        205          0          0         46
Mem:         32099      31893        205          0          0         46
Mem:         32099      31886        213          0          0         38
Mem:         32099      31896        203          0          0         50
Mem:         32099      31904        195          0          0         59
Mem:         32099      31899        200          0          0         54
Mem:         32099      31903        195          0          0         58
Mem:         32099      31902        197          0          0         57
Mem:         32099      31903        196          0          0         56
Mem:         32099      31904        195          0          0         57
Mem:         32099      31899        200          0          0         51
Mem:         32099      31899        200          0          0         51
Mem:         32099      31902        197          0          0         54
Mem:         32099      31890        208          0          0         42
Mem:         32099      31903        195          0          0         55
Mem:         32099      31901        198          0          0         52
Mem:         32099      31904        195          0          0         55
Mem:         32099      31898        200          0          0         49
Mem:         32099      31897        202          0          0         47
Mem:         32099      31903        195          0          0         54
Mem:         32099      31893        206          0          0         44
Mem:         32099      31901        197          0          0         52
Mem:         32099      31897        202          0          0         47
Mem:         32099      31901        198          0          0         52
Mem:         32099      31895        204          0          0         46
Mem:         32099      31899        199          0          0         49
Mem:         32099      31896        203          0          0         45
Mem:         32099      31892        207          0          0         39
Mem:         32099      31882        217          0          0         28
Mem:         32099      31881        218          0          1         26
Mem:         32099      13654      18445          0          1         26
Mem:         32099      13623      18476          0          1         29
