Mem:         32105       1519      30585          0          2        107
Mem:         32105       1580      30524          0          2        123
Mem:         32105       1674      30430          0          2        140
Mem:         32105       1845      30259          0          2        154
Mem:         32105       3365      28739          0          2        215
Mem:         32105       7048      25056          0          2        336
Mem:         32105       7488      24616          0          3        466
Mem:         32105       7894      24210          0          3        606
Mem:         32105       8216      23888          0          3        744
Mem:         32105       8493      23611          0          3        878
Mem:         32105       8634      23470          0          3       1016
Mem:         32105       9120      22984          0          3       1145
Mem:         32105      10244      21860          0          3       1274
Mem:         32105      10382      21722          0          3       1412
Mem:         32105      10722      21382          0          4       1542
Mem:         32105      10939      21165          0          4       1662
Mem:         32105      11197      20907          0          4       1734
Mem:         32105      11407      20697          0          4       1744
Mem:         32105      11424      20680          0          4       1748
Mem:         32105      11480      20624          0          4       1768
Mem:         32105      11554      20550          0          4       1831
Mem:         32105      11679      20425          0          4       1949
Mem:         32105      11859      20245          0          4       2083
Mem:         32105      12012      20092          0          4       2229
Mem:         32105      12182      19922          0          5       2364
Mem:         32105      12372      19732          0          5       2495
Mem:         32105      12566      19538          0          5       2626
Mem:         32105      12771      19333          0          5       2761
Mem:         32105      12911      19193          0          5       2900
Mem:         32105      13081      19023          0          5       3023
Mem:         32105      13289      18815          0          5       3160
Mem:         32105      13524      18580          0          5       3251
Mem:         32105      13665      18439          0          6       3328
Mem:         32105      13708      18396          0          6       3337
Mem:         32105      13761      18343          0          6       3340
Mem:         32105      13763      18341          0          6       3342
Mem:         32105      13765      18339          0          6       3344
Mem:         32105      13768      18336          0          6       3348
Mem:         32105      13770      18334          0          6       3350
Mem:         32105      13772      18332          0          6       3352
Mem:         32105      13774      18330          0          6       3354
Mem:         32105      13990      18114          0          6       3361
Mem:         32105      14389      17715          0          6       3364
Mem:         32105      14502      17602          0          6       3390
Mem:         32105      14741      17363          0          6       3435
Mem:         32105      15143      16961          0          6       3523
Mem:         32105      15369      16735          0          6       3629
Mem:         32105      15467      16637          0          6       3727
Mem:         32105      15625      16479          0          6       3847
Mem:         32105      15880      16224          0          6       3978
Mem:         32105      16008      16096          0          6       4106
Mem:         32105      16216      15888          0          6       4229
Mem:         32105      16340      15764          0          7       4353
Mem:         32105      16470      15634          0          7       4463
Mem:         32105      16529      15575          0          7       4521
Mem:         32105      16548      15557          0          7       4540
Mem:         32105      16549      15555          0          7       4541
Mem:         32105      16551      15553          0          7       4544
Mem:         32105      16553      15551          0          7       4546
Mem:         32105      16555      15549          0          7       4548
Mem:         32105      16557      15547          0          7       4550
Mem:         32105      16558      15546          0          7       4552
Mem:         32105      16560      15544          0          7       4554
Mem:         32105      16567      15537          0          7       4556
Mem:         32105      16569      15535          0          7       4559
Mem:         32105      16571      15533          0          7       4560
Mem:         32105      16573      15531          0          7       4563
Mem:         32105      16575      15529          0          7       4565
Mem:         32105      16570      15534          0          7       4571
Mem:         32105      16727      15377          0          7       4573
Mem:         32105      16789      15315          0          7       4576
Mem:         32105      16977      15127          0          7       4585
Mem:         32105      17164      14940          0          7       4601
Mem:         32105      17252      14852          0          7       4620
Mem:         32105      17471      14633          0          7       4641
Mem:         32105      17522      14582          0          7       4659
Mem:         32105      17592      14512          0          7       4679
Mem:         32105      17643      14461          0          7       4698
Mem:         32105      17686      14418          0          7       4717
Mem:         32105      17762      14342          0          7       4736
Mem:         32105      17829      14275          0          7       4755
Mem:         32105      17852      14252          0          7       4772
Mem:         32105      17947      14157          0          7       4789
Mem:         32105      18063      14041          0          7       4810
Mem:         32105      18288      13816          0          7       4839
Mem:         32105      18432      13672          0          7       4871
Mem:         32105      18512      13593          0          7       4897
Mem:         32105      18595      13509          0          7       4915
Mem:         32105      18659      13445          0          7       4934
Mem:         32105      18710      13394          0          7       4953
Mem:         32105      18770      13334          0          7       4972
Mem:         32105      18822      13282          0          7       4989
Mem:         32105      18887      13217          0          7       5004
Mem:         32105      18890      13214          0          7       5006
Mem:         32105      18891      13213          0          7       5008
Mem:         32105      18893      13211          0          7       5010
Mem:         32105      18895      13210          0          7       5012
Mem:         32105      18896      13208          0          7       5014
Mem:         32105      18903      13202          0          7       5016
Mem:         32105      18999      13105          0          7       5018
Mem:         32105      19140      12964          0          7       5020
Mem:         32105      19257      12847          0          7       5022
Mem:         32105      19328      12776          0          7       5024
Mem:         32105      19455      12649          0          7       5027
Mem:         32105      19532      12572          0          7       5030
Mem:         32105      19539      12565          0          7       5035
Mem:         32105      19650      12454          0          7       5054
Mem:         32105      19834      12270          0          7       5086
Mem:         32105      19925      12179          0          7       5125
Mem:         32105      20036      12068          0          8       5166
Mem:         32105      20092      12013          0          8       5212
Mem:         32105      20148      11957          0          8       5269
Mem:         32105      20179      11925          0          8       5300
Mem:         32105      20181      11924          0          8       5302
Mem:         32105      20181      11924          0          8       5303
Mem:         32105      20180      11924          0          8       5303
Mem:         32105      20180      11925          0          8       5303
Mem:         32105      20183      11921          0          8       5303
Mem:         32105      20323      11781          0          8       5303
Mem:         32105      20554      11550          0          8       5303
Mem:         32105      20700      11405          0          8       5303
Mem:         32105      20773      11332          0          8       5303
Mem:         32105      20930      11174          0          8       5303
Mem:         32105      21054      11050          0          8       5369
Mem:         32105      21119      10985          0          8       5431
Mem:         32105      21257      10847          0          8       5490
Mem:         32105      21451      10653          0          8       5542
Mem:         32105      21690      10414          0          8       5575
Mem:         32105      21886      10218          0          8       5612
Mem:         32105      22027      10077          0          8       5683
Mem:         32105      22121       9983          0          8       5718
Mem:         32105      22212       9892          0          8       5737
Mem:         32105      22291       9813          0          8       5762
Mem:         32105      22403       9701          0          8       5762
Mem:         32105      22537       9567          0          8       5787
Mem:         32105      22645       9459          0          8       5787
Mem:         32105      22646       9458          0          8       5787
Mem:         32105      22646       9458          0          8       5787
Mem:         32105      22645       9459          0          8       5787
Mem:         32105      22644       9460          0          8       5786
Mem:         32105      22644       9460          0          8       5786
Mem:         32105      22644       9460          0          8       5786
Mem:         32105      22643       9461          0          8       5786
Mem:         32105      22642       9462          0          8       5786
Mem:         32105      22643       9461          0          8       5786
Mem:         32105      22642       9462          0          8       5786
Mem:         32105      22504       9600          0          8       5580
Mem:         32105      22598       9506          0          8       5597
Mem:         32105      22791       9313          0          8       5620
Mem:         32105      22882       9222          0          8       5643
Mem:         32105      23024       9080          0          8       5661
Mem:         32105      23145       8959          0          8       5681
Mem:         32105      23187       8917          0          8       5688
Mem:         32105      23231       8873          0          8       5688
Mem:         32105      23456       8648          0          8       5688
Mem:         32105      23547       8557          0          8       5688
Mem:         32105      23580       8524          0          8       5688
Mem:         32105      23585       8519          0          8       5688
Mem:         32105      23595       8509          0          8       5688
Mem:         32105      23653       8451          0          8       5688
Mem:         32105      23669       8435          0          8       5688
Mem:         32105      23750       8354          0          8       5688
Mem:         32105      23762       8342          0          8       5688
Mem:         32105      23767       8337          0          8       5688
Mem:         32105      23774       8330          0          8       5688
Mem:         32105      23775       8329          0          8       5688
Mem:         32105      23775       8329          0          8       5688
Mem:         32105      23774       8330          0          8       5688
Mem:         32105      23775       8329          0          8       5688
Mem:         32105      23775       8329          0          8       5688
Mem:         32105      23774       8330          0          9       5688
Mem:         32105      23774       8330          0          9       5688
Mem:         32105      23773       8331          0          9       5688
Mem:         32105      23774       8331          0          9       5688
Mem:         32105      23773       8331          0          9       5688
Mem:         32105      23772       8332          0          9       5688
Mem:         32105      23773       8331          0          9       5688
Mem:         32105      23772       8332          0          9       5688
Mem:         32105      23792       8312          0          9       5688
Mem:         32105      23790       8315          0          9       5688
Mem:         32105      23946       8158          0          9       5688
Mem:         32105      24067       8037          0          9       5739
Mem:         32105      24217       7887          0          9       5739
Mem:         32105      24270       7834          0          9       5739
Mem:         32105      24334       7770          0          9       5739
Mem:         32105      24553       7551          0          9       5860
Mem:         32105      24733       7371          0          9       5973
Mem:         32105      24779       7325          0          9       6021
Mem:         32105      24855       7250          0          9       6037
Mem:         32105      24889       7215          0          9       6045
Mem:         32105      25058       7046          0          9       6047
Mem:         32105      25209       6895          0          9       6104
Mem:         32105      25292       6812          0          9       6187
Mem:         32105      25310       6794          0          9       6203
Mem:         32105      25311       6794          0          9       6203
Mem:         32105      25430       6674          0          9       6196
Mem:         32105      25430       6674          0          9       6196
Mem:         32105      25430       6674          0          9       6196
Mem:         32105      25430       6674          0          9       6196
Mem:         32105      25430       6674          0          9       6196
Mem:         32105      25429       6675          0          9       6196
Mem:         32105      25429       6675          0          9       6196
Mem:         32105      25429       6676          0          9       6196
Mem:         32105      25428       6676          0          9       6196
Mem:         32105      25428       6676          0          9       6196
Mem:         32105      25428       6676          0          9       6195
Mem:         32105      25428       6676          0          9       6195
Mem:         32105      25428       6677          0          9       6195
Mem:         32105      25427       6677          0          9       6195
Mem:         32105      25427       6677          0          9       6195
Mem:         32105      25427       6677          0          9       6195
Mem:         32105      25426       6678          0          9       6195
Mem:         32105      25427       6677          0          9       6195
Mem:         32105      25426       6678          0          9       6195
Mem:         32105      25426       6678          0          9       6195
Mem:         32105      25426       6678          0          9       6195
Mem:         32105      25152       6952          0          9       5919
Mem:         32105      25359       6745          0          9       5893
Mem:         32105      25538       6566          0          9       5893
Mem:         32105      25838       6266          0          9       5893
Mem:         32105      25880       6224          0          9       5893
Mem:         32105      25985       6119          0          9       5893
Mem:         32105      26006       6098          0          9       5893
Mem:         32105      26036       6068          0          9       5893
Mem:         32105      26077       6027          0          9       5894
Mem:         32105      26163       5942          0          9       5894
Mem:         32105      26325       5779          0          9       5894
Mem:         32105      26391       5713          0          9       5894
Mem:         32105      26534       5570          0          9       5894
Mem:         32105      26629       5475          0          9       5894
Mem:         32105      26733       5371          0          9       5894
Mem:         32105      26731       5373          0          9       5894
Mem:         32105      26732       5372          0          9       5894
Mem:         32105      26733       5371          0          9       5894
Mem:         32105      26733       5371          0          9       5894
Mem:         32105      26733       5371          0          9       5894
Mem:         32105      26733       5372          0          9       5894
Mem:         32105      26732       5372          0          9       5894
Mem:         32105      26732       5372          0          9       5894
Mem:         32105      26732       5372          0          9       5894
Mem:         32105      26732       5372          0          9       5894
Mem:         32105      26732       5372          0          9       5894
Mem:         32105      26732       5372          0          9       5894
Mem:         32105      26732       5373          0          9       5894
Mem:         32105      26732       5372          0          9       5894
Mem:         32105      26731       5373          0          9       5894
Mem:         32105      26731       5373          0          9       5894
Mem:         32105      26730       5374          0          9       5894
Mem:         32105      26731       5373          0          9       5894
Mem:         32105      26731       5373          0          9       5894
Mem:         32105      26731       5373          0          9       5894
Mem:         32105      26729       5375          0          9       5894
Mem:         32105      26732       5372          0          9       5894
Mem:         32105      26855       5249          0          9       5894
Mem:         32105      27154       4950          0          9       5894
Mem:         32105      27152       4952          0          9       5894
Mem:         32105      27279       4825          0          9       5894
Mem:         32105      27330       4774          0          9       5894
Mem:         32105      27603       4501          0         10       6041
Mem:         32105      27739       4365          0         10       6176
Mem:         32105      27806       4298          0         10       6190
Mem:         32105      27835       4269          0         10       6200
Mem:         32105      27877       4227          0         10       6206
Mem:         32105      27968       4136          0         10       6207
Mem:         32105      28130       3974          0         10       6207
Mem:         32105      28247       3857          0         10       6207
Mem:         32105      28378       3726          0         10       6199
Mem:         32105      28335       3769          0         10       6199
Mem:         32105      28470       3634          0         10       6199
Mem:         32105      28428       3676          0         10       6199
Mem:         32105      28537       3568          0         10       6199
Mem:         32105      28539       3565          0         10       6199
Mem:         32105      28538       3566          0         10       6199
Mem:         32105      28537       3567          0         10       6199
Mem:         32105      28538       3566          0         10       6199
Mem:         32105      28542       3563          0         11       6202
Mem:         32105      28545       3559          0         12       6204
Mem:         32105      28544       3560          0         12       6204
Mem:         32105      28544       3560          0         12       6204
Mem:         32105      28544       3560          0         12       6204
Mem:         32105      28544       3560          0         12       6204
Mem:         32105      28544       3560          0         12       6204
Mem:         32105      28543       3561          0         12       6204
Mem:         32105      28269       3835          0         12       5926
Mem:         32105      28381       3723          0         12       5926
Mem:         32105      28501       3603          0         12       5926
Mem:         32105      28762       3342          0         12       5926
Mem:         32105      28782       3322          0         12       5926
Mem:         32105      28883       3221          0         12       5926
Mem:         32105      28925       3179          0         12       5926
Mem:         32105      29094       3010          0         12       5926
Mem:         32105      29097       3007          0         12       5926
Mem:         32105      29142       2962          0         12       5925
Mem:         32105      29167       2937          0         12       5925
Mem:         32105      29184       2920          0         12       5925
Mem:         32105      29273       2831          0         12       5925
Mem:         32105      29303       2801          0         12       5925
Mem:         32105      29379       2725          0         12       5925
Mem:         32105      29397       2707          0         12       5925
Mem:         32105      29546       2558          0         12       5925
Mem:         32105      29567       2537          0         12       5925
Mem:         32105      29567       2537          0         12       5925
Mem:         32105      29567       2537          0         12       5925
Mem:         32105      29568       2536          0         12       5925
Mem:         32105      29567       2537          0         12       5925
Mem:         32105      29567       2537          0         12       5925
Mem:         32105      29567       2537          0         12       5925
Mem:         32105      29567       2537          0         12       5925
Mem:         32105      29567       2537          0         12       5925
Mem:         32105      29567       2537          0         12       5925
Mem:         32105      29567       2537          0         12       5925
Mem:         32105      29566       2538          0         12       5925
Mem:         32105      29566       2538          0         12       5925
Mem:         32105      29566       2538          0         12       5925
Mem:         32105      29566       2538          0         12       5925
Mem:         32105      29566       2538          0         12       5925
Mem:         32105      29566       2538          0         12       5925
Mem:         32105      29602       2502          0         12       5925
Mem:         32105      29725       2379          0         12       5925
Mem:         32105      29884       2220          0         12       5925
Mem:         32105      30001       2103          0         12       5939
Mem:         32105      30109       1995          0         12       5951
Mem:         32105      30285       1820          0         12       5962
Mem:         32105      30477       1627          0         12       6095
Mem:         32105      30501       1603          0         12       6117
Mem:         32105      30666       1438          0         12       6130
Mem:         32105      30775       1329          0         12       6135
Mem:         32105      30839       1265          0         12       6133
Mem:         32105      30846       1258          0         12       6133
Mem:         32105      30846       1258          0         12       6133
Mem:         32105      30847       1257          0         12       6133
Mem:         32105      30804       1301          0         12       6094
Mem:         32105      30858       1246          0         12       6150
Mem:         32105      30877       1227          0         12       6168
Mem:         32105      30876       1228          0         12       6168
Mem:         32105      30878       1226          0         12       6170
Mem:         32105      30880       1224          0         12       6172
Mem:         32105      30882       1222          0         12       6175
Mem:         32105      30884       1220          0         12       6177
Mem:         32105      30885       1219          0         12       6179
Mem:         32105      30884       1220          0         12       6178
Mem:         32105      30885       1219          0         12       6178
Mem:         32105      30885       1220          0         12       6178
Mem:         32105      30884       1220          0         12       6178
Mem:         32105      30884       1220          0         12       6178
Mem:         32105      30883       1221          0         12       6178
Mem:         32105      30884       1220          0         12       6178
Mem:         32105      30884       1220          0         12       6178
Mem:         32105      30883       1221          0         12       6178
Mem:         32105      30882       1222          0         12       6178
Mem:         32105      30882       1222          0         12       6178
Mem:         32105      30883       1221          0         12       6178
Mem:         32105      30883       1221          0         12       6178
Mem:         32105      30883       1221          0         12       6178
Mem:         32105      30883       1221          0         12       6178
Mem:         32105      30454       1650          0         12       5751
Mem:         32105      30458       1646          0         12       5751
Mem:         32105      30455       1649          0         12       5751
Mem:         32105      30454       1650          0         12       5750
Mem:         32105      30454       1650          0         12       5750
Mem:         32105      30454       1650          0         12       5750
Mem:         32105      30454       1650          0         12       5750
Mem:         32105      30454       1650          0         12       5750
Mem:         32105      30454       1650          0         12       5750
Mem:         32105      30454       1650          0         12       5750
Mem:         32105      30453       1651          0         12       5750
Mem:         32105      30453       1651          0         12       5750
Mem:         32105      30438       1666          0         12       5750
Mem:         32105      30475       1629          0         12       5750
Mem:         32105      30460       1644          0         12       5750
Mem:         32105      30439       1665          0         12       5750
Mem:         32105      30440       1664          0         12       5750
Mem:         32105      30439       1665          0         12       5750
Mem:         32105      30438       1666          0         12       5750
Mem:         32105      30439       1665          0         12       5750
Mem:         32105      30456       1648          0         12       5750
Mem:         32105      30456       1648          0         12       5750
Mem:         32105      30456       1648          0         12       5750
Mem:         32105      30455       1649          0         12       5750
Mem:         32105      30455       1650          0         12       5750
Mem:         32105      30454       1650          0         12       5750
Mem:         32105      30454       1650          0         12       5750
Mem:         32105      30454       1650          0         12       5750
Mem:         32105      30453       1651          0         12       5750
Mem:         32105      30452       1652          0         12       5750
Mem:         32105      30451       1653          0         12       5750
Mem:         32105      30451       1653          0         12       5750
Mem:         32105      30452       1652          0         12       5750
Mem:         32105      30451       1653          0         12       5750
Mem:         32105      30451       1653          0         12       5750
Mem:         32105      30280       1824          0         12       5573
Mem:         32105      30279       1825          0         12       5573
Mem:         32105      30276       1828          0         12       5573
Mem:         32105      30276       1828          0         12       5573
Mem:         32105      30276       1828          0         12       5573
Mem:         32105      30276       1828          0         12       5573
Mem:         32105      30262       1842          0         13       5573
Mem:         32105      30267       1838          0         13       5573
Mem:         32105      30267       1838          0         13       5573
Mem:         32105      30267       1837          0         13       5573
Mem:         32105      30266       1838          0         13       5573
Mem:         32105      30266       1838          0         13       5573
Mem:         32105      30266       1838          0         13       5573
Mem:         32105      30266       1838          0         13       5573
Mem:         32105      30265       1839          0         13       5573
Mem:         32105      30265       1839          0         13       5573
Mem:         32105      30265       1839          0         13       5573
Mem:         32105      30264       1840          0         13       5573
Mem:         32105      30264       1840          0         13       5573
Mem:         32105      30265       1839          0         13       5573
Mem:         32105      30264       1840          0         13       5573
Mem:         32105      30264       1840          0         13       5573
Mem:         32105      30264       1840          0         13       5573
Mem:         32105      30264       1840          0         13       5573
Mem:         32105      30264       1840          0         13       5573
Mem:         32105      30264       1840          0         13       5573
Mem:         32105      30264       1840          0         13       5573
Mem:         32105      30264       1840          0         13       5573
Mem:         32105      30264       1840          0         13       5573
Mem:         32105      30263       1841          0         13       5573
Mem:         32105      30264       1840          0         13       5574
Mem:         32105      30268       1837          0         13       5574
Mem:         32105      30292       1812          0         13       5575
Mem:         32105      30284       1820          0         13       5575
Mem:         32105      30285       1819          0         13       5575
Mem:         32105      30284       1820          0         13       5575
Mem:         32105      30282       1822          0         13       5575
Mem:         32105      30282       1822          0         13       5575
Mem:         32105      30267       1837          0         13       5575
Mem:         32105      30267       1837          0         13       5575
Mem:         32105      30268       1836          0         13       5575
Mem:         32105      30267       1837          0         13       5575
Mem:         32105      30268       1836          0         13       5575
Mem:         32105      30267       1837          0         13       5575
Mem:         32105      30266       1839          0         13       5576
Mem:         32105      30266       1838          0         13       5576
Mem:         32105      30266       1838          0         13       5576
Mem:         32105      30267       1837          0         13       5576
Mem:         32105      30268       1836          0         13       5576
Mem:         32105      30268       1836          0         13       5576
Mem:         32105      30268       1836          0         13       5576
Mem:         32105      30268       1836          0         13       5576
Mem:         32105      30268       1836          0         13       5576
Mem:         32105      30268       1836          0         13       5576
Mem:         32105      30267       1837          0         13       5576
Mem:         32105      30267       1837          0         13       5576
Mem:         32105      30267       1837          0         13       5576
Mem:         32105      30267       1837          0         13       5576
Mem:         32105      30267       1837          0         13       5576
Mem:         32105      30266       1838          0         13       5576
Mem:         32105      30268       1836          0         13       5577
Mem:         32105      30290       1815          0         13       5577
Mem:         32105      30283       1821          0         13       5577
Mem:         32105      30282       1822          0         13       5577
Mem:         32105      30282       1822          0         13       5577
Mem:         32105      30282       1822          0         13       5577
Mem:         32105      30283       1821          0         13       5577
Mem:         32105      30265       1839          0         13       5577
Mem:         32105      30266       1838          0         13       5577
Mem:         32105      30266       1838          0         13       5577
Mem:         32105      30266       1838          0         13       5577
Mem:         32105      30266       1838          0         13       5577
Mem:         32105      30265       1839          0         13       5577
Mem:         32105      30265       1839          0         13       5577
Mem:         32105      30264       1840          0         13       5577
Mem:         32105      30265       1840          0         13       5577
Mem:         32105      30268       1836          0         13       5577
Mem:         32105      30268       1836          0         13       5577
Mem:         32105      30268       1836          0         13       5577
Mem:         32105      30268       1836          0         13       5577
Mem:         32105      30267       1837          0         13       5577
Mem:         32105      30268       1837          0         13       5577
Mem:         32105      30267       1837          0         13       5577
Mem:         32105      30271       1833          0         13       5578
Mem:         32105      30308       1797          0         13       5578
Mem:         32105      30288       1816          0         13       5578
Mem:         32105      30285       1820          0         13       5578
Mem:         32105      30284       1820          0         13       5578
Mem:         32105      30284       1820          0         13       5578
Mem:         32105      30290       1814          0         13       5579
Mem:         32105      30270       1834          0         13       5579
Mem:         32105      30271       1833          0         13       5579
Mem:         32105      30270       1834          0         13       5579
Mem:         32105      30270       1834          0         13       5579
Mem:         32105      30270       1834          0         13       5579
Mem:         32105      30270       1834          0         13       5579
Mem:         32105      30270       1834          0         13       5579
Mem:         32105      30269       1835          0         13       5579
Mem:         32105      30269       1835          0         13       5579
Mem:         32105      30269       1835          0         13       5579
Mem:         32105      30269       1835          0         13       5579
Mem:         32105      30268       1836          0         13       5579
Mem:         32105      30269       1836          0         13       5579
Mem:         32105      30268       1836          0         13       5579
Mem:         32105      30268       1836          0         13       5579
Mem:         32105      30268       1836          0         13       5579
Mem:         32105      30268       1836          0         13       5579
Mem:         32105      30268       1836          0         13       5579
Mem:         32105      30273       1831          0         13       5580
Mem:         32105      30290       1814          0         13       5580
Mem:         32105      30287       1817          0         13       5580
Mem:         32105      30286       1818          0         13       5580
Mem:         32105      30286       1818          0         13       5580
Mem:         32105      30287       1817          0         13       5580
Mem:         32105      30272       1832          0         13       5581
Mem:         32105      30288       1816          0         13       5581
Mem:         32105      30288       1816          0         13       5581
Mem:         32105      30288       1816          0         13       5581
Mem:         32105      30288       1816          0         13       5581
Mem:         32105      30288       1816          0         13       5581
Mem:         32105      30288       1816          0         13       5581
Mem:         32105      30288       1816          0         13       5581
Mem:         32105      30288       1816          0         13       5581
Mem:         32105      30288       1816          0         13       5581
Mem:         32105      30288       1816          0         13       5581
Mem:         32105      30288       1816          0         13       5581
Mem:         32105      30288       1816          0         13       5581
Mem:         32105      30288       1816          0         13       5581
Mem:         32105      30288       1816          0         13       5581
Mem:         32105      30288       1816          0         13       5581
Mem:         32105      30288       1816          0         13       5581
Mem:         32105      30287       1817          0         13       5581
Mem:         32105      30287       1817          0         13       5581
Mem:         32105      30287       1817          0         13       5581
Mem:         32105      30287       1817          0         13       5581
Mem:         32105      30287       1818          0         13       5581
Mem:         32105      30287       1817          0         13       5581
Mem:         32105      30287       1817          0         13       5581
Mem:         32105      30286       1818          0         13       5581
Mem:         32105      30287       1817          0         13       5581
Mem:         32105      30288       1816          0         13       5582
Mem:         32105      30312       1792          0         13       5582
Mem:         32105      30305       1799          0         13       5582
Mem:         32105      30304       1800          0         13       5582
Mem:         32105      30304       1800          0         13       5582
Mem:         32105      30303       1801          0         13       5582
Mem:         32105      30305       1799          0         13       5582
Mem:         32105      30305       1799          0         13       5582
Mem:         32105      30305       1799          0         13       5582
Mem:         32105      30306       1798          0         13       5582
Mem:         32105      30306       1798          0         13       5582
Mem:         32105      30306       1798          0         13       5582
Mem:         32105      30306       1798          0         13       5582
Mem:         32105      30306       1798          0         13       5582
Mem:         32105      30306       1799          0         13       5582
Mem:         32105      30305       1799          0         13       5582
Mem:         32105      30305       1799          0         13       5582
Mem:         32105      30305       1799          0         13       5582
Mem:         32105      30305       1799          0         13       5582
Mem:         32105      30305       1799          0         13       5582
Mem:         32105      30304       1800          0         13       5582
Mem:         32105      30304       1800          0         13       5582
Mem:         32105      30304       1800          0         13       5582
Mem:         32105      30304       1800          0         13       5582
Mem:         32105      30304       1800          0         13       5582
Mem:         32105      30303       1801          0         13       5582
Mem:         32105      30303       1801          0         13       5582
Mem:         32105      30278       1826          0         13       5583
Mem:         32105      30275       1829          0         13       5583
Mem:         32105      30274       1830          0         13       5583
Mem:         32105      30273       1831          0         13       5583
Mem:         32105      30269       1835          0         13       5583
Mem:         32105      30269       1835          0         13       5583
Mem:         32105      30286       1818          0         13       5583
Mem:         32105      30286       1818          0         13       5583
Mem:         32105      30286       1818          0         13       5583
Mem:         32105      30285       1819          0         13       5583
Mem:         32105      30285       1819          0         13       5583
Mem:         32105      30286       1818          0         13       5584
Mem:         32105      30287       1818          0         13       5584
Mem:         32105      30287       1817          0         13       5584
Mem:         32105      30286       1818          0         13       5584
Mem:         32105      30286       1818          0         13       5584
Mem:         32105      30286       1818          0         13       5584
Mem:         32105      30286       1818          0         13       5584
Mem:         32105      30286       1818          0         13       5584
Mem:         32105      30286       1818          0         13       5584
Mem:         32105      30286       1818          0         13       5584
Mem:         32105      30286       1818          0         13       5584
Mem:         32105      30286       1818          0         13       5584
Mem:         32105      30286       1818          0         13       5584
Mem:         32105      30286       1818          0         13       5584
Mem:         32105      30286       1818          0         13       5584
Mem:         32105      30286       1818          0         13       5584
Mem:         32105      30286       1818          0         13       5584
Mem:         32105      30286       1818          0         13       5584
Mem:         32105      30297       1807          0         13       5585
Mem:         32105      30293       1811          0         13       5603
Mem:         32105      30312       1792          0         13       5621
Mem:         32105      30330       1774          0         13       5640
Mem:         32105      30348       1756          0         13       5659
Mem:         32105      30365       1739          0         13       5676
Mem:         32105      30421       1683          0         13       5696
Mem:         32105      30419       1685          0         13       5713
Mem:         32105      30418       1686          0         13       5713
Mem:         32105      30419       1685          0         13       5713
Mem:         32105      30419       1685          0         13       5713
Mem:         32105      30419       1685          0         13       5713
Mem:         32105      30418       1686          0         13       5713
Mem:         32105      30417       1687          0         13       5713
Mem:         32105      30416       1688          0         13       5713
Mem:         32105      30416       1688          0         13       5713
Mem:         32105      30415       1689          0         13       5713
Mem:         32105      30415       1689          0         13       5713
Mem:         32105      30415       1689          0         13       5713
Mem:         32105      30415       1689          0         13       5713
Mem:         32105      30414       1690          0         13       5713
Mem:         32105      30414       1690          0         13       5713
Mem:         32105      30414       1690          0         13       5713
Mem:         32105      30414       1690          0         13       5713
Mem:         32105      30413       1691          0         13       5713
Mem:         32105      30423       1682          0         13       5714
Mem:         32105      30419       1685          0         13       5714
Mem:         32105      30417       1687          0         13       5714
Mem:         32105      30417       1687          0         13       5714
Mem:         32105      30417       1688          0         13       5714
Mem:         32105      30417       1687          0         13       5714
Mem:         32105      30419       1685          0         13       5714
Mem:         32105      30404       1700          0         13       5714
Mem:         32105      30404       1700          0         13       5714
Mem:         32105      30403       1701          0         13       5714
Mem:         32105      30403       1701          0         13       5714
Mem:         32105      30403       1701          0         13       5715
Mem:         32105      30404       1700          0         13       5715
Mem:         32105      30404       1700          0         13       5715
Mem:         32105      30403       1701          0         13       5715
Mem:         32105      30403       1701          0         13       5715
Mem:         32105      30403       1701          0         13       5715
Mem:         32105      30403       1701          0         13       5715
Mem:         32105      30402       1702          0         13       5715
Mem:         32105      30402       1702          0         13       5715
Mem:         32105      30402       1702          0         13       5715
Mem:         32105      30401       1703          0         13       5715
Mem:         32105      30402       1702          0         13       5715
Mem:         32105      30402       1702          0         13       5715
Mem:         32105      30402       1702          0         13       5715
Mem:         32105      30401       1703          0         13       5715
Mem:         32105      30412       1692          0         13       5715
Mem:         32105      30406       1698          0         13       5715
Mem:         32105      30403       1701          0         13       5715
Mem:         32105      30403       1702          0         13       5715
Mem:         32105      30402       1702          0         13       5715
Mem:         32105      30407       1697          0         13       5716
Mem:         32105      30405       1699          0         13       5716
Mem:         32105      30405       1699          0         13       5716
Mem:         32105      30404       1700          0         13       5716
Mem:         32105      30404       1700          0         13       5716
Mem:         32105      30405       1699          0         13       5716
Mem:         32105      30405       1699          0         13       5716
Mem:         32105      30405       1699          0         13       5716
Mem:         32105      30405       1699          0         13       5716
Mem:         32105      30405       1700          0         13       5716
Mem:         32105      30404       1700          0         13       5716
Mem:         32105      30403       1701          0         13       5716
Mem:         32105      30403       1701          0         13       5716
Mem:         32105      30403       1701          0         13       5716
Mem:         32105      30403       1701          0         13       5716
Mem:         32105      30402       1702          0         13       5716
Mem:         32105      30403       1701          0         13       5716
Mem:         32105      30403       1702          0         13       5716
Mem:         32105      30403       1701          0         13       5716
Mem:         32105      30402       1702          0         13       5716
Mem:         32105      30402       1702          0         13       5716
Mem:         32105      30402       1702          0         13       5716
Mem:         32105      30402       1702          0         13       5716
Mem:         32105      30402       1702          0         13       5716
Mem:         32105      30407       1697          0         13       5716
Mem:         32105      30408       1696          0         13       5716
Mem:         32105      30405       1699          0         13       5716
Mem:         32105      30401       1703          0         13       5716
Mem:         32105      30400       1704          0         13       5716
Mem:         32105      30402       1703          0         13       5716
Mem:         32105      30438       1666          0         13       5717
Mem:         32105      30419       1685          0         13       5717
Mem:         32105      30419       1685          0         13       5717
Mem:         32105      30419       1685          0         13       5717
Mem:         32105      30419       1686          0         13       5717
Mem:         32105      30418       1686          0         13       5717
Mem:         32105      30418       1686          0         13       5717
Mem:         32105      30418       1686          0         13       5717
Mem:         32105      30418       1686          0         13       5717
Mem:         32105      30418       1686          0         13       5717
Mem:         32105      30418       1686          0         13       5717
Mem:         32105      30417       1687          0         13       5717
Mem:         32105      30417       1687          0         13       5717
Mem:         32105      30417       1687          0         13       5717
Mem:         32105      30417       1687          0         13       5717
Mem:         32105      30417       1687          0         13       5717
Mem:         32105      30417       1687          0         13       5717
Mem:         32105      30417       1687          0         13       5717
Mem:         32105      30417       1687          0         13       5717
Mem:         32105      30405       1699          0         13       5718
Mem:         32105      30406       1698          0         13       5718
Mem:         32105      30406       1698          0         13       5718
Mem:         32105      30403       1701          0         13       5718
Mem:         32105      30402       1702          0         13       5718
Mem:         32105      30407       1697          0         13       5718
Mem:         32105      30440       1664          0         13       5719
Mem:         32105      30420       1684          0         13       5719
Mem:         32105      30420       1684          0         13       5719
Mem:         32105      30420       1684          0         13       5719
Mem:         32105      30421       1683          0         13       5719
Mem:         32105      30420       1684          0         13       5719
Mem:         32105      30420       1684          0         13       5719
Mem:         32105      30420       1684          0         13       5719
Mem:         32105      30420       1684          0         13       5719
Mem:         32105      30419       1685          0         13       5719
Mem:         32105      30419       1685          0         13       5719
Mem:         32105      30419       1685          0         13       5719
Mem:         32105      30419       1685          0         13       5719
Mem:         32105      30419       1685          0         13       5719
Mem:         32105      30418       1686          0         13       5719
Mem:         32105      30418       1686          0         13       5719
Mem:         32105      30418       1686          0         13       5719
Mem:         32105      30418       1686          0         13       5719
Mem:         32105      30418       1686          0         13       5719
Mem:         32105      30418       1686          0         13       5719
Mem:         32105      30427       1677          0         13       5720
Mem:         32105      30425       1679          0         13       5720
Mem:         32105      30423       1681          0         13       5720
Mem:         32105      30420       1684          0         13       5720
Mem:         32105      30420       1684          0         13       5720
Mem:         32105      30422       1682          0         13       5720
Mem:         32105      30407       1697          0         13       5720
Mem:         32105      30407       1698          0         13       5720
Mem:         32105      30406       1698          0         13       5721
Mem:         32105      30406       1698          0         13       5721
Mem:         32105      30406       1698          0         13       5721
Mem:         32105      30405       1699          0         13       5721
Mem:         32105      30406       1698          0         13       5721
Mem:         32105      30406       1698          0         13       5721
Mem:         32105      30405       1699          0         13       5721
Mem:         32105      30405       1699          0         13       5721
Mem:         32105      30405       1699          0         13       5721
Mem:         32105      30405       1700          0         13       5721
Mem:         32105      30404       1701          0         13       5721
Mem:         32105      30404       1700          0         13       5721
Mem:         32105      30404       1700          0         13       5721
Mem:         32105      30404       1701          0         13       5721
Mem:         32105      30403       1701          0         13       5721
Mem:         32105      30404       1700          0         13       5721
Mem:         32105      30403       1701          0         13       5721
Mem:         32105      30403       1701          0         13       5721
Mem:         32105      30404       1701          0         13       5721
Mem:         32105      30403       1701          0         13       5721
Mem:         32105      30414       1690          0         13       5722
Mem:         32105      30409       1695          0         13       5722
Mem:         32105      30409       1695          0         13       5722
Mem:         32105      30409       1695          0         13       5722
Mem:         32105      30406       1698          0         13       5722
Mem:         32105      30406       1698          0         13       5722
Mem:         32105      30421       1683          0         13       5722
Mem:         32105      30405       1699          0         13       5722
Mem:         32105      30406       1698          0         13       5723
Mem:         32105      30405       1699          0         13       5723
Mem:         32105      30405       1699          0         13       5723
Mem:         32105      30405       1699          0         13       5723
Mem:         32105      30405       1699          0         13       5723
Mem:         32105      30405       1699          0         13       5723
Mem:         32105      30404       1700          0         13       5723
Mem:         32105      30404       1700          0         13       5723
Mem:         32105      30404       1700          0         13       5723
Mem:         32105      30403       1701          0         13       5723
Mem:         32105      30403       1701          0         13       5723
Mem:         32105      30403       1701          0         13       5723
Mem:         32105      30403       1701          0         13       5723
Mem:         32105      30403       1701          0         13       5723
Mem:         32105      30402       1702          0         13       5723
Mem:         32105      30403       1701          0         13       5723
Mem:         32105      30402       1702          0         13       5723
Mem:         32105      30402       1702          0         13       5723
Mem:         32105      30402       1702          0         13       5723
Mem:         32105      30403       1701          0         13       5723
Mem:         32105      30444       1660          0         13       5723
Mem:         32105      30424       1680          0         13       5723
Mem:         32105      30424       1680          0         13       5723
Mem:         32105      30421       1683          0         13       5723
Mem:         32105      30420       1684          0         13       5723
Mem:         32105      30421       1683          0         13       5723
Mem:         32105      30406       1698          0         13       5723
Mem:         32105      30406       1698          0         13       5723
Mem:         32105      30406       1698          0         13       5723
Mem:         32105      30406       1698          0         13       5723
Mem:         32105      30406       1698          0         13       5723
Mem:         32105      30406       1698          0         13       5723
Mem:         32105      30406       1698          0         13       5723
Mem:         32105      30406       1698          0         13       5723
Mem:         32105      30406       1698          0         13       5723
Mem:         32105      30406       1698          0         13       5723
Mem:         32105      30406       1698          0         13       5723
Mem:         32105      30405       1699          0         13       5723
Mem:         32105      30405       1699          0         13       5723
Mem:         32105      30405       1699          0         13       5723
Mem:         32105      30404       1700          0         13       5723
Mem:         32105      30404       1700          0         13       5723
Mem:         32105      30424       1680          0         13       5724
Mem:         32105      30427       1677          0         13       5724
Mem:         32105      30422       1682          0         13       5724
Mem:         32105      30422       1682          0         13       5724
Mem:         32105      30422       1682          0         13       5724
Mem:         32105      30423       1681          0         13       5724
Mem:         32105      30424       1680          0         13       5725
Mem:         32105      30409       1695          0         13       5725
Mem:         32105      30409       1695          0         13       5725
Mem:         32105      30408       1696          0         13       5725
Mem:         32105      30407       1697          0         13       5725
Mem:         32105      30408       1696          0         13       5725
Mem:         32105      30408       1696          0         13       5725
Mem:         32105      30408       1696          0         13       5725
Mem:         32105      30407       1697          0         13       5725
Mem:         32105      30408       1696          0         13       5725
Mem:         32105      30407       1697          0         13       5725
Mem:         32105      30407       1697          0         13       5725
Mem:         32105      30407       1697          0         13       5725
Mem:         32105      30407       1697          0         13       5725
Mem:         32105      30407       1697          0         13       5725
Mem:         32105      30407       1698          0         13       5725
Mem:         32105      30408       1696          0         13       5726
Mem:         32105      30432       1672          0         13       5726
Mem:         32105      30425       1679          0         13       5726
Mem:         32105      30424       1680          0         13       5726
Mem:         32105      30424       1680          0         13       5726
Mem:         32105      30425       1680          0         13       5726
Mem:         32105      30428       1676          0         13       5726
Mem:         32105      30411       1693          0         13       5727
Mem:         32105      30410       1694          0         13       5727
Mem:         32105      30410       1694          0         13       5727
Mem:         32105      30409       1695          0         13       5727
Mem:         32105      30410       1694          0         13       5727
Mem:         32105      30407       1697          0         13       5727
Mem:         32105      30408       1697          0         13       5727
Mem:         32105      30408       1696          0         13       5727
Mem:         32105      30407       1697          0         13       5727
Mem:         32105      30407       1697          0         13       5727
Mem:         32105      30407       1697          0         13       5727
Mem:         32105      30407       1698          0         13       5727
Mem:         32105      30407       1698          0         13       5727
Mem:         32105      30406       1698          0         13       5727
Mem:         32105      30406       1698          0         13       5727
Mem:         32105      30406       1698          0         13       5727
Mem:         32105      30466       1638          0         13       5728
Mem:         32105      30444       1660          0         13       5728
Mem:         32105      30441       1663          0         13       5728
Mem:         32105      30441       1663          0         13       5728
Mem:         32105      30441       1663          0         13       5728
Mem:         32105      30444       1660          0         13       5728
Mem:         32105      30426       1678          0         13       5729
Mem:         32105      30425       1679          0         13       5729
Mem:         32105      30425       1679          0         13       5729
Mem:         32105      30426       1679          0         13       5729
Mem:         32105      30425       1679          0         13       5729
Mem:         32105      30424       1680          0         13       5729
Mem:         32105      30425       1679          0         13       5729
Mem:         32105      30424       1680          0         13       5729
Mem:         32105      30424       1681          0         13       5729
Mem:         32105      30424       1681          0         13       5729
Mem:         32105      30423       1681          0         13       5729
Mem:         32105      30423       1681          0         13       5729
Mem:         32105      30422       1682          0         13       5729
Mem:         32105      30422       1682          0         13       5729
Mem:         32105      30422       1682          0         13       5729
Mem:         32105      30422       1682          0         13       5729
Mem:         32105      30422       1682          0         13       5729
Mem:         32105      30422       1682          0         13       5729
Mem:         32105      30423       1681          0         13       5729
Mem:         32105      30422       1682          0         13       5729
Mem:         32105      30429       1675          0         13       5729
Mem:         32105      30421       1683          0         13       5728
Mem:         32105      30417       1687          0         13       5728
Mem:         32105      30417       1687          0         13       5728
Mem:         32105      30416       1688          0         13       5728
Mem:         32105      30416       1688          0         13       5728
Mem:         32105      30417       1687          0         13       5729
Mem:         32105      30431       1673          0         13       5729
Mem:         32105      30431       1673          0         13       5729
Mem:         32105      30431       1673          0         13       5729
Mem:         32105      30431       1673          0         13       5729
Mem:         32105      30431       1673          0         13       5729
Mem:         32105      30431       1673          0         13       5729
Mem:         32105      30431       1673          0         13       5730
Mem:         32105      30431       1673          0         13       5730
Mem:         32105      30430       1674          0         13       5729
Mem:         32105      30430       1675          0         13       5729
Mem:         32105      30429       1675          0         13       5729
Mem:         32105      30429       1675          0         13       5729
Mem:         32105      30430       1674          0         13       5729
Mem:         32105      30429       1675          0         13       5729
Mem:         32105      30428       1676          0         13       5729
Mem:         32105      30429       1675          0         13       5729
Mem:         32105      30428       1676          0         13       5730
Mem:         32105      30420       1684          0         13       5730
Mem:         32105      30416       1688          0         13       5730
Mem:         32105      30414       1690          0         13       5730
Mem:         32105      30414       1691          0         13       5730
Mem:         32105      30413       1691          0         13       5730
Mem:         32105      30417       1687          0         13       5730
Mem:         32105      30431       1673          0         13       5731
Mem:         32105      30431       1673          0         13       5731
Mem:         32105      30431       1673          0         13       5731
Mem:         32105      30431       1673          0         13       5731
Mem:         32105      30431       1673          0         13       5731
Mem:         32105      30431       1673          0         13       5731
Mem:         32105      30430       1674          0         13       5731
Mem:         32105      30430       1674          0         13       5731
Mem:         32105      30429       1675          0         13       5731
Mem:         32105      30429       1675          0         13       5731
Mem:         32105      30428       1676          0         13       5731
Mem:         32105      30429       1675          0         13       5731
Mem:         32105      30429       1676          0         13       5731
Mem:         32105      30428       1676          0         13       5731
Mem:         32105      30428       1676          0         13       5731
Mem:         32105      30428       1676          0         13       5731
Mem:         32105      30428       1676          0         13       5731
Mem:         32105      30435       1669          0         13       5732
Mem:         32105      30431       1673          0         13       5732
Mem:         32105      30429       1675          0         13       5732
Mem:         32105      30429       1675          0         13       5732
Mem:         32105      30429       1675          0         13       5732
Mem:         32105      30427       1677          0         13       5732
Mem:         32105      30433       1671          0         13       5732
Mem:         32105      30413       1691          0         13       5732
Mem:         32105      30413       1691          0         13       5732
Mem:         32105      30414       1690          0         13       5732
Mem:         32105      30414       1690          0         13       5732
Mem:         32105      30413       1691          0         13       5732
Mem:         32105      30412       1692          0         13       5732
Mem:         32105      30413       1691          0         13       5732
Mem:         32105      30412       1692          0         13       5732
Mem:         32105      30412       1692          0         13       5732
Mem:         32105      30412       1692          0         13       5732
Mem:         32105      30411       1693          0         13       5732
Mem:         32105      30411       1693          0         13       5732
Mem:         32105      30411       1693          0         13       5732
Mem:         32105      30410       1694          0         13       5732
Mem:         32105      30411       1694          0         13       5732
Mem:         32105      30410       1694          0         13       5732
Mem:         32105      30410       1694          0         13       5733
Mem:         32105      30411       1693          0         13       5733
Mem:         32105      30411       1693          0         13       5733
Mem:         32105      30411       1693          0         13       5733
Mem:         32105      30411       1693          0         13       5733
Mem:         32105      30411       1693          0         13       5733
Mem:         32105      30411       1693          0         13       5733
Mem:         32105      30411       1693          0         13       5733
Mem:         32105      30411       1693          0         13       5733
Mem:         32105      30411       1693          0         13       5733
Mem:         32105      30412       1692          0         13       5733
Mem:         32105      30412       1692          0         13       5733
Mem:         32105      30412       1692          0         13       5733
Mem:         32105      30412       1692          0         13       5733
Mem:         32105      30411       1693          0         13       5733
Mem:         32105      30411       1693          0         13       5733
Mem:         32105      30412       1692          0         13       5733
Mem:         32105      30412       1692          0         13       5733
Mem:         32105      30412       1693          0         13       5733
Mem:         32105      30412       1692          0         13       5733
Mem:         32105      30412       1692          0         13       5733
Mem:         32105      30412       1692          0         13       5733
Mem:         32105      30412       1692          0         13       5733
Mem:         32105      10223      21881          0         13       5732
Mem:         32105       6996      25108          0         13       5709
