Mem:         32052       1219      30832          0          1        117
Mem:         32052       1272      30780          0          2        130
Mem:         32052       1328      30724          0          2        141
Mem:         32052       1416      30636          0          2        152
Mem:         32052       1608      30444          0          2        165
Mem:         32052       1828      30223          0          2        177
Mem:         32052       3317      28734          0          2        223
Mem:         32052       6615      25437          0          2        337
Mem:         32052       7160      24892          0          2        447
Mem:         32052       7514      24538          0          3        542
Mem:         32052       7626      24425          0          3        653
Mem:         32052       7968      24084          0          3        754
Mem:         32052       8222      23829          0          3        859
Mem:         32052       8340      23712          0          3        976
Mem:         32052       8764      23288          0          3       1086
Mem:         32052       9474      22577          0          3       1193
Mem:         32052       9978      22073          0          3       1307
Mem:         32052      10289      21763          0          3       1416
Mem:         32052      10406      21646          0          4       1532
Mem:         32052      10616      21435          0          4       1626
Mem:         32052      10826      21226          0          4       1726
Mem:         32052      11073      20979          0          4       1761
Mem:         32052      11153      20899          0          4       1764
Mem:         32052      11160      20892          0          4       1769
Mem:         32052      11207      20845          0          4       1810
Mem:         32052      11276      20775          0          4       1866
Mem:         32052      11363      20689          0          4       1952
Mem:         32052      11477      20575          0          4       2056
Mem:         32052      11572      20480          0          4       2151
Mem:         32052      11723      20329          0          4       2253
Mem:         32052      11826      20225          0          5       2357
Mem:         32052      11990      20062          0          5       2464
Mem:         32052      12098      19953          0          5       2573
Mem:         32052      12251      19800          0          5       2654
Mem:         32052      12360      19692          0          5       2763
Mem:         32052      12545      19506          0          5       2866
Mem:         32052      12736      19316          0          5       2973
Mem:         32052      12895      19157          0          5       3075
Mem:         32052      13008      19043          0          5       3091
Mem:         32052      13059      18993          0          5       3093
Mem:         32052      13063      18989          0          5       3095
Mem:         32052      13181      18870          0          5       3100
Mem:         32052      13449      18603          0          5       3111
Mem:         32052      13667      18385          0          5       3146
Mem:         32052      13959      18093          0          6       3245
Mem:         32052      14144      17907          0          6       3349
Mem:         32052      14333      17719          0          6       3458
Mem:         32052      14504      17547          0          6       3571
Mem:         32052      14635      17417          0          6       3695
Mem:         32052      14746      17306          0          6       3806
Mem:         32052      14878      17174          0          6       3915
Mem:         32052      15051      17000          0          6       4036
Mem:         32052      15188      16864          0          6       4156
Mem:         32052      15241      16810          0          6       4210
Mem:         32052      15242      16810          0          6       4211
Mem:         32052      15242      16810          0          7       4211
Mem:         32052      15241      16810          0          7       4211
Mem:         32052      15242      16810          0          7       4211
Mem:         32052      15241      16810          0          7       4211
Mem:         32052      15241      16810          0          7       4211
Mem:         32052      15241      16810          0          7       4211
Mem:         32052      15241      16811          0          7       4211
Mem:         32052      15241      16811          0          7       4210
Mem:         32052      15240      16811          0          7       4210
Mem:         32052      15241      16811          0          7       4210
Mem:         32052      15241      16811          0          7       4210
Mem:         32052      15240      16811          0          7       4210
Mem:         32052      15240      16812          0          7       4211
Mem:         32052      15262      16789          0          7       4212
Mem:         32052      15343      16709          0          7       4213
Mem:         32052      15466      16586          0          7       4213
Mem:         32052      15430      16622          0          7       4213
Mem:         32052      15759      16293          0          7       4230
Mem:         32052      15938      16114          0          7       4259
Mem:         32052      16113      15938          0          7       4285
Mem:         32052      16226      15826          0          7       4315
Mem:         32052      16356      15696          0          7       4349
Mem:         32052      16422      15630          0          7       4387
Mem:         32052      16536      15516          0          7       4418
Mem:         32052      16595      15457          0          7       4450
Mem:         32052      16717      15334          0          7       4485
Mem:         32052      16781      15271          0          7       4519
Mem:         32052      16902      15150          0          7       4561
Mem:         32052      17060      14992          0          7       4590
Mem:         32052      17137      14915          0          7       4609
Mem:         32052      17194      14857          0          7       4633
Mem:         32052      17326      14725          0          7       4657
Mem:         32052      17386      14666          0          7       4676
Mem:         32052      17442      14610          0          7       4694
Mem:         32052      17535      14516          0          7       4712
Mem:         32052      17551      14501          0          7       4728
Mem:         32052      17551      14501          0          7       4728
Mem:         32052      17551      14500          0          7       4728
Mem:         32052      17551      14501          0          7       4728
Mem:         32052      17551      14501          0          7       4728
Mem:         32052      17550      14502          0          7       4728
Mem:         32052      17549      14502          0          7       4728
Mem:         32052      17549      14502          0          7       4728
Mem:         32052      17621      14431          0          7       4728
Mem:         32052      17648      14403          0          7       4728
Mem:         32052      17800      14252          0          7       4728
Mem:         32052      17900      14151          0          7       4728
Mem:         32052      18111      13941          0          7       4728
Mem:         32052      18087      13965          0          7       4728
Mem:         32052      18128      13924          0          7       4728
Mem:         32052      18162      13890          0          7       4729
Mem:         32052      18325      13727          0          7       4733
Mem:         32052      18369      13682          0          7       4759
Mem:         32052      18405      13647          0          7       4783
Mem:         32052      18466      13586          0          7       4814
Mem:         32052      18570      13482          0          7       4845
Mem:         32052      18583      13469          0          7       4857
Mem:         32052      18583      13469          0          7       4857
Mem:         32052      18587      13465          0          7       4857
Mem:         32052      18587      13464          0          7       4857
Mem:         32052      18587      13465          0          7       4857
Mem:         32052      18587      13465          0          7       4857
Mem:         32052      18633      13419          0          7       4857
Mem:         32052      18720      13332          0          7       4857
Mem:         32052      18679      13373          0          7       4857
Mem:         32052      18977      13074          0          7       4857
Mem:         32052      19098      12954          0          7       4857
Mem:         32052      19196      12856          0          7       4857
Mem:         32052      19370      12682          0          7       4878
Mem:         32052      19422      12629          0          8       4927
Mem:         32052      19704      12347          0          8       5065
Mem:         32052      19941      12111          0          8       5185
Mem:         32052      19945      12107          0          8       5191
Mem:         32052      19987      12065          0          8       5202
Mem:         32052      20123      11928          0          8       5224
Mem:         32052      20389      11662          0          8       5273
Mem:         32052      20590      11462          0          8       5328
Mem:         32052      20655      11397          0          8       5395
Mem:         32052      20759      11293          0          8       5441
Mem:         32052      20788      11264          0          8       5470
Mem:         32052      20789      11263          0          8       5471
Mem:         32052      20788      11263          0          8       5471
Mem:         32052      20789      11263          0          8       5471
Mem:         32052      20788      11264          0          8       5471
Mem:         32052      20788      11264          0          8       5471
Mem:         32052      20787      11264          0          8       5471
Mem:         32052      20787      11265          0          8       5471
Mem:         32052      20787      11265          0          8       5471
Mem:         32052      20787      11265          0          8       5471
Mem:         32052      20787      11265          0          8       5471
Mem:         32052      20786      11265          0          8       5471
Mem:         32052      21008      11044          0          8       5420
Mem:         32052      21009      11043          0          8       5420
Mem:         32052      21281      10771          0          8       5420
Mem:         32052      21440      10612          0          8       5420
Mem:         32052      21482      10570          0          8       5420
Mem:         32052      21591      10461          0          8       5420
Mem:         32052      21743      10308          0          8       5420
Mem:         32052      21907      10145          0          8       5420
Mem:         32052      21967      10084          0          8       5420
Mem:         32052      22012      10040          0          8       5420
Mem:         32052      22103       9949          0          8       5421
Mem:         32052      22173       9879          0          8       5421
Mem:         32052      22291       9761          0          8       5423
Mem:         32052      22471       9581          0          8       5446
Mem:         32052      22494       9558          0          8       5469
Mem:         32052      22661       9391          0          8       5497
Mem:         32052      22693       9359          0          8       5529
Mem:         32052      22712       9340          0          8       5549
Mem:         32052      22712       9340          0          8       5549
Mem:         32052      22712       9340          0          8       5549
Mem:         32052      22711       9340          0          8       5549
Mem:         32052      22711       9341          0          8       5549
Mem:         32052      22711       9341          0          8       5549
Mem:         32052      22710       9341          0          8       5549
Mem:         32052      22710       9341          0          8       5549
Mem:         32052      22710       9341          0          8       5549
Mem:         32052      22710       9342          0          8       5549
Mem:         32052      22709       9343          0          8       5549
Mem:         32052      22710       9342          0          8       5549
Mem:         32052      22710       9342          0          8       5549
Mem:         32052      22710       9342          0          8       5549
Mem:         32052      22709       9342          0          9       5549
Mem:         32052      22731       9321          0          9       5550
Mem:         32052      22748       9303          0          9       5550
Mem:         32052      22949       9102          0          9       5550
Mem:         32052      23111       8941          0          9       5558
Mem:         32052      23286       8766          0          9       5574
Mem:         32052      23439       8613          0          9       5676
Mem:         32052      23612       8440          0          9       5736
Mem:         32052      23839       8212          0          9       5758
Mem:         32052      23999       8053          0          9       5795
Mem:         32052      24154       7897          0          9       5850
Mem:         32052      24238       7814          0          9       5901
Mem:         32052      24486       7566          0          9       5977
Mem:         32052      24874       7177          0          9       5985
Mem:         32052      24900       7151          0          9       6009
Mem:         32052      25084       6968          0          9       6009
Mem:         32052      25359       6693          0          9       6009
Mem:         32052      25437       6615          0          9       6026
Mem:         32052      25597       6455          0          9       6044
Mem:         32052      25672       6380          0          9       6053
Mem:         32052      25678       6374          0          9       6059
Mem:         32052      25678       6373          0          9       6059
Mem:         32052      25679       6373          0          9       6059
Mem:         32052      25679       6373          0          9       6059
Mem:         32052      25679       6373          0          9       6059
Mem:         32052      25678       6373          0          9       6059
Mem:         32052      25678       6374          0          9       6059
Mem:         32052      25678       6374          0          9       6059
Mem:         32052      25678       6374          0          9       6059
Mem:         32052      25678       6374          0          9       6059
Mem:         32052      25677       6375          0          9       6059
Mem:         32052      25677       6374          0          9       6059
Mem:         32052      25677       6374          0          9       6059
Mem:         32052      25677       6375          0          9       6059
Mem:         32052      25677       6375          0          9       6059
Mem:         32052      25677       6374          0          9       6059
Mem:         32052      25677       6375          0          9       6059
Mem:         32052      25677       6375          0          9       6059
Mem:         32052      25677       6375          0          9       6059
Mem:         32052      25299       6753          0          9       5615
Mem:         32052      25479       6573          0          9       5643
Mem:         32052      25612       6440          0          9       5675
Mem:         32052      25758       6294          0          9       5702
Mem:         32052      25876       6176          0          9       5731
Mem:         32052      26079       5973          0          9       5732
Mem:         32052      26158       5894          0          9       5732
Mem:         32052      26250       5802          0          9       5732
Mem:         32052      26284       5768          0          9       5732
Mem:         32052      26402       5649          0          9       5732
Mem:         32052      26415       5637          0          9       5732
Mem:         32052      26489       5563          0          9       5732
Mem:         32052      26502       5550          0          9       5732
Mem:         32052      26736       5315          0          9       5732
Mem:         32052      26805       5247          0          9       5732
Mem:         32052      26865       5187          0          9       5732
Mem:         32052      26914       5137          0          9       5732
Mem:         32052      26914       5138          0          9       5732
Mem:         32052      26913       5138          0          9       5732
Mem:         32052      26913       5138          0          9       5732
Mem:         32052      26914       5137          0          9       5732
Mem:         32052      26913       5138          0          9       5732
Mem:         32052      26914       5138          0          9       5732
Mem:         32052      26913       5138          0          9       5732
Mem:         32052      26913       5139          0          9       5732
Mem:         32052      26912       5139          0          9       5732
Mem:         32052      26913       5139          0          9       5732
Mem:         32052      26913       5139          0          9       5732
Mem:         32052      26913       5139          0          9       5732
Mem:         32052      26913       5139          0         10       5732
Mem:         32052      26912       5139          0         10       5732
Mem:         32052      26912       5139          0         10       5732
Mem:         32052      26912       5139          0         10       5732
Mem:         32052      26912       5140          0         10       5732
Mem:         32052      26912       5139          0         10       5732
Mem:         32052      26912       5140          0         10       5732
Mem:         32052      26918       5133          0         10       5732
Mem:         32052      26915       5136          0         10       5732
Mem:         32052      27025       5026          0         10       5732
Mem:         32052      27166       4886          0         10       5795
Mem:         32052      27341       4711          0         10       5807
Mem:         32052      27479       4573          0         10       5814
Mem:         32052      27581       4471          0         10       5859
Mem:         32052      27733       4319          0         10       5915
Mem:         32052      27827       4224          0         10       5952
Mem:         32052      27995       4057          0         10       5959
Mem:         32052      28156       3896          0         10       5965
Mem:         32052      28304       3747          0         10       6015
Mem:         32052      28423       3628          0         10       6084
Mem:         32052      28494       3558          0         10       6119
Mem:         32052      28625       3426          0         10       6150
Mem:         32052      28716       3336          0         10       6158
Mem:         32052      28811       3241          0         10       6167
Mem:         32052      29051       3001          0         10       6187
Mem:         32052      29051       3001          0         10       6187
Mem:         32052      29050       3001          0         10       6187
Mem:         32052      29055       2997          0         11       6189
Mem:         32052      29059       2992          0         12       6193
Mem:         32052      29061       2991          0         13       6194
Mem:         32052      29207       2845          0         13       6194
Mem:         32052      29207       2845          0         13       6194
Mem:         32052      29206       2845          0         13       6194
Mem:         32052      29206       2845          0         13       6194
Mem:         32052      29206       2846          0         13       6194
Mem:         32052      29206       2845          0         13       6194
Mem:         32052      29206       2845          0         13       6194
Mem:         32052      29206       2846          0         13       6194
Mem:         32052      28805       3246          0         13       5793
Mem:         32052      28965       3087          0         13       5792
Mem:         32052      29067       2985          0         13       5792
Mem:         32052      29208       2844          0         13       5792
Mem:         32052      29239       2813          0         13       5792
Mem:         32052      29344       2707          0         13       5792
Mem:         32052      29390       2661          0         13       5792
Mem:         32052      29481       2571          0         13       5792
Mem:         32052      29544       2507          0         13       5792
Mem:         32052      29629       2423          0         13       5792
Mem:         32052      29653       2399          0         13       5792
Mem:         32052      29754       2298          0         13       5792
Mem:         32052      29754       2297          0         13       5792
Mem:         32052      29966       2086          0         13       5792
Mem:         32052      29980       2072          0         13       5792
Mem:         32052      30076       1975          0         13       5792
Mem:         32052      30119       1932          0         13       5792
Mem:         32052      30143       1909          0         13       5792
Mem:         32052      30143       1909          0         13       5792
Mem:         32052      30142       1909          0         13       5792
Mem:         32052      30143       1909          0         13       5792
Mem:         32052      30143       1909          0         13       5792
Mem:         32052      30143       1908          0         13       5792
Mem:         32052      30143       1909          0         13       5792
Mem:         32052      30143       1909          0         13       5792
Mem:         32052      30143       1909          0         13       5792
Mem:         32052      30143       1909          0         13       5792
Mem:         32052      30143       1909          0         13       5792
Mem:         32052      30142       1910          0         13       5792
Mem:         32052      30142       1910          0         13       5792
Mem:         32052      30142       1910          0         13       5792
Mem:         32052      30141       1910          0         13       5792
Mem:         32052      30142       1910          0         13       5792
Mem:         32052      30142       1910          0         13       5792
Mem:         32052      30146       1906          0         13       5792
Mem:         32052      30200       1851          0         13       5802
Mem:         32052      30265       1786          0         13       5867
Mem:         32052      30428       1624          0         13       5894
Mem:         32052      30595       1456          0         13       5893
Mem:         32052      30595       1457          0         13       5892
Mem:         32052      30594       1457          0         13       5892
Mem:         32052      30493       1559          0         13       5789
Mem:         32052      30493       1559          0         13       5789
Mem:         32052      30492       1559          0         13       5789
Mem:         32052      30539       1513          0         13       5836
Mem:         32052      30578       1474          0         13       5879
Mem:         32052      30534       1517          0         13       5901
Mem:         32052      30462       1590          0         13       5942
Mem:         32052      30490       1562          0         13       5968
Mem:         32052      30484       1568          0         13       5966
Mem:         32052      30509       1542          0         13       5992
Mem:         32052      30511       1541          0         13       5992
Mem:         32052      30511       1541          0         13       5992
Mem:         32052      30508       1543          0         13       5992
Mem:         32052      30508       1544          0         13       5992
Mem:         32052      30507       1545          0         13       5992
Mem:         32052      30507       1544          0         13       5992
Mem:         32052      30508       1544          0         13       5992
Mem:         32052      30508       1544          0         13       5992
Mem:         32052      30507       1545          0         13       5992
Mem:         32052      30506       1545          0         13       5991
Mem:         32052      30506       1545          0         13       5991
Mem:         32052      30508       1544          0         13       5991
Mem:         32052      30508       1544          0         13       5991
Mem:         32052      30508       1544          0         13       5991
Mem:         32052      30507       1545          0         13       5991
Mem:         32052      30507       1545          0         13       5991
Mem:         32052      30507       1544          0         13       5991
Mem:         32052      30507       1545          0         13       5991
Mem:         32052      30506       1545          0         13       5991
Mem:         32052      30507       1545          0         13       5991
Mem:         32052      30507       1545          0         13       5991
Mem:         32052      30207       1845          0         13       5689
Mem:         32052      30186       1866          0         13       5665
Mem:         32052      30184       1868          0         13       5665
Mem:         32052      30183       1868          0         13       5665
Mem:         32052      30184       1867          0         13       5665
Mem:         32052      30184       1868          0         13       5665
Mem:         32052      30186       1866          0         13       5665
Mem:         32052      30186       1866          0         13       5665
Mem:         32052      30183       1868          0         13       5665
Mem:         32052      30182       1870          0         13       5665
Mem:         32052      30182       1870          0         13       5665
Mem:         32052      30219       1832          0         13       5665
Mem:         32052      30203       1849          0         13       5665
Mem:         32052      30227       1824          0         13       5665
Mem:         32052      30211       1841          0         13       5665
Mem:         32052      30211       1841          0         13       5665
Mem:         32052      30210       1841          0         13       5665
Mem:         32052      30210       1842          0         13       5665
Mem:         32052      30186       1866          0         13       5665
Mem:         32052      30186       1866          0         13       5665
Mem:         32052      30186       1866          0         13       5665
Mem:         32052      30185       1866          0         13       5665
Mem:         32052      30185       1867          0         13       5665
Mem:         32052      30185       1867          0         13       5665
Mem:         32052      30185       1867          0         13       5665
Mem:         32052      30184       1867          0         13       5665
Mem:         32052      30185       1867          0         13       5664
Mem:         32052      30185       1867          0         13       5664
Mem:         32052      30184       1867          0         13       5664
Mem:         32052      30183       1868          0         13       5664
Mem:         32052      30183       1869          0         13       5664
Mem:         32052      30183       1869          0         13       5664
Mem:         32052      30183       1869          0         13       5664
Mem:         32052      30182       1869          0         13       5664
Mem:         32052      30183       1869          0         13       5664
Mem:         32052      30117       1935          0         14       5592
Mem:         32052      30116       1935          0         14       5592
Mem:         32052      30115       1936          0         14       5592
Mem:         32052      30117       1934          0         14       5592
Mem:         32052      30118       1934          0         14       5592
Mem:         32052      30138       1914          0         14       5593
Mem:         32052      30135       1917          0         14       5594
Mem:         32052      30118       1933          0         14       5594
Mem:         32052      30118       1934          0         14       5594
Mem:         32052      30150       1902          0         14       5594
Mem:         32052      30148       1903          0         14       5594
Mem:         32052      30148       1904          0         14       5594
Mem:         32052      30148       1904          0         14       5594
Mem:         32052      30147       1905          0         14       5594
Mem:         32052      30147       1905          0         14       5594
Mem:         32052      30147       1905          0         14       5594
Mem:         32052      30151       1901          0         14       5594
Mem:         32052      30147       1905          0         14       5594
Mem:         32052      30147       1905          0         14       5594
Mem:         32052      30147       1905          0         14       5594
Mem:         32052      30146       1905          0         14       5594
Mem:         32052      30146       1906          0         14       5594
Mem:         32052      30149       1902          0         14       5594
Mem:         32052      30147       1905          0         14       5594
Mem:         32052      30146       1906          0         14       5594
Mem:         32052      30146       1906          0         14       5594
Mem:         32052      30146       1906          0         14       5594
Mem:         32052      30146       1906          0         14       5594
Mem:         32052      30145       1906          0         14       5594
Mem:         32052      30145       1906          0         14       5594
Mem:         32052      30145       1907          0         14       5594
Mem:         32052      30146       1905          0         14       5595
Mem:         32052      30150       1902          0         14       5595
Mem:         32052      30145       1906          0         14       5595
Mem:         32052      30145       1907          0         14       5595
Mem:         32052      30139       1913          0         14       5595
Mem:         32052      30140       1912          0         14       5596
Mem:         32052      30141       1911          0         14       5596
Mem:         32052      30142       1910          0         14       5596
Mem:         32052      30160       1892          0         14       5596
Mem:         32052      30161       1891          0         14       5597
Mem:         32052      30161       1890          0         14       5597
Mem:         32052      30125       1926          0         14       5597
Mem:         32052      30125       1926          0         14       5597
Mem:         32052      30125       1927          0         14       5597
Mem:         32052      30125       1927          0         14       5597
Mem:         32052      30125       1927          0         14       5597
Mem:         32052      30125       1927          0         14       5597
Mem:         32052      30124       1927          0         14       5597
Mem:         32052      30125       1927          0         14       5597
Mem:         32052      30124       1927          0         14       5597
Mem:         32052      30125       1927          0         14       5597
Mem:         32052      30124       1928          0         14       5597
Mem:         32052      30124       1927          0         14       5597
Mem:         32052      30124       1928          0         14       5597
Mem:         32052      30124       1928          0         14       5597
Mem:         32052      30123       1928          0         14       5597
Mem:         32052      30124       1928          0         14       5597
Mem:         32052      30123       1928          0         14       5597
Mem:         32052      30123       1928          0         14       5597
Mem:         32052      30125       1927          0         14       5598
Mem:         32052      30127       1924          0         14       5598
Mem:         32052      30126       1925          0         14       5598
Mem:         32052      30126       1926          0         14       5598
Mem:         32052      30126       1926          0         14       5598
Mem:         32052      30127       1924          0         14       5599
Mem:         32052      30145       1907          0         14       5599
Mem:         32052      30128       1923          0         14       5600
Mem:         32052      30146       1905          0         14       5600
Mem:         32052      30145       1906          0         14       5600
Mem:         32052      30129       1923          0         14       5600
Mem:         32052      30129       1923          0         14       5600
Mem:         32052      30129       1923          0         14       5600
Mem:         32052      30128       1923          0         14       5600
Mem:         32052      30128       1924          0         14       5600
Mem:         32052      30128       1923          0         14       5600
Mem:         32052      30128       1924          0         14       5600
Mem:         32052      30128       1924          0         14       5600
Mem:         32052      30128       1924          0         14       5600
Mem:         32052      30129       1922          0         14       5602
Mem:         32052      30131       1921          0         14       5603
Mem:         32052      30133       1919          0         14       5606
Mem:         32052      30135       1917          0         14       5607
Mem:         32052      30141       1910          0         14       5612
Mem:         32052      30154       1898          0         14       5619
Mem:         32052      30174       1877          0         14       5643
Mem:         32052      30200       1851          0         14       5669
Mem:         32052      30226       1826          0         14       5695
Mem:         32052      30275       1777          0         14       5727
Mem:         32052      30359       1693          0         14       5752
Mem:         32052      30308       1744          0         14       5754
Mem:         32052      30310       1742          0         14       5756
Mem:         32052      30309       1742          0         14       5759
Mem:         32052      30312       1739          0         14       5761
Mem:         32052      30315       1737          0         14       5763
Mem:         32052      30316       1735          0         14       5765
Mem:         32052      30298       1753          0         14       5767
Mem:         32052      30300       1751          0         14       5769
Mem:         32052      30302       1750          0         14       5771
Mem:         32052      30303       1748          0         14       5773
Mem:         32052      30305       1747          0         14       5775
Mem:         32052      30306       1745          0         14       5777
Mem:         32052      30308       1743          0         14       5779
Mem:         32052      30310       1742          0         14       5781
Mem:         32052      30312       1739          0         14       5783
Mem:         32052      30314       1738          0         14       5785
Mem:         32052      30316       1736          0         14       5787
Mem:         32052      30318       1734          0         14       5789
Mem:         32052      30324       1728          0         14       5792
Mem:         32052      30326       1726          0         14       5794
Mem:         32052      30327       1724          0         14       5796
Mem:         32052      30329       1723          0         14       5798
Mem:         32052      30331       1721          0         14       5800
Mem:         32052      30347       1705          0         14       5803
Mem:         32052      30370       1682          0         14       5806
Mem:         32052      30335       1717          0         14       5808
Mem:         32052      30337       1715          0         14       5810
Mem:         32052      30340       1712          0         14       5812
Mem:         32052      30341       1711          0         14       5814
Mem:         32052      30344       1708          0         14       5816
Mem:         32052      30345       1707          0         14       5818
Mem:         32052      30347       1704          0         14       5820
Mem:         32052      30349       1702          0         14       5822
Mem:         32052      30350       1701          0         14       5824
Mem:         32052      30353       1699          0         14       5826
Mem:         32052      30354       1697          0         14       5828
Mem:         32052      30356       1695          0         14       5830
Mem:         32052      30359       1693          0         14       5832
Mem:         32052      30360       1692          0         14       5834
Mem:         32052      30362       1689          0         14       5836
Mem:         32052      30364       1687          0         14       5838
Mem:         32052      30366       1685          0         14       5840
Mem:         32052      30368       1683          0         14       5842
Mem:         32052      30370       1682          0         14       5844
Mem:         32052      30372       1680          0         14       5846
Mem:         32052      30374       1678          0         14       5848
Mem:         32052      30376       1676          0         14       5850
Mem:         32052      30378       1674          0         14       5852
Mem:         32052      30379       1673          0         14       5854
Mem:         32052      30382       1670          0         14       5856
Mem:         32052      30383       1669          0         14       5858
Mem:         32052      30391       1660          0         14       5862
Mem:         32052      30391       1661          0         14       5864
Mem:         32052      30392       1660          0         14       5864
Mem:         32052      30392       1660          0         14       5864
Mem:         32052      30445       1607          0         14       5865
Mem:         32052      30447       1605          0         14       5887
Mem:         32052      30441       1611          0         14       5913
Mem:         32052      30463       1588          0         14       5935
Mem:         32052      30506       1546          0         14       5962
Mem:         32052      30530       1522          0         14       5985
Mem:         32052      30537       1514          0         14       5993
Mem:         32052      30537       1514          0         14       5993
Mem:         32052      30537       1515          0         14       5993
Mem:         32052      30537       1515          0         14       5993
Mem:         32052      30537       1515          0         14       5993
Mem:         32052      30536       1515          0         14       5993
Mem:         32052      30545       1506          0         14       5992
Mem:         32052      30536       1515          0         15       5992
Mem:         32052      30536       1515          0         15       5992
Mem:         32052      30536       1516          0         15       5992
Mem:         32052      30535       1516          0         15       5992
Mem:         32052      30555       1497          0         15       5992
Mem:         32052      30536       1516          0         15       5992
Mem:         32052      30536       1516          0         15       5992
Mem:         32052      30535       1516          0         15       5992
Mem:         32052      30535       1517          0         15       5992
Mem:         32052      30541       1510          0         15       5993
Mem:         32052      30538       1514          0         15       5993
Mem:         32052      30538       1514          0         15       5993
Mem:         32052      30537       1514          0         15       5993
Mem:         32052      30538       1514          0         15       5993
Mem:         32052      30559       1493          0         15       5994
Mem:         32052      30559       1493          0         15       5994
Mem:         32052      30559       1492          0         15       5995
Mem:         32052      30560       1492          0         15       5995
Mem:         32052      30559       1492          0         15       5995
Mem:         32052      30559       1492          0         15       5995
Mem:         32052      30559       1493          0         15       5995
Mem:         32052      30559       1493          0         15       5995
Mem:         32052      30559       1493          0         15       5995
Mem:         32052      30523       1529          0         15       5995
Mem:         32052      30522       1530          0         15       5995
Mem:         32052      30522       1529          0         15       5995
Mem:         32052      30523       1529          0         15       5996
Mem:         32052      30522       1529          0         15       5996
Mem:         32052      30522       1530          0         15       5996
Mem:         32052      30522       1530          0         15       5996
Mem:         32052      30522       1530          0         15       5995
Mem:         32052      30522       1530          0         15       5995
Mem:         32052      30522       1530          0         15       5995
Mem:         32052      30521       1531          0         15       5995
Mem:         32052      30521       1531          0         15       5995
Mem:         32052      30521       1531          0         15       5995
Mem:         32052      30520       1531          0         15       5995
Mem:         32052      30521       1531          0         15       5995
Mem:         32052      30523       1529          0         15       5996
Mem:         32052      30526       1526          0         15       5996
Mem:         32052      30526       1525          0         15       5996
Mem:         32052      30525       1527          0         15       5996
Mem:         32052      30524       1527          0         15       5996
Mem:         32052      30538       1513          0         15       5997
Mem:         32052      30524       1528          0         15       5998
Mem:         32052      30539       1512          0         15       5998
Mem:         32052      30539       1513          0         15       5998
Mem:         32052      30539       1513          0         15       5998
Mem:         32052      30539       1512          0         15       5998
Mem:         32052      30540       1512          0         15       5998
Mem:         32052      30541       1511          0         15       5999
Mem:         32052      30543       1509          0         15       6001
Mem:         32052      30545       1507          0         15       6003
Mem:         32052      30546       1505          0         15       6005
Mem:         32052      30548       1504          0         15       6007
Mem:         32052      30550       1502          0         15       6009
Mem:         32052      30551       1501          0         15       6011
Mem:         32052      30553       1499          0         15       6013
Mem:         32052      30555       1496          0         15       6015
Mem:         32052      30556       1495          0         15       6017
Mem:         32052      30559       1493          0         15       6019
Mem:         32052      30561       1491          0         15       6021
Mem:         32052      30563       1489          0         15       6023
Mem:         32052      30567       1484          0         15       6026
Mem:         32052      30571       1481          0         15       6028
Mem:         32052      30571       1481          0         15       6030
Mem:         32052      30573       1479          0         15       6032
Mem:         32052      30575       1477          0         15       6034
Mem:         32052      30563       1489          0         15       6037
Mem:         32052      30581       1471          0         15       6039
Mem:         32052      30570       1482          0         15       6042
Mem:         32052      30569       1482          0         15       6044
Mem:         32052      30577       1475          0         15       6046
Mem:         32052      30590       1462          0         15       6048
Mem:         32052      30592       1460          0         15       6050
Mem:         32052      30594       1457          0         15       6053
Mem:         32052      30596       1456          0         15       6054
Mem:         32052      30598       1454          0         15       6057
Mem:         32052      30599       1452          0         15       6059
Mem:         32052      30601       1451          0         15       6060
Mem:         32052      30603       1449          0         15       6063
Mem:         32052      30605       1447          0         15       6064
Mem:         32052      30606       1445          0         15       6067
Mem:         32052      30608       1443          0         15       6069
Mem:         32052      30611       1441          0         15       6071
Mem:         32052      30613       1439          0         15       6073
Mem:         32052      30614       1437          0         15       6074
Mem:         32052      30616       1435          0         15       6077
Mem:         32052      30618       1433          0         15       6079
Mem:         32052      30624       1427          0         15       6082
Mem:         32052      30625       1427          0         15       6084
Mem:         32052      30627       1425          0         15       6086
Mem:         32052      30629       1423          0         15       6088
Mem:         32052      30631       1420          0         15       6090
Mem:         32052      30639       1412          0         15       6093
Mem:         32052      30668       1384          0         15       6095
Mem:         32052      30624       1428          0         15       6097
Mem:         32052      30626       1426          0         15       6099
Mem:         32052      30629       1423          0         15       6101
Mem:         32052      30630       1422          0         15       6103
Mem:         32052      30632       1420          0         15       6106
Mem:         32052      30634       1418          0         15       6108
Mem:         32052      30635       1416          0         15       6110
Mem:         32052      30637       1414          0         15       6112
Mem:         32052      30639       1412          0         15       6114
Mem:         32052      30641       1411          0         15       6116
Mem:         32052      30642       1409          0         15       6118
Mem:         32052      30644       1408          0         15       6120
Mem:         32052      30646       1406          0         15       6122
Mem:         32052      30648       1404          0         15       6124
Mem:         32052      30650       1402          0         15       6125
Mem:         32052      30652       1400          0         15       6127
Mem:         32052      30654       1398          0         15       6130
Mem:         32052      30656       1396          0         15       6131
Mem:         32052      30656       1395          0         15       6132
Mem:         32052      30656       1396          0         15       6132
Mem:         32052      30656       1396          0         15       6132
Mem:         32052      30656       1395          0         15       6132
Mem:         32052      30657       1394          0         15       6132
Mem:         32052      30661       1391          0         15       6132
Mem:         32052      30660       1392          0         15       6132
Mem:         32052      30658       1393          0         15       6132
Mem:         32052      30659       1393          0         15       6132
Mem:         32052      30675       1377          0         15       6133
Mem:         32052      30660       1391          0         15       6133
Mem:         32052      30660       1392          0         15       6133
Mem:         32052      30662       1390          0         15       6133
Mem:         32052      30675       1377          0         15       6133
Mem:         32052      30675       1377          0         15       6133
Mem:         32052      30675       1377          0         15       6133
Mem:         32052      30675       1377          0         15       6133
Mem:         32052      30675       1377          0         15       6133
Mem:         32052      30675       1377          0         15       6133
Mem:         32052      30674       1377          0         15       6133
Mem:         32052      30674       1377          0         15       6133
Mem:         32052      30674       1378          0         15       6133
Mem:         32052      30674       1378          0         15       6133
Mem:         32052      30674       1378          0         15       6133
Mem:         32052      30673       1379          0         15       6133
Mem:         32052      30674       1378          0         15       6133
Mem:         32052      30673       1379          0         15       6133
Mem:         32052      30673       1379          0         15       6133
Mem:         32052      30672       1379          0         15       6133
Mem:         32052      30679       1372          0         15       6134
Mem:         32052      30679       1372          0         15       6134
Mem:         32052      30677       1374          0         15       6134
Mem:         32052      30677       1375          0         15       6134
Mem:         32052      30677       1375          0         15       6134
Mem:         32052      30662       1389          0         15       6135
Mem:         32052      30678       1374          0         15       6135
Mem:         32052      30683       1369          0         15       6135
Mem:         32052      30663       1389          0         15       6136
Mem:         32052      30679       1373          0         15       6136
Mem:         32052      30679       1372          0         15       6136
Mem:         32052      30679       1372          0         15       6136
Mem:         32052      30679       1373          0         15       6136
Mem:         32052      30678       1373          0         15       6136
Mem:         32052      30679       1373          0         15       6136
Mem:         32052      30678       1373          0         15       6136
Mem:         32052      30678       1374          0         15       6136
Mem:         32052      30678       1374          0         15       6136
Mem:         32052      30678       1374          0         15       6136
Mem:         32052      30677       1374          0         15       6136
Mem:         32052      30677       1374          0         15       6136
Mem:         32052      30677       1375          0         15       6136
Mem:         32052      30677       1375          0         15       6136
Mem:         32052      30677       1375          0         15       6136
Mem:         32052      30677       1375          0         15       6136
Mem:         32052      30676       1375          0         15       6136
Mem:         32052      30678       1373          0         15       6137
Mem:         32052      30681       1370          0         15       6137
Mem:         32052      30680       1372          0         15       6137
Mem:         32052      30679       1372          0         15       6137
Mem:         32052      30680       1372          0         15       6137
Mem:         32052      30665       1387          0         15       6138
Mem:         32052      30701       1351          0         15       6138
Mem:         32052      30665       1387          0         15       6139
Mem:         32052      30665       1386          0         15       6139
Mem:         32052      30665       1387          0         15       6139
Mem:         32052      30665       1386          0         15       6139
Mem:         32052      30665       1386          0         15       6139
Mem:         32052      30667       1385          0         15       6140
Mem:         32052      30666       1385          0         15       6140
Mem:         32052      30666       1386          0         15       6140
Mem:         32052      30682       1370          0         15       6140
Mem:         32052      30682       1370          0         15       6140
Mem:         32052      30682       1370          0         15       6140
Mem:         32052      30682       1370          0         15       6140
Mem:         32052      30681       1370          0         15       6140
Mem:         32052      30681       1370          0         15       6140
Mem:         32052      30681       1371          0         15       6140
Mem:         32052      30682       1370          0         15       6140
Mem:         32052      30681       1371          0         15       6140
Mem:         32052      30680       1371          0         15       6140
Mem:         32052      30682       1370          0         15       6140
Mem:         32052      30682       1369          0         15       6140
Mem:         32052      30682       1370          0         15       6140
Mem:         32052      30682       1370          0         15       6141
Mem:         32052      30686       1366          0         15       6141
Mem:         32052      30686       1366          0         15       6141
Mem:         32052      30681       1370          0         15       6141
Mem:         32052      30681       1371          0         15       6141
Mem:         32052      30666       1386          0         15       6142
Mem:         32052      30673       1378          0         15       6142
Mem:         32052      30665       1386          0         15       6142
Mem:         32052      30725       1326          0         15       6142
Mem:         32052      30682       1369          0         15       6143
Mem:         32052      30682       1369          0         15       6143
Mem:         32052      30683       1369          0         15       6143
Mem:         32052      30683       1369          0         15       6143
Mem:         32052      30682       1369          0         15       6143
Mem:         32052      30667       1385          0         15       6143
Mem:         32052      30667       1385          0         15       6143
Mem:         32052      30666       1385          0         15       6143
Mem:         32052      30667       1385          0         15       6143
Mem:         32052      30666       1386          0         15       6143
Mem:         32052      30666       1386          0         15       6143
Mem:         32052      30665       1386          0         15       6143
Mem:         32052      30665       1386          0         15       6143
Mem:         32052      30665       1387          0         15       6143
Mem:         32052      30665       1387          0         15       6143
Mem:         32052      30665       1387          0         15       6143
Mem:         32052      30667       1385          0         15       6143
Mem:         32052      30667       1385          0         15       6143
Mem:         32052      30665       1387          0         15       6143
Mem:         32052      30667       1384          0         15       6143
Mem:         32052      30670       1382          0         15       6143
Mem:         32052      30668       1384          0         15       6143
Mem:         32052      30667       1384          0         15       6143
Mem:         32052      30668       1384          0         15       6144
Mem:         32052      30670       1382          0         15       6144
Mem:         32052      30670       1382          0         15       6144
Mem:         32052      30669       1383          0         15       6144
Mem:         32052      30684       1368          0         15       6144
Mem:         32052      30684       1368          0         15       6144
Mem:         32052      30684       1368          0         15       6144
Mem:         32052      30684       1368          0         15       6144
Mem:         32052      30684       1368          0         15       6144
Mem:         32052      30683       1368          0         15       6144
Mem:         32052      30683       1369          0         15       6145
Mem:         32052      30682       1369          0         15       6145
Mem:         32052      30683       1368          0         15       6145
Mem:         32052      30683       1369          0         15       6144
Mem:         32052      30683       1369          0         15       6144
Mem:         32052      30682       1370          0         15       6144
Mem:         32052      30682       1370          0         15       6144
Mem:         32052      30682       1370          0         15       6144
Mem:         32052      30686       1366          0         15       6145
Mem:         32052      30685       1367          0         15       6145
Mem:         32052      30684       1367          0         15       6145
Mem:         32052      30684       1368          0         15       6145
Mem:         32052      30684       1368          0         15       6145
Mem:         32052      30684       1367          0         15       6146
Mem:         32052      30671       1380          0         15       6147
Mem:         32052      30687       1364          0         15       6147
Mem:         32052      30686       1366          0         15       6147
Mem:         32052      30686       1366          0         15       6147
Mem:         32052      30686       1366          0         15       6147
Mem:         32052      30686       1366          0         15       6147
Mem:         32052      30686       1366          0         15       6147
Mem:         32052      30686       1366          0         15       6147
Mem:         32052      30686       1366          0         15       6147
Mem:         32052      30685       1366          0         15       6147
Mem:         32052      30685       1366          0         15       6147
Mem:         32052      30685       1366          0         15       6147
Mem:         32052      30685       1366          0         15       6147
Mem:         32052      30685       1366          0         15       6147
Mem:         32052      30685       1367          0         15       6147
Mem:         32052      30685       1367          0         15       6147
Mem:         32052      30685       1367          0         15       6147
Mem:         32052      30689       1363          0         15       6148
Mem:         32052      30684       1368          0         15       6148
Mem:         32052      30684       1368          0         15       6148
Mem:         32052      30684       1368          0         15       6148
Mem:         32052      30683       1368          0         15       6148
Mem:         32052      30669       1383          0         15       6149
Mem:         32052      30685       1366          0         15       6149
Mem:         32052      30685       1367          0         15       6149
Mem:         32052      30686       1366          0         15       6150
Mem:         32052      30686       1366          0         15       6150
Mem:         32052      30686       1366          0         15       6150
Mem:         32052      30685       1367          0         15       6150
Mem:         32052      30685       1366          0         15       6150
Mem:         32052      30685       1367          0         15       6150
Mem:         32052      30669       1382          0         15       6150
Mem:         32052      30669       1383          0         15       6150
Mem:         32052      30668       1383          0         15       6150
Mem:         32052      30669       1383          0         15       6150
Mem:         32052      30669       1383          0         15       6150
Mem:         32052      30669       1383          0         15       6150
Mem:         32052      30669       1383          0         15       6150
Mem:         32052      30668       1383          0         15       6150
Mem:         32052      30671       1381          0         16       6151
Mem:         32052      30675       1377          0         16       6151
Mem:         32052      30672       1380          0         16       6151
Mem:         32052      30672       1380          0         16       6151
Mem:         32052      30672       1380          0         16       6151
Mem:         32052      30674       1378          0         16       6152
Mem:         32052      30692       1359          0         16       6152
Mem:         32052      30673       1379          0         16       6152
Mem:         32052      30672       1379          0         16       6152
Mem:         32052      30673       1379          0         16       6153
Mem:         32052      30672       1379          0         16       6153
Mem:         32052      30673       1379          0         16       6153
Mem:         32052      30673       1378          0         16       6153
Mem:         32052      30673       1379          0         16       6153
Mem:         32052      30673       1379          0         16       6153
Mem:         32052      30672       1379          0         16       6153
Mem:         32052      30674       1378          0         16       6155
Mem:         32052      30675       1376          0         16       6157
Mem:         32052      30677       1374          0         16       6159
Mem:         32052      30679       1372          0         16       6161
Mem:         32052      30681       1371          0         16       6163
Mem:         32052      30683       1369          0         16       6165
Mem:         32052      30685       1367          0         16       6167
Mem:         32052      30687       1365          0         16       6169
Mem:         32052      30688       1363          0         16       6171
Mem:         32052      30690       1362          0         16       6173
Mem:         32052      30692       1359          0         16       6174
Mem:         32052      30700       1352          0         16       6177
Mem:         32052      30700       1352          0         16       6178
Mem:         32052      30702       1350          0         16       6180
Mem:         32052      30704       1348          0         16       6182
Mem:         32052      30706       1346          0         16       6184
Mem:         32052      30725       1327          0         16       6187
Mem:         32052      30741       1310          0         16       6189
Mem:         32052      30744       1308          0         16       6191
Mem:         32052      30745       1306          0         16       6193
Mem:         32052      30749       1303          0         16       6196
Mem:         32052      30750       1302          0         16       6198
Mem:         32052      30752       1300          0         16       6200
Mem:         32052      30754       1297          0         16       6202
Mem:         32052      30755       1296          0         16       6204
Mem:         32052      30757       1295          0         16       6206
Mem:         32052      30758       1293          0         16       6208
Mem:         32052      30760       1291          0         16       6210
Mem:         32052      30763       1289          0         16       6212
Mem:         32052      30765       1287          0         16       6214
Mem:         32052      30766       1285          0         16       6215
Mem:         32052      30768       1284          0         16       6217
Mem:         32052      30770       1282          0         16       6219
Mem:         32052      30772       1279          0         16       6221
Mem:         32052      30777       1275          0         16       6225
Mem:         32052      30780       1271          0         16       6227
Mem:         32052      30778       1273          0         16       6229
Mem:         32052      30780       1271          0         16       6231
Mem:         32052      30782       1269          0         16       6233
Mem:         32052      30771       1281          0         16       6235
Mem:         32052      30772       1279          0         16       6238
Mem:         32052      30775       1277          0         16       6240
Mem:         32052      30774       1277          0         16       6242
Mem:         32052      30762       1290          0         16       6244
Mem:         32052      30766       1286          0         16       6247
Mem:         32052      30767       1285          0         16       6249
Mem:         32052      30769       1283          0         16       6251
Mem:         32052      30771       1281          0         16       6253
Mem:         32052      30773       1279          0         16       6255
Mem:         32052      30774       1278          0         16       6257
Mem:         32052      30775       1276          0         16       6259
Mem:         32052      30778       1274          0         16       6261
Mem:         32052      30780       1271          0         16       6263
Mem:         32052      30782       1270          0         16       6265
Mem:         32052      30784       1268          0         16       6267
Mem:         32052      30785       1267          0         16       6269
Mem:         32052      30787       1265          0         16       6271
Mem:         32052      30795       1256          0         16       6274
Mem:         32052      30794       1257          0         16       6276
Mem:         32052      30796       1256          0         16       6278
Mem:         32052      30798       1254          0         16       6280
Mem:         32052      30799       1252          0         16       6282
Mem:         32052      30823       1229          0         16       6285
Mem:         32052      31085        967          0         16       6287
Mem:         32052      31139        913          0         16       6287
Mem:         32052      31053        999          0         16       6212
Mem:         32052      31053        999          0         16       6213
Mem:         32052      31054        998          0         16       6213
Mem:         32052      31054        998          0         16       6213
Mem:         32052      31053        998          0         16       6213
Mem:         32052      31053        998          0         16       6213
Mem:         32052      31053        998          0         16       6213
Mem:         32052      31053        998          0         16       6213
Mem:         32052      31053        998          0         16       6213
Mem:         32052      31053        999          0         16       6213
Mem:         32052      31053        999          0         16       6213
Mem:         32052      31053        999          0         16       6213
Mem:         32052      31053        999          0         16       6213
Mem:         32052      31054        998          0         16       6213
Mem:         32052      31053        998          0         16       6213
Mem:         32052      31054        998          0         16       6213
Mem:         32052      31054        998          0         16       6213
Mem:         32052      31054        998          0         16       6213
Mem:         32052      31054        998          0         16       6213
Mem:         32052      31054        998          0         16       6213
Mem:         32052      31054        998          0         16       6213
Mem:         32052      31054        998          0         16       6213
Mem:         32052      31053        999          0         16       6213
Mem:         32052      31054        998          0         16       6213
Mem:         32052      31052       1000          0         16       6213
Mem:         32052      31051       1000          0         16       6213
Mem:         32052      31051       1001          0         16       6213
Mem:         32052      31050       1001          0         16       6213
Mem:         32052      31050       1002          0         16       6213
Mem:         32052      31049       1003          0         16       6213
Mem:         32052      31049       1003          0         16       6213
Mem:         32052      31050       1002          0         16       6213
Mem:         32052      31050       1002          0         16       6213
Mem:         32052      31049       1002          0         16       6213
Mem:         32052      31050       1002          0         16       6213
Mem:         32052      31049       1003          0         16       6213
Mem:         32052      31049       1002          0         16       6213
Mem:         32052      31049       1003          0         16       6213
Mem:         32052      31003       1048          0         16       6167
