Mem:         32104       1461      30643          0          1         93
Mem:         32104       1534      30570          0          2        116
Mem:         32104       1648      30456          0          2        132
Mem:         32104       2003      30101          0          2        152
Mem:         32104       4566      27538          0          2        238
Mem:         32104       7495      24609          0          2        372
Mem:         32104       7997      24107          0          2        495
Mem:         32104       8116      23988          0          2        613
Mem:         32104       8402      23702          0          2        749
Mem:         32104       8661      23443          0          3        875
Mem:         32104       8942      23162          0          3       1010
Mem:         32104       9335      22769          0          3       1156
Mem:         32104      10143      21961          0          3       1288
Mem:         32104      10512      21592          0          3       1425
Mem:         32104      10648      21456          0          3       1560
Mem:         32104      10869      21235          0          3       1680
Mem:         32104      11250      20854          0          3       1724
Mem:         32104      11298      20806          0          3       1730
Mem:         32104      11315      20789          0          3       1733
Mem:         32104      11333      20771          0          3       1740
Mem:         32104      11358      20746          0          3       1766
Mem:         32104      11452      20652          0          4       1846
Mem:         32104      11555      20549          0          4       1950
Mem:         32104      11695      20409          0          4       2070
Mem:         32104      11844      20260          0          4       2182
Mem:         32104      11963      20141          0          4       2302
Mem:         32104      12134      19970          0          4       2417
Mem:         32104      12254      19850          0          4       2536
Mem:         32104      12451      19653          0          5       2651
Mem:         32104      12655      19449          0          5       2764
Mem:         32104      12820      19284          0          5       2881
Mem:         32104      12933      19171          0          5       2984
Mem:         32104      13185      18919          0          5       3096
Mem:         32104      13419      18685          0          5       3207
Mem:         32104      13600      18504          0          5       3307
Mem:         32104      13756      18348          0          5       3398
Mem:         32104      13851      18253          0          5       3453
Mem:         32104      13927      18177          0          5       3511
Mem:         32104      13995      18109          0          5       3554
Mem:         32104      14042      18062          0          6       3601
Mem:         32104      14045      18059          0          6       3604
Mem:         32104      14132      17972          0          6       3610
Mem:         32104      14342      17762          0          6       3616
Mem:         32104      14533      17571          0          6       3660
Mem:         32104      14892      17211          0          6       3712
Mem:         32104      15033      17071          0          6       3774
Mem:         32104      15090      17014          0          6       3851
Mem:         32104      15236      16868          0          6       3917
Mem:         32104      15425      16679          0          6       3994
Mem:         32104      15647      16457          0          6       4097
Mem:         32104      15769      16335          0          6       4198
Mem:         32104      15924      16180          0          6       4264
Mem:         32104      16059      16045          0          6       4365
Mem:         32104      16244      15860          0          6       4472
Mem:         32104      16355      15749          0          7       4583
Mem:         32104      16459      15645          0          7       4687
Mem:         32104      16539      15565          0          7       4767
Mem:         32104      16568      15536          0          7       4796
Mem:         32104      16570      15534          0          7       4797
Mem:         32104      16572      15532          0          7       4799
Mem:         32104      16574      15530          0          7       4801
Mem:         32104      16575      15528          0          7       4803
Mem:         32104      16577      15527          0          7       4805
Mem:         32104      16579      15525          0          7       4807
Mem:         32104      16581      15523          0          7       4809
Mem:         32104      16589      15515          0          7       4812
Mem:         32104      16591      15513          0          7       4814
Mem:         32104      16592      15512          0          7       4816
Mem:         32104      16595      15509          0          7       4819
Mem:         32104      16695      15409          0          7       4821
Mem:         32104      16850      15253          0          7       4828
Mem:         32104      17037      15067          0          7       4840
Mem:         32104      17181      14923          0          7       4862
Mem:         32104      17344      14760          0          7       4884
Mem:         32104      17393      14711          0          7       4904
Mem:         32104      17443      14661          0          7       4924
Mem:         32104      17491      14613          0          7       4943
Mem:         32104      17619      14485          0          7       4964
Mem:         32104      17676      14428          0          7       4981
Mem:         32104      17755      14349          0          7       4998
Mem:         32104      17804      14300          0          7       5019
Mem:         32104      17953      14151          0          7       5039
Mem:         32104      18073      14031          0          7       5060
Mem:         32104      18118      13986          0          7       5080
Mem:         32104      18288      13816          0          7       5108
Mem:         32104      18363      13741          0          7       5132
Mem:         32104      18468      13636          0          7       5147
Mem:         32104      18548      13556          0          7       5162
Mem:         32104      18609      13495          0          7       5176
Mem:         32104      18748      13356          0          7       5204
Mem:         32104      18877      13227          0          7       5248
Mem:         32104      18928      13176          0          7       5299
Mem:         32104      19020      13084          0          7       5346
Mem:         32104      19066      13038          0          7       5391
Mem:         32104      19101      13003          0          8       5426
Mem:         32104      19178      12926          0          8       5458
Mem:         32104      19212      12892          0          8       5492
Mem:         32104      19236      12868          0          8       5516
Mem:         32104      19382      12722          0          8       5520
Mem:         32104      19423      12681          0          8       5522
Mem:         32104      19615      12489          0          8       5524
Mem:         32104      19794      12310          0          8       5526
Mem:         32104      19863      12241          0          8       5528
Mem:         32104      19988      12116          0          8       5530
Mem:         32104      20051      12053          0          8       5533
Mem:         32104      20095      12009          0          8       5535
Mem:         32104      20193      11911          0          8       5539
Mem:         32104      20303      11801          0          8       5559
Mem:         32104      20379      11725          0          8       5583
Mem:         32104      20469      11635          0          8       5628
Mem:         32104      20525      11579          0          8       5658
Mem:         32104      20551      11553          0          8       5684
Mem:         32104      20738      11366          0          8       5694
Mem:         32104      20739      11365          0          8       5694
Mem:         32104      20739      11365          0          8       5694
Mem:         32104      20738      11366          0          8       5694
Mem:         32104      20738      11366          0          8       5695
Mem:         32104      20788      11316          0          8       5695
Mem:         32104      20813      11291          0          8       5695
Mem:         32104      20987      11117          0          8       5695
Mem:         32104      21283      10821          0          8       5713
Mem:         32104      21492      10612          0          8       5774
Mem:         32104      21601      10503          0          8       5785
Mem:         32104      21743      10361          0          8       5799
Mem:         32104      21869      10235          0          8       5831
Mem:         32104      22011      10093          0          8       5856
Mem:         32104      22056      10048          0          9       5899
Mem:         32104      22307       9797          0          9       5943
Mem:         32104      22365       9739          0          9       6002
Mem:         32104      22449       9655          0          9       6078
Mem:         32104      22711       9393          0         10       6139
Mem:         32104      22804       9300          0         10       6229
Mem:         32104      22834       9270          0         10       6259
Mem:         32104      23009       9095          0         10       6323
Mem:         32104      23206       8898          0         10       6371
Mem:         32104      23289       8815          0         10       6453
Mem:         32104      23443       8660          0         11       6513
Mem:         32104      23640       8464          0         11       6544
Mem:         32104      23734       8370          0         11       6544
Mem:         32104      23859       8245          0         11       6538
Mem:         32104      23867       8236          0         11       6538
Mem:         32104      23939       8165          0         11       6538
Mem:         32104      23939       8165          0         11       6538
Mem:         32104      24016       8088          0         11       6538
Mem:         32104      24016       8088          0         11       6538
Mem:         32104      23738       8366          0         11       6261
Mem:         32104      23825       8279          0         11       6261
Mem:         32104      23887       8217          0         11       6261
Mem:         32104      23993       8111          0         11       6273
Mem:         32104      24189       7915          0         11       6285
Mem:         32104      24264       7840          0         11       6297
Mem:         32104      24436       7668          0         11       6311
Mem:         32104      24489       7615          0         11       6328
Mem:         32104      24630       7474          0         11       6343
Mem:         32104      24644       7460          0         11       6356
Mem:         32104      24702       7402          0         11       6372
Mem:         32104      24798       7306          0         11       6389
Mem:         32104      24798       7306          0         11       6389
Mem:         32104      24843       7261          0         11       6395
Mem:         32104      25057       7047          0         11       6408
Mem:         32104      25260       6844          0         11       6420
Mem:         32104      25361       6743          0         11       6437
Mem:         32104      25408       6696          0         11       6458
Mem:         32104      25452       6652          0         11       6482
Mem:         32104      25501       6603          0         11       6507
Mem:         32104      25512       6592          0         11       6516
Mem:         32104      25512       6592          0         11       6516
Mem:         32104      25511       6593          0         11       6516
Mem:         32104      25511       6593          0         11       6516
Mem:         32104      25510       6594          0         11       6516
Mem:         32104      25509       6595          0         11       6516
Mem:         32104      25509       6595          0         11       6516
Mem:         32104      25509       6595          0         11       6516
Mem:         32104      25509       6595          0         11       6516
Mem:         32104      25508       6596          0         11       6516
Mem:         32104      25508       6596          0         11       6516
Mem:         32104      25508       6596          0         11       6516
Mem:         32104      25508       6596          0         11       6516
Mem:         32104      25532       6572          0         11       6516
Mem:         32104      25674       6430          0         11       6523
Mem:         32104      25730       6374          0         11       6578
Mem:         32104      26014       6090          0         11       6596
Mem:         32104      26176       5928          0         11       6611
Mem:         32104      26269       5835          0         11       6654
Mem:         32104      26440       5664          0         12       6722
Mem:         32104      26580       5524          0         12       6771
Mem:         32104      26697       5407          0         12       6810
Mem:         32104      26876       5228          0         12       6862
Mem:         32104      27059       5045          0         12       6892
Mem:         32104      27166       4938          0         12       6921
Mem:         32104      27345       4759          0         12       6961
Mem:         32104      27424       4680          0         12       7041
Mem:         32104      27549       4555          0         12       7074
Mem:         32104      27631       4473          0         12       7093
Mem:         32104      27789       4315          0         12       7099
Mem:         32104      28029       4075          0         12       7108
Mem:         32104      28185       3919          0         13       7178
Mem:         32104      28299       3805          0         13       7222
Mem:         32104      28376       3728          0         13       7297
Mem:         32104      28453       3651          0         13       7306
Mem:         32104      28575       3529          0         13       7314
Mem:         32104      28569       3535          0         13       7310
Mem:         32104      28619       3485          0         13       7360
Mem:         32104      28674       3430          0         13       7413
Mem:         32104      28673       3431          0         13       7413
Mem:         32104      28672       3432          0         13       7413
Mem:         32104      28672       3432          0         13       7413
Mem:         32104      28672       3432          0         13       7413
Mem:         32104      28667       3437          0         13       7410
Mem:         32104      28667       3437          0         13       7410
Mem:         32104      28666       3438          0         13       7410
Mem:         32104      28666       3438          0         13       7410
Mem:         32104      28665       3439          0         13       7410
Mem:         32104      28665       3439          0         13       7410
Mem:         32104      28665       3439          0         13       7410
Mem:         32104      28665       3439          0         13       7410
Mem:         32104      28378       3726          0         13       7030
Mem:         32104      28541       3563          0         13       7030
Mem:         32104      28644       3460          0         13       7030
Mem:         32104      28751       3353          0         13       7030
Mem:         32104      28817       3287          0         13       7030
Mem:         32104      29018       3086          0         13       7030
Mem:         32104      29061       3043          0         13       7030
Mem:         32104      29228       2876          0         13       7030
Mem:         32104      29273       2831          0         13       7030
Mem:         32104      29273       2831          0         13       7030
Mem:         32104      29280       2824          0         13       7030
Mem:         32104      29288       2816          0         13       7030
Mem:         32104      29319       2785          0         13       7030
Mem:         32104      29399       2705          0         13       7030
Mem:         32104      29566       2538          0         13       7030
Mem:         32104      29608       2496          0         13       7030
Mem:         32104      29638       2466          0         13       7030
Mem:         32104      29644       2460          0         13       7030
Mem:         32104      29656       2448          0         13       7030
Mem:         32104      29656       2448          0         13       7030
Mem:         32104      29655       2449          0         13       7029
Mem:         32104      29655       2449          0         13       7029
Mem:         32104      29655       2449          0         13       7029
Mem:         32104      29654       2450          0         13       7029
Mem:         32104      29654       2450          0         13       7029
Mem:         32104      29654       2450          0         13       7029
Mem:         32104      29653       2451          0         13       7029
Mem:         32104      29653       2451          0         13       7029
Mem:         32104      29653       2451          0         13       7029
Mem:         32104      29653       2451          0         13       7029
Mem:         32104      29653       2451          0         13       7029
Mem:         32104      29652       2452          0         13       7029
Mem:         32104      29652       2452          0         13       7029
Mem:         32104      29652       2452          0         13       7029
Mem:         32104      29652       2452          0         13       7029
Mem:         32104      29656       2448          0         13       7030
Mem:         32104      29660       2444          0         13       7030
Mem:         32104      29783       2321          0         13       7030
Mem:         32104      30027       2077          0         14       7082
Mem:         32104      30133       1971          0         14       7082
Mem:         32104      30298       1806          0         14       7116
Mem:         32104      30482       1622          0         14       7241
Mem:         32104      30583       1521          0         14       7272
Mem:         32104      30697       1407          0         14       7305
Mem:         32104      30858       1246          0         14       7318
Mem:         32104      30979       1125          0         14       7347
Mem:         32104      31003       1101          0         14       7367
Mem:         32104      31062       1042          0         14       7379
Mem:         32104      31257        847          0         14       7382
Mem:         32104      31442        662          0         14       7416
Mem:         32104      31618        486          0         14       7438
Mem:         32104      31740        364          0         14       7446
Mem:         32104      31939        165          0         14       7490
Mem:         32104      32003        101          0         14       7480
Mem:         32104      32010         94          0         13       7318
Mem:         32104      32010         94          0         13       7318
Mem:         32104      32007         97          0         15       7313
Mem:         32104      32003        101          0         16       7309
Mem:         32104      31865        239          0         16       7169
Mem:         32104      31864        240          0         16       7169
Mem:         32104      31866        238          0         16       7169
Mem:         32104      31864        239          0         16       7168
Mem:         32104      31865        239          0         16       7168
Mem:         32104      31866        238          0         16       7168
Mem:         32104      31890        214          0         16       7193
Mem:         32104      31889        215          0         16       7193
Mem:         32104      31889        215          0         16       7193
Mem:         32104      31339        765          0         16       6641
Mem:         32104      31346        758          0         16       6647
Mem:         32104      31346        758          0         16       6648
Mem:         32104      31356        748          0         16       6657
Mem:         32104      31355        749          0         16       6657
Mem:         32104      31355        749          0         16       6657
Mem:         32104      31354        750          0         16       6657
Mem:         32104      31353        751          0         16       6657
Mem:         32104      31356        748          0         16       6658
Mem:         32104      31356        748          0         16       6659
Mem:         32104      31356        748          0         16       6659
Mem:         32104      31356        748          0         16       6660
Mem:         32104      31361        743          0         16       6665
Mem:         32104      31377        727          0         16       6682
Mem:         32104      31278        826          0         16       6701
Mem:         32104      31296        808          0         16       6718
Mem:         32104      31339        765          0         16       6740
Mem:         32104      31335        769          0         16       6763
Mem:         32104      31412        692          0         16       6787
Mem:         32104      31412        691          0         16       6787
Mem:         32104      31412        692          0         16       6787
Mem:         32104      31412        692          0         16       6788
Mem:         32104      31412        692          0         16       6788
Mem:         32104      31412        692          0         16       6788
Mem:         32104      31412        692          0         16       6788
Mem:         32104      31413        691          0         16       6789
Mem:         32104      31412        692          0         16       6789
Mem:         32104      31412        692          0         16       6789
Mem:         32104      31411        693          0         16       6789
Mem:         32104      31411        693          0         16       6789
Mem:         32104      31411        693          0         16       6789
Mem:         32104      31410        694          0         16       6789
Mem:         32104      31410        694          0         16       6789
Mem:         32104      31413        691          0         16       6792
Mem:         32104      31498        606          0         16       6801
Mem:         32104      31400        704          0         16       6811
Mem:         32104      31408        696          0         16       6820
Mem:         32104      31408        696          0         16       6820
Mem:         32104      31426        678          0         16       6840
Mem:         32104      31504        600          0         16       6853
Mem:         32104      31526        578          0         16       6893
Mem:         32104      31545        559          0         16       6954
Mem:         32104      31565        539          0         16       6954
Mem:         32104      31563        541          0         16       6955
Mem:         32104      31602        502          0         16       6969
Mem:         32104      31663        441          0         16       7031
Mem:         32104      31691        413          0         16       7055
Mem:         32104      31670        434          0         16       7093
Mem:         32104      31772        332          0         17       7177
Mem:         32104      31831        273          0         17       7183
Mem:         32104      31763        341          0         17       7187
Mem:         32104      31792        312          0         17       7216
Mem:         32104      31794        310          0         17       7220
Mem:         32104      31817        287          0         17       7243
Mem:         32104      31854        250          0         17       7281
Mem:         32104      31861        243          0         17       7284
Mem:         32104      31859        245          0         17       7283
Mem:         32104      31858        246          0         17       7283
Mem:         32104      31858        246          0         17       7283
Mem:         32104      31857        247          0         17       7283
Mem:         32104      31858        246          0         17       7283
Mem:         32104      31857        246          0         17       7283
Mem:         32104      31857        247          0         17       7283
Mem:         32104      31857        247          0         17       7283
Mem:         32104      31926        178          0         17       7308
Mem:         32104      32003        101          0         17       7385
Mem:         32104      32005         99          0         17       7386
Mem:         32104      32006         98          0         17       7389
Mem:         32104      32006         98          0         17       7389
Mem:         32104      32006         98          0         17       7389
Mem:         32104      32007         97          0         17       7389
Mem:         32104      32001        103          0         17       7385
Mem:         32104      31568        536          0         17       6947
Mem:         32104      31575        529          0         17       6953
Mem:         32104      31604        500          0         17       6961
Mem:         32104      31538        566          0         17       6961
Mem:         32104      31537        567          0         17       6961
Mem:         32104      31535        569          0         17       6961
Mem:         32104      31536        568          0         17       6961
Mem:         32104      31539        565          0         17       6961
Mem:         32104      31535        569          0         17       6961
Mem:         32104      31554        550          0         17       6961
Mem:         32104      31535        569          0         17       6961
Mem:         32104      31572        532          0         17       6961
Mem:         32104      31575        529          0         17       6961
Mem:         32104      31575        529          0         17       6961
Mem:         32104      31604        500          0         17       6961
Mem:         32104      31605        499          0         17       6961
Mem:         32104      31590        514          0         17       6961
Mem:         32104      31589        515          0         17       6961
Mem:         32104      31586        518          0         17       6961
Mem:         32104      31586        518          0         17       6961
Mem:         32104      31586        518          0         17       6961
Mem:         32104      31585        519          0         17       6961
Mem:         32104      31585        519          0         17       6961
Mem:         32104      31585        519          0         17       6961
Mem:         32104      31585        519          0         17       6960
Mem:         32104      31585        519          0         17       6961
Mem:         32104      31587        517          0         17       6963
Mem:         32104      31589        515          0         17       6965
Mem:         32104      31591        513          0         17       6967
Mem:         32104      31592        512          0         17       6969
Mem:         32104      31592        512          0         17       6969
Mem:         32104      31592        512          0         17       6969
Mem:         32104      31592        512          0         17       6969
Mem:         32104      31593        511          0         17       6971
Mem:         32104      31344        760          0         17       6720
Mem:         32104      31351        753          0         17       6720
Mem:         32104      31372        732          0         17       6737
Mem:         32104      31386        717          0         17       6752
Mem:         32104      31386        718          0         17       6752
Mem:         32104      31386        718          0         17       6752
Mem:         32104      31384        720          0         17       6752
Mem:         32104      31369        735          0         17       6752
Mem:         32104      31369        735          0         17       6752
Mem:         32104      31324        780          0         17       6753
Mem:         32104      31325        779          0         17       6753
Mem:         32104      31325        779          0         17       6753
Mem:         32104      31323        781          0         17       6753
Mem:         32104      31323        781          0         17       6753
Mem:         32104      31323        781          0         17       6753
Mem:         32104      31323        781          0         17       6753
Mem:         32104      31324        780          0         17       6753
Mem:         32104      31323        781          0         17       6753
Mem:         32104      31322        782          0         17       6753
Mem:         32104      31322        782          0         17       6753
Mem:         32104      31322        782          0         17       6753
Mem:         32104      31322        782          0         17       6753
Mem:         32104      31321        782          0         17       6753
Mem:         32104      31322        782          0         17       6753
Mem:         32104      31322        782          0         17       6753
Mem:         32104      31322        782          0         17       6753
Mem:         32104      31321        783          0         17       6753
Mem:         32104      31321        783          0         17       6753
Mem:         32104      31322        782          0         17       6753
Mem:         32104      31322        782          0         17       6753
Mem:         32104      31322        782          0         17       6753
Mem:         32104      31322        782          0         17       6754
Mem:         32104      31331        773          0         17       6755
Mem:         32104      31377        727          0         17       6755
Mem:         32104      31369        735          0         17       6755
Mem:         32104      31381        723          0         17       6767
Mem:         32104      31380        724          0         17       6767
Mem:         32104      31400        704          0         17       6767
Mem:         32104      31401        703          0         17       6767
Mem:         32104      31400        704          0         17       6767
Mem:         32104      31400        704          0         17       6768
Mem:         32104      31400        704          0         17       6768
Mem:         32104      31399        705          0         17       6768
Mem:         32104      31398        706          0         17       6768
Mem:         32104      31398        705          0         17       6768
Mem:         32104      31400        704          0         18       6768
Mem:         32104      31400        704          0         18       6768
Mem:         32104      31400        704          0         18       6768
Mem:         32104      31400        704          0         18       6768
Mem:         32104      31399        705          0         18       6768
Mem:         32104      31399        705          0         18       6768
Mem:         32104      31398        706          0         18       6768
Mem:         32104      31398        706          0         18       6768
Mem:         32104      31398        706          0         18       6768
Mem:         32104      31397        707          0         18       6768
Mem:         32104      31397        707          0         18       6768
Mem:         32104      31398        706          0         18       6768
Mem:         32104      31397        707          0         18       6768
Mem:         32104      31397        707          0         18       6768
Mem:         32104      31397        707          0         18       6768
Mem:         32104      31397        707          0         18       6768
Mem:         32104      31403        701          0         18       6769
Mem:         32104      31421        683          0         18       6772
Mem:         32104      31421        683          0         18       6772
Mem:         32104      31420        684          0         18       6772
Mem:         32104      31420        684          0         18       6772
Mem:         32104      31386        718          0         18       6773
Mem:         32104      31407        697          0         18       6773
Mem:         32104      31408        696          0         18       6773
Mem:         32104      31407        696          0         18       6773
Mem:         32104      31408        696          0         18       6773
Mem:         32104      31408        696          0         18       6773
Mem:         32104      31408        696          0         18       6773
Mem:         32104      31405        699          0         18       6773
Mem:         32104      31405        699          0         18       6773
Mem:         32104      31407        697          0         18       6773
Mem:         32104      31407        697          0         18       6773
Mem:         32104      31407        697          0         18       6773
Mem:         32104      31407        697          0         18       6773
Mem:         32104      31407        697          0         18       6773
Mem:         32104      31407        697          0         18       6773
Mem:         32104      31405        699          0         18       6773
Mem:         32104      31405        699          0         18       6773
Mem:         32104      31405        699          0         18       6773
Mem:         32104      31413        691          0         18       6774
Mem:         32104      31447        657          0         18       6774
Mem:         32104      31444        660          0         18       6774
Mem:         32104      31444        660          0         18       6774
Mem:         32104      31443        661          0         18       6774
Mem:         32104      31444        660          0         18       6775
Mem:         32104      31444        660          0         18       6775
Mem:         32104      31447        657          0         18       6775
Mem:         32104      31449        655          0         18       6775
Mem:         32104      31448        656          0         18       6775
Mem:         32104      31444        660          0         18       6775
Mem:         32104      31444        660          0         18       6775
Mem:         32104      31444        660          0         18       6775
Mem:         32104      31442        662          0         18       6775
Mem:         32104      31442        662          0         18       6775
Mem:         32104      31441        662          0         18       6775
Mem:         32104      31443        661          0         18       6775
Mem:         32104      31443        661          0         18       6775
Mem:         32104      31443        661          0         18       6775
Mem:         32104      31442        662          0         18       6775
Mem:         32104      31441        663          0         18       6775
Mem:         32104      31440        664          0         18       6775
Mem:         32104      31440        664          0         18       6775
Mem:         32104      31440        664          0         18       6775
Mem:         32104      31440        664          0         18       6775
Mem:         32104      31443        661          0         18       6776
Mem:         32104      31443        661          0         18       6776
Mem:         32104      31443        661          0         18       6776
Mem:         32104      31443        661          0         18       6776
Mem:         32104      31443        661          0         18       6776
Mem:         32104      31444        660          0         18       6777
Mem:         32104      31445        659          0         18       6777
Mem:         32104      31446        658          0         18       6777
Mem:         32104      31445        659          0         18       6777
Mem:         32104      31445        659          0         18       6777
Mem:         32104      31444        660          0         18       6777
Mem:         32104      31444        660          0         18       6777
Mem:         32104      31444        660          0         18       6777
Mem:         32104      31445        659          0         18       6777
Mem:         32104      31445        659          0         18       6777
Mem:         32104      31444        660          0         18       6777
Mem:         32104      31444        660          0         18       6777
Mem:         32104      31444        660          0         18       6777
Mem:         32104      31443        661          0         18       6777
Mem:         32104      31443        661          0         18       6777
Mem:         32104      31443        661          0         18       6777
Mem:         32104      31443        661          0         18       6777
Mem:         32104      31442        662          0         18       6777
Mem:         32104      31443        661          0         18       6777
Mem:         32104      31442        662          0         18       6777
Mem:         32104      31443        661          0         18       6777
Mem:         32104      31442        662          0         18       6777
Mem:         32104      31442        662          0         18       6777
Mem:         32104      31442        661          0         18       6777
Mem:         32104      31443        661          0         18       6777
Mem:         32104      31442        662          0         18       6777
Mem:         32104      31443        661          0         18       6777
Mem:         32104      31444        660          0         18       6778
Mem:         32104      31445        659          0         18       6778
Mem:         32104      31445        659          0         18       6778
Mem:         32104      31444        660          0         18       6778
Mem:         32104      31444        660          0         18       6778
Mem:         32104      31447        657          0         18       6779
Mem:         32104      31452        652          0         18       6779
Mem:         32104      31449        655          0         18       6778
Mem:         32104      31450        654          0         18       6778
Mem:         32104      31449        655          0         18       6778
Mem:         32104      31449        655          0         18       6778
Mem:         32104      31449        655          0         18       6778
Mem:         32104      31448        656          0         18       6778
Mem:         32104      31450        654          0         18       6779
Mem:         32104      31451        653          0         18       6779
Mem:         32104      31451        653          0         18       6779
Mem:         32104      31451        652          0         18       6779
Mem:         32104      31451        653          0         18       6779
Mem:         32104      31450        654          0         18       6779
Mem:         32104      31450        654          0         18       6779
Mem:         32104      31450        654          0         18       6779
Mem:         32104      31450        654          0         18       6779
Mem:         32104      31449        655          0         18       6779
Mem:         32104      31449        655          0         18       6779
Mem:         32104      31449        655          0         18       6779
Mem:         32104      31449        655          0         18       6779
Mem:         32104      31449        655          0         18       6779
Mem:         32104      31405        699          0         18       6780
Mem:         32104      31403        701          0         18       6780
Mem:         32104      31403        701          0         18       6780
Mem:         32104      31403        701          0         18       6780
Mem:         32104      31403        701          0         18       6780
Mem:         32104      31403        701          0         18       6780
Mem:         32104      31406        698          0         18       6780
Mem:         32104      31426        678          0         18       6780
Mem:         32104      31430        674          0         18       6781
Mem:         32104      31430        674          0         18       6781
Mem:         32104      31430        674          0         18       6781
Mem:         32104      31429        675          0         18       6781
Mem:         32104      31427        677          0         18       6781
Mem:         32104      31426        677          0         18       6781
Mem:         32104      31426        678          0         18       6781
Mem:         32104      31425        679          0         18       6781
Mem:         32104      31426        678          0         18       6781
Mem:         32104      31425        679          0         18       6781
Mem:         32104      31425        679          0         18       6781
Mem:         32104      31426        678          0         18       6781
Mem:         32104      31425        679          0         18       6781
Mem:         32104      31424        679          0         18       6781
Mem:         32104      31424        680          0         18       6781
Mem:         32104      31424        680          0         18       6781
Mem:         32104      31423        681          0         18       6781
Mem:         32104      31423        681          0         18       6781
Mem:         32104      31423        681          0         18       6781
Mem:         32104      31423        681          0         18       6781
Mem:         32104      31423        681          0         18       6781
Mem:         32104      31450        654          0         18       6782
Mem:         32104      31446        658          0         18       6782
Mem:         32104      31446        658          0         18       6782
Mem:         32104      31446        658          0         18       6782
Mem:         32104      31445        659          0         18       6782
Mem:         32104      31452        652          0         18       6782
Mem:         32104      31452        652          0         18       6782
Mem:         32104      31368        736          0         18       6783
Mem:         32104      31411        693          0         18       6782
Mem:         32104      31352        752          0         18       6782
Mem:         32104      31352        752          0         18       6782
Mem:         32104      31412        692          0         18       6783
Mem:         32104      31411        693          0         18       6783
Mem:         32104      31412        692          0         18       6783
Mem:         32104      31413        691          0         18       6783
Mem:         32104      31411        693          0         18       6783
Mem:         32104      31412        692          0         18       6783
Mem:         32104      31413        691          0         18       6783
Mem:         32104      31412        692          0         18       6783
Mem:         32104      31412        692          0         18       6783
Mem:         32104      31412        692          0         18       6783
Mem:         32104      31411        693          0         18       6783
Mem:         32104      31410        694          0         18       6783
Mem:         32104      31409        695          0         18       6783
Mem:         32104      31408        696          0         18       6783
Mem:         32104      31414        690          0         18       6784
Mem:         32104      31393        711          0         18       6784
Mem:         32104      31391        713          0         18       6784
Mem:         32104      31391        713          0         18       6784
Mem:         32104      31391        713          0         18       6784
Mem:         32104      31397        707          0         19       6784
Mem:         32104      31395        709          0         19       6784
Mem:         32104      31396        708          0         19       6784
Mem:         32104      31398        706          0         19       6785
Mem:         32104      31397        707          0         19       6785
Mem:         32104      31396        708          0         19       6785
Mem:         32104      31395        709          0         19       6785
Mem:         32104      31395        709          0         19       6785
Mem:         32104      31395        709          0         19       6785
Mem:         32104      31393        711          0         19       6785
Mem:         32104      31392        712          0         19       6785
Mem:         32104      31392        712          0         19       6785
Mem:         32104      31391        713          0         19       6785
Mem:         32104      31392        712          0         19       6785
Mem:         32104      31391        713          0         19       6785
Mem:         32104      31391        713          0         19       6785
Mem:         32104      31391        713          0         19       6785
Mem:         32104      31391        713          0         19       6785
Mem:         32104      31390        714          0         19       6785
Mem:         32104      31390        714          0         19       6785
Mem:         32104      31391        713          0         19       6786
Mem:         32104      31393        711          0         19       6786
Mem:         32104      31393        711          0         19       6786
Mem:         32104      31395        709          0         19       6788
Mem:         32104      31397        707          0         19       6790
Mem:         32104      31399        705          0         19       6792
Mem:         32104      31407        697          0         19       6795
Mem:         32104      31411        693          0         19       6797
Mem:         32104      31414        690          0         19       6799
Mem:         32104      31416        688          0         19       6801
Mem:         32104      31418        686          0         19       6804
Mem:         32104      31421        683          0         19       6806
Mem:         32104      31423        681          0         19       6808
Mem:         32104      31425        679          0         19       6810
Mem:         32104      31422        682          0         19       6812
Mem:         32104      31424        680          0         19       6814
Mem:         32104      31426        678          0         19       6816
Mem:         32104      31427        677          0         19       6818
Mem:         32104      31429        675          0         19       6820
Mem:         32104      31431        673          0         19       6822
Mem:         32104      31432        672          0         19       6824
Mem:         32104      31435        669          0         19       6826
Mem:         32104      31436        668          0         19       6828
Mem:         32104      31437        667          0         19       6830
Mem:         32104      31439        665          0         19       6832
Mem:         32104      31441        663          0         19       6834
Mem:         32104      31443        661          0         19       6836
Mem:         32104      31445        659          0         19       6838
Mem:         32104      31447        657          0         19       6840
Mem:         32104      31449        654          0         19       6842
Mem:         32104      31456        648          0         19       6843
Mem:         32104      31498        606          0         19       6845
Mem:         32104      31431        673          0         19       6847
Mem:         32104      31432        672          0         19       6849
Mem:         32104      31436        668          0         19       6851
Mem:         32104      31440        664          0         19       6853
Mem:         32104      31438        666          0         19       6855
Mem:         32104      31484        620          0         19       6858
Mem:         32104      31488        616          0         19       6860
Mem:         32104      31489        615          0         19       6862
Mem:         32104      31491        613          0         19       6864
Mem:         32104      31493        611          0         19       6866
Mem:         32104      31495        609          0         19       6868
Mem:         32104      31497        607          0         19       6870
Mem:         32104      31499        605          0         19       6872
Mem:         32104      31501        603          0         19       6874
Mem:         32104      31503        601          0         19       6876
Mem:         32104      31504        600          0         19       6878
Mem:         32104      31506        598          0         19       6880
Mem:         32104      31508        596          0         19       6882
Mem:         32104      31510        594          0         19       6884
Mem:         32104      31512        592          0         19       6886
Mem:         32104      31514        590          0         19       6888
Mem:         32104      31515        589          0         19       6890
Mem:         32104      31519        585          0         19       6893
Mem:         32104      31499        605          0         19       6895
Mem:         32104      31500        604          0         19       6897
Mem:         32104      31501        603          0         19       6899
Mem:         32104      31503        601          0         19       6901
Mem:         32104      31504        600          0         19       6903
Mem:         32104      31531        573          0         19       6905
Mem:         32104      31538        566          0         19       6907
Mem:         32104      31523        581          0         19       6910
Mem:         32104      31525        579          0         19       6912
Mem:         32104      31528        576          0         19       6914
Mem:         32104      31529        575          0         19       6916
Mem:         32104      31530        574          0         19       6917
Mem:         32104      31530        574          0         19       6917
Mem:         32104      31530        574          0         19       6917
Mem:         32104      31530        574          0         19       6917
Mem:         32104      31529        575          0         19       6917
Mem:         32104      31529        575          0         19       6917
Mem:         32104      31529        575          0         19       6917
Mem:         32104      31529        575          0         19       6917
Mem:         32104      31529        575          0         19       6917
Mem:         32104      31527        577          0         19       6917
Mem:         32104      31526        578          0         19       6917
Mem:         32104      31527        577          0         19       6917
Mem:         32104      31527        577          0         19       6917
Mem:         32104      31527        577          0         19       6917
Mem:         32104      31525        579          0         19       6917
Mem:         32104      31535        569          0         19       6918
Mem:         32104      31526        578          0         19       6918
Mem:         32104      31524        580          0         19       6918
Mem:         32104      31524        580          0         19       6918
Mem:         32104      31526        578          0         19       6918
Mem:         32104      31529        575          0         19       6918
Mem:         32104      31529        575          0         19       6918
Mem:         32104      31529        575          0         19       6918
Mem:         32104      31531        573          0         19       6919
Mem:         32104      31531        573          0         19       6919
Mem:         32104      31529        575          0         19       6919
Mem:         32104      31530        574          0         19       6919
Mem:         32104      31530        574          0         19       6919
Mem:         32104      31530        574          0         19       6919
Mem:         32104      31532        572          0         19       6919
Mem:         32104      31531        573          0         19       6919
Mem:         32104      31531        573          0         19       6919
Mem:         32104      31531        573          0         19       6919
Mem:         32104      31529        575          0         19       6919
Mem:         32104      31528        576          0         19       6919
Mem:         32104      31528        576          0         19       6919
Mem:         32104      31528        576          0         19       6919
Mem:         32104      31528        576          0         19       6919
Mem:         32104      31528        576          0         19       6919
Mem:         32104      31528        576          0         19       6919
Mem:         32104      31527        577          0         19       6919
Mem:         32104      31528        576          0         19       6919
Mem:         32104      31527        577          0         19       6919
Mem:         32104      31531        573          0         19       6920
Mem:         32104      31600        504          0         19       6920
Mem:         32104      31537        567          0         19       6920
Mem:         32104      31600        504          0         19       6920
Mem:         32104      31471        633          0         19       6791
Mem:         32104      31472        632          0         19       6791
Mem:         32104      31470        634          0         19       6791
Mem:         32104      31494        610          0         19       6791
Mem:         32104      31496        608          0         19       6791
Mem:         32104      31496        608          0         19       6792
Mem:         32104      31497        607          0         19       6792
Mem:         32104      31496        608          0         19       6792
Mem:         32104      31496        608          0         19       6792
Mem:         32104      31497        607          0         19       6792
Mem:         32104      31495        609          0         19       6792
Mem:         32104      31495        609          0         19       6792
Mem:         32104      31495        609          0         19       6792
Mem:         32104      31495        609          0         19       6792
Mem:         32104      31494        610          0         19       6792
Mem:         32104      31494        610          0         19       6792
Mem:         32104      31493        611          0         19       6792
Mem:         32104      31493        611          0         19       6792
Mem:         32104      31494        610          0         19       6792
Mem:         32104      31496        608          0         19       6794
Mem:         32104      31498        606          0         19       6796
Mem:         32104      31499        605          0         19       6798
Mem:         32104      31501        603          0         19       6800
Mem:         32104      31504        600          0         19       6802
Mem:         32104      31533        571          0         19       6804
Mem:         32104      31532        572          0         19       6805
Mem:         32104      31532        572          0         19       6805
Mem:         32104      31532        572          0         19       6804
Mem:         32104      31531        573          0         19       6805
Mem:         32104      31534        570          0         19       6805
Mem:         32104      31535        569          0         19       6805
Mem:         32104      31533        570          0         19       6805
Mem:         32104      31534        570          0         19       6805
Mem:         32104      31476        628          0         19       6805
Mem:         32104      31475        629          0         19       6805
Mem:         32104      31475        629          0         19       6805
Mem:         32104      31476        628          0         19       6805
Mem:         32104      31477        627          0         19       6805
Mem:         32104      31476        628          0         19       6805
Mem:         32104      31475        629          0         19       6805
Mem:         32104      31475        629          0         19       6805
Mem:         32104      31474        630          0         19       6805
Mem:         32104      31474        630          0         19       6805
Mem:         32104      31474        630          0         19       6805
Mem:         32104      31473        631          0         19       6805
Mem:         32104      31473        631          0         19       6805
Mem:         32104      31526        578          0         19       6806
Mem:         32104      31521        583          0         19       6806
Mem:         32104      31521        583          0         19       6806
Mem:         32104      31520        584          0         19       6806
Mem:         32104      31520        584          0         19       6806
Mem:         32104      31522        582          0         19       6807
Mem:         32104      31524        580          0         19       6807
Mem:         32104      31522        582          0         19       6807
Mem:         32104      31524        580          0         19       6807
Mem:         32104      31523        581          0         19       6807
Mem:         32104      31522        582          0         19       6807
Mem:         32104      31521        583          0         19       6807
Mem:         32104      31522        582          0         19       6807
Mem:         32104      31521        583          0         19       6807
Mem:         32104      31522        582          0         19       6807
Mem:         32104      31522        582          0         19       6807
Mem:         32104      31522        582          0         19       6807
Mem:         32104      31521        583          0         19       6807
Mem:         32104      31520        584          0         19       6807
Mem:         32104      31519        585          0         19       6807
Mem:         32104      31519        585          0         19       6807
Mem:         32104      31519        585          0         19       6807
Mem:         32104      31520        584          0         19       6808
Mem:         32104      31443        661          0         19       6808
Mem:         32104      31424        680          0         19       6808
Mem:         32104      31423        681          0         19       6808
Mem:         32104      31423        681          0         19       6808
Mem:         32104      31422        682          0         19       6808
Mem:         32104      31444        660          0         19       6809
Mem:         32104      31471        633          0         19       6809
Mem:         32104      31470        634          0         19       6809
Mem:         32104      31471        633          0         19       6809
Mem:         32104      31471        633          0         19       6809
Mem:         32104      31471        633          0         19       6809
Mem:         32104      31468        636          0         19       6809
Mem:         32104      31469        635          0         19       6809
Mem:         32104      31469        635          0         19       6809
Mem:         32104      31469        635          0         19       6809
Mem:         32104      31469        635          0         19       6809
Mem:         32104      31469        635          0         19       6809
Mem:         32104      31468        636          0         19       6809
Mem:         32104      31468        636          0         19       6809
Mem:         32104      31467        637          0         19       6809
Mem:         32104      31468        636          0         19       6809
Mem:         32104      31468        636          0         19       6810
Mem:         32104      31471        633          0         19       6810
Mem:         32104      31497        607          0         19       6810
Mem:         32104      31498        606          0         19       6810
Mem:         32104      31497        607          0         19       6810
Mem:         32104      31496        608          0         19       6810
Mem:         32104      31486        618          0         19       6811
Mem:         32104      31486        617          0         19       6811
Mem:         32104      31489        614          0         19       6811
Mem:         32104      31487        617          0         19       6811
Mem:         32104      31487        617          0         19       6811
Mem:         32104      31486        618          0         19       6811
Mem:         32104      31487        617          0         19       6811
Mem:         32104      31486        618          0         19       6811
Mem:         32104      31487        617          0         19       6811
Mem:         32104      31487        617          0         19       6811
Mem:         32104      31486        618          0         19       6811
Mem:         32104      31486        618          0         19       6811
Mem:         32104      31485        619          0         19       6811
Mem:         32104      31485        619          0         19       6811
Mem:         32104      31484        620          0         19       6811
Mem:         32104      31484        620          0         19       6811
Mem:         32104      31484        620          0         19       6811
Mem:         32104      31483        621          0         19       6811
Mem:         32104      31482        621          0         19       6811
Mem:         32104      31482        622          0         19       6811
Mem:         32104      31482        622          0         19       6811
Mem:         32104      31490        614          0         19       6811
Mem:         32104      31490        614          0         19       6811
Mem:         32104      31427        677          0         19       6811
Mem:         32104      31426        678          0         19       6811
Mem:         32104      31426        678          0         19       6811
Mem:         32104      31470        634          0         19       6811
Mem:         32104      31425        679          0         19       6811
Mem:         32104      31426        678          0         19       6812
Mem:         32104      31443        661          0         19       6812
Mem:         32104      31443        661          0         19       6812
Mem:         32104      31442        662          0         19       6812
Mem:         32104      31462        642          0         19       6812
Mem:         32104      31462        642          0         19       6812
Mem:         32104      31462        642          0         19       6812
Mem:         32104      31461        643          0         19       6812
Mem:         32104      31462        642          0         19       6812
Mem:         32104      31462        642          0         19       6812
Mem:         32104      31462        642          0         19       6812
Mem:         32104      31462        642          0         19       6812
Mem:         32104      31462        642          0         19       6812
Mem:         32104      31461        643          0         19       6812
Mem:         32104      31461        643          0         19       6812
Mem:         32104      31461        643          0         19       6812
Mem:         32104      31464        640          0         19       6813
Mem:         32104      31542        562          0         19       6813
Mem:         32104      31459        645          0         19       6813
Mem:         32104      31458        646          0         19       6813
Mem:         32104      31457        647          0         19       6813
Mem:         32104      31458        646          0         19       6813
Mem:         32104      31503        601          0         19       6813
Mem:         32104      31503        601          0         19       6813
Mem:         32104      31504        600          0         19       6814
Mem:         32104      31504        600          0         19       6814
Mem:         32104      31503        601          0         19       6814
Mem:         32104      31503        601          0         19       6814
Mem:         32104      31503        601          0         19       6814
Mem:         32104      31503        601          0         19       6814
Mem:         32104      31503        601          0         19       6814
Mem:         32104      31503        601          0         19       6814
Mem:         32104      31503        601          0         19       6814
Mem:         32104      31503        601          0         19       6814
Mem:         32104      31502        602          0         19       6814
Mem:         32104      31502        602          0         19       6814
Mem:         32104      31502        602          0         19       6814
Mem:         32104      31501        603          0         19       6814
Mem:         32104      31501        603          0         19       6814
Mem:         32104      31502        602          0         19       6815
Mem:         32104      31505        599          0         19       6815
Mem:         32104      31472        632          0         19       6815
Mem:         32104      31472        632          0         19       6815
Mem:         32104      31472        632          0         19       6815
Mem:         32104      31473        631          0         19       6815
Mem:         32104      31494        610          0         19       6815
Mem:         32104      31450        654          0         19       6816
Mem:         32104      31474        630          0         19       6816
Mem:         32104      31473        631          0         19       6816
Mem:         32104      31473        631          0         19       6816
Mem:         32104      31475        629          0         19       6816
Mem:         32104      31475        629          0         19       6816
Mem:         32104      31475        629          0         19       6816
Mem:         32104      31474        630          0         19       6816
Mem:         32104      31474        630          0         19       6816
Mem:         32104      31474        630          0         19       6816
Mem:         32104      31472        632          0         19       6816
Mem:         32104      31471        633          0         19       6816
Mem:         32104      31471        633          0         19       6816
Mem:         32104      31471        633          0         19       6816
Mem:         32104      31470        634          0         19       6816
Mem:         32104      31470        634          0         19       6816
Mem:         32104      31470        634          0         19       6816
Mem:         32104      31471        633          0         19       6816
Mem:         32104      31471        633          0         19       6816
Mem:         32104      31471        633          0         19       6816
Mem:         32104      31471        633          0         19       6816
Mem:         32104      31471        633          0         19       6816
Mem:         32104      31471        633          0         19       6816
Mem:         32104      31471        633          0         19       6816
Mem:         32104      31471        633          0         19       6816
Mem:         32104      31471        633          0         19       6816
Mem:         32104      31470        634          0         19       6816
Mem:         32104      31470        634          0         19       6816
Mem:         32104      31468        636          0         19       6816
Mem:         32104      31468        636          0         19       6816
Mem:         32104      31467        636          0         19       6816
Mem:         32104      31467        637          0         19       6816
Mem:         32104      31467        637          0         19       6816
Mem:         32104      31467        637          0         19       6816
Mem:         32104      31467        637          0         19       6816
Mem:         32104      31467        637          0         19       6816
Mem:         32104      31467        637          0         19       6816
Mem:         32104      31467        637          0         19       6816
Mem:         32104      31467        637          0         19       6816
Mem:         32104      31466        638          0         19       6816
Mem:         32104       8671      23433          0         19       6813
