Mem:         31095       1515      29579          0          4         98
Mem:         31095       1580      29514          0          4        117
Mem:         31095       1583      29511          0          4        119
Mem:         31095       1585      29509          0          4        121
Mem:         31095       1587      29507          0          4        123
Mem:         31095       1589      29505          0          4        125
Mem:         31095       1591      29504          0          4        127
Mem:         31095       1592      29502          0          4        129
Mem:         31095       1595      29500          0          4        131
Mem:         31095       1629      29465          0          4        141
Mem:         31095       1749      29345          0          4        157
Mem:         31095       1998      29097          0          4        176
Mem:         31095       4710      26384          0          4        268
Mem:         31095       7310      23784          0          5        385
Mem:         31095       7771      23323          0          5        518
Mem:         31095       7904      23190          0          5        650
Mem:         31095       8240      22854          0          5        795
Mem:         31095       8537      22558          0          5        918
Mem:         31095       8912      22182          0          5       1047
Mem:         31095       9115      21979          0          5       1190
Mem:         31095      10251      20843          0          6       1325
Mem:         31095      10617      20477          0          6       1456
Mem:         31095      10865      20230          0          6       1587
Mem:         31095      11168      19927          0          6       1722
Mem:         31095      11417      19678          0          6       1787
Mem:         31095      11527      19567          0          6       1833
Mem:         31095      11605      19489          0          6       1896
Mem:         31095      11751      19343          0          6       2017
Mem:         31095      11903      19191          0          6       2152
Mem:         31095      12062      19032          0          7       2277
Mem:         31095      12211      18884          0          7       2384
Mem:         31095      12317      18778          0          7       2425
Mem:         31095      12369      18725          0          7       2427
Mem:         31095      12397      18697          0          7       2431
Mem:         31095      12400      18694          0          7       2434
Mem:         31095      12403      18691          0          7       2437
Mem:         31095      12415      18680          0          7       2439
Mem:         31095      12420      18674          0          7       2443
Mem:         31095      12423      18671          0          7       2447
Mem:         31095      12425      18670          0          7       2449
Mem:         31095      12426      18668          0          7       2451
Mem:         31095      12561      18533          0          7       2456
Mem:         31095      12680      18414          0          7       2459
Mem:         31095      13062      18032          0          7       2518
Mem:         31095      13376      17719          0          7       2629
Mem:         31095      13569      17526          0          7       2762
Mem:         31095      13764      17330          0          7       2913
Mem:         31095      14051      17044          0          7       3046
Mem:         31095      14237      16857          0          8       3193
Mem:         31095      14420      16674          0          8       3338
Mem:         31095      14655      16439          0          8       3493
Mem:         31095      14841      16254          0          8       3646
Mem:         31095      14982      16112          0          8       3787
Mem:         31095      15198      15896          0          8       3926
Mem:         31095      15323      15771          0          8       4052
Mem:         31095      15445      15649          0          9       4173
Mem:         31095      15489      15605          0          9       4218
Mem:         31095      15489      15605          0          9       4218
Mem:         31095      15489      15605          0          9       4218
Mem:         31095      15489      15605          0          9       4218
Mem:         31095      15492      15603          0          9       4218
Mem:         31095      15492      15603          0          9       4218
Mem:         31095      15491      15603          0          9       4218
Mem:         31095      15491      15603          0          9       4218
Mem:         31095      15491      15603          0          9       4218
Mem:         31095      15491      15603          0          9       4218
Mem:         31095      15491      15604          0          9       4218
Mem:         31095      15490      15604          0          9       4218
Mem:         31095      15578      15516          0          9       4221
Mem:         31095      15678      15417          0          9       4221
Mem:         31095      16016      15079          0          9       4241
Mem:         31095      16381      14714          0          9       4300
Mem:         31095      16528      14566          0          9       4375
Mem:         31095      16706      14388          0          9       4455
Mem:         31095      16840      14254          0          9       4523
Mem:         31095      16953      14141          0          9       4608
Mem:         31095      17075      14020          0          9       4687
Mem:         31095      17261      13833          0          9       4763
Mem:         31095      17498      13596          0          9       4832
Mem:         31095      17663      13432          0          9       4860
Mem:         31095      17803      13292          0          9       4877
Mem:         31095      18042      13053          0          9       4895
Mem:         31095      18271      12823          0          9       4926
Mem:         31095      18339      12755          0          9       4963
Mem:         31095      18544      12550          0          9       5009
Mem:         31095      18716      12378          0         10       5065
Mem:         31095      18860      12234          0         10       5132
Mem:         31095      19097      11997          0         10       5194
Mem:         31095      19186      11908          0         10       5253
Mem:         31095      19287      11807          0         10       5303
Mem:         31095      19327      11768          0         10       5342
Mem:         31095      19393      11702          0         10       5368
Mem:         31095      19400      11694          0         10       5375
Mem:         31095      19400      11694          0         10       5375
Mem:         31095      19400      11694          0         10       5375
Mem:         31095      19400      11694          0         10       5375
Mem:         31095      19400      11694          0         10       5375
Mem:         31095      19400      11695          0         10       5375
Mem:         31095      19468      11627          0         10       5376
Mem:         31095      19623      11471          0         10       5376
Mem:         31095      19852      11242          0         10       5376
Mem:         31095      19927      11168          0         10       5376
Mem:         31095      19975      11120          0         10       5401
Mem:         31095      20212      10882          0         10       5431
Mem:         31095      20251      10844          0         10       5460
Mem:         31095      20491      10603          0         10       5486
Mem:         31095      20595      10499          0         10       5505
Mem:         31095      20703      10391          0         10       5510
Mem:         31095      20731      10364          0         10       5541
Mem:         31095      20850      10244          0         10       5571
Mem:         31095      20902      10192          0         10       5602
Mem:         31095      20956      10139          0         10       5632
Mem:         31095      20911      10183          0         10       5632
Mem:         31095      20911      10183          0         10       5632
Mem:         31095      20911      10183          0         10       5632
Mem:         31095      20911      10184          0         10       5632
Mem:         31095      20909      10185          0         10       5632
Mem:         31095      20958      10136          0         10       5632
Mem:         31095      21115       9979          0         10       5632
Mem:         31095      21242       9853          0         10       5632
Mem:         31095      21476       9618          0         10       5632
Mem:         31095      21553       9541          0         10       5708
Mem:         31095      21725       9370          0         10       5720
Mem:         31095      21985       9110          0         10       5767
Mem:         31095      22035       9059          0         10       5817
Mem:         31095      22257       8838          0         11       5889
Mem:         31095      22465       8630          0         11       6031
Mem:         31095      22595       8500          0         11       6085
Mem:         31095      22731       8364          0         11       6108
Mem:         31095      22962       8132          0         11       6146
Mem:         31095      23143       7951          0         11       6183
Mem:         31095      23281       7813          0         11       6243
Mem:         31095      23370       7725          0         11       6331
Mem:         31095      23477       7617          0         11       6404
Mem:         31095      23529       7565          0         11       6434
Mem:         31095      23560       7534          0         11       6464
Mem:         31095      23776       7318          0         11       6477
Mem:         31095      23781       7313          0         11       6477
Mem:         31095      23774       7320          0         11       6472
Mem:         31095      23774       7321          0         11       6472
Mem:         31095      23772       7322          0         11       6472
Mem:         31095      23773       7321          0         11       6472
Mem:         31095      23772       7322          0         11       6472
Mem:         31095      23772       7322          0         11       6472
Mem:         31095      23772       7323          0         11       6472
Mem:         31095      23771       7323          0         11       6472
Mem:         31095      23556       7538          0         11       6144
Mem:         31095      23647       7447          0         11       6144
Mem:         31095      23903       7191          0         11       6143
Mem:         31095      24090       7004          0         11       6143
Mem:         31095      24248       6846          0         11       6143
Mem:         31095      24313       6781          0         11       6143
Mem:         31095      24435       6659          0         11       6143
Mem:         31095      24516       6578          0         11       6143
Mem:         31095      24682       6412          0         11       6143
Mem:         31095      24807       6287          0         11       6143
Mem:         31095      24877       6217          0         11       6143
Mem:         31095      24974       6120          0         11       6143
Mem:         31095      25057       6037          0         11       6143
Mem:         31095      25174       5920          0         11       6143
Mem:         31095      25173       5921          0         11       6143
Mem:         31095      25174       5920          0         11       6143
Mem:         31095      25174       5920          0         11       6143
Mem:         31095      25174       5921          0         11       6143
Mem:         31095      25174       5920          0         11       6143
Mem:         31095      25174       5920          0         11       6143
Mem:         31095      25174       5921          0         11       6143
Mem:         31095      25174       5920          0         11       6143
Mem:         31095      25174       5920          0         11       6143
Mem:         31095      25174       5921          0         11       6143
Mem:         31095      25177       5917          0         11       6143
Mem:         31095      25179       5915          0         11       6143
Mem:         31095      25178       5916          0         11       6143
Mem:         31095      25218       5877          0         11       6143
Mem:         31095      25218       5877          0         11       6143
Mem:         31095      25217       5877          0         11       6143
Mem:         31095      25218       5876          0         11       6143
Mem:         31095      25218       5877          0         11       6143
Mem:         31095      25316       5778          0         11       6143
Mem:         31095      25517       5577          0         11       6143
Mem:         31095      25587       5507          0         11       6156
Mem:         31095      25918       5176          0         11       6176
Mem:         31095      26056       5038          0         11       6203
Mem:         31095      26264       4830          0         11       6254
Mem:         31095      26424       4671          0         12       6305
Mem:         31095      26652       4442          0         12       6350
Mem:         31095      26840       4254          0         12       6400
Mem:         31095      26910       4184          0         12       6400
Mem:         31095      27175       3919          0         12       6400
Mem:         31095      27389       3706          0         12       6400
Mem:         31095      27569       3525          0         12       6411
Mem:         31095      27679       3415          0         12       6426
Mem:         31095      27735       3360          0         12       6423
Mem:         31095      27853       3241          0         12       6443
Mem:         31095      27951       3143          0         12       6475
Mem:         31095      27978       3117          0         12       6475
Mem:         31095      27978       3116          0         12       6475
Mem:         31095      27978       3117          0         12       6475
Mem:         31095      27977       3117          0         12       6475
Mem:         31095      27979       3116          0         12       6475
Mem:         31095      27976       3118          0         12       6473
Mem:         31095      27976       3119          0         12       6473
Mem:         31095      27975       3119          0         12       6473
Mem:         31095      27975       3119          0         12       6473
Mem:         31095      27975       3120          0         12       6473
Mem:         31095      27975       3119          0         12       6473
Mem:         31095      27975       3120          0         12       6473
Mem:         31095      27975       3120          0         12       6473
Mem:         31095      27975       3120          0         12       6473
Mem:         31095      27975       3120          0         12       6473
Mem:         31095      27975       3120          0         12       6473
Mem:         31095      27974       3120          0         12       6473
Mem:         31095      27974       3120          0         12       6473
Mem:         31095      27975       3120          0         12       6473
Mem:         31095      27974       3120          0         12       6473
Mem:         31095      27974       3120          0         12       6473
Mem:         31095      27688       3406          0         12       6107
Mem:         31095      28001       3093          0         12       6137
Mem:         31095      28155       2939          0         12       6170
Mem:         31095      28268       2827          0         12       6205
Mem:         31095      28432       2662          0         12       6224
Mem:         31095      28523       2571          0         12       6224
Mem:         31095      28694       2400          0         12       6224
Mem:         31095      28732       2362          0         12       6224
Mem:         31095      28831       2263          0         12       6224
Mem:         31095      28888       2206          0         12       6224
Mem:         31095      28892       2203          0         12       6224
Mem:         31095      28939       2155          0         12       6224
Mem:         31095      28912       2182          0         12       6224
Mem:         31095      29005       2089          0         12       6224
Mem:         31095      29076       2019          0         12       6224
Mem:         31095      29236       1859          0         12       6224
Mem:         31095      29261       1834          0         12       6224
Mem:         31095      29259       1835          0         12       6224
Mem:         31095      29259       1835          0         12       6224
Mem:         31095      29259       1835          0         12       6224
Mem:         31095      29259       1835          0         12       6224
Mem:         31095      29259       1835          0         12       6224
Mem:         31095      29259       1836          0         12       6224
Mem:         31095      29258       1836          0         12       6224
Mem:         31095      29258       1837          0         12       6224
Mem:         31095      29258       1836          0         12       6224
Mem:         31095      29258       1836          0         12       6224
Mem:         31095      29258       1836          0         12       6224
Mem:         31095      29258       1837          0         12       6224
Mem:         31095      29258       1837          0         12       6224
Mem:         31095      29258       1837          0         12       6224
Mem:         31095      29258       1837          0         12       6224
Mem:         31095      29258       1837          0         12       6224
Mem:         31095      29258       1837          0         12       6224
Mem:         31095      29258       1837          0         12       6224
Mem:         31095      29258       1837          0         12       6224
Mem:         31095      29299       1795          0         12       6224
Mem:         31095      29518       1576          0         12       6224
Mem:         31095      29607       1488          0         12       6250
Mem:         31095      29757       1337          0         12       6276
Mem:         31095      30020       1074          0         12       6278
Mem:         31095      30176        919          0         12       6346
Mem:         31095      30276        819          0         12       6354
Mem:         31095      30453        642          0         12       6413
Mem:         31095      30608        486          0         12       6490
Mem:         31095      30775        319          0         12       6552
Mem:         31095      30936        158          0         10       6562
Mem:         31095      30885        209          0         10       6531
Mem:         31095      30939        156          0         10       6461
Mem:         31095      30936        158          0         10       6302
Mem:         31095      30937        157          0         10       6271
Mem:         31095      30938        156          0         10       6272
Mem:         31095      30938        156          0         10       6272
Mem:         31095      30941        153          0         10       6272
Mem:         31095      30873        222          0         10       6206
Mem:         31095      30887        208          0         10       6219
Mem:         31095      30912        182          0         10       6245
Mem:         31095      30913        181          0         10       6245
Mem:         31095      30913        182          0         10       6245
Mem:         31095      30912        182          0         10       6245
Mem:         31095      30912        182          0         10       6244
Mem:         31095      30912        182          0         10       6244
Mem:         31095      30911        183          0         10       6244
Mem:         31095      30911        183          0         10       6244
Mem:         31095      30913        182          0         10       6246
Mem:         31095      30915        180          0         10       6248
Mem:         31095      30917        177          0         10       6250
Mem:         31095      30700        395          0         10       6032
Mem:         31095      30860        234          0         10       6152
Mem:         31095      30821        273          0         10       6152
Mem:         31095      30820        274          0         10       6152
Mem:         31095      30828        266          0         10       6161
Mem:         31095      30866        228          0         10       6198
Mem:         31095      30884        210          0         10       6216
Mem:         31095      30884        210          0         10       6216
Mem:         31095      30885        210          0         10       6216
Mem:         31095      30884        210          0         10       6216
Mem:         31095      30886        209          0         10       6216
Mem:         31095      30892        203          0         10       6161
Mem:         31095      30833        262          0         10       6161
Mem:         31095      30847        247          0         11       6161
Mem:         31095      30833        261          0         11       6164
Mem:         31095      30835        259          0         11       6166
Mem:         31095      30835        259          0         11       6166
Mem:         31095      30835        260          0         11       6166
Mem:         31095      30835        259          0         11       6166
Mem:         31095      30834        260          0         11       6166
Mem:         31095      30834        260          0         11       6166
Mem:         31095      30834        260          0         11       6166
Mem:         31095      30834        260          0         11       6166
Mem:         31095      30833        261          0         11       6166
Mem:         31095      30834        260          0         11       6166
Mem:         31095      30833        261          0         11       6166
Mem:         31095      30831        263          0         11       6166
Mem:         31095      30831        264          0         11       6166
Mem:         31095      30831        264          0         11       6166
Mem:         31095      30831        264          0         11       6166
Mem:         31095      30831        264          0         11       6166
Mem:         31095      30830        264          0         11       6166
Mem:         31095      30830        264          0         11       6166
Mem:         31095      30830        264          0         11       6166
Mem:         31095      30882        213          0         11       6166
Mem:         31095      30886        209          0         11       6204
Mem:         31095      30888        206          0         11       6208
Mem:         31095      30915        180          0         11       6233
Mem:         31095      30938        156          0         11       6255
Mem:         31095      30941        154          0         11       6258
Mem:         31095      30939        155          0         11       6257
Mem:         31095      30935        160          0         11       6254
Mem:         31095      30940        154          0         11       6273
Mem:         31095      30865        230          0         11       6182
Mem:         31095      30875        220          0         11       6191
Mem:         31095      30937        157          0         11       6210
Mem:         31095      30898        197          0         12       6215
Mem:         31095      30938        157          0         12       6253
Mem:         31095      30938        157          0         12       6257
Mem:         31095      30938        156          0         12       6256
Mem:         31095      30941        154          0         12       6259
Mem:         31095      30871        224          0         12       6188
Mem:         31095      30936        158          0         12       6255
Mem:         31095      30936        158          0         12       6255
Mem:         31095      30939        155          0         12       6255
Mem:         31095      30931        163          0         12       6250
Mem:         31095      30931        163          0         12       6250
Mem:         31095      30931        164          0         12       6250
Mem:         31095      30931        163          0         12       6250
Mem:         31095      30930        164          0         12       6250
Mem:         31095      30930        164          0         12       6250
Mem:         31095      30929        165          0         12       6250
Mem:         31095      30930        165          0         12       6250
Mem:         31095      30929        165          0         12       6250
Mem:         31095      30929        165          0         12       6250
Mem:         31095      30929        165          0         12       6250
Mem:         31095      30929        165          0         12       6250
Mem:         31095      30929        165          0         12       6250
Mem:         31095      30929        165          0         12       6250
Mem:         31095      30929        165          0         12       6250
Mem:         31095      30930        165          0         12       6250
Mem:         31095      30930        165          0         12       6250
Mem:         31095      30377        717          0         12       5697
Mem:         31095      30456        639          0         12       5772
Mem:         31095      30561        533          0         12       5879
Mem:         31095      30561        533          0         12       5879
Mem:         31095      30605        489          0         12       5879
Mem:         31095      30562        532          0         12       5879
Mem:         31095      30565        529          0         12       5881
Mem:         31095      30587        507          0         12       5905
Mem:         31095      30626        468          0         12       5945
Mem:         31095      30644        451          0         12       5962
Mem:         31095      30644        450          0         12       5962
Mem:         31095      30645        450          0         12       5962
Mem:         31095      30632        463          0         12       5963
Mem:         31095      30630        464          0         12       5963
Mem:         31095      30630        465          0         12       5963
Mem:         31095      30647        448          0         12       5964
Mem:         31095      30646        448          0         12       5964
Mem:         31095      30646        448          0         12       5964
Mem:         31095      30646        448          0         12       5964
Mem:         31095      30646        449          0         12       5964
Mem:         31095      30645        449          0         12       5964
Mem:         31095      30645        449          0         12       5964
Mem:         31095      30646        449          0         12       5964
Mem:         31095      30645        450          0         12       5964
Mem:         31095      30645        450          0         12       5964
Mem:         31095      30644        450          0         12       5964
Mem:         31095      30645        450          0         12       5964
Mem:         31095      30644        450          0         12       5964
Mem:         31095      30644        450          0         12       5964
Mem:         31095      30645        450          0         12       5964
Mem:         31095      30644        450          0         12       5964
Mem:         31095      30645        449          0         12       5964
Mem:         31095      30645        450          0         12       5964
Mem:         31095      30644        450          0         12       5964
Mem:         31095      30645        450          0         12       5964
Mem:         31095      30556        538          0         12       5864
Mem:         31095      30547        547          0         12       5864
Mem:         31095      30559        535          0         12       5876
Mem:         31095      30585        509          0         12       5902
Mem:         31095      30588        507          0         12       5904
Mem:         31095      30584        510          0         12       5904
Mem:         31095      30585        510          0         12       5905
Mem:         31095      30585        510          0         12       5905
Mem:         31095      30585        510          0         12       5905
Mem:         31095      30585        509          0         12       5905
Mem:         31095      30569        525          0         12       5905
Mem:         31095      30569        526          0         12       5905
Mem:         31095      30569        526          0         12       5905
Mem:         31095      30568        526          0         12       5905
Mem:         31095      30568        526          0         12       5905
Mem:         31095      30568        526          0         12       5905
Mem:         31095      30568        526          0         12       5905
Mem:         31095      30568        526          0         12       5905
Mem:         31095      30567        527          0         12       5905
Mem:         31095      30567        527          0         12       5905
Mem:         31095      30567        527          0         12       5905
Mem:         31095      30567        528          0         12       5905
Mem:         31095      30567        528          0         12       5905
Mem:         31095      30567        527          0         12       5905
Mem:         31095      30567        528          0         12       5905
Mem:         31095      30567        528          0         12       5905
Mem:         31095      30566        528          0         12       5905
Mem:         31095      30567        528          0         12       5905
Mem:         31095      30566        528          0         12       5905
Mem:         31095      30566        528          0         12       5905
Mem:         31095      30567        527          0         12       5905
Mem:         31095      30569        526          0         12       5906
Mem:         31095      30594        500          0         12       5907
Mem:         31095      30591        503          0         12       5907
Mem:         31095      30587        507          0         12       5907
Mem:         31095      30587        507          0         12       5907
Mem:         31095      30589        505          0         12       5907
Mem:         31095      30590        504          0         12       5908
Mem:         31095      30590        504          0         12       5908
Mem:         31095      30590        505          0         12       5908
Mem:         31095      30596        498          0         12       5908
Mem:         31095      30590        504          0         12       5908
Mem:         31095      30590        504          0         12       5908
Mem:         31095      30590        505          0         12       5908
Mem:         31095      30589        505          0         12       5908
Mem:         31095      30589        505          0         12       5908
Mem:         31095      30589        505          0         12       5908
Mem:         31095      30591        503          0         12       5908
Mem:         31095      30591        504          0         12       5908
Mem:         31095      30589        505          0         12       5908
Mem:         31095      30589        506          0         12       5908
Mem:         31095      30589        506          0         12       5908
Mem:         31095      30588        506          0         12       5908
Mem:         31095      30589        505          0         12       5908
Mem:         31095      30588        506          0         12       5908
Mem:         31095      30589        506          0         12       5908
Mem:         31095      30589        506          0         12       5908
Mem:         31095      30589        506          0         12       5908
Mem:         31095      30589        505          0         12       5908
Mem:         31095      30589        505          0         12       5908
Mem:         31095      30590        504          0         12       5908
Mem:         31095      30598        496          0         12       5909
Mem:         31095      30593        502          0         12       5909
Mem:         31095      30592        502          0         12       5909
Mem:         31095      30593        502          0         12       5910
Mem:         31095      30593        501          0         12       5910
Mem:         31095      30593        501          0         12       5910
Mem:         31095      30593        501          0         12       5910
Mem:         31095      30594        501          0         12       5910
Mem:         31095      30578        517          0         12       5911
Mem:         31095      30577        517          0         12       5911
Mem:         31095      30577        517          0         12       5911
Mem:         31095      30577        517          0         12       5911
Mem:         31095      30577        518          0         12       5911
Mem:         31095      30577        518          0         12       5911
Mem:         31095      30576        518          0         12       5911
Mem:         31095      30576        518          0         12       5911
Mem:         31095      30576        518          0         12       5911
Mem:         31095      30576        518          0         12       5911
Mem:         31095      30576        518          0         12       5911
Mem:         31095      30576        519          0         12       5911
Mem:         31095      30575        519          0         12       5911
Mem:         31095      30575        519          0         12       5911
Mem:         31095      30579        515          0         12       5911
Mem:         31095      30598        497          0         12       5912
Mem:         31095      30596        498          0         12       5912
Mem:         31095      30610        484          0         12       5929
Mem:         31095      30625        470          0         12       5943
Mem:         31095      30625        469          0         12       5943
Mem:         31095      30625        469          0         12       5944
Mem:         31095      30628        467          0         12       5944
Mem:         31095      30626        469          0         12       5944
Mem:         31095      30612        482          0         12       5944
Mem:         31095      30612        482          0         12       5944
Mem:         31095      30611        483          0         12       5944
Mem:         31095      30611        483          0         12       5944
Mem:         31095      30611        483          0         12       5944
Mem:         31095      30611        484          0         12       5944
Mem:         31095      30610        484          0         12       5944
Mem:         31095      30610        484          0         12       5944
Mem:         31095      30610        484          0         12       5944
Mem:         31095      30610        484          0         12       5944
Mem:         31095      30610        485          0         12       5944
Mem:         31095      30610        485          0         12       5944
Mem:         31095      30609        485          0         12       5944
Mem:         31095      30609        485          0         12       5944
Mem:         31095      30609        485          0         12       5944
Mem:         31095      30609        485          0         12       5944
Mem:         31095      30614        481          0         12       5945
Mem:         31095      30629        465          0         12       5945
Mem:         31095      30629        466          0         12       5945
Mem:         31095      30628        466          0         12       5945
Mem:         31095      30629        466          0         12       5946
Mem:         31095      30629        465          0         12       5946
Mem:         31095      30629        465          0         12       5946
Mem:         31095      30630        465          0         12       5946
Mem:         31095      30629        465          0         12       5947
Mem:         31095      30630        465          0         12       5947
Mem:         31095      30630        465          0         12       5947
Mem:         31095      30629        466          0         12       5947
Mem:         31095      30629        466          0         12       5947
Mem:         31095      30629        466          0         12       5947
Mem:         31095      30629        466          0         12       5947
Mem:         31095      30629        466          0         12       5947
Mem:         31095      30629        465          0         12       5947
Mem:         31095      30629        466          0         12       5947
Mem:         31095      30628        466          0         12       5947
Mem:         31095      30628        466          0         12       5947
Mem:         31095      30628        466          0         12       5947
Mem:         31095      30628        466          0         12       5947
Mem:         31095      30628        466          0         12       5947
Mem:         31095      30628        466          0         12       5947
Mem:         31095      30628        467          0         12       5947
Mem:         31095      30627        467          0         12       5947
Mem:         31095      30627        467          0         12       5947
Mem:         31095      30627        467          0         12       5947
Mem:         31095      30628        467          0         12       5947
Mem:         31095      30627        467          0         12       5947
Mem:         31095      30627        467          0         12       5947
Mem:         31095      30628        467          0         12       5947
Mem:         31095      30627        467          0         12       5947
Mem:         31095      30633        462          0         12       5948
Mem:         31095      30630        464          0         12       5948
Mem:         31095      30630        464          0         12       5948
Mem:         31095      30631        464          0         12       5948
Mem:         31095      30631        463          0         12       5948
Mem:         31095      30632        463          0         12       5949
Mem:         31095      30630        464          0         12       5948
Mem:         31095      30631        463          0         12       5948
Mem:         31095      30631        463          0         12       5948
Mem:         31095      30632        463          0         12       5948
Mem:         31095      30631        463          0         12       5948
Mem:         31095      30629        465          0         12       5948
Mem:         31095      30628        466          0         12       5948
Mem:         31095      30628        466          0         12       5948
Mem:         31095      30628        466          0         12       5948
Mem:         31095      30628        466          0         12       5948
Mem:         31095      30628        467          0         12       5948
Mem:         31095      30627        467          0         12       5948
Mem:         31095      30627        467          0         12       5948
Mem:         31095      30627        467          0         12       5948
Mem:         31095      30627        468          0         12       5948
Mem:         31095      30627        468          0         12       5948
Mem:         31095      30626        468          0         12       5948
Mem:         31095      30627        468          0         12       5948
Mem:         31095      30627        468          0         12       5948
Mem:         31095      30626        468          0         12       5948
Mem:         31095      30636        458          0         12       5949
Mem:         31095      30630        464          0         12       5949
Mem:         31095      30629        465          0         12       5949
Mem:         31095      30630        464          0         12       5949
Mem:         31095      30630        465          0         12       5949
Mem:         31095      30633        461          0         12       5950
Mem:         31095      30631        463          0         12       5950
Mem:         31095      30631        463          0         12       5950
Mem:         31095      30631        463          0         12       5950
Mem:         31095      30631        463          0         12       5950
Mem:         31095      30632        462          0         12       5950
Mem:         31095      30632        462          0         12       5951
Mem:         31095      30633        462          0         12       5951
Mem:         31095      30632        462          0         12       5951
Mem:         31095      30632        462          0         12       5951
Mem:         31095      30632        462          0         12       5951
Mem:         31095      30632        462          0         12       5951
Mem:         31095      30632        463          0         12       5951
Mem:         31095      30632        463          0         12       5951
Mem:         31095      30632        462          0         12       5951
Mem:         31095      30632        462          0         12       5951
Mem:         31095      30631        463          0         12       5951
Mem:         31095      30631        463          0         12       5951
Mem:         31095      30631        463          0         12       5951
Mem:         31095      30631        463          0         12       5951
Mem:         31095      30631        463          0         12       5951
Mem:         31095      30631        463          0         12       5951
Mem:         31095      30631        463          0         12       5951
Mem:         31095      30631        463          0         12       5951
Mem:         31095      30636        459          0         12       5951
Mem:         31095      30633        462          0         12       5951
Mem:         31095      30633        462          0         12       5951
Mem:         31095      30634        461          0         12       5951
Mem:         31095      30635        460          0         12       5952
Mem:         31095      30665        429          0         12       5984
Mem:         31095      30699        396          0         12       6017
Mem:         31095      30713        381          0         12       6032
Mem:         31095      30714        380          0         12       6032
Mem:         31095      30714        380          0         12       6032
Mem:         31095      30714        380          0         12       6032
Mem:         31095      30714        380          0         12       6032
Mem:         31095      30715        379          0         12       6032
Mem:         31095      30715        380          0         12       6033
Mem:         31095      30714        381          0         12       6032
Mem:         31095      30713        381          0         12       6032
Mem:         31095      30714        381          0         12       6032
Mem:         31095      30713        381          0         12       6032
Mem:         31095      30714        381          0         12       6032
Mem:         31095      30713        381          0         12       6032
Mem:         31095      30713        381          0         12       6032
Mem:         31095      30713        381          0         12       6032
Mem:         31095      30713        382          0         12       6032
Mem:         31095      30712        382          0         12       6032
Mem:         31095      30713        382          0         12       6032
Mem:         31095      30713        381          0         12       6032
Mem:         31095      30718        376          0         12       6033
Mem:         31095      30716        379          0         12       6033
Mem:         31095      30716        379          0         12       6033
Mem:         31095      30716        378          0         12       6033
Mem:         31095      30716        378          0         12       6034
Mem:         31095      30713        381          0         12       6034
Mem:         31095      30714        381          0         12       6034
Mem:         31095      30714        380          0         12       6034
Mem:         31095      30714        380          0         12       6035
Mem:         31095      30713        382          0         12       6035
Mem:         31095      30713        381          0         12       6035
Mem:         31095      30713        381          0         12       6035
Mem:         31095      30713        381          0         12       6035
Mem:         31095      30713        381          0         12       6035
Mem:         31095      30713        381          0         12       6035
Mem:         31095      30713        381          0         12       6035
Mem:         31095      30713        381          0         12       6035
Mem:         31095      30712        382          0         12       6035
Mem:         31095      30712        382          0         12       6035
Mem:         31095      30712        383          0         12       6035
Mem:         31095      30712        383          0         12       6035
Mem:         31095      30712        383          0         12       6035
Mem:         31095      30712        383          0         12       6035
Mem:         31095      30711        383          0         12       6035
Mem:         31095      30711        383          0         12       6035
Mem:         31095      30700        394          0         12       6036
Mem:         31095      30699        395          0         12       6036
Mem:         31095      30699        395          0         12       6036
Mem:         31095      30699        395          0         12       6036
Mem:         31095      30700        394          0         12       6036
Mem:         31095      30700        395          0         12       6036
Mem:         31095      30699        395          0         12       6036
Mem:         31095      30700        394          0         12       6037
Mem:         31095      30717        378          0         12       6037
Mem:         31095      30717        378          0         12       6037
Mem:         31095      30717        378          0         12       6037
Mem:         31095      30718        377          0         12       6037
Mem:         31095      30717        378          0         12       6037
Mem:         31095      30716        378          0         12       6037
Mem:         31095      30716        378          0         12       6037
Mem:         31095      30716        379          0         12       6037
Mem:         31095      30715        380          0         12       6037
Mem:         31095      30715        379          0         12       6037
Mem:         31095      30715        380          0         12       6037
Mem:         31095      30714        380          0         12       6037
Mem:         31095      30714        380          0         12       6037
Mem:         31095      30714        380          0         12       6037
Mem:         31095      30714        380          0         12       6037
Mem:         31095      30714        380          0         12       6037
Mem:         31095      30714        380          0         12       6037
Mem:         31095      30714        380          0         12       6037
Mem:         31095      30714        380          0         12       6037
Mem:         31095      30714        380          0         12       6037
Mem:         31095      30714        380          0         12       6037
Mem:         31095      30729        366          0         12       6037
Mem:         31095      30708        387          0         12       6038
Mem:         31095      30704        391          0         12       6040
Mem:         31095      30705        389          0         12       6042
Mem:         31095      30707        387          0         12       6044
Mem:         31095      30709        385          0         12       6046
Mem:         31095      30712        383          0         12       6048
Mem:         31095      30715        379          0         12       6051
Mem:         31095      30717        378          0         12       6053
Mem:         31095      30736        359          0         12       6055
Mem:         31095      30738        357          0         12       6057
Mem:         31095      30739        355          0         12       6059
Mem:         31095      30741        353          0         12       6061
Mem:         31095      30743        351          0         12       6063
Mem:         31095      30745        350          0         12       6065
Mem:         31095      30747        347          0         12       6067
Mem:         31095      30749        346          0         12       6069
Mem:         31095      30751        344          0         12       6071
Mem:         31095      30752        342          0         12       6073
Mem:         31095      30754        341          0         12       6075
Mem:         31095      30756        339          0         12       6077
Mem:         31095      30758        337          0         12       6079
Mem:         31095      30759        335          0         12       6081
Mem:         31095      30759        335          0         12       6083
Mem:         31095      30761        333          0         12       6085
Mem:         31095      30754        340          0         12       6088
Mem:         31095      30752        342          0         12       6090
Mem:         31095      30752        343          0         12       6092
Mem:         31095      30754        341          0         12       6094
Mem:         31095      30757        337          0         12       6096
Mem:         31095      30758        336          0         12       6099
Mem:         31095      30760        334          0         12       6101
Mem:         31095      30782        313          0         12       6104
Mem:         31095      30782        312          0         12       6105
Mem:         31095      30784        310          0         12       6107
Mem:         31095      30787        308          0         12       6110
Mem:         31095      30788        307          0         12       6112
Mem:         31095      30789        305          0         12       6114
Mem:         31095      30791        304          0         12       6116
Mem:         31095      30792        302          0         12       6118
Mem:         31095      30794        300          0         12       6120
Mem:         31095      30796        298          0         12       6122
Mem:         31095      30798        296          0         12       6124
Mem:         31095      30800        294          0         12       6126
Mem:         31095      30802        292          0         12       6128
Mem:         31095      30804        291          0         12       6130
Mem:         31095      30806        288          0         12       6132
Mem:         31095      30808        286          0         12       6134
Mem:         31095      30809        285          0         12       6136
Mem:         31095      30812        283          0         12       6138
Mem:         31095      30813        282          0         12       6139
Mem:         31095      30831        264          0         12       6142
Mem:         31095      30819        275          0         12       6144
Mem:         31095      30820        274          0         12       6146
Mem:         31095      30823        272          0         12       6148
Mem:         31095      30825        269          0         12       6150
Mem:         31095      30828        266          0         12       6153
Mem:         31095      30830        265          0         12       6155
Mem:         31095      30833        262          0         12       6157
Mem:         31095      30835        259          0         12       6159
Mem:         31095      30837        257          0         12       6162
Mem:         31095      30839        255          0         12       6164
Mem:         31095      30840        254          0         12       6166
Mem:         31095      30842        252          0         12       6168
Mem:         31095      30845        249          0         12       6170
Mem:         31095      30846        248          0         12       6170
Mem:         31095      30845        249          0         12       6170
Mem:         31095      30845        249          0         12       6170
Mem:         31095      30845        250          0         12       6170
Mem:         31095      30845        250          0         12       6170
Mem:         31095      30844        251          0         12       6170
Mem:         31095      30844        250          0         12       6170
Mem:         31095      30844        251          0         12       6170
Mem:         31095      30843        251          0         13       6170
Mem:         31095      30843        251          0         13       6170
Mem:         31095      30843        251          0         13       6170
Mem:         31095      30843        252          0         13       6170
Mem:         31095      30843        251          0         13       6170
Mem:         31095      30843        251          0         13       6170
Mem:         31095      30852        243          0         13       6171
Mem:         31095      30853        242          0         13       6171
Mem:         31095      30936        159          0         13       6090
Mem:         31095      30936        159          0         13       6090
Mem:         31095      30891        204          0         13       6046
Mem:         31095      30891        203          0         13       6045
Mem:         31095      30899        195          0         13       6053
Mem:         31095      30899        195          0         13       6053
Mem:         31095      30900        194          0         13       6054
Mem:         31095      30885        210          0         13       6054
Mem:         31095      30884        210          0         13       6054
Mem:         31095      30884        210          0         13       6054
Mem:         31095      30884        210          0         13       6054
Mem:         31095      30882        212          0         13       6054
Mem:         31095      30882        213          0         13       6054
Mem:         31095      30882        212          0         13       6054
Mem:         31095      30882        213          0         13       6054
Mem:         31095      30882        213          0         13       6054
Mem:         31095      30881        213          0         13       6054
Mem:         31095      30881        213          0         13       6054
Mem:         31095      30881        213          0         13       6054
Mem:         31095      30881        213          0         13       6054
Mem:         31095      30881        213          0         13       6054
Mem:         31095      30881        213          0         13       6054
Mem:         31095      30881        214          0         13       6054
Mem:         31095      30881        214          0         13       6054
Mem:         31095      30881        214          0         13       6054
Mem:         31095      30881        214          0         13       6054
Mem:         31095      30893        201          0         13       6045
Mem:         31095      30892        202          0         13       6049
Mem:         31095      30912        182          0         13       6069
Mem:         31095      30918        176          0         13       6075
Mem:         31095      30920        174          0         13       6077
Mem:         31095      30930        165          0         13       6086
Mem:         31095      30939        155          0         13       6095
Mem:         31095      30940        155          0         13       6096
Mem:         31095      30934        160          0         13       6090
Mem:         31095      30934        161          0         13       6090
Mem:         31095      30934        160          0         13       6090
Mem:         31095      30934        160          0         13       6090
Mem:         31095      30935        160          0         13       6090
Mem:         31095      30934        160          0         13       6090
Mem:         31095      30934        161          0         13       6090
Mem:         31095      30934        161          0         13       6090
Mem:         31095      30933        161          0         13       6090
Mem:         31095      30934        161          0         13       6090
Mem:         31095      30933        161          0         13       6090
Mem:         31095      30933        162          0         13       6090
Mem:         31095      30933        161          0         13       6090
Mem:         31095      30933        161          0         13       6090
Mem:         31095      30938        157          0         13       6084
Mem:         31095      30757        337          0         13       6084
Mem:         31095      30753        341          0         13       6087
Mem:         31095      30754        340          0         13       6087
Mem:         31095      30754        341          0         13       6087
Mem:         31095      30754        340          0         13       6088
Mem:         31095      30757        338          0         13       6089
Mem:         31095      30757        337          0         13       6090
Mem:         31095      30758        337          0         13       6090
Mem:         31095      30773        321          0         13       6090
Mem:         31095      30773        321          0         13       6090
Mem:         31095      30773        321          0         13       6090
Mem:         31095      30773        321          0         13       6090
Mem:         31095      30773        321          0         13       6090
Mem:         31095      30773        322          0         13       6090
Mem:         31095      30773        322          0         13       6090
Mem:         31095      30772        322          0         13       6090
Mem:         31095      30772        323          0         13       6090
Mem:         31095      30772        322          0         13       6090
Mem:         31095      30772        322          0         13       6090
Mem:         31095      30772        322          0         13       6090
Mem:         31095      30772        322          0         13       6090
Mem:         31095      30771        323          0         13       6090
Mem:         31095      30820        275          0         13       6091
Mem:         31095      30820        274          0         13       6094
Mem:         31095      30823        272          0         13       6096
Mem:         31095      30824        271          0         13       6096
Mem:         31095      30822        273          0         13       6096
Mem:         31095      30822        272          0         13       6097
Mem:         31095      30821        273          0         13       6097
Mem:         31095      30821        273          0         13       6097
Mem:         31095      30824        271          0         13       6099
Mem:         31095      30826        269          0         13       6101
Mem:         31095      30827        267          0         13       6103
Mem:         31095      30828        266          0         13       6104
Mem:         31095      30828        266          0         13       6104
Mem:         31095      30828        267          0         13       6104
Mem:         31095      30827        267          0         13       6104
Mem:         31095      30827        267          0         13       6104
Mem:         31095      30827        267          0         13       6104
Mem:         31095      30827        267          0         13       6104
Mem:         31095      30827        268          0         13       6104
Mem:         31095      30826        268          0         13       6104
Mem:         31095      30826        268          0         13       6104
Mem:         31095      30826        268          0         13       6104
Mem:         31095      30835        259          0         13       6105
Mem:         31095      30827        267          0         13       6105
Mem:         31095      30827        267          0         13       6105
Mem:         31095      30827        267          0         13       6105
Mem:         31095      30830        265          0         13       6107
Mem:         31095      30830        264          0         13       6108
Mem:         31095      30834        261          0         13       6111
Mem:         31095      30839        256          0         13       6115
Mem:         31095      30841        253          0         13       6116
Mem:         31095      30841        253          0         13       6116
Mem:         31095      30841        254          0         13       6116
Mem:         31095      30840        254          0         13       6116
Mem:         31095      30840        255          0         13       6116
Mem:         31095      30840        255          0         13       6116
Mem:         31095      30840        255          0         13       6116
Mem:         31095      30840        255          0         13       6116
Mem:         31095      30840        255          0         13       6116
Mem:         31095      30840        254          0         13       6116
Mem:         31095      30840        255          0         13       6116
Mem:         31095      30839        255          0         13       6116
Mem:         31095      30839        255          0         13       6116
Mem:         31095      30841        253          0         13       6118
Mem:         31095      30842        252          0         13       6120
Mem:         31095      30844        250          0         13       6122
Mem:         31095      30846        249          0         13       6124
Mem:         31095      30848        246          0         13       6126
Mem:         31095      30851        244          0         13       6127
Mem:         31095      30854        240          0         13       6129
Mem:         31095      30855        239          0         13       6131
Mem:         31095      30858        237          0         13       6133
Mem:         31095      30916        178          0         13       6135
Mem:         31095      30831        263          0         13       6107
Mem:         31095      30838        256          0         13       6114
Mem:         31095      30841        254          0         13       6116
Mem:         31095      30844        251          0         13       6119
Mem:         31095      30846        248          0         13       6121
Mem:         31095      30848        246          0         13       6123
Mem:         31095      30850        244          0         13       6124
Mem:         31095      30849        245          0         13       6126
Mem:         31095      30851        243          0         13       6129
Mem:         31095      30853        241          0         13       6131
Mem:         31095      30855        240          0         13       6133
Mem:         31095      30856        238          0         13       6135
Mem:         31095      30857        238          0         13       6137
Mem:         31095      30859        236          0         13       6139
Mem:         31095      30861        234          0         13       6141
Mem:         31095      30862        232          0         13       6143
Mem:         31095      30864        230          0         13       6145
Mem:         31095      30866        228          0         13       6147
Mem:         31095      30868        226          0         13       6149
Mem:         31095      30846        248          0         13       6153
Mem:         31095      30848        246          0         13       6163
Mem:         31095      30853        242          0         13       6168
Mem:         31095      30858        236          0         13       6173
Mem:         31095      30860        234          0         13       6175
Mem:         31095      30862        232          0         13       6177
Mem:         31095      30864        231          0         13       6179
Mem:         31095      30868        227          0         13       6182
Mem:         31095      30887        207          0         13       6185
Mem:         31095      30889        206          0         13       6187
Mem:         31095      30891        203          0         13       6189
Mem:         31095      30893        201          0         13       6191
Mem:         31095      30895        199          0         13       6193
Mem:         31095      30896        198          0         13       6195
Mem:         31095      30898        196          0         13       6197
Mem:         31095      30900        195          0         13       6199
Mem:         31095      30902        193          0         13       6201
Mem:         31095      30903        191          0         13       6202
Mem:         31095      30905        189          0         13       6204
Mem:         31095      30906        188          0         13       6206
Mem:         31095      30908        186          0         13       6208
Mem:         31095      30910        184          0         13       6210
Mem:         31095      30911        183          0         13       6211
Mem:         31095      30918        177          0         13       6212
Mem:         31095      30914        180          0         13       6212
Mem:         31095      30913        181          0         13       6212
Mem:         31095      30914        180          0         13       6212
Mem:         31095      30914        181          0         13       6212
Mem:         31095      30915        180          0         13       6213
Mem:         31095      30915        179          0         13       6213
Mem:         31095      30915        179          0         13       6213
Mem:         31095      30900        194          0         13       6213
Mem:         31095      30899        195          0         13       6213
Mem:         31095      30900        195          0         13       6213
Mem:         31095      30900        194          0         13       6214
Mem:         31095      30900        195          0         13       6214
Mem:         31095      30899        195          0         13       6214
Mem:         31095      30899        195          0         13       6214
Mem:         31095      30899        195          0         13       6214
Mem:         31095      30899        195          0         13       6214
Mem:         31095      30899        195          0         13       6214
Mem:         31095      30899        195          0         13       6214
Mem:         31095      30898        196          0         13       6214
Mem:         31095      30898        196          0         13       6214
Mem:         31095      30898        196          0         13       6214
Mem:         31095      30898        196          0         13       6214
Mem:         31095      30899        196          0         13       6214
Mem:         31095      30899        196          0         13       6214
Mem:         31095      30901        193          0         13       6218
Mem:         31095      30901        193          0         13       6219
Mem:         31095      30901        193          0         13       6219
Mem:         31095      30901        194          0         13       6219
Mem:         31095      30901        193          0         13       6219
Mem:         31095      30901        193          0         13       6219
Mem:         31095      30901        193          0         13       6219
Mem:         31095      30901        194          0         13       6219
Mem:         31095      30901        193          0         13       6219
Mem:         31095      30900        194          0         13       6219
Mem:         31095      30900        194          0         13       6219
Mem:         31095      30900        194          0         13       6219
Mem:         31095      30900        194          0         13       6219
Mem:         31095      30900        194          0         13       6219
Mem:         31095      30901        193          0         13       6219
Mem:         31095      30901        194          0         13       6219
Mem:         31095      30901        193          0         13       6219
Mem:         31095      30901        194          0         13       6219
Mem:         31095      30900        194          0         13       6219
Mem:         31095      30900        194          0         13       6219
Mem:         31095      30900        194          0         13       6219
Mem:         31095      26733       4362          0         13       6183
Mem:         31095       7469      23626          0         13       6183
