Mem:         32102      15349      16753          0          4         49
Mem:         32102      15404      16698          0          5         57
Mem:         32102      15496      16606          0          5         67
Mem:         32102      15737      16365          0          5         77
Mem:         32102      15983      16119          0          5         93
Mem:         32102      19264      12838          0          5        192
Mem:         32102      21135      10967          0          5        295
Mem:         32102      21522      10580          0          5        404
Mem:         32102      21703      10399          0          5        509
Mem:         32102      21992      10110          0          5        618
Mem:         32102      22109       9993          0          5        732
Mem:         32102      22341       9761          0          5        841
Mem:         32102      22760       9342          0          5        954
Mem:         32102      22879       9223          0          5       1073
Mem:         32102      23985       8116          0          5       1181
Mem:         32102      24105       7997          0          6       1299
Mem:         32102      24467       7634          0          6       1411
Mem:         32102      24592       7510          0          7       1529
Mem:         32102      25002       7099          0          7       1625
Mem:         32102      25124       6978          0          7       1637
Mem:         32102      25181       6921          0          7       1638
Mem:         32102      25195       6907          0          7       1640
Mem:         32102      25225       6877          0          7       1666
Mem:         32102      25297       6804          0          7       1735
Mem:         32102      25410       6691          0          7       1836
Mem:         32102      25517       6585          0          7       1944
Mem:         32102      25644       6457          0          7       2050
Mem:         32102      25767       6335          0          7       2156
Mem:         32102      25910       6192          0          7       2261
Mem:         32102      26083       6019          0          7       2361
Mem:         32102      26186       5915          0          7       2466
Mem:         32102      26403       5699          0          7       2538
Mem:         32102      26461       5640          0          7       2545
Mem:         32102      26474       5627          0          7       2545
Mem:         32102      26475       5626          0          7       2547
Mem:         32102      26476       5626          0          7       2547
Mem:         32102      26476       5626          0          7       2547
Mem:         32102      26476       5626          0          7       2547
Mem:         32102      26475       5626          0          7       2547
Mem:         32102      26475       5626          0          7       2547
Mem:         32102      26475       5626          0          7       2547
Mem:         32102      26689       5413          0          7       2551
Mem:         32102      26939       5163          0          7       2551
Mem:         32102      27194       4908          0          7       2554
Mem:         32102      27377       4725          0          7       2617
Mem:         32102      27567       4534          0          7       2695
Mem:         32102      27655       4447          0          7       2783
Mem:         32102      27853       4249          0          7       2876
Mem:         32102      27997       4105          0          7       2974
Mem:         32102      28200       3902          0          7       3074
Mem:         32102      28397       3705          0          7       3178
Mem:         32102      28508       3594          0          7       3288
Mem:         32102      28621       3481          0          7       3400
Mem:         32102      28730       3371          0          7       3507
Mem:         32102      28835       3267          0          7       3611
Mem:         32102      28937       3165          0          7       3713
Mem:         32102      29025       3076          0          7       3800
Mem:         32102      29059       3043          0          7       3834
Mem:         32102      29057       3045          0          7       3834
Mem:         32102      29057       3045          0          7       3834
Mem:         32102      29062       3040          0          7       3834
Mem:         32102      29062       3040          0          7       3834
Mem:         32102      29062       3040          0          7       3834
Mem:         32102      29062       3039          0          7       3834
Mem:         32102      29063       3039          0          7       3834
Mem:         32102      29063       3039          0          7       3834
Mem:         32102      29063       3039          0          7       3834
Mem:         32102      29063       3039          0          7       3835
Mem:         32102      29084       3018          0          7       3835
Mem:         32102      29135       2967          0          7       3835
Mem:         32102      29201       2900          0          7       3835
Mem:         32102      29271       2830          0          7       3835
Mem:         32102      29436       2666          0          7       3835
Mem:         32102      29534       2568          0          7       3840
Mem:         32102      29615       2487          0          7       3850
Mem:         32102      29684       2418          0          7       3860
Mem:         32102      29759       2342          0          7       3870
Mem:         32102      29807       2294          0          7       3882
Mem:         32102      29850       2251          0          7       3894
Mem:         32102      29984       2117          0          7       3909
Mem:         32102      30043       2058          0          7       3924
Mem:         32102      30191       1911          0          7       3937
Mem:         32102      30257       1845          0          7       3957
Mem:         32102      30394       1707          0          7       3977
Mem:         32102      30485       1617          0          7       3995
Mem:         32102      30588       1513          0          7       4011
Mem:         32102      30631       1471          0          7       4025
Mem:         32102      30701       1400          0          7       4037
Mem:         32102      30752       1350          0          7       4050
Mem:         32102      30840       1262          0          7       4067
Mem:         32102      30923       1179          0          7       4086
Mem:         32102      30929       1173          0          7       4092
Mem:         32102      30929       1173          0          7       4092
Mem:         32102      30929       1173          0          7       4092
Mem:         32102      30927       1174          0          7       4092
Mem:         32102      30928       1174          0          7       4092
Mem:         32102      30927       1175          0          7       4092
Mem:         32102      30927       1175          0          7       4092
Mem:         32102      30972       1130          0          7       4092
Mem:         32102      31047       1054          0          7       4092
Mem:         32102      31172        929          0          7       4092
Mem:         32102      31297        805          0          7       4092
Mem:         32102      31457        645          0          7       4092
Mem:         32102      31460        642          0          7       4092
Mem:         32102      31484        617          0          7       4092
Mem:         32102      31542        560          0          7       4092
Mem:         32102      31681        421          0          7       4092
Mem:         32102      31706        395          0          7       4092
Mem:         32102      31756        346          0          7       4092
Mem:         32102      31756        346          0          7       4092
Mem:         32102      31756        346          0          7       4092
Mem:         32102      31755        346          0          7       4092
Mem:         32102      31756        346          0          7       4092
Mem:         32102      31753        349          0          7       4092
Mem:         32102      31753        349          0          7       4092
Mem:         32102      31753        349          0          7       4092
Mem:         32102      31753        349          0          7       4092
Mem:         32102      31761        341          0          7       4092
Mem:         32102      31870        232          0          5       4072
Mem:         32102      31512        589          0          4       3653
Mem:         32102      31551        551          0          4       3653
Mem:         32102      30778       1323          0          2       2774
Mem:         32102      30622       1479          0          2       2426
Mem:         32102      30445       1657          0          2       2175
Mem:         32102      30506       1595          0          2       2065
Mem:         32102      30624       1478          0          2       2172
Mem:         32102      30698       1404          0          2       2135
Mem:         32102      30760       1341          0          2       2142
Mem:         32102      30867       1235          0          2       2163
Mem:         32102      30962       1140          0          2       2241
Mem:         32102      30976       1126          0          2       2141
Mem:         32102      30993       1108          0          2       1971
Mem:         32102      31079       1023          0          2       2054
Mem:         32102      31078       1023          0          2       1958
Mem:         32102      31163        939          0          2       2042
Mem:         32102      31220        881          0          2       1981
Mem:         32102      31303        799          0          3       2060
Mem:         32102      31119        983          0          4       1758
Mem:         32102      31155        947          0          4       1794
Mem:         32102      31156        945          0          4       1794
Mem:         32102      31157        944          0          4       1794
Mem:         32102      31158        944          0          4       1794
Mem:         32102      31159        943          0          4       1794
Mem:         32102      31158        943          0          4       1794
Mem:         32102      31159        943          0          4       1794
Mem:         32102      31159        943          0          4       1794
Mem:         32102      30944       1158          0          4       1539
Mem:         32102      30917       1184          0          4       1434
Mem:         32102      30890       1212          0          4       1347
Mem:         32102      30826       1276          0          4       1300
Mem:         32102      30922       1180          0          4       1289
Mem:         32102      30910       1192          0          4       1159
Mem:         32102      30880       1221          0          4       1229
Mem:         32102      30999       1103          0          4       1243
Mem:         32102      31100       1001          0          4       1343
Mem:         32102      31030       1072          0          3       1138
Mem:         32102      31137        964          0          3       1243
Mem:         32102      31099       1002          0          3       1138
Mem:         32102      31203        898          0          3       1236
Mem:         32102      31208        893          0          3       1197
Mem:         32102      31306        796          0          3       1256
Mem:         32102      31325        777          0          3       1204
Mem:         32102      31420        682          0          3       1278
Mem:         32102      31330        772          0          3       1179
Mem:         32102      31435        667          0          3       1284
Mem:         32102      31535        567          0          3       1385
Mem:         32102      31616        486          0          3       1465
Mem:         32102      31714        387          0          3       1542
Mem:         32102      31803        298          0          3       1629
Mem:         32102      31870        232          0          3       1695
Mem:         32102      31877        224          0          3       1702
Mem:         32102      31877        225          0          3       1701
Mem:         32102      31877        225          0          3       1701
Mem:         32102      31876        225          0          3       1701
Mem:         32102      31876        226          0          3       1701
Mem:         32102      31876        226          0          3       1701
Mem:         32102      31876        226          0          3       1701
Mem:         32102      31877        224          0          3       1703
Mem:         32102      31673        428          0          3       1420
Mem:         32102      31582        520          0          3       1298
Mem:         32102      31458        644          0          3       1113
Mem:         32102      31511        591          0          3       1102
Mem:         32102      31517        584          0          3       1004
Mem:         32102      31405        697          0          3        731
Mem:         32102      31391        711          0          3        731
Mem:         32102      31495        607          0          3        746
Mem:         32102      31616        486          0          3        737
Mem:         32102      31622        480          0          3        683
Mem:         32102      31673        428          0          3        733
Mem:         32102      31733        369          0          3        726
Mem:         32102      31825        277          0          3        820
Mem:         32102      31835        267          0          3        750
Mem:         32102      31783        319          0          3        695
Mem:         32102      31887        214          0          3        751
Mem:         32102      31876        226          0          3        718
Mem:         32102      31875        226          0          3        716
Mem:         32102      31886        216          0          3        633
Mem:         32102      31875        227          0          3        621
Mem:         32102      31831        271          0          3        500
Mem:         32102      31878        224          0          3        544
Mem:         32102      31876        226          0          3        541
Mem:         32102      31875        226          0          3        541
Mem:         32102      31876        226          0          3        541
Mem:         32102      31876        225          0          3        541
Mem:         32102      31876        226          0          3        541
Mem:         32102      31876        225          0          3        541
Mem:         32102      31876        225          0          3        541
Mem:         32102      31876        226          0          3        542
Mem:         32102      31876        225          0          3        542
Mem:         32102      31876        225          0          3        542
Mem:         32102      31877        225          0          3        542
Mem:         32102      31876        226          0          3        542
Mem:         32102      31877        225          0          3        542
Mem:         32102      31876        226          0          3        542
Mem:         32102      31877        225          0          3        542
Mem:         32102      31878        224          0          3        542
Mem:         32102      31748        354          0          3        350
Mem:         32102      31821        281          0          3        312
Mem:         32102      31883        219          0          3        367
Mem:         32102      31849        253          0          3        241
Mem:         32102      31851        251          0          3        283
Mem:         32102      31875        227          0          3        245
Mem:         32102      31842        259          0          3        212
Mem:         32102      31907        195          0          3        128
Mem:         32102      31881        220          0          2         83
Mem:         32102      31882        220          0          2         82
Mem:         32102      31895        207          0          2         63
Mem:         32102      31891        210          0          1         34
Mem:         32102      31906        195          0          0         57
Mem:         32102      31906        196          0          0         41
Mem:         32102      31899        203          0          0         40
Mem:         32102      31880        222          0          0         38
Mem:         32102      31888        214          0          0         46
Mem:         32102      31906        196          0          0         69
Mem:         32102      31906        196          0          0         73
Mem:         32102      31907        195          0          0         74
Mem:         32102      31907        195          0          0         76
Mem:         32102      31906        195          0          0         77
Mem:         32102      31906        196          0          0         75
Mem:         32102      31903        199          0          0         71
Mem:         32102      31900        202          0          0         65
Mem:         32102      31896        206          0          0         60
Mem:         32102      31894        208          0          0         56
Mem:         32102      31886        215          0          0         49
Mem:         32102      31880        221          0          0         43
Mem:         32102      31874        228          0          0         38
Mem:         32102      31872        230          0          0         37
Mem:         32102      31873        229          0          0         37
Mem:         32102      31872        229          0          0         37
Mem:         32102      31873        229          0          0         38
Mem:         32102      31872        229          0          0         38
Mem:         32102      31887        215          0          0         52
Mem:         32102      31905        197          0          0         69
Mem:         32102      31907        195          0          0         44
Mem:         32102      31881        221          0          0         55
Mem:         32102      31891        210          0          0         63
Mem:         32102      31836        266          0          0         32
Mem:         32102      31899        203          0          0         25
Mem:         32102      31906        195          0          0         41
Mem:         32102      31902        200          0          0         22
Mem:         32102      31888        213          0          0         25
Mem:         32102      31691        411          0          0        115
Mem:         32102      31715        387          0          0        187
Mem:         32102      31579        523          0          0        283
Mem:         32102      31668        433          0          0        341
Mem:         32102      31710        392          0          0        330
Mem:         32102      31738        364          0          0        314
Mem:         32102      31844        258          0          0        419
Mem:         32102      31850        252          0          0        393
Mem:         32102      31874        228          0          0        372
Mem:         32102      31871        231          0          1        328
Mem:         32102      31884        218          0          1        415
Mem:         32102      31844        258          0          1        357
Mem:         32102      31871        231          0          0        334
Mem:         32102      31860        242          0          0        304
Mem:         32102      31856        246          0          1        296
Mem:         32102      31873        229          0          1        285
Mem:         32102      31874        228          0          1        224
Mem:         32102      31866        236          0          0        214
Mem:         32102      31865        236          0          0        192
Mem:         32102      31888        213          0          0        153
Mem:         32102      31876        226          0          0        139
Mem:         32102      31875        226          0          0        138
Mem:         32102      31884        217          0          0         81
Mem:         32102      31891        211          0          0         69
Mem:         32102      31835        267          0          0         26
Mem:         32102      31866        236          0          0         29
Mem:         32102      31896        206          0          0         92
Mem:         32102      31893        209          0          0         27
Mem:         32102      31906        195          0          0         39
Mem:         32102      31904        197          0          0         36
Mem:         32102      31907        195          0          0         53
Mem:         32102      31904        198          0          0         49
Mem:         32102      31906        196          0          0         41
Mem:         32102      31904        198          0          0         33
Mem:         32102      31906        195          0          0         39
Mem:         32102      31906        196          0          0         49
Mem:         32102      31901        201          0          0         96
Mem:         32102      31879        222          0          0         75
Mem:         32102      31847        255          0          0         45
Mem:         32102      31892        209          0          0         56
Mem:         32102      31904        197          0          0         34
Mem:         32102      31906        196          0          1         34
Mem:         32102      31901        200          0          0         31
Mem:         32102      31905        197          0          0         35
Mem:         32102      31905        196          0          0         35
Mem:         32102      31906        196          0          0         36
Mem:         32102      31903        199          0          0         33
Mem:         32102      31901        201          0          0         29
Mem:         32102      31896        206          0          0         24
Mem:         32102      31891        210          0          0         22
Mem:         32102      31886        216          0          1         20
Mem:         32102      31875        227          0          1         20
Mem:         32102      31875        227          0          1         20
Mem:         32102      31875        227          0          1         20
Mem:         32102      31875        227          0          1         20
Mem:         32102      31889        213          0          1         30
Mem:         32102      31898        204          0          0         18
Mem:         32102      31808        293          0          0         38
Mem:         32102      31770        332          0          0        124
Mem:         32102      31783        319          0          0        114
Mem:         32102      31877        225          0          0        179
Mem:         32102      31877        225          0          0        178
Mem:         32102      31891        211          0          0         25
Mem:         32102      31906        196          0          0         45
Mem:         32102      31906        195          0          1         46
Mem:         32102      31906        195          0          0         49
Mem:         32102      31906        195          0          0         50
Mem:         32102      31905        196          0          0         39
Mem:         32102      31905        197          0          0         40
Mem:         32102      31906        196          0          0         45
Mem:         32102      31894        208          0          0         30
Mem:         32102      31906        196          0          0         46
Mem:         32102      31906        196          0          0         52
Mem:         32102      31896        206          0          0         29
Mem:         32102      31906        196          0          1         71
Mem:         32102      31903        198          0          1         66
Mem:         32102      31905        196          0          1         54
Mem:         32102      31905        196          0          1         54
Mem:         32102      31907        195          0          1         57
Mem:         32102      31903        199          0          1         51
Mem:         32102      31907        195          0          1         56
Mem:         32102      31905        196          0          1         54
Mem:         32102      31901        201          0          1         51
Mem:         32102      31903        199          0          1         54
Mem:         32102      31906        195          0          1         57
Mem:         32102      31904        198          0          1         52
Mem:         32102      31899        203          0          1         46
Mem:         32102      31894        208          0          1         40
Mem:         32102      31889        213          0          1         35
Mem:         32102      31884        218          0          1         30
Mem:         32102      31878        224          0          1         25
Mem:         32102      31872        229          0          1         20
Mem:         32102      31874        228          0          1         21
Mem:         32102      31874        228          0          1         22
Mem:         32102      31902        200          0          1         49
Mem:         32102      31899        203          0          1         26
Mem:         32102      31864        238          0          1         29
Mem:         32102      31907        195          0          1         33
Mem:         32102      31806        295          0          1         36
Mem:         32102      31875        227          0          1        102
Mem:         32102      31899        203          0          1         51
Mem:         32102      31901        201          0          1         52
Mem:         32102      31906        196          0          1         32
Mem:         32102      31907        195          0          1         52
Mem:         32102      31883        219          0          1         26
Mem:         32102      31905        196          0          1         49
Mem:         32102      31906        196          0          1         34
Mem:         32102      31907        195          0          1         60
Mem:         32102      31901        200          0          1         38
Mem:         32102      31904        197          0          1         36
Mem:         32102      31896        205          0          1         41
Mem:         32102      31800        302          0          1         49
Mem:         32102      31881        221          0          1         92
Mem:         32102      31906        196          0          1         41
Mem:         32102      31888        214          0          1         92
Mem:         32102      31907        195          0          1         34
Mem:         32102      31900        201          0          1         26
Mem:         32102      31900        202          0          1         30
Mem:         32102      31901        201          0          1         28
Mem:         32102      31902        200          0          1         30
Mem:         32102      31907        195          0          1         36
Mem:         32102      31902        200          0          1         30
Mem:         32102      31906        195          0          1         36
Mem:         32102      31902        200          0          1         31
Mem:         32102      31903        198          0          1         30
Mem:         32102      31900        201          0          1         25
Mem:         32102      31893        208          0          1         23
Mem:         32102      31874        227          0          1         18
Mem:         32102      31875        227          0          1         19
Mem:         32102      31907        195          0          1         45
Mem:         32102      31864        238          0          1         33
Mem:         32102      31905        197          0          1         97
Mem:         32102      31906        196          0          1         98
Mem:         32102      31907        195          0          1         36
Mem:         32102      31906        195          0          1         32
Mem:         32102      31906        196          0          1         35
Mem:         32102      31907        195          0          1         39
Mem:         32102      31906        196          0          1         35
Mem:         32102      31905        197          0          1         32
Mem:         32102      31906        196          0          1         38
Mem:         32102      31905        197          0          1         37
Mem:         32102      31905        197          0          1         36
Mem:         32102      31907        195          0          1         39
Mem:         32102      31905        197          0          1         36
Mem:         32102      31905        197          0          1         38
Mem:         32102      31902        200          0          1         33
Mem:         32102      31905        197          0          1         35
Mem:         32102      31902        200          0          1         31
Mem:         32102      31875        227          0          1         22
Mem:         32102      31882        219          0          1         29
Mem:         32102      31884        218          0          1         30
Mem:         32102      31884        218          0          1         30
Mem:         32102      31884        218          0          1         30
Mem:         32102      31884        218          0          1         30
Mem:         32102      31885        217          0          1         32
Mem:         32102      31884        217          0          1         32
Mem:         32102      31884        217          0          1         32
Mem:         32102      31884        217          0          1         32
Mem:         32102      31885        217          0          1         32
Mem:         32102      31889        213          0          1         35
Mem:         32102      31904        197          0          1         47
Mem:         32102      31887        215          0          1         32
Mem:         32102      31902        200          0          1         59
Mem:         32102      31890        212          0          1         64
Mem:         32102      31887        215          0          1         58
Mem:         32102      31906        196          0          1         43
Mem:         32102      31905        197          0          1         44
Mem:         32102      31906        195          0          1         45
Mem:         32102      31901        200          0          1         37
Mem:         32102      31903        199          0          1         38
Mem:         32102      31906        196          0          1         44
Mem:         32102      31907        195          0          1         45
Mem:         32102      31907        195          0          1         45
Mem:         32102      31906        195          0          1         45
Mem:         32102      31906        196          0          1         40
Mem:         32102      31907        195          0          1         43
Mem:         32102      31906        196          0          2         43
Mem:         32102      31906        195          0          2         45
Mem:         32102      31906        196          0          2         42
Mem:         32102      31906        196          0          2         44
Mem:         32102      31904        198          0          2         41
Mem:         32102      31900        202          0          2         36
Mem:         32102      31897        205          0          2         31
Mem:         32102      31891        211          0          2         25
Mem:         32102      31876        225          0          2         26
Mem:         32102      31883        218          0          2         32
Mem:         32102      31883        218          0          2         32
Mem:         32102      31884        218          0          2         32
Mem:         32102      31884        217          0          2         32
Mem:         32102      31898        204          0          2         38
Mem:         32102      31905        197          0          2         37
Mem:         32102      31895        207          0          2         87
Mem:         32102      31899        203          0          2         96
Mem:         32102      31886        215          0          2         96
Mem:         32102      31905        197          0          2         74
Mem:         32102      31901        201          0          2         72
Mem:         32102      31903        198          0          2         72
Mem:         32102      31907        195          0          2         76
Mem:         32102      31901        201          0          2         51
Mem:         32102      31907        195          0          2         58
Mem:         32102      31901        201          0          2         51
Mem:         32102      31899        202          0          2         49
Mem:         32102      31907        195          0          2         57
Mem:         32102      31906        195          0          2         56
Mem:         32102      31903        199          0          2         53
Mem:         32102      31906        196          0          2         57
Mem:         32102      31900        202          0          2         49
Mem:         32102      31898        203          0          2         48
Mem:         32102      31905        196          0          2         56
Mem:         32102      31905        197          0          2         52
Mem:         32102      31889        212          0          2         36
Mem:         32102      31885        216          0          2         31
Mem:         32102      31896        205          0          2         36
Mem:         32102      31885        217          0          2         28
Mem:         32102      31888        214          0          2         60
Mem:         32102      31904        198          0          2         52
Mem:         32102      31902        199          0          2         51
Mem:         32102      31889        213          0          2         33
Mem:         32102      31899        203          0          2         50
Mem:         32102      31888        214          0          2         38
Mem:         32102      31894        208          0          2         38
Mem:         32102      31907        195          0          2         56
Mem:         32102      31889        212          0          2         36
Mem:         32102      31899        202          0          2         54
Mem:         32102      31905        196          0          2         60
Mem:         32102      31904        197          0          2         59
Mem:         32102      31888        214          0          2         44
Mem:         32102      31906        196          0          2         63
Mem:         32102      31902        199          0          2         57
Mem:         32102      31895        206          0          2         52
Mem:         32102      31898        204          0          2         54
Mem:         32102      31898        203          0          2         55
Mem:         32102      31900        201          0          2         58
Mem:         32102      31899        203          0          2         53
Mem:         32102      31894        208          0          2         47
Mem:         32102      31889        213          0          2         42
Mem:         32102      31884        218          0          2         37
Mem:         32102      31887        215          0          2         36
Mem:         32102      31899        203          0          2         71
Mem:         32102      31896        206          0          2         46
Mem:         32102      31902        200          0          2         54
Mem:         32102      31907        195          0          2         29
Mem:         32102      31907        195          0          2         48
Mem:         32102      31906        196          0          2         49
Mem:         32102      31906        195          0          2         50
Mem:         32102      31907        195          0          2         49
Mem:         32102      31897        205          0          2         39
Mem:         32102      31907        195          0          2         51
Mem:         32102      31906        195          0          2         50
Mem:         32102      31900        202          0          2         39
Mem:         32102      31906        195          0          2         50
Mem:         32102      31899        203          0          2         42
Mem:         32102      31907        195          0          2         49
Mem:         32102      31901        201          0          2         43
Mem:         32102      31902        200          0          2         44
Mem:         32102      31904        198          0          2         42
Mem:         32102      31906        196          0          2         47
Mem:         32102      31903        199          0          2         42
Mem:         32102      31898        203          0          2         37
Mem:         32102      31875        227          0          2         21
Mem:         32102      31875        227          0          2         22
Mem:         32102      31875        227          0          2         22
Mem:         32102      31874        227          0          2         22
Mem:         32102      31875        227          0          2         22
Mem:         32102      31875        227          0          2         22
Mem:         32102      31875        227          0          2         22
Mem:         32102      31874        227          0          2         22
Mem:         32102      31875        227          0          2         22
Mem:         32102      31875        227          0          2         22
Mem:         32102      31896        206          0          2         42
Mem:         32102      31904        198          0          2         41
Mem:         32102      31867        234          0          2         57
Mem:         32102      31902        200          0          2         91
Mem:         32102      31907        195          0          2         40
Mem:         32102      31906        195          0          2         44
Mem:         32102      31906        195          0          2         31
Mem:         32102      31897        205          0          2         44
Mem:         32102      31907        195          0          2         57
Mem:         32102      31905        197          0          2         58
Mem:         32102      31903        198          0          2         56
Mem:         32102      31904        198          0          2         57
Mem:         32102      31907        195          0          2         61
Mem:         32102      31905        196          0          2         55
Mem:         32102      31901        201          0          2         54
Mem:         32102      31903        198          0          2         58
Mem:         32102      31902        199          0          2         56
Mem:         32102      31900        202          0          2         51
Mem:         32102      31894        207          0          2         45
Mem:         32102      31889        212          0          2         40
Mem:         32102      31885        216          0          2         37
Mem:         32102      31880        222          0          2         30
Mem:         32102      31876        226          0          2         25
Mem:         32102      31881        221          0          2         30
Mem:         32102      31881        221          0          2         30
Mem:         32102      31881        221          0          2         30
Mem:         32102      31888        213          0          2         36
Mem:         32102      31907        195          0          2         38
Mem:         32102      31879        222          0          2         69
Mem:         32102      31900        202          0          2         90
Mem:         32102      31898        204          0          2         30
Mem:         32102      31905        196          0          2         39
Mem:         32102      31902        199          0          2         36
Mem:         32102      31906        195          0          2         41
Mem:         32102      31903        199          0          2         37
Mem:         32102      31907        195          0          2         39
Mem:         32102      31906        196          0          2         37
Mem:         32102      31907        195          0          2         42
Mem:         32102      31906        195          0          2         37
Mem:         32102      31906        196          0          2         41
Mem:         32102      31907        195          0          2         41
Mem:         32102      31900        201          0          2         33
Mem:         32102      31902        200          0          2         34
Mem:         32102      31906        195          0          2         41
Mem:         32102      31901        200          0          2         35
Mem:         32102      31906        195          0          2         41
Mem:         32102      31894        208          0          2         24
Mem:         32102      31874        228          0          2         22
Mem:         32102      31874        228          0          2         22
Mem:         32102      31874        228          0          2         22
Mem:         32102      31876        226          0          2         24
Mem:         32102      31877        225          0          2         24
Mem:         32102      31876        226          0          2         24
Mem:         32102      31876        226          0          2         24
Mem:         32102      31876        225          0          2         25
Mem:         32102      31877        224          0          2         25
Mem:         32102      31901        200          0          2         47
Mem:         32102      31894        208          0          2         27
Mem:         32102      31907        195          0          2         86
Mem:         32102      31905        197          0          2         84
Mem:         32102      31902        200          0          2         37
Mem:         32102      31906        196          0          2         38
Mem:         32102      31906        195          0          1         45
Mem:         32102      31904        198          0          1         38
Mem:         32102      31904        198          0          1         40
Mem:         32102      31907        195          0          1         47
Mem:         32102      31906        195          0          1         47
Mem:         32102      31904        198          0          2         43
Mem:         32102      31902        199          0          2         41
Mem:         32102      31907        195          0          2         47
Mem:         32102      31906        195          0          2         44
Mem:         32102      31906        196          0          2         44
Mem:         32102      31905        197          0          2         42
Mem:         32102      31901        201          0          2         36
Mem:         32102      31897        205          0          2         32
Mem:         32102      31894        208          0          2         27
Mem:         32102      31890        212          0          2         24
Mem:         32102      31875        227          0          2         21
Mem:         32102      31874        227          0          2         21
Mem:         32102      31874        227          0          2         22
Mem:         32102      31874        227          0          2         22
Mem:         32102      31890        212          0          2         35
Mem:         32102      31907        195          0          2         22
Mem:         32102      31856        245          0          1         83
Mem:         32102      31872        230          0          1         98
Mem:         32102      31897        205          0          1        100
Mem:         32102      31897        205          0          1         99
Mem:         32102      31903        199          0          1         66
Mem:         32102      31906        196          0          1         69
Mem:         32102      31906        196          0          1         72
Mem:         32102      31906        196          0          1         73
Mem:         32102      31907        195          0          1         73
Mem:         32102      31904        198          0          1         69
Mem:         32102      31906        196          0          1         71
Mem:         32102      31904        198          0          1         69
Mem:         32102      31905        197          0          1         69
Mem:         32102      31906        196          0          1         70
Mem:         32102      31904        197          0          1         69
Mem:         32102      31903        198          0          1         68
Mem:         32102      31907        195          0          1         71
Mem:         32102      31905        196          0          1         71
Mem:         32102      31902        199          0          1         66
Mem:         32102      31902        200          0          1         65
Mem:         32102      31887        215          0          1         49
Mem:         32102      31882        220          0          1         44
Mem:         32102      31877        225          0          1         39
Mem:         32102      31874        227          0          1         36
Mem:         32102      31903        199          0          1         58
Mem:         32102      31900        202          0          1         30
Mem:         32102      31907        195          0          1         82
Mem:         32102      31906        196          0          1         77
Mem:         32102      31907        195          0          1         77
Mem:         32102      31905        197          0          1         37
Mem:         32102      31904        198          0          1         42
Mem:         32102      31905        196          0          1         39
Mem:         32102      31906        195          0          1         43
Mem:         32102      31904        198          0          1         42
Mem:         32102      31907        195          0          1         46
Mem:         32102      31907        195          0          1         45
Mem:         32102      31906        196          0          1         41
Mem:         32102      31905        197          0          1         42
Mem:         32102      31905        196          0          1         43
Mem:         32102      31906        195          0          1         45
Mem:         32102      31905        197          0          1         43
Mem:         32102      31903        199          0          1         41
Mem:         32102      31905        197          0          1         43
Mem:         32102      31903        199          0          1         41
Mem:         32102      31899        203          0          1         34
Mem:         32102      31896        206          0          1         30
Mem:         32102      31890        211          0          1         25
Mem:         32102      31880        222          0          1         26
Mem:         32102      31880        222          0          1         27
Mem:         32102      31884        218          0          1         30
Mem:         32102      31886        216          0          1         31
Mem:         32102      31887        215          0          1         32
Mem:         32102      31888        214          0          1         32
Mem:         32102      31902        200          0          1         38
Mem:         32102      31902        199          0          1         49
Mem:         32102      31900        202          0          1         72
Mem:         32102      31879        223          0          1         92
Mem:         32102      31879        223          0          1         90
Mem:         32102      31906        196          0          1         55
Mem:         32102      31902        200          0          1         55
Mem:         32102      31898        203          0          1         51
Mem:         32102      31907        195          0          1         58
Mem:         32102      31906        196          0          1         57
Mem:         32102      31907        195          0          1         60
Mem:         32102      31898        204          0          1         51
Mem:         32102      31905        197          0          1         56
Mem:         32102      31903        199          0          1         54
Mem:         32102      31902        200          0          1         55
Mem:         32102      31904        198          0          1         56
Mem:         32102      31905        196          0          1         58
Mem:         32102      31901        201          0          1         54
Mem:         32102      31898        204          0          1         50
Mem:         32102      31904        198          0          1         56
Mem:         32102      31902        199          0          1         53
Mem:         32102      31897        205          0          1         48
Mem:         32102      31892        210          0          1         42
Mem:         32102      31887        214          0          1         37
Mem:         32102      31891        211          0          1         39
Mem:         32102      31904        197          0          1         32
Mem:         32102      31883        219          0          1         72
Mem:         32102      31903        199          0          1         95
Mem:         32102      31901        200          0          1         71
Mem:         32102      31902        200          0          1         72
Mem:         32102      31899        203          0          1         29
Mem:         32102      31903        198          0          1         38
Mem:         32102      31907        195          0          1         38
Mem:         32102      31905        197          0          1         37
Mem:         32102      31899        202          0          1         32
Mem:         32102      31906        196          0          1         40
Mem:         32102      31902        200          0          1         36
Mem:         32102      31904        198          0          1         40
Mem:         32102      31906        196          0          1         41
Mem:         32102      31907        195          0          1         43
Mem:         32102      31904        197          0          1         39
Mem:         32102      31905        197          0          1         38
Mem:         32102      31901        201          0          1         33
Mem:         32102      31895        207          0          1         27
Mem:         32102      31889        213          0          1         22
Mem:         32102      31874        228          0          1         22
Mem:         32102      31874        228          0          1         21
Mem:         32102      31874        228          0          1         22
Mem:         32102      31874        228          0          1         22
Mem:         32102      31875        227          0          1         22
Mem:         32102      31875        227          0          1         23
Mem:         32102      31905        197          0          1         48
Mem:         32102      31891        211          0          1         37
Mem:         32102      31898        204          0          1         96
Mem:         32102      31901        200          0          1         96
Mem:         32102      31900        201          0          1         96
Mem:         32102      31907        195          0          1         38
Mem:         32102      31907        195          0          1         39
Mem:         32102      31906        195          0          1         36
Mem:         32102      31906        195          0          1         39
Mem:         32102      31901        201          0          1         35
Mem:         32102      31900        202          0          1         34
Mem:         32102      31907        195          0          1         41
Mem:         32102      31896        206          0          1         31
Mem:         32102      31906        196          0          1         41
Mem:         32102      31904        198          0          1         36
Mem:         32102      31904        197          0          1         38
Mem:         32102      31905        197          0          1         38
Mem:         32102      31906        196          0          1         40
Mem:         32102      31906        196          0          1         39
Mem:         32102      31903        198          0          1         38
Mem:         32102      31898        203          0          1         33
Mem:         32102      31897        205          0          3         29
Mem:         32102      31892        210          0          3         24
Mem:         32102      31875        227          0          3         21
Mem:         32102      31875        226          0          3         21
Mem:         32102      31875        226          0          3         21
Mem:         32102      31875        226          0          3         21
Mem:         32102      31876        225          0          3         21
Mem:         32102      31903        199          0          1         29
Mem:         32102      31868        234          0          1         32
Mem:         32102      31902        200          0          1         54
Mem:         32102      31906        196          0          1         58
Mem:         32102      31899        203          0          1         24
Mem:         32102      31907        195          0          1         40
Mem:         32102      31906        196          0          1         77
Mem:         32102      31907        195          0          1         78
Mem:         32102      31905        197          0          1         37
Mem:         32102      31907        195          0          1         40
Mem:         32102      31906        196          0          1         38
Mem:         32102      31903        198          0          2         37
Mem:         32102      31905        197          0          1         35
Mem:         32102      31906        196          0          1         40
Mem:         32102      31907        195          0          1         41
Mem:         32102      31901        201          0          1         35
Mem:         32102      31903        198          0          1         36
Mem:         32102      31904        197          0          1         37
Mem:         32102      31904        198          0          1         37
Mem:         32102      31904        198          0          1         37
Mem:         32102      31905        197          0          1         37
Mem:         32102      31900        202          0          1         31
Mem:         32102      31896        206          0          1         25
Mem:         32102      31898        204          0          1         25
Mem:         32102      31892        209          0          1         18
Mem:         32102      31887        214          0          1         18
Mem:         32102      31831        271          0          1         15
Mem:         32102      31820        282          0          2         24
Mem:         32102      31903        199          0          1        104
Mem:         32102      31906        196          0          1        124
Mem:         32102      31906        195          0          1        124
Mem:         32102      31907        195          0          1         43
Mem:         32102      31907        195          0          1         44
Mem:         32102      31905        197          0          1         49
Mem:         32102      31906        196          0          1         50
Mem:         32102      31906        196          0          1         41
Mem:         32102      31907        195          0          1         48
Mem:         32102      31905        196          0          1         46
Mem:         32102      31906        196          0          1         49
Mem:         32102      31906        196          0          1         49
Mem:         32102      31906        196          0          1         50
Mem:         32102      31906        196          0          1         50
Mem:         32102      31907        195          0          1         50
Mem:         32102      31906        195          0          1         50
Mem:         32102      31906        196          0          1         50
Mem:         32102      31907        195          0          1         51
Mem:         32102      31901        200          0          1         42
Mem:         32102      31898        204          0          1         36
Mem:         32102      31894        208          0          1         31
Mem:         32102      31889        213          0          1         25
Mem:         32102      31906        196          0          1         34
Mem:         32102      31907        195          0          1         38
Mem:         32102      31906        195          0          1         46
Mem:         32102      31907        195          0          1         41
Mem:         32102      31907        195          0          1         40
Mem:         32102      31899        203          0          1         33
Mem:         32102      31901        201          0          1         38
Mem:         32102      31849        253          0          1         59
Mem:         32102      31767        335          0          1        154
Mem:         32102      31689        413          0          1        263
Mem:         32102      31571        531          0          1        372
Mem:         32102      31400        702          0          1        471
Mem:         32102      31367        734          0          1        579
Mem:         32102      31472        630          0          1        684
Mem:         32102      31593        509          0          1        794
Mem:         32102      31724        378          0          1        892
Mem:         32102      31811        291          0          1        977
Mem:         32102      31867        235          0          1       1028
Mem:         32102      31865        237          0          1       1022
Mem:         32102      31854        247          0          1       1008
Mem:         32102      31854        247          0          1       1009
Mem:         32102      31855        246          0          1       1009
Mem:         32102      31867        235          0          1       1019
Mem:         32102      31863        239          0          1        975
Mem:         32102      31849        253          0          1        947
Mem:         32102      31855        247          0          1        946
Mem:         32102      31825        277          0          1        915
Mem:         32102      31812        290          0          1        880
Mem:         32102      31822        280          0          1        818
Mem:         32102      31859        243          0          1        843
Mem:         32102      31841        261          0          1        825
Mem:         32102      31832        270          0          1        817
Mem:         32102      31813        288          0          1        801
Mem:         32102      31815        287          0          1        802
Mem:         32102      31812        289          0          1        799
Mem:         32102      31811        290          0          1        798
Mem:         32102      31813        289          0          1        798
Mem:         32102      31812        289          0          1        797
Mem:         32102      31812        290          0          1        797
Mem:         32102      31809        292          0          1        795
Mem:         32102      31810        292          0          1        795
Mem:         32102      31811        291          0          1        797
Mem:         32102      31810        291          0          1        797
Mem:         32102      31811        291          0          1        797
Mem:         32102      31813        289          0          1        798
Mem:         32102      31852        250          0          1        784
Mem:         32102      31844        258          0          1        763
Mem:         32102      31872        230          0          1        787
Mem:         32102      31853        249          0          1        770
Mem:         32102      31843        259          0          1        730
Mem:         32102      31867        235          0          1        729
Mem:         32102      31857        245          0          1        716
Mem:         32102      31848        254          0          1        702
Mem:         32102      31838        263          0          1        696
Mem:         32102      31837        265          0          1        696
Mem:         32102      31834        268          0          1        693
Mem:         32102      31828        274          0          1        685
Mem:         32102      31823        279          0          1        681
Mem:         32102      31816        285          0          1        674
Mem:         32102      31815        287          0          1        672
Mem:         32102      31813        289          0          1        670
Mem:         32102      31812        290          0          1        668
Mem:         32102      31812        290          0          1        668
Mem:         32102      31812        290          0          1        668
Mem:         32102      31811        291          0          1        668
Mem:         32102      31811        291          0          1        668
Mem:         32102      31811        291          0          1        668
Mem:         32102      31811        291          0          1        668
Mem:         32102      31811        291          0          1        668
Mem:         32102      31811        291          0          1        668
Mem:         32102      31811        291          0          1        668
Mem:         32102      31832        270          0          1        688
Mem:         32102      31866        236          0          1        694
Mem:         32102      31874        227          0          1        676
Mem:         32102      31865        236          0          1        710
Mem:         32102      31870        232          0          1        680
Mem:         32102      31864        238          0          1        654
Mem:         32102      31847        255          0          1        633
Mem:         32102      31877        224          0          1        601
Mem:         32102      31867        234          0          1        598
Mem:         32102      31859        243          0          1        590
Mem:         32102      31856        245          0          1        587
Mem:         32102      31852        250          0          1        583
Mem:         32102      31848        254          0          1        577
Mem:         32102      31846        256          0          1        573
Mem:         32102      31844        258          0          1        572
Mem:         32102      31843        258          0          1        572
Mem:         32102      31841        260          0          1        569
Mem:         32102      31841        261          0          1        568
Mem:         32102      31840        262          0          1        568
Mem:         32102      31840        262          0          1        568
Mem:         32102      31840        262          0          1        568
Mem:         32102      31840        262          0          1        568
Mem:         32102      31840        262          0          1        568
Mem:         32102      31868        234          0          1        592
Mem:         32102      31870        231          0          1        549
Mem:         32102      31877        225          0          1        532
Mem:         32102      31864        238          0          1        563
Mem:         32102      31865        236          0          1        557
Mem:         32102      31857        245          0          1        548
Mem:         32102      31876        225          0          1        485
Mem:         32102      31871        231          0          1        481
Mem:         32102      31872        230          0          1        481
Mem:         32102      31873        229          0          1        484
Mem:         32102      31867        234          0          1        477
Mem:         32102      31865        237          0          1        474
Mem:         32102      31863        238          0          1        472
Mem:         32102      31861        241          0          1        466
Mem:         32102      31874        227          0          1        483
Mem:         32102      31869        233          0          1        476
Mem:         32102      31866        236          0          1        472
Mem:         32102      31865        236          0          1        473
Mem:         32102      31866        236          0          1        472
Mem:         32102      31864        238          0          1        471
Mem:         32102      31863        239          0          1        469
Mem:         32102      31863        239          0          1        470
Mem:         32102      31869        233          0          1        475
Mem:         32102      31871        231          0          1        476
Mem:         32102      31879        222          0          1        511
Mem:         32102      31889        213          0          1        526
Mem:         32102      31873        229          0          1        509
Mem:         32102      31867        234          0          1        464
Mem:         32102      31860        241          0          1        457
Mem:         32102      31861        241          0          1        452
Mem:         32102      31860        242          0          1        455
Mem:         32102      31858        244          0          1        449
Mem:         32102      31857        245          0          1        447
Mem:         32102      31856        246          0          1        444
Mem:         32102      31859        243          0          1        451
Mem:         32102      31858        244          0          1        450
Mem:         32102      31857        245          0          1        448
Mem:         32102      31859        243          0          1        450
Mem:         32102      31856        246          0          1        448
Mem:         32102      31855        246          0          1        447
Mem:         32102      31855        247          0          1        447
Mem:         32102      31855        247          0          1        447
Mem:         32102      31854        248          0          1        446
Mem:         32102      31854        247          0          1        447
Mem:         32102      31855        247          0          1        447
Mem:         32102      31855        247          0          1        448
Mem:         32102      31855        247          0          1        448
Mem:         32102      31884        217          0          1        476
Mem:         32102      31875        226          0          1        466
Mem:         32102      31874        228          0          1        470
Mem:         32102      31871        231          0          1        466
Mem:         32102      31875        227          0          1        469
Mem:         32102      31871        231          0          1        462
Mem:         32102      31867        234          0          1        458
Mem:         32102      31862        239          0          1        451
Mem:         32102      31860        241          0          1        449
Mem:         32102      31859        243          0          1        448
Mem:         32102      31857        245          0          1        445
Mem:         32102      31862        239          0          1        450
Mem:         32102      31860        242          0          1        448
Mem:         32102      31857        244          0          1        444
Mem:         32102      31854        247          0          1        442
Mem:         32102      31854        248          0          1        441
Mem:         32102      31853        249          0          1        441
Mem:         32102      31854        248          0          1        441
Mem:         32102      31852        249          0          1        439
Mem:         32102      31852        250          0          1        440
Mem:         32102      31851        250          0          1        440
Mem:         32102      31851        250          0          1        440
Mem:         32102      31851        251          0          1        440
Mem:         32102      31858        243          0          1        442
Mem:         32102      23287       8815          0          1        445
