procs -----------memory---------- ---swap-- -----io---- -system-- -----cpu------
 r  b   swpd   free   buff  cache   si   so    bi    bo   in   cs us sy id wa st
 1  6   9756 31384560   2008  95776    0    0    30    14    0    1  0  0 99  0  0
 2  0   9756 31307656   2144 117404    0    0 10724     4 1807 1325  6  0 85  8  0
 1  0   9756 31191012   2168 135004    0    0  8952     0 2356 2556 10  0 88  2  0
 0 12   9756 30825928   2312 155344    0    0  9866     0 3929 6893 13  1 78  7  0
 5  9   9756 28357988   2444 238900    0    0 41910     0 3780 3517 40  5 30 25  0
 6 12   9756 25203924   2576 378272    0    0 69546     0 2471 2211 32  6 44 18  0
11 10   9756 24722796   2696 501740    0    0 62116     0 1993 1644 28  1 50 20  0
 4 13   9756 24568160   2820 623076    0    0 60650   298 1897 1611 25  1 37 37  0
 5 11   9756 23399712   3300 1101480    0    0 238706   112 7130 6111 35  1 33 30  0
10  9   9756 22660872   3444 1245244    0    0 71800     0 2029 1840 30  2 34 33  0
 4 10   9756 22418292   3572 1386932    0    0 70928     0 2390 2159 40  1 29 30  0
 4 10   9756 22046284   3736 1522076    0    0 67642    10 2426 1932 41  2 29 28  0
 8  9   9756 21810908   3880 1654940    0    0 66036    36 2867 2237 49  2 21 28  0
12  0   9756 21529676   3944 1743112    0    0 44120    42 3780 2910 71  3 17  9  0
 2  0   9756 21351968   3984 1769444    0    0 13076     0 5770 4583 90  5  4  0  0
11  0   9756 21291992   4000 1773908    0    0  2056     0 3741 3126 87  4  8  0  0
12  0   9756 21286888   4016 1776976    0    0  1544     2 3630 3174 94  5  1  0  0
12  0   9756 21258360   4040 1793908    0    0  8546     0 3767 3377 93  5  2  0  0
11  0   9756 21214896   4116 1835420    0    0 20904     0 3950 3600 90  5  5  0  0
 3 10   9756 21103672   4296 1933868    0    0 48954     0 4265 3807 54  2 18 26  0
 3 15   9756 20968032   4432 2050968    0    0 58820    74 2522 2264 33  1 34 32  0
procs -----------memory---------- ---swap-- -----io---- -system-- -----cpu------
 r  b   swpd   free   buff  cache   si   so    bi    bo   in   cs us sy id wa st
 4 10   9756 20440764   4864 2484224    0    0 215990    74 7702 5816 27  1 36 36  0
 1 11   9756 20318240   5004 2605484    0    0 60384     0 1868 1702 25  1 37 38  0
 3 12   9756 20117608   5136 2722972    0    0 58818   108 2301 1870 35  1 33 31  0
 5 11   9756 19905208   5252 2841280    0    0 59194     0 3112 2209 42  1 36 20  0
 9 10   9756 19728516   5384 2960876    0    0 59560    52 2445 1931 38  1 39 21  0
 7  8   9756 19417728   5576 3127104    0    0 83144     2 4326 3612 45  1 31 23  0
 7  7   9756 19246284   5700 3236788    0    0 54846     0 3409 2532 62  2 23 13  0
10  3   9756 19028820   5812 3350828    0    0 56632    30 4050 2803 78  4 12  6  0
12  0   9756 18892684   5908 3443904    0    0 46362     0 4936 3187 83  4  6  7  0
 9  0   9756 18710296   5984 3518792    0    0 37414     0 4279 3368 81  4 14  1  0
 8  0   9756 18636172   6044 3573152    0    0 27294     0 3833 3437 64  3 32  0  0
 5  0   9756 18561168   6112 3622712    0    0 24740     0 3323 3071 50  2 47  1  0
 2  0   9756 18515708   6176 3668636    0    0 22812    70 2499 2281 26  1 73  1  0
 0  0   9756 18494180   6192 3690424    0    0 10888     0 1661 1584 12  0 88  0  0
13  0   9756 18404772   6212 3696532    0    0  3016     0 2161 2696 21  1 78  0  0
17  0   9756 18210216   6212 3698584    0    0  1024     0 11308 3079 93  5  2  0  0
19  0   9756 18017904   6252 3725400    0    0 13588     0 13378 3513 92  5  3  0  0
18  0   9756 17649504   6300 3778652    0    0 26648     8 5302 2294 94  5  1  0  0
15  0   9756 17510508   6364 3837184    0    0 29220     0 6183 2624 94  5  1  0  0
14  0   9756 17430972   6448 3916524    0    0 39722   114 4997 3031 95  4  0  0  0
14  0   9756 17362152   6512 3984132    0    0 33568     0 5081 2811 94  4  1  0  0
procs -----------memory---------- ---swap-- -----io---- -system-- -----cpu------
 r  b   swpd   free   buff  cache   si   so    bi    bo   in   cs us sy id wa st
15  0   9756 17228348   6596 4056320    0    0 36138     0 6035 3403 94  4  2  0  0
12  0   9756 17021996   6696 4149444    0    0 46386    54 7705 3062 92  6  2  0  0
11  4   9756 16770048   6812 4257456    0    0 53866     0 5185 3045 91  5  2  2  0
12  0   9756 16608468   6888 4334528    0    0 38520    68 10473 3871 82  5 12  1  0
10  3   9756 16476648   7008 4424784    0    0 44934     0 6835 4958 88  5  5  1  0
 4  4   9756 16286528   7104 4535220    0    0 55148     0 3797 3163 79  4 12  5  0
 5  4   9756 16173556   7232 4647528    0    0 56128    54 2178 1970 35  1 45 19  0
 4  3   9756 16062024   7328 4759624    0    0 55832     0 2205 1916 36  1 53 11  0
 2  0   9756 15960848   7428 4859564    0    0 49970     0 1999 1948 29  1 67  4  0
 1  0   9756 15916472   7464 4903556    0    0 21906     0 1256 1303 11  0 89  0  0
 0  0   9756 15907948   7472 4911920    0    0  4144     0  819 1003  3  0 97  0  0
 0  0   9756 15905964   7472 4913772    0    0  1024     2  676  926  0  0 100  0  0
 0  0   9756 15904376   7480 4915684    0    0  1028     0  762  965  0  0 99  0  0
 0  0   9756 15902816   7480 4917872    0    0  1024    10  705  975  0  0 99  0  0
 0  0   9756 15900688   7492 4919916    0    0  1026    44  694  951  0  0 99  0  0
 0  0   9756 15899100   7492 4921948    0    0  1024     0  692  961  0  0 100  0  0
 0  0   9756 15896852   7496 4923996    0    0  1026    10  683  946  0  0 100  0  0
 1  0   9756 15895992   7496 4926048    0    0  1024     0  684  941  0  0 100  0  0
 0  0   9756 15886592   7500 4928484    0    0  1282     0  715  949  1  0 99  0  0
 0  0   9756 15884856   7500 4930800    0    0  1024     0  646  944  0  0 99  0  0
14  0   9756 15882144   7516 4934284    0    0  1664     0 15254 12286 71  3 26  0  0
procs -----------memory---------- ---swap-- -----io---- -system-- -----cpu------
 r  b   swpd   free   buff  cache   si   so    bi    bo   in   cs us sy id wa st
14  0   9756 15758744   7524 4936336    0    0  1024   138 22673 14967 91  7  3  0  0
13  0   9756 15625548   7528 4938408    0    0  1026     0 17459 8266 91  6  4  0  0
12  0   9756 15436672   7540 4949840    0    0  5894    48 13215 9172 92  5  3  0  0
12  0   9756 15329404   7564 4970516    0    0 10252     0 12722 9208 89  5  5  0  0
14  0   9756 15214248   7584 4992828    0    0 11274     0 4167 3432 94  4  2  0  0
10  0   9756 15075140   7608 5013872    0    0 10256     0 3562 2863 94  3  3  0  0
12  0   9756 15023796   7624 5032364    0    0  9354     0 3437 2644 93  3  4  0  0
12  0   9756 14974940   7644 5052128    0    0  9994     0 3461 2744 94  3  3  0  0
14  0   9756 14923396   7672 5073948    0    0 10762    38 3543 2951 95  4  1  0  0
13  0   9756 14815656   7692 5094620    0    0 10250     0 3697 2819 95  4  1  0  0
13  0   9756 14764196   7708 5112576    0    0  9224     8 5170 2673 94  4  3  0  0
13  0   9756 14678000   7752 5132028    0    0  9484     0 5882 3424 90  4  6  0  0
13  0   9756 14630104   7772 5152340    0    0 10248     6 4845 2751 94  4  2  0  0
10  0   9756 14409160   7800 5174020    0    0 10766     0 6473 3101 92  6  2  0  0
15  0   9756 14332496   7816 5192760    0    0  9224     0 5998 3301 93  4  3  0  0
12  0   9756 14160484   7844 5218592    0    0 13070     0 6637 4164 93  4  3  0  0
10  0   9756 14079936   7876 5246944    0    0 13964   122 4677 3795 84  3 13  0  0
 7  0   9756 14006420   7900 5264512    0    0  8840    34 5040 4803 68  2 29  0  0
 7  0   9756 13950968   7912 5279540    0    0  7560     0 3887 3452 61  1 38  0  0
 7  0   9756 13860968   7928 5294292    0    0  7176     0 5295 5249 62  2 36  0  0
 9  0   9756 13771320   7952 5316868    0    0 11788     0 4178 3595 63  3 35  0  0
procs -----------memory---------- ---swap-- -----io---- -system-- -----cpu------
 r  b   swpd   free   buff  cache   si   so    bi    bo   in   cs us sy id wa st
 6  0   9756 13651156   8008 5356932    0    0 19478     0 4487 3775 70  2 28  0  0
 3  0   9756 13514368   8064 5405256    0    0 24216     0 2319 1994 33  1 67  0  0
 3  0   9756 13461900   8124 5456840    0    0 25654    78 1796 1765 25  0 73  2  0
 3  0   9756 13366244   8172 5505772    0    0 24600     0 1971 1757 27  1 73  0  0
 2  0   9756 13329780   8212 5542564    0    0 18322    62 1622 1577 19  0 81  0  0
 2  0   9756 13251312   8240 5575524    0    0 16398     0 1650 1504 20  1 79  0  0
 2  0   9756 13216508   8276 5610292    0    0 17426    10 1380 1479 17  0 83  0  0
 1  0   9756 13184888   8308 5641844    0    0 15758     0 1405 1461 16  0 83  0  0
12  0   9756 13173912   8324 5651908    0    0  4854     0 2192 2324 24  0 76  0  0
11  0   9756 13013208   8324 5653968    0    0  1024     6 24020 17387 74  5 21  0  0
12  0   9756 12794712   8336 5656024    0    0  1026   106 21539 15030 83  7 11  0  0
14  0   9756 12693584   8336 5658080    0    0  1024     0 12413 10769 88  5  7  0  0
14  0   9756 12604808   8340 5660124    0    0  1026     0 8628 5399 94  5  1  0  0
17  0   9756 12534384   8340 5662176    0    0  1024     0 5772 2818 95  4  1  0  0
17  0   9756 12404920   8344 5665284    0    0  1540    30 8011 2738 92  5  3  0  0
15  0   9756 12341432   8344 5667364    0    0  1024     0 7440 3166 95  4  1  0  0
14  0   9756 12269520   8348 5669420    0    0  1026     0 7474 3062 95  4  1  0  0
 9  0   9756 12187548   8364 5682640    0    0  6664     0 7722 2959 94  5  2  0  0
 9  0   9756 12067276   8396 5707944    0    0 12686    66 10615 6225 69  4 27  0  0
 9  0   9756 11977616   8436 5747116    0    0 19476     0 7632 4025 66  2 32  0  0
 4  0   9756 11893916   8468 5783192    0    0 18064     0 8583 5721 47  1 52  0  0
procs -----------memory---------- ---swap-- -----io---- -system-- -----cpu------
 r  b   swpd   free   buff  cache   si   so    bi    bo   in   cs us sy id wa st
 5  0   9756 11841852   8492 5810420    0    0 13580     2 5201 3768 43  1 56  0  0
 4  0   9756 11640144   8512 5831404    0    0 10378     0 4720 2114 42  1 57  0  0
 4  0   9756 11638664   8512 5831400    0    0     0     0 1858 1859 33  0 67  0  0
 2  0   9756 11638680   8512 5831400    0    0     0    10 1624 1622 24  0 76  0  0
 1  0   9756 11638944   8520 5831404    0    0     0    44 1076 1174  9  0 91  0  0
 0  0   9756 11639076   8520 5831404    0    0     0    44  772  972  1  0 99  0  0
10  0   9756 11690440   8524 5832024    0    0   256     0 15343 14273 57  3 40  0  0
 9  0   9756 11608104   8524 5832024    0    0     0     0 28646 27461 71  5 24  0  0
13  0   9756 11294260   8524 5832024    0    0     0     0 23661 19389 85  7  8  0  0
14  0   9756 11126844   8524 5832028    0    0     0     0 9185 5099 94  5  2  0  0
 6  0   9756 10892848   8640 5887636    0    0    24    80 12099 6044 68  3 29  0  0
16  0   9756 10859004   8692 5919340    0    0  3338     0 5033 2058 63  2 34  0  0
12  2   9756 10749024   8720 5931008    0    0  6560 38362 6771 2771 93  4  3  0  0
12  0   9756 10581252   8776 5965036    0    0  3956     0 9174 4039 81  4 15  0  0
10  0   9756 10469544   8888 5983328    0    0  9142     0 5098 3489 93  3  3  0  0
 2  1   9756 10291480   9000 6041348    0    0  2328     0 3955 1927 59  2 38  0  0
13  0   9756 10255768   9960 6070392    0    0   712     0 5412 1289 15  1 79  5  0
10  0   9756 10002452  10044 6117440    0    0 10006     0 9053 2930 91  4  5  0  0
12  0   9756 9924688  10168 6195480    0    0 15648     4 9158 5060 70  3 28  0  0
11  0   9756 9705084  10232 6266692    0    0 34210     0 9496 5094 88  6  7  0  0
 1  2   9756 9556160  10336 6345164    0    0 24740 86018 7249 3403 60  3 29  8  0
procs -----------memory---------- ---swap-- -----io---- -system-- -----cpu------
 r  b   swpd   free   buff  cache   si   so    bi    bo   in   cs us sy id wa st
 2  0   9756 9524168  10476 6378752    0    0  4144  1900 3866 1157  5  0 79 16  0
11  0   9756 9438864  10568 6458320    0    0 14480     0 3791 1965 46  2 52  0  0
 8  1   9756 9126756  10816 6511328    0    0 26492     6 5745 2702 80  3 15  2  0
 3  0   9756 9053364  11172 6582888    0    0   904     0 1783 1608 26  1 71  2  0
10  0   9756 8933588  11288 6651308    0    0 16162    20 5292 4109 43  2 55  0  0
 8  0   9756 8702948  11332 6701300    0    0 24854     0 5514 4007 73  2 25  0  0
14  1   9756 8666268  11336 6701284    0    0     0 57104 9422 9308 63  2 33  2  0
10  1   9756 8578872  11344 6695844    0    0     0 45034 3037 2344 54  1 33 11  0
 7  0   9756 8434420  11360 6695828    0    0     6     0 2963 2342 61  1 35  3  0
 6  0   9756 8362260  11360 6695832    0    0     0     0 2353 1978 49  1 50  0  0
 4  0   9756 8361764  11368 6695792    0    0     2     0 1918 1823 35  1 65  0  0
 1  0   9756 8282924  11372 6695788    0    0     0     0 1815 1531 29  1 70  0  0
 0  0   9756 8283080  11372 6695740    0    0     0     2  700  914  0  0 99  0  0
 0  0   9756 8283476  11372 6695744    0    0     0     0  744  913  0  0 100  0  0
11  0   9756 8566412  11420 6411428    0    0    16   266 7018 4140 63  3 34  0  0
10  0   9756 8472296  11420 6411404    0    0     0    12 17975 10410 78  6 16  0  0
13  0   9756 8311592  11432 6418508    0    0  3846     0 9953 8028 87  5  8  0  0
14  0   9756 8109480  11444 6432504    0    0  6918     6 3968 2868 94  4  2  0  0
14  0   9756 8031704  11456 6445592    0    0  6536     0 4634 2711 94  4  2  0  0
12  0   9756 7863684  11468 6457404    0    0  6150     0 7011 2719 93  5  2  0  0
12  0   9756 7802304  11484 6475224    0    0  8712    20 8241 5404 84  4 11  0  0
procs -----------memory---------- ---swap-- -----io---- -system-- -----cpu------
 r  b   swpd   free   buff  cache   si   so    bi    bo   in   cs us sy id wa st
13  0   9756 7710220  11500 6491472    0    0  8200     0 5327 3846 94  4  2  0  0
13  0   9756 7645792  11520 6503756    0    0  6150    48 3535 2835 96  3  1  0  0
14  0   9756 7586264  11536 6521280    0    0  8712     0 5240 2923 95  4  1  0  0
12  0   9756 7488164  11552 6538076    0    0  8456     0 7159 3971 95  4  1  0  0
12  0   9756 7477996  11556 6543064    0    0  2434   200 12690 9278 91  5  4  0  0
12  0   9756 7458384  11556 6543488    0    0   256     0 29821 33072 62  5 33  0  0
15  0   9756 7221140  11572 6557212    0    0  6920     0 28948 23167 90  6  4  0  0
15  0   9756 7017564  11584 6570164    0    0  6406     0 12475 4926 95  4  2  0  0
10  0   9756 6911380  11600 6586432    0    0  8074     0 14095 5591 86  5  9  0  0
 8  0   9756 6863852  11628 6607316    0    0 10506    86 5017 3967 75  2 23  0  0
 8  0   9756 6819848  11656 6631092    0    0 11830     0 3469 2774 69  1 29  0  0
 8  0   9756 6769380  11680 6655412    0    0 12300     8 2862 2559 66  2 32  0  0
 3  0   9756 6751052  11696 6673288    0    0  8840     0 2712 2389 55  1 44  0  0
 2  0   9756 6751200  11696 6673260    0    0     0     0 1441 1512 17  0 83  0  0
 0  0   9756 6751712  11696 6673272    0    0     0     6 1258 1272 11  0 89  0  0
 0  0   9756 6751612  11696 6673244    0    0     0     0  675  960  0  0 100  0  0
 0  0   9756 6752200  11696 6673240    0    0     0    20  679  977  0  0 100  0  0
 0  0   9756 6752836  11704 6673236    0    0     0    46  716  956  0  0 99  0  0
 0  0   9756 6753264  11704 6673220    0    0     0     0  697  966  0  0 100  0  0
 0  0   9756 6753900  11704 6673216    0    0     0     2  697  958  0  0 100  0  0
 0  0   9756 6753520  11704 6673208    0    0     0     0  671  947  0  0 100  0  0
procs -----------memory---------- ---swap-- -----io---- -system-- -----cpu------
 r  b   swpd   free   buff  cache   si   so    bi    bo   in   cs us sy id wa st
 0  0   9756 6754184  11704 6673196    0    0     0     6  653  949  0  0 100  0  0
 1  0   9756 6754556  11704 6673188    0    0     0     0  688  928  0  0 100  0  0
 0  0   9756 6754936  11704 6673188    0    0     0     0  721  958  0  0 100  0  0
 0  0   9756 6755328  11712 6673172    0    0     0    24  688  967  0  0 99  0  0
10  0   9756 6749180  11716 6673296    0    0     0     0 22043 12752 82  4 14  0  0
10  0   9756 6713108  11724 6676784    0    0  1796    14 27858 16723 88  7  6  0  0
 4  0   9756 6545088  12028 6718516    0    0  2432     0 7587 6221 58  3 38  1  0
13  0   9756 6368464  12060 6750116    0    0  7176     0 3498 2559 79  3 17  0  0
12  0   9756 6181348  12076 6766792    0    0  8330     8 5098 3269 93  4  2  0  0
10  0   9756 5983932  12136 6807980    0    0  7694     0 4107 2820 92  3  5  0  0
 9  0   9756 5841100  12508 6843092    0    0  9632     6 8542 8669 82  3 11  3  0
10  2   9756 5664028  12616 6929136    0    0 10776 72960 6831 4899 79  3 14  4  0
 5  5   9756 5625720  12680 6966996    0    0  7436   244 5338 4442 61  2 27 11  0
11  0   9756 5469184  12756 7019356    0    0 23328    20 11001 11984 69  3 26  2  0
11  0   9756 5325204  12796 7052984    0    0 13326     0 5979 4756 87  4  9  0  0
16  0   9756 5059960  12828 7081112    0    0 11788    50 7845 3912 93  4  3  0  0
17  0   9756 4885792  12876 7115820    0    0  6156     0 9829 2474 93  4  3  0  0
 3  0   9756 4811244  12992 7192052    0    0    12     0 4097 2125 54  2 45  0  0
12  2   9756 4670384  13048 7237800    0    0  8718 44148 5447 2472 70  3 27  0  0
10  2   9756 4588048  13080 7257300    0    0  9226 40040 6056 3876 86  4  7  3  0
12  0   9756 4434668  13088 7269440    0    0  3458     0 6917 4888 92  4  4  1  0
procs -----------memory---------- ---swap-- -----io---- -system-- -----cpu------
 r  b   swpd   free   buff  cache   si   so    bi    bo   in   cs us sy id wa st
12  0   9756 4306140  13092 7272984    0    0     0     0 3735 2843 95  3  2  0  0
11  0   9756 4113676  13432 7337452    0    0   128     0 3562 2635 77  3 18  2  0
 9  0   9756 3967832  13508 7394828    0    0     8     0 4246 2954 78  2 20  0  0
 7  0   9756 3825500  13624 7464640    0    0    16     0 4697 3564 67  2 30  0  0
 7  0   9756 3739984  13640 7480104    0    0     0    20 3274 2086 53  1 45  0  0
 3  3   9756 3729204  13680 7488988    0    0    14 91150 2301 1920 38  1 56  5  0
 2  2   9756 3615188  13752 7490764    0    0    34 15530 1874 1337 19  1 70 10  0
 4  0   9756 3586396  13964 7519256    0    0    78   310 1309 1289 15  0 79  6  0
 5  0   9756 3513068  14264 7591168    0    0   108     0 1254 1158 11  0 87  1  0
 1  0   9756 3513752  14264 7591468    0    0     0   586  979  972  5  0 95  0  0
 1  0   9756 3514028  14264 7591464    0    0     0     0  719  929  0  0 100  0  0
 1  0   9756 3514900  14264 7591432    0    0     0     0  708  947  0  0 100  0  0
 1  0   9756 3515560  14264 7591424    0    0     0     8  718  999  0  0 100  0  0
 1  0   9756 3519780  14272 7588648    0    0     0 53404  787  950  0  0 94  6  0
 1  0   9756 3519984  14272 7588640    0    0     0     6  720  956  0  0 100  0  0
 1  0   9756 3520596  14272 7588596    0    0     0     0  711  950  0  0 100  0  0
 1  0   9756 3521104  14272 7588512    0    0     0     0  698  940  0  0 100  0  0
 1  0   9756 3521228  14272 7588388    0    0     0     2  719  962  0  0 100  0  0
 1  0   9756 3521584  14272 7588328    0    0     0     0  727  962  0  0 100  0  0
 1  0   9756 3521840  14272 7588304    0    0     0    16  680  940  0  0 100  0  0
 0  0   9756 3522112  14272 7588300    0    0     0     0  703  954  0  0 100  0  0
procs -----------memory---------- ---swap-- -----io---- -system-- -----cpu------
 r  b   swpd   free   buff  cache   si   so    bi    bo   in   cs us sy id wa st
14  0   9756 3818360  14292 7199452    0    0     0   192 4976 4403 47  2 50  0  0
11  0   9756 3652176  14292 7199416    0    0     0     0 9679 6537 86  5  9  0  0
14  0   9756 3544188  14292 7199340    0    0     0     0 8951 7358 88  5  7  0  0
13  0   9756 3434816  14292 7199256    0    0     0    18 3445 2901 93  5  2  0  0
14  0   9756 3366160  14292 7199176    0    0     0     0 6216 2514 90  4  5  0  0
16  0   9756 3324008  14292 7199116    0    0     0     0 3704 2880 94  4  2  0  0
10  0   9756 3137624  14292 7199084    0    0     0     0 4451 2771 86  3 11  0  0
10  0   9756 2950084  14304 7199048    0    0     0   174 9650 5646 93  4  3  0  0
14  0   9756 2898572  14304 7199044    0    0     0   254 8343 2807 94  4  2  0  0
12  0   9756 2898540  14304 7199016    0    0     0     0 5247 2820 95  4  1  0  0
13  0   9756 2893640  14304 7198976    0    0     0     0 3863 2756 95  4  1  0  0
15  0   9756 2887628  14304 7198952    0    0     0    20 12321 8621 92  5  3  0  0
10  0   9756 2879444  14304 7198952    0    0     0     0 4624 3000 94  3  3  0  0
 9  0   9756 2848604  14304 7198980    0    0     0     0 15870 6964 80  5 15  0  0
11  0   9756 2770020  14304 7198960    0    0     0     0 9675 7323 81  4 15  0  0
 8  0   9756 2555640  14312 7198960    0    0     0    76 4588 2539 81  3 16  0  0
10  0   9756 2527384  14312 7198956    0    0     0    14 4165 2675 67  2 31  0  0
 5  0   9756 2519904  14312 7198956    0    0     0     0 2792 2655 60  2 38  0  0
 5  0   9756 2518272  14312 7198732    0    0     0     0 2107 2156 42  1 57  0  0
 2  0   9756 2507268  14312 7198736    0    0     0     0 1910 1802 33  0 66  0  0
 0  0   9756 2507796  14312 7198712    0    0     0     0 1250 1334 12  0 88  0  0
procs -----------memory---------- ---swap-- -----io---- -system-- -----cpu------
 r  b   swpd   free   buff  cache   si   so    bi    bo   in   cs us sy id wa st
 0  0   9756 2508192  14312 7198692    0    0     0    24  745  961  0  0 100  0  0
 0  0   9756 2508208  14312 7198688    0    0     0     0  665  926  0  0 100  0  0
 0  0   9756 2508728  14320 7198676    0    0     0    44  670  952  0  0 99  0  0
 1  0   9756 2509504  14320 7198676    0    0     0     0  792  976  0  0 100  0  0
 1  0   9756 2509112  14320 7198672    0    0     0     0  688  940  0  0 100  0  0
 0  0   9756 2509552  14320 7198668    0    0     0     0  677  960  0  0 100  0  0
 0  0   9756 2510008  14320 7198668    0    0     0     0  695  952  0  0 100  0  0
 0  0   9756 2510032  14320 7198668    0    0     0    10  697  944  0  0 100  0  0
 0  0   9756 2510040  14320 7198660    0    0     0     0  737  949  0  0 100  0  0
 1  0   9756 2510388  14328 7198660    0    0     0    30  673  990  0  0 99  0  0
 0  0   9756 2511256  14328 7198652    0    0     0    22  660  958  0  0 100  0  0
 0  0   9756 2510900  14328 7198652    0    0     0     0  729  955  0  0 100  0  0
 1  0   9756 2511520  14328 7198660    0    0     0    12  689  962  0  0 100  0  0
 0  0   9756 2511636  14328 7198660    0    0     0     0  713  950  0  0 100  0  0
10  0   9756 2509908  14328 7198660    0    0     0     0 2504 2084 17  1 82  0  0
11  0   9756 2499600  14328 7198756    0    0     0     0 13773 10856 71  4 25  0  0
13  0   9756 2463416  14328 7198756    0    0     0     0 19363 14607 80  5 15  0  0
12  0   9756 2321652  14380 7251848    0    0     6  1686 12793 12660 71  4 25  1  0
12  0   9756 2019712  14380 7252048    0    0     0     0 4499 2633 92  4  4  0  0
 7  0   9756 1867152  14404 7271576    0    0     0     2 3677 2787 88  3  9  0  0
11  0   9756 1684292  14588 7399460    0    0    16     0 4099 2568 84  2 13  0  0
procs -----------memory---------- ---swap-- -----io---- -system-- -----cpu------
 r  b   swpd   free   buff  cache   si   so    bi    bo   in   cs us sy id wa st
11  0   9756 1567104  14644 7438472    0    0     0     0 5134 3466 90  2  7  0  0
11  0   9756 1525880  14708 7479940    0    0     8     0 11122 12298 74  3 23  0  0
10  0   9756 1421836  14724 7493772    0    0     0     0 3810 2681 85  2 13  0  0
10  4   9756 1233600  14756 7519080    0    0     0 58234 3644 2658 76  3 17  4  0
 8  1   9756 1137988  14788 7538128    0    0     6 85316 4918 2876 75  2 15  8  0
 8  0   9756 1068924  14824 7555776    0    0     0   372 10764 5085 66  3 29  2  0
 8  0   9756 869108  14828 7559168    0    0     0    36 11592 12181 68  3 29  0  0
 6  0   9756 689308  14868 7584200    0    0     6     0 12763 13288 71  3 26  0  0
10  0   9756 497988  14924 7616640    0    0     6     0 4219 3385 62  3 36  0  0
 9  0   9756 381760  14924 7616688    0    0     0     0 3914 3119 80  3 17  0  0
12  0   9756 169116  15000 7670460    0    0     6     0 4139 2707 50  2 48  0  0
12  1   9756 101552  14928 7664420    0    0   328 82482 6550 4528 85  4  9  3  0
 1  0   9756  99076  14308 7493344    0    0   470   278 35628 1954 53  2 41  3  0
 1  0   9756  96960  14308 7493736    0    0     8     0  986  558  8  0 92  0  0
 1  1   9756  99896  15372 7488336    0    0   628     2 1243  882  9  0 85  6  0
 1  0   9756 103100  16636 7484548    0    0   632     0 1443  919  8  0 85  6  0
10  0   9756 245236  16692 7341484    0    0     4     0 3946 3060 40  2 58  0  0
 9  0   9756 245576  16692 7341636    0    0     0     0 3203 2675 76  2 22  0  0
 8  2   9756 242676  16692 7341568    0    0     0 25300 4636 3556 70  2 28  0  0
 6  0   9756 245340  16704 7340464    0    0     0   182 2712 2284 55  1 42  2  0
 5  0   9756 244880  16704 7340388    0    0     0     0 2316 2012 48  1 52  0  0
procs -----------memory---------- ---swap-- -----io---- -system-- -----cpu------
 r  b   swpd   free   buff  cache   si   so    bi    bo   in   cs us sy id wa st
 4  0   9756 244472  16704 7340356    0    0     0    22 2037 2010 39  0 61  0  0
 2  0   9756 218944  16748 7365900    0    0     6     0 1925 1786 37  1 63  0  0
 0  0   9756 220300  16752 7366100    0    0     0     0  983 1135  8  0 92  0  0
 0  0   9756 220696  16752 7366012    0    0     0     6  658  935  0  0 100  0  0
10  0   9756 784504  16752 6800148    0    0 14968     0 8449 11202 34  2 63  1  0
11  0   9756 777064  16768 6807156    0    0  3330   368 21410 22009 69  5 26  0  0
13  0   9756 776376  16768 6807132    0    0     0     0 6908 7234 81  3 15  0  0
14  0   9756 766016  16768 6817152    0    0  5046     0 6335 5385 92  5  3  0  0
12  0   9756 766304  16768 6817088    0    0     0   386 4930 3234 94  4  2  0  0
 9  0   9756 768372  16768 6817016    0    0     0     0 4523 3287 83  2 14  0  0
12  0   9756 768584  16768 6817708    0    0   384     4 13424 11689 88  5  7  0  0
13  0   9756 768996  16768 6817620    0    0     0     0 3620 2894 96  3  1  0  0
12  0   9756 766164  16768 6818748    0    0   640     0 5348 2877 94  4  3  0  0
10  0   9756 765780  16776 6818848    0    0     0    64 9150 4031 91  4  4  0  0
10  0   9756 766540  16776 6818844    0    0     0     0 7072 5011 87  4  8  0  0
10  0   9756 765452  16776 6820544    0    0   896     2 12926 9404 81  4 14  0  0
10  0   9756 761980  16784 6824504    0    0  2052     0 11898 9671 76  4 20  0  0
14  0   9756 744992  16800 6842456    0    0  8968     0 7116 5018 88  4  8  0  0
12  0   9756 849796  16820 6861148    0    0  9356    18 7276 2979 95  4  2  0  0
11  0   9756 829520  16836 6878988    0    0  8968     0 10175 5331 92  5  3  0  0
 7  0   9756 784644  16864 6901040    0    0 11018    98 9463 5510 71  3 26  0  0
procs -----------memory---------- ---swap-- -----io---- -system-- -----cpu------
 r  b   swpd   free   buff  cache   si   so    bi    bo   in   cs us sy id wa st
 8  0   9756 788612  16888 6924588    0    0 11788     0 11880 13919 69  2 28  0  0
 7  0   9756 709756  16912 6949544    0    0 12556     0 4549 3961 65  2 33  0  0
 5  0   9756 708336  16912 6950600    0    0   384    20 2505 2379 48  1 51  0  0
 5  0   9756 708484  16912 6950592    0    0     0     0 2067 2048 42  1 58  0  0
 3  0   9756 708772  16912 6951360    0    0   384     0 1662 1669 25  0 74  0  0
 1  0   9756 708524  16912 6951344    0    0     0     0 1322 1310 14  0 86  0  0
 0  0   9756 708788  16912 6951344    0    0     0     0  731  995  1  0 99  0  0
 0  0   9756 708712  16920 6951324    0    0     0    56  642  964  0  0 100  0  0
 0  0   9756 707984  16920 6952088    0    0   384     0 1851  968  4  0 96  0  0
 0  0   9756 708488  16920 6952084    0    0     0     0  668  957  0  0 100  0  0
 0  0   9756 709232  16920 6952104    0    0     0     0  711  988  0  0 100  0  0
 0  0   9756 709792  16920 6952096    0    0     0     0  627  940  0  0 100  0  0
 0  0   9756 710056  16920 6952088    0    0     0     2  634  960  0  0 100  0  0
 0  0   9756 710544  16920 6952084    0    0     0     0  657  943  0  0 100  0  0
 0  0   9756 711456  16920 6952080    0    0     0    18  674  954  0  0 100  0  0
 0  0   9756 711456  16928 6952068    0    0     0    40  690  961  0  0 99  0  0
 6  0   9756 708012  16932 6955800    0    0  2050     0 2756 3138 15  1 84  1  0
11  0   9756 620240  16932 6964960    0    0  4332    44 34819 37431 56  6 38  0  0
12  0   9756 722420  16932 6973980    0    0  4602     0 22291 19017 78  4 18  0  0
12  0   9756 710748  16932 6984548    0    0  5170    20 7239 4796 95  3  2  0  0
11  0   9756 713664  16932 6984548    0    0     0     0 6678 2625 91  3  5  0  0
procs -----------memory---------- ---swap-- -----io---- -system-- -----cpu------
 r  b   swpd   free   buff  cache   si   so    bi    bo   in   cs us sy id wa st
10  0   9756 695244  16956 7004832    0    0     0     0 3614 2776 84  2 13  0  0
10  0   9756 616928  16968 7016772    0    0  2816     0 10333 11441 74  2 23  0  0
 4  0   9756 596172  17036 7055240    0    0   262 13062 8531 5618 69  2 27  2  0
13  0   9756 575048  17112 7121532    0    0     0    58 7882 4434 42  1 56  0  0
12  0   9756 552700  17112 7121908    0    0     0     0 7518 4112 90  4  6  0  0
11  0   9756 554172  17124 7121924    0    0     4     0 5992 3090 93  4  4  0  0
10  0   9756 518060  17140 7133428    0    0     0     0 4879 4179 83  3 14  0  0
12  0   9756 452020  17192 7200192    0    0     0     0 2282 1828 48  1 51  0  0
11  0   9756 426924  17232 7221800    0    0     8    10 5808 2909 88  3  9  0  0
 8  2   9756 448120  17328 7259400    0    0    24 76924 5094 3867 68  2 26  3  0
 4  0   9756 364584  17460 7345808    0    0     8 24650 11802 12893 61  2 29  8  0
 7  0   9756 279204  17472 7355760    0    0     0    10 14416 15383 63  2 36  0  0
 8  0   9756 349604  17480 7359560    0    0     0     0 9000 10655 63  1 36  0  0
 8  0   9756 320288  17516 7389888    0    0     0    30 4437 2531 64  2 34  0  0
 6  0   9756 317664  17520 7393380    0    0     0     0 2824 2526 60  1 39  0  0
 4  0   9756 297384  17556 7413852    0    0     6     0 5735 4568 48  2 50  0  0
 6  0   9756 256896  17604 7454880    0    0     0    20 2348 1837 44  1 55  0  0
 6  1   9756 249112  17604 7459436    0    0     0 110418 2507 2003 46  1 46  7  0
 3  0   9756 251560  17784 7458608    0    0  1822   278 2331 2098 34  1 59  6  0
10  0   9756 252096  17784 7458636    0    0     0     0 1730 1562 28  0 71  0  0
 1  0   9756 252872  17784 7458628    0    0     0     0 1631 1608 26  0 74  0  0
procs -----------memory---------- ---swap-- -----io---- -system-- -----cpu------
 r  b   swpd   free   buff  cache   si   so    bi    bo   in   cs us sy id wa st
 0  0   9756 253344  17784 7458612    0    0     0     2 1027 1115  5  0 94  0  0
 0  0   9756 252808  17784 7458576    0    0     0     0 2524  945  0  0 100  0  0
 0  0   9756 252924  17784 7458556    0    0     0     0  711  933  0  0 100  0  0
 0  0   9756 253328  17796 7458440    0    0     0  2128  723  937  0  0 99  1  0
 0  0   9756 253140  17796 7458420    0    0     0     0  652  918  0  0 100  0  0
 0  1   9756 183088  17868 7484244    0    0    20   504 3537 3266  9  1 90  0  0
 1  0   9756 103888  18016 7563292    0    0    28     0 1040  964  8  1 91  0  0
 1  0   9756 101700  17956 7564552    0    0    14     6 2909 1032  8  1 91  0  0
 2  0   9756 100716  17956 7567204    0    0     0     0 1342 1319 16  0 83  0  0
 2  0   9756 101260  17956 7567212    0    0     0     0 1510 1349 25  0 75  0  0
 2  0   9756 101492  17956 7567208    0    0     0    24 1311 1398 17  0 83  0  0
 2  1   9756  99764  17956 7567196    0    0     0 88824 1635 1391 17  0 78  5  0
 1  0   9756 106096  17964 7562892    0    0     0   224 1484 1425 17  0 78  5  0
 7  0   9756 549704  18088 7114724    0    0  5746     0 6358 7640 37  2 61  1  0
11  0   9756 541916  18088 7120272    0    0  2718     0 13318 12148 74  4 23  0  0
11  0   9756 512676  18088 7128712    0    0  4242     0 5857 5982 87  4  9  0  0
10  0   9756 579920  18088 7128652    0    0    62     0 4021 2900 91  4  6  0  0
12  0   9756 578680  18088 7128380    0    0     0     0 4983 2469 93  4  4  0  0
 7  0   9756 583144  18088 7128360    0    0     0     0 5207 3098 85  4 11  0  0
11  0   9756 581820  18100 7128268    0    0     0   324 9061 8505 71  3 26  0  0
11  0   9756 579268  18100 7128268    0    0     0     8 12575 3891 82  4 14  0  0
procs -----------memory---------- ---swap-- -----io---- -system-- -----cpu------
 r  b   swpd   free   buff  cache   si   so    bi    bo   in   cs us sy id wa st
10  0   9756 583888  18100 7128244    0    0     0     0 13343 12466 86  4 10  0  0
11  0   9756 564080  18100 7128260    0    0     0    10 4804 3534 83  3 13  0  0
18  0   9756 583444  18100 7128244    0    0     0     0 9464 3772 87  4  8  0  0
13  0   9756 542264  18100 7128216    0    0     0     0 11413 6980 92  4  4  0  0
13  0   9756 541764  18100 7128224    0    0     0    26 7411 3595 92  4  4  0  0
12  0   9756 541968  18108 7128220    0    0     0    88 9795 7487 92  4  4  0  0
12  0   9756 513184  18108 7128224    0    0     0   392 9940 6719 88  4  8  0  0
12  0   9756 511572  18108 7128236    0    0     0     0 9666 6146 93  4  3  0  0
13  0   9756 526388  18108 7128236    0    0     0     0 9269 5699 87  4  9  0  0
10  0   9756 529352  18108 7128240    0    0     0    18 7370 3327 85  4 12  0  0
 6  0   9756 531244  18108 7128240    0    0     0     0 3214 2605 61  2 38  0  0
 5  0   9756 531324  18112 7128248    0    0     0     0 2303 2211 46  1 53  0  0
 3  0   9756 530860  18112 7128252    0    0     0     0 2819 1820 33  1 66  0  0
 2  0   9756 531488  18120 7128244    0    0     0    48 1513 1536 22  0 77  0  0
 0  0   9756 531496  18120 7128240    0    0     0     8  801 1003  2  0 98  0  0
 0  0   9756 531524  18120 7128204    0    0     0     0  783  982  0  0 100  0  0
 0  0   9756 531776  18124 7128020    0    0     0     6  787 1001  0  0 100  0  0
 0  0   9756 531676  18124 7129032    0    0   512     0  771  965  0  0 100  0  0
 0  0   9756 529752  18124 7131068    0    0  1024     0  716  954  0  0 100  0  0
 0  0   9756 528048  18124 7133100    0    0  1024    12  703  972  0  0 100  0  0
 0  0   9756 526312  18124 7135140    0    0  1024     0  690  943  0  0 100  0  0
procs -----------memory---------- ---swap-- -----io---- -system-- -----cpu------
 r  b   swpd   free   buff  cache   si   so    bi    bo   in   cs us sy id wa st
 0  0   9756 524328  18132 7137160    0    0  1018    44  679  945  0  0 99  0  0
 0  0   9756 524612  18132 7137160    0    0     0     0  723  978  0  0 100  0  0
 0  0   9756 524628  18132 7137152    0    0     0     0  664  954  0  0 100  0  0
 0  0   9756 524808  18132 7137152    0    0     0     0  698  992  0  0 100  0  0
 0  0   9756 524064  18132 7138424    0    0   640     0  693  951  0  0 100  0  0
 8  1   9756 778252  18176 6881428    0    0  1374     2 1566 2789  5  0 94  0  0
 2  0   9756 774128  18176 6881924    0    0     0     0 12820 12296 58  2 40  0  0
13  0   9756 748956  18188 6900116    0    0  9208   244 21223 27393 81  4 15  0  0
13  0   9756 735224  18188 6914144    0    0  6918   186 3746 3218 96  3  1  0  0
13  0   9756 735288  18188 6914148    0    0     0     0 3423 2853 97  3  1  0  0
13  0   9756 735924  18188 6914104    0    0     0     8 3449 2923 96  3  1  0  0
 9  0   9756 737636  18192 6914732    0    0   132     0 10195 11540 82  3 15  0  0
13  0   9756 753384  18192 6914796    0    0     0     0 9761 7802 81  3 16  0  0
14  0   9756 753564  18192 6914928    0    0     0     6 3948 3177 93  3  4  0  0
13  0   9756 798816  18204 6915200    0    0     6     0 12476 13722 83  4 13  0  0
11  0   9756 798600  18212 6915216    0    0     0   166 3514 2980 96  3  1  0  0
14  0   9756 797988  18212 6915192    0    0     0     0 4229 2925 95  4  1  0  0
12  0   9756 799952  18212 6915196    0    0     0     0 4322 2938 96  3  1  0  0
 5  0   9756 800120  18224 6915216    0    0     6    14 3292 2894 75  2 23  0  0
 3  0   9756 800004  18236 6915252    0    0     6     0 1914 1797 29  0 70  0  0
 0  0   9756 799936  18260 6915280    0    0    12     6 1493 1433 17  0 82  0  0
procs -----------memory---------- ---swap-- -----io---- -system-- -----cpu------
 r  b   swpd   free   buff  cache   si   so    bi    bo   in   cs us sy id wa st
 0  0   9756 799712  18260 6915284    0    0     0     0  796 1003  0  0 100  0  0
 0  0   9756 800356  18260 6915284    0    0     0     0  756  971  0  0 100  0  0
 0  0   9756 801208  18272 6915288    0    0     2   202  676  973  0  0 99  1  0
 0  0   9756 801068  18272 6915284    0    0     0     0  676  948  0  0 100  0  0
 0  0   9756 801500  18272 6915284    0    0     0    10  732  986  0  0 100  0  0
 0  0   9756 801656  18272 6915796    0    0   256     0  722  957  0  0 100  0  0
 0  0   9756 801780  18272 6915796    0    0     0     0  670  946  0  0 100  0  0
 0  0   9756 801276  18272 6915784    0    0     0     2  661  960  0  0 100  0  0
 0  0   9756 801680  18272 6915784    0    0     0     0  664  969  0  0 100  0  0
 0  0   9756 802088  18272 6915784    0    0     0   178  732  939  0  0 100  0  0
 0  0   9756 802148  18280 6915796    0    0     0    42  711  946  0  0 99  0  0
 0  0   9756 802148  18280 6915796    0    0     0     0  687  940  0  0 100  0  0
 0  0   9756 801528  18280 6915796    0    0     0    10  673  964  0  0 100  0  0
 0  0   9756 801324  18280 6915796    0    0     0     0  665  943  0  0 100  0  0
 0  0   9756 801464  18280 6915792    0    0     0    14  677  961  0  0 100  0  0
 0  0   9756 800784  18280 6916652    0    0   416     0 1619 2333  1  0 98  0  0
 5  0   9756 771676  18280 6917508    0    0    76     0 4199 4760 25  1 74  0  0
 7  0   9756 744596  18280 6917492    0    0     0    66 20013 23843 56  2 41  0  0
15  0   9756 753396  18288 6917496    0    0     0   254 21864 17389 80  5 15  0  0
12  0   9756 741136  18288 6929664    0    0  6090     0 3422 3003 94  4  2  0  0
12  0   9756 741776  18288 6929664    0    0     0     0 3388 2995 95  4  1  0  0
procs -----------memory---------- ---swap-- -----io---- -system-- -----cpu------
 r  b   swpd   free   buff  cache   si   so    bi    bo   in   cs us sy id wa st
11  0   9756 721176  18288 6929964    0    0     0     0 6284 5570 83  3 14  0  0
15  0   9756 719556  18288 6929980    0    0     0     8 14763 12117 90  4  6  0  0
10  0   9756 721324  18288 6930220    0    0     0     0 9395 5190 87  4  9  0  0
11  0   9756 721324  18304 6930436    0    0     6     0 8665 8136 87  4 10  0  0
12  0   9756 721452  18312 6930600    0    0     0   292 5177 4186 90  4  6  0  0
13  0   9756 722328  18312 6930604    0    0     0     0 3544 3038 96  4  1  0  0
12  0   9756 723216  18312 6930604    0    0     0   312 4397 3127 94  4  2  0  0
 7  0   9756 722932  18420 6930668    0    0    52     0 3245 2958 78  2 18  1  0
 3  0   9756 721684  18444 6930740    0    0    12    12 2482 2486 50  1 49  0  0
 1  0   9756 721716  18456 6930816    0    0     4     0 1484 1509 17  0 83  0  0
 0  0   9756 721384  18476 6930824    0    0    10     0  802 1011  1  0 98  0  0
 0  0   9756 721672  18476 6930824    0    0     0    14  667  948  0  0 100  0  0
 0  0   9756 722292  18484 6930824    0    0     0   390  714  966  0  0 99  1  0
 0  0   9756 722732  18484 6930824    0    0     0     0  714  991  0  0 100  0  0
 0  0   9756 723352  18484 6930808    0    0     0     0  675  912  0  0 100  0  0
 0  0   9756 723404  18484 6930824    0    0     0     0  709  923  0  0 100  0  0
 0  0   9756 723772  18484 6930816    0    0     0     2  663  945  0  0 100  0  0
 0  0   9756 724156  18484 6930820    0    0     0     0  646  911  0  0 100  0  0
 0  0   9756 724032  18484 6930816    0    0     0    10  661  933  0  0 100  0  0
 0  0   9756 723856  18484 6930816    0    0     0     0  704  926  0  0 100  0  0
 0  0   9756 724104  18492 6930796    0    0     0    38  646  938  0  0 99  0  0
procs -----------memory---------- ---swap-- -----io---- -system-- -----cpu------
 r  b   swpd   free   buff  cache   si   so    bi    bo   in   cs us sy id wa st
 0  0   9756 724236  18492 6930800    0    0     0     0  663  954  0  0 100  0  0
 0  0   9756 724484  18492 6930796    0    0     0     0  663  939  0  0 100  0  0
 0  0   9756 724608  18492 6930796    0    0     0     6  654  940  0  0 100  0  0
 6  0   9756 717880  18492 6931644    0    0     0     0 11274 10427 35  2 63  0  0
13  0   9756 700156  18492 6935272    0    0  1812     0 21762 27685 67  3 30  0  0
12  0   9756 700036  18492 6935268    0    0     0    10 6143 6162 94  4  2  0  0
12  0   9756 700564  18492 6935256    0    0     0     0 3519 3108 96  4  1  0  0
12  0   9756 700644  18500 6935248    0    0     0   492 3529 3044 95  4  1  0  0
 9  0   9756 735368  18516 6935592    0    0     8     0 11778 16863 80  4 16  0  0
12  0   9756 714112  18516 6935688    0    0     0     0 6089 5199 86  4 11  0  0
10  0   9756 713836  18564 6936000    0    0    20    24 10095 4539 85  4 11  0  0
12  0   9756 713712  18576 6936248    0    0     6     0 11927 11907 82  5 14  0  0
13  0   9756 713512  18576 6936248    0    0     0     0 4016 3191 95  4  1  0  0
12  0   9756 713668  18576 6936240    0    0     0     0 4193 2870 95  4  1  0  0
12  0   9756 713536  18576 6936312    0    0     0     0 5861 3878 94  4  2  0  0
 7  0   9756 716180  18596 6936360    0    0     6   396 3518 3098 82  3 15  0  0
 5  0   9756 716540  18608 6936424    0    0     6     0 2408 2313 45  1 55  0  0
 1  0   9756 714196  18608 6936472    0    0     0     0 1639 1588 21  0 79  0  0
 1  0   9756 714312  18608 6936476    0    0     0     0 1109 1213  8  0 91  0  0
 0  0   9756 713732  18608 6936500    0    0     0     0  861 1066  3  0 97  0  0
 0  0   9756 713632  18612 6936524    0    0     0     6  819 1009  0  0 100  0  0
procs -----------memory---------- ---swap-- -----io---- -system-- -----cpu------
 r  b   swpd   free   buff  cache   si   so    bi    bo   in   cs us sy id wa st
 0  0   9756 714160  18612 6936520    0    0     0     0  690  948  0  0 100  0  0
 0  0   9756 713880  18612 6936528    0    0     0    14  733  962  0  0 100  0  0
 0  0   9756 715588  18620 6936516    0    0     0   376  716  951  0  0 99  1  0
 0  0   9756 715852  18620 6936516    0    0     0     0  698  945  0  0 100  0  0
 2  0   9756 715640  18620 6936508    0    0     0    14  812 1226  1  0 99  0  0
 6  0   9756 706056  18620 6937360    0    0     0     0 19386 22778 31  2 67  0  0
16  0   9756 672948  18620 6937372    0    0     0    64 33387 39044 61  4 34  0  0
12  0   9756 676048  18620 6937372    0    0     0     0 4981 2946 96  4  1  0  0
15  0   9756 676420  18620 6937376    0    0     0     0 3544 3010 96  3  1  0  0
12  0   9756 677080  18620 6937376    0    0     0     0 3791 3328 96  3  1  0  0
10  0   9756 675556  18632 6937632    0    0     0   172 6965 6284 84  3 12  0  0
10  1   9756 676300  18636 6937712    0    0     2   372 12440 12238 89  4  7  0  0
 9  0   9756 671864  18636 6937968    0    0     0     0 8619 5347 87  3  9  0  0
10  0   9756 671652  18640 6938380    0    0     0     0 8739 5988 76  4 20  0  0
12  0   9756 675084  18640 6938384    0    0     0     0 6785 5723 93  4  3  0  0
14  0   9756 675840  18640 6938384    0    0     0     0 3563 3006 96  4  1  0  0
13  0   9756 676036  18640 6938388    0    0     0     6 4210 3001 95  3  2  0  0
 8  0   9756 676284  18664 6938440    0    0    12     0 3395 2969 77  2 20  0  0
 5  0   9756 678148  18676 6938532    0    0     0   466 2459 2223 44  1 55  0  0
 0  0   9756 678380  18680 6938604    0    0     0    12 1370 1489 17  0 83  0  0
 0  0   9756 678896  18680 6938596    0    0     0     0  682  938  0  0 100  0  0
procs -----------memory---------- ---swap-- -----io---- -system-- -----cpu------
 r  b   swpd   free   buff  cache   si   so    bi    bo   in   cs us sy id wa st
 0  0   9756 677440  18680 6938596    0    0     0    18  813  979  0  0 100  0  0
 0  0   9756 677840  18680 6938592    0    0     0     0  715  983  0  0 100  0  0
 0  0   9756 677840  18680 6938592    0    0     0     0  688  946  0  0 100  0  0
 0  0   9756 678836  18680 6938588    0    0     0     0  680  944  0  0 100  0  0
 0  0   9756 679208  18692 6938588    0    0     2   282  697  971  0  0 99  1  0
 0  0   9756 680324  18692 6938588    0    0     0     0  688  947  0  0 100  0  0
 0  0   9756 680564  18692 6938588    0    0     0     0  730  951  0  0 100  0  0
 0  0   9756 680324  18692 6938580    0    0     0     0  662  954  0  0 100  0  0
 0  0   9756 680344  18692 6938568    0    0     0     8  894 1376  1  0 99  0  0
10  0   9756 677188  18692 6939428    0    0     0     0 14079 18031 56  3 41  0  0
12  0   9756 677148  18692 6939436    0    0     0     0 12631 15113 89  5  6  0  0
12  0   9756 677700  18692 6939440    0    0     0     0 3569 3024 96  4  1  0  0
15  0   9756 677112  18700 6939448    0    0     0   206 3526 3050 95  4  2  0  0
12  0   9756 677112  18704 6939436    0    0     0   410 3772 3246 95  4  1  0  0
10  0   9756 675844  18716 6939992    0    0     0     0 9986 10653 72  3 25  0  0
12  0   9756 675596  18716 6940092    0    0     0    10 7726 6511 86  4 10  0  0
11  0   9756 673516  18728 6940420    0    0     0     0 6345 5099 87  4  9  0  0
12  0   9756 675112  18728 6940424    0    0     0     0 6872 4960 93  4  2  0  0
13  0   9756 675248  18728 6940424    0    0     0    16 3635 3138 95  4  1  0  0
11  0   9756 676144  18732 6940480    0    0     0     0 3558 3068 92  3  5  0  0
 9  0   9756 676120  18744 6940492    0    0     0   394 3855 3067 86  3 10  0  0
procs -----------memory---------- ---swap-- -----io---- -system-- -----cpu------
 r  b   swpd   free   buff  cache   si   so    bi    bo   in   cs us sy id wa st
 4  0   9756 675764  18780 6940584    0    0    18     0 2828 2516 54  1 44  0  0
 1  0   9756 675268  18780 6940652    0    0     0     0 1907 1865 27  0 72  0  0
 0  0   9756 675576  18780 6940648    0    0     0     0 1120 1225  8  0 92  0  0
 0  0   9756 675724  18780 6940660    0    0     0     0  757  963  0  0 100  0  0
 0  0   9756 676228  18780 6940660    0    0     0     8  704  977  0  0 100  0  0
 1  0   9756 676096  18780 6940664    0    0     0     0  713  914  0  0 100  0  0
 0  0   9756 676940  18788 6940648    0    0     0   364  700  956  0  0 99  1  0
 0  0   9756 677188  18788 6940652    0    0     0     0  663  947  0  0 100  0  0
 0  0   9756 677624  18788 6940648    0    0     0     0  637  920  0  0 100  0  0
 0  0   9756 677748  18788 6940636    0    0     0     8  678  930  0  0 100  0  0
 0  0   9756 678392  18788 6940648    0    0     0     0  684  920  0  0 100  0  0
 0  0   9756 677864  18788 6940652    0    0     0     0  664  932  0  0 100  0  0
 0  0   9756 677996  18788 6940652    0    0     0    10  748  969  0  0 100  0  0
 0  0   9756 677748  18788 6940652    0    0     0     0  644  945  0  0 100  0  0
 0  0   9756 678492  18796 6940652    0    0     0   442  769  944  0  0 99  0  0
 0  0   9756 678120  18796 6940656    0    0     0     0  725  951  0  0 100  0  0
 0  0   9756 677872  18796 6940660    0    0     0     0  650  938  0  0 100  0  0
 0  0   9756 677252  18796 6940660    0    0     0     0  669  939  0  0 100  0  0
 0  0   9756 678492  18796 6940664    0    0     0     0  701  932  0  0 100  0  0
 0  0   9756 677624  18796 6940664    0    0     0     0  667  982  0  0 100  0  0
 8  0   9756 675752  18796 6941592    0    0    50     0 4181 4554 25  1 74  0  0
procs -----------memory---------- ---swap-- -----io---- -system-- -----cpu------
 r  b   swpd   free   buff  cache   si   so    bi    bo   in   cs us sy id wa st
10  0   9756 675448  18796 6941628    0    0     0     0 12629 16441 65  3 32  0  0
12  0   9756 675156  18804 6941632    0    0     0   212 14286 15712 85  5 10  0  0
14  0   9756 675900  18804 6941632    0    0     0     0 3408 3011 95  4  1  0  0
12  0   9756 676448  18804 6941624    0    0     0     0 3506 3129 94  4  2  0  0
 7  0   9756 672984  18816 6942092    0    0     0     0 5331 4070 84  3 12  0  0
13  0   9756 668340  18816 6942180    0    0     0     0 26720 27019 71  5 24  0  0
13  0   9756 670996  18816 6941400    0    0     0    20 5103 3708 92  4  4  0  0
11  0   9756 670484  18816 6941356    0    0     0     0 7945 6757 87  4  9  0  0
12  0   9756 671352  18816 6941432    0    0     0     2 4595 3814 94  4  3  0  0
13  0   9756 671504  18824 6941452    0    0     0   806 3646 3045 96  3  1  0  0
11  0   9756 671132  18824 6941444    0    0     0     0 4800 2925 93  4  3  0  0
 4  0   9756 671760  18824 6941468    0    0     0    14 3349 2969 73  2 25  0  0
 3  0   9756 670016  18824 6941840    0    0     0     0 6672 6233 32  1 67  0  0
 0  0   9756 669536  18828 6941848    0    0     2     0 5685 4430 17  1 82  0  0
 3  0   9756 668956  18828 6941848    0    0     0     0 5535 2985 15  1 84  0  0
 5  0   9756 668284  18828 6941836    0    0     0     0 12273 8069 29  1 69  0  0
 5  1   9756 669768  18840 6941832    0    0     0   344 16278 12750 34  2 65  0  0
 4  0   9756 670028  18840 6941836    0    0     0     0 14076 10296 33  1 65  0  0
 3  0   9756 670028  18840 6941836    0    0     0   690 15762 10600 36  1 63  0  0
 4  0   9756 670064  18840 6941836    0    0     0     0 10369 5947 29  1 70  0  0
 0  0   9756 670304  18840 6941888    0    0     0     0 3336 2443 11  0 89  0  0
procs -----------memory---------- ---swap-- -----io---- -system-- -----cpu------
 r  b   swpd   free   buff  cache   si   so    bi    bo   in   cs us sy id wa st
 0  0   9756 670912  18840 6941884    0    0     0     0  651  926  0  0 100  0  0
 0  0   9756 671392  18840 6941884    0    0     0     0  677  916  0  0 100  0  0
 0  0   9756 671540  18840 6941884    0    0     0    18  650  946  0  0 100  0  0
 0  0   9756 671444  18848 6941884    0    0     0   200  729 1000  0  0 99  1  0
 2  0   9756 671576  18848 6942684    0    0     0     0 1894 2460  5  0 94  0  0
 2  0   9756 697368  18848 6942780    0    0     0    12 30843 33194 11  2 88  0  0
14  0   9756 718572  18848 6942796    0    0     0     0 15624 18742 71  4 25  0  0
13  0   9756 718076  18848 6942796    0    0     0     4 3392 3077 96  3  1  0  0
12  0   9756 718160  18848 6942792    0    0     0     0 3478 3039 96  3  1  0  0
13  0   9756 718740  18848 6942792    0    0     0     0 3532 3009 96  4  0  0  0
13  0   9756 718140  18848 6942796    0    0     0     0 4182 2894 95  4  2  0  0
11  0   9756 714728  18860 6943024    0    0     2   216 5674 3654 89  3  7  0  0
 6  0   9756 695248  18988 6943652    0    0    58    34 11777 9415 58  2 39  1  0
12  0   9756 691156  18988 6943744    0    0     0     0 14003 16190 74  4 22  0  0
11  0   9756 690536  18988 6943756    0    0     0     0 4229 2909 92  4  5  0  0
11  0   9756 690776  18988 6943760    0    0     0     8 3682 3163 88  3  9  0  0
11  0   9756 691300  18988 6943760    0    0     0     0 3707 3161 88  3  9  0  0
 8  0   9756 694036  18992 6943812    0    0     0     0 3269 2830 71  2 27  0  0
 1  0   9756 694268  18992 6943852    0    0     0     0 2655 2253 44  1 55  0  0
 1  0   9756 695036  19000 6943912    0    0     0   566 7222 12497  5  0 93  2  0
 1  0   9756 695424  19000 6943912    0    0     0   470 1190 1177  9  0 91  0  0
procs -----------memory---------- ---swap-- -----io---- -system-- -----cpu------
 r  b   swpd   free   buff  cache   si   so    bi    bo   in   cs us sy id wa st
 1  0   9756 695084  19000 6944252    0    0     0     0 1084 1184  8  0 91  0  0
 2  0   9756 695760  19000 6944240    0    0     0    12 1120 1185  8  0 91  0  0
 1  0   9756 695388  19000 6944236    0    0     0     0 1189 1194  8  0 91  0  0
 0  0   9756 695240  19000 6944216    0    0     0     0  713  962  0  0 99  0  0
 0  0   9756 695992  19000 6944212    0    0     0     8  670  938  0  0 100  0  0
 0  0   9756 696316  19008 6944168    0    0     0   106  636  920  0  0 99  0  0
 0  0   9756 696856  19008 6944168    0    0     0     0  667  941  0  0 100  0  0
 0  0   9756 696764  19008 6944132    0    0     0     0  695  946  0  0 100  0  0
 0  0   9756 697756  19008 6944132    0    0     0     0  701  968  0  0 100  0  0
 0  0   9756 697640  19008 6944092    0    0     0     0  676  955  0  0 100  0  0
 0  0   9756 698012  19008 6944088    0    0     0     0  662  939  0  0 100  0  0
 0  0   9756 698104  19008 6944064    0    0     0     8  641  948  0  0 100  0  0
 6  0   9756 698228  19008 6944080    0    0     0     0  898 1350  1  0 99  0  0
10  0   9756 671632  19016 6944860    0    0     0   196 29581 33705 56  5 39  0  0
13  0   9756 673828  19016 6944868    0    0     0     2 9879 11286 92  5  4  0  0
12  0   9756 674324  19016 6944844    0    0     0     0 3460 3029 95  3  2  0  0
12  0   9756 674672  19016 6944848    0    0     0    18 3374 3036 95  4  1  0  0
14  0   9756 674920  19016 6944828    0    0     0     0 3513 2977 95  4  1  0  0
11  0   9756 668592  19016 6945232    0    0     0     0 16302 19839 75  4 21  0  0
12  0   9756 668600  19016 6945248    0    0     0    14 5542 4925 93  4  4  0  0
11  0   9756 729956  19016 6945792    0    0     0     0 11648 14407 61  3 35  0  0
procs -----------memory---------- ---swap-- -----io---- -system-- -----cpu------
 r  b   swpd   free   buff  cache   si   so    bi    bo   in   cs us sy id wa st
10  0   9756 710000  19024 6945768    0    0     0   736 6391 4600 85  3 12  0  0
11  0   9756 770636  19024 6945784    0    0     0     0 6864 6755 80  4 16  0  0
11  0   9756 770916  19024 6945764    0    0     0     0 13712 16045 78  4 18  0  0
10  0   9756 709536  19028 6945948    0    0     0     0 11692 12532 79  4 18  0  0
 6  0   9756 709652  19028 6946000    0    0     0     0 2663 2680 58  1 41  0  0
 4  0   9756 708892  19028 6946076    0    0     0    10 2174 2143 39  1 60  0  0
 4  0   9756 708396  19028 6946076    0    0     0     0 2077 1925 34  0 65  0  0
 1  0   9756 709776  19036 6946108    0    0     0   344 1574 1555 20  0 79  0  0
 0  0   9756 708680  19036 6946124    0    0     0    10  743  982  1  0 99  0  0
 0  0   9756 708580  19036 6946120    0    0     0     0  699  941  0  0 100  0  0
 0  0   9756 709092  19036 6946116    0    0     0     0  686  926  0  0 100  0  0
 0  0   9756 709472  19036 6946096    0    0     0     0  706  916  0  0 100  0  0
 0  0   9756 709524  19036 6946088    0    0     0     0  662  959  0  0 100  0  0
 0  0   9756 710516  19036 6946084    0    0     0    22  698  935  0  0 100  0  0
 0  0   9756 710816  19036 6946076    0    0     0     0  654  925  0  0 100  0  0
 0  0   9756 712076  19044 6946080    0    0     0   116  668  941  0  0 99  0  0
 0  0   9756 712960  19044 6946084    0    0     0     0  708  936  0  0 100  0  0
 8  0   9756 707464  19044 6946940    0    0     0     0 14822 17731 41  2 57  0  0
11  0   9756 728172  19044 6946948    0    0     0     4 21964 25910 71  4 25  0  0
12  0   9756 730224  19044 6946948    0    0     0     0 9200 7694 94  4  2  0  0
13  0   9756 730416  19044 6946940    0    0     0     0 3377 3017 95  4  2  0  0
procs -----------memory---------- ---swap-- -----io---- -system-- -----cpu------
 r  b   swpd   free   buff  cache   si   so    bi    bo   in   cs us sy id wa st
12  0   9756 730788  19044 6946940    0    0     0     0 3457 3031 95  4  1  0  0
10  0   9756 726200  19592 6947236    0    0   272     0 9373 8609 81  4 12  3  0
12  1   9756 724776  19628 6947336    0    0    14   482 11053 5481 92  4  4  0  0
11  0   9756 725420  19664 6947704    0    0    16     0 5374 4342 89  3  8  0  0
12  0   9756 724140  19664 6947964    0    0     0     8 6793 5586 85  4 11  0  0
12  0   9756 724636  19664 6947964    0    0     0     0 4055 3383 96  4  1  0  0
16  0   9756 725136  19664 6947968    0    0     0     0 3717 2891 96  4  1  0  0
10  0   9756 726268  19664 6947980    0    0     0     0 4187 3119 93  4  3  0  0
 5  0   9756 726288  19668 6948036    0    0     2     0 2744 2573 59  1 39  0  0
 2  0   9756 726544  19668 6948096    0    0     0    30 2004 1980 31  1 69  0  0
 0  0   9756 728832  19680 6948140    0    0     2   454 1097 1154  5  0 93  1  0
 0  0   9756 729236  19680 6948140    0    0     0     0  687  947  0  0 100  0  0
 0  0   9756 729976  19764 6948148    0    0    10   192  823 1064  0  0 97  2  0
 0  0   9756 730116  19764 6948148    0    0     0     0  676  944  0  0 100  0  0
 0  0   9756 730020  19764 6948148    0    0     0     4  683  955  0  0 100  0  0
 0  0   9756 730788  19764 6948136    0    0     0     0  709  953  0  0 100  0  0
 0  0   9756 731036  19764 6948136    0    0     0     0  699  951  0  0 100  0  0
 0  0   9756 731060  19764 6948128    0    0     0     6  666  990  0  0 100  0  0
 0  0   9756 730812  19764 6948128    0    0     0     0  712  958  0  0 100  0  0
 0  1   9756 731516  19772 6948116    0    0     0   476  790  956  0  0 98  1  0
 0  0   9756 731268  19772 6948124    0    0     0     0  713  940  0  0 99  0  0
procs -----------memory---------- ---swap-- -----io---- -system-- -----cpu------
 r  b   swpd   free   buff  cache   si   so    bi    bo   in   cs us sy id wa st
 7  0   9756 730368  19772 6948992    0    0     0     0 1664 2506 12  1 87  0  0
 9  0   9756 728508  19772 6949000    0    0     0     0 16833 20554 67  3 30  0  0
12  0   9756 727904  19772 6949900    0    0   512     0 8845 9486 91  4  4  0  0
12  0   9756 726016  19780 6951936    0    0  1028     0 3507 3069 96  4  1  0  0
12  0   9756 724320  19780 6953980    0    0  1024     0 3501 3004 96  4  0  0  0
12  0   9756 722176  19784 6956016    0    0  1026     0 3550 3014 95  4  1  0  0
10  0   9756 693416  19812 6958656    0    0  1030   420 17106 18829 62  3 35  0  0
13  0   9756 709536  19820 6960912    0    0  1028     0 12641 11422 90  4  6  0  0
12  0   9756 706280  19836 6963216    0    0  1030     2 7032 6486 86  4 10  0  0
13  0   9756 704312  19840 6965268    0    0  1026     0 3486 3025 96  4  1  0  0
12  0   9756 702368  19840 6967836    0    0  1280     0 3493 3015 95  4  1  0  0
13  0   9756 699092  19844 6969892    0    0  1026     4 4021 2887 93  4  3  0  0
 6  0   9756 696984  19844 6972000    0    0  1024     0 4637 2818 81  3 16  0  0
 2  0   9756 694976  19856 6974144    0    0  1030     4 1919 1901 30  1 69  0  0
 0  0   9756 698504  19864 6976248    0    0  1024   450 1145 1209  8  0 91  1  0
 0  0   9756 696620  19868 6978296    0    0  1026     0  692  923  0  0 100  0  0
 0  0   9756 694776  19868 6980360    0    0  1024   414  873  970  0  0 99  0  0
 0  0   9756 693196  19872 6982408    0    0  1026     0  697  924  0  0 100  0  0
 0  0   9756 691188  19872 6984704    0    0  1154     0  670  923  0  0 100  0  0
 0  0   9756 689732  19876 6986756    0    0  1026     0  688  912  0  0 100  0  0
 0  0   9756 688144  19876 6988796    0    0  1024     0  635  894  0  0 100  0  0
procs -----------memory---------- ---swap-- -----io---- -system-- -----cpu------
 r  b   swpd   free   buff  cache   si   so    bi    bo   in   cs us sy id wa st
 0  0   9756 685516  19888 6990840    0    0  1026   110  671  958  0  0 99  1  0
 0  0   9756 684524  19888 6992500    0    0   768     0  641  903  0  0 100  0  0
 0  0   9756 682920  19888 6994436    0    0  1024    22  662  900  0  0 100  0  0
 0  0   9756 680688  19892 6996484    0    0  1026     0  711  918  0  0 100  0  0
 0  0   9756 678580  19892 6998516    0    0  1024     0  677  922  0  0 100  0  0
 0  0   9756 676968  19896 7000536    0    0  1026     2  632  912  0  0 100  0  0
 0  0   9756 674744  19896 7002588    0    0  1024     0  632  903  0  0 100  0  0
 0  0   9756 672548  19900 7004620    0    0  1026     6  656  916  0  0 100  0  0
 0  0   9756 669812  19908 7006672    0    0  1024    34 1340 1661  1  0 98  0  0
 0  0   9756 663156  19912 7008416    0    0  1026     0 26837 40596  8  2 90  0  0
13  0   9756 622732  19912 7010468    0    0  1024     0 21924 19896 74  5 22  0  0
12  0   9756 689576  19916 7012516    0    0  1026     0 4316 2990 95  4  1  0  0
12  0   9756 687824  19916 7014564    0    0  1024    12 3523 3005 96  4  1  0  0
13  0   9756 683128  19920 7016556    0    0  1026     0 4453 2968 95  3  1  0  0
14  0   9756 681740  19920 7018616    0    0  1024     0 6153 2844 95  4  1  0  0
10  0   9756 682592  19924 7020756    0    0  1026     2 5651 3436 87  4  9  0  0
 7  0   9756 634720  19932 7023296    0    0  1024   794 7330 6813 67  3 31  0  0
10  0   9756 631100  19936 7025616    0    0  1026   600 9224 10698 65  3 33  0  0
13  0   9756 629156  19936 7027684    0    0  1024     0 7763 6519 80  4 16  0  0
14  0   9756 625576  19940 7029716    0    0  1026     0 4023 2929 95  4  2  0  0
12  0   9756 625704  19940 7031772    0    0  1024     0 3994 3207 95  4  1  0  0
procs -----------memory---------- ---swap-- -----io---- -system-- -----cpu------
 r  b   swpd   free   buff  cache   si   so    bi    bo   in   cs us sy id wa st
 8  0   9756 624240  19944 7033824    0    0  1026     0 3385 2956 85  3 12  0  0
 5  0   9756 621616  19944 7035976    0    0  1024     2 2615 2447 53  1 46  0  0
 4  1   9756 619980  19960 7038060    0    0  1026   434 1726 1725 29  0 70  1  0
 0  0   9756 617596  19960 7040160    0    0  1024     0  893 1056  4  0 95  1  0
 0  0   9756 615676  19964 7042084    0    0  1026     6  696  988  0  0 100  0  0
 0  0   9756 613840  19964 7044400    0    0  1024     0  690  921  0  0 100  0  0
 0  0   9756 612112  19968 7046288    0    0  1026     0  691  941  0  0 100  0  0
 0  0   9756 610004  19968 7048228    0    0  1024     0  757  948  0  0 100  0  0
 0  0   9756 607912  19972 7050532    0    0  1026     0  674  936  0  0 100  0  0
 0  0   9756 606364  19972 7052448    0    0  1024    12  708  975  0  0 100  0  0
 0  0   9756 604636  19984 7054500    0    0  1026   142  705  957  0  0 99  1  0
 0  0   9756 602776  19984 7056676    0    0  1024     0  692  945  0  0 100  0  0
10  0   9756 595424  19988 7059008    0    0   770     0 3445 4450 19  1 80  0  0
12  0   9756 620100  19988 7061008    0    0  1024     0 27400 33438 66  5 29  0  0
12  0   9756 618452  19992 7063048    0    0  1026    88 3885 3390 95  4  1  0  0
13  0   9756 617816  19992 7065100    0    0  1024     0 3461 3008 95  3  2  0  0
12  0   9756 615784  19996 7067144    0    0  1026     0 3643 3068 95  4  1  0  0
 6  0   9756 614144  19996 7069204    0    0  1024     0 3786 3392 89  4  7  0  0
11  0   9756 586244  20008 7071736    0    0  1026   316 13680 16139 75  4 20  0  0
10  0   9756 640804  20012 7073884    0    0  1024   414 17515 13508 89  4  7  0  0
11  0   9756 594872  20016 7076348    0    0  1026     0 8182 5729 84  4 12  0  0
procs -----------memory---------- ---swap-- -----io---- -system-- -----cpu------
 r  b   swpd   free   buff  cache   si   so    bi    bo   in   cs us sy id wa st
13  0   9756 593416  20016 7078408    0    0  1024     4 4551 3683 95  4  1  0  0
14  0   9756 590328  20020 7080460    0    0  1026     0 4483 2989 95  4  1  0  0
13  0   9756 588972  20020 7082528    0    0  1024     0 3538 2970 93  3  3  0  0
 8  0   9756 588228  20020 7083428    0    0   384     0 4053 3030 83  3 14  0  0
 3  0   9756 587824  20020 7083560    0    0     0     0 3605 3362 41  1 58  0  0
 0  0   9756 588492  20036 7083620    0    0     2   416 1526 1551  8  0 91  1  0
 0  0   9756 588776  20036 7083632    0    0     0     0  899 1048  1  0 99  0  0
 0  0   9756 589048  20036 7083624    0    0     0     0  894 1154  0  0 99  0  0
 0  0   9756 589164  20036 7083624    0    0     0    16  906 1150  1  0 99  0  0
 0  0   9756 589692  20036 7083616    0    0     0     0 1166 1547  1  0 99  0  0
 0  0   9756 589684  20036 7083616    0    0     0     6 1195 1364  1  0 99  0  0
 0  0   9756 589336  20036 7083616    0    0     0     0 1643 1730  1  0 98  0  0
 0  0   9756 591064  20044 7083604    0    0     0   174 1519 1847  1  0 98  1  0
 0  0   9756 591984  20044 7083612    0    0     0     4 1625 1655  3  0 97  0  0
 0  0   9756 591852  20044 7083612    0    0     0     0 1691 1150  5  0 95  0  0
 1  0   9756 591476  20044 7083584    0    0     0     2 2023  998  7  0 93  0  0
 1  0   9756 591848  20044 7083588    0    0     0     0 2334  958  8  0 91  0  0
 6  0   9756 593312  20044 7083580    0    0     0     0 2289 1517  8  1 92  0  0
 5  0   9756 583520  20044 7084476    0    0     0     4 20594 23318 38  1 61  0  0
12  0   9756 594572  20044 7084480    0    0     0     0 35310 42989 61  5 34  0  0
12  0   9756 594292  20056 7084476    0    0     0   574 5149 5398 95  4  1  0  0
procs -----------memory---------- ---swap-- -----io---- -system-- -----cpu------
 r  b   swpd   free   buff  cache   si   so    bi    bo   in   cs us sy id wa st
14  0   9756 594344  20056 7084488    0    0     0     0 3575 2982 95  4  1  0  0
14  0   9756 592640  20056 7084488    0    0     0     0 5189 2874 95  3  2  0  0
13  0   9756 588704  20056 7084648    0    0     0    10 10202 6523 90  4  6  0  0
10  0   9756 588920  20056 7084732    0    0     0     0 3955 3072 92  4  5  0  0
 9  0   9756 589052  20068 7084956    0    0     6    20 8460 7045 84  3 13  0  0
11  0   9756 587440  20068 7085488    0    0     0     0 8832 7856 80  4 16  0  0
12  0   9756 587432  20068 7085492    0    0     0     0 4097 3570 94  4  2  0  0
14  0   9756 589540  20076 7085500    0    0     0   382 3732 3132 95  4  1  0  0
10  0   9756 588308  20076 7085500    0    0     0     0 4315 2917 92  4  4  0  0
 8  0   9756 588308  20076 7085516    0    0     0     2 3344 2920 79  3 19  0  0
 3  0   9756 588336  20076 7085600    0    0     0     0 2468 2300 46  1 53  0  0
 0  0   9756 586272  20084 7085720    0    0     0     0 1274 1352  8  0 92  0  0
 0  0   9756 587028  20084 7085716    0    0     0     6  738  979  0  0 100  0  0
 0  0   9756 587084  20084 7085716    0    0     0     0  742  993  0  0 100  0  0
 0  0   9756 586968  20084 7085712    0    0     0     6  686  952  0  0 100  0  0
 0  0   9756 589572  20092 7085708    0    0     0   394  745  960  0  0 99  1  0
 1  0   9756 589896  20092 7085692    0    0     0     0  703  938  0  0 100  0  0
 0  0   9756 590268  20092 7085692    0    0     0     0  674  958  0  0 100  0  0
 0  0   9756 590672  20092 7085664    0    0     0     0  707  972  0  0 100  0  0
 0  0   9756 590460  20092 7085664    0    0     0    12  704  940  0  0 100  0  0
 0  0   9756 590748  20092 7085672    0    0     0     0  723  931  0  0 100  0  0
procs -----------memory---------- ---swap-- -----io---- -system-- -----cpu------
 r  b   swpd   free   buff  cache   si   so    bi    bo   in   cs us sy id wa st
 0  0   9756 590800  20092 7085684    0    0     0     0  702  947  0  0 100  0  0
 0  0   9756 591288  20092 7085672    0    0     0    26  671  948  0  0 100  0  0
 0  0   9756 590784  20100 7085672    0    0     0    32  647  941  0  0 99  0  0
12  0   9756 594388  20100 7085668    0    0     0   408 1325 2087  1  0 98  0  0
 8  0   9756 587444  20100 7086544    0    0     0     0 21197 23245 52  2 46  0  0
12  0   9756 580864  20100 7086536    0    0     0     0 25270 31708 70  4 26  0  0
 1  0   9756 526552  20100 7086540    0    0     0     0 3548 3026 94  4  2  0  0
 1  0   9756 516652  20100 7086544    0    0     0     0  994  583  9  0 91  0  0
12  0   9756 648828  20128 6954400    0    0    14    68 2050 1360 32  1 67  0  0
14  0   9756 647448  20128 6954324    0    0     0     0 4655 2941 96  4  0  0  0
 9  0   9756 649708  20140 6954396    0    0     0   168 4046 3313 85  3 12  0  0
12  0   9756 623288  20140 6954552    0    0     0     4 10186 11389 82  4 14  0  0
11  0   9756 623256  20144 6954716    0    0     0     0 3762 3133 93  3  4  0  0
12  0   9756 622336  20160 6955140    0    0     8     0 8739 6620 84  5 12  0  0
13  0   9756 622240  20160 6955144    0    0     0     0 5173 4513 93  5  2  0  0
12  0   9756 622756  20160 6955100    0    0     0     0 3532 3152 95  4  0  0  0
10  0   9756 622952  20160 6955112    0    0     0    16 3551 3107 90  4  6  0  0
 7  0   9756 622240  20160 6955172    0    0     0     0 2932 2907 66  2 32  0  0
 3  0   9756 624340  20168 6955244    0    0     0   540 2184 2136 37  1 61  1  0
 0  0   9756 623992  20168 6955288    0    0     0     0 1124 1199  8  0 91  0  0
 0  0   9756 624156  20168 6955284    0    0     0     0  676  927  0  0 100  0  0
procs -----------memory---------- ---swap-- -----io---- -system-- -----cpu------
 r  b   swpd   free   buff  cache   si   so    bi    bo   in   cs us sy id wa st
 0  0   9756 624424  20168 6955264    0    0     0     2  678  949  0  0 100  0  0
 0  0   9756 624664  20168 6955264    0    0     0     0  662  934  0  0 100  0  0
 0  0   9756 625044  20168 6955256    0    0     0     2  665  940  0  0 100  0  0
 0  0   9756 625900  20168 6955252    0    0     0     0  707  941  0  0 100  0  0
 0  0   9756 626048  20176 6955252    0    0     0   252  719  959  0  0 99  1  0
 0  0   9756 624760  20176 6956152    0    0   512   486  807  942  0  0 100  0  0
 0  0   9756 622776  20176 6958172    0    0  1024     0  674  921  0  0 100  0  0
 0  0   9756 620940  20176 6960224    0    0  1024     4  672  919  0  0 100  0  0
 0  0   9756 619840  20176 6962268    0    0  1024     0  672  916  0  0 100  0  0
 0  0   9756 617352  20176 6964320    0    0  1024     0  644  963  0  0 100  0  0
 5  0   9756 612340  20180 6965860    0    0  1024     0 3208 3718 20  1 79  0  0
 8  0   9756 584664  20180 6968196    0    0  1024     0 21766 26049 54  3 43  0  0
12  0   9756 586208  20192 6968348    0    0     2   818 18971 18880 88  6  6  0  0
12  0   9756 586084  20192 6968352    0    0     0     0 3603 3072 95  4  1  0  0
13  0   9756 586544  20192 6968288    0    0     0     0 3479 3017 96  4  0  0  0
10  0   9756 583580  20192 6968592    0    0     0    22 6465 5376 82  3 15  0  0
11  0   9756 585804  20192 6968564    0    0     0     0 9891 7544 91  4  4  0  0
13  0   9756 583516  20192 6968800    0    0     0     0 8320 4434 91  4  5  0  0
11  0   9756 584696  20192 6969160    0    0     0     0 10093 5769 83  4 13  0  0
12  0   9756 584324  20192 6969152    0    0     0     0 6823 7085 94  4  2  0  0
12  0   9756 643876  20200 6969136    0    0     0   356 3811 3213 96  4  0  0  0
procs -----------memory---------- ---swap-- -----io---- -system-- -----cpu------
 r  b   swpd   free   buff  cache   si   so    bi    bo   in   cs us sy id wa st
11  0   9756 644524  20200 6969144    0    0     0     0 4287 3042 94  3  3  0  0
 7  0   9756 644268  20200 6969184    0    0     0     2 3037 2889 70  2 28  0  0
 3  0   9756 643412  20200 6969252    0    0     0     0 2384 2321 40  1 59  0  0
 0  0   9756 642692  20200 6969296    0    0     0     0 1148 1267  9  0 91  0  0
 0  0   9756 643088  20200 6969296    0    0     0    12  732  981  0  0 100  0  0
 0  0   9756 644112  20200 6969300    0    0     0     0  722  964  0  0 100  0  0
 0  1   9756 644372  20212 6969308    0    0     0   802  930 1068  0  0 99  1  0
 0  0   9756 645140  20212 6969312    0    0     0     0  736  962  0  0 98  2  0
 0  0   9756 645988  20212 6969312    0    0     0     0  648  944  0  0 100  0  0
 0  0   9756 646120  20212 6969308    0    0     0    18  702  971  0  0 100  0  0
 0  0   9756 646300  20212 6969296    0    0     0     0  670  950  0  0 100  0  0
 4  0   9756 646284  20212 6969284    0    0     0    14 1495 1923  2  0 98  0  0
 7  0   9756 592432  20212 6970156    0    0     0     0 27054 29844 53  4 43  0  0
12  0   9756 597616  20212 6970168    0    0     0     0 18071 20186 79  5 16  0  0
12  0   9756 597944  20220 6970164    0    0     0   198 3684 3354 95  4  1  0  0
12  0   9756 598484  20220 6970172    0    0     0     0 3424 3013 96  3  0  0  0
 8  0   9756 597752  20220 6970184    0    0     0     0 3486 3099 93  3  4  0  0
10  0   9756 596660  20220 6970464    0    0     0     0 11984 12680 78  3 19  0  0
13  0   9756 593940  20220 6970632    0    0     0     0 8426 3959 90  4  6  0  0
 9  0   9756 595836  20220 6970960    0    0     0     2 9369 6089 84  4 12  0  0
12  0   9756 594620  20220 6971112    0    0     0     0 5077 4061 91  4  5  0  0
procs -----------memory---------- ---swap-- -----io---- -system-- -----cpu------
 r  b   swpd   free   buff  cache   si   so    bi    bo   in   cs us sy id wa st
11  0   9756 595444  20220 6971120    0    0     0     4 3479 3058 96  4  0  0  0
12  0   9756 596948  20228 6971116    0    0     0   382 3511 3103 96  4  0  0  0
 9  0   9756 596032  20228 6971132    0    0     0     0 4148 2968 92  3  4  0  0
 3  0   9756 596340  20228 6971200    0    0     0   330 2553 2469 50  1 49  0  0
 0  0   9756 596728  20228 6971272    0    0     0     0 1667 1693 19  0 81  0  0
 0  0   9756 596784  20228 6971292    0    0     0    22  769  974  0  0 100  0  0
 0  0   9756 596560  20228 6971292    0    0     0     0  793  962  0  0 100  0  0
 0  0   9756 596212  20228 6971292    0    0     0     0  664  930  0  0 100  0  0
 0  0   9756 596984  20228 6971292    0    0     0    16  686  952  0  0 100  0  0
 0  0   9756 598996  20236 6971296    0    0     0   372  698  950  0  0 99  1  0
 0  0   9756 599384  20236 6971288    0    0     0     0  667  946  0  0 100  0  0
 0  0   9756 599280  20236 6971288    0    0     0     0  701  940  0  0 100  0  0
 0  0   9756 598908  20236 6971280    0    0     0     0  667  959  0  0 100  0  0
 1  0   9756 592704  20236 6972116    0    0     0     2 2574 2284  7  0 92  0  0
 9  0   9756 655920  20236 6972136    0    0     0     0 23476 29209 44  3 53  0  0
12  0   9756 696732  20236 6972140    0    0     0     2 11969 11720 91  5  5  0  0
14  0   9756 697352  20236 6972140    0    0     0     0 3677 3066 96  3  1  0  0
12  0   9756 698112  20244 6972144    0    0     0   196 3573 3078 96  3  0  0  0
12  0   9756 698516  20244 6972144    0    0     0     4 3924 3439 95  4  1  0  0
11  0   9756 651388  20244 6972580    0    0     0     0 8246 8955 75  3 21  0  0
 9  0   9756 648908  20244 6972664    0    0     0     0 10461 4842 85  4 11  0  0
procs -----------memory---------- ---swap-- -----io---- -system-- -----cpu------
 r  b   swpd   free   buff  cache   si   so    bi    bo   in   cs us sy id wa st
12  0   9756 650140  20248 6973136    0    0     0     0 9202 8305 70  3 26  0  0
11  0   9756 648652  20248 6973148    0    0     0     0 4645 2913 85  3 12  0  0
10  0   9756 649024  20248 6973140    0    0     0    22 5497 4223 86  4 10  0  0
11  0   9756 649128  20248 6973220    0    0     0     0 4859 4022 87  3 10  0  0
 7  0   9756 651360  20256 6973252    0    0     0   842 3362 2880 75  3 22  0  0
 3  0   9756 650676  20256 6973328    0    0     0     0 2254 2224 43  1 57  0  0
 2  0   9756 650832  20256 6973348    0    0     0     0 1450 1510 17  0 83  0  0
 1  0   9756 650848  20256 6973364    0    0     0     4 8349 14181 15  0 85  0  0
 1  0   9756 651088  20256 6973388    0    0     0     0 1123 1098  8  0 92  0  0
 1  0   9756 651204  20256 6973396    0    0     0     0 1073 1148  8  0 92  0  0
 1  0   9756 651336  20256 6973396    0    0     0     0 1118 1092  8  0 92  0  0
 0  1   9756 651460  20268 6973384    0    0     2   392 1062 1086  6  0 93  1  0
 0  0   9756 652388  20268 6973396    0    0     0     0  679  960  0  0 100  0  0
 0  0   9756 652148  20268 6973392    0    0     0     0  658  951  0  0 100  0  0
 6  0   9756 651224  20268 6973800    0    0     0     6 1672 2359 13  0 87  0  0
 9  0   9756 649036  20268 6974236    0    0     0     0 21220 22013 51  3 46  0  0
12  0   9756 621764  20268 6974244    0    0     0     0 18250 21210 87  5  8  0  0
13  0   9756 621516  20268 6974244    0    0     0     0 3663 3365 95  4  1  0  0
12  0   9756 622444  20268 6974228    0    0     0     0 3382 3063 96  4  0  0  0
 8  0   9756 622652  20276 6974384    0    0     0   210 4074 3734 88  3  9  0  0
12  0   9756 631084  20276 6974548    0    0     0     0 16873 18531 83  5 12  0  0
procs -----------memory---------- ---swap-- -----io---- -system-- -----cpu------
 r  b   swpd   free   buff  cache   si   so    bi    bo   in   cs us sy id wa st
11  0   9756 632556  20276 6974796    0    0     0     0 5403 4480 87  3 10  0  0
11  0   9756 630124  20276 6975200    0    0     0    16 11033 9003 83  5 12  0  0
12  0   9756 632100  20276 6975212    0    0     0     0 4278 3392 95  4  1  0  0
15  0   9756 632472  20276 6975212    0    0     0    44 3442 3136 96  3  1  0  0
13  0   9756 633092  20276 6975216    0    0     0     0 3543 3025 96  4  0  0  0
 6  0   9756 632372  20280 6975280    0    0     0     0 3928 2860 76  2 22  0  0
 3  0   9756 633316  20292 6975348    0    0     0   592 2148 2143 41  1 58  1  0
 0  0   9756 632728  20296 6975372    0    0     0     0 1382 1403 16  0 84  0  0
 0  0   9756 632712  20300 6975404    0    0     0     2  865 1000  0  0 100  0  0
 0  0   9756 633232  20300 6975396    0    0     0     0  790  936  0  0 100  0  0
 0  0   9756 633496  20300 6975396    0    0     0     0  690  926  0  0 100  0  0
 0  0   9756 634104  20300 6975380    0    0     0     6  634  917  0  0 100  0  0
 0  0   9756 634236  20300 6975380    0    0     0     0  654  906  0  0 100  0  0
 0  0   9756 635076  20300 6975368    0    0     0     2  637  933  0  0 100  0  0
 0  0   9756 635812  20308 6975368    0    0     0   238  671  897  0  0 99  1  0
 0  0   9756 635852  20308 6975368    0    0     0     0  653  917  0  0 100  0  0
 0  0   9756 636744  20308 6975368    0    0     0    18  636  927  0  0 100  0  0
 0  0   9756 636916  20308 6975368    0    0     0     0  605  902  0  0 100  0  0
 0  0   9756 637028  20308 6975372    0    0     0    20  672  914  0  0 100  0  0
 0  0   9756 637244  20308 6975384    0    0     0     0  646  921  0  0 100  0  0
 9  0   9756 628184  20308 6975408    0    0     0     0 9658 10219 38  2 59  0  0
procs -----------memory---------- ---swap-- -----io---- -system-- -----cpu------
 r  b   swpd   free   buff  cache   si   so    bi    bo   in   cs us sy id wa st
11  0   9756 629052  20316 6974836    0    0     0   790 21537 24521 75  4 20  0  0
12  0   9756 693976  20316 6974848    0    0     0     0 4348 3114 93  4  3  0  0
13  0   9756 694224  20316 6974840    0    0     0   700 3725 3101 95  4  1  0  0
15  0   9756 694896  20316 6974804    0    0     0     0 3584 3058 95  4  0  0  0
 9  0   9756 649948  20316 6975260    0    0     0     0 5964 5534 77  3 20  0  0
11  0   9756 695456  20316 6975216    0    0     0     2 12270 13994 89  5  6  0  0
10  0   9756 631428  20316 6975868    0    0     0     0 14940 13624 83  4 12  0  0
12  0   9756 677144  20316 6975992    0    0     0     4 7110 5878 92  5  3  0  0
13  0   9756 677448  20324 6975988    0    0     0   316 3506 3079 96  4  0  0  0
14  0   9756 658216  20324 6976012    0    0     0     0 4790 4054 95  4  0  0  0
10  0   9756 657812  20324 6975996    0    0     0     0 5520 3219 93  4  3  0  0
 5  0   9756 657860  20324 6976056    0    0     0     0 2538 2453 52  1 46  0  0
 2  0   9756 658356  20324 6976020    0    0     0    18 1867 1847 30  0 69  0  0
 1  0   9756 658488  20324 6976028    0    0     0     0 1249 1274  9  0 91  0  0
 0  0   9756 658140  20324 6976036    0    0     0     0  982 1131  6  0 94  0  0
 0  0   9756 658032  20324 6976036    0    0     0    18  672  951  0  0 100  0  0
 0  0   9756 658296  20332 6976000    0    0     0   400  709  950  0  0 98  1  0
 0  0   9756 658080  20332 6976000    0    0     0     2  679  973  0  0 100  0  0
 0  0   9756 658284  20332 6975968    0    0     0     0  719  930  0  0 100  0  0
 0  0   9756 658524  20332 6975972    0    0     0     0  710  945  0  0 100  0  0
 0  0   9756 658720  20332 6975920    0    0     0     0  671  938  0  0 100  0  0
procs -----------memory---------- ---swap-- -----io---- -system-- -----cpu------
 r  b   swpd   free   buff  cache   si   so    bi    bo   in   cs us sy id wa st
 0  0   9756 658780  20332 6975924    0    0     0     0  698  918  0  0 100  0  0
 7  0   9756 675584  20332 6976660    0    0     0     2 11278 12642 31  2 67  0  0
11  0   9756 576128  20332 6976724    0    0     0     0 23504 28741 68  4 28  0  0
12  0   9756 661388  20344 6976704    0    0     2   190 5046 4319 95  4  1  0  0
12  0   9756 662068  20344 6976708    0    0     0   400 3777 3306 95  4  1  0  0
12  0   9756 662720  20344 6976692    0    0     0     0 3382 3043 96  4  0  0  0
10  0   9756 616136  20344 6976996    0    0     0     2 9545 11614 75  4 21  0  0
11  0   9756 615260  20344 6977088    0    0     0     0 6168 5026 88  3  9  0  0
10  0   9756 616036  20344 6977408    0    0     0     0 13153 14698 85  4 11  0  0
12  0   9756 614656  20344 6977644    0    0     0    18 7346 6875 82  4 14  0  0
11  0   9756 614656  20344 6977648    0    0     0     0 3701 3128 88  3  9  0  0
10  0   9756 613872  20352 6977648    0    0     0   428 4273 2975 87  3  9  0  0
 7  0   9756 615484  20352 6977820    0    0     0     0 3589 3138 76  3 22  0  0
 3  0   9756 615584  20352 6977876    0    0     0     0 2040 2128 37  1 62  0  0
 1  0   9756 615336  20352 6977936    0    0     0     0 1579 1640 19  0 81  0  0
 1  0   9756 615772  20352 6977940    0    0     0     0 1114 1246  8  0 91  0  0
 0  0   9756 616236  20352 6977952    0    0     0    10  895 1106  3  0 97  0  0
 1  0   9756 615292  20352 6977952    0    0     0     0 1219 1448  0  0 100  0  0
 2  1   9756 616744  20360 6977940    0    0     0   394 3163 3256 14  0 85  1  0
 2  0   9756 616244  20360 6977956    0    0     0     2 1315 1438 17  0 83  0  0
 2  0   9756 616244  20360 6977956    0    0     0     0 1330 1417 17  0 83  0  0
procs -----------memory---------- ---swap-- -----io---- -system-- -----cpu------
 r  b   swpd   free   buff  cache   si   so    bi    bo   in   cs us sy id wa st
 2  0   9756 616516  20360 6977956    0    0     0     4 1350 1495 17  0 82  0  0
 0  0   9756 617912  20360 6977984    0    0     0     0 1126 1221  9  0 91  0  0
 0  0   9756 617532  20360 6977972    0    0     0     0  655  943  0  0 100  0  0
 8  0   9756 613164  20360 6978760    0    0     0     0 2341 2973 15  1 84  0  0
 9  0   9756 672700  20360 6978848    0    0     0     0 22128 20247 59  4 37  0  0
10  0   9756 647608  20368 6978852    0    0     0   746 6739 7097 78  4 17  0  0
11  0   9756 647160  20368 6978848    0    0     0     0 4112 3436 81  3 17  0  0
11  0   9756 646928  20368 6978848    0    0     0     0 3653 3164 81  3 17  0  0
 9  0   9756 646216  20368 6979240    0    0     0     6 9487 11583 57  3 40  0  0
10  0   9756 690344  20368 6979408    0    0     0     0 8656 7487 72  4 25  0  0
12  0   9756 669372  20368 6979644    0    0     0     0 5111 4162 90  3  7  0  0
15  0   9756 645596  20368 6979644    0    0     0     0 5076 4659 95  4  1  0  0
15  0   9756 646340  20376 6979640    0    0     0   342 3448 3016 96  4  0  0  0
13  0   9756 646736  20376 6979652    0    0     0     2 3700 3259 91  3  6  0  0
10  0   9756 644792  20380 6979816    0    0     0     0 6680 3872 93  4  3  0  0
 4  0   9756 644164  20380 6979988    0    0     0     2 4305 3673 66  2 32  0  0
 3  0   9756 644892  20380 6980020    0    0     0     0 1938 1952 31  1 68  0  0
 3  0   9756 645480  20380 6980040    0    0     0     0 1621 1693 25  0 75  0  0
 2  0   9756 645736  20380 6980052    0    0     0     4 1458 1628 20  0 79  0  0
 0  0   9756 645768  20380 6980080    0    0     0     0  966 1109  4  0 95  0  0
 0  0   9756 647536  20388 6980080    0    0     0   452  731  971  0  0 98  1  0
procs -----------memory---------- ---swap-- -----io---- -system-- -----cpu------
 r  b   swpd   free   buff  cache   si   so    bi    bo   in   cs us sy id wa st
 0  0   9756 648288  20388 6980080    0    0     0     0  733  975  0  0 100  0  0
 0  0   9756 648552  20388 6980072    0    0     0     0  663  950  0  0 100  0  0
 0  0   9756 649048  20388 6980072    0    0     0    28  664  954  0  0 100  0  0
 0  0   9756 649508  20388 6980064    0    0     0     0  653  954  0  0 100  0  0
 0  0   9756 649364  20388 6980064    0    0     0     6  678  993  0  0 100  0  0
 0  0   9756 649576  20388 6980040    0    0     0     0  882 1390  1  0 99  0  0
12  0   9756 649120  20396 6980256    0    0    28   182 3865 4109 86  5  8  0  0
12  0   9756 648952  20396 6980268    0    0     0   412 3862 3505 94  5  0  0  0
 2  0   9756 648608  20396 6980272    0    0     0     0 3448 3227 95  5  0  0  0
12  0   9756 648924  20396 6980268    0    0     0     4 3707 3238 95  5  1  0  0
12  0   9756 648888  20396 6980268    0    0     0     0 3525 3147 94  5  0  0  0
12  0   9756 648768  20396 6980328    0    0     0     0 4471 3784 93  5  2  0  0
12  0   9756 648992  20396 6980352    0    0     0     2 3809 3439 94  5  1  0  0
13  0   9756 649168  20396 6980340    0    0     0     0 3419 3136 95  5  0  0  0
12  0   9756 648648  20404 6980340    0    0     0    70 3449 3176 95  5  0  0  0
12  0   9756 649040  20404 6980352    0    0     0     0 3593 3261 95  4  0  0  0
14  0   9756 651440  20404 6980356    0    0     0     0 3683 3254 95  5  0  0  0
 0  0   9756 651768  20404 6980372    0    0     0    18 1769 1740 26  1 73  0  0
 0  0   9756 651488  20404 6980368    0    0     0     0  695  939  0  0 100  0  0
 0  0   9756 652276  20404 6980356    0    0     0    10  771  943  0  0 100  0  0
 0  0   9756 652048  20404 6980352    0    0     0     0  729  925  0  0 100  0  0
procs -----------memory---------- ---swap-- -----io---- -system-- -----cpu------
 r  b   swpd   free   buff  cache   si   so    bi    bo   in   cs us sy id wa st
 0  0   9756 652320  20412 6980328    0    0     0    50  733  968  0  0 99  0  0
 0  0   9756 652328  20412 6980336    0    0     0     6  729  967  0  0 100  0  0
 0  0   9756 652120  20412 6980316    0    0     0     0  698  946  0  0 100  0  0
 0  0   9756 652568  20412 6980308    0    0     0     0  676  957  0  0 100  0  0
 0  0   9756 652816  20412 6980312    0    0     0     0  770  959  0  0 100  0  0
 0  0   9756 653020  20412 6980304    0    0     0     0  689  960  0  0 100  0  0
 0  0   9756 653276  20412 6980288    0    0     0     4  721  975  0  0 100  0  0
 1  1   9756 652756  20416 6980668    0    0   194     0  869 1143  1  0 98  0  0
