procs -----------memory---------- ---swap-- -----io---- -system-- -----cpu------
 r  b   swpd   free   buff  cache   si   so    bi    bo   in   cs us sy id wa st
 0  3      0 31314652   2284 111280    0    0   216   104   67   66  3  0 96  1  0
 0  1      0 31248508   2596 127892    0    0  7898   112 1559 1301  6  0 87  6  0
 1  1      0 31154360   2628 145492    0    0  8880     0 2218 2201  9  0 88  3  0
 0  1      0 30946088   2688 159508    0    0  6858    58 2815 4136 11  1 85  4  0
 3 11      0 29301124   2868 225652    0    0 32838     0 4923 5891 39  3 46 12  0
 2 11      0 25622532   3004 352508    0    0 63564     0 2245 2123 28  7 46 19  0
 5 12      0 25195468   3128 488780    0    0 68214     8 1840 1731 23  1 56 19  0
 3 13      0 24778580   3260 633664    0    0 72152     0 2014 1768 30  1 43 25  0
 5 12      0 24448980   3392 775116    0    0 70596     0 2041 1699 32  1 49 18  0
 5 13      0 24167772   3544 910020    0    0 67448   330 2092 1917 33  1 48 18  0
10  9      0 23857220   3672 1046768    0    0 68264     0 1874 1891 25  1 44 30  0
 2 12      0 23525612   3808 1183780    0    0 68524     0 2001 1835 33  1 43 23  0
 2 11      0 22375372   3932 1314220    0    0 64974     0 2461 2037 36  3 29 32  0
 3 12      0 22224356   4068 1456132    0    0 70884     0 1808 1892 25  1 38 37  0
 5  8      0 21887060   4192 1587444    0    0 65830     0 2778 2225 45  2 29 24  0
11  4      0 21663604   4328 1712824    0    0 62254     2 3609 2815 67  3 19 11  0
10  0      0 21266184   4380 1776664    0    0 32002    42 5444 4322 80  4 16  0  0
11  0      0 21193528   4396 1786920    0    0  4996    40 3593 3166 79  5 16  0  0
11  0      0 21176332   4420 1791028    0    0  2062     2 3506 3162 79  5 15  0  0
13  0      0 21117548   4444 1812648    0    0 10846     0 3655 3468 92  6  2  0  0
13  0      0 21038576   4544 1880788    0    0 34484     0 4384 3498 92  6  2  0  0
procs -----------memory---------- ---swap-- -----io---- -system-- -----cpu------
 r  b   swpd   free   buff  cache   si   so    bi    bo   in   cs us sy id wa st
 7  8      0 20905996   4704 2005092    0    0 61826     6 4171 3531 87  5  5  3  0
11  7      0 20715976   4872 2143968    0    0 69336     0 3452 3179 54  2 24 20  0
12 11      0 20562820   5036 2290472    0    0 72712     8 2659 2593 38  1 37 24  0
 2 10      0 20390600   5188 2431600    0    0 70580   104 2928 1887 29  1 45 25  0
 5 11      0 20194184   5320 2568076    0    0 68242     0 3295 2422 34  1 41 23  0
 5  9      0 19997280   5456 2698972    0    0 65630    58 2457 2250 37  1 41 21  0
 3 10      0 19787828   5600 2837772    0    0 68940     0 2624 2300 41  1 24 34  0
11  8      0 19642012   5728 2979712    0    0 71080     0 2147 2157 31  1 43 25  0
 4  9      0 19470024   5852 3105732    0    0 62886     0 2755 2312 54  2 30 14  0
10  4      0 19223776   5980 3240088    0    0 67160     0 3036 2647 53  2 30 14  0
12  0      0 19018572   6076 3338112    0    0 48792    14 4107 2913 85  5  9  0  0
11  0      0 18880244   6144 3410784    0    0 36254    48 3918 3068 84  5 10  0  0
 9  0      0 18836504   6168 3419092    0    0  3980    20 3576 3063 75  4 21  0  0
11  0      0 18783464   6168 3421024    0    0  1024     0 3119 3217 72  4 24  0  0
 4  0      0 18781264   6172 3423064    0    0  1026     8 2883 3053 60  3 36  0  0
 0  0      0 18778916   6172 3425744    0    0  1280     6 1732 2093 25  1 75  0  0
 0  0      0 18776308   6184 3429188    0    0  1798     0  852 1005  0  0 99  0  0
 0  0      0 18774240   6188 3431368    0    0  1026     0  727  959  0  0 100  0  0
 1  0      0 18772264   6192 3433404    0    0  1026     0  670  932  0  0 100  0  0
 0  0      0 18770296   6200 3435332    0    0  1024    42  766  980  0  0 100  0  0
15  0      0 18548928   6228 3442992    0    0  3788    10 3399 3496 42  1 56  0  0
procs -----------memory---------- ---swap-- -----io---- -system-- -----cpu------
 r  b   swpd   free   buff  cache   si   so    bi    bo   in   cs us sy id wa st
17  0      0 18118996   6228 3445176    0    0  1088     0 13083 2944 91  6  3  0  0
18  0      0 17825320   6268 3473528    0    0 14356     0 11103 2477 93  5  2  0  0
18  0      0 17755460   6316 3522592    0    0 24856     0 11195 2445 94  6  0  0  0
14  0      0 17361396   6416 3615284    0    0 46134     0 8377 2645 91  6  2  0  0
16  0      0 17127060   6524 3726704    0    0 55484     0 5256 2940 94  6  0  0  0
10  0      0 17006260   6640 3825312    0    0 49336    98 6322 3207 93  4  2  0  0
12  0      0 16783664   6756 3949572    0    0 62010    48 8075 3097 93  6  1  0  0
12  5      0 16603168   6888 4082688    0    0 66520     0 6527 3239 85  5  5  5  0
11  4      0 16472480   7012 4214992    0    0 65960     0 4232 2971 84  4  7  6  0
 9  1      0 16259084   7140 4342556    0    0 64066    40 6733 3287 80  6 12  3  0
 3  0      0 16132216   7256 4468400    0    0 62140     0 2906 2740 46  2 49  3  0
 2  0      0 16002248   7360 4577516    0    0 54452    14 1827 1940 24  1 75  1  0
 1  0      0 15945140   7412 4633748    0    0 28058     0 1389 1511 12  0 88  0  0
 0  0      0 15929956   7444 4649372    0    0  7820    42  992 1145  3  0 96  0  0
 1  0      0 15928220   7444 4651552    0    0  1024     0  725  991  0  0 100  0  0
 0  0      0 15927044   7448 4653596    0    0  1026     0  747  976  0  0 100  0  0
 0  0      0 15923992   7448 4656228    0    0  1280    12  728  962  0  0 100  0  0
 0  0      0 15922460   7452 4658260    0    0  1026     0  718  988  0  0 100  0  0
 1  0      0 15921088   7452 4660176    0    0  1024     0  740  986  0  0 100  0  0
 0  0      0 15919112   7456 4662204    0    0  1026     0  730  967  0  0 100  0  0
 0  0      0 15917500   7456 4664264    0    0  1024     0  720 1010  0  0 100  0  0
procs -----------memory---------- ---swap-- -----io---- -system-- -----cpu------
 r  b   swpd   free   buff  cache   si   so    bi    bo   in   cs us sy id wa st
 0  0      0 15909728   7468 4666960    0    0  1282    42  758  980  0  0 99  0  0
 0  0      0 15907744   7468 4668888    0    0  1024     0  716  991  0  0 100  0  0
 0  0      0 15905628   7472 4671068    0    0  1026     0  726  984  0  0 100  0  0
 0  0      0 15903788   7472 4673376    0    0  1154    12  702  952  0  0 100  0  0
 7  0      0 15898552   7500 4678536    0    0  2708     0 2041 2955  5  0 94  0  0
10  0      0 15836040   7504 4681400    0    0  1268    78 22860 11470 64  3 33  0  0
13  0      0 15747224   7508 4683464    0    0  1026     0 23892 8268 92  6  2  0  0
16  0      0 15681616   7516 4686824    0    0  1792    64 20256 10281 92  6  2  0  0
15  0      0 15490016   7532 4696576    0    0  4872    44 11303 6229 93  5  1  0  0
16  0      0 15295760   7548 4713920    0    0  8712     0 9611 5254 93  5  2  0  0
10  0      0 15166940   7572 4733040    0    0  9484     4 4953 2656 94  4  2  0  0
13  0      0 14981916   7588 4754972    0    0 10890     0 6684 2654 94  5  2  0  0
14  0      0 14930744   7608 4773840    0    0  9482     0 4551 2580 93  4  3  0  0
13  0      0 14858720   7628 4794252    0    0 10380     8 4713 2695 93  4  2  0  0
12  0      0 14806052   7648 4814260    0    0  9738     0 4441 2616 93  4  3  0  0
12  0      0 14762760   7672 4832616    0    0  9224    48 3574 2656 93  4  3  0  0
12  0      0 14684112   7696 4853392    0    0 10252     0 3556 2798 93  4  2  0  0
17  0      0 14635848   7708 4871488    0    0  8966     0 3871 2410 92  4  4  0  0
15  0      0 14593900   7736 4888300    0    0  8460     0 5991 2510 92  3  4  0  0
13  0      0 14495788   7764 4906584    0    0  9226     0 13514 5706 91  5  5  0  0
14  0      0 14376996   7784 4927908    0    0 10760    10 20038 9822 90  6  4  0  0
procs -----------memory---------- ---swap-- -----io---- -system-- -----cpu------
 r  b   swpd   free   buff  cache   si   so    bi    bo   in   cs us sy id wa st
10  0      0 14143960   7828 4959888    0    0 15636     0 9791 5244 91  5  4  0  0
10  0      0 13997612   7868 4990792    0    0 15500    98 8500 4039 88  4  8  0  0
 8  0      0 13917808   7896 5015692    0    0 12558    16 6563 2584 77  3 20  0  0
 6  0      0 13832348   7920 5035340    0    0  9736     0 2688 2746 51  2 48  0  0
 6  0      0 13766288   7940 5054576    0    0  9738     6 2493 2701 50  2 48  0  0
 6  0      0 13713108   7960 5073548    0    0  9482     0 2606 2692 52  2 46  0  0
 6  0      0 13652488   7980 5093440    0    0  9738     0 2531 2666 52  1 47  0  0
 4  0      0 13599376   8004 5112432    0    0  9480     2 2335 2228 42  1 57  0  0
 2  0      0 13533532   8020 5124980    0    0  6278     0 2026 2055 31  1 68  0  0
 0  0      0 13531696   8036 5127048    0    0  1024   140 1336 1479 12  0 88  0  0
 0  0      0 13530148   8040 5129100    0    0  1026     0  687  966  0  0 100  0  0
 0  0      0 13528676   8040 5131156    0    0  1024     0  729 1012  0  0 100  0  0
 0  0      0 13526948   8044 5133204    0    0  1026     0  694  961  0  0 100  0  0
 0  0      0 13525472   8044 5135248    0    0  1024     0  728 1012  0  0 100  0  0
15  0      0 13519744   8056 5137428    0    0  1038     6 12019 9810 47  2 50  0  0
12  0      0 13386452   8056 5139480    0    0  1024     0 29111 18397 84  7  9  0  0
14  1      0 13363148   8068 5141528    0    0  1026   102 17936 11031 86  6  7  0  0
15  0      0 13154792   8068 5143588    0    0  1024    10 7950 5356 94  5  1  0  0
13  0      0 12982572   8072 5145632    0    0  1026     0 9382 3971 93  5  2  0  0
12  0      0 12953184   8072 5148072    0    0  1280    16 7574 3592 93  6  1  0  0
14  0      0 12834840   8076 5151300    0    0  1538     0 11580 6040 87  5  8  0  0
procs -----------memory---------- ---swap-- -----io---- -system-- -----cpu------
 r  b   swpd   free   buff  cache   si   so    bi    bo   in   cs us sy id wa st
11  0      0 12863600   8084 5159612    0    0  4130     0 11937 6173 92  5  2  0  0
12  0      0 12617696   8104 5178632    0    0  9482     6 16249 10409 90  6  4  0  0
11  0      0 12560292   8140 5213572    0    0 17556     0 8603 6004 90  5  5  0  0
10  0      0 12467008   8188 5253084    0    0 19862    68 7138 4710 86  5  9  0  0
11  0      0 12351928   8228 5296728    0    0 21524     0 3375 2943 80  4 16  0  0
 9  0      0 12294648   8280 5344848    0    0 24090     0 3581 3052 73  3 24  0  0
 4  0      0 12236208   8332 5404152    0    0 29466     8 2739 2596 50  1 48  0  0
 1  0      0 12211580   8356 5428588    0    0 12300     0 1660 1792 22  1 77  0  0
 0  0      0 12210356   8356 5430252    0    0   768     2  859 1081  2  0 98  0  0
 0  0      0 12210368   8356 5431012    0    0   384     0  748  970  0  0 100  0  0
 0  0      0 12210508   8356 5431020    0    0     0     0  765 1009  0  0 100  0  0
13  0      0 12211508   8376 5431020    0    0     0    74 1431 1877  9  0 90  0  0
14  0      0 12208176   8376 5431152    0    0     0     0 26931 13238 91  6  3  0  0
13  0      0 12065124   8376 5431156    0    0     0    10 13117 6317 92  6  2  0  0
15  0      0 11827952   8376 5431160    0    0     0     0 8316 2625 94  5  1  0  0
14  0      0 11677728   8376 5431156    0    0     0     0 6512 2748 93  5  1  0  0
10  0      0 11546776   8380 5431204    0    0     2    64 4942 2550 92  4  4  0  0
16  0      0 11440264   8392 5433908    0    0     2     0 4283 2770 93  4  2  0  0
11  0      0 11308428   8488 5505712    0    0     0     6 4891 3095 85  4 11  0  0
10  0      0 11171176   8572 5561744    0    0     2 46252 6687 7085 57  2 35  5  0
 3  0      0 11097392   8664 5632564    0    0  1796     0 7292 6414 59  1 39  0  0
procs -----------memory---------- ---swap-- -----io---- -system-- -----cpu------
 r  b   swpd   free   buff  cache   si   so    bi    bo   in   cs us sy id wa st
 9  0      0 10903740   8728 5681420    0    0 14350     2 7004 5853 61  2 36  0  0
13  0      0 10661056   8760 5713436    0    0 14480     0 12490 11655 84  5 11  0  0
11  0      0 10451400   8816 5758832    0    0 14608     8 3905 3007 91  4  4  0  0
22  0      0 10310164   8896 5829512    0    0     0     0 2216 1880 43  1 56  0  0
12  0      0 10219476   8920 5859876    0    0 13836     0 3819 2916 94  4  1  0  0
10  1      0 10128956   8940 5876316    0    0  6534 56740 3813 2900 89  4  5  2  0
10  0      0 10049344   8984 5900728    0    0     0 46342 5651 3946 79  3 12  6  0
 7  0      0 9934296   8984 5900540    0    0     0   250 3248 2550 69  2 29  0  0
 4  0      0 9797300   9028 5926724    0    0     2     0 3004 2382 53  1 46  0  0
 3  0      0 9686312   9028 5926732    0    0     0     0 1894 1787 33  1 67  0  0
 1  0      0 9685560   9032 5926696    0    0     0    10 1336 1405 13  0 87  0  0
 0  0      0 9685800   9032 5926704    0    0     0     0  946 1130  4  0 96  0  0
 0  0      0 9686204   9032 5926676    0    0     0    26  672  984  0  0 100  0  0
 0  0      0 9687840   9040 5925480    0    0     0 27106  784  947  0  0 97  3  0
 0  0      0 9687976   9040 5925476    0    0     0     0  732  944  0  0 100  0  0
 0  0      0 9687976   9040 5925252    0    0     0     6  664  948  0  0 100  0  0
 0  0      0 9688852   9040 5925236    0    0     0     0  695  921  0  0 100  0  0
 0  0      0 9689116   9040 5925216    0    0     0    12  715  965  0  0 99  0  0
 0  0      0 9688992   9040 5925208    0    0     0     0  661  959  0  0 100  0  0
13  0      0 9917384   9044 5696204    0    0  1280     0 1536 2238  7  1 92  0  0
15  0      0 9826740   9084 5718296    0    0 11022   140 15016 6441 92  6  2  0  0
procs -----------memory---------- ---swap-- -----io---- -system-- -----cpu------
 r  b   swpd   free   buff  cache   si   so    bi    bo   in   cs us sy id wa st
14  0      0 9729660   9100 5737388    0    0  9610     0 8802 3847 92  5  3  0  0
13  0      0 9531812   9124 5761360    0    0 12044     0 5680 2853 92  6  2  0  0
13  0      0 9378272   9144 5781536    0    0 10250     0 4241 2734 92  5  3  0  0
13  0      0 9294812   9164 5800688    0    0  9482     0 5031 3063 93  5  2  0  0
14  0      0 9167572   9184 5822600    0    0 11018    10 5947 2939 93  5  2  0  0
13  0      0 9130424   9184 5824580    0    0   896     0 6404 3603 89  4  7  0  0
14  0      0 9085528   9184 5824584    0    0     0    10 6077 2812 93  5  2  0  0
13  0      0 8857000   9192 5824580    0    0     0    46 6679 3109 92  6  2  0  0
13  0      0 8735952   9192 5824592    0    0     0     0 4222 2853 93  5  1  0  0
11  0      0 8728880   9192 5824596    0    0     0    88 3651 3015 89  5  7  0  0
13  0      0 8723028   9192 5824596    0    0     0     0 6294 4605 90  5  5  0  0
12  0      0 8713744   9192 5824608    0    0     0     8 4133 2910 94  4  1  0  0
13  0      0 8653720   9192 5824628    0    0     0     0 14623 4068 92  6  2  0  0
13  0      0 8631564   9192 5824632    0    0     0     0 6814 2615 93  5  2  0  0
10  0      0 8545772   9192 5824640    0    0     0    38 6303 2427 84  4 12  0  0
 8  0      0 8537652   9200 5824628    0    0     0    46 3206 2858 73  3 24  0  0
 5  0      0 8537536   9200 5824628    0    0     0     0 4313 3916 57  2 41  0  0
 2  0      0 8530088   9200 5824612    0    0     0     0 1940 2117 33  1 66  0  0
 1  0      0 8529608   9208 5824676    0    0    44     0 1275 1383 10  0 90  0  0
 1  0      0 8529736   9208 5824676    0    0     0     2 1055 1253  9  0 91  0  0
 0  0      0 8530124   9208 5824672    0    0     0     0  862 1115  4  0 96  0  0
procs -----------memory---------- ---swap-- -----io---- -system-- -----cpu------
 r  b   swpd   free   buff  cache   si   so    bi    bo   in   cs us sy id wa st
 0  0      0 8529660   9208 5824648    0    0     0    10  682  979  0  0 100  0  0
 0  0      0 8530048   9208 5824640    0    0     0     0  659  931  0  0 100  0  0
 0  0      0 8530444   9216 5824612    0    0     0    40  741 1005  0  0 99  0  0
 0  0      0 8530320   9216 5824612    0    0     0    10  639  996  0  0 100  0  0
 0  0      0 8531236   9216 5824608    0    0     0     0  684  955  0  0 100  0  0
 0  0      0 8531112   9216 5824604    0    0     0    12  672  973  0  0 100  0  0
 0  0      0 8531616   9216 5824604    0    0     0     0  654  968  0  0 100  0  0
 0  0      0 8532176   9216 5824604    0    0     0     0  706  952  0  0 100  0  0
 0  0      0 8531960   9216 5824616    0    0     0     6  660  987  0  0 100  0  0
 3  0      0 8532324   9224 5824612    0    0     0     0 1249 1748  6  0 93  0  0
 0  0      0 8512704   9232 5824704    0    0     2   112 13868 12650 11  1 88  0  0
12  0      0 8512704   9232 5824712    0    0     0     0 9269 7167 68  3 29  0  0
 9  0      0 8289560   9248 5835424    0    0     0     0 14593 9813 90  6  3  0  0
13  0      0 8231160   9276 5877244    0    0     0     2 6367 2266 61  3 36  0  0
12  0      0 8076376   9276 5877236    0    0     0     0 4389 3047 94  4  2  0  0
12  0      0 8022440   9276 5877236    0    0     0     0 3497 2589 93  4  4  0  0
10  0      0 7916948   9316 5888712    0    0     0     0 3759 2766 95  3  2  0  0
15  0      0 7693376   9516 6039488    0    0     4     0 6290 1996 96  2  2  0  0
14  1      0 7533788   9652 6132912    0    0    10 109878 4842 1956 95  2  2  0  0
11  0      0 7494224   9708 6173660    0    0     4   236 8002 2233 96  2  2  0  0
 7  0      0 7421072   9724 6184420    0    0     0    10 5398 4163 73  2 25  0  0
procs -----------memory---------- ---swap-- -----io---- -system-- -----cpu------
 r  b   swpd   free   buff  cache   si   so    bi    bo   in   cs us sy id wa st
 7  0      0 7386508   9732 6191592    0    0     0     0 4024 2688 61  2 37  0  0
 5  0      0 7208960   9756 6198572    0    0     6    22 2611 2253 50  1 49  0  0
 1  0      0 7036732   9880 6275400    0    0    18     0 2153 1582 33  1 66  0  0
 6  0      0 6958124  10008 6351996    0    0    18     0 2091 1135  9  1 90  0  0
 2  1      0 6957600  10008 6352532    0    0     0 76104 3435 1737 22  1 74  4  0
 2  1      0 6957112  10012 6352532    0    0     0 66508 1502 1515 11  0 78 10  0
 1  0      0 6834412  10020 6345044    0    0     0   814 2112 1318 18  1 79  3  0
 0  0      0 6834676  10020 6345004    0    0     0     0 1043 1238  8  0 92  0  0
 0  0      0 6834892  10020 6345004    0    0     0     0  706 1003  0  0 100  0  0
 0  0      0 6834668  10020 6344916    0    0     0     0  716  989  0  0 100  0  0
 0  0      0 6834948  10020 6344892    0    0     0     0 1484 1003  0  0 99  0  0
 0  0      0 6835336  10020 6344840    0    0     0    12  797  986  0  0 99  0  0
 0  0      0 6835816  10028 6344844    0    0     0    54  654  953  0  0 99  0  0
 0  0      0 6836396  10028 6344812    0    0     0     0  640  911  0  0 100  0  0
 0  0      0 6836636  10028 6344764    0    0     0     8  681  946  0  0 100  0  0
 0  0      0 6836512  10028 6344712    0    0     0     0  717  991  0  0 100  0  0
 0  0      0 6837128  10028 6344656    0    0     0    12  758  952  0  0 100  0  0
 0  0      0 6837004  10028 6344584    0    0     0     0  749  996  0  0 100  0  0
 0  0      0 6837376  10028 6344536    0    0     0     0  694  992  0  0 100  0  0
 0  0      0 6837552  10028 6344448    0    0     0     6  729  949  0  0 100  0  0
 0  0      0 6837808  10036 6344432    0    0     0    28  737  996  0  0 99  0  0
procs -----------memory---------- ---swap-- -----io---- -system-- -----cpu------
 r  b   swpd   free   buff  cache   si   so    bi    bo   in   cs us sy id wa st
 0  0      0 6837472  10036 6344400    0    0     0     0  729  997  0  0 100  0  0
 0  0      0 6838376  10036 6344396    0    0     0     0  738  948  0  0 100  0  0
 0  0      0 6838128  10036 6344280    0    0     0     0  760  976  0  0 100  0  0
 0  0      0 6838384  10036 6344280    0    0     0     2  712  974  0  0 100  0  0
 0  0      0 6838640  10036 6344196    0    0     0     0  680  919  0  0 100  0  0
10  0      0 7120724  10036 6061640    0    0     0     0 1120 1628  1  0 99  0  0
13  0      0 6923264  10036 6035392    0    0     0     0 6102 2672 95  2  4  0  0
15  0      0 6727716  10048 6035108    0    0     0   172 18058 10650 91  7  3  0  0
16  0      0 6523156  10048 6035032    0    0     0   126 8101 4458 92  6  2  0  0
13  0      0 6412948  10048 6035032    0    0     0     0 5069 2829 92  6  2  0  0
14  0      0 6373136  10048 6034952    0    0     0    10 4015 2691 93  5  2  0  0
15  0      0 6267040  10048 6034952    0    0     0     0 4128 2805 93  5  2  0  0
11  0      0 6215224  10048 6034924    0    0     0     0 9519 6807 86  6  8  0  0
 6  1      0 6158400  10072 6034928    0    0    26    20 6378 5849 77  4 19  0  0
 9  0      0 6171308  10172 6036400    0    0   752     0 20183 25604 55  3 40  1  0
 9  0      0 6100664  10184 6036420    0    0     0   106 8785 8673 60  3 37  0  0
12  0      0 5946084  10184 6036432    0    0     0     0 19755 24638 77  5 18  0  0
20  0      0 5704304  10184 6036432    0    0     0     0 6461 4977 89  4  7  0  0
13  0      0 5608044  10184 6036420    0    0     0     0 4718 3321 94  4  2  0  0
11  0      0 5605672  10184 6036420    0    0     0     0 9500 2442 95  4  1  0  0
 6  0      0 5501792  10184 6036392    0    0     0     0 7710 2532 79  3 18  0  0
procs -----------memory---------- ---swap-- -----io---- -system-- -----cpu------
 r  b   swpd   free   buff  cache   si   so    bi    bo   in   cs us sy id wa st
 6  0      0 5502216  10184 6036400    0    0     0     0 2389 2343 51  1 48  0  0
 1  0      0 5501368  10184 6036388    0    0     0     0 1793 1798 28  1 71  0  0
 0  0      0 5500824  10192 6036392    0    0     0    52 1140 1279 10  0 90  0  0
 0  0      0 5500832  10192 6036392    0    0     0     0  734  964  0  0 100  0  0
 0  0      0 5500740  10192 6036388    0    0     0    10  687  904  0  0 100  0  0
 0  0      0 5501244  10192 6036380    0    0     0     0  667  938  0  0 100  0  0
 0  0      0 5501748  10192 6036376    0    0     0     0  692  953  0  0 100  0  0
 0  0      0 5501500  10192 6036372    0    0     0    14  619  894  0  0 100  0  0
 0  0      0 5501748  10192 6036364    0    0     0     0  647  931  0  0 100  0  0
 0  0      0 5501408  10200 6036368    0    0     0    94  752  950  0  0 100  0  0
 0  0      0 5501192  10200 6036352    0    0     0     0  673  919  0  0 100  0  0
 0  0      0 5501504  10200 6036344    0    0     0     0  653  973  0  0 100  0  0
 0  0      0 5502264  10200 6036348    0    0     0     8  683  970  0  0 100  0  0
 0  0      0 5501760  10200 6036348    0    0     0     0  642  898  0  0 100  0  0
 0  0      0 5502264  10200 6036344    0    0     0     0  729  984  0  0 100  0  0
 0  0      0 5502808  10200 6036344    0    0     0     0  663  982  0  0 100  0  0
 0  0      0 5503056  10200 6036340    0    0     0     0  700  955  0  0 100  0  0
 0  0      0 5502560  10208 6036340    0    0     0    26  675 1019  0  0 99  0  0
 0  0      0 5502816  10208 6036340    0    0     0     0  691  995  0  0 100  0  0
 0  0      0 5502816  10208 6036344    0    0     0     2  659  953  0  0 100  0  0
14  0      0 5505312  10212 6036460    0    0     0     0 3411 3269 54  2 44  0  0
procs -----------memory---------- ---swap-- -----io---- -system-- -----cpu------
 r  b   swpd   free   buff  cache   si   so    bi    bo   in   cs us sy id wa st
12  0      0 5501096  10212 6036472    0    0     0     0 16117 8948 93  5  2  0  0
11  0      0 5375116  10212 6036472    0    0     0    10 15492 7699 91  7  2  0  0
13  0      0 5069408  10212 6036460    0    0     0     0 6755 3087 91  5  4  0  0
13  0      0 5071424  10212 6036464    0    0     0    16 4948 2583 94  4  3  0  0
12  0      0 4941836  10220 6036464    0    0     0   104 4295 2601 92  4  4  0  0
10  0      0 4745172  10336 6072040    0    0    28     0 3622 2557 93  4  3  0  0
13  0      0 4535232  10580 6259580    0    0    18     6 3411 1581 97  2  1  0  0
13  0      0 4460136  10676 6334136    0    0     0     0 6246 1657 97  1  1  0  0
10  0      0 4397376  10684 6343420    0    0     0     6 4498 2557 91  2  7  0  0
11  0      0 4368560  10692 6352504    0    0     0     0 9180 9219 85  4 11  0  0
10  0      0 4256588  10700 6356564    0    0     0     0 3851 2819 86  3 11  0  0
 8  0      0 4096116  10700 6356532    0    0     0     0 3196 2721 70  3 27  0  0
 6  1      0 3951808  10724 6356512    0    0    12 105196 3900 3822 58  3 27 12  0
 2  1      0 3949916  10724 6356548    0    0     0 46370 5233 6163 34  1 62  3  0
 3  0      0 3860488  10736 6348244    0    0     2   346 7418 10370 32  1 66  1  0
 3  0      0 3860412  10736 6348232    0    0     0     0 1694 1776 25  0 75  0  0
 4  0      0 3765832  10736 6348196    0    0     0     8 2414 1897 33  1 66  0  0
 3  0      0 3764608  10736 6348204    0    0     0     0 1764 1926 28  1 71  0  0
 2  0      0 3652768  10736 6348156    0    0     0    10 1742 1550 28  1 71  0  0
 1  0      0 3651428  10748 6348164    0    0     0   116 1323 1370 11  0 88  0  0
 0  0      0 3652404  10748 6348120    0    0     0     0 1071 1190  7  0 92  0  0
procs -----------memory---------- ---swap-- -----io---- -system-- -----cpu------
 r  b   swpd   free   buff  cache   si   so    bi    bo   in   cs us sy id wa st
 0  0      0 3652480  10748 6348116    0    0     0    18  683  973  0  0 100  0  0
 0  1      0 3649860  11232 6349536    0    0   390     0  984 1105  0  0 96  3  0
 0  1      0 3648156  12056 6351088    0    0   740     8 1481 1418  0  0 91  8  0
 0  0      0 3645004  12700 6353688    0    0   414     0 1061 1230  0  0 97  3  0
 0  0      0 3645188  12700 6353692    0    0     0     0  705  955  0  0 100  0  0
 0  0      0 3645148  12700 6353684    0    0     0     6  706  983  0  0 100  0  0
 0  0      0 3645516  12708 6353668    0    0     0    34  699  980  0  0 100  0  0
 0  0      0 3646092  12708 6353620    0    0     0     0  693  929  0  0 100  0  0
 0  0      0 3645844  12708 6353620    0    0     0     0  743  995  0  0 100  0  0
 0  0      0 3646204  12708 6353592    0    0     0     0  741 1001  0  0 100  0  0
13  0      0 3812776  12708 6068612    0    0     0   330 6954 3672 73  3 24  0  0
13  0      0 3694116  12708 6068540    0    0     0     0 15476 7488 88  7  5  0  0
11  0      0 3512324  12708 6068492    0    0     0    62 8052 4267 87  5  8  0  0
12  0      0 3422940  12708 6068460    0    0     0     0 3697 2964 86  5  9  0  0
 2  0      0 3401836  12720 6068424    0    0     0   116 5917 3263 93  5  2  0  0
12  0      0 3256940  12720 6068384    0    0     0    18 3914 2822 90  4  6  0  0
10  0      0 3189868  12720 6068364    0    0     0     0 4587 3180 86  4 10  0  0
 7  0      0 3081880  12720 6068280    0    0     0     0 4987 4117 62  3 36  0  0
 8  0      0 3079980  12720 6068224    0    0     0     0 5311 4448 68  3 29  0  0
10  0      0 3033032  12720 6068124    0    0     0     0 3126 2956 66  2 32  0  0
 9  0      0 2990528  12720 6068076    0    0     0    10 6696 5099 66  3 30  0  0
procs -----------memory---------- ---swap-- -----io---- -system-- -----cpu------
 r  b   swpd   free   buff  cache   si   so    bi    bo   in   cs us sy id wa st
 9  0      0 2949988  12720 6068056    0    0     0     0 9904 9872 70  4 26  0  0
 8  0      0 2898076  12728 6068024    0    0     0    88 7652 9472 70  3 27  0  0
10  0      0 2873448  12728 6068028    0    0     0     0 7997 8833 72  4 25  0  0
10  0      0 2771184  12728 6068012    0    0     0     0 9268 7018 84  5 11  0  0
 8  0      0 2621388  12728 6068004    0    0     0     0 5922 3743 68  3 29  0  0
 7  0      0 2599496  12728 6067984    0    0     0     0 2879 2825 64  2 34  0  0
 5  0      0 2598148  12728 6067976    0    0     0     0 2401 2491 50  1 49  0  0
 5  0      0 2598376  12728 6067972    0    0     0     0 2127 2135 36  0 64  0  0
 0  0      0 2598376  12728 6067972    0    0     0     0 1283 1430 13  0 87  0  0
 0  0      0 2597700  12736 6067968    0    0     0   162  758 1003  0  0 99  0  0
 0  0      0 2598252  12736 6067960    0    0     0     0  665  984  0  0 100  0  0
 0  0      0 2598564  12736 6067948    0    0     0    18  749  952  0  0 100  0  0
 0  0      0 2598308  12736 6067944    0    0     0     0  713  999  0  0 100  0  0
 0  0      0 2598340  12736 6067940    0    0     0     0  700  993  0  0 100  0  0
 0  0      0 2598496  12736 6067940    0    0     0     0  706  975  0  0 100  0  0
 0  0      0 2598248  12736 6067944    0    0     0     0  714 1020  0  0 100  0  0
 0  0      0 2598360  12744 6067940    0    0     0    54  720  989  0  0 100  0  0
 0  0      0 2599244  12744 6067944    0    0     0     0  688  999  0  0 100  0  0
 0  0      0 2599000  12744 6067928    0    0     0     0  715  992  0  0 100  0  0
 0  0      0 2599028  12744 6067924    0    0     0     8  695  995  0  0 100  0  0
 0  0      0 2599268  12744 6067924    0    0     0     0  671  983  0  0 100  0  0
procs -----------memory---------- ---swap-- -----io---- -system-- -----cpu------
 r  b   swpd   free   buff  cache   si   so    bi    bo   in   cs us sy id wa st
 0  0      0 2599664  12744 6067912    0    0     0     0  716  967  0  0 100  0  0
10  0      0 2597912  12744 6067992    0    0     0     0 2928 2853 51  2 47  0  0
10  0      0 2556748  12744 6067996    0    0     0     0 18361 9219 89  6  4  0  0
10  0      0 2391588  12752 6067980    0    0     0    90 15347 8647 87  6  7  0  0
25  0      0 2167888  12752 6067984    0    0     0     0 7500 3119 91  5  4  0  0
12  0      0 2043712  12784 6093896    0    0     0    20 5024 2596 78  4 18  0  0
12  0      0 1981100  12784 6093896    0    0     0     0 4470 3020 93  4  3  0  0
13  0      0 1789256  12900 6177736    0    0     0     0 4438 2901 94  4  2  0  0
10  0      0 1654360  12984 6253208    0    0     0    10 3391 2535 77  3 20  0  0
14  0      0 1567560  13016 6274208    0    0     2     0 8036 6529 85  3 12  0  0
12  0      0 1471344  13024 6279812    0    0     0    54 3711 2886 93  4  2  0  0
12  1      0 1359240  13028 6285204    0    0     0 94890 5748 4523 83  5  9  3  0
 2  0      0 1292100  13036 6281048    0    0     0  6502 1763 1131 28  1 67  4  0
 2  0      0 1289088  13036 6281048    0    0     0   220 1084  622  9  0 91  0  0
 2  0      0 1288104  13036 6281048    0    0     0     0  941  654  8  0 92  0  0
14  0      0 1346004  13036 6229336    0    0     0     6 1751 1322 19  1 80  0  0
10  0      0 1315508  13072 6257592    0    0     0     0 4036 2760 87  4  9  0  0
12  0      0 1258264  13140 6315184    0    0     0     0 3037 2015 42  2 56  0  0
11  1      0 1254820  13144 6317372    0    0     0 44340 3771 2542 91  2  6  1  0
 9  0      0 1256768  13156 6317192    0    0     0   142 3792 2905 82  3 13  1  0
 9  0      0 1255088  13160 6319504    0    0     0     0 3218 2861 73  3 24  0  0
procs -----------memory---------- ---swap-- -----io---- -system-- -----cpu------
 r  b   swpd   free   buff  cache   si   so    bi    bo   in   cs us sy id wa st
 8  0      0 1252976  13168 6321992    0    0     0     0 2955 2779 67  2 31  0  0
 7  0      0 1250968  13168 6324552    0    0     0     0 3162 2883 66  2 32  0  0
 1  0      0 1248760  13184 6327296    0    0     0    18 2305 2220 41  1 58  0  0
 2  0      0 1249788  13184 6327300    0    0     0     0 1252 1302 11  0 88  0  0
 0  0      0 1249688  13184 6327284    0    0     0  6114 1143 1260  7  0 92  0  0
 0  0      0 1249568  13192 6327084    0    0     0    84  700 1001  0  0 99  0  0
 1  0      0 1249328  13192 6327060    0    0     0     0  727 1012  0  0 100  0  0
 1  0      0 1249884  13192 6327052    0    0     0     6  700 1004  0  0 100  0  0
 1  0      0 1250388  13192 6327024    0    0     0     0  663  952  0  0 100  0  0
 1  0      0 1250636  13192 6327020    0    0     0     2  759 1026  0  0 100  0  0
 1  0      0 1249980  13192 6326996    0    0     0     0  691  997  0  0 100  0  0
 1  0      0 1250280  13192 6326996    0    0     0     0  738 1001  0  0 100  0  0
 0  0      0 1251420  13192 6326972    0    0     0     8  670  966  0  0 100  0  0
 0  0      0 1251440  13200 6326976    0    0     0    32  676  978  0  0 100  0  0
 1  0      0 1251628  13200 6326968    0    0     0   160  751  988  0  0 100  0  0
 0  0      0 1251008  13200 6326968    0    0     0     0  681  999  0  0 100  0  0
 0  0      0 1251140  13200 6326952    0    0     0     0  679  956  0  0 100  0  0
 0  0      0 1251264  13200 6326952    0    0     0    18  696  999  0  0 100  0  0
 0  0      0 1251564  13200 6326952    0    0     0     0  691  993  0  0 100  0  0
15  0      0 1685724  13204 5889180    0    0     0     0 8746 5054 79  4 17  0  0
12  0      0 1687952  13204 5889156    0    0     0     0 9226 4723 92  6  2  0  0
procs -----------memory---------- ---swap-- -----io---- -system-- -----cpu------
 r  b   swpd   free   buff  cache   si   so    bi    bo   in   cs us sy id wa st
11  0      0 1688764  13216 5889124    0    0     0   214 4208 3166 86  4  9  0  0
11  0      0 1689872  13216 5889020    0    0     0     8 4845 3127 92  5  3  0  0
12  0      0 1689616  13216 5888992    0    0     0     0 6465 5864 90  5  5  0  0
13  0      0 1690512  13216 5888960    0    0     0     6 3583 2956 93  5  2  0  0
11  0      0 1690440  13216 5888928    0    0     0     0 5415 4113 87  4  9  0  0
11  0      0 1690136  13216 5888912    0    0     0     0 5076 4111 86  4 10  0  0
14  0      0 1690244  13216 5888876    0    0     0    14 6758 5589 91  6  3  0  0
13  0      0 1690588  13216 5888864    0    0     0     0 3547 2997 95  5  0  0  0
13  0      0 1690960  13224 5888848    0    0     0    48 3723 3115 94  5  1  0  0
14  0      0 1690592  13224 5888868    0    0     0     0 4001 3239 90  4  6  0  0
11  0      0 1705072  13224 5888876    0    0     0     0 9386 4616 87  5  8  0  0
10  0      0 1685272  13224 5888872    0    0     0     8 14707 12495 81  5 14  0  0
 9  0      0 1704496  13224 5888868    0    0     0     0 7830 4755 77  5 18  0  0
 9  0      0 1705192  13224 5888864    0    0     0    10 3380 3017 72  3 25  0  0
 4  0      0 1704856  13224 5888864    0    0     0     0 2681 2780 56  2 42  0  0
 2  0      0 1706004  13224 5888860    0    0     0     0 1945 2075 26  0 73  0  0
 1  0      0 1705872  13232 5888860    0    0     0   206 1289 1384 11  0 89  0  0
 0  0      0 1705680  13236 5888844    0    0     0     0 2057 2202  3  0 97  0  0
 1  0      0 1684840  13236 5888848    0    0     0    12 4015 3244  3  0 96  0  0
 0  0      0 1688724  13236 5888844    0    0     0     0 2844  990  7  0 93  0  0
 1  0      0 1688600  13236 5888844    0    0     0     0 2143 1002  6  0 94  0  0
procs -----------memory---------- ---swap-- -----io---- -system-- -----cpu------
 r  b   swpd   free   buff  cache   si   so    bi    bo   in   cs us sy id wa st
 0  0      0 1689612  13236 5888844    0    0     0     6 1753 1001  4  0 95  0  0
 2  0      0 1689884  13236 5888836    0    0     0     0 1647 1041  4  0 96  0  0
 1  0      0 1690384  13244 5888840    0    0     0    40 2370 1005  6  0 94  0  0
 0  0      0 1691044  13244 5888836    0    0     0     0 2501 1066  6  0 94  0  0
 0  0      0 1690796  13248 5888836    0    0     0     0  684  985  0  0 100  0  0
 0  0      0 1691540  13248 5888836    0    0     0     8  730 1001  0  0 100  0  0
 1  0      0 1692360  13248 5888836    0    0     0     0  706  997  0  0 100  0  0
 0  0      0 1692916  13248 5888836    0    0     0     8  753  993  0  0 100  0  0
 0  0      0 1693040  13248 5888832    0    0     0     0  692  952  0  0 100  0  0
 0  0      0 1692796  13252 5888836    0    0     2     0  700 1003  0  0 100  0  0
 0  0      0 1692920  13260 5888824    0    0     0    46  680  990  0  0 99  0  0
14  0      0 1867660  13284 5707028    0    0    20     0 3728 3613 34  2 64  0  0
13  0      0 1863568  13284 5707032    0    0     0     0 15971 8920 94  5  1  0  0
13  0      0 1870408  13284 5707020    0    0     0     0 5599 3012 95  4  1  0  0
12  0      0 1872020  13284 5706992    0    0     0     0 3943 3294 95  4  1  0  0
12  0      0 1872100  13284 5706948    0    0     0     8 3462 3162 95  4  1  0  0
13  0      0 1872744  13284 5706936    0    0     0     0 3540 3040 96  4  0  0  0
10  1      0 1869156  13340 5707480    0    0    10   376 5546 3447 89  4  6  1  0
12  0      0 1881120  13384 5707608    0    0    16    50 12289 8053 83  5 11  0  0
11  0      0 1881888  13384 5707604    0    0     0     0 4056 3343 84  3 13  0  0
10  0      0 1882320  13384 5707572    0    0     0   102 3644 3041 81  3 17  0  0
procs -----------memory---------- ---swap-- -----io---- -system-- -----cpu------
 r  b   swpd   free   buff  cache   si   so    bi    bo   in   cs us sy id wa st
10  0      0 1882416  13384 5707548    0    0     0     0 3264 3079 80  3 17  0  0
 5  0      0 1882616  13384 5707552    0    0     0     6 3018 2853 67  2 31  0  0
 0  0      0 1882460  13388 5707564    0    0     0     0 1604 1677 22  0 77  0  0
 0  0      0 1882680  13388 5707576    0    0     0     0  694  967  0  0 100  0  0
 0  0      0 1883436  13396 5707584    0    0     0   170  697  918  0  0 99  0  0
 0  0      0 1883700  13396 5707580    0    0     0     0  744  990  0  0 100  0  0
 0  0      0 1883360  13396 5707568    0    0     0     0  768  999  0  0 100  0  0
 0  0      0 1884356  13396 5707568    0    0     0     0  708  984  0  0 100  0  0
 0  0      0 1884136  13396 5707576    0    0     0     0  723  998  0  0 100  0  0
 0  0      0 1884136  13396 5707568    0    0     0     0  696  966  0  0 100  0  0
 0  0      0 1884404  13396 5707564    0    0     0     0  620  942  0  0 100  0  0
 0  0      0 1884872  13396 5707560    0    0     0     8  700  948  0  0 100  0  0
 0  0      0 1884376  13404 5707552    0    0     0    40  661  931  0  0 99  0  0
 0  0      0 1884504  13404 5707552    0    0     0     0  666  959  0  0 100  0  0
 0  0      0 1884388  13404 5707548    0    0     0     8  681  960  0  0 100  0  0
 0  0      0 1884916  13404 5707552    0    0     0     0  667  972  0  0 100  0  0
 0  0      0 1884676  13404 5707552    0    0     0     2  707  970  0  0 100  0  0
 0  0      0 1884556  13404 5707556    0    0     0     0  714  978  0  0 100  0  0
 0  0      0 1885044  13404 5707556    0    0     0     0  714 1012  0  0 100  0  0
 0  0      0 1885168  13404 5707552    0    0     0     8  667  970  0  0 100  0  0
 0  0      0 1885296  13412 5707552    0    0     0    32  681  948  0  0 100  0  0
procs -----------memory---------- ---swap-- -----io---- -system-- -----cpu------
 r  b   swpd   free   buff  cache   si   so    bi    bo   in   cs us sy id wa st
 0  0      0 1884308  13412 5708036    0    0   206   104 2008 2648  3  0 97  0  0
 1  0      0 1860244  13412 5708936    0    0    90     0 12855 12385 33  2 64  0  0
14  0      0 1860848  13412 5708924    0    0     0     0 19329 8016 91  7  3  0  0
12  0      0 1863336  13412 5708932    0    0     0     0 4759 3064 94  5  1  0  0
12  0      0 1863576  13412 5708928    0    0     0     0 3607 3051 95  4  1  0  0
12  0      0 1866280  13412 5708928    0    0     0     0 3496 3101 95  4  1  0  0
14  0      0 1865084  13412 5708920    0    0     0     0 3955 3066 94  5  1  0  0
15  0      0 1861844  13420 5709392    0    0     0   246 7459 3007 92  5  3  0  0
11  0      0 1881292  13420 5709584    0    0     0     8 8874 5427 86  5  9  0  0
10  0      0 1881916  13420 5709628    0    0     0     0 3287 3080 73  3 24  0  0
 8  0      0 1880900  13420 5709640    0    0     0     6 2990 3031 66  2 32  0  0
 8  0      0 1881448  13420 5709644    0    0     0     0 2981 2985 64  2 34  0  0
 1  0      0 1881544  13424 5709728    0    0     0     0 1659 1808 24  1 75  0  0
 0  0      0 1883164  13424 5710024    0    0     0     4  988 1291  1  0 99  0  0
 0  0      0 1883088  13432 5710088    0    0     0   322 12094 13269  3  1 95  0  0
 1  0      0 1882684  13432 5710072    0    0     0    16 3246 2655  6  0 94  0  0
 4  0      0 1882680  13432 5710076    0    0     0     0 2849 1896  8  0 92  0  0
 3  0      0 1881016  13432 5710080    0    0     0     0 3810 1924 12  0 88  0  0
 3  0      0 1881096  13432 5710072    0    0     0    10 8966 3329 21  1 79  0  0
 2  0      0 1880732  13432 5710056    0    0     0     0 11980 6563 27  1 71  0  0
 3  0      0 1881104  13432 5710056    0    0     0     0 12128 8161 26  1 73  0  0
procs -----------memory---------- ---swap-- -----io---- -system-- -----cpu------
 r  b   swpd   free   buff  cache   si   so    bi    bo   in   cs us sy id wa st
 2  0      0 1881400  13432 5710060    0    0     0     0 8233 5697 20  1 79  0  0
 0  0      0 1881196  13444 5710096    0    0     0    62 4974 3509 12  1 87  0  0
 0  0      0 1881204  13444 5710104    0    0     0   146 1457 1295  3  0 97  0  0
 0  0      0 1881728  13444 5710104    0    0     0     0  849 1088  1  0 99  0  0
 0  0      0 1881728  13444 5710108    0    0     0     8 1242 1314  2  0 98  0  0
 0  0      0 1881480  13444 5710108    0    0     0     0 1413 1178  3  0 97  0  0
 1  0      0 1881976  13444 5710100    0    0     0     0 1858 1161  5  0 95  0  0
 1  0      0 1882164  13444 5710104    0    0     0     8 2465 1002  9  0 90  0  0
 2  0      0 1883020  13452 5710108    0    0     0   110 2534 1337  8  0 91  0  0
13  0      0 1872816  13452 5710972    0    0     0     2 10425 7184 80  4 16  0  0
12  0      0 1862780  13452 5710980    0    0     0     0 14645 8323 93  6  1  0  0
12  0      0 1866276  13452 5710980    0    0     0     0 4986 3054 94  5  1  0  0
12  0      0 1866300  13452 5710984    0    0     0    86 3561 3136 94  5  1  0  0
12  0      0 1866556  13452 5710992    0    0     0     0 3469 3046 95  5  0  0  0
15  0      0 1866336  13456 5710992    0    0     0    10 5619 2953 94  5  1  0  0
11  0      0 1880712  13460 5711676    0    0     0     0 6614 4251 81  5 15  0  0
10  0      0 1883564  13472 5711668    0    0     2   232 3597 3152 80  3 17  0  0
 8  0      0 1881900  13476 5711688    0    0     0     0 3053 3092 67  3 30  0  0
 9  0      0 1882412  13476 5711680    0    0     0     0 2826 3052 65  3 33  0  0
 1  0      0 1882216  13480 5711784    0    0     0     0 2285 2348 37  1 62  0  0
 0  0      0 1883712  13480 5711796    0    0     0     0  855 1096  3  0 97  0  0
procs -----------memory---------- ---swap-- -----io---- -system-- -----cpu------
 r  b   swpd   free   buff  cache   si   so    bi    bo   in   cs us sy id wa st
 0  0      0 1883788  13480 5711796    0    0     0     0  781 1048  0  0 100  0  0
 0  0      0 1884044  13480 5711800    0    0     0    10  697  950  0  0 100  0  0
 0  1      0 1884308  13484 5711792    0    0     0   202  733 1007  0  0 100  0  0
 0  0      0 1880604  13488 5711792    0    0     0   180  779 1003  0  0 99  0  0
 0  0      0 1880824  13488 5711796    0    0     0     0  781 1025  0  0 100  0  0
 0  0      0 1880904  13488 5711796    0    0     0     0  751 1025  0  0 100  0  0
 0  0      0 1881028  13488 5711796    0    0     0     0  703 1000  0  0 100  0  0
 0  0      0 1881276  13488 5711792    0    0     0     0  699  998  0  0 100  0  0
 0  0      0 1881524  13488 5711792    0    0     0    22  725  963  0  0 100  0  0
 0  0      0 1881744  13488 5711788    0    0     0     0  702 1004  0  0 100  0  0
 0  0      0 1881372  13496 5711864    0    0     0    34 1480 1757  1  0 98  0  0
15  0      0 1866936  13496 5712700    0    0     0    10 10315 3454 84  6 10  0  0
14  0      0 1860156  13496 5712700    0    0     0     0 14914 8923 90  6  4  0  0
12  0      0 1860456  13496 5712696    0    0     0     0 5089 3053 94  5  2  0  0
12  0      0 1863644  13496 5712716    0    0     0     0 3987 3060 95  4  0  0  0
13  0      0 1863996  13496 5712716    0    0     0     0 3554 3065 94  5  0  0  0
 9  0      0 1859952  13500 5712748    0    0     0     0 6325 3310 94  5  2  0  0
15  0      0 1878296  13500 5713436    0    0     0     0 7945 5990 85  5 10  0  0
12  0      0 1878172  13512 5713524    0    0     0   302 3650 3074 95  5  1  0  0
10  0      0 1878364  13512 5713556    0    0     0     0 3525 3159 82  4 14  0  0
10  0      0 1878580  13512 5713556    0    0     0     0 3655 3137 79  4 17  0  0
procs -----------memory---------- ---swap-- -----io---- -system-- -----cpu------
 r  b   swpd   free   buff  cache   si   so    bi    bo   in   cs us sy id wa st
 7  0      0 1878472  13512 5713568    0    0     0     6 3399 3002 75  3 22  0  0
 1  0      0 1878736  13524 5713660    0    0     2     0 2235 2289 31  1 69  0  0
 0  0      0 1878728  13528 5713704    0    0     0     0  833 1000  0  0 99  0  0
 0  0      0 1878772  13528 5713704    0    0     0     0  754  995  0  0 100  0  0
 0  2      0 1879796  13528 5713692    0    0     0    98  815 1011  0  0 99  0  0
 1  0      0 1879400  13536 5713692    0    0     0   322  786  992  0  0 99  1  0
 1  0      0 1879664  13536 5713692    0    0     0     0  755  992  0  0 99  0  0
 0  0      0 1879988  13536 5713692    0    0     0     8  695  934  0  0 100  0  0
 0  0      0 1880360  13536 5713676    0    0     0     0  695  967  0  0 100  0  0
 0  0      0 1880156  13536 5713676    0    0     0     0  703  978  0  0 99  0  0
 0  0      0 1880436  13536 5713672    0    0     0     4  677  964  0  0 100  0  0
 1  0      0 1880516  13536 5713672    0    0     0     0  696  970  0  0 100  0  0
 0  0      0 1880936  13544 5713660    0    0     0    32  685  986  0  0 99  0  0
 0  0      0 1880560  13544 5713668    0    0     0     0  676  968  0  0 99  0  0
16  0      0 1880216  13544 5714080    0    0     0     0 1861 2457 20  1 78  0  0
14  0      0 1859312  13544 5714536    0    0     0     8 10094 5339 94  6  1  0  0
12  0      0 1860060  13544 5714536    0    0     0     0 8149 3800 93  6  1  0  0
14  0      0 1862040  13544 5714548    0    0     0     8 3777 3107 94  5  1  0  0
13  0      0 1862172  13544 5714544    0    0     0     0 3569 2969 95  5  1  0  0
13  0      0 1862800  13548 5714544    0    0     0     0 3727 3162 95  5  1  0  0
 8  0      0 1861992  13560 5715032    0    0     0   166 6815 3312 85  4 10  0  0
procs -----------memory---------- ---swap-- -----io---- -system-- -----cpu------
 r  b   swpd   free   buff  cache   si   so    bi    bo   in   cs us sy id wa st
13  0      0 1859208  13560 5715440    0    0     0     0 15653 14218 78  6 16  0  0
13  0      0 1860300  13560 5715444    0    0     0    42 3718 3068 95  5  1  0  0
 2  0      0 1860224  13560 5715520    0    0     0     0 3679 3229 95  5  1  0  0
14  0      0 1859916  13560 5715528    0    0     0     0 3646 3175 95  4  1  0  0
10  0      0 1860528  13564 5715540    0    0     0    12 3688 3061 93  5  2  0  0
 4  0      0 1859924  13564 5715644    0    0     0     0 2811 2890 60  2 38  0  0
 0  0      0 1860080  13568 5715728    0    0     0     0 1463 1570 14  0 85  0  0
 1  0      0 1860344  13576 5715732    0    0     0   326  755 1021  0  0 99  0  0
 1  0      0 1860140  13576 5715732    0    0     0     0  753 1000  0  0 100  0  0
 1  0      0 1859660  13576 5715716    0    0     0   182  730  999  0  0 99  0  0
 0  0      0 1860188  13576 5715720    0    0     0     0  734 1004  0  0 100  0  0
 0  0      0 1859940  13576 5715716    0    0     0     8  722  995  0  0 100  0  0
 0  0      0 1859936  13576 5715712    0    0     0     0  700 1000  0  0 100  0  0
 0  0      0 1860200  13576 5715712    0    0     0     0  686  940  0  0 100  0  0
 1  0      0 1860216  13584 5715704    0    0     0    48  684 1003  0  0 99  0  0
 0  0      0 1860596  13584 5715704    0    0     0     0  719  986  0  0 100  0  0
 0  0      0 1860340  13584 5715700    0    0     0     8  709  978  0  0 100  0  0
 0  0      0 1860844  13584 5715696    0    0     0     0  671  972  0  0 100  0  0
 0  0      0 1860792  13584 5715688    0    0     0     0  675 1002  0  0 100  0  0
 0  0      0 1861296  13584 5715688    0    0     0     8  685  980  0  0 100  0  0
 0  0      0 1861676  13584 5715684    0    0     0     0  690  967  0  0 100  0  0
procs -----------memory---------- ---swap-- -----io---- -system-- -----cpu------
 r  b   swpd   free   buff  cache   si   so    bi    bo   in   cs us sy id wa st
 0  0      0 1861048  13584 5715676    0    0     0    10  642  925  0  0 100  0  0
 0  0      0 1860820  13592 5715676    0    0     0    26  633  971  0  0 99  0  0
 0  0      0 1862316  13592 5715676    0    0     0     0  686  980  0  0 100  0  0
 0  0      0 1861564  13592 5715680    0    0     0     0  648  975  0  0 100  0  0
 0  0      0 1861696  13592 5715680    0    0     0     0  692  966  0  0 100  0  0
11  0      0 1871336  13592 5716596    0    0     0     0 11093 7442 62  4 34  0  0
18  0      0 1818888  13592 5716604    0    0     0     0 17658 10536 92  6  2  0  0
13  0      0 1842728  13592 5716600    0    0     0     0 5371 3626 94  4  1  0  0
14  0      0 1843640  13600 5716600    0    0     0   136 4394 2913 95  4  0  0  0
13  0      0 1843808  13600 5716596    0    0     0     0 4335 2925 94  5  1  0  0
15  0      0 1841092  13600 5716604    0    0     0    38 4482 2914 95  4  1  0  0
10  0      0 1842772  13604 5716888    0    0     0     0 12586 4915 85  5 10  0  0
10  0      0 1842376  13604 5716196    0    0     0     0 6422 6256 85  5 11  0  0
 9  0      0 1842872  13608 5716236    0    0     0     8 3530 3110 75  3 21  0  0
 8  0      0 1842244  13608 5716236    0    0     0     0 2914 3041 65  2 33  0  0
 5  0      0 1841392  13608 5716220    0    0     0    10 2893 3033 63  2 36  0  0
 0  0      0 1841656  13620 5716288    0    0     2   400 1549 1616 17  0 82  1  0
 0  0      0 1841752  13620 5716268    0    0     0     0  837 1029  0  0 99  0  0
 0  0      0 1841800  13620 5716256    0    0     0    12  755 1018  0  0 99  0  0
 0  0      0 1842644  13620 5716244    0    0     0     0  687  977  0  0 100  0  0
 0  0      0 1842904  13620 5716216    0    0     0     0  705  977  0  0 99  0  0
procs -----------memory---------- ---swap-- -----io---- -system-- -----cpu------
 r  b   swpd   free   buff  cache   si   so    bi    bo   in   cs us sy id wa st
 0  0      0 1843052  13620 5716212    0    0     0     0  726  995  0  0 100  0  0
 0  0      0 1842936  13620 5716212    0    0     0     0  650  975  0  0 99  0  0
 0  0      0 1843308  13628 5716212    0    0     0    82  706  991  0  0 99  0  0
 0  0      0 1843332  13628 5716212    0    0     0     0  680  945  0  0 99  0  0
 0  0      0 1843592  13628 5716212    0    0     0    10  695  917  0  0 100  0  0
 0  0      0 1843880  13628 5716212    0    0     0     0  635  906  0  0 100  0  0
 0  0      0 1844376  13628 5716208    0    0     0     0  651  943  0  0 100  0  0
 0  0      0 1844252  13628 5716208    0    0     0    18  659  906  0  0 99  0  0
 0  0      0 1844520  13628 5716208    0    0     0     0  695  967  0  0 100  0  0
 0  0      0 1844420  13628 5716208    0    0     0     0  668  969  0  0 100  0  0
11  0      0 1843228  13636 5717056    0    0     0    36 2686 2832 45  2 53  0  0
11  0      0 1872220  13636 5717080    0    0     0     0 22935 14675 91  7  2  0  0
13  0      0 1871928  13636 5717084    0    0     0   204 6515 2955 94  5  1  0  0
12  0      0 1875688  13636 5717084    0    0     0     0 4565 3018 95  5  0  0  0
12  0      0 1876440  13636 5717084    0    0     0    10 3465 3112 95  5  0  0  0
14  0      0 1877916  13636 5717084    0    0     0     0 4044 3149 94  5  1  0  0
11  0      0 1878816  13636 5717788    0    0     0     0 6372 4678 85  5 11  0  0
12  0      0 1862424  13644 5717796    0    0     0   284 4580 4011 93  5  2  0  0
11  0      0 1862052  13644 5717960    0    0     0     0 3730 3227 92  4  3  0  0
11  0      0 1862664  13644 5717960    0    0     0     8 3523 3069 88  4  8  0  0
12  0      0 1862520  13644 5717964    0    0     0     0 3708 3099 88  4  8  0  0
procs -----------memory---------- ---swap-- -----io---- -system-- -----cpu------
 r  b   swpd   free   buff  cache   si   so    bi    bo   in   cs us sy id wa st
 4  0      0 1862452  13644 5718008    0    0     0     0 3476 3171 71  3 26  0  0
 1  0      0 1861292  13644 5718096    0    0     0    10 1847 1951 28  0 72  0  0
 0  0      0 1861324  13644 5718112    0    0     0     0  811 1010  0  0 99  0  0
 0  0      0 1861560  13644 5718112    0    0     0    14  878 1026  0  0 100  0  0
 0  0      0 1861708  13652 5718108    0    0     0   240  707  992  0  0 99  0  0
 0  0      0 1861576  13652 5718108    0    0     0     0  725  990  0  0 99  0  0
 0  0      0 1861952  13652 5718104    0    0     0     0  684  965  0  0 100  0  0
 0  0      0 1861464  13652 5718104    0    0     0     0  685  931  0  0 100  0  0
 0  0      0 1861480  13652 5718100    0    0     0     8  693  978  0  0 100  0  0
 0  0      0 1861844  13652 5718412    0    0     0     0  773 1014  0  0 100  0  0
 0  0      0 1861720  13652 5718412    0    0     0     0  712  972  0  0 100  0  0
 0  0      0 1861864  13652 5718416    0    0     0    10  702  988  0  0 100  0  0
 0  0      0 1861848  13660 5718420    0    0     0    36  684  986  0  0 99  0  0
 0  0      0 1862592  13660 5718356    0    0     0   170  729  960  0  0 99  0  0
 0  0      0 1861716  13660 5718344    0    0     0     0  706  976  0  0 100  0  0
 0  0      0 1861832  13660 5718308    0    0     0     0  703  983  0  0 100  0  0
 0  0      0 1861972  13660 5718312    0    0     0     0  654  953  0  0 100  0  0
 0  0      0 1862344  13660 5718268    0    0     0     0  713  947  0  0 99  0  0
14  0      0 1861100  13660 5718920    0    0     0    10 1952 2510 24  1 75  0  0
14  1      0 1818920  13680 5728040    0    0  4614   116 20106 11348 92  7  1  0  0
13  0      0 1844768  13700 5747504    0    0  9738     0 6941 4304 94  5  1  0  0
procs -----------memory---------- ---swap-- -----io---- -system-- -----cpu------
 r  b   swpd   free   buff  cache   si   so    bi    bo   in   cs us sy id wa st
13  0      0 1825340  13716 5767324    0    0  9866    16 4207 3095 95  5  0  0  0
13  0      0 1807396  13736 5786272    0    0  9482     0 4309 3037 95  5  0  0  0
14  0      0 1789300  13756 5804816    0    0  9226     0 4214 3186 95  4  1  0  0
12  0      0 1764344  13772 5825068    0    0  9992     0 11050 5125 90  5  5  0  0
12  0      0 1733516  13792 5843920    0    0  9226     0 8388 3672 93  6  1  0  0
 9  0      0 1726548  13796 5850320    0    0  3202     6 3622 3136 89  4  7  0  0
10  0      0 1725876  13804 5850340    0    0     0   240 3349 3205 72  3 24  0  0
 9  0      0 1726088  13804 5850340    0    0     0    10 3421 3147 72  3 24  0  0
 2  0      0 1725940  13804 5850444    0    0     0     0 2509 2447 44  2 54  0  0
 0  0      0 1726940  13808 5850472    0    0     0     0 1147 1258  7  0 93  0  0
 0  0      0 1727996  13808 5850472    0    0     0     0  735  991  0  0 100  0  0
 0  0      0 1728144  13808 5850464    0    0     0     0  748  990  0  0 99  0  0
 0  0      0 1729260  13808 5850464    0    0     0    12  709  978  0  0 99  0  0
 0  0      0 1729196  13808 5850456    0    0     0     0  747  995  0  0 100  0  0
 0  0      0 1729692  13816 5850456    0    0     0   166  762 1018  0  0 99  0  0
 0  0      0 1729716  13816 5850448    0    0     0   162  706  990  0  0 100  0  0
 0  0      0 1730336  13816 5850436    0    0     0     0  695  940  0  0 100  0  0
 0  0      0 1730492  13816 5850440    0    0     0    18  684  989  0  0 99  0  0
 0  0      0 1730996  13816 5850436    0    0     0     0  704  994  0  0 99  0  0
 0  0      0 1731412  13816 5850444    0    0     0     0  695  992  0  0 100  0  0
 0  0      0 1731420  13816 5850444    0    0     0     0  707  995  0  0 100  0  0
procs -----------memory---------- ---swap-- -----io---- -system-- -----cpu------
 r  b   swpd   free   buff  cache   si   so    bi    bo   in   cs us sy id wa st
 0  0      0 1731968  13816 5850440    0    0     0     0  705  975  0  0 99  0  0
 4  0      0 1731332  13824 5850504    0    0     0    46 1960 2454  3  0 96  0  0
11  0      0 1739744  13824 5851320    0    0     0     0 15344 4399 73  5 22  0  0
13  0      0 1725864  13824 5851320    0    0     0     0 14068 12388 86  5  9  0  0
12  0      0 1727992  13824 5851316    0    0     0    10 4247 3058 95  5  1  0  0
13  0      0 1728488  13824 5851312    0    0     0     0 3595 3086 94  5  1  0  0
13  0      0 1728044  13824 5851308    0    0     0     8 3619 3068 95  4  1  0  0
10  0      0 1727416  13824 5851452    0    0     0     0 5398 3115 88  5  7  0  0
13  0      0 1740980  13824 5852012    0    0     0     0 8879 6046 78  5 17  0  0
12  0      0 1741804  13832 5852104    0    0     0   302 4537 3790 94  5  1  0  0
10  0      0 1741808  13832 5852120    0    0     0     0 3423 3066 87  5  9  0  0
10  0      0 1742132  13832 5852124    0    0     0     0 3148 3062 80  4 16  0  0
 6  0      0 1742272  13832 5852128    0    0     0     0 3316 3264 76  3 21  0  0
 3  0      0 1741480  13832 5852232    0    0     0     0 2138 2212 35  1 65  0  0
 0  0      0 1741760  13832 5852280    0    0     0    16 1060 1237  5  0 95  0  0
 0  0      0 1741900  13832 5852288    0    0     0     0  723  984  0  0 100  0  0
 0  0      0 1742296  13840 5852276    0    0     0   228  768  978  0  0 99  0  0
 0  0      0 1742428  13840 5852288    0    0     0     0  630  910  0  0 100  0  0
 0  0      0 1742208  13840 5852272    0    0     0     0  713  981  0  0 100  0  0
 0  0      0 1742448  13840 5852276    0    0     0   170  705  971  0  0 100  0  0
 0  0      0 1743084  13840 5852272    0    0     0     0  681  969  0  0 100  0  0
procs -----------memory---------- ---swap-- -----io---- -system-- -----cpu------
 r  b   swpd   free   buff  cache   si   so    bi    bo   in   cs us sy id wa st
 0  0      0 1743236  13840 5852272    0    0     0    16  683  963  0  0 100  0  0
 0  0      0 1743360  13840 5852260    0    0     0     0  662  974  0  0 100  0  0
 0  0      0 1743464  13840 5852260    0    0     0     0  665  961  0  0 100  0  0
 1  0      0 1743332  13848 5852256    0    0     0    34  634  926  0  0 99  0  0
 0  0      0 1743836  13848 5852268    0    0     0     0  686  939  0  0 100  0  0
 0  0      0 1744092  13848 5852268    0    0     0     0  676  981  0  0 100  0  0
15  0      0 1742384  13848 5853116    0    0     0     0 2756 2919 47  2 52  0  0
11  0      0 1739004  13848 5853124    0    0     0     0 18952 10411 90  7  3  0  0
13  0      0 1740624  13848 5853120    0    0     0     0 7144 4199 93  5  2  0  0
15  0      0 1742980  13848 5853120    0    0     0     0 3766 3079 95  4  0  0  0
12  0      0 1743400  13848 5853120    0    0     0    14 3484 3046 94  5  1  0  0
12  0      0 1741672  13860 5853124    0    0     2   128 4094 3128 95  4  0  0  0
10  0      0 1720288  13860 5853856    0    0     0     0 18089 12960 87  6  8  0  0
12  0      0 1739880  13860 5853876    0    0     0     0 6656 4704 87  5  8  0  0
 9  0      0 1741516  13860 5853888    0    0     0     0 3498 3049 81  4 15  0  0
13  0      0 1741280  13860 5853900    0    0     0     6 3467 3162 73  3 24  0  0
 8  0      0 1740644  13864 5853884    0    0     0     0 3013 3080 73  3 24  0  0
 0  0      0 1739908  13868 5854024    0    0     0     0 1937 2026 30  1 69  0  0
 0  0      0 1740520  13868 5854056    0    0     0    18  768 1043  0  0 100  0  0
 0  0      0 1740660  13876 5854052    0    0     0   332  805  999  0  0 100  0  0
 0  0      0 1740932  13876 5854056    0    0     0   168  799 1024  0  0 100  0  0
procs -----------memory---------- ---swap-- -----io---- -system-- -----cpu------
 r  b   swpd   free   buff  cache   si   so    bi    bo   in   cs us sy id wa st
 0  0      0 1741348  13876 5854052    0    0     0     0  798 1020  0  0 100  0  0
 0  0      0 1741720  13876 5854052    0    0     0     0  704  971  0  0 100  0  0
 1  0      0 1741852  13876 5854048    0    0     0     4  695 1001  0  0 100  0  0
 0  0      0 1742564  13876 5854044    0    0     0     0  715  991  0  0 100  0  0
 0  0      0 1742340  13876 5854036    0    0     0     0  706  981  0  0 100  0  0
 0  0      0 1743064  13876 5854036    0    0     0     0  741  994  0  0 100  0  0
 0  0      0 1743608  13884 5854028    0    0     0    32  727 1005  0  0 99  0  0
 0  0      0 1743048  13884 5854040    0    0     0    14  673  952  0  0 100  0  0
 0  0      0 1743052  13884 5854048    0    0     0     0  714  988  0  0 100  0  0
 0  0      0 1743184  13884 5854048    0    0     0     0  725  993  0  0 100  0  0
 0  0      0 1743184  13884 5854048    0    0     0     0  689  980  0  0 100  0  0
 0  0      0 1743504  13884 5854036    0    0     0     0  702 1007  0  0 100  0  0
 0  0      0 1743384  13884 5854036    0    0     0     8  695 1003  0  0 100  0  0
 0  0      0 1743508  13884 5854048    0    0     0     0  700  993  0  0 100  0  0
13  0      0 1744540  13892 5854084    0    0     0    54 2222 3259 17  2 81  0  0
13  0      0 1736216  13892 5853912    0    0     0     0 16378 8170 93  6  1  0  0
13  0      0 1740240  13892 5853912    0    0     0     0 10614 4345 93  5  1  0  0
12  0      0 1744276  13892 5853892    0    0     0     0 4706 2959 95  5  1  0  0
15  0      0 1744392  13892 5853896    0    0     0     0 3485 3176 94  5  1  0  0
14  0      0 1744508  13892 5853876    0    0     0    76 3535 3087 95  5  0  0  0
 9  0      0 1744028  13892 5854180    0    0     0     0 5310 3433 90  5  6  0  0
procs -----------memory---------- ---swap-- -----io---- -system-- -----cpu------
 r  b   swpd   free   buff  cache   si   so    bi    bo   in   cs us sy id wa st
12  0      0 1726204  13892 5854648    0    0     0     0 8878 5299 88  6  6  0  0
13  0      0 1725740  13900 5854728    0    0     0   366 3627 3072 95  5  0  0  0
11  0      0 1725656  13900 5854756    0    0     0     0 3762 3024 88  4  8  0  0
11  0      0 1726400  13900 5854740    0    0     0    14 3538 3101 87  4  9  0  0
 9  0      0 1726264  13900 5854740    0    0     0     0 3509 3141 84  4 12  0  0
11  0      0 1726380  13900 5854828    0    0     0     0 2024 2118 31  1 68  0  0
 0  0      0 1726420  13900 5854856    0    0     0     0 1174 1299  6  0 94  0  0
 0  0      0 1726672  13900 5854868    0    0     0     0  772  963  0  0 100  0  0
 0  0      0 1727104  13900 5854868    0    0     0    18  786  943  0  0 100  0  0
 0  0      0 1726908  13912 5854860    0    0     0   222  713  983  0  0 99  0  0
 0  0      0 1727544  13912 5854868    0    0     0     0  711 1007  0  0 100  0  0
 0  0      0 1727528  13912 5854864    0    0     0     8  690 1003  0  0 100  0  0
 0  0      0 1727652  13912 5854860    0    0     0     0  714  989  0  0 100  0  0
 0  0      0 1727692  13912 5854848    0    0     0     0  681  981  0  0 100  0  0
 0  0      0 1728056  13912 5854848    0    0     0     0  710  972  0  0 100  0  0
 0  0      0 1728072  13912 5854844    0    0     0     0  686  950  0  0 100  0  0
 0  0      0 1728320  13912 5854844    0    0     0     2  694  967  0  0 100  0  0
 0  0      0 1728088  13920 5854840    0    0     0    32  692  983  0  0 100  0  0
17  0      0 1715016  13920 5855704    0    0     0   212 8418 8561 56  3 41  0  0
17  0      0 1737220  13920 5855712    0    0     0     0 17168 8515 92  6  1  0  0
13  0      0 1740368  13920 5855712    0    0     0     0 4760 3036 94  5  1  0  0
procs -----------memory---------- ---swap-- -----io---- -system-- -----cpu------
 r  b   swpd   free   buff  cache   si   so    bi    bo   in   cs us sy id wa st
13  0      0 1742736  13920 5855712    0    0     0    14 5218 3041 94  5  1  0  0
12  0      0 1743760  13920 5855712    0    0     0     0 3494 3005 94  5  1  0  0
15  0      0 1741956  13920 5855712    0    0     0     0 4465 3101 94  4  1  0  0
11  0      0 1741884  13920 5856340    0    0     0     0 10842 6633 87  5  8  0  0
11  0      0 1724632  13928 5856444    0    0     0   282 4695 4139 92  5  3  0  0
 9  0      0 1724928  13928 5856480    0    0     0    30 3627 3156 76  3 21  0  0
 9  0      0 1724928  13928 5856468    0    0     0     0 3283 3165 73  3 24  0  0
 7  0      0 1724924  13928 5856468    0    0     0     0 3143 3014 71  3 25  0  0
 1  0      0 1724424  13928 5856584    0    0     0     0 1665 1760 21  0 78  0  0
 1  0      0 1724836  13928 5856596    0    0     0     0  925 1147  2  0 98  0  0
 0  0      0 1725100  13928 5856600    0    0     0     0  702  963  0  0 100  0  0
 0  0      0 1725232  13936 5856600    0    0     0   212  732  972  0  0 99  0  0
 0  0      0 1725552  13936 5856592    0    0     0     0  693  977  0  0 100  0  0
 0  0      0 1726296  13936 5856588    0    0     0     0  716  987  0  0 100  0  0
 0  0      0 1725816  13936 5856580    0    0     0     0  676  938  0  0 100  0  0
 0  0      0 1726188  13936 5856580    0    0     0     0  681  965  0  0 100  0  0
 0  0      0 1726204  13936 5856572    0    0     0     0  666  949  0  0 100  0  0
 0  0      0 1726956  13936 5856572    0    0     0    14  699  958  0  0 100  0  0
 0  0      0 1726768  13936 5856568    0    0     0     0  667  973  0  0 100  0  0
 0  0      0 1726644  13944 5856572    0    0     0    28  658  974  0  0 99  0  0
 0  0      0 1727148  13944 5856572    0    0     0   164  700  919  0  0 100  0  0
procs -----------memory---------- ---swap-- -----io---- -system-- -----cpu------
 r  b   swpd   free   buff  cache   si   so    bi    bo   in   cs us sy id wa st
 0  0      0 1727560  13944 5856572    0    0     0     0  691  960  0  0 100  0  0
 0  0      0 1727320  13944 5856572    0    0     0    24  670  924  0  0 100  0  0
14  0      0 1726548  13944 5857372    0    0     0     0 2224 2750 27  1 72  0  0
12  0      0 1720104  13944 5857464    0    0     0     0 14563 6791 91  5  4  0  0
12  0      0 1722096  13944 5857468    0    0     0     0 10036 7053 92  6  3  0  0
12  0      0 1724820  13948 5857472    0    0     0     0 4477 3132 94  5  1  0  0
12  0      0 1724616  13956 5857484    0    0     0   120 3562 3058 95  5  0  0  0
13  0      0 1724908  13956 5857480    0    0     0     0 3640 3067 95  4  1  0  0
10  0      0 1723560  13956 5858200    0    0     0     0 4786 3649 79  3 18  0  0
12  0      0 1738552  13956 5858284    0    0     0    34 8395 7305 84  6 10  0  0
13  0      0 1739016  13956 5858356    0    0     0     0 3779 2994 94  5  1  0  0
12  0      0 1739256  13956 5858428    0    0     0     0 3566 3116 94  5  0  0  0
12  0      0 1739628  13956 5858416    0    0     0     0 3375 3073 94  5  1  0  0
 8  0      0 1739372  13956 5858416    0    0     0     0 3396 3004 87  5  8  0  0
 5  0      0 1739216  13964 5858504    0    0     0   278 2336 2572 45  1 54  0  0
 0  0      0 1739248  13964 5858580    0    0     0     0 1414 1585 13  0 86  0  0
 1  0      0 1740032  13964 5858584    0    0     0     0  671  987  0  0 100  0  0
 3  0      0 1740700  13964 5858596    0    0     0     0  752 1002  0  0 100  0  0
 0  0      0 1740344  13968 5858596    0    0     2     0  745 1007  0  0 100  0  0
 0  0      0 1740360  13968 5858596    0    0     0    26  666  965  0  0 100  0  0
 0  0      0 1741316  13968 5858600    0    0     0     0  680  937  0  0 100  0  0
procs -----------memory---------- ---swap-- -----io---- -system-- -----cpu------
 r  b   swpd   free   buff  cache   si   so    bi    bo   in   cs us sy id wa st
 0  0      0 1741572  13968 5858596    0    0     0    70  736  998  0  0 100  0  0
 0  0      0 1741316  13976 5858596    0    0     0   168  702  991  0  0 99  0  0
 0  0      0 1741608  13976 5858596    0    0     0     0  669  991  0  0 100  0  0
 0  0      0 1742080  13976 5858596    0    0     0     0  718  994  0  0 100  0  0
 0  0      0 1742284  13976 5858592    0    0     0     0  691  965  0  0 100  0  0
 0  0      0 1742052  13976 5858600    0    0     0     0  712  984  0  0 100  0  0
 0  0      0 1741920  13976 5858600    0    0     0     0  702  957  0  0 100  0  0
 0  0      0 1742352  13976 5858600    0    0     0     0  693  984  0  0 100  0  0
 0  0      0 1742376  13976 5858600    0    0     0     0  667  974  0  0 100  0  0
15  0      0 1741576  13984 5859308    0    0     0    20 2364 2948 28  1 70  0  0
15  0      0 1734444  13984 5859464    0    0     0    14 17634 11203 93  6  2  0  0
12  0      0 1736760  13984 5859460    0    0     0     0 6534 2827 94  5  1  0  0
12  0      0 1736572  13984 5859460    0    0     0     0 4493 2980 95  5  0  0  0
13  0      0 1738928  13984 5859456    0    0     0     0 4164 3134 94  5  1  0  0
13  0      0 1738928  13984 5859468    0    0     0     0 3613 3104 95  5  0  0  0
 9  0      0 1741772  13984 5860028    0    0     0    26 5749 3881 87  4  9  0  0
13  0      0 1739388  13984 5860272    0    0     0     0 7229 6085 85  5  9  0  0
12  0      0 1739824  13992 5860272    0    0     0   298 3723 3248 92  4  3  0  0
12  0      0 1739740  13992 5860432    0    0     0   144 3611 3057 95  5  1  0  0
12  0      0 1740032  13992 5860436    0    0     0     0 3596 3057 94  5  0  0  0
11  0      0 1739916  13992 5860436    0    0     0     0 3702 3178 94  5  1  0  0
procs -----------memory---------- ---swap-- -----io---- -system-- -----cpu------
 r  b   swpd   free   buff  cache   si   so    bi    bo   in   cs us sy id wa st
 5  0      0 1739916  13992 5860536    0    0     0     0 2752 2780 52  2 47  0  0
 0  0      0 1740140  13992 5860624    0    0     0     0 1745 1757 17  0 83  0  0
 0  0      0 1740776  13992 5860620    0    0     0     0  709  996  0  0 100  0  0
 0  1      0 1740916  13992 5860620    0    0     0   106  722  978  0  0 100  0  0
 0  0      0 1741236  14000 5860604    0    0     0   146  669  968  0  0 99  1  0
 0  0      0 1741772  14000 5860604    0    0     0     0  664  977  0  0 100  0  0
 0  0      0 1741804  14000 5860608    0    0     0     0  669  965  0  0 100  0  0
 0  0      0 1741960  14000 5860600    0    0     0    14  628  971  0  0 100  0  0
 0  0      0 1742216  14000 5860604    0    0     0     0  659  986  0  0 100  0  0
 0  0      0 1742464  14000 5860596    0    0     0     2  683  995  0  0 100  0  0
 0  0      0 1742892  14000 5860600    0    0     0     0  630 1018  0  0 100  0  0
 0  0      0 1742788  14008 5860596    0    0     0    40  649 1022  0  0 100  0  0
 0  0      0 1742448  14008 5860596    0    0     0    24  639  989  0  0 100  0  0
 0  0      0 1742944  14008 5860596    0    0     0     0  664  987  0  0 100  0  0
 0  0      0 1742964  14008 5860596    0    0     0     0  669  999  0  0 100  0  0
 0  0      0 1742972  14008 5860596    0    0     0     0  632  958  0  0 100  0  0
14  0      0 1719712  14008 5860404    0    0     0     0 8494 7284 62  4 35  0  0
13  0      0 1721448  14008 5860408    0    0     0     0 16120 9580 93  6  1  0  0
15  0      0 1718784  14008 5860408    0    0     0     0 6512 2874 94  6  1  0  0
13  0      0 1723636  14016 5860412    0    0     0   568 4379 3093 95  4  0  0  0
12  0      0 1724132  14016 5860408    0    0     0     0 3638 3235 94  5  1  0  0
procs -----------memory---------- ---swap-- -----io---- -system-- -----cpu------
 r  b   swpd   free   buff  cache   si   so    bi    bo   in   cs us sy id wa st
13  0      0 1724264  14016 5860396    0    0     0     0 4936 2993 95  5  1  0  0
12  0      0 1722928  14016 5861068    0    0     0     0 12059 11983 87  5  8  0  0
12  0      0 1739276  14016 5861072    0    0     0     0 4253 3632 94  5  1  0  0
 9  0      0 1739776  14016 5861108    0    0     0    14 3495 3328 81  3 16  0  0
 9  0      0 1739248  14016 5861096    0    0     0     0 3255 3013 72  4 25  0  0
 7  0      0 1739272  14016 5861104    0    0     0     0 3184 3019 71  2 27  0  0
 1  0      0 1739080  14024 5861172    0    0     0   310 1787 1916 27  1 72  1  0
 0  0      0 1739576  14024 5861200    0    0     0     0  947 1161  1  0 98  0  0
 0  0      0 1739888  14024 5861212    0    0     0    28  819 1033  0  0 100  0  0
 0  0      0 1739904  14024 5861208    0    0     0     0  675  997  0  0 100  0  0
 0  0      0 1739464  14024 5861220    0    0     0     0  665 1001  0  0 100  0  0
 0  0      0 1739836  14024 5861220    0    0     0     0  653 1002  0  0 100  0  0
 0  0      0 1740040  14024 5861208    0    0     0     0  664  994  0  0 100  0  0
 0  0      0 1740288  14024 5861208    0    0     0     0  665 1024  0  0 100  0  0
 0  0      0 1740560  14032 5861208    0    0     0    66  651 1007  0  0 99  0  0
 0  0      0 1741200  14032 5861208    0    0     0     0  638  973  0  0 100  0  0
 0  0      0 1741584  14032 5861200    0    0     0     0  651  979  0  0 99  0  0
15  0      0 1739452  14032 5861848    0    0     0     0 4002 3921 25  1 73  0  0
13  0      0 1714132  14032 5862096    0    0     0     0 15856 9884 92  6  2  0  0
11  0      0 1722328  14032 5862100    0    0     0     0 8097 2930 94  5  1  0  0
12  0      0 1722136  14032 5862100    0    0     0     0 3515 3084 95  5  1  0  0
procs -----------memory---------- ---swap-- -----io---- -system-- -----cpu------
 r  b   swpd   free   buff  cache   si   so    bi    bo   in   cs us sy id wa st
12  0      0 1722632  14032 5862096    0    0     0    94 3529 2992 94  5  1  0  0
14  0      0 1721888  14040 5862096    0    0     0    58 3528 3022 95  5  0  0  0
 8  0      0 1720764  14040 5862256    0    0     0   120 7495 4808 79  4 17  0  0
13  0      0 1736984  14040 5862900    0    0     0     0 7170 6358 85  5 10  0  0
11  0      0 1736260  14040 5862980    0    0     0     0 3750 3105 93  4  3  0  0
11  0      0 1736796  14040 5862996    0    0     0    26 3863 3140 88  4  8  0  0
11  0      0 1737812  14040 5862996    0    0     0     0 3829 3153 88  3  9  0  0
 9  0      0 1736972  14040 5863000    0    0     0     0 3761 3040 86  4 10  0  0
 2  0      0 1737020  14040 5863108    0    0     0     0 2384 2354 42  1 57  0  0
 0  0      0 1737424  14052 5863152    0    0     2   342  977 1113  2  0 97  1  0
 0  0      0 1737852  14052 5863152    0    0     0     2  712 1002  0  0 100  0  0
 0  0      0 1737488  14052 5863152    0    0     0     0  772 1016  0  0 100  0  0
 0  0      0 1737288  14052 5863156    0    0     0     0  719 1006  0  0 100  0  0
 0  0      0 1738312  14052 5863148    0    0     0     0  765 1020  0  0 100  0  0
 0  0      0 1738040  14052 5863148    0    0     0     0  691  974  0  0 100  0  0
 0  0      0 1738468  14052 5863132    0    0     0     0  714  978  0  0 100  0  0
 0  0      0 1738504  14060 5863136    0    0     0    80  696  921  0  0 99  0  0
 0  0      0 1738876  14060 5863120    0    0     0    16  705  948  0  0 100  0  0
 0  0      0 1738884  14060 5863120    0    0     0     0  687  958  0  0 100  0  0
14  0      0 1696856  14060 5863980    0    0     0     0 8100 6365 68  4 29  0  0
14  0      0 1718920  14060 5863984    0    0     0     0 8990 3760 93  6  1  0  0
procs -----------memory---------- ---swap-- -----io---- -system-- -----cpu------
 r  b   swpd   free   buff  cache   si   so    bi    bo   in   cs us sy id wa st
13  0      0 1720608  14060 5863984    0    0     0     0 4149 3004 94  5  1  0  0
13  0      0 1720624  14060 5863984    0    0     0    28 3812 3175 94  5  1  0  0
12  0      0 1720368  14060 5863988    0    0     0     0 3547 3094 95  5  0  0  0
15  0      0 1719328  14068 5863988    0    0     0   114 4262 3016 94  5  1  0  0
10  0      0 1713412  14068 5864800    0    0     0   136 13286 9169 80  5 15  0  0
10  0      0 1734284  14068 5864804    0    0     0     0 4327 4013 87  4  9  0  0
10  0      0 1735520  14068 5864816    0    0     0     0 3308 3091 79  4 17  0  0
10  0      0 1735652  14068 5864816    0    0     0     0 3481 3136 80  3 17  0  0
 8  0      0 1736288  14068 5864808    0    0     0     0 3548 3217 79  3 18  0  0
 2  0      0 1738092  14068 5864924    0    0     0     0 1958 2091 31  0 69  0  0
 1  0      0 1737976  14068 5864968    0    0     0     0  996 1177  2  0 98  0  0
 0  0      0 1738032  14076 5864976    0    0     0   356  852 1023  0  0 99  1  0
 0  0      0 1737816  14076 5864976    0    0     0     0  725 1001  0  0 100  0  0
 0  0      0 1738300  14076 5864988    0    0     0     0  680  985  0  0 100  0  0
 0  0      0 1738664  14076 5864976    0    0     0     0  738  993  0  0 99  0  0
 0  0      0 1738796  14076 5864976    0    0     0     0  691  934  0  0 100  0  0
 0  0      0 1738868  14076 5864976    0    0     0     0  697  976  0  0 100  0  0
 0  0      0 1739212  14076 5864976    0    0     0     0  747 1019  0  0 100  0  0
 0  0      0 1739096  14076 5864972    0    0     0     0  715 1000  0  0 100  0  0
 0  0      0 1739344  14084 5864964    0    0     0    54  721  993  0  0 99  0  0
15  0      0 1734664  14084 5865800    0    0     0     0 5605 4392 46  2 51  0  0
procs -----------memory---------- ---swap-- -----io---- -system-- -----cpu------
 r  b   swpd   free   buff  cache   si   so    bi    bo   in   cs us sy id wa st
13  0      0 1680088  14084 5865812    0    0     0     0 16810 7039 92  7  1  0  0
12  0      0 1702784  14084 5865812    0    0     0     0 5342 3049 94  5  1  0  0
12  0      0 1703036  14084 5865816    0    0     0     0 3436 3160 95  4  1  0  0
12  0      0 1703572  14084 5865820    0    0     0     0 3599 3095 95  4  0  0  0
14  0      0 1702472  14084 5865832    0    0     0     0 3802 3032 95  5  1  0  0
10  0      0 1699992  14084 5866560    0    0     0    80 8156 4654 78  4 17  0  0
12  0      0 1719560  14092 5866648    0    0     0   296 6841 5033 90  5  5  0  0
10  0      0 1719052  14092 5866676    0    0     0     0 3499 3076 84  3 13  0  0
10  0      0 1719548  14092 5866684    0    0     0    10 3391 3125 80  4 16  0  0
10  0      0 1719808  14092 5866684    0    0     0     0 3310 3132 80  3 16  0  0
 3  0      0 1720048  14092 5866764    0    0     0     4 2495 2461 49  1 50  0  0
 0  0      0 1720056  14092 5866816    0    0     0     0 1179 1319 10  0 90  0  0
 0  0      0 1720840  14092 5866824    0    0     0     0  751 1004  0  0 100  0  0
 0  0      0 1721172  14092 5866824    0    0     0     0  679  966  0  0 100  0  0
 0  0      0 1720772  14100 5866824    0    0     0   236  803 1011  0  0 99  0  0
 0  0      0 1722044  14100 5866824    0    0     0    24  712  956  0  0 100  0  0
 0  0      0 1721928  14100 5866820    0    0     0     0  664  965  0  0 100  0  0
 0  0      0 1722324  14100 5866824    0    0     0     0  702  979  0  0 100  0  0
 0  0      0 1722100  14100 5866812    0    0     0     2  675  967  0  0 100  0  0
 0  0      0 1722224  14100 5866800    0    0     0     0  648  944  0  0 100  0  0
 0  0      0 1722464  14100 5866804    0    0     0     2  685  955  0  0 100  0  0
procs -----------memory---------- ---swap-- -----io---- -system-- -----cpu------
 r  b   swpd   free   buff  cache   si   so    bi    bo   in   cs us sy id wa st
 0  0      0 1722588  14100 5866808    0    0     0     0  679  978  0  0 100  0  0
 0  0      0 1722100  14108 5866816    0    0     0    32  681  986  0  0 100  0  0
 0  0      0 1721480  14108 5866816    0    0     0   184  706  950  0  0 100  0  0
 0  0      0 1721604  14108 5866816    0    0     0     0  691  982  0  0 100  0  0
 1  0      0 1717312  14108 5866816    0    0     0     8  991 1383  1  0 99  0  0
15  0      0 1706656  14108 5866600    0    0     0     0 8729 6630 85  5 10  0  0
11  0      0 1705772  14108 5866352    0    0     0     0 11487 5721 92  6  1  0  0
15  0      0 1728768  14108 5866348    0    0     0    78 4080 3290 94  5  1  0  0
13  0      0 1728148  14108 5866332    0    0     0     0 4267 3005 95  5  1  0  0
12  0      0 1728900  14116 5866312    0    0     0   240 4387 3029 95  4  1  0  0
11  0      0 1724944  14116 5866276    0    0     0     0 7772 2776 94  5  1  0  0
10  0      0 1713524  14120 5867052    0    0     0     0 11350 8863 75  4 21  0  0
15  0      0 1713796  14120 5867060    0    0     0    24 3743 3191 93  4  3  0  0
11  0      0 1713904  14120 5867120    0    0     0     0 3610 3040 93  5  3  0  0
12  0      0 1713996  14120 5867116    0    0     0     0 3572 3138 88  4  9  0  0
11  0      0 1713624  14120 5867420    0    0     0     0 3526 3176 87  4  9  0  0
 5  0      0 1714420  14120 5867520    0    0     0     0 2443 2475 53  2 46  0  0
 1  0      0 1713800  14128 5867568    0    0     0   320 1417 1574 13  0 86  1  0
 1  0      0 1714020  14128 5867548    0    0     0     0  746  937  0  0 100  0  0
 1  0      0 1714068  14128 5867536    0    0     0     6  695  972  0  0 100  0  0
 1  0      0 1715116  14128 5867500    0    0     0     0  681  948  0  0 100  0  0
procs -----------memory---------- ---swap-- -----io---- -system-- -----cpu------
 r  b   swpd   free   buff  cache   si   so    bi    bo   in   cs us sy id wa st
 1  0      0 1715632  14128 5867496    0    0     0     0  718  987  0  0 100  0  0
 1  0      0 1715372  14128 5867472    0    0     0     8  671  972  0  0 100  0  0
 1  0      0 1715172  14128 5867464    0    0     0     0  698  972  0  0 100  0  0
 1  1      0 1715556  14136 5867428    0    0     0   288  739  986  0  0 100  0  0
 1  0      0 1716164  14136 5867384    0    0     0     0  674  965  0  0 99  0  0
 1  0      0 1716048  14136 5867392    0    0     0     0  679  942  0  0 100  0  0
 1  0      0 1715800  14136 5867396    0    0     0    16  867 1332  1  0 99  0  0
12  0      0 1729156  14136 5868168    0    0     0     0 18384 12551 82  5 13  0  0
14  0      0 1728108  14136 5868172    0    0     0     6 10464 5260 93  6  1  0  0
12  0      0 1728112  14136 5868168    0    0     0     0 5055 2971 94  5  0  0  0
12  0      0 1731328  14136 5868168    0    0     0     0 4586 3185 94  5  1  0  0
12  0      0 1731476  14144 5868136    0    0     0   132 3515 3067 95  5  1  0  0
13  0      0 1731292  14144 5868272    0    0     0     0 5544 2984 94  5  1  0  0
11  0      0 1713156  14144 5868672    0    0     0     6 10723 7228 91  5  4  0  0
 9  0      0 1712868  14144 5868776    0    0     0     0 3778 3167 84  4 12  0  0
 8  0      0 1713224  14144 5868796    0    0     0     0 3319 3089 68  3 29  0  0
 8  0      0 1713708  14144 5868804    0    0     0     0 3116 3007 65  2 33  0  0
 2  0      0 1713352  14144 5868856    0    0     0     0 2392 2538 42  1 56  0  0
 0  1      0 1713708  14152 5868868    0    0     0   330 1225 1359  6  0 94  0  0
 0  0      0 1714128  14152 5868888    0    0     0     0  760 1030  0  0 99  0  0
 0  0      0 1714188  14152 5868896    0    0     0     0  768 1032  0  0 99  0  0
procs -----------memory---------- ---swap-- -----io---- -system-- -----cpu------
 r  b   swpd   free   buff  cache   si   so    bi    bo   in   cs us sy id wa st
 0  0      0 1714808  14152 5868892    0    0     0   172  769  984  0  0 100  0  0
 0  0      0 1715392  14152 5868888    0    0     0     0  727  995  0  0 100  0  0
 0  0      0 1715656  14152 5868888    0    0     0    18  787 1024  0  0 100  0  0
 0  0      0 1716076  14152 5868888    0    0     0     0  709 1010  0  0 100  0  0
 0  0      0 1716208  14152 5868880    0    0     0     0  683  986  0  0 100  0  0
 0  0      0 1716388  14160 5868868    0    0     0    26  714 1005  0  0 99  0  0
 1  0      0 1716608  14160 5868872    0    0     0     0  665  987  0  0 100  0  0
 0  0      0 1716736  14160 5868868    0    0     0     0  666  969  0  0 100  0  0
 0  0      0 1716612  14160 5868868    0    0     0     0  659  953  0  0 100  0  0
16  0      0 1709376  14160 5869748    0    0     0     0 5676 5173 56  2 42  0  0
12  0      0 1714328  14160 5869756    0    0     0     6 10948 4986 93  6  1  0  0
12  0      0 1715732  14160 5869752    0    0     0     0 5037 3205 94  5  1  0  0
12  0      0 1715948  14160 5869748    0    0     0     0 3467 3155 95  4  1  0  0
15  0      0 1715932  14168 5869744    0    0     0   114 3524 3077 95  5  0  0  0
14  0      0 1717912  14168 5869740    0    0     0     0 4916 3078 94  5  0  0  0
 9  0      0 1708364  14168 5870388    0    0     0     8 6859 4225 81  5 15  0  0
 8  0      0 1731776  14168 5870436    0    0     0     0 5459 4509 66  3 31  0  0
 8  0      0 1731916  14168 5870452    0    0     0     0 3027 3037 65  2 33  0  0
 8  0      0 1731252  14168 5870440    0    0     0     0 2937 3100 65  2 33  0  0
 2  0      0 1731004  14168 5870512    0    0     0     0 2467 2593 43  1 56  0  0
 0  0      0 1731760  14176 5870512    0    0     0   326 1366 1497 11  0 88  0  0
procs -----------memory---------- ---swap-- -----io---- -system-- -----cpu------
 r  b   swpd   free   buff  cache   si   so    bi    bo   in   cs us sy id wa st
 0  0      0 1732532  14180 5870540    0    0     2     0  813 1031  0  0 100  0  0
 0  0      0 1732184  14180 5870540    0    0     0   140  812 1007  0  0 100  0  0
 0  0      0 1732820  14180 5870540    0    0     0     0  768 1004  0  0 100  0  0
 0  0      0 1733164  14180 5870536    0    0     0     0  733  987  0  0 100  0  0
 0  0      0 1733312  14180 5870532    0    0     0     0  679  995  0  0 100  0  0
 0  0      0 1733824  14180 5870532    0    0     0     0  730  987  0  0 100  0  0
 0  0      0 1733956  14180 5870528    0    0     0     6  714 1006  0  0 100  0  0
 0  0      0 1734352  14188 5870532    0    0     0    68  686  995  0  0 99  0  0
 0  0      0 1734596  14188 5870536    0    0     0     0  671  998  0  0 99  0  0
 0  0      0 1734588  14188 5870532    0    0     0     0  677  993  0  0 100  0  0
 0  0      0 1734984  14188 5870532    0    0     0     0  718  978  0  0 100  0  0
12  0      0 1734880  14188 5870596    0    0    28     8 2341 2937 23  1 76  0  0
13  0      0 1734464  14188 5870748    0    0     0     0 3605 3205 95  5  0  0  0
12  0      0 1734116  14188 5870756    0    0     0     0 3596 3252 94  5  0  0  0
12  0      0 1734120  14188 5870756    0    0     0     0 3541 3262 94  5  1  0  0
12  0      0 1734032  14196 5870752    0    0     0   106 3442 3133 94  5  1  0  0
12  0      0 1734156  14196 5870756    0    0     0    20 3526 3197 94  6  1  0  0
10  0      0 1733696  14196 5870832    0    0     0     0 4178 3873 81  4 15  0  0
10  0      0 1734332  14196 5870832    0    0     0     0 3461 3159 80  4 16  0  0
10  0      0 1733424  14196 5870840    0    0     0    10 3320 3067 79  5 16  0  0
10  0      0 1732928  14196 5870840    0    0     0     0 3373 3236 79  4 16  0  0
procs -----------memory---------- ---swap-- -----io---- -system-- -----cpu------
 r  b   swpd   free   buff  cache   si   so    bi    bo   in   cs us sy id wa st
10  0      0 1733556  14196 5870820    0    0     0     0 3476 3154 80  4 16  0  0
 0  0      0 1733324  14196 5870824    0    0     0     0 1374 1480  9  0 90  0  0
 0  0      0 1733340  14204 5870816    0    0     0    78  683  984  0  0 100  0  0
 0  0      0 1733692  14204 5870832    0    0     0    74  994 1140  1  0 99  0  0
 0  0      0 1733760  14204 5870828    0    0     0     0 1004 1164  1  0 99  0  0
 1  0      0 1734280  14204 5870820    0    0     0     8 1728 1400  3  0 96  0  0
 1  0      0 1733380  14204 5870820    0    0     0     0 2708 1024  8  0 91  0  0
 1  0      0 1733520  14204 5870808    0    0     0     0 2791 1018 10  0 90  0  0
 0  0      0 1733396  14204 5870808    0    0     0     0 1832 1014  4  0 96  0  0
 0  0      0 1733660  14204 5870808    0    0     0     0  672  977  0  0 100  0  0
 0  0      0 1733444  14212 5870800    0    0     0    36  685  978  0  0 100  0  0
 0  0      0 1733328  14212 5870804    0    0     0     0  698  988  0  0 100  0  0
 0  0      0 1733072  14212 5870800    0    0     0     0  663  989  0  0 100  0  0
 1  0      0 9584700  14212 5870528    0    0    10    14 1362 1098  0  2 98  0  0
 0  0      0 25691016  14212 5846300    0    0     0     0 1695  659  0  4 96  0  0
