procs -----------memory---------- ---swap-- -----io---- --system-- -----cpu------
 r  b   swpd   free   buff  cache   si   so    bi    bo   in   cs us sy id wa st
 2  3 17606536 25776376   4576 198208    0    1    27    75    1    0  0  0 99  0  0
 1  1 17606536 25699036   4912 207228    0    0  4598   252 1570 3902  8  1 87  4  0
 1  0 17606508 25620552   4932 215236    0    0  4180   474 1639 4736  9  1 88  2  0
 1  0 17606508 25485940   5068 223228    0    0  3728   442 1604 6172 10  1 86  3  0
14  0 17606212 25189812   5212 240556  256    0  8930     0 1592 7227 20  1 73  6  0
 3 11 17606168 22944532   5288 300996   16    0 30406     0 1267 4187 20  4 53 23  0
 2 10 17606164 21031624   5368 360608    0    0 29644   136 1258 3999 12  3 71 14  0
 2 12 17606140 19948712   5428 423468    0    0 31478   682 1303 4070 14  2 68 15  0
 1 11 17606136 19735480   5480 482728    0    0 29634     0 1255 3943 11  1 65 23  0
 1 11 17606112 19513832   5556 543380   32    0 30362    60 1266 4044 11  0 70 18  0
 3 12 17606064 19290600   5624 609140   16    0 33036     6 1275 4293 16  1 64 20  0
 1 11 17606064 19214176   5712 684848    0    0 37806    60 1313 4228 14  0 67 19  0
 1 11 17606040 18949620   5768 754616   16    0 35004     6 1291 4114 18  1 60 21  0
 2 12 17606036 18880924   5832 821564    0    0 33440     0 1278 4096 12  0 71 16  0
 3 11 17606016 18790840   5908 889860    0    0 34362    68 1289 4124 14  1 69 17  0
 1 12 17605836 18588232   5996 959432  162    0 34740     0 1380 4086 18  1 58 23  0
 1 12 17605796 18520892   6048 1025680   16    0 33324     8 1307 4063 11  1 62 26  0
 1 12 17605772 18129904   6144 1092684    0    0 33348    82 1292 4034 19  2 65 15  0
 1 12 17605744 18058052   6208 1161388   26    0 34554     0 1329 4157 12  1 73 15  0
 1 12 17605724 17988268   6300 1230048   18    0 34260    64 1356 4091 12  0 74 13  0
10  4 17605680 17046552   6372 1299140   32    0 34644   136 1370 4027 17  2 63 18  0
procs -----------memory---------- ---swap-- -----io---- --system-- -----cpu------
 r  b   swpd   free   buff  cache   si   so    bi    bo   in   cs us sy id wa st
 1 11 17605672 16895300   6468 1375832    0    0 38382    64 1391 4097 18  1 58 24  0
 4 13 17605648 16816188   6540 1453708   16    0 38996     0 1363 4149 14  1 67 18  0
 3 12 17605644 16471748   6712 1522268   14    0 34520   184 1462 4244 26  2 52 21  0
 2 12 17605616 16404536   6788 1588656   16    0 33292     0 1377 4464 20  1 43 36  0
 3  9 17605572 16229888   6864 1656944   16    0 34108    10 1421 4563 35  1 46 17  0
 9  5 17605572 15959488   6944 1720444    0    0 31912    96 1654 5048 43  2 41 14  0
12  3 17605548 15807856   7024 1787528   16    0 33426     8 1372 5410 82  6  4  9  0
 3  2 17605544 15688508   7076 1839684    0    0 26136    84 1375 5382 90  6  2  2  0
21  0 17605520 15572204   7140 1895696   16    0 28056     6 1320 5570 89  6  4  0  0
13  1 17605472 15509860   7184 1943432   16    0 23654     0 1244 5621 93  6  1  0  0
12  1 17605464 15432708   7268 1988080    0    0 22622   196 1335 5634 92  6  2  0  0
 5  2 17605440 15349688   7336 2048796   16    0 30260     2 1610 5267 59  3 35  4  0
 3  0 17605436 15293384   7408 2091200    0    0 21280   112 1393 4498 30  1 66  3  0
 2  0 17605416 15291396   7424 2093012    0    0   712    24 1091 3635 17  0 82  0  0
10  0 17605372 15264676   7432 2092932   32    0    32   130 1125 3553 15  0 85  0  0
 0  1 17605368 15263004   7448 2094080    0    0   544     0 1145 3340  5  0 95  0  0
 0  0 17605340 15262076   7456 2095184   28    0   584   146 1120 3106  0  0 100  0  0
 0  0 17605332 15262304   7464 2095112    0    0     0    56 1022 3161  0  0 100  0  0
 0  0 17605312 15262468   7468 2095108   16    0    18     0 1017 3006  0  0 100  0  0
 0  0 17605264 15261684   7484 2095484   32    0   420    58 1086 3111  0  0 100  0  0
11  0 17605264 15059712   7500 2097672    0    0  1022     0 1228 5511 30  1 69  0  0
procs -----------memory---------- ---swap-- -----io---- --system-- -----cpu------
 r  b   swpd   free   buff  cache   si   so    bi    bo   in   cs us sy id wa st
13  1 17605236 14896276   7500 2098772   16    0   528    12 6246 4828 90  4  6  0  0
 9  0 17605236 14658932   7536 2125288    0    0 13646   140 12569 6165 71  6 21  1  0
 9  2 17605180 14399760   7612 2192084   40    0 33358     8 5002 5787 68  4 24  4  0
 1  8 17605132 14178496   7680 2264696   32    0 36314    32 7567 6623 57  4 30  9  0
 2  7 17605128 14138844   7768 2332480    0    0 33808    64 12000 12952 16  2 62 20  0
 3  9 17605100 14052952   7840 2400364   32    0 34204     6 7067 8136 17  1 60 22  0
 5  9 17605100 13986712   7916 2468736    0    0 33930    70 5097 6862 14  1 66 19  0
 4 11 17605076 13701452   8004 2538204   16    0 35028     0 3666 6128 17  2 55 26  0
 2 11 17605028 13631352   8072 2608412   32    0 34790    64 1315 4039 15  1 69 16  0
 1 11 17605028 13538640   8148 2677596    0    0 34880     0 3543 4112 20  1 66 13  0
 3 11 17605004 13406284   8220 2750284    0    0 36476    24 1330 4103 16  1 60 23  0
 1 10 17605000 13336804   8456 2821396    0    0 35414   356 1487 4203 15  1 71 14  0
 2 11 17604976 13271960   8528 2887140   16    0 32780   108 1290 3969 13  0 66 21  0
 1 10 17604932 13205504   8592 2954040   32    0 33432     0 1328 4102 14  1 66 19  0
 2  9 17604928 13140120   8660 3019432    0    0 32966    68 1337 3993 13  0 69 18  0
 1  9 17604904 13072156   8732 3087660    0    0 34084     0 1279 3996 14  0 75 11  0
 1  9 17604900 13003760   8808 3156232    0    0 34274    58 1281 4039 15  0 66 19  0
 1 10 17604880 12927388   8880 3231832    0    0 38116    14 1295 4008 16  0 59 24  0
 1  9 17604832 12845652   8952 3309464   48    0 38590     0 1309 4108 16  1 51 32  0
 1  9 17604824 12774076   9028 3379748    0    0 35324   136 1296 4034 15  1 65 19  0
 2  8 17604796 12703392   9092 3450652   16    0 35420     6 1420 4164 15  0 66 19  0
procs -----------memory---------- ---swap-- -----io---- --system-- -----cpu------
 r  b   swpd   free   buff  cache   si   so    bi    bo   in   cs us sy id wa st
 2  6 17604784 12632244   9180 3520584    0    0 34908   168 1341 4028 15  1 73 12  0
 1  3 17604768 12562236   9240 3590236   16    0 34968     6 1407 4138 15  1 65 19  0
 1  0 17604708 12503228   9292 3648780   30    0 29282     0 1335 3803 12  0 81  6  0
 0  0 17604708 12475668   9324 3676120    0    0 13646    78 1164 3382  5  0 94  0  0
 1  0 17604668 12475972   9328 3676120   16    0    16     0 1074 3202  0  0 100  0  0
 3  0 17604640 12424392   9340 3677732   38    0   806   134 11764 9250 32  1 66  0  0
 2  0 17604620 12387296   9340 3677784    0    0     0    26 24887 22248 10  3 87  0  0
10  0 17604576 12392208   9352 3680936    8    0  1708     0 20408 15677 53  5 42  0  0
 2  0 17604572 12339804   9368 3691200   16    0  5140   102 8969 7120 87  5  7  0  0
12  0 17604544 11999368   9380 3701820   20    0  5274   156 4721 6507 89  5  6  0  0
13  0 17604540 11919700   9408 3723020    0    0 10634    62 3410 4978 94  5  1  0  0
15  0 17604520 11872236   9424 3738948   16    0  7960     2 1747 4855 95  4  1  0  0
12  0 17604456 11770844   9444 3755876   48    0  8698     0 1957 4980 94  5  1  0  0
12  0 17604448 11678420   9468 3776504   12    0 10388    56 1290 5161 93  4  2  0  0
13  0 17604412 11617732   9492 3797100   16    0 10332    16 2019 5024 94  4  2  0  0
18  0 17604408 11571908   9516 3814120    0    0  8520    74 2667 4805 94  4  2  0  0
16  0 17604380 11511016   9532 3834116    0    0  9864     8 1176 4935 94  4  1  0  0
10  0 17604328 11433564   9556 3853860   16    0  9884     0 1156 5001 94  4  2  0  0
 9  0 17604320 11346564   9592 3871640    0    0  8842    68 1292 4799 88  3  9  0  0
 8  0 17604288 11262904   9632 3901012   32    0 14834     6 5566 7442 68  3 28  0  0
 6  0 17604264 11151776   9748 3929432   12    0 14250   252 7643 9398 69  4 27  0  0
procs -----------memory---------- ---swap-- -----io---- --system-- -----cpu------
 r  b   swpd   free   buff  cache   si   so    bi    bo   in   cs us sy id wa st
 3  0 17604244 11087840   9764 3941004   16    0  5716     0 5902 7807 36  2 62  0  0
 4  0 17604184 11086268   9772 3941272   16    0    16   118 5615 8129 25  1 74  0  0
 5  0 17604184 10966380   9772 3941276    0    0     0     0 7735 9710 33  2 66  0  0
 6  2 17604148 10817528   9812 3974652   16    0 16676    26 1999 5539 50  2 48  0  0
 5  0 17604148 10706524   9856 4009980    0    0 17744    82 1319 4647 50  2 48  0  0
 4  0 17604124 10631084   9896 4047328   32    0 18738    84 1282 4447 43  1 56  0  0
 3  0 17604072 10549024   9944 4086020   16    0 19426    82 1334 4197 33  1 66  1  0
 3  0 17604068 10504156  10008 4127588    0    0 20832    94 1301 4179 25  1 73  2  0
 3  0 17604044 10429808  10048 4166144   16    0 19236     8 1176 3887 28  1 71  1  0
 1  0 17604040 10386728  10100 4204184    0    0 18964   150 1503 4225 22  1 76  2  0
 0  0 17604020 10387204  10104 4204116   16    0    16    12 1088 3239  0  0 99  0  0
 0  0 17603964 10387460  10112 4204076   32    0    32    98 1076 3091  0  0 100  0  0
 0  0 17603960 10387712  10112 4204116    0    0     0     0 1012 3125  0  0 100  0  0
 0  0 17603936 10388152  10120 4204108   16    0    20     8 1042 3152  0  0 100  0  0
10  0 17603932 10224360  10136 4204308    0    0    86   126 4561 6028 41  2 57  0  0
11  0 17603908 10128592  10136 4204388    0    0     0     6 24438 15745 74  7 18  0  0
13  0 17603852 10117532  10152 4209660   16    0  2834    68 14986 11128 88  6  6  0  0
 9  0 17603848 9787088  10172 4230176   16    0 10266     0 6597 6396 77  5 18  0  0
14  0 17603820 9809308  10192 4249468    0    0  9610     0 7587 8180 81  5 14  0  0
 8  0 17603820 9642656  10220 4271860    0    0 11082    76 8254 9339 76  5 20  0  0
 9  0 17603796 9592460  10244 4297900   16    0 13404    24 13080 15076 67  4 29  0  0
procs -----------memory---------- ---swap-- -----io---- --system-- -----cpu------
 r  b   swpd   free   buff  cache   si   so    bi    bo   in   cs us sy id wa st
10  0 17603740 9514840  10272 4325324   32    0 13424     0 16618 18231 60  4 36  0  0
11  0 17603732 9299888  10316 4359096   16    0 16930   108 4301 7343 77  4 17  2  0
 8  0 17603696 9347000  10340 4381252   16    0 11036   138 2025 5371 79  3 18  0  0
 8  0 17603696 9237024  10368 4405844    0    0 12298    70 5526 8172 65  3 32  0  0
 9  0 17603672 9254960  10396 4431496   16    0 12980     4 5947 8612 61  2 37  0  0
 4  0 17603620 9165688  10444 4480284    0    0 24282     0 3969 6973 49  2 45  5  0
 2  0 17603608 9067336  10496 4527284    0    0 23574    84 1438 3877 24  1 72  3  0
 2  0 17603572 9031600  10532 4562448   32    0 17650    14 1160 3496 17  0 83  0  0
 1  0 17603572 8999808  10704 4598076    0    0 17776   304 1254 3511 13  0 86  1  0
 0  0 17603544 9000536  10704 4598616   32    0   352     8 1064 3120  0  0 99  0  0
 0  0 17603492 9001072  10704 4598616   16    0    16     0 1023 3213  0  0 100  0  0
13  0 17603484 9000508  10724 4598604    0    0     0    70 1196 4111  6  0 93  0  0
11  0 17603460 8895396  10724 4598696   16    0    16     6 20108 12558 78  6 16  0  0
11  0 17603456 8429672  10732 4598700    0    0     0   132 21180 14052 76  8 16  0  0
11  0 17603436 8173256  10732 4598688   16    0    16     0 11314 11709 76  5 19  0  0
11  0 17603376 8058896  10732 4598680   32    0    32     0 8288 7866 84  5 11  0  0
10  0 17603372 7825836  10760 4598708   16    0    16   164 4131 7413 85  4 10  0  0
10  0 17603348 7694260  10776 4612076   16    0  6808    24 13333 13878 78  4 18  0  0
10  0 17603344 7528984  10840 4629672    0    0  8908   244 7566 9441 82  4 14  0  0
11  1 17603324 7379728  10888 4670008    0    0 19862   194 3747 7051 88  5  5  1  0
11  0 17603268 7034720  10940 4716548   32    0 23674     0 8760 9023 80  5 11  4  0
procs -----------memory---------- ---swap-- -----io---- --system-- -----cpu------
 r  b   swpd   free   buff  cache   si   so    bi    bo   in   cs us sy id wa st
11  0 17603248 7026856  11000 4767080   32    0 25402   114 11317 11970 85  5  7  3  0
12  3 17603208 6812808  11072 4838420   16    0 35658     6 10170 10120 85  5  5  5  0
 2  0 17603204 6597424  11212 4948452    0    0 28556  8732 5711 8232 49  2 38 11  0
14  3 17603156 6369864  11344 5053720   32    0 29470    10 9167 9852 71  3 23  2  0
12  3 17603132 6131532  11396 5112164   16    0 28946 35260 1282 4776 91  3  4  1  0
10  1 17603132 5923436  11480 5178360    0    0 30046  6202 1407 5002 79  3 12  6  0
 3  0 17603096 5630748  11616 5296092   16    0 23784     8 1236 4086 52  2 42  5  0
 9  2 17603076 5547696  11708 5377212   16    0 28780 50504 5269 7475 53  2 38  7  0
 8  3 17603048 5385320  11780 5448972    0    0 35626     6 1324 4931 66  2 21 10  0
 3  0 17603024 5376600  11812 5456776   16    0  3732    84 1336 4103 32  1 67  0  0
 3  0 17603024 5301988  11812 5456912    0    0    64     0 1052 3263 16  0 84  0  0
 2  0 17602992 5276088  11840 5480944   32    0    32     0 3461 3185  8  0 91  0  0
 0  0 17602968 5248440  11884 5507572   16    0    16 25442 1162 3225  5  0 93  1  0
 0  0 17602944 5249680  11884 5507548   16    0    16    26 1061 3215  0  0 100  0  0
 0  0 17602920 5249620  11884 5507560   16    0    16     0 1021 3210  0  0 100  0  0
 0  0 17602916 5249132  11892 5507560    0    0     0    62 1940 3242  0  0 100  0  0
 0  0 17602884 5249012  11892 5507560    0    0     0   270 1088 3181  0  0 100  0  0
 0  0 17602860 5251172  11968 5507516   32    0    46   182 1051 3154  0  0 100  0  0
 0  0 17602828 5251540  11968 5507592    0    0     0     2 1015 3140  0  0 100  0  0
10  0 17602808 5430044  11976 5331664    6    0     6    66 1216 4397 10  1 89  0  0
15  0 17602804 5406112  11976 5281476    0    0     0    12 10888 7933 86  6  7  0  0
procs -----------memory---------- ---swap-- -----io---- --system-- -----cpu------
 r  b   swpd   free   buff  cache   si   so    bi    bo   in   cs us sy id wa st
19  0 17602768 5298480  11976 5281560   16    0    16     0 1051 4959 93  5  1  0  0
16  0 17602744 5131368  11988 5281580   16    0    16   166 1065 4937 92  5  3  0  0
 3  0 17602720 5082140  11988 5281556   16    0    16     8 2380 4826 92  5  3  0  0
16  0 17602696 5014376  12012 5281544    0    0     0   174 1570 4957 93  5  2  0  0
10  0 17602692 4856184  12012 5281540   16    0    16     6 3012 5008 89  5  6  0  0
 5  0 17602652 4739576  12032 5281560   16    0    18   168 6224 5720 87  5  8  0  0
10  0 17602632 4640440  12032 5281572   16    0    16     0 5719 5425 91  6  4  0  0
15  0 17602572 4641472  12032 5281636   16    0    16     0 3649 6206 89  5  6  0  0
13  0 17602572 4586184  12040 5281612    0    0     0    84 5627 5601 93  6  1  0  0
18  0 17602568 4560260  12040 5281588   16    0    16    24 1115 4730 94  5  1  0  0
 8  0 17602532 4544600  12048 5282228   16    0   400    98 3226 5095 85  4 11  0  0
 7  0 17602508 4529840  12048 5282424   16    0    16     0 16738 14280 64  4 31  0  0
 6  0 17602444 4450628  12056 5286312   32    0  2276   154 18356 18850 59  4 36  0  0
 7  1 17602444 4231052  12112 5334032    0    0 23576    88 12006 13582 63  5 28  4  0
 7  2 17602408 4100376  12168 5387944   16    0 27036     4 3705 6830 58  3 35  5  0
 6  1 17602404 4011548  12224 5444252    0    0 28136    72 1846 4800 56  2 36  6  0
 5  1 17602384 3956388  12284 5499560   16    0 27654     0 1816 4330 41  1 51  7  0
 2  0 17602324 3910724  12320 5544444   16    0 22478    10 1416 4372 36  1 58  5  0
 0  0 17602324 3910860  12328 5544348    0    0     0    66 1170 3252  7  0 92  0  0
 0  0 17602280 3911748  12328 5544328   32    0    32     8 1015 3033  0  0 100  0  0
 0  0 17602280 3912860  12336 5544344    0    0     0    72 1019 3014  0  0 100  0  0
procs -----------memory---------- ---swap-- -----io---- --system-- -----cpu------
 r  b   swpd   free   buff  cache   si   so    bi    bo   in   cs us sy id wa st
 0  0 17602256 3913276  12336 5544344   16    0    16     0 1013 3053  0  0 100  0  0
 0  0 17602200 3915128  12336 5544376   16    0    16     6 1023 3131  0  0 100  0  0
 0  0 17602200 3915548  12344 5544344    0    0     0    54 1017 3127  0  0 100  0  0
 0  0 17602164 3916268  12344 5544356   16    0    16     0 1011 3063  0  0 100  0  0
 0  0 17602160 3919360  12484 5544216    0    0    30   294 1064 3310  0  0 99  0  0
 0  0 17602140 3919836  12484 5544368    4    0     4     0 1016 3204  0  0 100  0  0
 0  0 17602084 3919628  12484 5544256   80    0    80    28 1021 3034  0  0 100  0  0
 0  0 17602080 3920356  12492 5544356    0    0     0    76 1018 3096  0  0 100  0  0
 0  0 17602056 3920368  12492 5544320   32    0    32    98 1031 3025  0  0 100  0  0
10  0 17602052 3914276  12500 5544400    0    0     0     0 5118 5959 58  3 39  0  0
14  0 17602032 3890004  12508 5544468    0    0     0   120 20533 14172 82  7 11  0  0
12  0 17601988 3722028  12508 5544436   16    0    16     2 5058 6074 81  4 14  0  0
12  0 17601984 3474248  12528 5544400   16    0    16   156 4227 7337 84  4 12  0  0
16  0 17601960 3409860  12528 5544448   16    0    16    14 4555 6988 90  5  5  0  0
14  4 17601956 3186568  12644 5637512    0    0     0 36296 4105 5918 94  4  2  0  0
15  0 17601932 3073904  12720 5676372   16    0    18 11830 4331 7124 79  3 16  2  0
 5  0 17601884 2929944  12788 5731192   32    0    32     0 1089 3856 78  2 20  0  0
10  0 17601884 2820216  12804 5735088    0    0     0 47410 9497 8539 80  5 14  1  0
 9  0 17601856 2729260  12820 5744652    0    0     0     6 5425 7467 84  4 12  0  0
 9  0 17601856 2571752  12876 5791296    0    0     0     0 4346 5563 62  3 35  0  0
 9  0 17601836 2437840  12896 5801364   16    0    16 29038 8503 9246 78  5 16  1  0
procs -----------memory---------- ---swap-- -----io---- --system-- -----cpu------
 r  b   swpd   free   buff  cache   si   so    bi    bo   in   cs us sy id wa st
 1  0 17601776 2204368  13004 5885244   16    0    16     0 5637 7733 27  2 72  0  0
 8  1 17601768 2057288  13028 5897820    0    0     2 52842 1226 4204 67  3 28  3  0
 5  0 17601732 1869504  13036 5897836   16    0    16   196 1222 4334 58  2 39  0  0
11  0 17601728 1839512  13036 5897836    0    0     0     0 4894 7253 46  1 52  0  0
 4  0 17601708 1794316  13048 5899000   16    0    16   530 1175 3947 38  1 61  0  0
 3  0 17601652 1648768  13108 5947780   48    0    48     0 1191 3589 32  1 67  0  0
 1  0 17601648 1648356  13120 5947776    0    0     0 25098 1173 3290  9  0 89  1  0
 0  0 17601608 1648892  13120 5947792   16    0    16     0 1064 3043  2  0 98  0  0
 0  0 17601608 1648704  13120 5947784    0    0     0     0 1014 2968  0  0 100  0  0
 0  0 17601584 1647680  13128 5947784   16    0    16    66 1046 3032  0  0 100  0  0
 0  0 17601524 1647784  13128 5947788   16    0    16     0 1023 3011  0  0 100  0  0
 0  0 17601524 1648580  13136 5947780    0    0     0    70 1017 3029  0  0 100  0  0
 0  0 17601484 1648012  13136 5947792   32    0    32     8 1016 2948  0  0 100  0  0
 0  0 17601484 1649920  13216 5947788    0    0    16   180 1031 3000  0  0 100  0  0
 0  0 17601464 1649808  13216 5947788    0    0     0     6 1020 2888  0  0 100  0  0
 0  0 17601408 1650300  13224 5947780   32    0    32    74 1056 3042  0  0 100  0  0
 0  0 17601400 1650388  13224 5947792    0    0     0     0 1060 3032  0  0 100  0  0
 0  0 17601360 1650700  13224 5947792   32    0    32     2 1024 2981  0  0 100  0  0
 0  0 17601360 1650712  13232 5947788    0    0     0    52 1016 3042  0  0 100  0  0
 0  0 17601304 1650728  13232 5947756   32    0    32    20 1025 3046  0  0 100  0  0
 0  0 17601280 1650368  13240 5947780   16    0    16    52 1026 3082  0  0 100  0  0
procs -----------memory---------- ---swap-- -----io---- --system-- -----cpu------
 r  b   swpd   free   buff  cache   si   so    bi    bo   in   cs us sy id wa st
 0  0 17601276 1648516  13288 5947876    0    0    46   154 1033 3216  0  0 99  0  0
 0  1 17601220 1648364  13412 5947728   52    0   148   182 1066 3212  0  0 99  1  0
 0  1 17601216 1644508  14500 5947812    0    0   536   100 1154 3478  0  0 91  8  0
 0  1 17601160 1639928  15572 5947996   16    0   552     0 1158 3394  0  0 91  8  0
 0  0 17601136 1639704  15580 5947940    0    0     0   432 1027 3055  0  0 100  0  0
12  0 17601132 1815976  15580 5696072    0    0     0     0 1208 6577 69  3 28  0  0
 3  0 17601096 1693340  15580 5696060   32    0    32    10 5993 6224 92  6  2  0  0
15  0 17601092 1640540  15592 5696076   16    0    16   188 4154 4783 89  6  5  0  0
 4  0 17601040 1505372  15608 5707716   16    0  5974     8 4825 6523 91  7  2  0  0
10  0 17601008 1346100  15624 5719988   16    0  6100    80 1103 4966 90  5  5  0  0
12  1 17601008 1200816  15640 5734516    0    0  7432     6 1192 4659 92  6  2  0  0
 2  1 17600972 1135352  15656 5750788   20    0  8156     0 5055 5743 86  4 10  0  0
17  0 17600940 953832  15676 5764500   16    0  6998    80 2215 5010 93  5  3  0  0
10  0 17600908 767536  15688 5775696    4    0  5322     0 4498 4436 92  6  2  0  0
11  0 17600888 733584  15712 5791716   16    0  7960    82 2693 4688 93  5  1  0  0
14  0 17600880 715116  15728 5808224    0    0  8264    26 2863 4687 94  5  1  0  0
14  0 17600844 697772  15744 5825152   32    0  8426     0 2687 4567 94  5  1  0  0
10  0 17600820 687796  15752 5827364    0    0  1154    70 7031 7339 85  4 11  0  0
 7  0 17600784 691104  15752 5827400   16    0    16   466 15114 12985 66  5 30  0  0
 5  0 17600760 667648  15760 5827360    0    0     0    86 3103 4443 49  2 49  0  0
 5  0 17600756 571964  15760 5827380   16    0    16     2 1215 4297 42  1 57  0  0
procs -----------memory---------- ---swap-- -----io---- --system-- -----cpu------
 r  b   swpd   free   buff  cache   si   so    bi    bo   in   cs us sy id wa st
 4  1 17600536 552640  15760 5827660  226    0   290     0 1088 4105 36  1 62  1  0
 1  0 17600424 554084  15912 5827348   64    0    84   374 1259 3958 21  0 78  0  0
 0  0 17600388 544800  15912 5827508   16    0    16    10 1054 3311 11  0 89  0  0
 0  0 17600360 545380  15912 5827508   16    0    16     0 1055 3097  0  0 100  0  0
 0  0 17600356 545080  15920 5827508    0    0     0    78 1024 3116  0  0 100  0  0
 0  0 17600316 545304  15920 5827512   16    0    16     0 1064 3160  0  0 100  0  0
 0  0 17600292 545316  15928 5827488   16    0    16    62 1023 3071  0  0 100  0  0
 2  0 17600260 545972  15928 5827504   16    0    16     8 1022 3087  0  0 100  0  0
 0  0 17600232 545852  15940 5827500   16    0    16   122 1025 3153  0  0 100  0  0
 0  0 17600232 546292  15940 5827508    0    0     0     0 1039 3200  0  0 100  0  0
 0  0 17600200 544184  15972 5827476   16    0    16   152 1041 3264  0  0 100  0  0
 1  0 17600176 544528  15972 5827480   32    0    32     0 1014 3201  0  0 100  0  0
 0  0 17600136 544040  15972 5827564    0    0     0    24 1025 3259  0  0 100  0  0
 0  0 17600116 544464  15984 5827524   16    0    18   102 1028 3194  0  0 100  0  0
 0  0 17600108 544184  15984 5827532    0    0     0   186 1042 3144  0  0 100  0  0
 0  0 17600076 544048  15992 5827516   32    0    32    44 1032 3121  0  0 100  0  0
 0  0 17600052 543696  15992 5827544    0    0     0     0 1063 3135  0  0 100  0  0
 0  0 17600016 544120  15992 5827500   32    0    32     0 1016 3136  0  0 100  0  0
 0  0 17599988 543660  16000 5827520    0    0     0    56 1023 3121  0  0 100  0  0
12  0 17599988 539556  16008 5827600    0    0     2    12 13559 12586 64  4 32  0  0
17  0 17599948 475192  16016 5827616   16    0    16   140 23784 18340 81  7 13  0  0
procs -----------memory---------- ---swap-- -----io---- --system-- -----cpu------
 r  b   swpd   free   buff  cache   si   so    bi    bo   in   cs us sy id wa st
10  0 17599928 431896  16016 5827644    0    0     0     0 7812 6326 92  5  3  0  0
 9  0 17599900 168972  16016 5827604   16    0    16     8 3572 5432 90  5  5  0  0
17  0 17623408  98700  16024 5827648   16 11798    16 11902 1672 4621 93  5  2  0  0
 3 11 17694552  85572  16044 5829104    0 35652     0 35652 1362 3984 57  7  7 29  0
17  2 17781060  93960  16128 5873152   16 43418    16 76722 1356 4408 79 16  3  1  0
 7  0 17872168  91832  16200 5909740   16 45614    16 61570 1416 3999 38 13 28 21  0
14  4 17956392  85512  16256 5940004   16 42128    16 43716 6863 7383 70 11 11  8  0
 2  1 17998096  94864  16284 5959736    0 20952     0 71638 5923 6390 64 16 15  5  0
 7 10 18049556  85636  16292 5958992    0 25812     0 26642 1830 3167 32  7 26 35  0
11  5 18095472  87836  16300 5953080   14 22986    18 27892 2816 3972 38 10 16 36  0
 0  5 18149900  91304  16392 5960440   16 27224   410 31954 13943 11207 64  9 15 12  0
 1 17 18193948  86796  16392 5957344   32 22112    32 22120 3210 3820 12 13 24 51  0
 5 10 18248904  86164  16388 5950840    0 27556     0 28504 3203 3656 35 16 14 34  0
 0 13 18280656  84904  16400 5953652   16 15904    16 18608 6393 6257 66  7  8 19  0
14  0 18318220 110356  16404 5954216    0 18848     0 18858 1547 3750 45  4 18 32  0
 4 15 18345104  85328  16432 5959608   16 13554    16 24460 4433 4181 43 11 15 30  0
 9  5 18411092  90732  16448 5969164   32 33016    32 33016 1878 4244 23  5 24 48  0
12  0 18459488  97796  15816 5822600    0 24326   130 36886 9356 10602 55 11 30  4  0
13  0 18472084  91872  15840 5788184   16 6340 20070  6340 5329 8055 56 16 27  1  0
 6  1 18481144  92588  15780 5790500    0 4862 25368  9364 1420 4678 59  6 27  9  0
 8 15 18481144  85424  13976 5730072    0 2772   512  2772 1457 2726  6  8 47 40  0
procs -----------memory---------- ---swap-- -----io---- --system-- -----cpu------
 r  b   swpd   free   buff  cache   si   so    bi    bo   in   cs us sy id wa st
 7  2 18481144  89832  13560 5665184   32 1348  3942  8262 1387 3449 17 39 19 25  0
10  0 18481144  92648  13216 5633540    0    2 27620     4 2374 4485 46  3 46  5  0
 4  1 18481144  94360  13088 5616868    0   12 27934    12 1308 4359 38  2 53  7  0
 1  0 18481144  93080  10952 5547728    0    4 28410 15664 1575 3800 30  4 60  6  0
 0  0 18481128  91240  10952 5547328   16    0   528     0 1064 2999  1  0 99  0  0
 0  0 18481080  91344  10960 5547332   32    0    32   246 1028 3128  0  0 100  0  0
 0  0 18481072  91464  10960 5547340    0    0     0     0 1011 3119  0  0 100  0  0
 0  0 18481048  92068  10960 5547340   16    0    16     0 1016 3152  0  0 100  0  0
10  0 18481048 311544  11016 5306548    0    0  5736    56 4119 6136 33  2 63  2  0
20  0 18481004 172688  11028 5320268   16    0  6538     0 11917 11330 88  6  6  0  0
17  2 18481144  93376  10824 5218444   16 4256 12700  4686 2121 5256 77 20  2  1  0
10  1 18481144  92556  10800 5142248    0 14492 16476 14492 1356 4565 81 16  2  1  0
16  4 18481144  90904  10804 5109644    0  862 13832   862 2251 4888 87  9  3  1  0
14  2 18481144  98312  10808 5055164   32 3792 17890  3850 5093 5463 87  9  2  2  0
13  4 18481144 113512  10540 5027260   16 2332 23218  2332 6696 7989 87  8  3  2  0
18  2 18481144  95328   9788 4953260    0 1594 26912  1716 1737 5112 78  9  6  7  0
20  0 18481144  96908   9412 4913716   16   36 20270    36 4382 6986 86  6  6  2  0
15  0 18481144 140860   8932 4842840   10   10  6856   398 9396 9006 82  9  8  1  0
12  1 18481088 119924   8944 4847012   32    0  2204     0 8477 7340 93  5  2  0  0
16  0 18481144  87588   7540 4767284   24  386  6920   470 5907 7840 77 10 11  1  0
10  0 18481144  94676   7500 4718004   16  178  7128   178 7342 8049 79  8 13  0  0
procs -----------memory---------- ---swap-- -----io---- --system-- -----cpu------
 r  b   swpd   free   buff  cache   si   so    bi    bo   in   cs us sy id wa st
 8  0 18481144  92120   7476 4661488   16  170  6238   170 8292 10590 69  7 23  1  0
 8  2 18481136 109684   7460 4617828    0   90  8492   178 9427 11671 64  5 30  1  0
 6  2 18481144  96836   7396 4585184   16   22 23912    22 5800 8599 59  6 27  8  0
 6  1 18481144  94220   7408 4523400   22  104 23330   202 1380 4511 46  7 40  7  0
 3  0 18481144  96728   7436 4520040    0   50 14510   154 1162 4292 41  2 56  1  0
 2  1 18481144  92788   7464 4523664   16  188 25450   188 1453 4104 22  1 73  4  0
 1  0 18481144  92612   7308 4523420   32  142 18498   512 1277 3578  9  1 89  1  0
 0  0 18481120  95284   7320 4521364   32   10  8170    10 1127 3207  4  0 95  0  0
 0  0 18481100  96096   7328 4521332   16    0    16    50 1030 2988  0  0 100  0  0
 0  0 18481088  96720   7336 4521352   14    0    28     0 1031 2944  0  0 100  0  0
 0  0 18481056  96864   7336 4521336   32    0    32     0 1050 2917  0  0 100  0  0
 0  0 18481052  96972   7344 4521364    0    0     0    78 1029 3066  0  0 100  0  0
 0  0 18481012  97032   7344 4521352   16    0    16     0 1021 3172  0  0 100  0  0
 0  0 18480984  97340   7352 4521488   16    0    80    64 1055 3164  0  0 100  0  0
 0  0 18480980  97388   7352 4521492    0    0     0    24 1019 3139  0  0 100  0  0
 0  0 18480956  97656   7352 4521496   16    0    16     0 1018 3189  0  0 100  0  0
 0  0 18480952  97340   7360 4521492    0    0     0    70 1025 3233  0  0 100  0  0
 0  0 18480912  98012   7360 4521480   32    0    32     0 1016 3213  0  0 100  0  0
 0  0 18480888  97664   7368 4521492   16    0    16    52 1027 3152  0  0 100  0  0
12  1 18481144  95956   7392 4517892   34  148  8388   148 5288 7302 36  2 60  2  0
 9  0 18481144  94052   7352 4448472   16   32 10778    32 11392 9599 82  9  9  0  0
procs -----------memory---------- ---swap-- -----io---- --system-- -----cpu------
 r  b   swpd   free   buff  cache   si   so    bi    bo   in   cs us sy id wa st
 5  0 18481144  90216   7288 4354856    0   92 12916   200 18555 15851 68 11 20  1  0
10  0 18481144  98748   7204 4160180   16  434 22690   434 7293 7809 73 21  5  1  0
14  4 18481144  95964   6916 4027900   16   12 27274    76 1298 4588 87 11  1  1  0
 8  3 18481144  90084   5260 3945392    0 2144 21986  2200 1459 4133 69  6 12 13  0
 2 18 18481144  88804   5328 3911812   44 2744 21160  2744 4548 4672 77  5  9 10  0
13  7 18481132  90520   5404 3889800   36 2860 11796 18608 4065 4658 34  2 17 47  0
 0 17 18481144  85240   5236 3868308   32 2344 29374 20218 3256 4273 60  5  7 28  0
 9  4 18481144  91392   5116 3807792   16  950 22288  6058 3693 3967 40 20 30 11  0
 0 12 18481140  94616   5140 3762892   16 2142 22796  2142 5447 6584 46  2 25 26  0
 0  3 18481136  96584   5188 3733756   52 3374 20616 29276 3351 4349 49  3 35 13  0
 8  6 18481144  93680   5272 3744108 1460 1014 12152  1142 1736 3921 18  1 69 11  0
11  6 18481144  93348   5140 3608148   80  900 32472  1644 4674 7334 52 14 19 15  0
 4  9 18481144  93564   5152 3508348   16   54 35588   696 5441 7854 56  4 21 19  0
14  2 18481144  91164   5116 3300320   32  172 15794 14642 1759 3449 29 53 10  7  0
 8  4 18481144  91732   5016 3279212   64   34 20598  1194 4581 6355 35 45 13  7  0
 4  8 18481124 1456936   5020 1914952   16    8 35172     8 1347 4542 47  4 32 17  0
 3  8 18481028 1389480   5144 1982548   62    0 31768     0 1380 4442 33  1 47 19  0
 4  5 18480904 1145764   5336 2095120  168    0 29464  6986 1367 4251 39  1 48 11  0
 1  0 18480884 1013964   5364 2169680   30    0 35334     0 1553 4520 41  1 43 15  0
 1  1 18480780 1011664   5364 2169880  118    0   174 26474 1105 2801  8  0 91  1  0
 1  0 18480572 1012656   5372 2170876  162    0   650   118 1142 2777  8  0 91  1  0
procs -----------memory---------- ---swap-- -----io---- --system-- -----cpu------
 r  b   swpd   free   buff  cache   si   so    bi    bo   in   cs us sy id wa st
 1  0 18480512 1013580   5372 2171092   36    0    36     0 1013 2622  8  0 92  0  0
 6  1 18480432 1001708   5424 2182352   74    0 17938    96 1298 3774 27  1 67  4  0
 5  1 18480412 918600   5448 2249492   32    0 33646     0 5429 8023 36  1 56  7  0
 4  0 18480356 819484   5540 2344400    0    0 27542 14430 1262 4098 29  1 65  6  0
 3  0 18480316 770744   5604 2394432   16    0 19950  6074 5218 7023 32  1 63  4  0
 0  1 18480116 745060   5628 2419756  336    0 12828     0 1171 3718 23  0 76  1  0
 2  0 18479808 743504   5636 2419700  588    0   588  5300 1084 3581 15  0 83  1  0
 1  0 18479788 743760   5636 2419728    0    0     0     0 1019 3381 20  0 80  0  0
 0  0 18479728 744128   5644 2419680   48    0    52     0 1102 3231  6  0 93  0  0
 0  0 18479704 744924   5652 2419756    0    0     0   368 1070 3183  0  0 100  0  0
 0  0 18479660 745692   5652 2419736   16    0    16     0 1016 3207  0  0 100  0  0
 0  0 18479620 745692   5660 2419740    0    0     0    78 1033 3116  0  0 100  0  0
 0  0 18479600 745668   5664 2420320   32    0   354     0 1040 3150  0  0 100  0  0
 0  0 18479540 745784   5680 2420376   16    0    28     0 1019 3218  0  0 100  0  0
 0  0 18479504 751072   5840 2420416   16    0    66   296 1047 3417  0  0 99  1  0
 0  0 18479448 751240   5840 2420436   32    0    32     0 1012 3234  0  0 100  0  0
 3  9 18479300 919744   6212 2250316  254    0 26044   198 3294 5334 24  1 61 14  0
 3  9 18479256 851812   6300 2317172   72    0 33700     0 4852 6945 29  1 52 18  0
 3  9 18479200 783584   6348 2386148   32    0 34248     0 5588 8404 21  1 68 11  0
 3 10 18479120 710576   6408 2458892   56    0 36522    62 1380 4324 28  1 56 15  0
 3 11 18479060 627480   6472 2541744   96    0 42024     0 2438 4345 30  1 53 15  0
procs -----------memory---------- ---swap-- -----io---- --system-- -----cpu------
 r  b   swpd   free   buff  cache   si   so    bi    bo   in   cs us sy id wa st
 3 12 18478952 551340   6544 2615132  114    0 36540   178 2277 4383 24  1 51 24  0
 2 11 18478880 481180   6592 2684076  102    0 34618     0 4043 4868 28  1 44 27  0
 2 10 18478824 414408   6668 2753368   16    0 34422   212 6021 7401 19  1 66 14  0
 2 11 18478776 340800   6724 2826480   36    0 36736     0 1401 4159 28  1 63  9  0
 2 10 18478412 277040   6760 2888296  704    0 31594     0 1355 4210 18  1 66 14  0
 3 10 18478368 208740   6820 2955940   32    0 34018   338 2275 4119 35  1 51 13  0
 4 11 18478348 142100   6888 3022876    0    0 33518     0 7611 3976 31  1 36 32  0
16  9 18481144  98024   6916 3064768   32 1430 29538  1626 6957 5541 16 21 48 14  0
 1 13 18481144  88692   6944 3071924  206  182 30484   564 3976 5510 27 36 20 17  0
11  9 18481144  85776   6804 3079744  374  352 21318   884 5032 5467 18 51 12 19  0
 7 15 18481144  87396   6800 3078644   58   22 33364   312 3176 4026 25 14 32 29  0
 3 12 18481144  89280   6492 3076352   94   88 37118   262 3459 4169 30  9 30 30  0
 6  9 18481144  92264   6464 3074712   18  626 27120  1224 2565 3929 27 44 11 17  0
 6  8 18481144  97656   6464 3068648  178  436 31560   436 6052 5836 51  3 23 23  0
 7  7 18481144  97380   6448 3071392   16   26 33392    26 5640 5270 57  3 24 16  0
 9  6 18481144  91508   6508 3077692   48   20 32740    90 15491 15757 52  4 25 19  0
 0  1 18480988 136560   6448 3099208  286    4 33392     4 8833 9452 59  4 23 13  0
 6  7 18481144  93672   6524 3140388  630  272 34424   354 4505 5736 53  3 28 16  0
 5  6 18481144  95100   6560 3140324   64   18 33568    18 4933 5571 44  2 43 10  0
 3  4 18481140  96456   6568 3138808  108   44 32736    44 3043 4938 35  2 49 14  0
 4  2 18481144  93920   6576 3142316   48   34 32770    92 2798 4910 34  2 46 18  0
procs -----------memory---------- ---swap-- -----io---- --system-- -----cpu------
 r  b   swpd   free   buff  cache   si   so    bi    bo   in   cs us sy id wa st
 2  0 18481132  95980   6584 3140500   16    8 18196     8 2897 4343 23  1 69  7  0
 0  0 18481068  96960   6660 3141164   16    0   160   190 2185 3712  9  0 91  0  0
 0  0 18481012  97612   6660 3141104   48    0    48     0 1597 3223  0  0 100  0  0
 0  0 18480940  97624   6660 3141064   48    0    48     0 1018 3172  0  0 100  0  0
 0  0 18480888  98656   6668 3141120   16    0    16    64 1029 3205  0  0 100  0  0
 0  0 18480860  98200   6668 3141116   16    0    16     0 1018 3003  0  0 100  0  0
 0  0 18480804  98288   6676 3141680   48    0   372     0 1054 2983  0  0 100  0  0
 0  0 18480748  98676   6684 3141784   16    0    16   186 1034 3204  0  0 100  0  0
10  0 18480668 165960   6916 3070256   22    0  2470     0 1830 4783 21  1 76  2  0
19  1 18480616  99876   6960 3091252   16    0 10242   296 20987 22653 70  6 24  0  0
14  5 18481144  94684   6996 3095068  804  494 36496   494 1801 5426 73  4 18  5  0
11  5 18481032  96184   7048 3091504  226   48 40978   156 2406 5261 92  5  2  1  0
12  3 18481144  96984   7020 3092708   96  112 43324   112 3758 5327 91  5  3  1  0
12  5 18481144  91248   6880 3096436   48   34 42316    34 1894 5378 91  5  1  3  0
 6  6 18481140  91836   6540 3097172   32   32 45646   140 4376 4876 57  7 27  9  0
 4 10 18481144  85636   6376 3104964   12 5948 19842  6224 10203 11048 20  6 35 40  0
 4 10 18481144 107104   6100 3095092   58  190 31568   658 5664 5614 41 18 25 16  0
 3 10 18481144  95128   6076 3106692   32   26 32098    30 1336 4515 36  2 33 29  0
 3 11 18481144  94432   6100 3107956   60  412 31238   412 2685 4452 34  1 34 30  0
 3 13 18481144  96572   6120 3099084 1104  272 24762   336 2380 5026 20  2 48 30  0
 2  8 18481112  97236   6172 3100500   16   14 35364    14 7439 9817 27  2 44 27  0
procs -----------memory---------- ---swap-- -----io---- --system-- -----cpu------
 r  b   swpd   free   buff  cache   si   so    bi    bo   in   cs us sy id wa st
 3  8 18481144  96460   5732 3103360   16   34 32080   160 1316 4235 30  1 45 24  0
 4  5 18481144  91804   5780 3109840   64   22 31302    22 1318 4448 33  1 44 22  0
 4  7 18481144  96456   5732 3104516  144   60 33142    60 1321 4215 26  1 56 17  0
 2  5 18481136  92104   5628 3110748    0   16 31214   100 1387 4067 20  1 67 12  0
 4  3 18481144  93636   5588 3109288   80   40 34874    40 1332 4350 30  1 56 13  0
 2  4 18481140  92100   5616 3111340    0   14 32736   102 1281 4155 27  1 54 18  0
 1  1 18481144  91232   5584 3112784   32   26 31666    26 1444 4054 18  1 69 12  0
 2  1 18481144  98020   5616 3105676   48   48 31706    48 1290 3921 14  1 77  8  0
 1  0 18481144  93180   5656 3111196    0   12 25384   102 1341 3709 11  0 83  5  0
 0  0 18481072  96280   5656 3109132   48    0  1904     0 1066 3091  1  0 99  0  0
 0  0 18481032  99856   5848 3109084   16    0    94   512 1082 3209  0  0 99  1  0
 0  0 18480980 100624   5848 3109288   32    0    32     0 1015 3016  0  0 100  0  0
 0  0 18480892 101036   5848 3109284   48    0    48     0 1017 3191  0  0 100  0  0
 0  0 18480868 101548   5856 3109276    0    0     0    96 1023 3221  0  0 100  0  0
 0  0 18480796 101872   5856 3109284   32    0    32     0 1015 3181  0  0 100  0  0
 0  0 18480768 101368   5872 3109748   32    0   336    56 1049 3161  0  0 100  0  0
 0  0 18480712 101480   5872 3109880   48    0    48     0 1016 3175  0  0 100  0  0
 0  0 18480604  99316   5976 3111376   98    0  1264     0 1289 3937  1  0 97  1  0
 3  1 18480564  95312   6040 3113960   16    0  1206   174 1216 4314  3  0 94  2  0
10  0 18481096  92704   6076 3110652   16  298  5252   298 11069 9560 77  5 18  0  0
 4  1 18481140  93752   6152 3109092  886  228 16672   228 9590 10465 67  5 27  2  0
procs -----------memory---------- ---swap-- -----io---- --system-- -----cpu------
 r  b   swpd   free   buff  cache   si   so    bi    bo   in   cs us sy id wa st
15  3 18481144  94120   6196 3111084   16   30 39072   284 2973 5249 92  7  1  1  0
15  5 18481144  94820   5984 3112940   96   62 40212    76 2841 5794 91  9  0  0  0
17  3 18481140  93564   5972 3113344   32   24 33046   170 1333 5364 90  8  0  2  0
 7  4 18481144  92764   5964 3110360   16   40 34292    40 8136 7790 79  8  9  4  0
11  4 18481140  93628   6028 3110596    0   34 37546   242 15294 15165 77  8  9  6  0
14  5 18481144  93604   6040 3106012   80   30 44802    30 7897 9030 82  7  4  7  0
10  2 18481144  93204   6048 3109760 1200  422 26664   422 1933 5040 51  4 35 10  0
 9  5 18481136  87772   6052 3112516   36   22 32554   690 8292 9716 73 12  6  8  0
 3 10 18481144  88812   6076 3113028   48  166 34894   352 1530 4967 55  9 15 20  0
 4 11 18481144  89348   6084 3111016   16   12 32164   166 1336 4340 30  3 30 37  0
 3 10 18481144  91748   5956 3109732   16   34 38648   122 1398 4458 37  3 37 23  0
 5  8 18481144  93264   5908 3108116   48   42 38930    42 1387 4278 29  4 42 25  0
 3 10 18481144  92052   5932 3110740   16   18 38022   150 1368 4205 21  1 55 22  0
 2  7 18481136  91896   5924 3108884 1462  382 40658   382 1621 4375 20  2 58 20  0
 2  4 18481144  91504   5708 3109048   24   74 35510   210 1368 4129 17  1 67 15  0
 2  4 18481140  91548   5724 3110104   48   52 34480    52 1392 4217 16  1 68 15  0
 1  1 18481140  92348   5756 3110100   32   50 27214    50 1463 4041 12  1 84  4  0
 1  0 18481144  96452   5796 3106060   32   18 22078   168 1203 3684  9  0 89  1  0
 0  0 18481092  94464   5796 3108852   48    4  5060     4 1139 3228  2  0 97  0  0
 0  0 18481044  96432   5916 3108884   44    0    94   246 1041 3169  0  0 99  1  0
 0  0 18480996  96956   5916 3108912   16    0    16     0 1015 3193  0  0 100  0  0
procs -----------memory---------- ---swap-- -----io---- --system-- -----cpu------
 r  b   swpd   free   buff  cache   si   so    bi    bo   in   cs us sy id wa st
 0  0 18480912  96544   5924 3108908   48    0    48    48 1025 3103  0  0 100  0  0
 0  0 18480836  96912   5936 3109212  126    0   298     0 1042 3093  0  0 100  0  0
 0  0 18480780  96780   5936 3109256   16    0    16     0 1016 3169  0  0 100  0  0
 0  0 18480752  96420   5944 3109300   16    0    42    66 1044 3232  0  0 100  0  0
 0  0 18480692  96252   5944 3109308   30    0    30     0 1013 3139  0  0 100  0  0
 4  0 18481144  97076   5952 3105324   48  266  1262   266 2715 4758  8  1 90  1  0
13  5 18481144  94312   6028 3100536  936  268 12734   778 20698 16966 55  5 34  7  0
 2 10 18481096 136772   6080 3107440   32    8 29408     8 4307 5422 34  2 35 29  0
 5  9 18481144  97800   6176 3146312   16   36 29360   162 2756 4516 27  1 47 25  0
 4 10 18481140  94212   6224 3148852   32   22 30322    22 1347 4548 30  1 54 15  0
 2 12 18481144  94036   6056 3149244   64   56 30792    88 2533 4468 28  2 34 36  0
 5 11 18481144  91388   6088 3152144   44   28 32918   150 1280 4336 27  3 37 34  0
 1 13 18481144  93460   6128 3149060   48   50 30730    50 2259 4283 23  3 40 35  0
 9  9 18481144  85492   6168 3157480   16   64 32062   398 2892 4220 27  4 38 31  0
 4  9 18481144  95800   6108 3147260   16   30 29136   348 1362 4303 27 23 28 22  0
 6  8 18481140  92172   6120 3152436   48   40 33520   130 3011 4913 47  3 29 21  0
 4  8 18481144  93296   6116 3151012   16   16 30440    16 2455 4999 47  2 24 26  0
 0  1 18480824 113392   6028 3132428  708   10 29948    10 7979 10299 39  2 37 22  0
 5  8 18481144  96556   6028 3125716  166  226 32726   396 9815 12116 41  3 32 24  0
 4 11 18481144  92096   6060 3131016   32   28 33846    28 3155 6476 41  2 33 23  0
 4  8 18481144  92104   5848 3131092   32  126 31714   158 1347 4300 26  2 43 28  0
procs -----------memory---------- ---swap-- -----io---- --system-- -----cpu------
 r  b   swpd   free   buff  cache   si   so    bi    bo   in   cs us sy id wa st
 6  6 18481144  91048   5912 3133032   16   34 32536   122 1298 4611 36  3 35 26  0
 4  7 18481140  96044   5880 3128036   48   52 31888    52 1277 4530 37  3 34 26  0
 3  5 18481144  93192   5676 3131664   16   16 31154   144 1487 4457 31  3 43 24  0
 5  1 18481140  93128   5624 3133056   48   26 29558    26 1398 4158 22  1 65 12  0
 1  0 18481124  98268   5668 3129976   32   42 15428   206 1335 4157 33  1 63  4  0
 1  0 18481092  98900   5668 3129792   16    0    16     0 1109 3208  2  0 97  0  0
 0  0 18481028  99924   5668 3129792   32    0    32     0 1015 3218  0  0 100  0  0
11  0 18481140  93344   5716 3133908  166   94  5636   212 1886 5035 33  2 63  2  0
13  5 18481144  92608   5760 3112936    0  114 25604   114 17230 15298 76  7 14  3  0
13  7 18481144  96464   5776 3107348  912  246 27184   346 4781 6748 63  4 28  5  0
 8  3 18481144  92360   5968 3117472   32   16 34990   512 2164 5753 65  4 18 13  0
12  0 18481144  99912   5928 3109400   32   26 28072    26 1235 5252 93  6  1  0  0
14  0 18481144  95096   5920 3111388  142   46 23188   158 2317 5280 93  6  1  0  0
11  6 18481108 101720   5960 3103472   32   30 37632    30 8763 7142 81  6  8  5  0
 7 10 18481140 110700   6092 3093808   72   58 33638   158 10816 12462 53  4 21 22  0
 7  5 18481144  93348   6168 3112992   32   14 29436   248 5819 8204 61  5 20 14  0
11  7 18481144  91008   6204 3112360  920  274 25912   274 4401 7466 51  4 28 17  0
 7  7 18481144  93288   6300 3108168  126   28 34976   318 2453 5386 66  6 11 17  0
 9  3 18481144  93992   6356 3107068   16   36 32422    36 1430 5015 55  5 24 16  0
14  4 18481144  85476   6404 3116584   32   30 28306   314 1371 5229 65  5 15 14  0
 3  2 18481144  94076   6412 3107268   32   20 28974   494 1698 4764 42 13 33 12  0
procs -----------memory---------- ---swap-- -----io---- --system-- -----cpu------
 r  b   swpd   free   buff  cache   si   so    bi    bo   in   cs us sy id wa st
 2  2 18481144  94544   6388 3105932 1064  442 28638   442 1397 4215 17  1 71 11  0
 0  0 18481144 102540   6360 3099632    0   18 15436   228 1303 3746  7  1 82 10  0
 0  0 18481044 102676   6360 3099568   80    0    80     0 1023 3128  0  0 100  0  0
 0  0 18480976 103796   6360 3099592   32    0    32     0 1019 3170  0  0 100  0  0
 0  0 18480940 103892   6368 3099588    0    0     0    80 1016 3064  0  0 100  0  0
 0  0 18480884 104344   6368 3099520   80    0    80     0 1023 3074  0  0 100  0  0
 0  0 18480852 104912   6376 3099548   16    0    16    50 1022 3148  0  0 100  0  0
 0  0 18480768 105476   6376 3099592   16    0    16     0 1022 3146  0  0 100  0  0
 0  0 18480704 105836   6376 3099468   62    0    62     0 1026 3249  0  0 100  0  0
 3  0 18480668 106380   6384 3099588   32    0    32    44 1021 3245  0  0 100  0  0
 3  0 18480596 106296   6384 3099600   48    0    72     0 1079 3351  0  0 100  0  0
14  3 18481144  89424   6364 3087048    4  302 10732   682 13826 12829 57 14 27  2  0
12  4 18481144  90956   6332 3104112  224   84 34726   152 7447 7903 81 12  3  5  0
13  4 18481144  90628   6236 3104788 1332  436 23794   492 4761 6397 56  7 30  7  0
15  2 18481144  95252   5868 3102404   72   58 35374   150 3050 4626 91  6  2  1  0
14  2 18481144  94712   5904 3104740   48   68 41058    70 1930 5156 91  7  1  1  0
11  3 18481144  92180   5976 3108928   48   34 37450   240 4319 4942 92  7  1  0  0
 9  2 18481144  93036   6004 3107576   16   34 37382    34 6922 7948 79  7  8  6  0
13  4 18481144  87332   5988 3065384   64   34 32554   794 9690 10524 74 16  5  4  0
11  3 18481144  91132   5984 3109208  166   70 34878    70 3302 7082 74  5 10 12  0
 0  2 18481136  96956   5912 3102436 1258  334 17552   334 1329 4331 50  5 31 14  0
procs -----------memory---------- ---swap-- -----io---- --system-- -----cpu------
 r  b   swpd   free   buff  cache   si   so    bi    bo   in   cs us sy id wa st
10  4 18481144  85120   5468 3091896  270  124 22708   684 4720 8435 49 29 14  8  0
 5  4 18481140  90388   5500 3108168   40   54 22254   156 1455 4891 63  8 20 10  0
 5  5 18481144  98720   5460 3099364   64   40 29238   174 1426 4856 48  4 33 16  0
 2  0 18481144  96072   5280 3104152   64   40 20874   264 1417 4187 25  3 60 12  0
 0  0 18481116  97964   5300 3102012    0    0   158   186 1189 3496  9  1 89  1  0
 0  0 18481060  97300   5464 3102992   32    0   584     0 1085 3091  0  0 99  1  0
 0  1 18480756  96416   5956 3103116  414    0   748     0 1111 3198  0  0 95  5  0
 0  1 18480716  95068   7108 3103204   38    0   610   134 1167 3306  0  0 91  8  0
 0  2 18481144  96524   7792 3097748  782  446  1126   446 1199 3327  0  0 90  9  0
 0  0 18480672  96316   7804 3096596  998   32  1000   418 1068 3170  0  0 97  3  0
 0  0 18480624  95852   7804 3096464   32    0    32     0 1022 3079  0  0 100  0  0
 0  0 18480532  96128   7804 3096432   48    0    48     0 1023 3114  0  0 100  0  0
 0  0 18480488  96240   7812 3096432   64    0    64    44 1020 3109  0  0 100  0  0
 0  0 18480380  96396   7812 3096460   48    0    48     0 1020 3113  0  0 100  0  0
 0  0 18480356  96576   7816 3096484    0    0     0     0 1021 3057  0  0 100  0  0
 0  0 18480300  96704   7824 3096448   48    0    48    58 1026 3111  0  0 100  0  0
 0  0 18480212  96376   7824 3096424   64    0    64     0 1020 3127  0  0 100  0  0
 0  0 18480180  96752   7832 3096460   16    0    16   676 1151 3130  0  0 100  0  0
 0  0 18480116  96412   7832 3096464   32    0    32     0 1019 3127  0  0 100  0  0
 0  0 18480080  97404   7832 3096564   32    0   174     0 1048 3115  0  0 100  0  0
 0  0 18480032  97068   7840 3096760   16    0    16    58 1020 3056  0  0 100  0  0
procs -----------memory---------- ---swap-- -----io---- --system-- -----cpu------
 r  b   swpd   free   buff  cache   si   so    bi    bo   in   cs us sy id wa st
 0  0 18479952  97564   7840 3096804   16    0    16     0 1026 3062  0  0 100  0  0
15  2 18481144  90256   7816 3094756   80  620 19274   882 9366 8603 65  8 24  3  0
12  1 18481144  95592   7700 3092360   82   42 37750   110 11996 12297 76  9  8  7  0
11  3 18481144  96084   7716 3092276    0   16 39752    16 5283 5724 86  7  3  4  0
12  4 18481144  94064   7832 3099164  982  328 27916   712 2042 5125 57  4 30  9  0
12  5 18481144  96908   7800 3096192   48   44 40862    44 1355 5543 83  7  6  5  0
 6  6 18481140  91356   7856 3099512    0   16 39708   178 6875 6724 79  6 10  6  0
13  4 18481100 113552   7736 3077136   32   14 33224   234 10836 12484 62  6 19 13  0
12  5 18481144  95532   7784 3091976   84   80 43596    80 5359 7315 84  6  5  6  0
14  1 18481136 100588   7772 3085560   48   32 43270   324 9788 10304 85  7  5  3  0
16  3 18481144  97044   7836 3089968 1026  316 19122   316 1341 5096 80  5 13  2  0
 8  1 18481144  93648   7852 3094164   64   24 14606   272 1320 5023 80  6 10  4  0
 8  1 18481144  94236   7820 3092708   50   30 15460    30 1282 4833 63  5 26  6  0
 4  1 18481144  94348   7688 3090404   86   22  9160   276 1276 4518 46  5 44  5  0
 0  0 18481128 100056   7604 3084692   16   20   268    20 1286 3715 17  1 77  4  0
 0  0 18481040  99792   7616 3085132   80    0   472     0 1121 3206  0  0 99  0  0
 0  0 18481012 100880   7624 3085456   32    0    32   148 1022 3011  0  0 100  0  0
 0  0 18480944 101440   7628 3085772   48    0   178     0 1054 3106  0  0 100  0  0
 0  0 18480576 101432   7644 3085732  490    0   494    50 1052 3239  0  0 99  1  0
 0  0 18480528 101440   7644 3085772   32    0    32     0 1021 3098  0  0 100  0  0
 0  0 18480440 101444   7644 3085776   48    0    48     0 1026 3230  0  0 100  0  0
procs -----------memory---------- ---swap-- -----io---- --system-- -----cpu------
 r  b   swpd   free   buff  cache   si   so    bi    bo   in   cs us sy id wa st
 0  0 18480412 101720   7652 3085772   32    0    32    44 1015 3234  0  0 100  0  0
 0  0 18480320 101476   7652 3085744   48    0    48     0 1021 3208  0  0 100  0  0
 0  0 18480276 101400   7660 3085700   48    0    48   124 1038 3237  0  0 100  0  0
 0  0 18480192 101732   7660 3085776   64    0    64     0 1022 3232  0  0 100  0  0
 0  0 18480108 102128   7660 3085776   48    0    48     0 1021 3196  0  0 100  0  0
 3  0 18480068 101476   7680 3086676   16    0   506   368 1176 3257  0  0 99  0  0
 1  1 18481144  95920   7680 3084924   46  570   734   570 8739 9655  9  1 88  1  0
13  6 18481144  94700   6676 3087324   48   26 24782   124 13999 13131 70  7 20  4  0
 1  1 18481048 249716   6496 2933364  542  138 30498   256 2258 5272 56  6 24 14  0
10  2 18480904 286596   6580 2898252   92    0 34174     0 1346 5589 66  3 20 11  0
12  2 18480872 211720   6660 2973172   16    0 37598    62 1363 5338 90  5  3  2  0
12  3 18480804 138908   6728 3045288   48    0 36138     0 2938 5349 94  5  1  0  0
 6  8 18481144  87224   6736 3101144   16  186 41446   448 2626 5685 83  6  6  5  0
11  9 18481144 128240   6424 3060984   16   24 42902   290 13060 15091 43 10 30 17  0
19  4 18481144  85460   6456 3103312   84   52 39626   244 7526 7564 63 11 10 17  0
 9  8 18481144  91200   6364 3099924  894  272 30946   800 1724 5121 57 11 19 13  0
 8  6 18481144  89032   6352 3101792   48   36 35438    94 5142 7709 61  6 16 17  0
14  6 18481144  96684   6316 3095984   48   18 38532   264 1449 5148 60  8 16 16  0
 7  4 18481144  91844   6364 3100032   32   32 38410    32 1449 5018 55  5 25 16  0
 5  4 18481144 104612   6320 3088132   32   40 38100    40 1499 4363 27  3 48 21  0
11  0 18481144  90260   6392 3102428   26   22 26986   272 1475 4000 16  2 67 16  0
procs -----------memory---------- ---swap-- -----io---- --system-- -----cpu------
 r  b   swpd   free   buff  cache   si   so    bi    bo   in   cs us sy id wa st
 0  0 18481084  97560   6324 3096444   32    0  3042     0 1045 3298  2  0 96  2  0
 0  0 18481048  96072   6340 3096472    0    0    12   204 1026 3134  0  0 100  0  0
 0  0 18481000  96952   6340 3096460   32    0    32     0 1018 3159  0  0 100  0  0
 1  0 18480912  97296   6348 3096484   48    0    60    60 1078 3276  0  0 100  0  0
 0  0 18480880  97532   6348 3096484   16    0    16     0 1015 3142  0  0 100  0  0
 0  0 18480808  97632   6348 3096444   48    0    48     0 1016 3265  0  0 100  0  0
 0  0 18480772  97760   6356 3096484   16    0    16    50 1017 3245  0  0 100  0  0
 0  0 18480732  98036   6360 3096480   16    0    18     0 1020 3294  0  0 100  0  0
 0  0 18480636  98292   6360 3096484   48    0    48     0 1021 3292  0  0 100  0  0
 0  0 18480600  99052   6368 3096484   32    0    32    52 1015 3105  0  0 100  0  0
 0  0 18480540  99312   6368 3096488   32    0    32     0 1019 3174  0  0 100  0  0
 0  0 18480508  99568   6376 3096484    0    0     0   334 1062 3255  0  0 100  0  0
 0  0 18480364  98468   6384 3096820  168    0   358     0 1031 3161  0  0 100  0  0
 0  0 18480264  98368   6384 3096856   16    0    16     0 1019 3245  0  0 100  0  0
 1  0 18481144  96156   6388 3094920   32  472  1988   560 10872 13541 10  2 85  3  0
10  5 18481144  92708   6356 3100744  212   92 32994   178 9731 9747 68  6 21  5  0
 7  6 18481144  95704   6396 3098704  530  132 31852   274 2424 5154 56  3 25 16  0
 6  6 18481144  98368   6412 3093600  846  274 33390   274 2616 5203 51  3 33 13  0
10  4 18481140  93432   6448 3100200   64   36 37592    36 1615 5619 71  4 15 10  0
15  6 18481144  90964   6428 3098724   16   22 38962    74 2297 5618 88  6  5  2  0
 6  7 18481144  89288   6076 3103888   16   28 40564   356 8122 6597 74 12  8  5  0
procs -----------memory---------- ---swap-- -----io---- --system-- -----cpu------
 r  b   swpd   free   buff  cache   si   so    bi    bo   in   cs us sy id wa st
14  8 18481128 100056   6172 3090452   16    8 37428   536 7970 10483 58  7 22 13  0
13  2 18481144  92740   6136 3102612  558  152 32654   430 9228 8612 78 10  6  6  0
17  4 18481144  94820   5260 3103608   80   50 32418    50 2179 6135 89  8  1  2  0
10  6 18481144  93692   5340 3108544  896  274 24624   430 1510 5015 68  7 19  6  0
 9  3 18481144  92104   5408 3110152   32   34 29406   154 1604 5382 68  6 10 16  0
 9  2 18481144  91836   5468 3110220    0   14 23090    14 1263 4983 60  4 20 15  0
 3  1 18481144  91300   5496 3109700    0   24 12932   200 1336 4534 46  3 43  7  0
 1  0 18481032  99124   5564 3103296  128    0  1520     0 1222 3446  8  0 90  2  0
 1  0 18481000  98500   5588 3103488   32    0    36   248 1029 3204  0  0 100  0  0
 1  0 18480944  99324   5588 3103516   48    0    48     0 1013 3065  0  0 100  0  0
 1  0 18480912  98396   5640 3103520   16    0    34   194 1029 3210  0  0 99  0  0
 1  0 18480864  98612   5640 3103584    0    0     0     0 1014 3159  0  0 100  0  0
 1  0 18480796  98416   5640 3103512   48    0    48     0 1023 3086  0  0 100  0  0
 1  0 18480736  98776   5648 3103496   80    0    80    48 1021 3184  0  0 100  0  0
 1  0 18480688  98456   5648 3103580   16    0    16     0 1022 3207  0  0 100  0  0
 1  0 18480644  98472   5648 3103528   32    0    32     0 1022 3232  0  0 100  0  0
 1  0 18480596  98748   5656 3103580   46    0    46    44 1019 3219  0  0 100  0  0
 1  0 18480520  98772   5656 3103584   32    0    32     0 1021 3174  0  0 100  0  0
13  2 18481144  93396   5692 3107028   64  346  8664   474 2523 5463 43  3 53  2  0
13  1 18481144  95436   5708 3103312  314  106 22672   106 11577 9045 83  9  4  4  0
14  4 18481144  91860   5680 3109048  224   88 31712   136 6063 6795 89  8  2  2  0
procs -----------memory---------- ---swap-- -----io---- --system-- -----cpu------
 r  b   swpd   free   buff  cache   si   so    bi    bo   in   cs us sy id wa st
12  4 18481144  92892   5572 3109516  418  250 31528   638 2595 5231 86  8  3  3  0
16  2 18481144  94908   5500 3106724  652  224 38774   224 1780 6389 82  7  9  3  0
10  1 18481144  94696   5536 3105400   16   16 31800   116 4462 5036 93  7  1  0  0
 6  3 18481144  96276   5528 3100420   16   38 35482    38 11241 13365 58  4 28  9  0
 9  2 18480840 157720   5472 3023760  508   40 39250   518 14513 14772 66 12 14  8  0
10  0 18480668  95276   5548 3084612  736  206 36106   206 4074 7259 77  4 13  6  0
10  3 18481144  93124   5560 3087932  296  418 36726   418 1390 5215 82  5  5  8  0
10  3 18481144  93600   5592 3086452  732  190 29438   310 1375 4970 65  5 24  6  0
 8  5 18481144  93108   5560 3085784   16   28 36902   330 1503 5100 69  9 13  9  0
 9  3 18481144  94656   5552 3085812   32   30 41914   202 1599 5575 63  4 20 13  0
 2  3 18481144  90604   5528 3089764   16   24 35946   262 1581 4427 30  5 46 19  0
 1  2 18481144  90824   5268 3090064   32   32 17392   798 1380 3664  9 14 62 16  0
 0  0 18481132  99428   5268 3084012   32   10  1444    10 1068 3057  1  0 95  3  0
 0  0 18481076 100396   5268 3083980   32    0    32     0 1017 3103  0  0 100  0  0
 0  0 18481036 101656   5280 3084016   16    0    18   116 1027 2890  0  0 100  0  0
 0  0 18480976 102176   5280 3084008   32    0    32     0 1016 3004  0  0 100  0  0
 0  0 18480928 103124   5288 3084000   16    0    16    52 1020 3225  0  0 100  0  0
 0  0 18480888 103076   5332 3084080   32    0    88   108 1029 3290  0  0 99  0  0
 3  0 18480840 102868   5332 3084116   16    0    16     0 1017 3178  0  0 100  0  0
 0  0 18480792 101388   5392 3084116   16    0    48   128 1030 3192  0  0 100  0  0
 0  0 18480736 101424   5392 3084128   16    0    16     0 1039 3214  0  0 100  0  0
procs -----------memory---------- ---swap-- -----io---- --system-- -----cpu------
 r  b   swpd   free   buff  cache   si   so    bi    bo   in   cs us sy id wa st
 0  0 18480688 101360   5400 3084096   32    0    32    54 1027 3188  0  0 100  0  0
13  2 18481140  91928   5424 3093880   32  244  6362   244 1452 4598 21  1 76  1  0
10  2 18481144  91652   5412 3083180  286   94 25274   328 14977 12569 80  9  7  5  0
14  5 18481144  91456   5440 3101324  198   58 33866   168 3224 6339 81  6  8  5  0
11  3 18481144  94204   5324 3099520  248  108 35856   108 3925 5348 86  8  2  4  0
 9  4 18481144  92248   5368 3103220  804  188 33726   240 1729 5407 68  5 21  6  0
20  5 18481140  95588   5388 3099744   14   12 42548    12 1356 5326 88  6  4  3  0
 9  5 18481144  97524   5352 3095336   32   40 39530    40 7404 8000 65  5 15 15  0
11  6 18481112  96920   5388 3096292   16   20 41072   344 14712 15967 61  6 21 11  0
 9  7 18481144  96316   5356 3098164  176   98 41244    98 6110 8091 72  5 14  9  0
 9  4 18481144  95628   5332 3099100  112   66 36096   210 1349 5421 69  5 14 12  0
 7  3 18480904 109588   5316 3081880  856  110 27006   254 4525 7510 56  9 26  9  0
 8  3 18481144  93272   5204 3100428   64  150 34482   150 1373 5154 65  4 19 12  0
 4  3 18481144  94900   5108 3101000   46   30 32068   218 1440 4834 53  4 29 14  0
 4  5 18481144  91596   5036 3104360   64   42 33020    42 1437 4268 28  2 60 10  0
 7  2 18481144  86476   4896 3110060   64   38 26724   598 1405 4046 25 12 47 16  0
 1  1 18481140  92844   4800 3104052   16   12 19256    72 1382 3608 11  3 79  7  0
 0  0 18481056  96892   4800 3100660   58    2    58     2 1090 3097  0  0 98  1  0
 0  0 18481004  99992   5016 3101236   48    0   494   388 1089 3244  0  0 98  1  0
 0  0 18480936 101172   5020 3101416   32    0    34     0 1014 3131  0  0 100  0  0
 0  0 18480880 100976   5020 3101448   16    0    16     0 1025 3191  0  0 100  0  0
procs -----------memory---------- ---swap-- -----io---- --system-- -----cpu------
 r  b   swpd   free   buff  cache   si   so    bi    bo   in   cs us sy id wa st
 0  0 18480848 101528   5028 3101412   32    0    32    70 1016 3183  0  0 100  0  0
 0  0 18479620  97020   5028 3101556 2372    0  2442     0 1131 3274  0  0 97  3  0
 1  0 18479572  97704   5036 3101520   48    0    48    48 1022 3152  0  0 100  0  0
 0  1 18479512  97600   5040 3101572   16    0    18     0 1015 3146  0  0 100  0  0
 0  0 18479436  97576   5092 3101564   32    0    86   124 1033 3149  0  0 99  0  0
 0  0 18479404  97212   5092 3101632   16    0    16     0 1016 3176  0  0 100  0  0
 0  0 18479336  95952   5128 3101636   32    0    42   150 1030 3245  0  0 100  0  0
 0  0 18479048  95224   5128 3101772  492    0   492     0 1030 3175  0  0 100  0  0
 0  0 18478988  95076   5128 3101688   48    0    48     0 1016 3143  0  0 100  0  0
10  2 18480592  90932   5148 3101480   48  832    54   886 1404 3846  1  1 98  0  0
 5  8 18481144  95172   5240 3091928 1388  858 29662   858 9951 10389 56  7 24 14  0
 6 10 18481144  87212   5296 3098776  128   60 31432   142 8343 10439 40  4 28 28  0
16  7 18481144  94828   5340 3092532 1236  400 26288  1038 4215 4911 53  3 23 21  0
 6 10 18481144  95648   5300 3091368   48   34 29480    78 1933 4898 39  3 28 30  0
 4 10 18481144  95836   5300 3092628  630  176 26402   304 1464 5042 37  3 40 20  0
 5  9 18481144  95852   5344 3092156    0   16 30892    16 3040 5065 51  3 26 19  0
 9  7 18481144  96316   5380 3091128   32   32 32916    32 2703 5309 59  4 20 17  0
 8  4 18481144  95464   5456 3092412   32   28 33246   146 2253 5405 71  4 15  9  0
 8  5 18481128 122324   5432 3059548  136   52 37684   248 10802 12110 61  7 22 10  0
10  3 18480776 116892   5452 3066888 1026  172 29448   348 8511 8210 67  5 20  8  0
18  2 18481144  94348   5492 3091520   98  230 33596   230 1491 5830 91  6  1  2  0
procs -----------memory---------- ---swap-- -----io---- --system-- -----cpu------
 r  b   swpd   free   buff  cache   si   so    bi    bo   in   cs us sy id wa st
10  1 18481140  91744   5412 3093900  588  164 25148   308 1442 5237 77  5 15  3  0
 8  2 18481144  91080   5420 3095144   64   30 12880    30 1234 4917 72  4 20  4  0
 6  0 18481096 108380   5332 3079068   16    4  1676     6 1138 4753 57  3 38  2  0
 0  0 18481036 108692   5340 3079152   32    0    32   182 1360 3660 16  0 84  0  0
 0  0 18480960 109104   5340 3079140   48    0    48     0 1013 3063  0  0 100  0  0
 0  0 18480896 109492   5356 3079184   16    0    22   112 1044 3098  0  0 100  0  0
 0  0 18480856 112040   5432 3079168   16    0    30   132 1027 3180  0  0 100  0  0
 0  0 18480776 112216   5432 3079140   48    0    48     0 1018 3079  0  0 100  0  0
 0  0 18480728 112144   5440 3079932   16    0   334    88 1060 3172  0  0 100  0  0
 0  0 18480692 112788   5440 3079812   16    0    16     0 1017 3211  0  0 100  0  0
 0  0 18480628 113220   5440 3079832   66    0    76     0 1023 3279  0  0 100  0  0
 0  0 18480568 113244   5448 3079788   80    0    80    48 1030 3237  0  0 100  0  0
 0  0 18480516 113260   5448 3079856   16    0    16     0 1022 3117  0  0 100  0  0
 0  0 18480448 107440   5496 3081660   32    0  1056   538 6364 7044  8  1 90  1  0
16  2 18481144  96524   5504 3090720  194  422  9362   422 7704 8603 49  4 47  0  0
29  1 18481144  85840   5376 3100304  342  120 24586   896 2195 6331 72 26  1  1  0
19  4 18481144  87348   5140 3099360   48   46  8762   232 3872 4507 51 47  1  1  0
20  3 18481144  85736   5140 3103792   32   28 21176   416 2224 5082 82 17  0  1  0
 4  2 18481144  93100   5044 3095700  550  158 17088   244 4438 5141 82  8  8  2  0
12  2 18481144  92560   5064 3095272   32   30 23776   120 3397 4931 92  7  1  0  0
 4  4 18481124  93040   4992 3096984   16   16 32706   104 5017 7356 71  7 14  8  0
procs -----------memory---------- ---swap-- -----io---- --system-- -----cpu------
 r  b   swpd   free   buff  cache   si   so    bi    bo   in   cs us sy id wa st
11  3 18481068 111540   5016 3078788   80   18 35306   118 16579 17721 68  7 14 11  0
 9  0 18479884 105144   5028 3084864 1564    0  4462   210 1223 7421 76  3 20  1  0
 9  0 18479848 103780   5032 3085904   32    0   226     0 1056 4711 73  4 24  0  0
 0  1 18479612 103052   5048 3086184  364    0   596    66 1098 4800 70  3 26  1  0
 4  0 18479420 101596   5048 3086784  158    0   322     0 1330 4571 52  2 46  0  0
 0  0 18479356 102532   5048 3086824   74    0    74     0 1236 3331  9  0 91  0  0
 0  0 18479304 103036   5056 3086832   16    0    16   202 1058 3012  0  0 100  0  0
 0  0 18479268 103700   5056 3086836    0    0     0     0 1041 3163  0  0 100  0  0
 0  0 18479216 103496   5060 3087000   48    0   214     0 1049 3098  0  0 100  0  0
 0  0 18479168 104532   5068 3087144   16    0    16    50 1024 2996  0  0 100  0  0
 0  0 18479120 105000   5068 3087180    0    0     0     0 1020 3131  0  0 100  0  0
 0  0 18479064 105592   5076 3087160   32    0    32    48 1025 3176  0  0 100  0  0
 0  0 18479032 105780   5076 3087096   32    0    32     0 1017 3201  0  0 100  0  0
 0  0 18478968 105960   5120 3087048   64    0    82    88 1033 3261  0  0 99  0  0
 0  0 18478900 109772   5232 3087192   16    0    40   210 1045 3288  0  0 99  0  0
 2  0 18478820 110040   5232 3087084   64    0    64     0 1019 3127  0  0 100  0  0
 0  0 18478768 109832   5240 3087088   64    0    64    66 1024 3163  0  0 100  0  0
 2  0 18478736 110144   5240 3087088   48    0    48   260 1767 3685  1  0 99  0  0
11  0 18481144  99520   5268 3089852  176 1262  6962  1262 14603 13768 77  7 15  1  0
13  2 18481144  96596   5296 3094336 1464  398 21558   578 5383 5930 80  6 11  4  0
 6  2 18480732 104380   5100 3087492 1266  198 13596   198 3205 4258 77  5 11  7  0
procs -----------memory---------- ---swap-- -----io---- --system-- -----cpu------
 r  b   swpd   free   buff  cache   si   so    bi    bo   in   cs us sy id wa st
14  6 18481144  85604   4944 3107268   48  274 22186   714 1682 4541 78 19  3  1  0
21  1 18481144  86140   4840 3106892   16   26 13018   552 1266 4140 59 39  1  1  0
15  4 18481120  88816   4664 3107692   82   28 12622   362 3716 4379 64 36  0  0  0
 4  4 18481144  85700   4688 3106360  342  124 18008   358 3113 4783 83  8  7  2  0
12  3 18481144  93996   4616 3101764   32   34 32056   488 10947 12431 61 10 19 10  0
10  2 18481144 111236   4636 3082140  218   60 32256   340 10450 10100 80 10  6  4  0
10  2 18481144 100896   4636 3093324  736  238 23224   238 1378 4780 82  5 10  3  0
11  0 18481144  92840   4624 3100756 1028  516 13456   516 1211 4576 78  4 16  1  0
12  0 18481144  97040   4628 3096204   80   28 14584   150 1198 4808 80  5 14  1  0
 7  0 18480876  92648   4640 3100944  512    8 10696     8 1245 4688 61  3 35  2  0
 0  0 18480820  92216   4648 3101216   16    0    64   184 1444 4054 30  1 69  0  0
 0  0 18480784  92984   4664 3101684    0    0   250     0 1141 2998  0  0 100  0  0
 0  0 18480728  93584   4664 3101740   48    0    48     0 1021 3054  0  0 100  0  0
 0  0 18480672  93960   4672 3101732   32    0    32   126 1026 3127  0  0 100  0  0
 0  0 18480612  94392   4672 3101808   16    0    16     0 1047 3129  0  0 100  0  0
 0  0 18480552  94836   4680 3101732   32    0    32    50 1026 3142  0  0 100  0  0
 0  0 18480524  95272   4680 3101748   32    0    32     0 1018 3096  0  0 100  0  0
 0  0 18480452  94724   4680 3101780   48    0   356     0 1056 2891  0  0 100  0  0
 0  0 18480408  94780   4688 3102308   48    0    48    50 1024 2838  0  0 100  0  0
 0  0 18480340  95256   4688 3102364   32    0    32     0 1018 2938  0  0 100  0  0
 0  0 18480292  95164   4696 3102380    0    0     0   268 1058 3028  0  0 100  0  0
procs -----------memory---------- ---swap-- -----io---- --system-- -----cpu------
 r  b   swpd   free   buff  cache   si   so    bi    bo   in   cs us sy id wa st
 0  0 18480260  95604   4696 3102360   16    0    16     0 1016 3132  0  0 100  0  0
 0  0 18480196  96652   4776 3102320   32    0    50   176 1037 3244  0  0 99  0  0
 0  0 18480136  96988   4776 3102420   16    0    16     2 1018 3192  0  0 100  0  0
13  0 18481144  94952   4800 3103828   62  544  3136   544 1469 4889 13  1 85  1  0
12  0 18481124 115912   4768 3079448   96   32  6872   182 18667 16082 75  7 17  1  0
13  3 18481140  96116   4668 3098712  352  120 26718   120 4784 6958 88  5  5  1  0
18  4 18481144  96112   4588 3096248 1904  614 24744   676 2319 5057 83  5  8  4  0
12  4 18481144  92608   4524 3100732   16   28 39646    28 2260 5441 89  7  2  2  0
16  5 18481144  91204   4452 3102644  442  180 35456   182 3188 5222 83  8  6  3  0
17  3 18481144  85756   4272 3108080    0   30 24628  1142 1852 5145 60 32  3  5  0
 9  5 18481144  85724   4272 3104208   80   50 19938   860 6329 5919 37 58  2  3  0
13  4 18481144 126896   4316 3063124   44   24 35616   758 9960 11835 60 19  9 11  0
14  5 18481144  95184   4476 3095252  356   98 40422    98 1430 5237 73  5 10 11  0
12  4 18481124 102208   4484 3086572   32   32 45152   106 5195 6719 81  8  5  6  0
11  4 18481144  93308   4408 3097792    0   26 42958   202 2407 5274 83  6  6  4  0
 8  3 18481144  91320   4396 3099072   64   34 37778    34 1412 5180 63  4 22 11  0
 4  2 18481144  95828   4364 3096804  434  134 36886   292 1572 4732 39  2 47 12  0
 1  0 18481128  94980   4380 3096196   32   20 22054    20 1480 3945 17  1 79  3  0
 0  0 18481032  96000   4380 3096168   48    0    48     0 1100 3223  5  0 95  0  0
 0  0 18480996  96372   4400 3096224   48    0    54   160 1049 3011  0  0 100  0  0
 0  0 18480924  97164   4400 3096224   32    0    32     0 1014 2997  0  0 100  0  0
procs -----------memory---------- ---swap-- -----io---- --system-- -----cpu------
 r  b   swpd   free   buff  cache   si   so    bi    bo   in   cs us sy id wa st
 0  0 18480892  97432   4408 3096180   16    0    16    50 1019 3182  0  0 100  0  0
 0  0 18480844  98204   4408 3096140   48    0    48     0 1017 3087  0  0 100  0  0
 0  0 18480760  98532   4408 3096216   32    0    32     0 1020 3149  0  0 100  0  0
 0  0 18480724  99200   4416 3096212   16    0    16    52 1019 3152  0  0 100  0  0
 0  0 18480656  98884   4416 3096192   32    0    32     0 1014 3181  0  0 100  0  0
 0  0 18480620  99712   4424 3096188   16    0    16    44 1017 3186  0  0 100  0  0
 0  0 18480564  99440   4424 3096184   32    0    32     0 1014 3189  0  0 100  0  0
 0  0 18480484  99576   4424 3096200   48    0    48     0 1022 3199  0  0 100  0  0
 0  0 18480452  99616   4432 3096212   16    0    16   274 1075 3243  0  0 100  0  0
 0  0 18480384  99860   4432 3096196   32    0    32     0 1013 3165  0  0 100  0  0
11  0 18481120  97752   4640 3085208   48  388  7646  1020 9453 11222 63  6 30  1  0
11  0 18481144  97244   4656 3090540  464  154 14368   154 5340 6529 88  7  4  1  0
13  3 18481144  86788   4656 3101216  122   60 30272    62 4476 5331 90  8  1  0  0
14  3 18481144  89880   4620 3103480   64   26 27482   458 2368 5185 87 10  1  2  0
21  1 18481144  86888   4496 3106904   64   44 26106   546 1548 5346 65 33  1  1  0
18  2 18481144  90736   4520 3102616  540  262 26944   684 4644 5058 68 19 10  2  0
 3  2 18481144  94388   4488 3098312    0   54 29302   494 5285 7314 71 16  8  4  0
10  3 18481144  95116   4480 3054476  992  222 30446   526 13548 13548 70 14 11  5  0
15  1 18480944 109852   4568 3084072  230   20 19252   260 3310 6847 89  5  4  2  0
12  1 18481144  96348   5300 3096652  312  192 13786   192 1380 5074 85  5  3  8  0
12  3 18481140  93556   6512 3097212   48   16 15628   652 1566 5665 87  6  4  3  0
procs -----------memory---------- ---swap-- -----io---- --system-- -----cpu------
 r  b   swpd   free   buff  cache   si   so    bi    bo   in   cs us sy id wa st
 8  1 18481132  92156   7476 3098764   32   24  9570    24 1517 5635 76  4 15  5  0
 5  2 18481140  94416   8032 3093488  732  244  8216  1712 1537 4841 46  2 43  9  0
 0  1 18481132  99880   8576 3086892   16   10  8712    10 1640 4136 15  1 73 11  0
 0  1 18481052  97268   9280 3088900   64    0  1578     0 1352 3597  0  0 91  9  0
 0  1 18481016  95108   9852 3090716    0    0  1160  1524 1344 3526  0  0 92  8  0
 0  1 18480968  92544  10280 3092412   32    0  1086     0 1308 3595  0  0 91  8  0
 1  1 18481144  98244  10604 3086704  112  138   990  1664 1265 3567  0  0 90  9  0
 0  1 18481120  96260  10932 3088360    0    0   970     0 1253 3487  0  0 91  8  0
 1  0 18481048  93896  11156 3090124   28    0  1034     0 1271 3560  0  0 91  8  0
 0  1 18481136  96676  11392 3087328    0   56  1570  1572 1327 3535  0  0 91  9  0
 0  1 18481084  94256  11576 3088640   16    0   944     0 1245 3488  0  0 92  8  0
13  1 18481144  91596  11724 3084988   48   72  9062  1616 4814 6792 56  4 34  5  0
 7  3 18481120  94232  11836 3083380  740  162 13614   206 8760 8123 83  6  5  6  0
 6  1 18481004  94312  11812 3084420  450   96 17754    96 4071 5465 85  6  5  4  0
16  3 18481060  93384  11868 3088088  178   80 20410  4492 3558 4810 92  5  1  2  0
16  1 18481144  97584  11888 3083100   18   72 23354    72 1232 5152 92  6  1  1  0
 7  2 18481124  94040  11920 3085092   78   46 21132   256 3173 5022 93  7  0  0  0
 7  2 18481144  91580  11920 3087548  490  140 14766   140 3700 6167 63  5 24  7  0
13  3 18481144 101852  11936 3059328   68   46 22702   370 21789 22106 64 11 15 10  0
16  3 18481144  86036  12048 3097588   60   50 28070  2788 5168 7503 79 16  2  3  0
21  6 18481144  85656  12020 3098472 1114  408  7454   832 1604 4272 50 35  8  6  0
procs -----------memory---------- ---swap-- -----io---- --system-- -----cpu------
 r  b   swpd   free   buff  cache   si   so    bi    bo   in   cs us sy id wa st
19  4 18481144  85720  12028 3098392   32   36 21282  1228 1511 4570 66 30  1  2  0
13  5 18481144  92632  11992 3093624   32   18 37164   296 1442 4977 79 17  1  3  0
14  4 18481144  91012  11856 3094836   48   46 43452    46 1658 5752 82  7  5  5  0
 8  6 18481144  93252  11888 3091352  712  218 31412  1358 1505 5118 49  3 34 14  0
 4  3 18481140 743676  11620 2440004   48   36 41396    36 1981 5361 47  4 34 15  0
 2  1 18481056 666328  11868 2515992   48    0 38618  1434 1697 4498 16  1 72 12  0
 1  1 18481012 627732  12168 2553116   78    0 18638   938 1470 3978  7  1 82 10  0
 0  1 18480944 626584  12280 2555120   48    0  1044     0 1268 3634  0  0 91  8  0
 0  1 18480892 622540  12552 2557688   16    0  1528  1316 1303 3747  0  0 91  8  0
 0  1 18480828 620288  12648 2559660   48    0   940     0 1239 3623  0  0 91  8  0
 0  1 18480772 618308  12732 2561716   46    0   974  1584 1261 3635  0  0 91  8  0
 0  1 18480740 616032  12864 2563648   32    0  1058     0 1270 3629  0  0 91  8  0
12  6 18480660 581200  13072 2590300  140    0 14020     0 5986 6947 30  2 58  9  0
11  7 18480244 507196  13316 2653488  528    0 32070  1680 12041 13024 62  4 20 14  0
 7  7 18479852 441944  13512 2717532  640    0 32572     0 1914 5396 68  3 12 17  0
20  8 18479252 378456  13828 2778704  918    0 31882  1234 3244 5070 78  3  8 11  0
 9  7 18479224 303408  14012 2854540    0    0 37662     0 4019 5749 79  4  8  9  0
 6 11 18478856 244988  14280 2908544  478    0 27968     0 2049 5456 48  2 31 19  0
11 10 18478808 173772  14408 2977988   32    0 34710  5056 8445 10483 43  2 35 20  0
 7  9 18478740 100768  14528 3051732   64    0 36722     0 3906 6268 48  2 32 18  0
 6 11 18481144  91096  14548 3062836  358 1318 33474  4294 2881 5077 60  7 15 18  0
procs -----------memory---------- ---swap-- -----io---- --system-- -----cpu------
 r  b   swpd   free   buff  cache   si   so    bi    bo   in   cs us sy id wa st
 4  9 18481124  92292  14536 3061860   16    4 35234    82 5681 8733 43  6 31 20  0
 5 10 18481144  89964  14512 3063992   32   46 34284   348 5909 8691 51 12 17 20  0
10 11 18481144  86280  14640 3049804  142   80 22838  3282 7473 8444 32 41 16 11  0
 9  3 18480908  93828  14960 3059220  752  100 26080   306 2181 5236 59 12 14 16  0
 7  7 18481144  91812  15168 3063196  330  236 31732  2416 1694 5101 63  7 13 17  0
 9  5 18481144  94168  15432 3059492  568  150 23700   150 1457 4527 40  2 39 19  0
 5  5 18481144  97108  15580 3056956   32   36 33074    92 1630 5427 50  3 24 22  0
 3  2 18481144  94648  15804 3062676   32   22 35130  1750 1780 5226 39  3 46 12  0
 1  4 18481144  98360  15956 3060024   48   34 30022    34 1508 4289 13  1 74 12  0
 3  2 18480488  94624  16176 3061164 1164   20 10244  1706 1433 3619  4  0 87  9  0
 0  2 18481108  99992  16176 3053104 2474 1078  2668  1078 1309 3291  0  0 89 11  0
 0  2 18479184  94312  16224 3053792 2750    0  3064     0 1175 3362  0  0 92  8  0
 0 11 18477708  94724  16236 3040572 7048  574  7178  1172 1355 3654  0  0 88 12  0
25  4 18479856 149744  16236 3040132 2296 1748  7708  1748 4120 18371 50  1 44  4  0
28  5 18480852 156708  16044 3027436 1852  982 17646  1396 13317 50486 94  4  1  1  0
25  5 18478628 114012  16076 3068696 2756    0 22974     0 6324 44381 96  3  1  0  0
16  5 18481112  97944  15988 3086484  690 1586 18792  1586 3564 51547 96  3  0  0  0
20  6 18481128  91732  16156 3090756 1314  574 13232   972 1624 16044 81  3 12  4  0
15  5 18481108  94340  16072 3082060 2048  500 30970   500 3285 4866 89  6  3  2  0
 0  3 18480292  95096  16112 3078384 3212  672 15112   932 4739 4019 36  2 55  7  0
11  7 18481112  96960  15460 3075864 1962  992 27406  1042 1695 4770 56  5 33  6  0
procs -----------memory---------- ---swap-- -----io---- --system-- -----cpu------
 r  b   swpd   free   buff  cache   si   so    bi    bo   in   cs us sy id wa st
11  4 18481140 124500  15436 3047364 1244  380 37890   380 9783 10196 82  7  6  6  0
12  3 18481144  89628  15448 3079280  192  110 35444   688 6437 8363 82  7  5  6  0
 9  6 18481144  94700  15432 3073076  128   66 24886  3044 5445 8590 61 13 11 14  0
 9  3 18481144  93104  15420 3074012  588  186 17788  1620 1616 4556 70 14  5 11  0
16  3 18481144  85976  15444 3083908  154   56 10646  1100 1485 4510 72  9  9 11  0
 9  2 18481144  85808  15476 3084544   32   16 15872   128 1370 5214 69  9 11 11  0
 6  1 18480804 337312  15272 2832980  476    4 16220  1434 1497 4760 48  5 35 13  0
 0  1 18480708 310396  15404 2861060   48    0 14276     0 1638 4431 27  1 63  8  0
 0  1 18480684 309320  15516 2862920    0    0   942  1672 1300 3588  0  0 92  8  0
 0  1 18480592 307216  15588 2864732   32    0  1052     0 1270 3547  0  0 91  8  0
 0  1 18480572 306132  15652 2866700    0    0   940     0 1250 3575  0  0 92  8  0
 0  1 18480528 304608  15772 2868448   16    0   988  1622 1264 3607  0  0 92  8  0
 0  1 18480452 303040  15840 2870740   32    0  1060     0 1278 3558  0  0 91  8  0
 0  1 18480420 301228  15900 2872324   16    0   958  1660 1258 3578  0  0 91  8  0
 0  1 18480364 299480  15956 2874148   32    0   970     0 1247 3592  0  0 91  8  0
 0  1 18480336 298196  16076 2876308   26    0  1012  1572 1300 3611  0  0 91  8  0
 0  1 18480296 296784  16108 2877984   16    0  1000     0 1261 3475  0  0 91  8  0
 0  1 18480192 294448  16152 2879868   48    0   996     0 1253 3483  0  0 91  8  0
11  4 18479932 287720  16212 2883024  424    0  1822  1656 1633 4899  2  1 89  8  0
15  3 18479764 228620  16304 2930280  226    0 24190     0 12165 10847 83  6  5  6  0
11  2 18478740 173380  16380 2954620 1366    0 13904  1562 7824 5922 71  4 19  6  0
procs -----------memory---------- ---swap-- -----io---- --system-- -----cpu------
 r  b   swpd   free   buff  cache   si   so    bi    bo   in   cs us sy id wa st
10  6 18478548 130236  16500 3029460  192    0 37420  2014 3448 6148 85  5  4  6  0
 8  3 18480828  98996  16536 3060472  698 1372 24176  2682 2564 4586 65  5 18 12  0
10  6 18481144  93968  16444 3063028  378  318 17570  1250 1706 4359 73  4 20  4  0
11  9 18481144  87204  16472 3067812  374   60 41714    60 3268 5441 85  8  2  4  0
 8  7 18481144  98676  16460 3054552  170   18 40824  1686 4432 5595 85  9  3  4  0
11  5 18481144  98204  16280 3036764  460  166 35480   910 11810 11575 48  6 32 14  0
 9  3 18481036  92828  16276 3060492  150   48 36384    48 9587 11925 82  5  6  6  0
11  3 18481144  96720  16276 3057776  564  258 29330  1412 1356 4410 87  5  6  2  0
 7  5 18481144  88800  16284 3064592  696  284 23742  1324 1423 4654 86  6  7  1  0
 9  1 18481136  94668  15364 3064272    0    4 17828   696 1651 5439 83  6  5  6  0
 7  1 18481092  92484  15412 3066448   32    0  1004     0 1328 5201 63  3 27  7  0
 3  1 18481008  91188  15456 3067820   32    0   996     0 1704 4754 41  1 50  8  0
 0  1 18481100  95300  15504 3063592   48   68  1204  1900 1307 3531  0  0 91  8  0
 0  1 18480848  94352  15548 3065764  390    0  1226     0 1262 3586  0  0 91  8  0
 1  1 18480824  91892  15612 3067532   16    0   978  1560 1286 3558  0  0 91  8  0
 0  1 18481104  96556  15648 3062360   16  160   814   160 1241 3336  0  0 92  8  0
 0  1 18481016  94284  15736 3064272   32    0  1030     0 1272 3527  0  0 91  8  0
 0  1 18480992  92600  15788 3066224    0    0  1004  1618 1274 3459  0  0 92  8  0
 0  1 18481096  97168  15816 3060604   64   78   944    78 1240 3463  0  0 91  8  0
 0  1 18481072  95244  15868 3062760   16    0  1028  1598 1276 3580  0  0 92  8  0
17  2 18481132  96600  15908 3059792   16   54  1606    54 1579 4525  3  1 89  7  0
procs -----------memory---------- ---swap-- -----io---- --system-- -----cpu------
 r  b   swpd   free   buff  cache   si   so    bi    bo   in   cs us sy id wa st
10  0 18481140  93676  15880 3036008  238  144 14934   144 12646 10929 80  7 12  1  0
14  4 18481144  85680  15652 3064372  716  190 25560  4738 5696 7447 75 10  8  7  0
27  3 18481144  85628  14872 3066096  198  110 21868   392 4509 6945 67 29  2  3  0
23  1 18481144  85976  14716 3067384   16   14  4002   748 1579 3595 30 69  1  1  0
18  1 18481004 225804  14756 2933988  132   24 36484   426 3283 5814 89  8  2  1  0
15  2 18480932 164164  14796 2997960   76    0 31736     0 4871 4959 94  5  0  0  0
12  3 18480652  94796  14856 3067960  358    0 35180   180 12166 10802 67  5 21  7  0
 9  5 18481144  93212  14884 3069436   32  268 42118   268 6182 8992 72  5 16  7  0
10  4 18481124 324284  14904 2838428  974  392 30218   590 1460 4625 70  5 17  8  0
 7  4 18481068 253832  14972 2908572   16    0 35040   160 1401 5110 63  3 15 20  0
 7  6 18481020 180944  15100 2980920   48    0 36276   186 1441 5022 54  2 33 12  0
 1  4 18481000 101612  15156 3061480   16    0 40262     0 1587 4663 37  1 47 14  0
 8  3 18481144  85456  15104 3077636    0   98 37188   412 1447 4102 17  3 55 24  0
 2  2 18481120  92004  14816 3073124   32   10 40230   408 1440 4254 16  3 61 20  0
 2  3 18481144  91716  14572 3075024   32   38 35250    38 1315 3959 15  2 69 14  0
 1  0 18481140 113836  14320 3053916   48   22 22592    22 4537 6609 12  2 78  8  0
 1  0 18481116 114848  14328 3053740    0    0     0   114 1020 3328  8  0 91  0  0
 1  0 18481064 115860  14328 3053736   32    0    32     0 1014 3211  8  0 91  0  0
 1  0 18481000 116992  14336 3053924   32    0   118     0 1031 3267  8  0 91  0  0
 1  0 18480900 117500  14344 3053900   64    0    64    46 1061 3148  3  0 97  0  0
 0  0 18480856 118536  14344 3053912   32    0    32     0 1019 3075  0  0 100  0  0
procs -----------memory---------- ---swap-- -----io---- --system-- -----cpu------
 r  b   swpd   free   buff  cache   si   so    bi    bo   in   cs us sy id wa st
 0  0 18480828 118656  14352 3053908    0    0     0    76 1015 3121  0  0 100  0  0
13  0 18480428 110504  14372 3058336  486    0  2810     0 1484 4469  8  1 90  1  0
 9  1 18481064  94416  14276 3068104  116  370 23008   370 11047 8716 85  7  5  3  0
 2  3 18480968 102500  13040 3062300  418  142 31056   508 2940 5845 64  6 21  9  0
11  3 18480972  93592  12948 3079132  324  112 32024   112 2902 5226 70  4 14 12  0
17  0 18481140  94280  12916 3086872   16   94 29654   146 3924 5518 93  6  1  1  0
14  5 18481136  89136  12836 3092844   16   22 28136    22 2663 5217 92  7  1  0  0
20  6 18481144  85504  11668 3101668   32   28 17326   750 2847 4537 54 43  2  1  0
 8  5 18481052  96808  10692 3091504  202   12 19182  1320 5920 6931 43 48  7  3  0
11  5 18481144  88692  11124 3055148  598  234 32174  1044 11893 13649 47  4 35 14  0
 8  4 18481096 174268  12664 3012476  270   44 39888  2790 8444 11364 81  7  6  6  0
10  3 18480960 105036  13768 3081032  188    0 34808  1958 1541 5530 89  5  3  4  0
13  0 18481144  97072  16692 3088264   16  138 25042  8642 2068 7203 86  7  3  4  0
10  3 18481144  91984  21800 3091332   16   34 27472 13884 2423 8203 83  9  5  3  0
 7  5 18481144  97124  27780 3084256    0   80 34952 16952 2837 8571 54 11 21 13  0
 1  7 18481144  90384  29528 3089568   48   36 35910  4362 2017 5667 31  2 45 22  0
 1  2 18481140  93584  33464 3083528   16   38 34532 12936 10108 12881 18  4 67 11  0
 1  1 18481120  93428  42380 3075528   32   10  7228 22276 6324 9412 10  2 81  6  0
 1  2 18481116  99628  49960 3061004   32   20  1842 22428 6639 8606 11  2 81  6  0
 1  2 18481080  92172  55384 3062484   16    0  1054 16200 6441 7002 10  2 82  7  0
 1  0 18481140  97628  60808 3048696    0   36  1124 15928 4980 6968  7  2 84  7  0
procs -----------memory---------- ---swap-- -----io---- --system-- -----cpu------
 r  b   swpd   free   buff  cache   si   so    bi    bo   in   cs us sy id wa st
 0  1 18481092  91268  65796 3051016   32    0   996 16778 3280 7091  3  1 89  7  0
 1  1 18481116  93368  70192 3040264   16   28  1576 16992 5685 7077  8  1 83  7  0
 1  1 18481092  95616  74264 3033816  100   22   960 15356 5599 6689  8  1 83  7  0
 2  1 18481128 100832  78072 3024400   88   46   896 14844 5475 6704  9  1 82  7  0
11  5 18481144  91884  79728 3029660  680  160 18830  7304 2147 7193 39  3 48 10  0
 6  9 18481144  91812  82060 3027884   48   92 34112  9790 2104 7558 49  4 32 15  0
 5  8 18481144  92008  83056 3027720   16   72 32502  4730 1695 5819 35  3 44 19  0
 6 10 18481144  88904  85088 3028984   16   30 36506  8766 2252 7072 42  5 24 29  0
 1  8 18481144  90708  85572 3025732   16   22 28986  4562 1729 5054 28  6 27 38  0
 3 14 18481144  91664  85424 3024832   32    8 34884   166 1477 4799 30  3 36 31  0
 3 10 18481140  93256  85328 3024252   48   26 33742   190 1411 4895 32  2 42 24  0
 9  9 18481144  95996  85568 3020272  470  136 29316  9762 2133 7273 41  3 41 15  0
 6  9 18481144  98832  86756 3015840   48   38 35614  9696 2241 7848 54  4 22 19  0
 7  8 18481144  98676  87612 3013612   32   34 38010 11528 2283 8049 60  5 18 17  0
 5 10 18481140 146608  91240 2964316    0    6 35616 18510 2768 9445 54  5 26 14  0
 5  8 18481144  96212  92128 3013236   16   26 38476  6588 2067 6223 32  2 46 20  0
 6  4 18481144  94092  92540 3015112   16   16 35368  2492 1652 5574 39  2 47 12  0
 7  2 18481144  92028  91136 3016984   64   34 32538  6490 1913 6240 34  3 51 12  0
 4  4 18481140 176552  90952 2932768   16   22 30462 11372 2272 7435 37  5 47 11  0
 2  2 18481120 107564  92396 3001168   32    0 34422  8032 2094 6032 14  1 77  7  0
 1  0 18481136 111612  87180 3002624   16   30  8776 15432 2468 7115  5  2 86  7  0
procs -----------memory---------- ---swap-- -----io---- --system-- -----cpu------
 r  b   swpd   free   buff  cache   si   so    bi    bo   in   cs us sy id wa st
 0  1 18481108 110576  90764 3004696    0    0  1134 15942 2400 7069  1  1 91  7  0
 0  1 18481068 104064  94928 3007560   16    0  1352 18728 2616 7622  1  1 91  7  0
 0  1 18481036  99092  97636 3009200   32    0   934 16718 2438 7260  1  1 91  7  0
 0  1 18481020  94100 100212 3010800   16    0  1016 17074 2483 7241  1  1 91  7  0
 1  1 18481140  95776  99832 3010316   32   84  1048 21652 2768 7708  1  1 91  7  0
 2  2 18481068  91044 101532 3010288  142    6  2592 30398 3544 10797  1  2 90  7  0
 1  1 18434356 23878364 102432 3010700  374   38  2666 21240 2801 8433  1  6 86  7  0
