procs -----------memory---------- ---swap-- -----io---- -system-- -----cpu------
 r  b   swpd   free   buff  cache   si   so    bi    bo   in   cs us sy id wa st
 2  2 159756 30356428   4544  96804    0    1    31    10    1    0  0  0 99  0  0
 1  0 159756 30289308   4748 116916    0    0  9674     0 1252 1822  5  0 89  6  0
 0  0 159756 30280736   4836 122212    0    0  2664     0  756 1073  6  0 93  1  0
 0  0 159756 30279116   4860 124496    0    0  1032   134  467  769  0  0 99  1  0
 0  0 159756 30277016   4864 126556    0    0  1026     0  464  777  0  0 100  0  0
 1  0 159756 30275032   4864 128608    0    0  1024     8  510  795  0  0 100  0  0
 0  0 159756 30272800   4868 130648    0    0  1026     0  449  753  0  0 100  0  0
 0  0 159756 30270444   4868 132700    0    0  1024     0  444  753  0  0 100  0  0
 0  0 159756 30268708   4872 134748    0    0  1026     0  441  765  0  0 100  0  0
 1  0 159756 30234004   4916 145432    0    0  5596     0  907 1323  4  0 94  2  0
 1  1 159756 30102696   4944 160896    0    0  7830    38 2163 3987  9  1 87  3  0
 1 12 159756 29863568   5060 181276    0    0  9860     0 2134 5375 10  1 74 15  0
 5 10 159756 27059652   5200 278072    0    0 48618     0 3358 4431 42  6 24 29  0
 5 12 159756 24278688   5356 444752    0    0 83278     0 2279 3206 32  5 41 21  0
 5  9 159756 23882368   5504 601472    0    0 78422     0 1976 2868 31  1 42 27  0
 7 11 159756 23520164   5668 765288    0    0 81966    74 2079 2838 33  1 40 26  0
 3 12 159756 23212000   5832 911352    0    0 72716     0 2241 2980 32  1 36 31  0
 2  4 159756 22737072   5964 1067068    0    0 77810    40 2118 2913 32  1 35 32  0
 4 12 159756 22562720   6144 1238444    0    0 85666   192 2129 2872 32  1 35 32  0
 6 10 159756 21281188   6376 1465388    0    0 113392   130 3208 4270 31  2 40 27  0
 6  7 159756 20872708   6524 1622720    0    0 78338     0 3093 3844 47  1 27 24  0
procs -----------memory---------- ---swap-- -----io---- -system-- -----cpu------
 r  b   swpd   free   buff  cache   si   so    bi    bo   in   cs us sy id wa st
11  0 159756 20445048   6652 1760324    0    0 68672     0 4508 5022 69  2 20  8  0
11  0 159756 20213780   6684 1792720    0    0 16080     8 4338 6274 87  3 10  0  0
12  0 159756 20180828   6712 1801180    0    0  4196     0 4344 6913 94  3  3  0  0
12  0 159756 20093432   6800 1878316    0    0 38448     0 4244 6730 94  3  3  0  0
 7  0 159756 19910012   6992 2037728    0    0 79964    64 4831 6277 70  2 22  5  0
 4  4 159756 19693276   7176 2227052    0    0 94330     0 2891 3853 43  1 49  7  0
 5  0 159756 19500720   7316 2376160    0    0 74414    10 2765 3842 38  1 55  6  0
 4  0 159756 19342296   7408 2469088    0    0 46510     0 2691 3718 41  1 57  0  0
 5  0 159756 19270020   7408 2471596    0    0  1024     0 2358 3680 40  1 59  0  0
 3  0 159756 19225956   7420 2475104    0    0  1798     0 2162 3445 34  1 65  0  0
 1  0 159756 19221772   7436 2479124    0    0  2056     0 1849 2698 21  0 78  0  0
 0  0 159756 19219060   7440 2481344    0    0  1026    34 1042 1461  2  0 98  0  0
 0  0 159756 19217860   7448 2483392    0    0  1024    58  716 1203  0  0 99  0  0
 0  0 159756 19215528   7460 2486456    0    0  1542    16  698 1208  0  0 100  0  0
 1  0 159756 19213280   7460 2488504    0    0  1024     0  686 1187  0  0 100  0  0
 0  0 159756 19210296   7472 2491424    0    0  1542     0  858 1263  0  0 100  0  0
 0  0 159756 19208824   7472 2493188    0    0   768    96  665 1156  0  0 100  0  0
 0  0 159756 19206600   7476 2495600    0    0  1156     0  621 1173  0  0 100  0  0
 0  0 159756 19204624   7476 2497472    0    0  1024     8  604 1160  0  0 100  0  0
 0  0 159756 19201772   7496 2500368    0    0  1542    46  794 1238  0  0 99  0  0
 5  0 159756 19020244   7516 2507464    0    0  3476     0 6829 7957 43  1 55  1  0
procs -----------memory---------- ---swap-- -----io---- -system-- -----cpu------
 r  b   swpd   free   buff  cache   si   so    bi    bo   in   cs us sy id wa st
 5  0 159756 18881224   7520 2509696    0    0  1026     0 15433 18125 48  2 49  0  0
 6  0 159756 18645368   7520 2511744    0    0  1024     0 15257 19054 44  2 54  0  0
10  0 159756 18589956   7548 2534112    0    0 11278     6 15014 19197 42  1 57  0  0
 7  0 159756 18456772   7580 2571236    0    0 18578     0 18757 19322 58  2 40  0  0
 9  0 159756 18240756   7632 2618284    0    0 23578     0 18173 18537 56  2 41  0  0
 9  4 159756 18105216   7732 2711784    0    0 46564    10 18325 18651 70  3 27  0  0
 8  0 159756 17880668   7896 2870064    0    0 79396   134 16667 13089 56  2 35  7  0
 6  4 159756 17487448   8076 3058736    0    0 94068    16 16884 19677 61  2 26 11  0
 6  2 159756 17292644   8256 3245968    0    0 93530     0 15876 19580 60  2 25 13  0
 5  4 159756 17062748   8444 3434540    0    0 93664     0 8304 10599 44  1 35 19  0
 3  0 159756 16865316   8592 3589804    0    0 77494     6 2540 3370 33  1 60  6  0
 3  0 159756 16740776   8712 3714492    0    0 62526     0 1783 2719 25  1 73  1  0
 0  0 159756 16635384   8772 3780196    0    0 32670     0 1780 2438 15  0 84  0  0
 0  0 159756 16634864   8772 3780472    0    0     0     0  713 1204  0  0 100  0  0
 0  0 159756 16634640   8780 3780480    0    0     0    46  645 1190  0  0 99  0  0
 0  0 159756 16634920   8780 3780476    0    0     0    66  654 1197  0  0 100  0  0
 0  0 159756 16635788   8780 3780468    0    0     0     0  622 1185  0  0 100  0  0
 0  0 159756 16635680   8780 3780456    0    0     0     6  625 1223  0  0 100  0  0
 0  0 159756 16631844   8780 3780452    0    0     0     0  679 1231  0  0 99  0  0
 0  0 159756 16631984   8780 3780452    0    0     0     0  714 1195  0  0 100  0  0
 0  0 159756 16631976   8780 3780448    0    0     0     0  636 1197  0  0 100  0  0
procs -----------memory---------- ---swap-- -----io---- -system-- -----cpu------
 r  b   swpd   free   buff  cache   si   so    bi    bo   in   cs us sy id wa st
 1  0 159756 16632380   8780 3780448    0    0     0     0  613 1184  0  0 100  0  0
 1  0 159756 16632256   8788 3780448    0    0     0    44  613 1189  0  0 99  0  0
 1  0 159756 16632256   8788 3780448    0    0     0     0  715 1204  0  0 100  0  0
 1  0 159756 16632380   8788 3780448    0    0     0     0  623 1189  0  0 100  0  0
 6  0 159756 16629604   8800 3781516    0    0   638    14 4152 5252 20  1 80  0  0
 7  0 159756 16627956   8800 3781872    0    0     0     0 15257 18194 50  2 49  0  0
21  0 159756 16535080   8800 3781872    0    0     0     8 14999 19209 51  2 48  0  0
 6  0 159756 16522052   8800 3781872    0    0     0     0 15163 19227 51  2 47  0  0
 7  0 159756 16375732   8800 3781868    0    0     0     0 14862 19427 51  2 47  0  0
 9  0 159756 16353264   8808 3781868    0    0     0   108 15579 18988 56  2 42  0  0
 8  0 159756 16247848   8808 3781876    0    0     0     0 15749 19608 58  2 40  0  0
 8  0 159756 16163000   8828 3781880    0    0     0     6 15177 16484 35  1 63  0  0
 7  0 159756 16092816   8828 3781976    0    0     0     0 16039 11478 52  2 47  0  0
11  0 159756 15938172   8832 3781992    0    0     0     0 14609 10493 58  2 41  0  0
 9  0 159756 15729828   8832 3782024    0    0     0     6 15208 9104 67  3 31  0  0
11  0 159756 15679112   8832 3782024    0    0     0     0 15429 19679 69  2 28  0  0
10  0 159756 15572340   8832 3782024    0    0     0     8 15466 18316 76  3 21  0  0
12  0 159756 15398996   8856 3791656    0    0  4870   120 11610 14933 86  3 11  0  0
10  0 159756 15289876   8872 3807496    0    0  7944     0 4197 6021 95  2  2  0  0
 8  0 159756 15221800   8896 3825840    0    0  9098    10 15340 8767 66  2 32  0  0
 8  0 159756 15149004   8920 3843644    0    0  8970     0 17156 16067 65  2 32  0  0
procs -----------memory---------- ---swap-- -----io---- -system-- -----cpu------
 r  b   swpd   free   buff  cache   si   so    bi    bo   in   cs us sy id wa st
 7  0 159756 15088548   8936 3862120    0    0  9224    38 14855 16186 58  2 40  0  0
 7  0 159756 14994176   8952 3879568    0    0  8712     0 14072 17898 54  2 45  0  0
 6  0 159756 14831256   8972 3895868    0    0  8200     0 7122 9100 59  1 40  0  0
 5  0 159756 14765792   9008 3913220    0    0  8584    74 9973 13117 48  1 51  0  0
 3  0 159756 14763560   9016 3913500    0    0     0     0 2224 3315 29  0 71  0  0
 2  0 159756 14698756   9020 3913500    0    0     0     0 1812 2569 20  0 79  0  0
 2  0 159756 14698424   9020 3913496    0    0     0     0 1666 2331 17  0 83  0  0
 2  0 159756 14698036   9020 3913500    0    0     0     0 1472 2325 17  0 83  0  0
 1  0 159756 14655744   9024 3913488    0    0     0    14 1712 2436 19  0 80  0  0
 1  0 159756 14655488   9024 3913496    0    0     0     0 1382 1880  8  0 91  0  0
 1  0 159756 14655396   9024 3913500    0    0     0     6 1018 1609  4  0 96  0  0
 0  0 159756 14656024   9032 3913500    0    0     0    74  659 1186  0  0 99  0  0
 0  0 159756 14655900   9032 3913500    0    0     0     0  641 1199  0  0 100  0  0
 0  0 159756 14656536   9032 3913492    0    0     0    70  616 1161  0  0 100  0  0
 8  0 159756 14594284   9040 3913616    0    0    12     0 10496 9978 51  2 47  0  0
 9  0 159756 14516528   9040 3913624    0    0     0    10 15911 18731 53  2 45  0  0
 6  0 159756 14371696   9040 3913624    0    0     0     0 15659 19276 52  2 46  0  0
 7  0 159756 14387948   9040 3913628    0    0     0     0 16976 19109 46  2 52  0  0
 9  0 159756 14342936   9040 3913668    0    0     0    72 17310 18869 56  2 41  0  0
 8  0 159756 14258376   9048 3913668    0    0     0    52 15461 20343 65  2 32  0  0
 9  0 159756 14250928   9048 3913660    0    0     0     6 17018 16281 75  3 22  0  0
procs -----------memory---------- ---swap-- -----io---- -system-- -----cpu------
 r  b   swpd   free   buff  cache   si   so    bi    bo   in   cs us sy id wa st
 6  0 159756 14130152   9048 3913716    0    0     0     0 16201 14615 55  2 43  0  0
 5  0 159756 14082388   9048 3913712    0    0     0     0 19078 17671 42  2 57  0  0
 4  0 159756 14022032   9048 3913712    0    0     0     0 14533 18242 33  1 66  0  0
 1  0 159756 14042368   9048 3913716    0    0     0     0 14035 17941 20  1 79  0  0
 1  0 159756 14041756   9048 3914228    0    0   256    14 13839 17848  9  1 90  0  0
 2  0 159756 13975804   9056 3914236    0    0     0    70 13729 17833  9  1 89  0  0
 5  0 159756 13936108   9084 3941744    0    0 13838     0 14413 17950 24  1 75  0  0
 5  0 159756 13851332   9120 3975568    0    0 16788     6 13251 17316 31  1 68  0  0
 5  0 159756 13626760   9148 4007124    0    0 15886     0 2306 3366 43  1 56  0  0
 5  0 159756 13525972   9180 4039960    0    0 16400     2 2397 3371 43  1 57  0  0
 2  0 159756 13521020   9184 4045184    0    0  2464     0 2114 2964 27  0 72  0  0
 6  0 159756 13519376   9196 4045184    0    0     0     0 4042 5032 26  1 74  0  0
 8  0 159756 13517840   9196 4045312    0    0     0    10 17895 16391 45  1 54  0  0
 5  0 159756 13373248   9204 4045324    0    0     0   100 16503 17319 44  2 54  0  0
 6  0 159756 13301336   9204 4045324    0    0     0    52 14416 17801 45  1 53  0  0
 8  0 159756 13228796   9216 4045344    0    0     0     0 14730 17528 47  2 51  0  0
11  0 159756 13064604   9216 4045364    0    0     0     0 16191 19247 79  2 18  0  0
20  0 159756 12842032   9216 4045360    0    0     0     6 15687 18841 83  3 14  0  0
13  0 159756 12756232   9256 4072172    0    0     2     0 15582 15612 78  2 20  0  0
12  0 159756 12547044   9408 4157800    0    0     0     0 9648 5179 95  3  2  0  0
12  1 159756 12185716   9604 4323496    0    0     6 68952 4063 3827 94  3  3  0  0
procs -----------memory---------- ---swap-- -----io---- -system-- -----cpu------
 r  b   swpd   free   buff  cache   si   so    bi    bo   in   cs us sy id wa st
 7  0 159756 12157164   9652 4354044    0    0   512 54798 7190 6971 81  1 15  2  0
 6  0 159756 12144300   9668 4366360    0    0     0    14 15657 16911 50  2 49  0  0
 8  0 159756 12046480   9676 4377316    0    0     0     0 14557 18282 46  2 52  0  0
 4  0 159756 11947288   9684 4383940    0    0     0     0 14206 18028 41  1 58  0  0
 2  0 159756 11931060   9696 4384188    0    0     4     0 14010 18118 23  1 76  0  0
 4  0 159756 11841292   9716 4401764    0    0  8714     0 16793 16628 33  1 66  0  0
 1  0 159756 11721648   9808 4475108    0    0  1796     2 14505 16179 14  1 85  0  0
12  2 159756 11585148   9876 4519400    0    0  6538 87868 2322 2827 32  1 64  3  0
 5  0 159756 11466116   9916 4546556    0    0 13586    10 2808 3727 48  1 51  0  0
 5  0 159756 11278272   9944 4572428    0    0 12812     0 2454 3328 43  1 56  0  0
 3  0 159756 11188124   9976 4599408    0    0 13582     0 2112 2782 33  1 66  0  0
 1  0 159756 11171276   9988 4615756    0    0  8070    14 1694 2457 21  0 79  0  0
 0  0 159756 11170788   9992 4615992    0    0     0     0  811 1354  1  0 99  0  0
 1  0 159756 11170548   9992 4615948    0    0     0     6  643 1185  0  0 100  0  0
 0  0 159756 11170796  10000 4615928    0    0     0  1888  749 1243  0  0 99  0  0
 0  0 159756 11170796  10000 4615872    0    0     0     0  621 1184  0  0 100  0  0
 6  0 159756 11021780  10000 4615868    0    0     0   384  846 1334  5  1 95  0  0
 0  0 159756 11170828  10000 4615832    0    0     0     0  608 1167  1  0 99  0  0
 1  0 159756 11171200  10000 4615832    0    0     0    12  632 1212  0  0 100  0  0
 8  0 159756 11272148  10000 4513640    0    0     0     0 1523 2821 17  1 82  0  0
 8  0 159756 11074752  10000 4513520    0    0     0     0 17425 15370 68  2 30  0  0
procs -----------memory---------- ---swap-- -----io---- -system-- -----cpu------
 r  b   swpd   free   buff  cache   si   so    bi    bo   in   cs us sy id wa st
 8  0 159756 11033700  10000 4513524    0    0     0     0 15214 19952 66  2 32  0  0
11  0 159756 10932648  10012 4513456    0    0     0   132 15654 18363 71  2 26  0  0
10  0 159756 10799944  10012 4513236    0    0     0     8 15336 18214 74  2 23  0  0
10  0 159756 10562824  10012 4513172    0    0     0     0 12663 14437 80  2 18  0  0
13  0 159756 10538352  10012 4513092    0    0     0     0 13869 18230 84  3 13  0  0
27  0 159756 10388560  10012 4513036    0    0     0    10 13382 10875 94  3  3  0  0
 9  0 159756 10384204  10012 4513444    0    0   256     0 10795 5798 82  2 16  0  0
 9  0 159756 10263072  10012 4513520    0    0     0    44 12328 14951 64  2 34  0  0
 7  0 159756 10209380  10020 4513500    0    0     0    56 15447 19068 66  2 32  0  0
 8  0 159756 10174420  10020 4513516    0    0     0     0 15121 19510 61  2 38  0  0
 5  0 159756 10193896  10020 4513540    0    0     0     8 14808 17473 47  1 52  0  0
 5  0 159756 10143560  10020 4513536    0    0     0     0 14379 19041 42  2 57  0  0
 6  0 159756 10103276  10020 4513516    0    0     0     0 14135 18879 47  1 52  0  0
 4  0 159756 10021452  10020 4513508    0    0     0     0 14040 18517 40  2 58  0  0
 3  0 159756 9994900  10052 4544324    0    0 15376     0 3317 4569 35  1 64  0  0
 2  0 159756 9909164  10092 4578696    0    0 17342    14 2051 2666 24  1 75  0  0
 1  0 159756 9873544  10132 4614372    0    0 17680    56 1412 1953 12  0 87  1  0
 1  0 159756 9844684  10160 4643688    0    0 14734    60 1164 1642  7  0 92  0  0
 0  0 159756 9844832  10160 4643832    0    0     0     0 1087 1350  0  0 100  0  0
 0  0 159756 9845088  10160 4643828    0    0     0     0  662 1220  0  0 100  0  0
 0  0 159756 9845320  10160 4643816    0    0     0    14  651 1206  0  0 100  0  0
procs -----------memory---------- ---swap-- -----io---- -system-- -----cpu------
 r  b   swpd   free   buff  cache   si   so    bi    bo   in   cs us sy id wa st
 1  0 159756 9845840  10160 4643808    0    0     0     0  659 1217  0  0 100  0  0
 0  0 159756 9845972  10160 4643800    0    0     0    10  648 1178  0  0 100  0  0
 0  0 159756 9845840  10168 4643780    0    0     0    36  680 1246  0  0 100  0  0
 0  0 159756 9845716  10168 4643772    0    0     0     0  632 1210  0  0 100  0  0
 2  0 159756 9846468  10168 4643764    0    0     0     0  611 1167  0  0 99  0  0
 0  0 159756 9846236  10168 4643760    0    0     0     0  645 1184  0  0 100  0  0
 0  0 159756 9846484  10168 4643756    0    0     0     6  642 1187  0  0 100  0  0
 2  0 159756 9846360  10168 4643736    0    0     0     0  665 1207  0  0 100  0  0
 0  0 159756 9846384  10168 4643736    0    0     0     0  617 1175  0  0 100  0  0
 0  0 159756 9844268  10168 4643712    0    0     0     6 3856 4267  9  0 91  0  0
 0  0 159756 9798764  10176 4643776    0    0     0    70 15813 12433  2  1 97  0  0
 8  0 159756 9778908  10180 4643796    0    0     0     8 15911 16070 39  2 60  0  0
 8  0 159756 9661844  10180 4643808    0    0     0     0 16603 18691 68  2 30  0  0
11  0 159756 9548624  10180 4643812    0    0     0     0 17552 17555 74  3 23  0  0
13  0 159756 9393368  10180 4647136    0    0     0     0 17057 16581 87  3 10  0  0
13  0 159756 9067620  10332 4766776    0    0     0     0 5334 6118 92  3  5  0  0
12  0 159756 8965188  10348 4777764    0    0     0    10 4591 5534 94  2  3  0  0
10  1 159756 8718752  10356 4785756    0    0     0 66714 4217 5521 93  3  4  0  0
 5  0 159756 8596240  10432 4835180    0    0     2   168 8022 4485 74  2 24  0  0
11  0 159756 8439124  10508 4895764    0    0     0   146 14194 5220 80  2 18  0  0
10  0 159756 8261804  10696 4955128    0    0    44     0 16723 11738 61  2 36  1  0
procs -----------memory---------- ---swap-- -----io---- -system-- -----cpu------
 r  b   swpd   free   buff  cache   si   so    bi    bo   in   cs us sy id wa st
 7  0 159756 8145996  10732 4980684    0    0     0     0 16037 12992 55  2 44  0  0
10  0 159756 8006660  10804 5022896    0    0     8     0 16254 14504 52  2 46  0  0
 6  0 159756 7786940  10816 5039032    0    0     0     0 12531 4195 58  2 41  0  0
 7  0 159756 7774920  10828 5049968    0    0     0     8 14264 3872 51  2 47  0  0
 6  1 159756 7738224  10840 5053476    0    0     2 128672 6179 3613 44  1 48  6  0
 3  0 159756 7646976  10900 5084372    0    0     6    12 2285 3016 36  1 61  1  0
 1  0 159756 7646356  10900 5085200    0    0     0     0 1639 2011  6  0 93  0  0
 1  0 159756 7646272  10900 5085200    0    0     0     0  990 1468  3  0 97  0  0
 0  0 159756 7647180  10900 5085200    0    0     0     8  799 1302  1  0 99  0  0
 2  0 159756 7647312  10900 5085184    0    0     0     0  658 1230  0  0 100  0  0
 0  0 159756 7644476  10900 5085188    0    0     0     0 7419 1227  0  0 99  0  0
 0  0 159756 7647808  10908 5084600    0    0     0 18896 5070 1223  0  0 98  2  0
 0  0 159756 7648732  10908 5084584    0    0     0     0  636 1204  0  0 100  0  0
 0  0 159756 7648716  10908 5084584    0    0     0    20  628 1194  0  0 100  0  0
 0  0 159756 7649056  10908 5084548    0    0     0     0  643 1202  0  0 100  0  0
 0  0 159756 7649312  10908 5084544    0    0     0     0  635 1208  0  0 100  0  0
 0  0 159756 7649328  10908 5084508    0    0     0     0  671 1210  0  0 100  0  0
 0  0 159756 7649180  10908 5084492    0    0     0     0  798 1215  0  0 100  0  0
 2  0 159756 7650080  10908 5084456    0    0     0     0  620 1204  0  0 100  0  0
 0  0 159756 7649684  10916 5084440    0    0     0    28  652 1260  0  0 99  0  0
 0  0 159756 7649436  10916 5084440    0    0     0   362  648 1193  0  0 100  0  0
procs -----------memory---------- ---swap-- -----io---- -system-- -----cpu------
 r  b   swpd   free   buff  cache   si   so    bi    bo   in   cs us sy id wa st
 0  0 159756 7649816  10916 5084428    0    0     0     0  666 1233  0  0 100  0  0
 0  0 159756 7650212  10916 5084424    0    0     0     0  629 1185  0  0 100  0  0
 0  0 159756 7650304  10916 5084412    0    0     0    12  625 1195  0  0 100  0  0
 0  0 159756 7650312  10916 5084400    0    0     0     0  617 1192  0  0 100  0  0
 0  0 159756 7650436  10916 5084404    0    0     0     0  602 1159  0  0 100  0  0
 8  0 159756 8009624  10924 4724436    0    0     0    30 1186 2200  5  0 95  0  0
10  0 159756 7874800  10924 4698960    0    0     0     0 14891 9667 73  3 24  0  0
 9  0 159756 7729596  10924 4698884    0    0     0    20 17307 17811 68  3 29  0  0
11  0 159756 7631380  10924 4698840    0    0     0     0 16566 18758 71  3 26  0  0
11  0 159756 7471428  10924 4698820    0    0     0     0 15581 17242 69  2 29  0  0
10  0 159756 7364772  10924 4698696    0    0     0     0 15752 17969 77  3 20  0  0
12  0 159756 7191948  10924 4698656    0    0     0     0 14352 18477 87  3  9  0  0
14  0 159756 7113952  10924 4698592    0    0     0     0 5082 7563 95  3  3  0  0
 9  0 159756 7080084  10936 4698588    0    0     0   210 4515 6484 87  2 11  0  0
10  0 159756 7056532  10936 4698616    0    0     0     6 5654 8387 81  2 17  0  0
11  0 159756 7017820  10936 4698644    0    0     0     0 13733 17887 76  2 21  0  0
 8  0 159756 6926200  10936 4698644    0    0     0     0 8286 10795 78  2 20  0  0
 6  0 159756 6890596  10936 4698664    0    0     0     6 14845 18471 43  2 55  0  0
 6  0 159756 6836192  10936 4698652    0    0     0     0 12947 16782 47  1 51  0  0
 5  0 159756 6708448  10936 4698648    0    0     0     6 14400 18315 46  1 52  0  0
 6  0 159756 6680572  10944 4698600    0    0     0   102 15299 17713 47  2 52  0  0
procs -----------memory---------- ---swap-- -----io---- -system-- -----cpu------
 r  b   swpd   free   buff  cache   si   so    bi    bo   in   cs us sy id wa st
 2  0 159756 6623300  10944 4698604    0    0     0     0 13849 18162 28  1 71  0  0
 2  0 159756 6557480  10944 4698608    0    0     0   108 13609 17260 12  1 88  0  0
 4  0 159756 6602400  10944 4698612    0    0     0     0 8128 10744 28  1 72  0  0
 4  0 159756 6604260  10944 4698600    0    0     0    20 1840 2843 28  0 71  0  0
 4  0 159756 6457700  10944 4698588    0    0     0     0 5598 7606 26  1 73  0  0
 3  0 159756 6478052  10944 4698588    0    0     0     0 4969 6571 30  1 69  0  0
 1  0 159756 6477696  10944 4698588    0    0     0     2 1384 2150 13  0 87  0  0
 1  0 159756 6477424  10952 4698596    0    0     0    40 1131 1773  8  0 91  0  0
 0  0 159756 6477844  10952 4698596    0    0     0     0  990 1678  6  0 94  0  0
 1  0 159756 6477984  10952 4698592    0    0     0     0  657 1212  0  0 100  0  0
 0  0 159756 6478224  10952 4698528    0    0     0     0  640 1188  0  0 100  0  0
 0  1 159756 6476216  11036 4700280    0    0   960     8  721 1340  0  0 98  1  0
 0  0 159756 6476016  11080 4700772    0    0   246     0  874 1376  0  0 99  1  0
 0  0 159756 6476000  11080 4700776    0    0     0    12  607 1163  0  0 100  0  0
 0  0 159756 6476140  11092 4700748    0    0     0    50  680 1229  0  0 99  0  0
 0  0 159756 6476816  11092 4700768    0    0     0     0  664 1228  0  0 100  0  0
 0  0 159756 6476916  11092 4700744    0    0     0     8  648 1189  0  0 100  0  0
 0  0 159756 6477040  11092 4700744    0    0     0     0  621 1182  0  0 100  0  0
 1  0 159756 6476668  11092 4700724    0    0     0     8  720 1260  0  0 100  0  0
 0  0 159756 6476668  11092 4700720    0    0     0     0  659 1213  0  0 100  0  0
 7  0 159756 6421228  11096 4700812    0    0     0     0 7161 3291 24  1 76  0  0
procs -----------memory---------- ---swap-- -----io---- -system-- -----cpu------
 r  b   swpd   free   buff  cache   si   so    bi    bo   in   cs us sy id wa st
 7  0 159756 6272784  11096 4700836    0    0     0    10 17327 11905 60  2 38  0  0
 7  0 159756 6243132  11104 4700836    0    0     0    98 17438 12277 60  2 39  0  0
 7  0 159756 6150512  11108 4700840    0    0     2    40 15483 18771 60  2 38  0  0
 6  0 159756 5988204  11184 4776628    0    0     0     0 15274 17092 43  2 56  0  0
 9  0 159756 5851904  11192 4779472    0    0     0     0 16075 17343 55  2 43  0  0
 8  0 159756 5685356  11224 4805944    0    0     0     0 14398 13364 55  2 43  0  0
 9  0 159756 5507284  11224 4805944    0    0     0     0 13999 17056 67  2 30  0  0
 9  0 159756 5388740  11256 4832544    0    0     0    10 13944 15954 73  2 24  0  0
10  1 159756 5279744  11264 4829392    0    0     0 62792 10041 11813 66  2 30  2  0
 5  0 159756 5083700  11300 4855948    0    0     0     0 15246 14941 61  2 37  0  0
10  0 159756 5003100  11388 4935508    0    0     0     6 13996 17829 20  1 79  0  0
 8  0 159756 4925104  11392 4935672    0    0     0     0 7693 7693 69  2 29  0  0
 7  0 159756 4751744  11392 4935676    0    0     0    10 14578 13470 63  2 35  0  0
 7  0 159756 4638044  11392 4935676    0    0     0     0 14427 14035 48  1 51  0  0
 5  0 159756 4531832  11392 4935680    0    0     0     0 13642 17373 42  1 56  0  0
 3  0 159756 4550812  11392 4935676    0    0     0    24 8456 10831 30  1 69  0  0
 5  0 159756 4393464  11400 4933116    0    0     0 50592 2294 2720 32  1 65  3  0
 1  0 159756 4393472  11400 4933108    0    0     0    10 1372 2032 10  0 89  0  0
 1  0 159756 4393628  11400 4933080    0    0     0     0 1806 2645  8  0 91  0  0
 1  0 159756 4413360  11400 4933064    0    0     0     0 13022 16200  4  1 95  0  0
 1  0 159756 4241868  11400 4933056    0    0     0     0 12821 15832 14  1 85  0  0
procs -----------memory---------- ---swap-- -----io---- -system-- -----cpu------
 r  b   swpd   free   buff  cache   si   so    bi    bo   in   cs us sy id wa st
 4  0 159756 4285276  11400 4933012    0    0     0     0 2491 3490 16  1 84  0  0
 2  0 159756 4285640  11400 4932980    0    0     0     2 1424 2129 16  1 83  0  0
 1  0 159756 4274240  11424 4944868    0    0     0    38 1329 2087 16  0 83  0  0
 1  0 159756 4101012  11472 4986132    0    0     0     0 1529 1961 15  1 84  0  0
 2  0 159756 4099764  11472 4986132    0    0     0   250 1127 1707  7  0 92  0  0
 2  0 159756 4099400  11472 4986132    0    0     0     0  668 1186  0  0 100  0  0
 0  0 159756 4099772  11472 4986132    0    0     0    12  637 1199  0  0 100  0  0
 0  0 159756 4099672  11472 4986132    0    0     0     0  626 1186  0  0 100  0  0
 0  0 159756 4099680  11472 4986132    0    0     0     0  618 1207  0  0 100  0  0
 0  0 159756 4099432  11472 4986132    0    0     0     0  649 1211  0  0 100  0  0
 9  0 159756 4478252  11484 4522076    0    0     0   224 8909 9906 65  2 33  0  0
10  0 159756 4341720  11484 4522060    0    0     0    12 14782 18232 77  3 20  0  0
11  0 159756 4197136  11484 4521964    0    0     0     0 15944 19487 80  3 17  0  0
10  0 159756 4006796  11484 4521888    0    0     0     0 8335 10514 89  3  8  0  0
10  0 159756 3860972  11484 4521820    0    0     0    10 13309 15350 77  3 21  0  0
21  0 159756 3863104  11484 4521812    0    0     0     0 15642 19595 85  3 12  0  0
18  0 159756 3813544  11484 4521808    0    0     0     0 4800 7225 89  2  9  0  0
10  0 159756 3805004  11492 4521812    0    0     0    98 4603 6660 84  2 14  0  0
 9  0 159756 3775740  11492 4521848    0    0     0     0 15241 17073 70  2 28  0  0
29  0 159756 3632496  11492 4522264    0    0     0     0 15001 18453 80  3 17  0  0
 9  0 159756 3557972  11492 4522228    0    0     0     0 16315 10058 82  3 15  0  0
procs -----------memory---------- ---swap-- -----io---- -system-- -----cpu------
 r  b   swpd   free   buff  cache   si   so    bi    bo   in   cs us sy id wa st
10  0 159756 3491020  11492 4522220    0    0     0     8 15814 18758 76  2 22  0  0
24  0 159756 3395656  11492 4522112    0    0     0     0 15722 19308 70  3 27  0  0
 8  0 159756 3345600  11492 4522104    0    0     0     0 14783 17895 69  2 29  0  0
 5  0 159756 3305928  11492 4522036    0    0     0    16 6513 9300 56  1 43  0  0
 3  0 159756 3264900  11500 4522032    0    0     0    72 12110 15930 26  1 73  0  0
 1  0 159756 3264380  11500 4522032    0    0     0   144 1799 2532 21  0 79  0  0
 1  0 159756 3264908  11500 4521976    0    0     0     0 1522 1910 11  0 89  0  0
 1  0 159756 3264368  11500 4521972    0    0     0     0 9026 1806 14  1 86  0  0
 0  0 159756 3264856  11500 4521924    0    0     0    12 4654 1810  7  0 92  0  0
 0  0 159756 3265592  11500 4521880    0    0     0     0 1013 1181  0  0 100  0  0
 0  0 159756 3265972  11500 4521876    0    0     0    10  696 1194  0  0 100  0  0
 0  0 159756 3265740  11508 4521872    0    0     0    46  653 1200  0  0 100  0  0
 0  0 159756 3265740  11508 4521868    0    0     0     0  650 1210  0  0 100  0  0
 0  0 159756 3266368  11508 4521844    0    0     0     0  728 1204  0  0 100  0  0
 0  0 159756 3266236  11508 4521836    0    0     0     0  633 1192  0  0 100  0  0
 0  0 159756 3266492  11508 4521840    0    0     0     0  629 1197  0  0 100  0  0
 1  0 159756 3266756  11508 4521796    0    0     0     0  637 1186  0  0 100  0  0
 0  0 159756 3266748  11508 4521784    0    0     0     0  639 1193  0  0 100  0  0
 0  0 159756 3266896  11508 4521760    0    0     0     8  657 1249  0  0 100  0  0
 0  0 159756 3266424  11516 4521752    0    0     0    34  665 1233  0  0 99  0  0
 0  0 159756 3266416  11516 4521732    0    0     0    14  616 1215  0  0 100  0  0
procs -----------memory---------- ---swap-- -----io---- -system-- -----cpu------
 r  b   swpd   free   buff  cache   si   so    bi    bo   in   cs us sy id wa st
 0  0 159756 3267036  11516 4521728    0    0     0     0  622 1205  0  0 100  0  0
 8  0 159756 3181324  11520 4521824    0    0     0     0 7451 8590 51  2 48  0  0
 9  0 159756 3075428  11520 4521820    0    0     0     0 16495 13117 68  2 30  0  0
 5  0 159756 2968912  11532 4526844    0    0     0     0 15619 11827 65  2 33  0  0
12  0 159756 2781424  11616 4599244    0    0     0    58 14471 16810 29  2 70  0  0
 8  1 159756 2716192  11624 4597340    0    0     0 37386 16294 18067 67  2 29  2  0
11  0 159756 2570484  11660 4623784    0    0     0     0 15094 17317 37  1 61  0  0
 7  0 159756 2472516  11660 4623796    0    0     0    92 16120 17896 58  1 41  0  0
 8  0 159756 2388956  11660 4623808    0    0     0     0 15349 17292 62  1 37  0  0
 7  0 159756 2236792  11660 4623808    0    0     0     2 14901 18457 66  2 32  0  0
 3  0 159756 2115148  11680 4639496    0    0     0     0 14685 17676 58  2 41  0  0
 1  0 159756 1996720  11800 4732848    0    0     4     0 5984 7957 17  1 82  0  0
 3  0 159756 1750440  11868 4784184    0    0     4     6 2378 2377 34  1 65  0  0
 1  0 159756 1754804  11876 4779676    0    0     0 88732 1189 1137  9  0 86  5  0
 1  0 159756 1754208  11876 4779444    0    0     0     0  904 1075  8  0 91  0  0
 1  0 159756 1908092  11876 4623812    0    0     0     0 2924 2243 17  1 83  0  0
 7  0 159756 1902876  11880 4625588    0    0     0     0 14559 8760 79  2 19  0  0
10  0 159756 1849300  11940 4675708    0    0     0    16 13525 7315 47  1 52  0  0
19  0 159756 1855756  11944 4676060    0    0     0     0 9345 9170 78  1 21  0  0
 9  0 159756 1856376  11944 4676060    0    0     0     0 3564 4829 78  1 21  0  0
 5  1 159756 1824392  11996 4703620    0    0     2 38106 6369 3935 53  1 44  2  0
procs -----------memory---------- ---swap-- -----io---- -system-- -----cpu------
 r  b   swpd   free   buff  cache   si   so    bi    bo   in   cs us sy id wa st
 4  0 159756 1777676  12024 4753800    0    0     0     0 11163 2733 23  1 76  0  0
 3  0 159756 1777328  12024 4753804    0    0     0    16 1731 2663 30  0 70  0  0
 2  0 159756 1777740  12024 4753812    0    0     0     0 1563 2363 17  0 82  0  0
 0  0 159756 1777972  12024 4753812    0    0     0    10 1241 1916  9  0 91  0  0
 0  0 159756 1778632  12024 4753812    0    0     0     0  632 1194  0  0 100  0  0
 0  0 159756 1778748  12024 4753796    0    0     0     0  637 1213  0  0 100  0  0
 2  0 159756 1778772  12024 4753792    0    0     0     0  637 1200  0  0 99  0  0
 0  0 159756 1779772  12032 4752824    0    0     0 25064  671 1219  0  0 98  2  0
 0  0 159756 1779912  12032 4752792    0    0     0   328  663 1199  0  0 99  0  0
 1  0 159756 1778812  12032 4754160    0    0   768     0  645 1197  0  0 100  0  0
 0  0 159756 1776308  12040 4756200    0    0  1028     0  603 1172  0  0 100  0  0
 0  0 159756 1774580  12040 4758224    0    0  1024     6  650 1216  0  0 100  0  0
 0  0 159756 1772604  12044 4760272    0    0  1026     0  620 1183  0  0 100  0  0
 0  0 159756 1770620  12044 4762296    0    0  1024     8  639 1179  0  0 100  0  0
 0  0 159756 1768752  12048 4764340    0    0  1026     0  647 1198  0  0 100  0  0
 1  0 159756 1766412  12056 4766540    0    0  1024    30  626 1182  0  0 100  0  0
 0  0 159756 1764180  12060 4768556    0    0  1026    10  654 1204  0  0 100  0  0
 0  0 159756 1762072  12060 4771016    0    0  1280     0  651 1197  0  0 100  0  0
 0  0 159756 1760088  12064 4773000    0    0  1026    10  632 1228  0  0 100  0  0
10  0 159756 2113456  12064 4415800    0    0  1024     0 8456 10830 62  2 36  0  0
12  0 159756 2112712  12068 4417844    0    0  1026     0 15557 19820 83  3 15  0  0
procs -----------memory---------- ---swap-- -----io---- -system-- -----cpu------
 r  b   swpd   free   buff  cache   si   so    bi    bo   in   cs us sy id wa st
12  0 159756 2110952  12068 4419816    0    0  1024     0 8100 11521 91  3  6  0  0
 9  0 159756 2109332  12072 4421428    0    0   770     0 3630 6082 93  2  5  0  0
10  0 159756 2106620  12084 4423384    0    0  1024   200 14766 16761 62  2 36  0  0
10  0 159756 2105528  12088 4425640    0    0  1026     0 13155 15795 81  2 16  0  0
12  0 159756 2099252  12088 4427832    0    0  1154     0 16843 14965 72  2 26  0  0
11  0 159756 2101236  12092 4429900    0    0  1026     6 15592 18100 79  3 18  0  0
11  0 159756 2094772  12092 4431976    0    0  1024     0 14934 12516 91  3  6  0  0
10  0 159756 2096376  12096 4434036    0    0  1026     2 12048 11176 83  2 15  0  0
11  0 159756 2094276  12096 4436100    0    0  1024     0 15840 18202 78  2 19  0  0
 6  0 159756 2092044  12112 4438180    0    0  1026    94 8727 10936 80  2 18  0  0
 5  0 159756 2089308  12112 4440220    0    0  1024   106 14575 17773 46  1 52  0  0
 6  0 159756 2087620  12116 4442256    0    0  1026     0 15107 18266 46  2 53  0  0
 2  0 159756 2085900  12116 4444156    0    0  1024    10 14006 18498 28  1 71  0  0
 2  0 159756 2083512  12120 4446196    0    0  1026     0 13601 18382 17  1 83  0  0
 2  0 159756 2061000  12120 4448404    0    0  1024     0 13502 17950 18  1 81  0  0
 3  0 159756 2079500  12124 4450296    0    0  1026    24 13605 18115 17  1 82  0  0
 3  0 159756 2094512  12124 4452344    0    0  1024     0 11632 15496 25  1 75  0  0
 4  0 159756 2092676  12136 4454328    0    0  1026    44 1820 2696 28  0 72  0  0
15  0 159756 2091064  12140 4456576    0    0  1024     0 9685 2739 30  1 69  0  0
 1  0 159756 2089840  12144 4458484    0    0  1026     0 4634 2293 16  0 84  0  0
 0  0 159756 2087972  12144 4460468    0    0  1024     6 1084 1719  7  0 93  0  0
procs -----------memory---------- ---swap-- -----io---- -system-- -----cpu------
 r  b   swpd   free   buff  cache   si   so    bi    bo   in   cs us sy id wa st
 0  0 159756 2085756  12148 4462484    0    0  1026     0  655 1224  0  0 100  0  0
 0  0 159756 2083564  12148 4464536    0    0  1024     8  731 1234  0  0 100  0  0
 0  0 159756 2081432  12152 4466552    0    0  1026     0  675 1225  0  0 100  0  0
 0  0 159756 2079332  12152 4468756    0    0  1024     0  739 1217  0  0 100  0  0
 0  0 159756 2077588  12164 4470768    0    0  1026    44  669 1202  0  0 99  0  0
 1  0 159756 2075480  12164 4472816    0    0  1024     0  645 1168  0  0 100  0  0
 0  0 159756 2073752  12168 4474860    0    0  1026     6  652 1184  0  0 100  0  0
 0  0 159756 2071676  12168 4476908    0    0  1024     0  735 1260  0  0 100  0  0
 0  0 159756 2069568  12172 4478800    0    0  1026     0  701 1236  0  0 100  0  0
 1  0 159756 2067708  12172 4480852    0    0  1024     8  638 1208  0  0 100  0  0
 0  0 159756 2065972  12176 4482896    0    0  1026     0  618 1185  0  0 100  0  0
11  0 159756 2058232  12224 4485896    0    0  1046    30 2422 3420 28  1 71  0  0
 8  0 159756 2047816  12236 4487948    0    0  1026   122 16402 11690 69  2 29  0  0
 8  0 159756 2044840  12236 4489496    0    0   768     0 17896 15607 66  2 32  0  0
 9  0 159756 2048560  12236 4491540    0    0  1024     2 17360 17867 72  2 26  0  0
10  0 159756 2046204  12244 4494024    0    0  1030     0 15714 19357 67  2 31  0  0
11  0 159756 2044096  12244 4496220    0    0  1024     6 15093 19969 80  2 17  0  0
12  0 159756 2042236  12248 4498272    0    0  1026     0 7472 10581 89  2  9  0  0
12  0 159756 2040500  12248 4500376    0    0  1024     0 5177 7423 91  2  7  0  0
 8  0 159756 2034548  12260 4502628    0    0  1026   168 4355 6050 92  2  6  0  0
 4  0 159756 2019908  12264 4504724    0    0  1024     0 16931 14601 33  1 66  0  0
procs -----------memory---------- ---swap-- -----io---- -system-- -----cpu------
 r  b   swpd   free   buff  cache   si   so    bi    bo   in   cs us sy id wa st
 6  0 159756 2017700  12268 4506780    0    0  1026     0 13780 18100 24  1 75  0  0
 3  0 159756 2016252  12268 4508844    0    0  1024     0 12846 17186 21  1 78  0  0
 3  0 159756 2014516  12272 4510740    0    0  1026     0 1833 2627 25  0 74  0  0
 3  0 159756 2013160  12272 4512940    0    0  1024     8 1593 2604 25  0 75  0  0
 2  0 159756 2011092  12276 4514840    0    0  1026     0 1532 2468 23  0 77  0  0
 0  0 159756 2009288  12276 4516900    0    0  1024    10 1357 1995 10  0 90  0  0
 0  0 159756 2006692  12288 4519092    0    0  1026   128  783 1233  0  0 99  0  0
 0  0 159756 2004980  12288 4520996    0    0  1024     0  688 1216  0  0 100  0  0
 0  0 159756 2003128  12292 4523040    0    0  1026   136  640 1171  0  0 100  0  0
 0  0 159756 2001144  12292 4525088    0    0  1024     0  632 1177  0  0 100  0  0
 1  0 159756 2001532  12292 4525492    0    0   128     2  614 1136  0  0 100  0  0
 0  0 159756 2001276  12292 4525492    0    0     0     0  705 1171  0  0 100  0  0
 0  0 159756 2001052  12292 4525496    0    0     0     0  723 1161  0  0 100  0  0
 0  0 159756 2001424  12292 4525496    0    0     0     6  603 1127  0  0 100  0  0
 0  0 159756 2001308  12300 4525496    0    0     0    42  615 1169  0  0 99  0  0
 0  0 159756 2001432  12300 4525504    0    0     0     6  611 1176  0  0 100  0  0
 0  0 159756 2001672  12300 4525504    0    0     0     0  627 1167  0  0 99  0  0
 0  0 159756 2001548  12300 4525504    0    0     0     0  596 1175  0  0 100  0  0
 0  0 159756 2001300  12300 4525508    0    0     0     0  585 1136  0  0 100  0  0
 1  0 159756 2001300  12300 4525508    0    0     0     0  593 1143  0  0 100  0  0
 0  0 159756 2001324  12300 4525500    0    0     0     6  602 1175  0  0 100  0  0
procs -----------memory---------- ---swap-- -----io---- -system-- -----cpu------
 r  b   swpd   free   buff  cache   si   so    bi    bo   in   cs us sy id wa st
 2  0 159756 2000836  12308 4525960    0    0   206    70 1019 1978  2  0 98  0  0
 8  0 159756 1991476  12308 4526860    0    0    90     0 9994 8049 52  2 46  0  0
 8  0 159756 1994204  12308 4526832    0    0     0    22 18451 18996 66  2 32  0  0
 9  0 159756 1995180  12308 4526820    0    0     0     0 16459 20519 74  3 24  0  0
10  0 159756 1998032  12308 4527052    0    0     0     0 16263 19478 74  3 24  0  0
10  0 159756 1995180  12308 4527480    0    0     0     0 15777 11172 84  2 14  0  0
15  0 159756 1996924  12308 4527484    0    0     0     0 15476 19680 86  3 11  0  0
11  0 159756 1996800  12308 4527568    0    0     0    82 9601 11969 89  2  8  0  0
 5  0 159756 1991220  12320 4527900    0    0     0   278 13828 15050 78  3 19  0  0
 5  0 159756 1995056  12324 4527968    0    0     0   122 15707 12398 36  1 63  0  0
 5  0 159756 1995668  12324 4527968    0    0     0     0 14134 17912 34  1 65  0  0
 4  0 159756 1996552  12324 4528000    0    0     0     0 11141 14490 33  1 66  0  0
 3  0 159756 1996692  12324 4528016    0    0     0    10 1953 2888 26  0 74  0  0
 2  0 159756 1996600  12324 4528016    0    0     0     0 1681 2721 26  0 74  0  0
 1  0 159756 1996732  12328 4528036    0    0     0     0 1447 2209 14  0 86  0  0
 1  0 159756 1997220  12328 4528044    0    0     0     0  936 1499  3  0 97  0  0
 0  0 159756 1996616  12336 4528048    0    0     0   236  726 1218  0  0 99  1  0
 0  0 159756 1997244  12336 4528048    0    0     0     6  725 1260  0  0 100  0  0
 0  0 159756 1997500  12336 4528052    0    0     0     0  613 1193  0  0 99  0  0
 1  0 159756 1997880  12336 4528052    0    0     0    22  663 1196  0  0 100  0  0
 0  0 159756 1998036  12336 4528036    0    0     0     0  650 1207  0  0 100  0  0
procs -----------memory---------- ---swap-- -----io---- -system-- -----cpu------
 r  b   swpd   free   buff  cache   si   so    bi    bo   in   cs us sy id wa st
 0  0 159756 1998160  12336 4528036    0    0     0     0  694 1229  0  0 100  0  0
 0  0 159756 1998160  12336 4528044    0    0     0     0  614 1197  0  0 100  0  0
 0  0 159756 1998556  12344 4528052    0    0     0    34  639 1200  0  0 99  0  0
 1  0 159756 1998308  12344 4528052    0    0     0     0  652 1216  0  0 100  0  0
 0  0 159756 1998184  12344 4528048    0    0     0     0  654 1211  0  0 100  0  0
 1  0 159756 1998036  12344 4528048    0    0     0     0  604 1179  0  0 100  0  0
 0  0 159756 1998044  12344 4528044    0    0     0     8  612 1221  0  0 100  0  0
 1  0 159756 1998036  12344 4528040    0    0     0     0  599 1202  0  0 100  0  0
 2  0 159756 1998260  12344 4528040    0    0     0     6  582 1153  0  0 99  0  0
10  0 159756 1992396  12344 4528896    0    0     0     0 10280 8315 60  2 38  0  0
 8  0 159756 1991776  12352 4528900    0    0     0   116 16511 18637 69  2 28  0  0
10  0 159756 1993760  12352 4528900    0    0     0   132 16732 20406 72  3 25  0  0
 7  0 159756 1994560  12356 4529220    0    0     0     0 17354 19985 78  3 19  0  0
12  0 159756 1993404  12356 4529484    0    0     0     6 17580 17803 74  2 24  0  0
20  0 159756 1995156  12356 4529560    0    0     0     0 13460 12740 93  3  4  0  0
14  0 159756 1994908  12356 4529628    0    0     0     0 6178 8217 93  2  5  0  0
 5  0 159756 1991684  12360 4529852    0    0     0    20 15249 15347 73  2 25  0  0
 2  0 159756 1990808  12360 4529968    0    0     0     0 17184 14201 35  1 64  0  0
 2  0 159756 1994188  12372 4530020    0    0     0   328 14802 13829 19  1 81  0  0
 3  0 159756 1995088  12372 4530016    0    0     0     0 5156 7058 24  0 76  0  0
 3  0 159756 1994856  12372 4530028    0    0     0     0 1735 2454 20  0 79  0  0
procs -----------memory---------- ---swap-- -----io---- -system-- -----cpu------
 r  b   swpd   free   buff  cache   si   so    bi    bo   in   cs us sy id wa st
 1  0 159756 1992012  12372 4530024    0    0     0     0 2753 3978 16  0 83  0  0
 1  0 159756 1992020  12372 4530036    0    0     0     0 11241 13149 10  1 89  0  0
 1  0 159756 1992308  12372 4530044    0    0     0     8 1334 1850 10  0 90  0  0
 1  0 159756 1992564  12372 4530044    0    0     0     0 1055 1730  8  0 91  0  0
 1  0 159756 1993060  12372 4530044    0    0     0     0 1029 1713  8  0 91  0  0
 1  0 159756 1993804  12380 4530060    0    0     0   134  905 1483  3  0 96  0  0
 0  0 159756 1993564  12380 4530048    0    0     0     0  661 1221  0  0 100  0  0
 0  0 159756 1993844  12380 4530060    0    0     0     0  694 1163  0  0 100  0  0
 0  0 159756 1994084  12380 4530060    0    0     0     0  726 1230  0  0 100  0  0
 1  0 159756 1994620  12380 4530052    0    0     0     0  640 1209  0  0 100  0  0
 0  0 159756 1994464  12380 4530068    0    0     0     8  827 1487  1  0 99  0  0
 8  0 159756 1988136  12380 4530892    0    0     0     0 11651 9781 59  2 40  0  0
 8  0 159756 1988384  12388 4530896    0    0     0   270 16880 19069 64  2 33  0  0
 9  0 159756 1990244  12388 4530900    0    0     0     0 16456 20275 66  2 32  0  0
10  0 159756 1985160  12396 4531552    0    0     0     0 16273 18260 71  3 27  0  0
14  0 159756 1988368  12396 4531560    0    0     0     0 14807 6806 82  2 16  0  0
10  0 159756 1992220  12396 4531560    0    0     0     0 15950 20033 82  2 16  0  0
13  0 159756 1992468  12396 4531556    0    0     0     0 6468 9061 93  2  4  0  0
 2  0 159756 1989236  12408 4531912    0    0     2     0 11102 12297 65  1 33  0  0
 3  0 159756 1987756  12412 4531964    0    0     0     0 16833 15988 19  1 81  0  0
 4  0 159756 1991756  12420 4531972    0    0     0   316 16322 13196 28  1 71  1  0
procs -----------memory---------- ---swap-- -----io---- -system-- -----cpu------
 r  b   swpd   free   buff  cache   si   so    bi    bo   in   cs us sy id wa st
 2  0 159756 1992640  12420 4532000    0    0     0     0 13462 18067 20  1 79  0  0
 4  0 159756 1992888  12420 4532000    0    0     0    12 7246 9829 27  1 72  0  0
 4  0 159756 1993752  12420 4532012    0    0     0     0 2100 3082 30  0 70  0  0
 2  0 159756 1993636  12420 4532024    0    0     0     0 1703 2485 19  0 80  0  0
 0  0 159756 1993140  12420 4532012    0    0     0     4 1725 2471 17  0 82  0  0
 0  0 159756 1993644  12420 4532044    0    0     0     0  740 1256  0  0 100  0  0
 0  0 159756 1993900  12420 4532036    0    0     0    10  657 1238  0  0 100  0  0
 0  0 159756 1994296  12428 4532020    0    0     0   142  661 1206  0  0 99  0  0
 0  0 159756 1995048  12428 4532020    0    0     0     0  672 1207  0  0 100  0  0
 0  0 159756 1994784  12428 4532024    0    0     0   188  780 1208  0  0 100  0  0
 1  0 159756 1994420  12428 4532028    0    0     0     0  646 1167  0  0 100  0  0
 0  0 159756 1994304  12428 4532024    0    0     0     0  663 1197  0  0 100  0  0
 0  0 159756 1994444  12428 4532020    0    0     0     0  673 1189  0  0 100  0  0
 1  0 159756 1994932  12428 4532016    0    0     0     0  636 1163  0  0 100  0  0
 2  0 159756 1993276  12428 4532860    0    0     0     0 1350 2345  4  0 96  0  0
 9  0 159756 1986952  12436 4532868    0    0     0   112 13550 7431 20  1 79  0  0
 8  0 159756 1989060  12436 4532872    0    0     0     6 15781 18020 66  2 32  0  0
 9  0 159756 1967360  12436 4532876    0    0     0     0 15697 20503 72  2 26  0  0
12  0 159756 1983480  12436 4532876    0    0     0    10 17254 20251 80  3 17  0  0
16  0 159756 1986580  12448 4533536    0    0     0     0 15275 6878 66  2 32  0  0
11  0 159756 1990284  12448 4533540    0    0     0     0 10021 11048 85  2 13  0  0
procs -----------memory---------- ---swap-- -----io---- -system-- -----cpu------
 r  b   swpd   free   buff  cache   si   so    bi    bo   in   cs us sy id wa st
13  0 159756 1990152  12448 4533616    0    0     0     2 12083 15281 90  3  7  0  0
12  0 159756 1986300  12448 4533692    0    0     0     0 10333 8496 94  2  4  0  0
 4  0 159756 1986532  12460 4533952    0    0     0   238 14838 18329 42  2 55  0  0
 4  0 159756 2003776  12460 4533972    0    0     0     0 14728 18472 32  1 67  0  0
 3  0 159756 2007312  12460 4533968    0    0     0     0 8965 11404 26  1 74  0  0
 3  0 159756 2007188  12464 4534012    0    0     0    20 1839 2799 26  0 74  0  0
 3  0 159756 2006988  12464 4534020    0    0     0     0 1659 2538 20  0 80  0  0
 1  0 159756 2006864  12464 4534032    0    0     0     0 1357 2042 12  0 88  0  0
 0  0 159756 2007236  12464 4534044    0    0     0     0  892 1412  1  0 99  0  0
 0  0 159756 2007632  12472 4534036    0    0     0   234  735 1229  0  0 99  1  0
 0  0 159756 2008128  12472 4534036    0    0     0   176  726 1228  0  0 100  0  0
 0  0 159756 2007888  12472 4534028    0    0     0     0  659 1227  0  0 100  0  0
 0  0 159756 2008252  12472 4534032    0    0     0    12  657 1206  0  0 100  0  0
 1  0 159756 2008376  12472 4534028    0    0     0     0  611 1168  0  0 100  0  0
 0  0 159756 2008648  12472 4534036    0    0     0     0  606 1184  0  0 100  0  0
 0  0 159756 2009152  12472 4534032    0    0     0    10  612 1175  0  0 100  0  0
 0  0 159756 2008904  12472 4534040    0    0     0     0  632 1208  0  0 100  0  0
 0  0 159756 2008780  12480 4534040    0    0     0    38  642 1208  0  0 99  0  0
 0  0 159756 2008648  12480 4534044    0    0     0     0  591 1151  0  0 100  0  0
 0  0 159756 2008764  12480 4534048    0    0     0     0  613 1187  0  0 100  0  0
 0  0 159756 2008904  12480 4534044    0    0     0     6  628 1237  0  0 100  0  0
procs -----------memory---------- ---swap-- -----io---- -system-- -----cpu------
 r  b   swpd   free   buff  cache   si   so    bi    bo   in   cs us sy id wa st
 0  0 159756 2008780  12480 4534040    0    0     0     0  661 1243  0  0 99  0  0
 0  0 159756 2009276  12480 4534040    0    0     0    18  633 1225  0  0 100  0  0
 0  0 159756 2008772  12480 4534044    0    0     0     0  628 1209  0  0 100  0  0
 0  0 159756 2008640  12480 4534044    0    0     0     0  645 1216  0  0 100  0  0
 0  0 159756 2008408  12488 4534028    0    0     0    20  628 1202  0  0 99  0  0
 0  0 159756 2003552  12488 4534720    0    0     0     0 6634 5151  4  1 95  0  0
 9  0 159756 2003048  12488 4534868    0    0     0     0 15968 20153 68  2 30  0  0
10  0 159756 2002792  12488 4534868    0    0     0     0 16299 20513 79  3 19  0  0
14  0 159756 2006140  12488 4534864    0    0     0     0 11845 11660 89  3  8  0  0
 7  0 159756 2005264  12496 4535252    0    0     0    10 13356 6264 77  3 20  0  0
11  0 159756 2005132  12496 4535636    0    0     0     0 13009 15885 81  2 17  0  0
11  0 159756 2004868  12496 4535492    0    0     0    10 15322 20642 78  3 19  0  0
10  0 159756 2002892  12508 4534744    0    0     2   400 8358 7590 91  3  7  0  0
 4  0 159756 2000992  12508 4534856    0    0     0     0 17510 17259 60  2 38  0  0
 4  0 159756 2004928  12508 4534888    0    0     0    14 14555 18522 32  1 67  0  0
 3  0 159756 2005364  12508 4534860    0    0     0     0 11411 15095 33  1 66  0  0
 3  0 159756 2007356  12508 4534872    0    0     0    16 1739 2756 26  0 74  0  0
 2  0 159756 2007488  12508 4534888    0    0     0     0 1800 2659 24  1 75  0  0
 3  0 159756 2007900  12508 4534832    0    0     0     0 1321 2207 17  0 83  0  0
 0  0 159756 2008528  12508 4534844    0    0     0    10 1223 1696  5  0 95  0  0
 1  0 159756 2008876  12516 4534844    0    0     0   296  704 1212  0  0 99  0  0
procs -----------memory---------- ---swap-- -----io---- -system-- -----cpu------
 r  b   swpd   free   buff  cache   si   so    bi    bo   in   cs us sy id wa st
 0  0 159756 2009264  12516 4534844    0    0     0     0  673 1214  0  0 100  0  0
 0  0 159756 2009528  12516 4534836    0    0     0     0  637 1208  0  0 100  0  0
 0  0 159756 2009404  12516 4534836    0    0     0     0  642 1207  0  0 100  0  0
 1  0 159756 2009164  12608 4534808    0    0    26    82  738 1330  0  0 99  1  0
 0  0 159756 2009536  12608 4534856    0    0     0     0  654 1212  0  0 100  0  0
 1  0 159756 2009692  12608 4534840    0    0     0     8  635 1225  0  0 100  0  0
 0  0 159756 2009444  12608 4534840    0    0     0     0  650 1186  0  0 100  0  0
 0  0 159756 2009444  12608 4534836    0    0     0     0  636 1202  0  0 100  0  0
 0  0 159756 2009444  12608 4534836    0    0     0   242  640 1168  0  0 100  0  0
 0  0 159756 2009452  12608 4534836    0    0     0     0  662 1210  0  0 100  0  0
 0  0 159756 2004100  12608 4535560    0    0     0    74 4325 2800  6  0 93  0  0
 8  0 159756 2002100  12616 4535724    0    0     0   100 17047 15200 51  1 48  0  0
 9  0 159756 2005076  12616 4535732    0    0     0     0 16670 19468 67  2 31  0  0
10  0 159756 2004828  12616 4535732    0    0     0    16 16526 20403 77  2 20  0  0
 8  0 159756 2003588  12616 4535980    0    0     0     0 16893 14967 75  3 23  0  0
11  0 159756 2005076  12616 4536368    0    0     0     8 16231 16520 84  3 13  0  0
13  0 159756 2005324  12616 4536372    0    0     0     0 7254 10499 94  2  4  0  0
11  0 159756 2001224  12616 4536448    0    0     0     0 9701 11546 89  2  9  0  0
 8  0 159756 2001968  12616 4536812    0    0     0     0 16564 14598 70  2 28  0  0
 3  0 159756 2004076  12624 4536876    0    0     0   340 14762 17942 36  1 62  0  0
 4  0 159756 2004720  12624 4536904    0    0     0     0 10021 12616 29  1 70  0  0
procs -----------memory---------- ---swap-- -----io---- -system-- -----cpu------
 r  b   swpd   free   buff  cache   si   so    bi    bo   in   cs us sy id wa st
 3  0 159756 2005388  12624 4536920    0    0     0     0 2096 2969 28  1 72  0  0
 2  0 159756 2005264  12624 4536936    0    0     0     0 1613 2408 20  0 80  0  0
 1  0 159756 2005684  12624 4536936    0    0     0     6 1352 2197 16  0 84  0  0
 1  0 159756 2006096  12624 4536960    0    0     0     0  900 1432  2  0 98  0  0
 2  0 159756 1989316  12624 4536952    0    0     0     6 11630 15647  1  1 98  0  0
21  0 159756 1989660  12624 4536944    0    0     0     0 1086 1649  8  0 91  0  0
 2  0 159756 1989288  12632 4536940    0    0     0   150 1084 1700  9  0 90  0  0
 2  0 159756 1989816  12632 4536948    0    0     0   214 1097 1691  8  0 91  0  0
 0  0 159756 1990436  12632 4536960    0    0     0     0 1151 1554  4  0 96  0  0
 0  0 159756 1990064  12632 4536964    0    0     0    18  631 1206  0  0 99  0  0
 1  0 159756 1990320  12632 4536956    0    0     0     0  630 1198  0  0 100  0  0
 0  0 159756 1990320  12632 4536956    0    0     0     0  644 1201  0  0 100  0  0
 0  0 159756 1990700  12632 4536964    0    0     0     8  679 1185  0  0 100  0  0
 0  0 159756 1990204  12632 4536976    0    0     0     0  679 1210  0  0 100  0  0
 0  0 159756 1990460  12640 4536976    0    0     0    70  650 1232  0  0 99  0  0
 0  0 159756 1990708  12640 4536976    0    0     0     0  648 1209  0  0 100  0  0
 0  0 159756 1990956  12640 4536972    0    0     0     0  618 1195  0  0 100  0  0
 0  0 159756 1990816  12640 4536972    0    0     0     0  673 1220  0  0 100  0  0
 2  0 159756 1989672  12640 4537792    0    0     0     0 1320 2339  6  0 94  0  0
 1  0 159756 1982976  12640 4537804    0    0     0     6 15507 11299  3  0 96  0  0
 1  0 159756 1999080  12640 4537792    0    0     0     0 13104 16867  1  1 99  0  0
procs -----------memory---------- ---swap-- -----io---- -system-- -----cpu------
 r  b   swpd   free   buff  cache   si   so    bi    bo   in   cs us sy id wa st
 0  0 159756 1979372  12648 4537792    0    0     0   102 13304 17373  1  1 98  0  0
12  0 159756 1999956  12648 4537788    0    0     0    10 16810 17062 56  2 42  0  0
10  0 159756 1999716  12648 4537788    0    0     0     0 16577 12108 83  2 15  0  0
13  0 159756 1999832  12648 4537792    0    0     0     4 16475 11756 88  3 10  0  0
14  0 159756 2003156  12648 4538148    0    0     0     0 12542 6802 95  2  3  0  0
 8  0 159756 1993848  12648 4538704    0    0     0     0 14052 9316 81  2 17  0  0
 8  0 159756 1999676  12648 4538736    0    0     0    18 15960 16393 60  2 38  0  0
 8  0 159756 1999188  12648 4538688    0    0     0     0 16318 17638 65  2 33  0  0
 4  0 159756 1982208  12656 4538740    0    0     0   388 17145 14263 44  2 54  0  0
 5  0 159756 1986564  12656 4538724    0    0     0     0 5772 2686 25  0 74  0  0
 2  0 159756 1986496  12656 4538740    0    0     0     0 1675 2658 22  0 78  0  0
 1  0 159756 1986744  12656 4538712    0    0     0     0 1445 2099 12  0 87  0  0
 0  0 159756 1987016  12656 4538732    0    0     0     0  989 1582  4  0 96  0  0
 0  0 159756 1987156  12656 4538732    0    0     0     0  655 1233  0  0 99  0  0
 1  0 159756 1987164  12656 4538732    0    0     0     0  679 1215  0  0 99  0  0
 0  0 159756 1987164  12656 4538720    0    0     0     0  624 1196  0  0 99  0  0
 0  0 159756 1987784  12664 4538720    0    0     0   160  648 1181  0  0 99  0  0
 0  0 159756 1987824  12664 4538676    0    0     0     0  639 1198  0  0 99  0  0
 0  0 159756 1988436  12664 4538676    0    0     0     0  646 1197  0  0 100  0  0
 1  0 159756 1988700  12664 4538668    0    0     0     0  644 1188  0  0 100  0  0
 0  0 159756 1988700  12664 4538672    0    0     0     0  647 1203  0  0 100  0  0
procs -----------memory---------- ---swap-- -----io---- -system-- -----cpu------
 r  b   swpd   free   buff  cache   si   so    bi    bo   in   cs us sy id wa st
 0  0 159756 1989072  12664 4538628    0    0     0     2  709 1236  0  0 100  0  0
 5  0 159756 1989320  12664 4538688    0    0     0     0  920 1728  1  0 99  0  0
10  0 159756 1982828  12672 4539468    0    0     0   114 12778 14792 73  2 25  0  0
11  0 159756 1982704  12672 4539476    0    0     0     0 16249 20819 79  3 19  0  0
12  0 159756 1982208  12672 4539444    0    0     0     0 16490 19893 83  3 14  0  0
11  0 159756 1985284  12672 4540084    0    0     0    12 8735 7162 90  3  8  0  0
12  0 159756 1985284  12672 4540172    0    0     0     0 14050 18962 90  2  8  0  0
11  0 159756 1985408  12672 4540256    0    0     0     0 3630 6307 93  2  4  0  0
14  0 159756 1985276  12672 4540256    0    0     0     0 14425 17380 90  3  7  0  0
 2  0 159756 1983284  12672 4540592    0    0     0     0 11032 13727 47  1 52  0  0
 2  0 159756 1999272  12680 4540616    0    0     0   360 14125 16832 21  1 77  0  0
 4  0 159756 2000428  12680 4540632    0    0     0     0 15573 16173 24  1 75  0  0
 3  0 159756 2001684  12680 4540656    0    0     0    16 13623 5694 28  1 71  0  0
 2  0 159756 2004932  12680 4540656    0    0     0     0 3291 2678 25  0 74  0  0
 2  0 159756 2004824  12680 4540676    0    0     0     0 1598 2239 16  0 83  0  0
 0  0 159756 2004848  12684 4540704    0    0     0     0 1306 1837  7  0 93  0  0
 0  0 159756 2005336  12684 4540704    0    0     0     0  684 1194  0  0 100  0  0
 0  0 159756 2005476  12684 4540712    0    0     0     4  653 1201  0  0 100  0  0
 0  0 159756 2005392  12692 4540716    0    0     0   150  704 1200  0  0 99  0  0
 1  0 159756 2005376  12692 4540720    0    0     0     0  673 1202  0  0 100  0  0
 0  0 159756 2005632  12692 4540720    0    0     0    16  705 1205  0  0 100  0  0
procs -----------memory---------- ---swap-- -----io---- -system-- -----cpu------
 r  b   swpd   free   buff  cache   si   so    bi    bo   in   cs us sy id wa st
 0  0 159756 2005632  12692 4540724    0    0     0     0  731 1243  0  0 100  0  0
 0  0 159756 2005508  12692 4540724    0    0     0    12  636 1220  0  0 100  0  0
 1  0 159756 2005732  12692 4540724    0    0     0     0  663 1206  0  0 100  0  0
 0  0 159756 2005896  12692 4540716    0    0     0     0  604 1174  0  0 100  0  0
 0  0 159756 2005764  12692 4540716    0    0     0     2  618 1171  0  0 100  0  0
 0  0 159756 2005500  12700 4540716    0    0     0    22  633 1199  0  0 100  0  0
 8  0 159756 1997536  12700 4541580    0    0     0   128 4679 4306 33  1 66  0  0
 9  0 159756 1998776  12700 4541580    0    0     0     0 18770 17445 66  2 32  0  0
 9  0 159756 1999388  12700 4541584    0    0     0     0 15304 20174 66  2 32  0  0
 9  0 159756 1998892  12700 4541576    0    0     0    16 16003 19912 72  2 25  0  0
10  0 159756 2001280  12700 4542232    0    0     0     0 17118 19406 76  2 21  0  0
12  0 159756 2001768  12700 4542224    0    0     0     0 10703 14930 87  2 11  0  0
12  0 159756 1999536  12700 4542224    0    0     0     0 10444 5971 96  3  1  0  0
11  0 159756 1998908  12712 4542372    0    0     0   272 8655 6479 93  2  5  0  0
 3  0 159756 2001876  12716 4542620    0    0     0    16 14615 8295 35  1 64  0  0
 1  0 159756 1985888  12716 4542648    0    0     0     0 13691 17922 21  1 79  0  0
 2  0 159756 1984696  12716 4542684    0    0     0    16 13451 17968 14  1 85  0  0
 3  0 159756 1985316  12716 4542692    0    0     0     0 5454 7577 22  1 77  0  0
 3  0 159756 1985720  12716 4542696    0    0     0     0 1741 2619 25  0 75  0  0
 2  0 159756 1985372  12716 4542692    0    0     0     8 1805 2674 26  0 73  0  0
 1  0 159756 1985628  12728 4542716    0    0     0   226 1364 2119 13  0 86  0  0
procs -----------memory---------- ---swap-- -----io---- -system-- -----cpu------
 r  b   swpd   free   buff  cache   si   so    bi    bo   in   cs us sy id wa st
 0  0 159756 1985512  12728 4542736    0    0     0     0  890 1356  0  0 99  0  0
 0  0 159756 1985396  12728 4542740    0    0     0     0  614 1169  0  0 100  0  0
 1  0 159756 1985544  12728 4542748    0    0     0     0  585 1158  0  0 100  0  0
 0  0 159756 1985644  12728 4542748    0    0     0     0  604 1162  0  0 100  0  0
 0  0 159756 1986188  12728 4542744    0    0     0     0  585 1126  0  0 100  0  0
 0  0 159756 1985792  12728 4542752    0    0     0    20  630 1157  0  0 100  0  0
 1  0 159756 1986296  12728 4542732    0    0     0     0  619 1149  0  0 100  0  0
 0  0 159756 1986684  12736 4542736    0    0     0    86  606 1170  0  0 99  0  0
 0  0 159756 1986436  12736 4542732    0    0     0   172  647 1172  0  0 100  0  0
 0  0 159756 1986436  12736 4542732    0    0     0     0  628 1186  0  0 100  0  0
 0  0 159756 1986040  12736 4542728    0    0     0     0  618 1203  0  0 100  0  0
 0  0 159756 1986040  12736 4542728    0    0     0     0  627 1162  0  0 100  0  0
 0  0 159756 1986560  12736 4542720    0    0     0     0  617 1172  0  0 100  0  0
 0  0 159756 1986312  12736 4542724    0    0     0    14  579 1128  0  0 100  0  0
10  0 159756 1985628  12744 4542532    0    0     0    34 1527 2956 10  1 89  0  0
 9  0 159756 1981044  12744 4542464    0    0     0     8 14068 12426 76  2 22  0  0
13  0 159756 1981648  12744 4542464    0    0     0     0 15636 20306 75  2 22  0  0
10  0 159756 1981276  12744 4542428    0    0     0     0 15673 20610 81  3 17  0  0
10  0 159756 1981400  12744 4543056    0    0     0     0 12862 8567 87  2 11  0  0
10  0 159756 1984244  12744 4543116    0    0     0     0 15377 12470 81  2 17  0  0
11  0 159756 1984252  12744 4543124    0    0     0     8 15576 20718 81  3 16  0  0
procs -----------memory---------- ---swap-- -----io---- -system-- -----cpu------
 r  b   swpd   free   buff  cache   si   so    bi    bo   in   cs us sy id wa st
13  0 159756 1984616  12744 4543184    0    0     0     0 6621 9247 92  2  6  0  0
 3  0 159756 1980532  12752 4543468    0    0     0   426 12517 7248 50  1 48  0  0
 3  0 159756 1983508  12752 4543496    0    0     0    10 14858 16546 25  1 74  0  0
 3  0 159756 1983912  12752 4543504    0    0     0     0 13764 18393 25  1 74  0  0
 3  0 159756 1984036  12752 4543544    0    0     0     0 7798 10502 22  1 77  0  0
 3  0 159756 1984424  12752 4543528    0    0     0     0 1950 2657 25  0 75  0  0
 3  0 159756 1984324  12752 4543532    0    0     0     0 1916 2677 26  0 74  0  0
 2  0 159756 1984712  12752 4543556    0    0     0     0 1528 2281 15  0 85  0  0
 0  0 159756 1984464  12764 4543572    0    0     2   250  941 1419  1  0 99  1  0
 0  0 159756 1984720  12764 4543568    0    0     0   252  693 1243  0  0 100  0  0
 0  0 159756 1984480  12764 4543572    0    0     0     0  630 1195  0  0 100  0  0
 0  0 159756 1984736  12764 4543568    0    0     0     0  616 1168  0  0 100  0  0
 0  0 159756 1985008  12764 4543568    0    0     0    10  647 1168  0  0 100  0  0
 0  0 159756 1985504  12764 4543564    0    0     0     0  622 1161  0  0 100  0  0
 0  0 159756 1985528  12764 4543564    0    0     0     0  628 1161  0  0 100  0  0
 0  0 159756 1985504  12764 4543556    0    0     0     0  622 1165  0  0 100  0  0
 1  0 159756 1985380  12772 4543556    0    0     0    30  625 1184  0  0 99  0  0
 0  0 159756 1985380  12772 4543552    0    0     0     6  630 1199  0  0 100  0  0
17  0 159756 1976572  12772 4544364    0    0     0     0 4929 3188  8  0 91  0  0
 9  0 159756 1988204  12772 4544388    0    0     0    10 18538 15566 67  2 31  0  0
11  0 159756 1989332  12776 4544384    0    0     0     0 17637 15463 70  2 28  0  0
procs -----------memory---------- ---swap-- -----io---- -system-- -----cpu------
 r  b   swpd   free   buff  cache   si   so    bi    bo   in   cs us sy id wa st
11  0 159756 1998332  12776 4544396    0    0     0     0 16001 17128 74  2 23  0  0
10  0 159756 1997960  12776 4544792    0    0     0     0 16012 19381 71  3 26  0  0
11  0 159756 1999572  12788 4545024    0    0     0   268 15145 20447 82  2 15  0  0
11  0 159756 1999604  12788 4545104    0    0     0     0 6566 9412 90  3  7  0  0
12  0 159756 1995760  12788 4545100    0    0     0     0 14316 17405 91  3  5  0  0
 4  0 159756 1995016  12788 4545380    0    0     0     0 15807 9995 60  2 38  0  0
 4  0 159756 1997504  12788 4545424    0    0     0    18 18139 16760 26  1 73  0  0
 2  0 159756 1983136  12788 4545440    0    0     0     0 14095 17303 14  1 85  0  0
 3  0 159756 1983036  12788 4545468    0    0     0    10 6552 8773 25  1 74  0  0
 4  0 159756 1983184  12788 4545472    0    0     0     0 1885 2734 25  0 74  0  0
 4  0 159756 1983068  12796 4545472    0    0     0   236 1638 2669 25  1 74  1  0
 1  0 159756 1983308  12796 4545480    0    0     0   138 1754 2566 20  0 80  0  0
 1  0 159756 1983588  12796 4545488    0    0     0     0  870 1412  5  0 94  0  0
 0  0 159756 1984216  12796 4545488    0    0     0     6  648 1204  0  0 100  0  0
 0  0 159756 1984604  12796 4545488    0    0     0     0  815 1221  0  0 100  0  0
 0  0 159756 1984588  12796 4545488    0    0     0     0  657 1203  0  0 100  0  0
 1  0 159756 1984992  12796 4545476    0    0     0     8  637 1192  0  0 100  0  0
 0  0 159756 1985008  12804 4545476    0    0     0   114  644 1232  0  0 99  0  0
 0  0 159756 1985280  12804 4545476    0    0     0     0  619 1188  0  0 100  0  0
 0  0 159756 1985388  12804 4545488    0    0     0     0  614 1189  0  0 100  0  0
 0  0 159756 1985388  12804 4545488    0    0     0     0  616 1179  0  0 100  0  0
procs -----------memory---------- ---swap-- -----io---- -system-- -----cpu------
 r  b   swpd   free   buff  cache   si   so    bi    bo   in   cs us sy id wa st
 0  0 159756 1985264  12804 4545488    0    0     0     8  605 1154  0  0 100  0  0
 0  0 159756 1985240  12804 4545484    0    0     0     0  617 1169  0  0 100  0  0
11  0 159756 1984368  12804 4546288    0    0     0     8 1675 2796 18  1 82  0  0
10  0 159756 1978880  12804 4546320    0    0     0     0 15218 9170 77  2 21  0  0
 9  0 159756 1978788  12812 4546328    0    0     0   104 16418 19387 73  2 24  0  0
12  0 159756 1977780  12816 4546332    0    0     0     8 17027 19964 76  2 22  0  0
10  0 159756 1981376  12816 4547056    0    0     0     0 13744 15991 81  2 17  0  0
10  0 159756 1981220  12816 4547068    0    0     0    32 15899 19992 82  2 16  0  0
12  0 159756 1981252  12816 4547068    0    0     0     0 10215 13940 90  3  7  0  0
13  0 159756 1981476  12816 4547076    0    0     0     0 3948 6175 96  3  1  0  0
 3  0 159756 1978640  12816 4547452    0    0     0     6 13132 8605 45  1 54  0  0
 4  0 159756 1980972  12824 4547496    0    0     0   290 14318 16500 26  1 72  0  0
 3  0 159756 1981664  12824 4547508    0    0     0   146 13834 18399 22  1 77  0  0
 3  0 159756 1980764  12824 4547520    0    0     0     0 7023 9566 24  0 76  0  0
 3  0 159756 1981448  12824 4547516    0    0     0     0 1781 2607 25  0 75  0  0
 3  0 159756 1981812  12824 4547516    0    0     0     2 1893 2642 23  0 76  0  0
 1  0 159756 1982084  12824 4547520    0    0     0     0 1591 2120 12  0 88  0  0
 1  0 159756 1982348  12824 4547548    0    0     0    10  840 1414  0  0 99  0  0
 0  0 159756 1982240  12824 4547556    0    0     0     0  665 1232  0  0 100  0  0
 0  0 159756 1982132  12832 4547544    0    0     0   152  648 1214  0  0 99  0  0
 0  0 159756 1982528  12832 4547540    0    0     0    16  768 1226  0  0 100  0  0
procs -----------memory---------- ---swap-- -----io---- -system-- -----cpu------
 r  b   swpd   free   buff  cache   si   so    bi    bo   in   cs us sy id wa st
 1  0 159756 1982396  12832 4547540    0    0     0     0  668 1220  0  0 100  0  0
 0  0 159756 1983024  12832 4547540    0    0     0     2  636 1195  0  0 100  0  0
 0  0 159756 1983024  12832 4547548    0    0     0     0  605 1171  0  0 100  0  0
 0  0 159756 1983404  12832 4547560    0    0     0     0  645 1195  0  0 100  0  0
 0  0 159756 1983140  12832 4547560    0    0     0     2  628 1184  0  0 100  0  0
 0  0 159756 1983024  12832 4547564    0    0     0     0  637 1221  0  0 100  0  0
 0  0 159756 1983148  12840 4547568    0    0     0    44  620 1171  0  0 100  0  0
 0  0 159756 1983536  12840 4547568    0    0     0     0  586 1156  0  0 100  0  0
 0  0 159756 1983280  12840 4547560    0    0     0     0  586 1152  0  0 100  0  0
10  0 159756 1981960  12840 4548392    0    0     0    10 1792 2898 17  1 82  0  0
 8  0 159756 1972068  12840 4548432    0    0     0     0 14067 12907 62  2 36  0  0
 7  0 159756 1988428  12840 4548436    0    0     0     0 15572 19324 58  2 40  0  0
 7  0 159756 1967224  12840 4548436    0    0     0     0 15809 20072 59  2 39  0  0
 8  0 159756 1989436  12840 4548980    0    0     0     0 16894 18570 45  2 54  0  0
 9  0 159756 1988692  12848 4548980    0    0     0   282 19941 18395 70  2 28  0  0
12  0 159756 1995264  12848 4548980    0    0     0     0 18566 17959 77  3 21  0  0
12  0 159756 1996008  12848 4548988    0    0     0    16 4867 6206 96  2  2  0  0
 9  0 159756 1996008  12848 4549496    0    0     0     0 9934 11788 74  2 24  0  0
 7  0 159756 1995380  12848 4549520    0    0     0     0 15165 19230 59  1 39  0  0
 8  0 159756 1996116  12848 4549532    0    0     0     0 14773 19734 58  2 40  0  0
 3  0 159756 1996388  12848 4549608    0    0     0     0 5617 7509 42  1 58  0  0
procs -----------memory---------- ---swap-- -----io---- -system-- -----cpu------
 r  b   swpd   free   buff  cache   si   so    bi    bo   in   cs us sy id wa st
 3  1 159756 1996016  12848 4549632    0    0     0   128 1745 2717 26  0 74  0  0
 2  0 159756 1996568  12856 4549652    0    0     0   152 1768 2512 21  0 78  0  0
 1  0 159756 1996964  12856 4549672    0    0     0     0 1375 2128 14  0 86  0  0
 0  0 159756 1996600  12860 4549688    0    0     0     6  988 1334  1  0 99  0  0
 1  0 159756 1996608  12860 4549676    0    0     0     0  639 1228  0  0 100  0  0
 0  0 159756 1996740  12860 4549672    0    0     0     8  617 1160  0  0 100  0  0
 0  0 159756 1997136  12860 4549668    0    0     0     0  718 1214  0  0 100  0  0
 0  0 159756 1997260  12860 4549668    0    0     0     0  703 1176  0  0 100  0  0
 1  0 159756 1997136  12868 4549668    0    0     0    96  630 1179  0  0 99  0  0
 1  0 159756 1997532  12868 4549668    0    0     0     0  726 1232  0  0 100  0  0
 1  0 159756 1997408  12868 4549668    0    0     0   192  655 1199  0  0 100  0  0
 0  0 159756 1997408  12868 4549668    0    0     0     0  592 1147  0  0 100  0  0
 0  0 159756 1997532  12868 4549672    0    0     0     0  611 1166  0  0 100  0  0
 1  0 159756 1997904  12868 4549668    0    0     0    14  662 1195  0  0 100  0  0
 0  0 159756 1997904  12868 4549668    0    0     0     0  643 1215  0  0 100  0  0
 0  0 159756 1998276  12868 4549672    0    0     0     0  638 1177  0  0 99  0  0
10  0 159756 1993868  12876 4549352    0    0     0   298 7290 6930 46  2 52  0  0
 9  0 159756 1993744  12876 4549356    0    0     0     0 16708 18398 73  2 24  0  0
10  0 159756 1993488  12876 4549348    0    0     0    10 15734 20362 75  3 23  0  0
15  0 159756 1997208  12876 4549344    0    0     0     0 13034 13557 89  3  9  0  0
11  0 159756 1996348  12876 4550008    0    0     0     0 11613 14467 85  2 13  0  0
procs -----------memory---------- ---swap-- -----io---- -system-- -----cpu------
 r  b   swpd   free   buff  cache   si   so    bi    bo   in   cs us sy id wa st
12  0 159756 1996968  12876 4550020    0    0     0     0 7317 10768 94  2  4  0  0
11  0 159756 1997712  12876 4549960    0    0     0     0 3557 6225 95  2  2  0  0
 4  0 159756 1993372  12876 4550044    0    0     0     8 13246 15428 76  2 22  0  0
 3  0 159756 1993860  12884 4550420    0    0     0   324 14560 15589 25  1 73  0  0
 3  0 159756 1993984  12884 4550440    0    0     0     2 14377 18182 25  1 74  0  0
 1  0 159756 1951988  12884 4550432    0    0     0     0 14933 18298 25  2 73  0  0
 3  0 159756 1997512  12884 4550448    0    0     0     0 2462 3318 34  1 65  0  0
 3  0 159756 1997644  12884 4550464    0    0     0     8 1880 2621 26  0 73  0  0
 2  0 159756 1997396  12884 4550488    0    0     0     0 1645 2248 18  0 82  0  0
 0  0 159756 1997784  12884 4550512    0    0     0    16 1407 1977 10  0 89  0  0
 1  0 159756 1997916  12892 4550508    0    0     0   230  769 1215  0  0 99  0  0
 0  0 159756 1997964  12892 4550504    0    0     0     0  741 1192  0  0 100  0  0
 0  0 159756 1998336  12892 4550496    0    0     0   240  690 1183  0  0 100  0  0
 0  0 159756 1998072  12892 4550496    0    0     0     0  663 1210  0  0 99  0  0
 2  0 159756 1998600  12892 4550488    0    0     0    10  635 1149  0  0 100  0  0
 0  0 159756 1998476  12892 4550492    0    0     0     0  639 1167  0  0 100  0  0
 0  0 159756 1998500  12892 4550480    0    0     0     0  625 1148  0  0 99  0  0
11  0 159756 1997708  12892 4551012    0    0     0     0 2264 3359 17  1 82  0  0
 8  0 159756 1988032  12900 4551368    0    0     0   134 17310 16076 67  2 31  0  0
13  0 159756 1988652  12900 4551368    0    0     0    10 16952 19764 67  3 31  0  0
 9  0 159756 1992240  12900 4551368    0    0     0     0 16860 19803 74  2 24  0  0
procs -----------memory---------- ---swap-- -----io---- -system-- -----cpu------
 r  b   swpd   free   buff  cache   si   so    bi    bo   in   cs us sy id wa st
19  0 159756 1990216  12900 4552008    0    0     0     0 16170 15152 69  2 29  0  0
11  0 159756 1994680  12900 4552008    0    0     0     2 15542 13326 82  2 16  0  0
11  0 159756 1993836  12900 4552008    0    0     0     0 8685 12081 93  2  5  0  0
12  0 159756 1990216  12900 4552080    0    0     0    10 12119 15082 90  3  7  0  0
 4  0 159756 1990272  12908 4552200    0    0     0   292 14919 9642 57  2 41  0  0
 2  0 159756 1974028  12908 4552384    0    0     0     0 17520 15673 27  1 72  0  0
 2  0 159756 1976656  12908 4552428    0    0     0    16 14948 17312 14  1 85  0  0
 3  0 159756 1977020  12908 4552436    0    0     0     0 9309 12661 25  1 74  0  0
 3  0 159756 1977688  12908 4552452    0    0     0     0 1738 2627 26  0 74  0  0
 3  0 159756 1977844  12908 4552452    0    0     0     0 1606 2621 25  0 75  0  0
 1  0 159756 1978736  12908 4552464    0    0     0     0 1758 2507 21  1 79  0  0
 0  0 159756 1978984  12908 4552484    0    0     0    10 1051 1431  2  0 98  0  0
 0  0 159756 1978736  12916 4552484    0    0     0   192  716 1258  0  0 99  1  0
 0  0 159756 1978752  12916 4552488    0    0     0   172  621 1150  0  0 100  0  0
 0  0 159756 1979156  12916 4552488    0    0     0     0  606 1152  0  0 100  0  0
 3  0 159756 1979652  12916 4552484    0    0     0     0  597 1151  0  0 100  0  0
 0  0 159756 1980048  12916 4552484    0    0     0     6  612 1125  0  0 100  0  0
 0  0 159756 1979652  12916 4552484    0    0     0     0  673 1180  0  0 100  0  0
 0  0 159756 1980304  12916 4552476    0    0     0    10  631 1189  0  0 100  0  0
 9  0 159756 1966844  12916 4553320    0    0     0     0 7815 5844 48  2 50  0  0
 9  0 159756 1969324  12924 4553324    0    0     0   122 18612 17104 67  2 31  0  0
procs -----------memory---------- ---swap-- -----io---- -system-- -----cpu------
 r  b   swpd   free   buff  cache   si   so    bi    bo   in   cs us sy id wa st
10  0 159756 1990032  12924 4553332    0    0     0     0 17761 18877 69  2 29  0  0
 3  0 159756 1989156  12924 4553332    0    0     0     0 16485 19558 74  2 24  0  0
10  0 159756 1988792  12924 4553964    0    0     0    14 16352 19440 68  2 30  0  0
12  0 159756 1992388  12924 4553960    0    0     0     0 13313 14916 88  3  9  0  0
11  0 159756 1992140  12924 4554036    0    0     0     0 4293 6872 93  2  5  0  0
 7  0 159756 1990024  12924 4554132    0    0     0     2 16023 17584 81  2 16  0  0
 3  0 159756 1989784  12936 4554392    0    0     2   306 16803 12356 34  1 64  1  0
 2  0 159756 1993992  12936 4554436    0    0     0     6 16860 16734 18  1 81  0  0
 3  0 159756 1993768  12936 4554436    0    0     0     0 3865 5401 24  0 75  0  0
 2  0 159756 1994320  12936 4554448    0    0     0     0 1734 2546 20  0 79  0  0
 2  0 159756 1994196  12936 4554448    0    0     0     0 1498 2255 18  0 82  0  0
 2  0 159756 1994576  12936 4554476    0    0     0     0 1468 2112 10  0 89  0  0
 0  0 159756 1994460  12936 4554472    0    0     0    12 1543 2314  0  0 99  0  0
 1  0 159756 1977976  12936 4554464    0    0     0     0 11243 13101  2  1 97  0  0
 1  0 159756 1978356  12944 4554456    0    0     0   160 1211 1725  9  0 91  1  0
 1  0 159756 1978496  12944 4554452    0    0     0   184 1085 1697  8  0 91  0  0
 1  0 159756 1978876  12944 4554444    0    0     0     0 1259 1776 10  0 90  0  0
 0  0 159756 1978956  12944 4554456    0    0     0     2  896 1442  3  0 97  0  0
 0  0 159756 1979452  12944 4554456    0    0     0     0  651 1182  0  0 100  0  0
 0  0 159756 1979972  12944 4554456    0    0     0     0  648 1193  0  0 100  0  0
 9  0 159756 1971016  12944 4555280    0    0     0    14 4606 3926 33  1 66  0  0
procs -----------memory---------- ---swap-- -----io---- -system-- -----cpu------
 r  b   swpd   free   buff  cache   si   so    bi    bo   in   cs us sy id wa st
10  0 159756 1973472  12944 4555296    0    0     0     0 19261 16755 66  2 32  0  0
 9  0 159756 1974092  12952 4555304    0    0     0   132 15840 19860 67  2 31  0  0
 7  0 159756 1973976  12952 4555304    0    0     0     0 16067 19853 74  2 24  0  0
11  0 159756 1976456  12952 4555956    0    0     0     0 16388 19581 66  2 31  0  0
12  0 159756 1976448  12952 4555952    0    0     0     0 11653 15460 87  3 10  0  0
12  0 159756 1975952  12952 4555960    0    0     0     0 3721 6145 96  3  1  0  0
11  0 159756 1970596  12952 4556044    0    0     0     0 4694 6054 95  3  2  0  0
 6  0 159756 1974432  12952 4556388    0    0     0     0 15286 8568 52  1 47  0  0
 2  0 159756 1974936  12952 4556452    0    0     0     0 14158 17378 30  1 69  0  0
 3  0 159756 1991916  12960 4556484    0    0     0   360 13847 18515 23  1 75  1  0
 3  0 159756 1992748  12960 4556496    0    0     0     0 6718 8807 25  1 75  0  0
 3  0 159756 1992632  12960 4556504    0    0     0     0 1606 2649 25  0 75  0  0
 3  0 159756 1993252  12960 4556500    0    0     0     0 1655 2634 25  1 75  0  0
 0  0 159756 1992904  12960 4556536    0    0     0     0 1377 2055 10  0 89  0  0
 0  0 159756 1993920  12960 4556552    0    0     0     0  710 1254  0  0 100  0  0
 0  0 159756 1994176  12960 4556548    0    0     0     0  719 1270  0  0 100  0  0
 0  0 159756 1994216  12968 4556540    0    0     0   374  720 1246  0  0 99  0  0
 0  0 159756 1994216  12968 4556536    0    0     0     0  641 1208  0  0 100  0  0
 0  0 159756 1994588  12968 4556528    0    0     0     0  641 1203  0  0 100  0  0
 0  0 159756 1994588  12968 4556524    0    0     0     8  639 1237  0  0 100  0  0
 0  0 159756 1994464  12968 4556524    0    0     0     0  645 1232  0  0 100  0  0
procs -----------memory---------- ---swap-- -----io---- -system-- -----cpu------
 r  b   swpd   free   buff  cache   si   so    bi    bo   in   cs us sy id wa st
 1  0 159756 1994456  12968 4556520    0    0     0     0  650 1207  0  0 100  0  0
 0  0 159756 1994696  12968 4556520    0    0     0     0  644 1199  0  0 100  0  0
 0  0 159756 1994448  12968 4556524    0    0     0     0  626 1199  0  0 100  0  0
 0  0 159756 1994572  12976 4556524    0    0     0    22  639 1201  0  0 99  0  0
 3  0 159756 1994696  12976 4556524    0    0     0     0  658 1321  0  0 99  0  0
 8  0 159756 1965132  12976 4556500    0    0     0   100 13058 13794 61  2 37  0  0
 8  0 159756 1962892  12976 4555928    0    0     0     0 16527 11620 59  2 39  0  0
 9  0 159756 1966504  12976 4555904    0    0     0     0 16768 12524 58  2 40  0  0
 7  0 159756 1970580  12976 4556192    0    0     0     0 17011 17737 50  2 48  0  0
 7  0 159756 1971332  12976 4556380    0    0     0     0 15463 18883 58  2 40  0  0
10  0 159756 1971464  12976 4556372    0    0     0     0 15576 19729 60  2 38  0  0
14  0 159756 1974380  12984 4556308    0    0     0   320 15281 18431 78  2 19  0  0
 5  0 159756 1968916  12984 4556572    0    0     0     0 14498 5356 69  2 29  0  0
 5  0 159756 1970852  12984 4556576    0    0     0    14 17680 16947 43  1 56  0  0
 5  0 159756 1991120  12984 4556592    0    0     0     0 16226 14081 45  1 53  0  0
 2  0 159756 1991840  12984 4556644    0    0     0     6 14026 18554 34  1 64  0  0
 3  0 159756 1992112  12984 4556660    0    0     0     0 3282 4754 24  0 76  0  0
 3  0 159756 1992408  12984 4556652    0    0     0     0 1709 2718 26  1 73  0  0
 2  0 159756 1992400  12984 4556664    0    0     0     0 1508 2302 17  0 83  0  0
 0  0 159756 1992516  12992 4556684    0    0     0   248 1312 1850  7  0 92  1  0
 0  0 159756 1992416  12992 4556676    0    0     0   232  617 1169  0  0 100  0  0
procs -----------memory---------- ---swap-- -----io---- -system-- -----cpu------
 r  b   swpd   free   buff  cache   si   so    bi    bo   in   cs us sy id wa st
 0  0 159756 1992696  12992 4556676    0    0     0     0  630 1187  0  0 100  0  0
 0  0 159756 1992820  12992 4556680    0    0     0     0  612 1181  0  0 100  0  0
 0  0 159756 1992968  12992 4556680    0    0     0     6  612 1180  0  0 100  0  0
 0  0 159756 1993472  12992 4556684    0    0     0     0  664 1208  0  0 99  0  0
 0  0 159756 1993728  12992 4556680    0    0     0     0  660 1207  0  0 100  0  0
 1  0 159756 1993464  12992 4556672    0    0     0     0  714 1216  0  0 100  0  0
 0  0 159756 1993604  13000 4556676    0    0     0    64  646 1197  0  0 99  0  0
14  0 159756 1982780  13000 4557504    0    0     0     0 10540 8078 53  2 46  0  0
 7  0 159756 1964072  13000 4557516    0    0     0     0 18820 18160 59  2 39  0  0
 8  0 159756 1949036  13000 4557528    0    0     0    18 18771 19388 58  2 40  0  0
 6  0 159756 1970612  13000 4557908    0    0     0     0 16434 19348 65  2 33  0  0
 8  0 159756 1973688  13000 4558364    0    0     0     0 15736 11322 62  2 36  0  0
 9  0 159756 1974308  13000 4558360    0    0     0     6 15342 19535 66  2 33  0  0
14  0 159756 1974688  13008 4558280    0    0     0   250 12831 16946 86  3 11  0  0
 5  0 159756 1968496  13012 4558528    0    0     0     0 14810 6769 75  2 23  0  0
 5  0 159756 1970952  13012 4558544    0    0     0     0 17607 14171 35  1 64  0  0
 5  0 159756 1975008  13012 4558548    0    0     0     0 16254 13798 40  1 59  0  0
 3  0 159756 1971272  13012 4558532    0    0     0    24 13717 18434 22  1 77  0  0
 3  0 159756 1991640  13012 4558560    0    0     0     0 3337 4420 26  1 74  0  0
 2  0 159756 1991516  13012 4558520    0    0     0    10 1665 2695 25  0 75  0  0
 3  0 159756 1991952  13012 4558532    0    0     0     0 1408 2231 19  0 81  0  0
procs -----------memory---------- ---swap-- -----io---- -system-- -----cpu------
 r  b   swpd   free   buff  cache   si   so    bi    bo   in   cs us sy id wa st
 0  0 159756 1992068  13020 4558524    0    0     0   224 1299 1933  9  0 90  1  0
 0  0 159756 1992720  13020 4558524    0    0     0   132  668 1196  0  0 99  0  0
 1  0 159756 1993108  13020 4558520    0    0     0     0  712 1231  0  0 100  0  0
 0  0 159756 1993240  13020 4558516    0    0     0     8  621 1182  0  0 99  0  0
 0  0 159756 1992720  13020 4558504    0    0     0     0  611 1172  0  0 99  0  0
 0  0 159756 1993248  13020 4558504    0    0     0     0  637 1187  0  0 100  0  0
 1  0 159756 1993504  13020 4558492    0    0     0     8  641 1234  0  0 100  0  0
 0  0 159756 1993752  13020 4558492    0    0     0     0  642 1221  0  0 100  0  0
 0  0 159756 1993628  13028 4558488    0    0     0    98  636 1169  0  0 99  0  0
10  0 159756 1985780  13028 4559328    0    0     0     0 5683 4055 34  1 64  0  0
 9  0 159756 1987368  13028 4559332    0    0     0     0 17692 14094 66  2 32  0  0
11  0 159756 1988144  13028 4559336    0    0     0     0 16442 19246 68  2 30  0  0
 9  0 159756 1990344  13028 4559340    0    0     0     0 16579 19290 74  2 24  0  0
 9  0 159756 1987756  13028 4559992    0    0     0    92 15342 9464 60  2 38  0  0
11  0 159756 1990236  13028 4559992    0    0     0     0 15287 17827 76  3 22  0  0
12  0 159756 1989988  13036 4559984    0    0     0   190 10675 14600 87  3 11  0  0
10  0 159756 1987004  13036 4560044    0    0     0     6 8744 5928 92  3  5  0  0
 4  0 159756 1989988  13036 4560372    0    0     0     0 15086 10306 42  1 57  0  0
 3  0 159756 1952928  13036 4560384    0    0     0     2 14309 18142 31  1 69  0  0
 2  0 159756 1972800  13036 4560412    0    0     0     0 13708 17990 24  1 75  0  0
 3  0 159756 1972948  13036 4560448    0    0     0     0 3751 5477 24  1 76  0  0
procs -----------memory---------- ---swap-- -----io---- -system-- -----cpu------
 r  b   swpd   free   buff  cache   si   so    bi    bo   in   cs us sy id wa st
 4  0 159756 1973452  13036 4560452    0    0     0    10 1834 2671 26  1 73  0  0
 2  0 159756 1973724  13036 4560456    0    0     0     0 1964 2760 24  0 76  0  0
 1  0 159756 1973732  13044 4560484    0    0     0   402 1421 2105 12  0 88  0  0
 0  0 159756 1973592  13044 4560500    0    0     0     0  735 1247  0  0 100  0  0
 0  0 159756 1973872  13044 4560500    0    0     0     0  671 1253  0  0 100  0  0
 0  0 159756 1974268  13044 4560472    0    0     0     6  650 1217  0  0 100  0  0
 0  0 159756 1974516  13044 4560472    0    0     0     0  627 1200  0  0 100  0  0
 0  0 159756 1974904  13044 4560464    0    0     0     0  645 1197  0  0 100  0  0
 0  0 159756 1974284  13044 4560468    0    0     0     0  739 1208  0  0 100  0  0
 0  0 159756 1974268  13044 4560460    0    0     0     0  629 1179  0  0 100  0  0
 0  0 159756 1974640  13052 4560460    0    0     0    78  680 1204  0  0 99  0  0
12  0 159756 1974276  13052 4560472    0    0    28     0 1514 2847 15  1 85  0  0
14  0 159756 1973728  13052 4560640    0    0     0    10 3562 6376 96  2  2  0  0
12  0 159756 1973844  13052 4560648    0    0     0     0 3530 6333 95  3  2  0  0
13  0 159756 1974092  13052 4560656    0    0     0     0 3706 6360 96  3  1  0  0
11  0 159756 1974092  13052 4560732    0    0     0    10 5103 7271 84  2 14  0  0
12  0 159756 1973968  13052 4560760    0    0     0     0 3833 6462 96  3  1  0  0
12  0 159756 1973976  13052 4560764    0    0     0     0 3721 6300 95  3  2  0  0
12  0 159756 1974224  13060 4560764    0    0     0   166 3569 6382 96  3  1  0  0
 1  0 159756 1976208  13060 4560784    0    0     0     0 2826 3937 29  1 71  0  0
 1  0 159756 1975952  13060 4560784    0    0     0     6 1207 1860  9  0 91  0  0
procs -----------memory---------- ---swap-- -----io---- -system-- -----cpu------
 r  b   swpd   free   buff  cache   si   so    bi    bo   in   cs us sy id wa st
 2  0 159756 1975792  13060 4560784    0    0     0     0 1136 1847  8  0 91  0  0
 0  0 159756 1976140  13060 4560784    0    0     0     6 1254 1419  1  0 99  0  0
 0  0 159756 1976280  13060 4560788    0    0     0     0  813 1203  0  0 100  0  0
 0  0 159756 1976568  13060 4560772    0    0     0     0  664 1169  0  0 100  0  0
 0  0 159756 1976444  13060 4560764    0    0     0    50  765 1224  0  0 99  0  0
 0  0 159756 1976840  13068 4560760    0    0     0    54  744 1202  0  0 99  0  0
 1  0 159756 1976716  13068 4560756    0    0     0    12  854 1210  0  0 100  0  0
 0  0 159756 1976592  13068 4560756    0    0     0     0  647 1188  0  0 100  0  0
 0  0 159756 1976716  13068 4560744    0    0     0     0  633 1179  0  0 100  0  0
 0  0 159756 1977088  13068 4560740    0    0     0     8  716 1200  0  0 100  0  0
 0  0 159756 1976840  13068 4560740    0    0     0     0  673 1213  0  0 99  0  0
 0  0 159756 1977212  13068 4560740    0    0     0    12  633 1187  0  0 100  0  0
 0  0 159756 1977088  13076 4560728    0    0     0    22  635 1192  0  0 99  0  0
 1  0 159756 2519768  13076 4531836    0    0    10     0  940 1666  1  1 98  0  0
