procs -----------memory---------- ---swap-- -----io---- --system-- -----cpu-----
 r  b   swpd   free   buff  cache   si   so    bi    bo   in   cs us sy id wa st
 1  4 9682940 17476368   3320  41248    0    1    33    13    0    0  0  0 99  0  0	
 0  1 9682932 17424080   4320  53508    0    0  6370    60 2126 2353  3  1 88  8  0	
 0  1 9682880 17375324   5036  59996   48    0  3756     0 2156 2011  5  1 89  6  0	
 0  1 9682848 17237848   5296  69864   16    0  5236     0 2914 3346  8  1 88  3  0	
 3  0 9682780 17075728   5464  79648   16    0  4800    98 3422 4470  8  1 87  5  0	
14  0 9682744 16830292   5796 105028   60    0 12720     0 4887 6014 12  2 71 16  0	
 5 13 9682732 12907916   5800 212932   16    0 54160    64 7622 2836 46  5 33 16  0	
 4 13 9682664 11372960   5804 342484   16    0 64976     2 5716 3146 25  4 40 31  0	
 5 12 9682648 10960564   5804 475284    0    0 66304     0 5913 2952 32  3 35 29  0	
 3 11 9682572 10782348   5812 593588   66    0 59010     8 4642 2773 24  2 41 33  0	
 4 12 9682560 10544572   5812 722040    0    0 64640     0 5802 2813 32  4 37 27  0	
 5 12 9682528 10257472   5812 856220   16    0 66640    18 6642 2940 37  4 30 28  0	
 3 12 9682476 9792720   5820 979856   32    0 62048    10 6474 2722 35  7 31 28  0	
 3 11 9682456 9373264   5820 1117720    0    0 68672     0 5305 2992 28  2 45 26  0	
 4 13 9682408 8544080   5952 1250060   32    0 66530     0 6984 2853 38  7 34 21  0	
 4 13 9682376 8189092   7132 1363680   32    0 57502     6 6207 2712 35  3 36 26  0	
 1 15 9682328 8062620   8716 1484800    0    0 60854   122 5095 2888 25  2 39 34  0	
 3  9 9682288 7773812   9392 1650404   16    0 83434    40 9506 4457 35  3 32 30  0	
12  0 9682240 7554076   9744 1674284   32    0 11930     4 11889 3723 76  7 13  4  0	
12  0 9682208 7350184   9748 1674784   32    0   414     0 19048 6140 87  8  4  0  0	
15  0 9682196 7350340   9756 1675044   16    0    16    14 13450 4055 93  6  0  0  0	
procs -----------memory---------- ---swap-- -----io---- --system-- -----cpu-----
 r  b   swpd   free   buff  cache   si   so    bi    bo   in   cs us sy id wa st
12  0 9682144 7347376   9764 1675700   16    0   340   238 13585 3997 93  6  0  0  0	
12  0 9682108 7343424  10188 1677124   16    0   928     0 13670 4155 93  7  0  0  0	
11  6 9682060 7303080  10204 1716396   16    0 20122    52 14041 4849 89  6  3  2  0	
 3 12 9682036 7190300  10204 1825668   32    0 54752     0 6960 3878 38  2 24 36  0	
 9 10 9682004 7058152  10204 1937456   18    0 56018     0 5025 2957 27  2 39 32  0	
 3 10 9681956 6937112  10212 2059308    0    0 60544    34 4952 2803 26  1 36 37  0	
 3 11 9681924 6754256  10212 2191664   16    0 66128     0 5945 2828 33  3 34 30  0	
 3 12 9681904 6614268  10212 2329684   32    0 68960     0 5459 2978 28  2 40 31  0	
 4 10 9681832 6415056  10220 2468176   16    0 69520    12 6251 2883 35  3 36 26  0	
 3 10 9681824 6193216  10220 2603360    0    0 67264     0 9345 2923 35  3 34 28  0	
 3 10 9681772 6048252  10228 2747764   32    0 72418    48 5670 2905 30  2 37 31  0	
 3 10 9681744 5856564  10228 2879000   16    0 66132     0 12820 3820 45  3 26 26  0	
 6 10 9681724 5629012  10232 3015772   16    0 67994    84 7682 3188 44  4 25 27  0	
 9  0 9681660 5400708  10244 3131132   48    0 57338    28 13639 4669 64  5 16 16  0	
11  0 9681648 5302564  10244 3131140    0    0     0     0 13386 3319 82  7 11  0  0	
11  0 9681604 5280064  10252 3131136   16    0    16    10 12630 3561 87  6  7  0  0	
12  0 9681564 5280492  10252 3131144   32    0    32     0 12178 3467 84  6 10  0  0	
 9  0 9681504 5274484  10252 3131144   16    0    16    68 11140 3458 76  5 19  0  0	
 1  0 9681488 5274484  10260 3131148    0    0     0    10 5819 2579 35  2 63  0  0	
 0  0 9681476 5274272  10260 3131152   16    0    16     0  997 1592  0  0 99  0  0	
10  0 9681428 5069004  10280 3138972   32    0  3910    46 11298 4367 72  4 23  1  0	
procs -----------memory---------- ---swap-- -----io---- --system-- -----cpu-----
 r  b   swpd   free   buff  cache   si   so    bi    bo   in   cs us sy id wa st
16  0 9681396 4910140  10280 3138972   16    0    16     0 19309 3131 77  6 16  0  0	
10  0 9681316 4779248  10280 3139364   60    0   380     0 14670 4542 60  5 35  0  0	
 9  0 9681308 4682136  10288 3176040    0    0 18432    12 14349 3936 70  5 23  1  0	
13  1 9681296 4411092  10288 3228808    0    0 26624     0 16204 3985 85  7  7  1  0	
11  3 9681244 4291744  10288 3306972   48    0 39088    24 18890 4739 76  6  9  9  0	
 7  6 9681216 4158968  10300 3408580    0    0 51010    14 14808 4863 74  6  8 12  0	
14  7 9681156 3958916  10300 3526792   32    0 58720    10 14592 3869 88  6  3  3  0	
10  7 9681132 3709756  10308 3691368   16    0 82322    16 22788 5112 89  7  2  3  0	
 9  7 9681080 3546632  10308 3817328   16    0 62930    78 14912 3922 87  6  2  5  0	
 6  2 9681044 3365552  10308 3944200    0    0 63556     0 13072 3371 60  4 18 18  0	
 3  0 9681028 3274452  10316 4035332   32    0 45476    20 6782 3083 40  2 43 15  0	
 2  0 9680964 3255224  10316 4055032   16    0  9682     2 3940 2263 22  1 77  0  0	
 0  0 9680948 3255412  10316 4055036    0    0     0     0 1164 1624  2  0 98  0  0	
 0  0 9680904 3255160  10324 4055012   48    0    48    74  999 1643  0  0 99  0  0	
 0  0 9680868 3254924  10324 4055032   16    0    16     0  883 1571  0  0 100  0  0	
 0  0 9680856 3255164  10324 4055044    0    0     0     0  956 1607  0  0 99  0  0	
 0  0 9680784 3255840  10332 4055040   48    0    48    12  917 1592  0  0 99  0  0	
 0  0 9680772 3249912  10332 4055040    0    0     0     0  951 1584  0  0 99  0  0	
 1  0 9680724 3250068  10332 4055044   16    0    16    22  883 1567  0  0 100  0  0	
 0  0 9680688 3250588  10340 4055060    0    0     0    14  851 1591  0  0 99  0  0	
 0  0 9680676 3251084  10340 4055048   16    0    16     0  935 1585  0  0 100  0  0	
procs -----------memory---------- ---swap-- -----io---- --system-- -----cpu-----
 r  b   swpd   free   buff  cache   si   so    bi    bo   in   cs us sy id wa st
 0  0 9680608 3251316  10340 4055056   32    0    32     4  913 1598  0  0 100  0  0	
 1  0 9680596 3251820  10348 4055052    0    0     0    10  889 1555  0  0 100  0  0	
 0  0 9680548 3252200  10348 4055052   32    0    32    16  897 1595  0  0 100  0  0	
 0  0 9680512 3252324  10348 4055076   16    0    16     0  896 1570  0  0 100  0  0	
11  0 9680500 3169012  10648 4056624    0    0   862    46 17170 6001 60  5 34  1  0	
12  0 9680432 3036684  10648 4056632   48    0    48     4 26249 9040 75  8 17  0  0	
10  0 9680420 3073220  10656 4056648    0    0     0    24 24384 6317 82  8 10  0  0	
10  0 9680372 2879748  10656 4056656   16    0    16    18 18301 6694 74  7 19  0  0	
13  0 9680340 2740900  10656 4058188   16    0   912     0 16722 4999 84  7  9  0  0	
13  0 9680324 2531928  10664 4067788    0    0  4800    14 13820 3572 93  6  1  0  0	
12  0 9680256 2454948  10664 4077260   48    0  4784     0 14004 3394 93  5  2  0  0	
12  0 9680240 2420596  10664 4087092   32    0  4832     0 13296 3595 93  5  2  0  0	
14  0 9680192 2374352  10672 4095952    0    0  4480    92 13203 3655 92  5  2  0  0	
13  0 9680152 2334044  10672 4104540   16    0  4240     0 17281 3539 92  6  1  0  0	
12  0 9680144 2267504  10680 4114384   16    0  5008    16 13426 3636 94  5  1  0  0	
10  0 9680076 2180092  10680 4122968   32    0  4256     4 13383 3637 92  5  3  0  0	
10  0 9680068 2139896  11404 4132408    0    0  5022     0 16556 4153 91  6  3  0  0	
12  0 9680016 2060200  11412 4142272   32    0  4960    60 17331 3664 91  6  3  0  0	
13  0 9679984 1967220  11416 4152432   16    0  5136     0 17711 4894 86  7  7  0  0	
16  0 9679968 1894216  11416 4165716    0    0  6784     0 17888 5287 90  7  3  0  0	
14  0 9679904 1713560  11428 4183652   32    0  8928   158 15376 3763 93  5  2  0  0	
procs -----------memory---------- ---swap-- -----io---- --system-- -----cpu-----
 r  b   swpd   free   buff  cache   si   so    bi    bo   in   cs us sy id wa st
16  0 9679892 1663804  11432 4200560   16    0  8530     0 16461 3636 93  6  2  0  0	
15  0 9679844 1602256  11440 4217068   16    0  8336    46 16829 3562 93  6  2  0  0	
10  0 9679812 1557948  11452 4228500    0    0  5568     0 20750 3372 88  6  6  0  0	
 9  0 9679800 1499148  11452 4241344   32    0  6304     0 12362 3476 67  4 29  0  0	
 8  0 9679728 1456416  11460 4254848   32    0  6816    30 10382 3744 66  4 30  0  0	
 9  0 9679716 1399400  11460 4268448   16    0  6864     0 9687 3583 66  4 30  0  0	
 5  0 9679664 1330172  11480 4281540   16    0  6610    50 9733 3503 62  4 34  0  0	
 4  0 9679628 1283936  11484 4297488    0    0  8000     0 6310 2952 38  2 60  0  0	
 4  0 9679616 1222500  11484 4313980    0    0  8258     0 5947 2880 36  2 62  0  0	
 0  0 9679552 1217704  11504 4319004   48    0  2416   130 3530 2268 17  1 81  1  0	
 0  0 9679540 1217844  11504 4318996    0    0     0     0  876 1553  0  0 100  0  0	
 0  0 9679488 1217584  11512 4318976   32    0    32    32  927 1620  0  0 100  0  0	
 0  0 9679452 1217660  11512 4318964   32    0    32     0  922 1591  0  0 100  0  0	
10  0 9679440 1217656  11516 4319056    0    0     8     0 4182 3020 21  1 78  0  0	
 9  0 9679380 1144116  11524 4319096   16    0    16    22 20715 6628 75  7 18  0  0	
10  0 9679360 1000556  11524 4319096   16    0    16     0 21608 7087 78  7 15  0  0	
10  0 9679316 803032  11524 4319096   32    0    32    84 16269 4732 81  6 13  0  0	
10  0 9679284 679428  11532 4319096    0    0     0    24 13345 3808 81  6 14  0  0	
12  0 9679268 721972  11532 4319096    0    0     0     0 18614 5082 91  6  2  0  0	
11  0 9679196 647964  11540 4320164   64    0   576    20 17031 5367 71  5 24  0  0	
10  0 9679188 433328  11540 4320212    0    0    22     0 20452 6623 75  6 18  0  0	
procs -----------memory---------- ---swap-- -----io---- --system-- -----cpu-----
 r  b   swpd   free   buff  cache   si   so    bi    bo   in   cs us sy id wa st
 9  0 9679132 453060  11540 4320224   16    0    16    16 13944 3261 80  4 16  0  0	
10  0 9679096 312700  11548 4320236   32    0    32    12 16312 5324 73  6 21  0  0	
14  0 9679084 244692  11548 4320232    0    0     0     0 17299 4796 82  6 12  0  0	
 9  0 9679020 247628  11508 4328820   32    0  4384   144 18043 4258 80  6 14  0  0	
 9  0 9679004 198432   8796 4279944   16    0 10512    26 27919 3311 72  5 22  0  0	
 4  0 9678960 200460   8456 4275916   16    0 13822     0 9034 3441 50  3 46  1  0	
 3  0 9678924 203136   8456 4273932   16    0 14928     0 5454 2812 32  1 67  0  0	
 1  0 9678908 205196   8464 4271004   16    0 14610     8 3526 2387 18  1 81  0  0	
 0  0 9678848 189796   8464 4286060   32    0  7456     0 1641 1855  5  0 95  0  0	
 0  0 9678828 189540   8472 4286064    0    0     0    10  900 1575  0  0 100  0  0	
 0  0 9678784 189456   8472 4286048   32    0    32     0  942 1595  0  0 100  0  0	
 8  0 9678748 225288   8484 4256688   16    0 20142     0 12601 6005 44  3 46  7  0	
 9  0 9678736 221840   8484 4199148    0    0  4572    26 27012 8326 66  7 27  0  0	
10  0 9678668 208532   8484 3949416   32    0    32     0 27776 8585 68  9 23  0  0	
11  0 9678656 193204   8476 3877940    0    0 15232     0 33715 7619 80 10 10  0  0	
13  0 9678608 191120   8484 3626412   16    0 15568    12 71425 8820 76 16  8  0  0	
 6  0 9678572 187292   8476 3512256   48    0 17228     0 66456 3915 73 11 15  0  0	
 8  4 9678560 196092   8496 3399228   16    0 37384    66 36604 5254 80  8 10  3  0	
 8  2 9678488 263816   6528 3277900   16    0 49080    38 62134 6971 70 13  8  8  0	
 1  0 9678476 191132   6404 3346932    0    0 16960     0 4860 2330 28  2 65  5  0	
 8  7 9678428 203872   5576 3230328   48    0 31072    40 10469 3986 48  4 39  9  0	
procs -----------memory---------- ---swap-- -----io---- --system-- -----cpu-----
 r  b   swpd   free   buff  cache   si   so    bi    bo   in   cs us sy id wa st
 8  9 9678392 193712   5576 3110532    0    0 46706   180 32260 3658 59  8 13 20  0	
13  6 9678380 191296   5564 2923460    0    0 55516     0 56367 4747 56 11 13 20  0	
 2  0 9678312 191376   5572 2915508   48    0 42944    42 9699 2859 44  3 38 14  0	
 4  9 9678304 199348   5564 2845824    0    0 52288     0 9093 3153 53  3 32 11  0	
11  8 9678248 200912   5540 2772700   32    0 64910    28 6626 2940 38  2 32 28  0	
 4  8 9678220 245888   5532 2736052   32    0 67432     2 8510 4226 37  3 30 30  0	
 7  8 9678200 198072   5524 2665340    0    0 60678     0 51612 4178 52 10 17 21  0	
 7  7 9678136 206432   5524 2561132   16    0 61416    24 50089 3491 54  6 20 20  0	
 6  3 9678124 181172   5532 2452136   16    0 58110     0 12290 5308 56  4 22 18  0	
 5  0 9678080 280460   5532 2349708   16    0 36446     0 7927 4056 36  3 54  8  0	
 3  0 9678040 188124   5544 2355180    0    0  3320    30 5223 2221 32  2 66  0  0	
 1  0 9678032 211180   5120 2329776   16    0    16     0 2715 1847 13  2 86  0  0	
 3  0 9677956 217812   5096 2319592   48    0    56 12852 4689 1783  8  2 90  0  0	
 1  0 9677948 219028   5100 2320020    0    0   192     0 2245 1850 10  1 89  0  0	
 1  0 9677896 219032   5100 2319996   32    0    32     0 1925 1770  8  0 91  0  0	
 1  0 9677864 199392   5116 2218728   16    0   188 50672 39367 3121 15  7 78  1  0	
 0  0 9677848 197892   5116 2218692    0    0     0     0 1464 1697  4  0 95  0  0	
 1  1 9677788 197124   5120 2218668   48    0    50 38174  962 1641  0  0 98  1  0	
 0  0 9677772 197632   5128 2218700    0    0     0    32  913 1617  0  0 99  1  0	
11  4 9677724 424048   5128 1996632    0    0 40760     0 7835 4551 41  4 39 16  0	
 6  8 9677692 197724   5128 2105536   16    0 54854     0 9870 4953 48  3 23 26  0	
procs -----------memory---------- ---swap-- -----io---- --system-- -----cpu-----
 r  b   swpd   free   buff  cache   si   so    bi    bo   in   cs us sy id wa st
 6  8 9677676 193200   4644 2021560   16    0 53432    72 75966 4592 41 12 23 24  0	
 6  9 9677608 211608   4612 1945284   32    0 64596     0 16167 4501 48  7 21 24  0	
 3 12 9677592 189260   4600 1843512    0    0 67722     0 16245 3186 44  3 24 28  0	
10 11 9677564 204072   4588 1772536   48    0 68130    10 7385 3450 32  2 31 35  0	
 6 11 9677516 207856   4572 1744540    0    0 65774     0 27879 5079 50  9 18 23  0	
 4 11 9677500 192704   4548 1699928    0    0 69308     0 11955 3053 46  3 26 25  0	
 8 10 9677440 198024   4556 1641256   48    0 71428    48 6930 3062 40  2 29 28  0	
 5 11 9677420 204616   4556 1624476    0    0 66930     0 11830 3050 43  3 31 23  0	
13 14 9677380 195264   4556 1559456   32    0 61460     0 18203 3180 77  5  6 11  0	
 7 11 9677336 189124   4560 1527388   32    0 59474    32 22336 3226 61  7 10 23  0	
 9  7 9677320 186228   4556 1488816    0    0 62690     0 19211 3258 62  5 13 20  0	
13  8 9677252 269124   4564 1411920    0    0 59026    90 18858 5056 83  7  5  6  0	
 6  7 9677244 198876   4560 1474796   16    0 63170     0 18377 3327 84  7  4  5  0	
 6  5 9677192 204884   4560 1429032   32    0 58182     0 26692 3344 51  4 26 18  0	
 7  4 9677164 199888   4568 1433928   16    0 53440   102 8263 3455 52  3 29 16  0	
 2  0 9677148 205976   4564 1425804   16    0 23502     0 4469 2706 23  1 69  7  0	
 1  0 9677080 183504   4572 1447284   48    0 10792    26 2350 2074 10  1 89  0  0	
 0  0 9677064 182380   4572 1448568    0    0   448     0 1497 1716  4  0 96  0  0	
 0  0 9677016 182256   4572 1448580   16    0    16     0  905 1595  0  0 100  0  0	
 0  0 9676984 182556   4580 1448572   16    0    16     8  899 1587  0  0 100  0  0	
 0  0 9676976 182172   4580 1448568    0    0     0     0  897 1570  0  0 100  0  0	
procs -----------memory---------- ---swap-- -----io---- --system-- -----cpu-----
 r  b   swpd   free   buff  cache   si   so    bi    bo   in   cs us sy id wa st
 0  0 9676908 182876   4580 1448572   48    0    48    36  893 1575  0  0 100  0  0	
 0  0 9676896 183056   4588 1448568   16    0    16    20  943 1604  0  0 100  0  0	
 0  0 9676844 182892   4588 1448548   16    0    16     0  920 1575  0  0 100  0  0	
 0  0 9676808 182124   4588 1448596    0    0     0    10  905 1597  0  0 100  0  0	
 0  0 9676796 182008   4596 1448568   16    0    16     8  928 1605  0  0 99  0  0	
 0  0 9676724 182332   4596 1448576   32    0    32     4  950 1588  0  0 100  0  0	
 0  0 9676712 182084   4596 1448568    0    0     0     0  889 1561  0  0 100  0  0	
 0  0 9676664 181880   4604 1448576   32    0    32    16  944 1622  0  0 100  0  0	
 4  0 9676632 181960   4608 1448568   16    0    18    36 1161 1980  0  0 99  0  0	
10  0 9676620 201900   4596 1426404    0    0 23522     0 18830 5199 72  6 14  8  0	
12  2 9676552 197368   4604 1351724   32    0 21974    30 29200 10880 77  8 11  3  0	
 7  5 9676536 209180   4600 1340596    0    0 36888     0 19549 8422 62  5 22 11  0	
 8 10 9676492 300812   4584 1189908   32    0 45414     0 42789 6479 51 14 17 18  0	
 6  9 9676456 195848   4584 1111988   32    0 51244    22 39626 3323 53  9 17 21  0	
 9  6 9676444 195564   4568 946672    0    0 56664     0 27481 3267 67  8 10 15  0	
 8 12 9676376 197928   4564 851752   32    0 52182    68 69002 3262 55 12 14 19  0	
 6 10 9676368 206172   4560 763360   16    0 59972     2 13358 3934 51  4 23 22  0	
 4 10 9676312 204740   4520 740856   32    0 57218     0 14145 6050 45  4 27 24  0	
 4 11 9676452 182820   4528 670572    0   88 58696   122 22242 6667 39  6 22 32  0	
11 12 9676404 191296   4528 581436    0    0 66434     0 11982 8198 39  3 27 30  0	
 3  7 9751140 187060   4536 478764   48 37386 48668 37408 51871 5551 43 11 20 26  0	
procs -----------memory---------- ---swap-- -----io---- --system-- -----cpu-----
 r  b   swpd   free   buff  cache   si   so    bi    bo   in   cs us sy id wa st
 0 19 9792044 174892   4512 477688    0 20458 48128 45908 10865 8501 25  3 21 51  0	
 8 16 9851908 248628   2944 372420   32 29954 34456 42784 44070 7224 27  5 22 47  0	
 1 14 9859040 158060   2960 461188    0 3584 46072 19194 4739 2686 24  1 33 42  0	
 5 13 9863736 193992   2276 310084   48 2376 38866 36826 9677 2766 22  2 26 50  0	
 5 11 9863712 192520   2232 311564    0    0 76794     0 11420 3160 35  2 33 29  0	
 1  3 9863620 199696   2164 226768   32    0 67796    96 10441 5651 16  2 60 22  0	
 3 17 9863604 188500   2176 249836   16    0 36432 38788 4906 2623 25  2 39 35  0	
 4 11 9863540 193088   2168 186092   48    0 52344  8510 9734 4499 24  3 20 53  0	
 2  2 9863484 190760   2184 191044   32    0 51382    30 12711 5207 17  2 56 25  0	
 4 12 9863688 185904   2204 159300    0  122 12364 53706 19392 2104 19  3 58 21  0	
 0 16 9929060 218384   2168 124836   16 32698 21006 32868 4153 2729 10  2 30 57  0	
 5  8 9928996 189696   2160 166252   48    0 38966     0 7736 2576 15  1 39 44  0	
 3 10 9928984 206656   2160 117968    0    0 47380     0 24523 6233 22  3 40 35  0	
 3  7 9928936 196996   2160  86848    0    0 28648    18 40061 6412 24  5 37 33  0	
 4  5 9928908 200596   2168  78712   32    0 51460     0 7267 3216 26  2 42 30  0	
10  1 10006032 206596   2176  25140   16 38650 45504 38658 75572 2855 32 10 28 30  0	
 3  8 10222936 301792   2176  46860    0 108406 11378 108406 8858 2163 56  7 23 14  0	
 5  6 10229584 186824   2168 161552    0 3328 68046  3328 6001 2838 34  2 36 29  0	
 1 18 10392604 212656   2176 149880   16 81590 17884 81596 3525 2218 12  5 17 66  0	
 6  4 10614228 291292   2176 137128   48 110774  4262 110774 3191 2179  7  6 17 70  0	
 4  3 10626972 189440   2180 239860   16 6400 61220  6400 5548 2796 31  2 42 25  0	
procs -----------memory---------- ---swap-- -----io---- --system-- -----cpu-----
 r  b   swpd   free   buff  cache   si   so    bi    bo   in   cs us sy id wa st
 7  4 10692456 209580   2192 223332   32 32806 31140 32812 6069 2450 30  4 39 27  0	
 2  1 10881248 351228   2204 270976    0 94354  6082 94354 4614 2262 13  7 71 10  0	
 3  9 10881208 331500   2252 293608   16    0 37316     0 4222 3578 16  2 54 28  0	
 3  9 10881172 230220   2260 410956   32    0 58336    68 7259 4716 25  2 42 31  0	
 3 15 10881116 191548   2252 366580   16    0 64808   108 22976 6208 36  5 37 22  0	
 4 12 10881088 198508   2248 313428   16    0 62610     0 24519 3851 35  4 30 31  0	
 4 12 10881068 193980   2260 311936   16    0 63246   108 5509 2787 30  2 31 37  0	
 2 12 10881024 191964   2216 208472    0    0 53382     0 23281 2957 38  5 23 34  0	
 9 13 10880988 240608   2220 118720   16    0 67488    16 7956 2936 36  3 30 31  0	
 5 17 10880984 217640   2224 136168   16    0 71148     2 5868 3035 30  3 31 37  0	
 3 12 10880912 196804   2180 114004   48    0 78770     6 9662 3698 37  5 30 28  0	
 7 15 10909244 193508   2172  76856    0 14200 55724 14218 60811 3090 42  9 20 29  0	
 9 13 10947928 184772   2172  49092   16 19338 68566 19338 57721 2973 63  7  9 21  0	
11  9 10995500 183944   2180  31064   32 23806 24466 23876 16556 2916 43 13  7 37  0	
 0 23 11165964 157840   2184 121356   48 85270 86804 85304 20485 6971 28  8 21 43  0	
 1 19 11273492 157308   2184  99360   16 53774 12040 53848 9170 3510 33  7 12 49  0	
 5 15 11344440 220640   2192 123872   16 35500 43802 35522 14192 3391 45  6 16 33  0	
 0 19 11391500 243128   2324 120676   16 23544 37950 23544 11296 2587 28  4  9 59  0	
 1 12 11446324 243752   4056 124944   38 27446  5322 27470 2038 1971  0  2 26 72  0	
 1 11 11701892 575820   4056 126444    0 127862  2340 127862 2443 1911  0  7 35 58  0	
 3 14 11888156 792252   4056 139524    0 93070 22450 93070 11840 2458 28  8 24 40  0	
procs -----------memory---------- ---swap-- -----io---- --system-- -----cpu-----
 r  b   swpd   free   buff  cache   si   so    bi    bo   in   cs us sy id wa st
 5 12 11888084 572732   4064 298880   68    0 79828    12 7731 3324 34  2 33 31  0	
 4  9 11891140 426820   4064 445716   16 1536 73236  1536 5962 2951 34  2 31 33  0	
 5 10 11894152 274332   4064 599264   16 1536 77264  1536 6449 2999 38  2 29 31  0	
 3 11 11897208 183276   3516 691180   32 1536 67538  1544 6845 2838 42  2 22 34  0	
 5  9 11897160 184572   3516 688128    0    0 74540     0 6541 3101 37  2 33 28  0	
10  4 11903268 189680   3516 682408   16 3072 71078  3072 7322 5051 42  2 34 21  0	
 1  1 11920664 192688   3524 702316   16 8704 48844  8722 4878 2773 25  2 49 24  0	
 0  0 11939864 200092   3588 712348   32 9634  4738  9634 1695 1863  3  1 93  3  0	
 0  0 11939848 199848   3600 712368    0    0     2     8  921 1590  0  0 99  0  0	
 0  0 11939804 200568   3600 712384   32    0    32    38  941 1626  0  0 100  0  0	
 0  0 11939772 200776   3600 712368   16    0    16     0  909 1566  0  0 100  0  0	
 0  0 11939756 200096   3616 712992    0    0   314    56  990 1621  0  0 99  1  0	
 0  0 11939688 200684   3616 713516   48    0   240     0  969 1612  0  0 99  0  0	
 0  0 11939680 200780   3616 713380    0    0     0     0  897 1575  0  0 100  0  0	
 0  0 11939624 202124   3624 713384   32    0    32    26  913 1591  0  0 99  0  0	
 9  7 11939592 180876   2664 683260   32    0 42036     0 31258 9536 44  4 30 22  0	
 6  8 11939576 216316   2672 610840    0    0 57724   124 20360 10089 47  5 22 26  0	
 6 12 11939504 272288   2632 412640   32    0 102588     0 29063 9919 53  5 21 21  0	
 2 13 11939488 188408   2640 491264    0    0 58702    26 10160 2821 36  2 27 35  0	
 4 12 11939424 189992   2732 362144   48    0 58254     0 11079 2980 40  3 22 34  0	
11  3 11939404 193400   2728 280152    0    0 56486     0 16959 2667 41  3 31 25  0	
procs -----------memory---------- ---swap-- -----io---- --system-- -----cpu-----
 r  b   swpd   free   buff  cache   si   so    bi    bo   in   cs us sy id wa st
 7 14 11939336 210760   2612 259304   32    0 60726    24 6440 2803 38  2 29 31  0	
 5 12 11939324 180356   2752 219596    0    0 57016     0 11596 2764 49  3 27 21  0	
10 10 11939308 231452   2652 188176   16    0 56602     0 10843 2933 37  2 27 34  0	
 6 16 11939240 187956   3196 150068   52    0 48966    18 7582 2789 40  4 13 43  0	
 3 12 11939228 184504   2752 169308    0    0 39832 36332 5946 2775 29  2 25 44  0	
 2 15 11939160 157288   2480 135404   16    0 20678 20900 5696 2772 20  2 12 66  0	
11  4 11939092 191072   2324 155384   48    0 89088  1470 34731 7434 31  3 26 40  0	
 4  8 11939052 190764   2220 127264    0    0 33784  8448 37398 2952 30  4 31 35  0	
 4  3 11939044 188972   2468 131568   16    0 40344     0 14698 2691 25  2 45 28  0	
 1 15 11938976 163876   2436 151892   48    0 17756    64 7739 2138 17  1 55 27  0	
 1  7 11939228 184460   2212  90188    0  130 14600 35008 35052 4961 28  4 27 41  0	
 1 12 11939176 158284   2148 113272   16    0 33622    16 9515 2649 14  1 25 59  0	
 1  2 11940844 209032   2180  66568   16  856 33660   902 13426 6509  7  1 61 30  0	
 1  1 11940772 208236   2184  76428   48    0 13784     2 3201 2027  8  1 83  8  0	
 1  0 11940764 201044   2192  84064    0    0 13786    12 2710 1960  8  1 85  6  0	
 2  2 11940748 209304   2188  92472    0    0 13030     0 4950 1934  8  1 88  3  0	
 1  0 11940684 221024   2196  83940   32    0 13534    10 3037 1986  8  1 84  7  0	
 1  0 11940668 216956   2196  88984   16    0  8580     2 2583 1933  8  1 84  7  0	
 0  0 11940600 216472   2196  89168   32    0   256     0 1055 1624  1  0 98  0  0	
 0  0 11940588 216032   2204  89500    0    0   168    10  863 1575  0  0 99  0  0	
 0  0 11940576 215940   2204  89540   16    0    16     0  893 1578  0  0 100  0  0	
procs -----------memory---------- ---swap-- -----io---- --system-- -----cpu-----
 r  b   swpd   free   buff  cache   si   so    bi    bo   in   cs us sy id wa st
 0  0 11940508 216256   2204  89744   32    0   146     0  910 1606  0  0 99  0  0	
 4  0 11940488 238900   2496  66696    0    0   366     6 1039 1708  0  0 99  1  0	
 7  5 12002984 168332   2244  68856   32 31280 20470 44012 24378 3398 27  6 24 43  0	
 7 12 12082352 197932   2232 119888    0 39692 41786 39692 19032 5073 53  6 20 20  0	
 5 17 12082340 187560   2220 127960    0    0 51450    90 6297 2662 22  1 38 39  0	
 8 10 12215912 196032   2212  60732   48 66804 12874 66924 25257 2644 12 13 12 62  0	
 5 13 12310556 191372   2216  87768   32 47346 33466 47346 9004 2967 46  9 19 25  0	
 6 12 12313564 187484   2184  87640   16 1536 58696  1558 14564 2972 25  4 29 41  0	
 4 17 12365824 285152   2184 102888   16 26136 26220 26196 6112 2617 17  5 16 63  0	
 6 15 12375136 168044   2184 223120   16 4668 59506  4668 5059 2831 24  2 29 44  0	
 8 18 12459296 240196   2196 251204   32 42112 22994 42188 6925 2705 14  4 31 51  0	
 5 16 12474876 157900   2196 336180   16 7794 43584  7824 8029 2585 36  5 26 33  0	
 3 20 12550384 158100   2196 335092   16 37790 15120 37846 4911 2749 17  3 15 65  0	
 5 14 12601012 168648   2204 317856   16 25322 53570 25414 15208 4286 24  3 24 49  0	
 4 13 12644996 184024   2204 315736   16 22016 49476 22016 7743 2718 45  4 23 28  0	
 6  5 12672328 182592   2212 285156   16 13682 54644 13698 6561 2779 38  3 25 35  0	
 4 15 12780116 326088   2212 350696   16 53902 46138 53902 8348 2724 44  6 25 25  0	
 4 13 12780044 197364   2212 447448   32    0 76038     0 8662 2927 44  3 15 38  0	
 0 18 12780032 200720   2220 426128    0    0 65396    10 12661 3257 30  3 30 37  0	
 5  9 12899792 241544   2220 461108   16 59904 31612 59904 12507 6747 26  7 24 43  0	
 0  7 12902832 194608   2228 434444   16 1536 60890  1536 14801 8634 31  4 35 31  0	
procs -----------memory---------- ---swap-- -----io---- --system-- -----cpu-----
 r  b   swpd   free   buff  cache   si   so    bi    bo   in   cs us sy id wa st
 3  7 13028732 343452   2236 459472   48 62976 14640 62984 5390 2963 15  6 59 19  0	
 3  8 13034848 227796   2236 575212    0 3072 58244  3072 5426 2760 26  2 41 32  0	
 1 10 13060876 378000   2244 418788   16 13020 39936 13030 5162 2654 18  2 35 45  0	
 5  7 13060828 288448   2244 473664   16    0 60486     0 6256 2829 32  2 46 20  0	
 2  5 13060792 181272   2240 475616   16    0 62876     0 6556 2908 34  2 39 25  0	
 2  6 13060772 203212   2248 452268   16    0 59390    10 5462 2732 24  2 54 20  0	
 3  3 13060708 182860   2248 472844   32    0 63232     0 6021 2792 29  2 49 21  0	
 0  0 13060700 200136   2248 456152    0    0 44572    42 4919 2597 18  1 66 16  0	
 0  0 13060648 204512   2256 450116    0    0 14844    16 2399 2070  0  1 98  2  0	
 0  0 13060616 188564   2260 466496   32    0  8084    16 1745 1839  0  0 99  1  0	
 0  0 13060564 187892   2260 466580   32    0    70     0  946 1610  0  0 100  0  0	
 0  0 13060532 187716   2268 467084    0    0   320    18  932 1604  0  0 99  0  0	
 0  0 13060520 187612   2272 467212   16    0    18    12  857 1550  0  0 100  0  0	
11  6 13060472 198160   2288 458940   32    0 14188    16 3197 3136  9  1 75 15  0	
 7 10 13060436 203364   2288 338496   16    0 60616     0 26490 9467 68  7  9 15  0	
 4 11 13060388 180280   2740 413872   16    0 55316     0 14332 7844 37  3 32 29  0	
 3 13 13060356 224308   4176 386644   16    0 52640     6 8754 6515 26  2 40 32  0	
 4 13 13060344 206712   5728 287816    0    0 55884     0 6238 2848 35  2 36 27  0	
 4 15 13060300 187264   6328 294028   48    0 48344     0 4741 2853 24  2 27 47  0	
 4 13 13060264 202080   3992 208724   16    0 57268    24 11250 2915 42  3 23 33  0	
 5 14 13060216 199772   3984 209732    0    0 60536     0 5404 2801 29  2 34 35  0	
procs -----------memory---------- ---swap-- -----io---- --system-- -----cpu-----
 r  b   swpd   free   buff  cache   si   so    bi    bo   in   cs us sy id wa st
 5 14 13068372 191216   3780 186332   32 4096 60374  4136 7900 2788 39  3 30 29  0	
 6 12 13113788 195196   3780 135248    0 22712 63582 22756 59144 2964 47  6 22 25  0	
 5 13 13128292 193060   3780 131276   16 7276 64760  7276 17091 2947 38  3 20 39  0	
 6 15 13128256 186984   3792  75708   48    0 60416    18 8492 2862 45  2 20 33  0	
 4 16 13130296 265444   3864  49612   16 1026 54816  1038 13101 3159 52  4 13 31  0	
 5 11 13182904 162744   3892 164528   16 26340 60878 26468 11380 5548 21  3 33 44  0	
 2 10 13311072 172708   3784 228648   32 64114 36260 64234 4700 3392 12  3 41 43  0	
 4 12 13467056 165632   3608 251312   16 78012 14120 78088 4813 2440 21  5 16 58  0	
 1  4 13586020 200324   3628 301684    0 59552 25676 59568 3838 2609 14  4 54 27  0	
 2  2 13614780 187960   3624 343420   48 14348 45594 14348 4698 2763 19  2 56 23  0	
 2  3 13672116 191304   3632 270252    0 28672 33758 28696 6222 3191 25  4 55 17  0	
 3  0 13820772 221100   3632 272984    0 74432 17502 74432 16896 13640  9  9 75  8  0	
 5  6 13940376 431180   3632 307460   48 59740 17436 59740 13724 8850 27  7 56  9  0	
 7  4 13940364 208548   3636 349380    0    0 39568    12 11099 4215 54  4 24 19  0	
 8  4 14004256 201532   3604 253180   32 32010 50566 32010 81605 3619 55  8 18 19  0	
 3  2 14020668 188076   3872 264568   16 8184 48026  8184 18271 3270 38  3 33 25  0	
 6  5 14227980 331792   3884 302788   16 103680  8554 103724 25584 2604 26 11 58  5  0	
10  3 14231020 195984   3888 403596   16 1536 63190  1608 11222 2778 58  3 13 27  0	
 7  3 14322108 217724   3904 419696   32 45568 32036 83984 8687 3030 29  4 24 43  0	
 3  2 14353820 223464   3908 453228    0 15872 27718 15872 5992 2548 26  2 55 17  0	
 2  0 14534992 348320   3924 406668    0 90592 11686 90592 17896 2480 24  9 52 15  0	
procs -----------memory---------- ---swap-- -----io---- --system-- -----cpu-----
 r  b   swpd   free   buff  cache   si   so    bi    bo   in   cs us sy id wa st
 0  0 14663012 529472   3932 407528   46 64038    52 64050 3320 1979  0  5 93  2  0	
 0  0 14662972 529444   3932 407328   64    0    64     0  875 1586  0  0 99  0  0	
 0  1 14662912 529136   3932 407372    0    0    10     0  890 1592  0  0 100  0  0	
 0  0 14662896 529020   3940 407312   16    0   112    10  878 1574  0  0 100  0  0	
 0  0 14662884 528932   3940 407540   16    0    16     0  873 1582  0  0 100  0  0	
 0  0 14662836 528352   3940 407544   32    0    32     0  876 1571  0  0 100  0  0	
 0  0 14662804 522900   3948 413364    0    0  3088     8  942 1693  0  0 98  1  0	
 0  0 14662736 523248   3948 413740   32    0    32     0  898 1602  0  0 100  0  0	
 0  0 14662724 523608   3948 413892    0    0    86     0  882 1557  0  0 100  0  0	
 4 11 14662708 528460   4008 408840    0    0 32090    64 5058 3324 17  2 50 31  0	
 4 10 14662660 318660   4008 523416   32    0 57760     0 7615 3013 34  3 30 33  0	
 4 11 14662628 210500   4008 652308   16    0 64016     0 6004 3439 28  2 42 29  0	
 4 11 14662564 199524   3764 620964   48    0 55684    60 5608 2944 30  2 42 27  0	
 3 12 14657608 203888   3764 613004  992    0 64586     0 7139 3041 31  2 40 27  0	
 2 13 14655388 207436   3732 585024 1104    0 59086   144 5742 2937 31  2 42 25  0	
 3 11 14655336 266324   3732 483620   16    0 56080     0 6423 3477 30  2 36 32  0	
 5 10 14653240 211196   3732 543164 1056    0 69024     0 6517 3655 30  2 36 32  0	
 5 14 14653212 203360   3740 542000   32    0 63804    16 10144 3229 43  3 27 27  0	
 5 12 14653152 242580   3740 430776   16    0 62738     0 9798 2863 39  3 28 31  0	
 6 11 14653144 198964   3740 470612   16    0 65092     2 8218 3003 37  2 31 30  0	
 2 11 14653092 208552   3752 386088    0    0 61560    18 11773 4156 37  3 32 28  0	
procs -----------memory---------- ---swap-- -----io---- --system-- -----cpu-----
 r  b   swpd   free   buff  cache   si   so    bi    bo   in   cs us sy id wa st
 6  7 14653064 202424   3752 412896   16    0 55122     0 11873 7057 34  3 35 28  0	
 5 11 14653036 217684   3752 412492   30    0 59872     0 11931 7565 33  3 36 28  0	
 7 15 14652988 260856   3760 185072   32    0 64348     8 22541 6016 46  6 24 24  0	
13 11 14652972 210628   3760 177412    0    0 65858     0 40643 3153 44  4 24 28  0	
 5 12 14652916 187304   3760 199128   32    0 65964     0 9103 3050 37  2 28 33  0	
 5 17 14652880 190100   2288 126812   16    0 71754    10 11616 2782 45  3 18 34  0	
 3 12 14652816 199332   2288 114404   32    0 60902    44 15727 3411 47  3 20 30  0	
 5 14 14652800 202948   2220 111828    0    0 68062    14 7523 2980 37  2 24 37  0	
 4 14 14652788 192648   2228 123660   16    0 65944    40 8026 2921 40  2 25 33  0	
 4 10 14652708 194560   2164 121208   48    0 99790    16 9728 4659 34  2 32 33  0	
 4 10 14652700 200720   2168 115600   16    0 65094    40 6564 3002 37  2 31 29  0	
 5  5 14652628 195752   2168 119260   48    0 64490     0 6213 3088 34  2 38 26  0	
 0  0 14652608 196132   2176 117616    0    0 15568    18 3115 2197 15  1 81  4  0	
 0  0 14652568 195704   2180 118384   16    0   402     0  939 1600  0  0 99  0  0	
 0  1 14652532 195176   2752 118968   16    0   570    36 1002 1661  0  0 99  1  0	
 0  0 14652520 195192   2752 118952    0    0     0     0  921 1593  0  0 100  0  0	
 0  0 14652448 195248   2752 118928   32    0    32     0  895 1589  0  0 100  0  0	
 0  0 14652440 195668   2760 118956    0    0     0     6  903 1586  0  0 99  0  0	
 0  0 14652388 195844   2760 119364   32    0   246     0  971 1617  0  0 99  0  0	
 0  0 14652356 196068   2892 119384   16    0    82     0  911 1568  0  0 99  0  0	
 0  0 14652340 195916   2900 119472   16    0    54    56  963 1608  0  0 99  0  0	
procs -----------memory---------- ---swap-- -----io---- --system-- -----cpu-----
 r  b   swpd   free   buff  cache   si   so    bi    bo   in   cs us sy id wa st
 0  0 14652280 195584   2900 119468   16    0    16     0  916 1600  0  0 100  0  0	
 0  8 14652264 229192   2760  55736    0    0 25160    16 22411 7171 35  4 44 17  0	
 3 16 14652216 183788   2524  94684   48    0 45520    48 10075 6235 27  2 31 40  0	
 3 13 14652180 205872   2420  73840   16    0 43638     0 4930 2578 27  1 34 38  0	
 4 15 14652168 196912   2440  83568   16    0 52136    96 4998 2775 27  1 34 38  0	
 2 17 14652036 195356   2292  49060   32    0 149004    74 60860 7891 36  3 18 43  0	
 5 14 14652000 206272   2268  36804   48    0 64158     0 5755 2982 28  2 34 37  0	
 6 13 14651988 208864   2156  32372   16    0 58890     0 8708 2812 38  2 20 40  0	
 4 15 14651920 202508   2124  41296   16    0 60552    16 10495 2942 36  3 28 33  0	
 5 13 14651912 202328   2248  43328   16    0 62880    28 8850 2844 38  2 29 31  0	
 3 16 14651856 204232   2240  42248    0    0 86550     0 8396 4061 35  2 32 31  0	
 3 19 14651820 186424   2388  59412   16    0 58408    14 5931 2873 34  2 34 30  0	
 5 13 14651756 199464   2276  47868   64    0 64076     4 7320 2897 36  2 29 33  0	
 0  1 14651692 190840   3132  54152    0    0 70012    64 12930 6404 24  3 45 28  0	
 0  1 14651656 196500   2792  47708   48    0 16200     0 2406 2098  0  1 98  1  0	
 0  0 14651644 202724   2760  41904    0    0 16498    54 2496 2156  0  1 97  2  0	
 0  0 14651576 212248   2760  32804   48    0 16256     0 2422 2122  0  1 98  1  0	
 0  0 14651560 215176   2756  30024   16    0  5994    72 1567 1847  0  0 98  1  0	
 0  0 14651512 214928   2764  30052    0    0     0     8  887 1581  0  0 100  0  0	
 0  0 14651476 214532   2764  31032   16    0   468     6  937 1619  0  0 99  0  0	
 0  0 14651468 210356   2764  35152   16    0  2252     0  961 1644  0  0 99  1  0	
procs -----------memory---------- ---swap-- -----io---- --system-- -----cpu-----
 r  b   swpd   free   buff  cache   si   so    bi    bo   in   cs us sy id wa st
 0  0 14651400 210108   2776  35420   16    0    24    12  930 1622  0  0 99  0  0	
 0  0 14651388 210372   2776  35416    0    0     0     6  875 1558  0  0 100  0  0	
 0  0 14651336 209776   2776  35360   48    0    48     0  909 1591  0  0 100  0  0	
 0  0 14651300 209804   2784  35412   16    0    16    12  929 1591  0  0 99  0  0	
 0  0 14651288 210132   2784  35440    0    0    50     0  896 1586  0  0 99  0  0	
 0  0 14651224 209900   2784  35516   32    0    32     0  933 1609  0  0 100  0  0	
 0  1 14651212 210248   2808  35896   16    0   156    58 1015 1707  0  0 99  0  0	
 4  0 14651164 205392   2808  39492   16    0  1890     0 1474 2354  1  0 94  5  0	
 3  8 14651128 209764   2692  66536   16    0 34612     0 16321 8635 29  3 37 31  0	
 3 10 14651120 229384   2848  48712   16    0 46508    80 14511 9594 28  3 43 26  0	
 5 12 14651044 204340   2376 113016   16    0 59624     0 7468 4575 29  2 41 28  0	
 4 12 14651032 207768   2376  71672    0    0 52842     0 7858 2955 30  3 38 30  0	
 4 13 14650996 193220   2384  83528   32    0 60484    30 5279 2873 29  3 41 28  0	
 0 20 14714444 157760   2484  77128    0 31748 48270 31828 23193 2955 46  6 10 39  0	
 8 16 14808316 195048   2216  68532   96 47006 205474 47062 36422 11288 37  3 22 39  0	
 4 15 14808280 201424   2216  67020   16    0 58922     0 12361 2756 37  2 21 40  0	
 5 13 14808264 195492   2216  72552    0    0 63074     0 5629 2993 29  3 27 41  0	
 5 15 14824764 191480   2216  82984   32 8286 80122  8296 9185 4389 26  2 35 36  0	
 4 13 14824752 218432   2292  51632   16    0 59788   102 6995 2838 32  2 28 38  0	
 2  7 14824704 218440   2276  50524   32    0 40482     0 4582 2587 17  1 38 44  0	
 1  0 14824496 201812   3192  66712   96    0 129148    28 23720 13715  1  1 76 22  0	
procs -----------memory---------- ---swap-- -----io---- --system-- -----cpu-----
 r  b   swpd   free   buff  cache   si   so    bi    bo   in   cs us sy id wa st
 0  1 14824428 184000   3192  84540   16    0  8838     0 2169 1922  0  0 97  2  0	
 0  0 14824416 183560   3216  84644   16    0    22   360 1009 1578  0  0 98  1  0	
 0  0 14824400 184940   3216  84684    0    0     0     0  867 1564  0  0 100  0  0	
 0  0 14824356 185520   3216  84688   32    0    32     0  867 1595  0  0 100  0  0	
 0  0 14824316 185452   3224  84640   32    0    32   154  934 1571  0  0 99  0  0	
 0  0 14824252 185160   3224  84760   16    0    54     0  896 1608  0  0 100  0  0	
 3  1 14824236 185724   3232  84752    0    0     0    14  825 1545  0  0 100  0  0	
 3  9 14824224 214728   2616  56156    0    0 25948     0 3955 3532 12  2 60 27  0	
 2 12 14891768 225164   2560 112592   48 33794 55252 33794 12365 7048 35  5 25 34  0	
 2 15 14891732 194500   2568 143148   16    0 58206    32 5337 2883 26  3 32 39  0	
 3 16 14894748 189460   2528 143552   16 1536 57562  1538 5466 2957 30  2 37 31  0	
 4 14 14897792 192560   2504 122968   16 1536 58080  1536 8900 3215 32  7 25 35  0	
 4 21 14916216 197336   2460 124900    0 9216 45342  9230 15061 2703 34  3 15 48  0	
 6 15 14922304 179936   2460 143524   32 3072 48618  3076 5918 2716 27  2 24 47  0	
 5 14 14922276 195440   2460 128700   16    0 60356     0 6341 2818 29  2 30 38  0	
 6 17 14987636 170344   2580 237928  334 32768 302032 32792 41296 15070 34  4 29 33  0	
11 15 14990456 200856   2636 206212  384 1536 43028  1550 7161 2592 22  2 37 39  0	
 3  8 14993516 188820   2680 218492    0 1536 51300  1562 4926 2784 25  2 37 35  0	
 3  3 15137832 180980   2956 305352   32 72192 88416 72348 13642 9247 15  3 60 22  0	
 1  7 15153164 157380   3092 330328   16 7680 38638  7686 4282 2556 19  2 46 32  0	
 1  0 15268616 285016   2992 388404   32 57758 78266 58090 10575 6475 16  2 58 23  0	
procs -----------memory---------- ---swap-- -----io---- --system-- -----cpu-----
 r  b   swpd   free   buff  cache   si   so    bi    bo   in   cs us sy id wa st
 3 13 15446972 424348   2996 414320   16 89186 12836 89186 7079 3761  4  7 70 19  0	
13  9 15450024 289308   3004 524424    0 1536 54824  1622 12765 5573 53  5 21 21  0	
 3 21 15453080 188780   3004 661260    0 1536 68860  1690 8077 3513 44  3 21 31  0	
 5 15 15478508 189856   3032 640416  400 12798 139584 12860 15389 6969 26  4 26 43  0	
 7 13 15478352 199292   3032 600516   64    0 62332     0 35108 3070 53  5 15 27  0	
 4 17 15478336 197832   2948 607908    0    0 58440    26 9484 2823 29  3 29 38  0	
 5 13 15478308 188900   2952 613168   16    0 54212     0 5933 2819 32  2 36 30  0	
 3 14 15478252 202304   3016 599676   16    0 58300     0 8823 2860 35  2 30 33  0	
 4 13 15478240 217984   2476 593168   16    0 62218    32 10328 4079 32  2 28 37  0	
 2 14 15478172 183892   2508 621868   32    0 61576     0 8611 5975 46  2 21 30  0	
 5 13 15478156 218900   2552 587716    0    0 59630    32 6361 3704 27  2 32 39  0	
 5 10 15478124 216792   2936 575324   32    0 55934    14 7312 3929 31  2 29 38  0	
 8  8 15478080 206644   2784 565540    0    0 69780    10 6639 3019 38  2 29 32  0	
 6  5 15478068 202620   2928 569864    0    0 67610   108 6720 3369 34  2 36 28  0	
 3  5 15477992 215164   2828 565536  464    0 69588    98 10070 5158 35  3 39 23  0	
 2  1 15477940 202076   2828 539928   16    0 68698   230 23317 5139 34  2 47 16  0	
 2  0 15477896 200932   2828 540860   32    0   158     0 5720 1742 16  1 83  0  0	
 2  0 15477888 200696   2836 541304    0    0   346    60 6169 1955 19  1 80  0  0	
 0  0 15477820 200468   2836 541624   32    0    32     0 4508 1637 11  1 88  0  0	
 0  0 15477804 200308   2836 541604   16    0   336     0  913 1559  0  0 99  0  0	
 0  0 15477756 200080   2844 542292   16    0    16    44  899 1574  0  0 99  0  0	
procs -----------memory---------- ---swap-- -----io---- --system-- -----cpu-----
 r  b   swpd   free   buff  cache   si   so    bi    bo   in   cs us sy id wa st
 0  0 15477720 199456   2844 542492    0    0   122     0  894 1561  0  0 99  0  0	
 2  1 15477708 217364   2740 507756   16    0  8394     0 7374 4711 11  2 78  8  0	
 8 12 15477636 226476   2748 511848   48    0 34120    48 24758 10497 24  5 49 22  0	
 6 15 15477628 195576   2740 484004    0    0 47390     4 10034 2821 31  2 37 30  0	
 5 19 15477584 209236   2732 468060   32    0 55350    10 8749 2785 25  2 27 46  0	
 1 15 15544112 195044   2896 487756   16 33282 53456 33294 8816 2910 29  6 20 44  0	
10 14 15546656 191440   2660 488872    0 1280 62248  1280 6406 2959 37  2 21 41  0	
 4 16 15546588 192756   2792 486464   16    0 57448     0 11080 2835 34  2 27 37  0	
 4 17 15549136 191044   2788 486796   16 1280 57994  1366 7307 2818 35  2 19 45  0	
 5 17 15645228 196364   2644 570360   80 48128 240144 48380 32153 11922 30  3 25 42  0	
 4 15 15645212 187604   2644 577816   16    0 66538     0 5948 2929 35  2 29 35  0	
 3 18 15651304 188984   2644 576860   48 3072 68116  3078 5734 2883 32  2 32 34  0	
 1  0 15673728 183340   2668 584772   48 11264 75096 11306 15115 6697 17  2 55 27  0	
 1  0 15673712 208608   2628 556708    0    0 15002     0 2452 2331  0  1 98  1  0	
 1  0 15673700 180560   2640 585720    0    0 14644   122 2403 2260  0  1 98  1  0	
 0  0 15673656 208320   2640 557284   16    0 14610     0 2333 2153  0  1 99  0  0	
 0  0 15673620 203304   2640 562640   16    0  2640     0 1133 1670  0  0 99  0  0	
 1  0 15673556 203956   2648 562636   32    0    32     8  849 1562  0  0 100  0  0	
 0  0 15673540 204944   2648 562636   16    0    16     0  829 1533  0  0 100  0  0	
 0  0 15673528 204692   2648 562608   16    0    16    48  877 1569  0  0 100  0  0	
 2  0 15673480 204840   2656 562632    0    0     0    28  875 1571  0  0 99  0  0	
procs -----------memory---------- ---swap-- -----io---- --system-- -----cpu-----
 r  b   swpd   free   buff  cache   si   so    bi    bo   in   cs us sy id wa st
 0  0 15673444 205024   2656 562640   16    0    16     0  877 1559  0  0 100  0  0	
 0  0 15673380 205176   2656 562632   64    0    64     0  865 1573  0  0 100  0  0	
 0  0 15673364 205356   2664 562636    0    0     0     6  859 1568  0  0 100  0  0	
 0  0 15673356 205364   2668 562640    0    0     2   148  912 1560  0  0 100  0  0	
 0  0 15673300 205228   2668 562644   32    0    32     0  905 1571  0  0 100  0  0	
 0  0 15673272 205848   2676 562644    0    0     0     6  853 1576  0  0 100  0  0	
 0  0 15673200 205864   2676 562660   32    0    32     4  912 1568  0  0 100  0  0	
 0  0 15673188 206232   2676 562620   32    0    32     0  859 1546  0  0 100  0  0	
 5  6 15673176 206244   2736 558576    0    0 23312   100 6667 3754 18  2 63 17  0	
 4  9 15673108 208828   2736 569240   16    0 52944     0 22242 12366 38  5 37 20  0	
 3 12 15673080 203880   2716 588536   32    0 62996     0 8548 5468 31  3 46 20  0	
 3 14 15673012 200692   3000 533240  112    0 55434    38 9042 2833 33  3 39 24  0	
 4 13 15673000 201844   3068 529976   14    0 55160     0 5234 2872 27  3 36 33  0	
 7 13 15672988 209516   2812 459572    4    0 57592    48 10039 2918 44  3 25 28  0	
 6 13 15672936 212924   3380 434216  112    0 49980     0 20325 2894 45  3 22 30  0	
 0 16 15672896 186664   3584 458168   32    0 49250   134 6055 2907 24  2 34 40  0	
 4 14 15672832 197480   3468 440740   32    0 46348     4 6399 2706 30  2 36 32  0	
 3 14 15672820 189460   3508 445620   16    0 54312   226 11557 2767 36  3 32 29  0	
 3 13 15672812 182060   3240 418320    0    0 59256    12 9440 2848 32  2 36 30  0	
 5 13 15672760 199620   3220 398160   16    0 68380     0 5762 2912 31  2 29 37  0	
 3 18 15672728 184976   3216 413560   32    0 65664    10 6186 2949 35  2 28 35  0	
procs -----------memory---------- ---swap-- -----io---- --system-- -----cpu-----
 r  b   swpd   free   buff  cache   si   so    bi    bo   in   cs us sy id wa st
 5 15 15672656 212056   3092 385664   32    0 64702   214 10536 3436 40  2 30 28  0	
 1  4 15672636 207128   2948 392548    0    0 41914     0 5031 2755 17  1 45 38  0	
 0  2 15672596 211940   2952 387004   32    0 37024   194 5863 2798  4  1 80 15  0	
 0  1 15672556 184428   3064 415808   16    0 34218     0 6331 2691  0  1 88 11  0	
 0  2 15672548 193768   3064 406596    0    0 35136     0 6843 2631  0  1 89 10  0	
 0  1 15672472 203924   3072 396012   48    0 34164    34 6591 2613  0  1 87 13  0	
 1  0 15672464 220332   3072 378956    0    0 31824     0 5396 2567  0  1 92  7  0	
 0  0 15672416 218740   3080 381088   16    0 20682    54 3733 2306  0  1 96  3  0	
 0  0 15672380 217772   3080 381084   16    0    16     0  909 1585  0  0 99  0  0	
 0  0 15672364 218444   3080 381220    0    0    48     0  940 1595  0  0 99  0  0	
 0  0 15672300 218120   3092 381312   32    0    34    22  939 1606  0  0 99  0  0	
 0  0 15672292 218476   3092 381284   16    0   208     0  911 1576  0  0 100  0  0	
 0  0 15672236 217980   3092 381736   16    0    32     4  958 1598  0  0 99  0  0	
 4  9 15672204 200412   3124 399184   16    0 29102    28 4755 4215 12  2 64 22  0	
 6 13 15738756 197856   3100 396424   16 33282 60884 33282 52994 6266 33  7 32 28  0	
 3 14 15738688 197876   2992 390820   32    0 61280     2 5615 2752 32  2 26 40  0	
 3 13 15740716 198848   2972 389932    0 1024 61760  1098 6105 2815 28  2 25 45  0	
 3 16 15740708 181860   2972 370068   16    0 55846     0 30656 2863 44  3 22 31  0	
 4 15 15740636 182136   2996 368148   32    0 56714     0 8142 2794 32  2 26 40  0	
 3  0 15755672 183632   2980 329624  160 7678 471480  7966 66631 24618 29  2 36 33  0	
 1  0 15755644 194328   2976 324308   32    0 17238     0 9157 2191  3  1 95  1  0	
procs -----------memory---------- ---swap-- -----io---- --system-- -----cpu-----
 r  b   swpd   free   buff  cache   si   so    bi    bo   in   cs us sy id wa st
 1  0 15755628 201988   2984 315964    0    0 16036   132 2375 2090  0  1 99  0  0	
 1  0 15755560 207560   2984 309872   48    0 16554     0 2432 2107  0  1 98  1  0	
 1  1 15755544 212584   2984 302836    0    0 16658     0 2466 2105  0  1 99  0  0	
 1  0 15755500 212308   2992 304236    0    0   192    10  967 1606  0  0 99  0  0	
 0  0 15755460 211928   2992 304276   48    0    48     0  900 1584  0  0 100  0  0	
 0  0 15755452 212284   2992 304348    0    0     0     2  869 1565  0  0 100  0  0	
 1  0 15755384 213364   3000 304328   32    0    32     6  873 1578  0  0 99  0  0	
 0  0 15755372 213796   3000 304352    0    0     0     0  892 1563  0  0 100  0  0	
 0  0 15755324 213828   3000 304356   32    0    32     0  865 1568  0  0 100  0  0	
 0  0 15755284 214476   3008 304376    0    0     0     8  883 1582  0  0 100  0  0	
 0  0 15755272 214716   3008 304400   16    0    52     0  884 1579  0  0 99  0  0	
 0  0 15755208 214644   3008 304444   48    0    48     0  878 1576  0  0 100  0  0	
 0  0 15755196 214380   3016 304424    0    0     0     8  842 1556  0  0 99  0  0	
 2 10 15755148 184360   3020 333820   16    0 15482   220 2834 3162  7  1 79 13  0	
 5 12 15755120 250044   3012 290264   32    0 55722     0 13839 6806 33  3 31 33  0	
 3 15 15755100 184076   3020 352580    0    0 62934    76 5212 2930 29  1 37 33  0	
 3 11 15755032 208432   3004 248920   32    0 61024     0 6322 2896 36  2 32 30  0	
 5 12 15755016 209780   2976 223892   16    0 61106     0 5922 2865 34  2 37 27  0	
 5 12 15754972 186008   2984 245052   32    0 56570    34 6471 2771 30  2 34 35  0	
 2 12 15754936 210664   2984 227068    0    0 62848     0 14119 2912 44  3 26 27  0	
 3 11 15754920 219808   2992 212988   32    0 58778    18 5186 2736 28  2 34 36  0	
procs -----------memory---------- ---swap-- -----io---- --system-- -----cpu-----
 r  b   swpd   free   buff  cache   si   so    bi    bo   in   cs us sy id wa st
 3 17 15754856 182748   2992 252600   16    0 62448     0 7576 2795 36  2 32 31  0	
 4 11 15754844 202108   2992 227984    0    0 66532     0 10579 2930 41  3 21 35  0	
 7 14 15754836 193748   2996 233380   16    0 64884    18 7386 2890 32  2 36 29  0	
 6 12 15761736 251268   3000 219796   32 3486 68348  3492 10362 4545 33  7 29 30  0	
10 14 15820280 216736   2996 279072    0 29282 62934 29282 8046 3828 31  4 32 33  0	
 6  6 15820216 187876   3008 307644   32    0 54990    76 5652 2960 30  2 41 28  0	
 4  3 15820204 194132   3008 261088    0    0 57502     0 5765 2813 33  2 44 22  0	
 3  2 15820152 213456   3004 241152   16    0 50380    38 4824 2713 24  2 55 19  0	
 3  4 15820144 201508   3012 253084   16    0 46860    84 4922 2570 27  2 52 19  0	
 1  0 15820108 210636   3120 244948   16    0 36186   190 3937 2469 19  1 64 16  0	
 0  0 15820044 210156   3120 244560   32    0    32     0  985 1601  0  0 99  0  0	
 0  0 15820028 210544   3128 244560    0    0     0    58  871 1578  0  0 99  0  0	
 0  0 15819980 211228   3128 244560   32    0    32     4  894 1605  0  0 99  0  0	
 0  0 15819940 211696   3128 244624   16    0    52     0  928 1564  0  0 99  0  0	
 0  0 15819928 212096   3136 244628    0    0     0    16  891 1586  0  0 99  0  0	
 0  0 15819864 210896   3136 245272   48    0   368     0  958 1599  0  0 99  0  0	
 0  0 15819852 210728   3136 245276    0    0     0     0  900 1570  0  0 100  0  0	
 3 13 15819808 201060   3144 255748   32    0  5224    12 2689 3109  4  1 90  6  0	
 4 10 15819764 197028   3012 241428   16    0 60078     0 11259 5592 34  3 42 22  0	
 3 12 15819752 215032   3020 215116    0    0 59972    58 10745 7306 29  2 42 26  0	
 4 14 15819684 211232   3012 190808   32    0 62288     0 5695 2831 33  2 40 25  0	
procs -----------memory---------- ---swap-- -----io---- --system-- -----cpu-----
 r  b   swpd   free   buff  cache   si   so    bi    bo   in   cs us sy id wa st
 4 11 15819672 201708   3012 200984   16    0 60214     0 5171 2799 28  1 35 35  0	
 7 12 15819640 203992   3020 161164   16    0 60342   124 7484 2999 37  2 28 32  0	
 4 18 15819612 203912   2664 104008   16    0 55792    20 15699 2822 44  3 20 32  0	
 4 17 15819580 207604   2552 108484   16    0 48176    12 4770 2699 21  2 33 44  0	
 4 11 15819512 209180   2660 107824   16    0 56666   142 5547 2765 31  2 36 32  0	
 5 12 15819500 198208   2660 112648    0    0 61214     6 13835 3129 37  5 22 35  0	
 1 13 15819484 185788   2664 139816   16    0 61934    90 8343 2905 32  2 30 36  0	
 4 21 15819424 201824   2716 122208   48    0 62814     0 5151 2798 28  2 41 30  0	
 0 14 15819396 198328   2960 125280    0    0 48934     0 4749 2645 23  1 33 42  0	
 5 13 15819336 187340   4012 133988   16    0 50182    62 7187 2792 32  2 28 38  0	
 1 11 15819320 190944   4504 125900   32    0 41096     0 5180 2747 21  1 34 44  0	
 0  4 15819272 203284   4868 108644   16    0 34016     4 4433 2817 11  1 55 32  0	
 1  6 15819236 208172   4716 107788   16    0 27820   122 4142 2758  2  1 71 26  0	
 0  4 15819224 202400   5084 115168   16    0 26118     8 4216 2653  0  1 74 25  0	
 1  3 15819152 203308   6028 112728   16    0 27214     2 4040 2508  0  1 76 23  0	
 0  3 15819144 212156   5860 104232    0    0 30008    38 5206 2604  0  1 81 18  0	
 0  2 15819092 200904   5756 116848   32    0 32884    48 5577 2835  0  2 82 16  0	
 1  2 15819056 198136   5760 118540   16    0 35176    18 5685 2772  0  1 82 17  0	
 0  0 15819048 202288   5764 114740    0    0 13576     2 3276 2118  0  1 93  6  0	
 0  0 15818980 202156   5764 115036   48    0   248     0  940 1602  0  0 99  0  0	
 0  0 15818968 202400   5772 115144    0    0     0     6  898 1578  0  0 99  0  0	
procs -----------memory---------- ---swap-- -----io---- --system-- -----cpu-----
 r  b   swpd   free   buff  cache   si   so    bi    bo   in   cs us sy id wa st
 1  0 15818920 202656   5772 115144   16    0    22     8  920 1598  0  0 100  0  0	
 5  8 15853508 205872   4284 120796   32 17310 33702 17316 10888 6118 18  4 48 29  0	
 4 15 15892600 194824   3168 164764   16 19556 51016 19598 10314 6511 31  4 29 36  0	
 1 16 15895608 186136   3168 174432   32 1536 56582  1624 4961 2785 26  2 27 45  0	
 4 15 15895596 185184   3168 131836   16    0 59856     0 5403 2745 31  2 27 40  0	
 4 14 15895548 187896   3176 131264   16    0 55116     6 4913 2747 27  1 27 45  0	
 1 20 15895516 158656   3176 137736   32    0 50634     2 9775 2854 40  2 20 38  0	
11 12 15909832 184672   3152 119280   16 7168 45202  7308 9801 2702 25  2 38 35  0	
 4 14 15909764 183072   3160 118268   32    0 56248    46 6823 2782 30  2 27 41  0	
10 15 15958900 198992   3088 166732    0 24576 48154 24578 6917 2717 29  3 37 31  0	
 5 16 15961416 189144   3200 173888   16 1280 48790  1320 9141 2653 27  2 19 52  0	
 5 14 15966496 189904   3208 175892   32 2560 100664  2582 14504 4586 34  2 27 36  0	
 3 17 15966424 189824   3208 177120   32    0 62020     4 5837 2911 32  2 27 39  0	
 5 12 15971536 187908   3240 178920   16 2560 57950  2578 6510 2843 29  2 24 45  0	
 4  6 15971520 189436   3408 176384    0    0 61998     0 6242 3146 34  2 30 35  0	
 1  1 16099056 271044   3544 185424    0 63850 16486 63906 6039 2699 10  6 73 11  0	
 1  0 16311720 519104   3552 186500   48 106290   616 106424 6020 2219  0  9 87  4  0	
 1  0 16526700 621296   3552 188044   32 107520   544 107520 4223 2177  0  9 90  1  0	
 0  0 16627292 645248   3552 187996    0 50310     0 50310 1566 1693  0  4 96  0  0	
 0  0 16627284 645148   3560 187984    0    0     0     8  883 1563  0  0 100  0  0	
 1  0 16627232 645036   3560 188008   32    0    42     0  904 1604  0  0 99  0  0	
procs -----------memory---------- ---swap-- -----io---- --system-- -----cpu-----
 r  b   swpd   free   buff  cache   si   so    bi    bo   in   cs us sy id wa st
 0  0 16627200 645664   3560 188008   16    0    16     0  891 1587  0  0 99  0  0	
 0  0 16627132 646224   3568 188000   32    0    32    10  890 1591  0  0 99  0  0	
 0  0 16627116 646540   3568 188012   16    0    16   172  948 1572  0  0 100  0  0	
 0  0 16627104 646284   3568 188008    0    0     0     0  883 1572  0  0 100  0  0	
 0  0 16627056 646680   3576 188012   16    0    16    54  903 1586  0  0 100  0  0	
 0  0 16627028 647448   3576 188012   32    0    32     0  893 1586  0  0 100  0  0	
 0  0 16626960 647576   3576 187980   16    0    16     0  882 1556  0  0 100  0  0	
 0  0 16626948 647300   3584 188012    0    0     0    16  872 1569  0  0 99  0  0	
 6  9 16626936 644376   3748 189808   16    0  1026     0 1843 2863  1  1 97  1  0	
 5 10 16626884 525024   3760 268764   32    0 39712   292 12226 5384 43  4 30 23  0	
 3 11 16626848 444792   3764 386096   16    0 58876     2 12672 8194 29  3 37 32  0	
 4 11 16626784 319524   3764 508508   32    0 60842     0 5627 2822 33  2 35 31  0	
 5 12 16626768 201528   3772 624868    0    0 58552     8 4909 2740 27  1 43 28  0	
 5 14 16626752 200716   3500 570144    0    0 60642    18 6706 2826 33  2 38 27  0	
 7 12 16626704 199052   3276 533284   48    0 47834    56 13138 2749 40  3 24 34  0	
 5 18 16626672 191620   3020 539992   16    0 57846    30 10627 2769 31  2 30 37  0	
 3 13 16626600 202396   2948 527108   16    0 58164    22 6308 2778 34  2 24 40  0	
 4 14 16626592 184428   3048 543224   16    0 58034    68 7904 2676 27  2 37 34  0	
 4 15 16626576 203892   2656 488888    0    0 53002   120 13952 2792 38  3 21 39  0	
 4 20 16626528 191788   2692 501264   32    0 61280    54 5241 2765 27  2 36 35  0	
 2  3 16626424 192652   2896 499476   96    0 128914   152 14641 7145 27  1 32 39  0	
procs -----------memory---------- ---swap-- -----io---- --system-- -----cpu-----
 r  b   swpd   free   buff  cache   si   so    bi    bo   in   cs us sy id wa st
 0  2 16626408 192408   2916 500544    0    0 48414     0 6273 3548 12  1 59 28  0	
 0  3 16626360 196984   3376 495140   16    0 26188   136 4079 2512  0  1 82 17  0	
 0  4 16626316 201120   3384 490080   16    0 26512   184 3885 2514  0  1 76 23  0	
 2  1 16626256 205608   3384 487128   32    0 28282     0 4231 2496  0  1 83 17  0	
 0  0 16626240 180884   3396 511148   16    0 26540    70 4305 2428  0  1 89 11  0	
 2  1 16626232 180776   3396 511324    0    0 28544     0 4279 2620  0  1 96  3  0	
 1  0 16626176 185776   3396 507464   16    0 26450     0 3870 2489  0  1 96  3  0	
 0  0 16626148 204748   3396 487760   16    0 18730     8 3151 2325  0  1 98  1  0	
 1  0 16626072 204524   3396 487652   48    0    48     0  911 1608  0  0 99  0  0	
 0  0 16626060 204932   3396 487680   16    0   146     0  899 1572  0  0 100  0  0	
 0  0 16626048 186596   3512 506076   16    0  9082     6 1904 2929  1  1 84 14  0	
 4 10 16626000 221128   3504 502528    0    0 50560     0 10479 6769 26  2 41 31  0	
 4 14 16625968 203404   3504 519604   16    0 51238   144 6082 2778 33  2 24 41  0	
 0 13 16625920 204252   3508 494204   16    0 57410    36 5011 2729 27  2 32 39  0	
 2  0 16625892 192244   3060 231356   48    0  4798    70 6522 1917  6  8 81  5  0	
 3  0 16625880 197900   3060 231588    0    0    18     0 10765 1857  8  9 83  0  0	
 2  0 16625828 192940   3128 188284 28918    0 29336    16 10603 4621  5  9 83  3  0	
 6 12 16571384 198816   2736 195164   16    0 43874     0 20924 2601 46  5 23 26  0	
 4 12 16571308 191672   2736 204064   32    0 74636     0 11429 3719 32  3 21 43  0	
 6 12 16571300 195216   2632 200952    0    0 63958    30 7220 2817 33  2 36 28  0	
 2 19 16566984 193892   2632 198880  752    0 57498     0 13357 2882 42  3 20 36  0	
procs -----------memory---------- ---swap-- -----io---- --system-- -----cpu-----
 r  b   swpd   free   buff  cache   si   so    bi    bo   in   cs us sy id wa st
 8 12 16566880 191756   2632 203680   64    0 59056     0 6829 2829 32  2 32 35  0	
 5 13 16566864 200440   2640 195264    0    0 62380    10 5537 2900 29  2 34 35  0	
 3 20 16566744 185212   2640 211796   80    0 59532     0 8236 2908 34  2 20 45  0	
 5 14 16566728 196700   2640 200572    0    0 67484     0 5748 2977 29  2 27 42  0	
 4 12 16566668 370324   2860 301724   48    0 58174    12 5435 2832 27  2 31 41  0	
 8 12 16566604 241880   2928 429748   64    0 64172     0 5885 3435 30  2 33 35  0	
 1  2 16566572 191228   3312 481152    0    0 40292     0 5597 2889 21  1 55 23  0	
 0  0 16566512 193264   3324 477500   16    0 28914   106 3907 2513  4  1 87  9  0	
 0  1 16566496 202464   3364 468232   16    0 25636   202 3694 2432  0  1 93  6  0	
 0  3 16566448 208576   3364 460108    0    0 26274     0 3924 2481  0  1 93  6  0	
 0  0 16566412 184080   3372 486604   32    0 27708    88 3714 2522  0  1 93  6  0	
 0  0 16566400 195708   3372 475148   32    0  9086     0 1752 2007  0  1 97  2  0	
 0  0 16566332 195120   3372 475484   32    0   194     0  978 1627  0  0 99  0  0	
 0  0 16566320 195180   3380 475752    0    0     0    10  882 1573  0  0 99  0  0	
 0  0 16566272 196032   3384 475732   32    0    34     0  883 1590  0  0 100  0  0	
 5 13 16566240 201644   3404 467464    0    0 15424     0 3427 3174 10  1 80  8  0	
10 10 16635820 239040   3252 451912   32 34818 52076 34846 18175 8727 33  6 37 24  0	
 6 13 16635752 193848   3248 481336   64    0 59664     0 7381 4752 29  2 37 31  0	
 0 11 16620620 188136   3020 464716 11856 4218 57556  4218 4302 3712 17  2 41 40  0	
 3 13 16617632 187664   2892 449412 6560 5120 60384  5126 7289 4804 39  3 40 19  0	
10  2 16591212 193240   2872 420920 12226    0 59434     0 7573 3537 35  2 27 36  0	
procs -----------memory---------- ---swap-- -----io---- --system-- -----cpu-----
 r  b   swpd   free   buff  cache   si   so    bi    bo   in   cs us sy id wa st
 7 13 16587000 184412   2880 417028 4896 2816 62962  2824 9793 3392 50  3 24 24  0	
 4 12 16589988 192160   2880 412452   48 1536 57328  1536 12984 2935 47  3 26 24  0	
 3 15 16589968 191660   2884 408376    0    0 66194     4 6258 2936 32  2 32 34  0	
 3 17 16592984 189100   2888 413164   64 1536 56254  1586 10279 2764 38  2 23 36  0	
 1  0 16592664 189148   3284 418220  752  132 295484   274 37920 15527 28  2 41 29  0	
 1  0 16592628 202456   3284 404160    0    0 17406     0 2518 2227  0  1 99  0  0	
 3  0 16592560 192824   3292 413700   64    0 18048   130 2495 2172  0  1 98  1  0	
 1  0 16592540 203520   3292 404148   32    0 17506     0 2498 2157  0  1 98  1  0	
 1  0 16592528 190132   3292 417812    0    0  6602     0 1507 1787  0  0 98  1  0	
 1  0 16592480 190528   3304 417984    0    0     2   286  938 1573  0  0 99  0  0	
 1  0 16592452 190704   3304 417988   32    0    32     0  904 1585  0  0 100  0  0	
 1  0 16592384 190624   3304 417944  112    0   120     0  908 1577  0  0 99  0  0	
 1  0 16592372 190924   3312 417996    0    0     0    10  880 1569  0  0 99  0  0	
 1  0 16592360 191032   3312 418008    0    0     0     0  871 1564  0  0 100  0  0	
 1  0 16592312 190520   3336 417976   48    0    60     0  899 1590  0  0 99  0  0	
 1  0 16592272 191404   3348 418008   32    0    32    34  883 1598  0  0 100  0  0	
 1  0 16592208 191644   3348 418000   64    0    64     0  898 1589  0  0 99  0  0	
 5 10 16592196 204312   3340 404340   16    0  7952     0 2430 3020  4  1 89  6  0	
11  8 16592176 202496   3344 401388    0    0 56326    22 15110 8915 28  3 41 27  0	
 6 12 16592100 191456   3344 441520   80    0 58436     0 10010 4420 33  2 28 37  0	
 1 14 16591972 180428   3344 449372  224    0 50938     0 4146 2560 20  1 32 47  0	
procs -----------memory---------- ---swap-- -----io---- --system-- -----cpu-----
 r  b   swpd   free   buff  cache   si   so    bi    bo   in   cs us sy id wa st
 5 12 16570912 185336   3160 422528 10416    0 60690    10 6265 4230 31  2 27 40  0	
 9  2 16548816 208644   2988 376108 11088    0 62352     0 7032 3828 31  2 28 39  0	
 5 12 16525268 199528   2936 362044 11760    0 65422     0 10962 4276 46  3 25 26  0	
 3 11 16525184 188796   2944 367348   64    0 58240    58 11335 2882 42  3 23 33  0	
 5 11 16525152 198812   2944 354304   32    0 60562     0 7738 2860 34  2 36 29  0	
 6 14 16525036 207908   2944 345372   96    0 62496    86 8134 2867 33  2 27 38  0	
 3 13 16496020 202588   2952 322820 14942    0 123816    88 24800 7535 37  2 30 30  0	
 5 14 16495944 204608   2952 322232   80    0 60950     0 6014 2818 33  2 22 43  0	
 2  6 16495908 200380   3012 324360   32    0 61006    14 5842 3036 29  2 40 29  0	
 2  5 16495788 202164   3016 325152   80    0 48454     0 6962 2957 25  2 37 37  0	
 0  2 16495772 192608   3152 334488   16    0 33054     0 4707 2807  9  1 73 16  0	
 0  1 16495728 210676   3152 315596   48    0 22386   110 3639 2409  0  1 90  9  0	
 0  2 16495692 198628   3152 327772   32    0 22112     0 3239 2321  0  1 91  8  0	
 0  0 16495680 199644   3160 326168    0    0 24068     8 3602 2355  0  1 91  8  0	
 0  1 16495612 191040   3160 335204   64    0 23746     0 3563 2295  0  1 92  7  0	
 0  0 16495604 187032   3160 337428    0    0 17144     0 3038 2140  0  1 98  2  0	
 0  0 16495548 187600   3168 337968   16    0    16    52  944 1603  0  0 99  0  0	
 0  0 16495512 187364   3168 337916   48    0    48     0  911 1570  0  0 100  0  0	
 0  0 16495496 187308   3168 337960    0    0     0     0  894 1574  0  0 100  0  0	
 0  0 16495432 187908   3176 337944   32    0    32    20  856 1575  0  0 100  0  0	
 0  0 16495420 187868   3176 337956   16    0    16     0  871 1570  0  0 100  0  0	
procs -----------memory---------- ---swap-- -----io---- --system-- -----cpu-----
 r  b   swpd   free   buff  cache   si   so    bi    bo   in   cs us sy id wa st
 0  0 16495376 188108   3176 337896   48    0    48   134  927 1571  0  0 100  0  0	
 0  0 16495340 188220   3184 337952   16    0    16    12  895 1597  0  0 100  0  0	
 4  7 16495328 262496   3220 306036   32    0 38908     0 12179 6468 26  4 49 20  0	
 4  9 16495220 227824   3132 325764  112    0 58294   118 16017 10742 33  4 37 25  0	
 4 15 16495204 205012   3140 349420    0    0 61020   226 5134 2874 29  1 45 25  0	
 3 12 16477128 199132   3012 339048 9088    0 58176    30 5641 4417 27  2 28 43  0	
 1 21 16466272 192284   3004 346956   90    0 61476     0 6528 2774 31  2 33 34  0	
 4 12 16450784 200756   2996 319292 7696    0 55638    30 12346 3935 50  3 22 26  0	
 5 12 16450680 204728   2996 318088   96    0 59234     0 8749 2930 38  2 25 34  0	
 3 12 16450668 185752   3004 334872    0    0 64088    10 5676 2854 30  2 32 36  0	
 4 13 16450584 191620   3028 326112   64    0 55902    40 9950 2893 40  2 23 35  0	
 2 17 16450532 188764   3028 328796   32    0 61054     0 8779 2796 32  2 35 31  0	
 5 13 16428780 194508   3036 304872 11936    0 57160    16 11669 4485 46  4 18 33  0	
 2 15 16428712 192116   3048 305332   32    0 58800     0 5459 3021 27  2 31 39  0	
 3 12 16428700 199980   3028 299392    0    0 70382     0 9831 4938 35  3 34 28  0	
 4  8 16428684 181072   3032 317880   32    0 63330    62 5833 3041 31  2 33 35  0	
 4  8 16428636 211712   3032 285188   32    0 63712     0 5810 2892 31  2 41 26  0	
 3  4 16399636 189132   3032 281304 14496    0 56456    84 6135 4428 31  2 48 19  0	
 3  3 16399568 191328   3020 279592   64    0 47132   234 4432 2647 22  1 59 17  0	
 3  2 16399508 192312   3020 279144   64    0 52170    14 5186 2902 24  2 53 21  0	
 0  0 16399460 192308   3032 279124   16    0  5162    72 1675 1914  4  0 94  1  0	
procs -----------memory---------- ---swap-- -----io---- --system-- -----cpu-----
 r  b   swpd   free   buff  cache   si   so    bi    bo   in   cs us sy id wa st
 0  0 16399424 192376   3032 279124   48    0    48     0  888 1569  0  0 100  0  0	
 0  0 16399412 192580   3040 279120    0    0     0    38  872 1585  0  0 99  0  0	
 0  0 16399348 192496   3044 279124   32    0    34     2  918 1596  0  0 100  0  0	
 0  1 16399336 200884   3036 269164   32    0  9660     0 2715 3451  1  2 83 13  0	
 5 11 16399288 228648   3036 253084   16    0 45708    66 12999 9521 26  3 46 25  0	
 4 12 16399224 204252   3036 299784   32    0 55622     0 6118 2916 35  2 30 33  0	
 4 11 16399216 207712   3036 297240   16    0 62994     0 5356 2901 30  2 39 30  0	
 6 12 16345904 182664   3016 274124 26720    0 63048    34 7855 5389 29  3 33 35  0	
 2 19 16345872 193048   2952 266412   32    0 66532     0 9955 2984 41  3 29 28  0	
 7 12 16327268 191772   2960 253092 8272    0 56106    64 10836 3799 49  4 23 25  0	
 7 14 16327212 203056   2972 240496   32    0 55996    60 10528 2825 31  2 30 37  0	
 5 16 16327188 190328   2928 250656    0    0 59916    24 9809 2948 44  2 23 30  0	
 3 14 16327072 197480   2928 243948   80    0 57546    22 8853 3038 32  3 16 49  0	
 6 12 16327056 183324   2924 261536   16    0 78470    74 8376 3514 29  2 34 36  0	
 4 12 16326960 190652   2928 255736   48    0 73758     0 8862 3839 34  2 27 37  0	
 4 15 16326880 187276   3044 258812   64    0 56868   118 6912 3906 30  3 22 46  0	
 7  9 16390036 189688   2912 265448   32 31610 56854 31610 6808 3864 27  4 36 33  0	
 5 10 16388840 188080   2924 248860 8334 7682 49820  7828 6432 3829 33  2 31 33  0	
 5  7 16391904 193772   2920 243132   16 1536 64010  1536 5699 2873 31  2 37 30  0	
 3  5 16384672 195056   2920 226344 7686 6144 49954  6144 5495 4867 25  2 41 32  0	
 2  4 16393848 189768   2920 231468   16 4608 49936  4616 4714 2657 24  2 47 27  0	
procs -----------memory---------- ---swap-- -----io---- --system-- -----cpu-----
 r  b   swpd   free   buff  cache   si   so    bi    bo   in   cs us sy id wa st
 2  0 16637408 454792   3060 257084   96 121854 46044 121916 9299 5220 11  5 69 15  0	
 1  1 16847280 615604   3060 256756   16 104960   114 104960 4031 2195  0  9 89  2  0	
 1  0 17059184 669516   3072 257240   32 105984    70 106096 3846 2094  0  9 89  2  0	
 3 10 17206116 625336   3072 317464    0 73474 30008 73474 11429 6205 16  8 61 15  0	
 8 11 17205712 477028   3072 430404  192    0 56822     0 10166 6137 35  2 44 18  0	
 3 13 17200604 359660   3080 539948 3808 1280 58976  1306 9352 3311 40  2 39 19  0	
 0 16 17189324 259596   3080 642424 1086 1536 51900  1536 5416 2614 20  2 40 39  0	
 2 16 17182824 194420   3084 693336 6288 3072 60306  3074 7554 3470 35  2 32 31  0	
 7 14 17182748 193068   3084 695144   64    0 55936     0 6375 2775 34  2 22 42  0	
 3  3 17287680 243148   3188 782816 2024 54452 516530 54768 80539 29981 28  2 35 35  0	
 2  5 17287656 179968   3520 847736   32    0 50646   158 6766 2634 25  1 52 22  0	
 3  4 17287600 185532   4116 838964   48    0 48130     2 4674 2689 23  1 47 28  0	
 3  2 17287584 184764   4788 840384   16    0 47824    24 4587 2649 23  2 52 24  0	
 1  0 17275256 208824   4924 811064 2112    0 29860     6 3685 2704 18  1 74  6  0	
 0  0 17275220 208108   4924 810724   16    0    40     0  993 1596  1  0 99  0  0	
 0  0 17275168 208616   4932 810748   16    0    26    52  935 1626  0  0 99  0  0	
 2 11 17275136 205452   4932 814624   16    0  1944     0 1855 2828  1  1 97  1  0	
 4  8 17275128 207496   4932 826700    0    0 54586     0 14827 7578 33  3 33 32  0	
 5 11 17275080 201332   4760 847652   32    0 55770    26 9451 6388 28  2 33 36  0	
 4 10 17275040 209140   4396 838564   32    0 59590     0 5520 2808 30  2 41 27  0	
 5 11 17248380 194088   4204 830104 13280    0 54806     6 5940 4163 27  2 26 45  0	
procs -----------memory---------- ---swap-- -----io---- --system-- -----cpu-----
 r  b   swpd   free   buff  cache   si   so    bi    bo   in   cs us sy id wa st
 5 13 17248352 201292   4196 822712    0    0 59960     0 5309 2806 29  2 39 30  0	
 3 13 17248340 186932   4332 833800   16    0 62100     0 16755 2956 46  3 20 31  0	
 3 12 17248284 187900   5320 833964   16    0 58368   180 8119 2815 31  2 34 32  0	
 2 13 17248248 190988   6012 828296   16    0 55176     0 6523 2925 26  2 35 37  0	
 1 13 17314764 189356   6324 819516   16 33282 51486 33282 51392 3092 30  6 31 34  0	
 5 15 17314728 197468   6272 802028    0    0 59048    58 6265 2839 27  2 32 39  0	
 0  0 17350268 193872   6648 806388  410 17918 231530 18160 34758 13098 25  2 38 35  0	
 0  0 17350256 208128   6296 792304   16    0 14608     0 3224 2145  0  1 99  1  0	
 1  0 17350208 209540   6008 792512   16    0 14032     0 3257 2100  0  1 99  0  0	
 0  0 17350176 210044   5972 791788    0    0 13632   122 3150 2075  0  1 99  0  0	
 1  0 17350160 193500   5952 808816   16    0 13906     0 3319 2056  0  1 99  0  0	
 0  0 17350096 189808   5952 812012   32    0  1568     0 1138 1633  0  0 99  0  0	
 0  0 17350080 190392   5960 812040    0    0     0     8  918 1591  0  0 100  0  0	
 1  0 17350032 190976   5960 812040   16    0    16     0  889 1578  0  0 100  0  0	
 0  0 17350000 191188   5984 812060    0    0    12    42  928 1613  0  0 99  0  0	
 0  0 17349980 191312   5996 812040   16    0    16    48  928 1598  0  0 99  0  0	
 0  0 17349912 191048   5996 812032   32    0    32     8  894 1592  0  0 100  0  0	
 0  0 17349900 191308   5996 812040   16    0    16     0  855 1565  0  0 100  0  0	
 4 11 17349856 182220   6008 819756   16    0  3922    18 2256 3129  3  2 93  3  0	
 4 11 17349820 180528   5664 813520    0    0 56066     6 17137 9788 31  4 36 28  0	
 3 11 17333968 201988   5044 810616 1024    0 54838     0 7826 3770 38  2 33 27  0	
procs -----------memory---------- ---swap-- -----io---- --system-- -----cpu-----
 r  b   swpd   free   buff  cache   si   so    bi    bo   in   cs us sy id wa st
 1 21 17333316 181156   5024 834132  160    0 79648   528 8427 3713 27  2 37 34  0	
 4 12 17319040 198248   4532 814204  848    0 47312     0 5135 3125 26  2 31 41  0	
 4 12 17318988 191120   4540 819952   48    0 61808    14 6481 2880 34  2 38 27  0	
 4 11 17318952 184224   4540 832444    0    0 64070     0 12649 2976 42  3 30 25  0	
 6 13 17318908 187768   4540 827344   16    0 68594     0 9786 3080 35  2 31 32  0	
 5 13 17318872 189784   4548 822092   16    0 62862    10 6851 2882 36  2 30 33  0	
 6 12 17318860 197096   4548 826876    0    0 70144     0 9445 3066 36  3 38 24  0	
10 10 17294552 201372   4548 821924   32    0 62144    44 12169 3443 50  5 25 20  0	
 9  6 17294476 209068   4556 814804   16    0 54234    48 13788 5297 64  6 14 16  0	
 3  4 17293740 204556   4556 818108   16    0 55410     0 8018 3382 46  3 33 18  0	
 3  2 17265504 182356   4564 840972  368    0 47472   112 5147 2703 28  2 54 17  0	
 3  6 17265496 194024   4560 828928   16    0 49320     0 4561 2586 24  2 59 16  0	
 2  0 17265444 192012   4560 831576   16    0 34440    92 3917 2538 19  1 70 10  0	
 0  0 17265408 194400   4572 829648   16    0  2430    56 1549 1772  4  0 95  1  0	
 0  0 17265368 193836   4572 829644   32    0    32     0  881 1586  0  0 99  0  0	
 0  0 17265332 193940   4572 829680   16    0    16     2  940 1593  0  0 100  0  0	
 0  0 17265324 193872   4580 829684    0    0     0     6  868 1551  0  0 100  0  0	
 0  0 17265268 194344   4580 829660   16    0    16     6  944 1597  0  0 100  0  0	
 0  0 17265236 194284   4580 829684   16    0    16     0  891 1577  0  0 100  0  0	
 0  0 17265184 194512   4588 829696   16    0    16    12  891 1595  0  0 99  0  0	
 7  3 17265156 202148   4588 821632   16    0 12822   150 4354 3487 18  2 73  6  0	
procs -----------memory---------- ---swap-- -----io---- --system-- -----cpu-----
 r  b   swpd   free   buff  cache   si   so    bi    bo   in   cs us sy id wa st
 5  9 17265144 205420   4584 762248   16    0 49388    36 16836 9613 52  5 24 19  0	
 4 10 17265096 216096   4544 792200   16    0 55662    44 6911 3423 39  2 31 28  0	
 8 10 17265064 188596   4528 821140    0    0 55524     0 5691 2986 31  2 30 36  0	
 4 12 17256848 186424   4568 824120   32    0 54344    32 6063 3073 34  2 38 26  0	
 5 11 17256788 202292   4560 802484   32    0 59104    66 8123 2859 36  2 30 32  0	
 5 15 17256772 192584   4560 813552   16    0 57438     0 11980 2822 41  3 31 26  0	
 3 11 17256724 191280   4568 815504   32    0 62112    60 7934 2905 31  2 35 33  0	
 6 13 17256688 199596   4568 805168    0    0 62740     0 6139 3021 32  2 37 30  0	
 6 13 17256640 205516   4524 799688   28    0 65696     0 7378 3007 34  2 31 33  0	
 3  8 17250964 189360   4552 811868 1676    0 53710   110 11543 3372 38  3 25 34  0	
 4  6 17250952 188504   4548 813568    0    0 59746     0 11689 4708 31  3 36 30  0	
 4  4 17249940 191020   4560 810060  530    0 59028   116 5626 3100 30  2 38 30  0	
 3  2 17249904 187176   4560 813228   16    0 58718     0 5310 2792 29  2 52 18  0	
 3  3 17242168 204900   4560 788132 3858    0 47052     0 5024 2976 26  2 53 19  0	
 2  0 17242140 194980   4568 798664    0    0 44806    60 4367 2550 23  1 64 12  0	
 0  0 17242124 181896   4568 811732   16    0  6544     0 1618 1809  4  0 95  0  0	
 0  0 17242080 180948   4568 812900   32    0   352   168  998 1599  0  0 99  0  0	
 0  0 17242044 181792   4576 812912    0    0     0    70  906 1594  0  0 99  0  0	
 0  0 17241996 181088   4576 812948    0    0     0     0  921 1592  0  0 100  0  0	
 0  0 17241960 180584   4576 812884   32    0    32     6  864 1541  0  0 100  0  0	
 0  0 17241944 181540   4584 812912    0    0     0    14  841 1570  0  0 100  0  0	
procs -----------memory---------- ---swap-- -----io---- --system-- -----cpu-----
 r  b   swpd   free   buff  cache   si   so    bi    bo   in   cs us sy id wa st
 0  0 17241900 181192   4584 812912    0    0     0     0  846 1539  0  0 100  0  0	
 5 11 17241860 208368   4580 786236   16    0  2256     0 2392 3041  2  1 96  1  0	
 4 10 17241852 204920   4588 786588   16    0 55376    28 15472 9239 30  3 38 29  0	
 3 13 17241784 207028   4588 787924    0    0 59660   110 6264 3689 29  2 33 36  0	
 4 13 17241776 191456   4580 803572   16    0 60852    22 5133 2754 28  2 42 28  0	
 5 12 17241728 203140   4584 791244   16    0 70672    40 5999 3131 31  2 43 24  0	
 5 12 17241692 187512   4584 806736    0    0 62342     0 8701 2807 34  2 31 32  0	
 3 14 17241672 217756   4564 775692   32    0 62560    30 9961 2873 36  2 32 29  0	
 2 12 17241608 209188   4564 783224    0    0 64122    16 8990 2953 36  2 25 37  0	
 4 12 17241596 187916   4564 802160    0    0 63814     0 5554 2829 32  2 37 30  0	
 4 12 17241548 189684   4576 801176   16    0 62348    88 11716 2779 37  3 34 27  0	
 4 12 17241508 206420   4576 786640    0    0 98612     0 13077 4469 32  2 38 28  0	
 4 14 17241444 192152   4580 800636   16    0 68310   134 5859 2971 33  2 35 30  0	
 2  6 17241428 213808   4576 778588   16    0 56672     2 5147 3080 25  2 43 30  0	
 3  3 17241376 182092   4576 809012   16    0 44568     0 7240 4618 24  2 60 14  0	
 3  2 17241340 193812   5804 795912   32    0 44320   104 4527 3023 21  2 60 17  0	
 4  3 17241324 205596   5792 784052   16    0 50292     0 4698 2730 25  1 59 15  0	
 2  1 17241260 195396   5296 794732   16    0 45012     0 4330 2630 23  1 64 13  0	
 0  0 17241248 197968   4632 793800    0    0 20354    38 2740 2174 12  1 85  3  0	
 0  0 17241204 198008   4632 793920   32    0    32     0  902 1586  0  0 99  0  0	
 0  0 17241168 198080   4632 793904   16    0    16     0  899 1590  0  0 100  0  0	
procs -----------memory---------- ---swap-- -----io---- --system-- -----cpu-----
 r  b   swpd   free   buff  cache   si   so    bi    bo   in   cs us sy id wa st
 1  0 17241156 198492   4640 793924    0    0     0    38  888 1574  0  0 100  0  0	
 0  0 17241084 198780   4640 793856   48    0    48    22  880 1600  0  0 100  0  0	
 3  0 17241068 199936   4648 793920    0    0     0    18  850 1558  0  0 100  0  0	
 3 13 17241036 204904   4652 788596   32    0 12612     0 2847 3264  7  1 80 12  0	
 5 12 17240992 202856   4652 791512   16    0 58996    44 4935 2896 26  2 40 32  0	
 5 13 17240976 201132   4644 793132    0    0 63670     0 5135 2969 27  2 39 33  0	
 3 12 17240912 200912   4636 793548   16    0 62800    32 5105 2879 27  2 33 39  0	
 3 11 17240856 197720   4644 797136   32    0 122468     8 9530 5457 27  2 34 38  0	
 4 12 17240816 192504   4644 801836   16    0 72458   166 5808 3169 31  2 33 34  0	
 4 15 17240808 198772   4644 796280   16    0 61008     0 5077 2936 27  2 38 34  0	
 5 11 17240732 199356   4652 797284   32    0 61882   108 5888 3043 32  2 32 34  0	
 6  9 17240720 198304   4652 800104    0    0 66834     0 7119 3441 41  4 28 27  0	
 5 10 17240688 202296   4652 793876   16    0 56432     0 7829 3440 46  4 21 30  0	
 5  7 17240644 201796   4660 793976   32    0 61686    58 7530 3457 43  4 21 32  0	
 3  2 17240624 198856   4660 797860    0    0 46452     0 5754 3196 30  3 51 17  0	
 2  2 17240560 200192   4660 797636   48    0 44468     0 4195 2701 20  2 64 14  0	
 2  2 17240544 202340   4668 795352   16    0 38926    16 3756 2607 17  2 71 11  0	
 0  0 17240500 202236   4668 795056   16    0 12508     0 2047 2029  6  1 90  3  0	
 0  0 17240468 201012   4676 795288   16    0   208   102  942 1628  0  0 99  0  0	
 0  0 17240452 200540   4676 795424   16    0    16     0  907 1595  0  0 100  0  0	
 0  0 17240384 200268   4676 795684   32    0   352    44  948 1608  0  0 100  0  0	
procs -----------memory---------- ---swap-- -----io---- --system-- -----cpu-----
 r  b   swpd   free   buff  cache   si   so    bi    bo   in   cs us sy id wa st
 0  0 17240376 200152   4684 796056    0    0     0    22  900 1577  0  0 99  0  0	
 0  0 17240324 199928   4684 796044   48    0    48     0  866 1586  0  0 100  0  0	
 0  0 17240288 200292   4684 796060   32    0    32    10  913 1593  0  0 100  0  0	
 0  0 17240272 200704   4692 796084   16    0    16    20  893 1597  0  0 99  0  0	
 0  0 17240208 201076   4876 797048   48    0  1462     0 1548 2209  0  1 92  7  0	
 0  0 17196888 24107768   4888 799184    0    0   414     0 6121 1726  0  5 95  0  0	
 0  0 17196836 24133944   4900 799572   32    0   216   134  763 1232  0  0 99  0  0	
