procs -----------memory---------- ---swap-- -----io---- -system-- -----cpu------
 r  b   swpd   free   buff  cache   si   so    bi    bo   in   cs us sy id wa st
 1  3 160916 31318144   2744  96560    0    0    35    14    1    0  0  0 99  0  0
 0  1 160916 31250792   2820 114048    0    0  8426     0 1387 1533  6  1 86  8  0
 5  0 160916 31175212   2876 132464    0    0  9270     0 1415 1414  8  0 88  4  0
 2  1 160916 31019688   2960 147364    0    0  7138     0 2652 4154 10  1 87  3  0
12  0 160912 30749908   3112 177000    0    0 14950     0 3890 6185 10  1 67 22  0
 4 12 160912 26926444   3268 288436    0    0 55982     0 2950 2096 46  7 24 23  0
 4 13 160912 25286288   3384 416752    0    0 64504     0 2280 2283 28  3 42 27  0
 2 11 160912 24824636   3532 553904    0    0 68460   302 1980 1703 30  1 34 34  0
 5 13 160912 24428084   3700 726592    0    0 86394    22 2396 1905 32  1 38 28  0
 4 12 160912 24108400   3836 866216    0    0 69546   124 2263 1781 35  1 33 31  0
 3 13 160912 23963724   3984 1008224    0    0 71034    10 2159 2048 27  1 39 33  0
 4 11 160912 23449728   4128 1151628    0    0 71798     2 2376 1889 40  2 34 25  0
 4 11 160912 22310456   4276 1297700    0    0 72778     0 2433 1847 40  3 32 25  0
10  2 160912 21990528   4396 1426032    0    0 64244     0 2180 1868 34  1 30 35  0
 5 13 160912 21812804   4532 1573456    0    0 73412    10 2483 2244 44  2 19 35  0
12  4 160912 21372124   4760 1751664    0    0 89454    66 5361 3793 66  3 16 14  0
11  0 160912 21197004   4784 1777624    0    0 12508     0 4074 3195 85  5 10  0  0
11  0 160912 21111368   4828 1790388    0    0  6334     2 3890 3415 85  5  9  1  0
11  0 160912 21064420   4868 1820048    0    0 14868     0 3700 3259 87  5  8  0  0
14  0 160912 21016512   4904 1847996    0    0 13972     0 3661 3326 89  5  5  0  0
11  5 160912 20901184   5028 1939436    0    0 45934     0 4702 3850 92  6  2  1  0
procs -----------memory---------- ---swap-- -----io---- -system-- -----cpu------
 r  b   swpd   free   buff  cache   si   so    bi    bo   in   cs us sy id wa st
12  7 160912 20742136   5196 2083036    0    0 71234    70 3720 3304 49  2 25 25  0
 6 10 160912 20585872   5364 2223480    0    0 70506    36 2677 2502 39  1 36 25  0
 5 11 160912 20393424   5532 2370328    0    0 73500     0 2595 2034 41  1 34 23  0
 4 11 160912 20199736   5668 2521332    0    0 75016     0 2558 1879 42  1 31 26  0
 8 15 160912 19988812   5816 2658512    0    0 68486     8 2717 2135 41  1 27 31  0
 2 15 160912 19736860   5944 2792880    0    0 67232     0 2833 2138 54  2 12 32  0
 4 11 160908 19601072   6148 2927740    0    0 67184   118 2549 2021 41  1 24 34  0
 8 13 160908 19411220   6300 3061096    0    0 67140    52 2792 1853 48  1 27 24  0
10  0 160908 18730360   6692 3472356    0    0 204594    60 9446 7279 47  2 17 34  0
11  0 160908 18636664   6728 3509924    0    0 18834     0 3856 3207 84  5 12  0  0
11  0 160908 18577284   6764 3538024    0    0 13972    22 3723 3258 87  5  8  0  0
12  0 160908 18546556   6776 3553604    0    0  7814     0 3535 3267 87  4  9  0  0
 9  0 160908 18529816   6788 3555948    0    0  1026    46 3582 3304 85  4 10  0  0
 1  0 160908 18508404   6828 3577412    0    0 10772     0 3008 2580 35  1 63  0  0
 1  0 160908 18461540   6888 3623724    0    0 23200     0 2688 1722  8  0 91  0  0
 0  0 160908 18416204   6932 3668756    0    0 22550     0 2110 1357  2  0 97  0  0
 0  0 160908 18386204   6960 3698928    0    0 14990     0 1242 1114  0  0 100  0  0
12  0 160908 18215428   6976 3704424    0    0  2758     0 3063 3446 37  1 62  0  0
17  0 160908 18078416   6980 3706472    0    0  1026     8 8027 5270 95  4  1  0  0
18  0 160908 17817892   6996 3720260    0    0  7176     0 8926 3831 93  6  2  0  0
16  0 160908 17511240   7052 3760848    0    0 20504   120 8152 3203 93  5  1  0  0
procs -----------memory---------- ---swap-- -----io---- -system-- -----cpu------
 r  b   swpd   free   buff  cache   si   so    bi    bo   in   cs us sy id wa st
14  0 160908 17240012   7096 3814388    0    0 26394     0 9230 4170 93  6  2  0  0
14  1 160908 17141548   7180 3891556    0    0 38724     0 6646 3854 94  5  1  0  0
11  0 160908 16912692   7256 3962788    0    0 35600     4 11169 5008 90  6  4  0  0
 9  5 160908 16669204   7388 4086516    0    0 61554     0 9719 6717 67  4 23  6  0
 7  7 160908 16512452   7520 4225160    0    0 69082    42 4800 3039 56  2 26 16  0
 7  7 160908 16279200   7660 4359936    0    0 67252     0 7011 5826 59  3 24 14  0
 6  7 160908 16136772   7792 4501292    0    0 70700     0 5266 4335 60  3 19 17  0
 7 13 160908 15853740   7944 4639732    0    0 68944    56 2653 2229 48  2 20 30  0
 2  4 160908 15512424   8260 4960512    0    0 160412    44 5659 4473 49  1 25 25  0
 5  1 160908 15364128   8396 5108324    0    0 74028     0 2092 2020 34  1 52 13  0
 0  0 160908 15289488   8464 5183096    0    0 36898     2 1733 1724 20  1 77  3  0
 0  0 160908 15287412   8464 5185468    0    0  1024     0  619  944  0  0 100  0  0
 0  0 160908 15286328   8468 5187700    0    0  1026     0  648  929  0  0 100  0  0
 0  0 160908 15284352   8476 5189564    0    0  1024    58  680  965  0  0 99  0  0
 0  0 160908 15283236   8480 5191800    0    0  1026     0  701  970  0  0 100  0  0
 0  0 160908 15281640   8480 5193540    0    0  1024    10  691  987  0  0 100  0  0
 0  0 160908 15280664   8484 5195568    0    0  1026     0  698  972  0  0 100  0  0
 0  0 160908 15279020   8484 5197752    0    0  1024     0  646  954  0  0 100  0  0
 0  0 160908 15276540   8488 5199804    0    0  1026     2  660  960  0  0 100  0  0
 1  0 160908 15271092   8488 5201728    0    0  1024     0  641  961  1  0 99  0  0
 0  0 160908 15269628   8492 5203388    0    0   770    10  653  959  0  0 100  0  0
procs -----------memory---------- ---swap-- -----io---- -system-- -----cpu------
 r  b   swpd   free   buff  cache   si   so    bi    bo   in   cs us sy id wa st
15  0 160908 15265704   8512 5206412    0    0  1662    28 1655 2502  8  0 92  0  0
13  0 160908 15198396   8516 5209324    0    0  1282     0 13194 8608 94  5  1  0  0
15  0 160908 15195740   8516 5211388    0    0  1024    84 17298 8127 91  7  3  0  0
12  0 160908 15072880   8520 5215392    0    0  2050     0 14566 6556 92  6  2  0  0
11  0 160908 14757372   8536 5227580    0    0  6152    12 8585 4828 86  5  9  0  0
10  0 160908 14716680   8552 5242476    0    0  7432     0 7958 5655 81  4 15  0  0
10  0 160908 14584112   8564 5257632    0    0  7560     0 5692 5201 80  4 16  0  0
14  0 160908 14537692   8596 5276388    0    0  9232     0 5627 5030 85  3 12  0  0
12  0 160908 14376624   8620 5297072    0    0 10504    74 7273 6390 87  4  9  0  0
13  0 160908 14301820   8648 5321312    0    0 12046     8 7896 7372 89  4  6  0  0
16  0 160908 14224732   8664 5339660    0    0  9224     0 4736 2663 94  4  2  0  0
17  0 160908 14133548   8680 5357956    0    0  9098     0 5961 2524 94  4  2  0  0
11  0 160908 14005196   8720 5379344    0    0 10764     6 8921 3027 91  4  4  0  0
 9  1 160908 13945288   8752 5404828    0    0 12710     0 11953 6280 79  4 17  0  0
 9  0 160908 13882152   8776 5433720    0    0 14196     0 11431 8733 70  4 25  0  0
 9  0 160908 13720192   8796 5460680    0    0 13322     0 6876 5975 75  3 22  0  0
10  0 160908 13429096   8856 5493460    0    0 16406   130 8227 7084 81  4 15  0  0
13  0 160908 13394976   8892 5526180    0    0 16658    12 5736 4444 88  4  8  0  0
11  0 160908 13294880   8916 5559820    0    0 16526     0 4591 3645 89  4  8  0  0
11  0 160908 13179444   8952 5591664    0    0 16146    28 4936 3925 88  3  8  0  0
11  0 160908 13040912   8976 5614212    0    0 11020     0 5016 3819 84  4 13  0  0
procs -----------memory---------- ---swap-- -----io---- -system-- -----cpu------
 r  b   swpd   free   buff  cache   si   so    bi    bo   in   cs us sy id wa st
10  0 160908 12958904   9000 5636012    0    0 11018     0 3773 3001 88  3  9  0  0
10  0 160908 12901044   9028 5663128    0    0 13324     0 3375 2863 74  2 24  0  0
 8  0 160908 12830468   9060 5691864    0    0 14352     0 3053 2838 66  2 32  0  0
 8  0 160908 12751652   9096 5720744    0    0 14604   126 3285 3065 66  2 32  0  0
 6  0 160908 12679580   9136 5750772    0    0 14864     0 2623 2411 53  1 46  0  0
 3  0 160908 12614480   9152 5763664    0    0  6404     0 2175 2037 38  1 61  0  0
 1  0 160908 12614656   9164 5763904    0    0     0     8 1427 1573 15  0 85  0  0
 1  0 160908 12571180   9164 5763920    0    0     0     0 1242 1222 12  0 87  0  0
 0  0 160908 12570220   9164 5763920    0    0     0     6  906 1105  3  0 97  0  0
 0  0 160908 12570528   9164 5763924    0    0     0     0  626  926  0  0 100  0  0
12  0 160908 12565564   9172 5764044    0    0    12     0 6677 4108 46  2 52  0  0
12  0 160908 12257052   9180 5764036    0    0     0   122 15215 8565 84  6 10  0  0
15  0 160908 12074560   9180 5764044    0    0     0     0 14836 8015 91  6  2  0  0
18  0 160908 11878392   9180 5764072    0    0     0    10 9319 4839 92  6  2  0  0
10  0 160908 11806364   9180 5764072    0    0     0     0 8940 3110 95  5  0  0  0
14  0 160908 11648072   9180 5764072    0    0     0     0 8884 3134 94  5  1  0  0
 8  0 160908 11648736   9180 5764080    0    0     0    24 7274 3555 86  4 10  0  0
10  0 160908 11619604   9180 5764100    0    0     0     0 8435 4432 72  3 25  0  0
14  0 160908 11571260   9188 5764608    0    0   256    60 9396 5359 90  4  6  0  0
11  0 160908 11210752   9188 5764640    0    0     0     0 10347 5939 90  5  4  0  0
10  0 160908 11209216   9188 5764656    0    0     0     0 8563 5598 88  5  7  0  0
procs -----------memory---------- ---swap-- -----io---- -system-- -----cpu------
 r  b   swpd   free   buff  cache   si   so    bi    bo   in   cs us sy id wa st
 8  0 160908 11060408   9188 5764652    0    0     0     4 3399 2874 70  3 27  0  0
 8  0 160908 11035492   9188 5764652    0    0     0     0 2915 2989 65  2 33  0  0
 5  0 160908 11035152   9188 5764656    0    0     0     8 2620 2626 55  1 43  0  0
 1  0 160908 11035468   9188 5764660    0    0     0     0 1739 1862 25  1 74  0  0
 0  0 160908 11035352   9188 5764664    0    0     0     0  976 1137  6  0 94  0  0
 0  0 160908 11035120   9196 5764672    0    0     0    98  693  958  0  0 99  1  0
 0  0 160908 11034904   9196 5764660    0    0     0     0  748  984  0  0 100  0  0
11  0 160908 11035432   9208 5765048    0    0   256     0 1157 1740  5  0 95  0  0
13  0 160908 11032764   9208 5765272    0    0     0     0 11612 7195 76  3 21  0  0
16  0 160908 10790044   9208 5765276    0    0     0     0 15435 7585 79  6 16  0  0
13  0 160908 10471320   9208 5765276    0    0     0    10 12024 5293 88  6  6  0  0
 1  0 160908 10416772   9276 5818924    0    0     2     0 10219 2634 54  3 43  0  0
11  0 160908 10225944   9308 5845392    0    0     0    70 7146 3318 61  3 36  0  0
11  1 160908 10099836   9312 5844872    0    0     0 37846 7858 3351 87  4  7  2  0
10  0 160908 9937592   9364 5874948    0    0 15888   118 9696 6849 71  3 25  0  0
12  0 160908 9690584   9412 5915680    0    0 20378     0 7410 5885 86  4 10  0  0
13  0 160908 9434124   9476 5978196    0    0 31262     0 4102 3373 93  4  3  0  0
 3  0 160908 9236964   9588 6080592    0    0 24600     4 3048 2427 67  2 30  0  0
12  0 160908 9084392   9708 6168380    0    0 13974     0 8694 4149 61  3 36  0  0
12  0 160908 8934880   9756 6210764    0    0 16656     0 9229 5462 87  4  9  0  0
 4  0 160908 8805068   9900 6340320    0    0 24602     8 3596 3197 45  1 53  0  0
procs -----------memory---------- ---swap-- -----io---- -system-- -----cpu------
 r  b   swpd   free   buff  cache   si   so    bi    bo   in   cs us sy id wa st
10  3 160908 8612228   9976 6409228    0    0 12966 98210 6859 3074 62  3 27  8  0
11  0 160908 8378144  10016 6438060    0    0 14964   458 3956 2822 92  4  3  1  0
10  0 160908 8285024  10068 6475564    0    0 16278     0 3715 2940 86  3 10  0  0
 3  0 160908 8201332  10176 6559480    0    0  4486     0 2499 2184 48  2 50  0  0
 9  0 160908 8106664  10192 6573540    0    0     0     0 3253 2383 64  1 34  0  0
 6  0 160908 8059428  10200 6575892    0    0     0     0 4276 3623 64  2 34  0  0
 6  0 160908 7855588  10200 6578472    0    0     0    20 2389 2124 46  1 52  0  0
 5  2 160908 7744276  10236 6606016    0    0     0 75794 5318 2128 42  1 50  6  0
11  0 160908 7731760  10248 6602276    0    0     0   188 2090 2050 34  1 61  4  0
 1  0 160908 7693840  10256 6602240    0    0     2    12 1291 1330 15  0 84  0  0
 0  0 160908 7695088  10260 6602232    0    0     0     0  897 1075  5  0 95  0  0
 0  0 160908 7695856  10260 6601976    0    0     0     0  647  979  0  0 100  0  0
 0  0 160908 7695740  10260 6601972    0    0     0     0  663  930  0  0 100  0  0
 0  0 160908 7696028  10260 6601912    0    0     0     0  643  934  0  0 100  0  0
 0  0 160908 7696408  10268 6601908    0    0     0  3576  659  947  0  0 99  1  0
17  0 160908 7981360  10276 6317080    0    0     0     0 2169 2849 18  1 81  0  0
15  0 160908 7900968  10276 6317148    0    0     0     8 8347 2653 92  5  3  0  0
15  0 160908 7813440  10276 6317048    0    0     0     0 6842 2935 93  6  2  0  0
12  0 160908 7650380  10276 6317040    0    0     0     0 4540 2815 92  5  3  0  0
13  0 160908 7547368  10276 6316892    0    0     0     6 3484 3079 93  6  2  0  0
12  0 160908 7494528  10276 6316896    0    0     0     0 3889 3204 92  4  3  0  0
procs -----------memory---------- ---swap-- -----io---- -system-- -----cpu------
 r  b   swpd   free   buff  cache   si   so    bi    bo   in   cs us sy id wa st
12  0 160908 7391872  10276 6316788    0    0     0    20 3588 3009 93  5  2  0  0
13  0 160908 7279536  10288 6316800    0    0     0   182 13483 8220 83  5 11  0  0
10  0 160908 7194472  10288 6316756    0    0     0     0 12951 10392 88  6  7  0  0
12  0 160908 7016452  10288 6316760    0    0     0   128 3626 2953 94  5  1  0  0
14  0 160908 7015356  10288 6316720    0    0     0     0 3991 2931 95  4  1  0  0
13  0 160908 7014260  10288 6316716    0    0     0    10 7172 2763 95  4  1  0  0
16  0 160908 6991812  10288 6316660    0    0     0     0 6712 2792 94  3  3  0  0
11  0 160908 6991580  10288 6317184    0    0   256     0 10225 7120 82  4 14  0  0
10  0 160908 6990164  10288 6317192    0    0     0     0 13087 8364 78  5 18  0  0
10  0 160908 6950396  10320 6336564    0    0  9740    68 8294 4386 79  4 18  0  0
 7  0 160908 6766296  10344 6362528    0    0 12942     0 4102 3957 55  2 43  0  0
 5  0 160908 6687700  10376 6390152    0    0 13880     0 2646 2435 52  1 47  0  0
 4  0 160908 6658368  10404 6419180    0    0 14606     0 3790 2122 43  1 56  0  0
 3  0 160908 6630208  10428 6447140    0    0 13964     8 1932 1869 33  1 67  0  0
 1  0 160908 6629884  10428 6447332    0    0     0     0 1182 1284 11  0 89  0  0
 0  0 160908 6629776  10428 6447332    0    0     0    10  762 1003  2  0 98  0  0
 0  0 160908 6629792  10436 6447320    0    0     0    52  720  972  0  0 99  0  0
 0  0 160908 6629180  10436 6447324    0    0     0     0  930 1065  6  0 94  0  0
 0  0 160908 6629980  10436 6447316    0    0     0    20  667  969  0  0 100  0  0
 2  0 160908 6630204  10436 6447316    0    0     0     0  666  951  0  0 100  0  0
 0  0 160908 6631872  10436 6447308    0    0     0     0  646  942  0  0 100  0  0
procs -----------memory---------- ---swap-- -----io---- -system-- -----cpu------
 r  b   swpd   free   buff  cache   si   so    bi    bo   in   cs us sy id wa st
 0  0 160908 6631540  10436 6447312    0    0     0     0  664  988  0  0 100  0  0
 0  0 160908 6631672  10436 6447312    0    0     0     0  658  947  0  0 100  0  0
 0  0 160908 6631668  10436 6447312    0    0     0     8  656  953  0  0 100  0  0
 0  0 160908 6632792  10444 6447316    0    0     0    56  679  977  0  0 99  0  0
 0  0 160908 6632848  10444 6447316    0    0     0    44  688  990  0  0 100  0  0
10  0 160908 6631828  10452 6447380    0    0     0     0 4625 4296 33  1 66  0  0
11  0 160908 6621148  10452 6447408    0    0     0     0 12972 6006 93  6  2  0  0
10  0 160908 6563292  10452 6447404    0    0     0     2 17027 9177 84  6 11  0  0
11  0 160908 6329172  10452 6447404    0    0     0     0 10596 4624 89  5  5  0  0
 4  0 160908 6192556  10500 6479676    0    0     2     8 5079 4790 75  3 22  0  0
13  0 160908 6119156  10520 6499952    0    0     0     0 5899 5258 77  3 19  0  0
 5  0 160908 5974068  10576 6534916    0    0     0 29920 4302 3324 80  3 15  2  0
12  0 160908 5796360  10700 6609872    0    0    10     8 6899 4384 67  3 30  0  0
 8  0 160908 5613512  10752 6655176    0    0     0     0 3863 2886 92  3  4  0  0
11  0 160908 5476760  10780 6681884    0    0     2    18 3736 2986 75  2 22  0  0
13  0 160908 5421732  10784 6685060    0    0     0     0 5135 4103 90  5  5  0  0
 5  0 160908 5313844  10820 6714780    0    0     0     0 3280 2663 80  3 17  0  0
 9  0 160908 5158968  10896 6768472    0    0     4     0 7719 4028 60  2 38  0  0
 9  1 160908 5079360  10924 6784332    0    0     2 28612 7117 5952 75  3 21  1  0
 9  1 160908 4889792  10972 6825744    0    0     0 81344 7147 5898 68  3 21  7  0
10  0 160908 4729084  10984 6827024    0    0     0 20298 10688 9714 71  3 22  4  0
procs -----------memory---------- ---swap-- -----io---- -system-- -----cpu------
 r  b   swpd   free   buff  cache   si   so    bi    bo   in   cs us sy id wa st
10  0 160908 4507396  10996 6835844    0    0     0     0 3679 2823 81  3 17  0  0
 6  0 160908 4420636  11028 6865396    0    0     0    10 3566 2798 78  2 20  0  0
 8  0 160908 4359156  11040 6876996    0    0     0     0 3988 2667 68  2 30  0  0
 8  0 160908 4276588  11044 6882312    0    0     0     8 2945 2558 66  2 32  0  0
 7  0 160908 4124196  11124 6940408    0    0     6     0 2627 2054 55  1 43  0  0
 0  2 160908 4075836  11132 6943636    0    0     0 78576 2725 1788 37  1 57  5  0
 1  0 160908 4081004  11140 6940084    0    0     0   450 1207 1182  3  0 92  5  0
 0  0 160908 4081376  11140 6940080    0    0     0     0  731  949  0  0 100  0  0
 0  0 160908 4081952  11140 6940068    0    0     0    22  636  917  0  0 99  0  0
 1  0 160908 4081820  11140 6940068    0    0     0     0  667  973  0  0 100  0  0
 1  0 160908 4082348  11140 6940016    0    0     0     0  654  927  0  0 100  0  0
 1  0 160908 4082924  11140 6940012    0    0     0     0  670  928  0  0 99  0  0
 1  0 160908 4083228  11140 6939936    0    0     0     0  635  943  0  0 100  0  0
 0  0 160908 4084096  11148 6939900    0    0     0   818  686  966  0  0 100  0  0
 0  0 160908 4084488  11148 6939860    0    0     0     0  629  938  0  0 100  0  0
 0  0 160908 4084224  11148 6939860    0    0     0     0  663  942  0  0 100  0  0
 0  0 160908 4084780  11148 6939768    0    0     0     6  636  969  0  0 100  0  0
 0  0 160908 4084912  11148 6939652    0    0     0     0  614  934  0  0 100  0  0
 0  0 160908 4085312  11148 6939644    0    0     0     8  649  928  0  0 100  0  0
 0  0 160908 4085444  11148 6939640    0    0     0     0  640  971  0  0 100  0  0
 0  0 160908 4085948  11156 6939612    0    0     0    22  641  934  0  0 99  0  0
procs -----------memory---------- ---swap-- -----io---- -system-- -----cpu------
 r  b   swpd   free   buff  cache   si   so    bi    bo   in   cs us sy id wa st
 0  0 160908 4086220  11156 6939548    0    0     0     6  660  898  0  0 100  0  0
15  0 160908 4418912  11168 6604120    0    0     4     0 3246 2621 12  1 87  0  0
15  0 160908 4294724  11168 6604120    0    0     0    72 6860 3893 93  5  2  0  0
13  0 160908 4153456  11168 6604100    0    0     0     0 8805 3255 92  6  2  0  0
13  0 160908 4005936  11168 6604024    0    0     0     0 5502 2854 93  5  2  0  0
16  0 160908 3915312  11168 6603964    0    0     0    10 3961 2863 92  5  4  0  0
14  0 160908 3882688  11168 6603888    0    0     0     0 5320 3152 93  5  2  0  0
12  0 160908 3742692  11184 6603868    0    0     2   190 8139 2813 92  6  2  0  0
 7  0 160908 3711624  11184 6603864    0    0     0     0 3835 3083 73  2 25  0  0
10  0 160908 3613664  11184 6603824    0    0     0     0 6276 5284 70  3 27  0  0
10  0 160908 3417884  11184 6603760    0    0     0     0 7412 3694 79  4 17  0  0
10  0 160908 3367552  11184 6603700    0    0     0     0 4993 4311 80  4 16  0  0
11  0 160908 3328604  11184 6603688    0    0     0     8 4690 3791 81  4 15  0  0
 9  0 160908 3286272  11184 6603704    0    0     0     0 6352 4424 83  4 12  0  0
 9  0 160908 3278956  11184 6603720    0    0     0     0 9259 8040 64  3 33  0  0
 8  0 160908 3215532  11192 6603724    0    0     0   108 7375 7132 74  3 23  0  0
10  0 160908 2957376  11192 6603724    0    0     0     0 5858 3004 73  3 24  0  0
 8  0 160908 2897756  11192 6603736    0    0     0    10 4509 2729 67  2 31  0  0
 9  0 160908 2883472  11192 6603740    0    0     0     0 2760 2826 66  2 32  0  0
 6  0 160908 2883712  11192 6603732    0    0     0     0 2587 2677 57  2 42  0  0
 1  0 160908 2883892  11192 6603732    0    0     0    10 1708 1831 27  1 73  0  0
procs -----------memory---------- ---swap-- -----io---- -system-- -----cpu------
 r  b   swpd   free   buff  cache   si   so    bi    bo   in   cs us sy id wa st
 0  0 160908 2883672  11192 6603716    0    0     0     0  763 1053  1  0 99  0  0
 0  0 160908 2884336  11192 6603716    0    0     0    10  743  957  0  0 100  0  0
 0  0 160908 2884756  11200 6603704    0    0     0    44  717  987  0  0 99  0  0
 0  0 160908 2885140  11200 6603700    0    0     0     0  680  993  0  0 100  0  0
 0  0 160908 2885456  11200 6603696    0    0     0   110  699  953  0  0 99  0  0
 0  0 160908 2885500  11200 6603696    0    0     0     0  707  963  0  0 100  0  0
 1  0 160908 2885888  11200 6603688    0    0     0     2  636  991  0  0 100  0  0
 0  0 160908 2885436  11200 6603688    0    0     0     0  690  966  0  0 100  0  0
 0  0 160908 2885824  11200 6603684    0    0     0     0  646  964  0  0 100  0  0
 0  0 160908 2885980  11200 6603684    0    0     0     6  685  953  0  0 100  0  0
 0  0 160908 2886112  11208 6603684    0    0     0    24  690 1011  0  0 99  0  0
 0  0 160908 2886276  11208 6603684    0    0     0    12  673  937  0  0 100  0  0
 1  0 160908 2886532  11208 6603652    0    0     0     0  663  948  0  0 100  0  0
 0  0 160908 2886160  11208 6603652    0    0     0     0  699  979  0  0 100  0  0
 0  0 160908 2886416  11208 6603628    0    0     0    12  669  954  0  0 100  0  0
 0  0 160908 2886236  11208 6603632    0    0     0     0  625  958  0  0 100  0  0
11  0 160908 2882612  11216 6603704    0    0     0     0 7552 4487 65  3 32  0  0
 9  0 160908 2803600  11216 6603716    0    0     0     0 16091 8341 77  5 18  0  0
 7  0 160908 2715440  11304 6661124    0    0     2   128 11757 5819 54  3 42  0  0
10  0 160908 2560504  11368 6708372    0    0     4    10 7206 4738 48  2 49  0  0
11  0 160908 2352472  11368 6708408    0    0     0     0 5902 5138 85  4 11  0  0
procs -----------memory---------- ---swap-- -----io---- -system-- -----cpu------
 r  b   swpd   free   buff  cache   si   so    bi    bo   in   cs us sy id wa st
13  0 160908 2176112  11372 6708432    0    0     0     0 7925 6543 83  4 13  0  0
12  0 160908 2149072  11404 6734296    0    0     0     0 4728 4380 75  3 22  0  0
10  0 160908 2007552  11404 6734664    0    0     0     0 3969 3082 85  3 12  0  0
11  0 160908 1899264  11404 6734668    0    0     0     2 4831 3667 86  3 11  0  0
10  1 160908 1694336  11404 6742076    0    0     0 56906 5107 3487 82  3 13  2  0
14  0 160908 1550228  11460 6795320    0    0     0  5684 6563 2990 67  3 26  5  0
12  0 160908 1402428  11480 6810860    0    0     0     0 6331 4728 88  4  8  0  0
 2  0 160908 1334376  11564 6878528    0    0     0     8 2330 2100 51  2 47  0  0
10  0 160908 1135492  11580 6891764    0    0     0     0 3716 2783 70  3 28  0  0
10  0 160908 1002836  11580 6891776    0    0     0     0 6463 5405 86  4 10  0  0
11  0 160908 754092  11580 6891780    0    0     0    54 3978 2672 89  4  7  0  0
 1  1 160908 608324  12496 6892944    0    0   646     0 4241 2508 71  3 22  4  0
 1  2 160908 603444  13488 6894680    0    0   496 58552 1505  924  8  0 80 12  0
 1  1 160908 608528  13652 6890968    0    0    78 17596 1149  693  8  0 74 17  0
 1  0 160908 606816  14424 6891972    0    0   386     0 1329  851  8  0 86  5  0
11  0 160908 671960  14472 6825324    0    0     0     8 2778 2093 45  2 53  0  0
 7  0 160908 655484  14496 6841888    0    0     0     0 4595 3610 72  2 26  0  0
 1  0 160908 580820  14580 6915024    0    0     2     0 3434 1796 45  1 54  0  0
 6  0 160908 575792  14588 6921144    0    0     0     0 2643 2275 55  1 44  0  0
10  1 160908 572684  14716 6923084    0    0  1130     0 2390 2372 47  1 51  1  0
 4  1 160908 557144  14756 6937220    0    0    70 63572 2096 2054 34  1 58  8  0
procs -----------memory---------- ---swap-- -----io---- -system-- -----cpu------
 r  b   swpd   free   buff  cache   si   so    bi    bo   in   cs us sy id wa st
 3  0 160908 494736  14820 7000460    0    0     0     0 1816 1637 29  1 69  1  0
 0  0 160908 494760  14824 7000648    0    0     0     0 1214 1327 11  0 89  0  0
 0  0 160908 494880  14824 7000616    0    0     0   380  753  927  0  0 99  0  0
 0  0 160908 494996  14824 7000616    0    0     0     0  660  961  0  0 100  0  0
 0  0 160908 495256  14824 7000572    0    0     0    16  628  930  0  0 100  0  0
13  0 160908 1089472  14824 6405304    0    0     0     0 1646 2539  2  1 97  0  0
14  0 160908 1086264  14836 6405184    0    0     0   228 5131 3102 93  5  2  0  0
12  0 160908 1089956  14836 6405180    0    0     0     0 3538 3170 94  5  1  0  0
12  0 160908 1090712  14836 6405068    0    0     0     0 3752 3338 92  5  3  0  0
12  0 160908 1092308  14836 6404984    0    0     0     8 3396 3043 93  5  2  0  0
13  0 160908 1092396  14836 6404772    0    0     0     0 3442 2919 92  5  3  0  0
11  0 160908 1086624  14836 6404640    0    0     0     0 7175 3936 91  5  4  0  0
11  0 160908 1091864  14836 6404536    0    0     0     0 8673 5479 70  4 27  0  0
14  0 160908 1092716  14836 6404512    0    0     0     0 4813 3036 93  4  2  0  0
12  0 160908 1093228  14844 6404424    0    0     0    54 4089 2912 91  4  4  0  0
12  0 160908 1095072  14844 6404392    0    0     0     0 3573 3145 87  4  8  0  0
10  0 160908 1093884  14844 6404348    0    0     0     0 7712 4559 93  5  2  0  0
10  0 160908 1092520  14844 6404356    0    0     0     0 8266 5823 72  3 25  0  0
12  0 160908 1095404  14844 6404360    0    0     0     0 11551 10568 77  4 20  0  0
13  0 160908 1095444  14844 6404360    0    0     0    26 5658 4080 83  3 14  0  0
12  0 160908 1094860  14844 6404368    0    0     0     0 7348 6480 79  4 17  0  0
procs -----------memory---------- ---swap-- -----io---- -system-- -----cpu------
 r  b   swpd   free   buff  cache   si   so    bi    bo   in   cs us sy id wa st
12  0 160908 1090528  14852 6404360    0    0     0    78 4102 2952 94  4  2  0  0
12  0 160908 1094276  14852 6404352    0    0     0   148 6883 2995 83  3 14  0  0
 4  0 160908 1094168  14852 6404352    0    0     0     0 2741 2903 55  1 44  0  0
 4  0 160908 1094704  14852 6404356    0    0     0     0 1947 1884 33  0 66  0  0
 0  0 160908 1093976  14852 6404356    0    0     0     0 2345 1494 20  1 80  0  0
 0  0 160908 1094424  14852 6404352    0    0     0     0  683  996  0  0 99  0  0
 0  0 160908 1095304  14852 6404344    0    0     0     8  672  955  0  0 100  0  0
 1  0 160908 1095800  14852 6404348    0    0     0     0  706  966  0  0 100  0  0
 0  0 160908 1096396  14860 6404344    0    0     0    44  693  996  0  0 99  0  0
 0  0 160908 1096504  14860 6404344    0    0     0     0  728  987  0  0 100  0  0
 0  0 160908 1094160  14868 6404316    0    0     2     0  869 1010  6  0 94  0  0
 0  0 160908 1095788  14868 6404312    0    0     0     8  674  990  0  0 100  0  0
 0  0 160908 1096636  14868 6404312    0    0     0     0  643  956  0  0 100  0  0
 1  0 160908 1097124  14868 6404292    0    0     0     0  645  944  0  0 100  0  0
 0  0 160908 1097376  14868 6404284    0    0     0     0  666  961  0  0 100  0  0
 0  0 160908 1097380  14876 6404260    0    0     0    58  657  985  0  0 99  0  0
 0  0 160908 1097884  14876 6404264    0    0     0    18  655  941  0  0 100  0  0
 0  0 160908 1097868  14876 6404252    0    0     0     0  655  963  0  0 100  0  0
14  0 160908 1089928  14876 6404864    0    0   256    46 11464 7645 74  4 23  0  0
12  0 160908 1093280  14876 6404864    0    0     0     0 14165 6134 90  6  4  0  0
12  0 160908 1093892  14876 6404864    0    0     0     0 8575 4954 88  4  7  0  0
procs -----------memory---------- ---swap-- -----io---- -system-- -----cpu------
 r  b   swpd   free   buff  cache   si   so    bi    bo   in   cs us sy id wa st
 5  0 160908 1070100  14916 6430568    0    0     0    10 5231 4390 80  3 17  0  0
11  0 160908 1044600  14948 6455996    0    0     2     0 3287 2891 72  3 25  0  0
10  0 160908 1003092  15012 6497500    0    0     0 25064 4494 3640 87  4  8  1  0
13  0 160908 930900  15088 6568904    0    0  4614     0 6620 5449 76  3 21  0  0
 2  0 160908 879216  15144 6619552    0    0  6406     0 4102 2618 62  2 36  0  0
12  0 160908 828700  15208 6671460    0    0  7306    12 3581 2938 74  3 23  0  0
11  0 160908 801536  15236 6695824    0    0  9224     0 4844 4073 86  4 10  0  0
10  0 160908 779112  15252 6718824    0    0  8968     0 5755 4659 90  4  6  0  0
10  0 160908 749240  15292 6748872    0    0  7944     0 3689 3022 93  4  3  0  0
 6  1 160908 681504  15360 6813008    0    0   770 47246 5181 4054 83  3 13  1  0
 4  1 160908 566232  15480 6927972    0    0 11274 58384 2339 1860 37  1 54  8  0
12  0 160908 529696  15532 6966892    0    0  7944 12400 4807 2200 73  2 22  3  0
 6  0 160908 500192  15568 6997364    0    0   896    22 3820 2558 84  2 14  0  0
 9  0 160908 470540  15600 7026812    0    0     0     0 3164 2520 66  2 33  0  0
 8  0 160908 452556  15624 7044412    0    0     0     0 3835 2794 72  2 26  0  0
 8  0 160908 411280  15672 7085104    0    0     0    16 5129 2359 62  2 36  0  0
 2  0 160908 382576  15708 7114744    0    0     0     0 4104 2593 60  2 38  0  0
 3  2 160908 354812  15736 7140152    0    0     0 112082 2830 1895 36  1 56  7  0
 2  0 160908 364152  15744 7132704    0    0     0 28618 2834 2712 21  0 72  6  0
 2  0 160908 363804  15744 7132704    0    0     0     0 1523 1477 23  0 76  0  0
 1  0 160908 363788  15744 7132684    0    0     0    10 1225 1344 13  0 87  0  0
procs -----------memory---------- ---swap-- -----io---- -system-- -----cpu------
 r  b   swpd   free   buff  cache   si   so    bi    bo   in   cs us sy id wa st
 1  0 160908 363576  15744 7132652    0    0     0     0 1070 1203  8  0 91  0  0
 1  0 160908 363596  15744 7132644    0    0     0     0 1074 1194  8  0 91  0  0
 0  0 160908 364556  15744 7132636    0    0     0     0  754  986  1  0 99  0  0
 0  0 160908 364564  15752 7132192    0    0     0  8056  635  948  0  0 99  1  0
 0  0 160908 365120  15752 7132184    0    0     0     0  643  957  0  0 100  0  0
 0  0 160908 366464  15752 7132156    0    0     0     0  619  947  0  0 100  0  0
 0  0 160908 366852  15752 7132144    0    0     0   478  734  919  0  0 98  2  0
 0  0 160908 367356  15752 7132144    0    0     0     0  593  979  0  0 100  0  0
 1  0 160908 368312  15812 7132128    0    0    12    86  666  996  0  0 97  2  0
 0  0 160908 369044  15868 7132156    0    0    18    54  644  977  0  0 99  1  0
 0  0 160908 369148  15868 7132160    0    0     0     0  598  961  0  0 100  0  0
 0  0 160908 369508  15868 7132020    0    0     0     8  581  923  0  0 100  0  0
 0  0 160908 369520  15868 7131844    0    0     0     0  581  922  0  0 100  0  0
 0  0 160908 369880  15868 7131696    0    0     0     0  580  948  0  0 100  0  0
12  0 160908 804644  15868 6695088    0    0     0     6 1669 2677  4  1 95  0  0
13  0 160908 803884  15868 6695016    0    0     0     0 4720 3551 92  5  3  0  0
13  0 160908 801636  15868 6694976    0    0     0     2 3838 2882 92  5  3  0  0
13  0 160908 801884  15880 6694920    0    0     0   230 3643 3036 93  5  2  0  0
12  0 160908 804560  15880 6694904    0    0     0     0 4081 3018 93  6  2  0  0
15  0 160908 802836  15880 6694856    0    0     0     0 3892 2567 91  4  5  0  0
14  0 160908 801068  15880 6694824    0    0     0     0 4262 2840 94  4  2  0  0
procs -----------memory---------- ---swap-- -----io---- -system-- -----cpu------
 r  b   swpd   free   buff  cache   si   so    bi    bo   in   cs us sy id wa st
 9  0 160908 801576  15880 6694800    0    0     0    10 11098 6254 78  4 18  0  0
13  0 160908 802292  15880 6694800    0    0     0     0 9169 6263 88  5  8  0  0
13  0 160908 803292  15880 6694808    0    0     0     0 4396 2843 93  4  3  0  0
12  0 160908 804148  15888 6694808    0    0     0   186 4622 2938 94  5  1  0  0
12  0 160908 804312  15888 6694804    0    0     0     0 3545 3037 95  5  1  0  0
13  0 160908 804300  15888 6694812    0    0     0    12 4249 3487 94  4  2  0  0
14  0 160908 794588  15888 6694904    0    0    30     0 11167 5255 92  5  3  0  0
14  0 160908 802680  15888 6694896    0    0     0     0 14565 5002 93  6  1  0  0
 9  0 160908 803108  15888 6694912    0    0     0     8 8228 3985 90  4  5  0  0
10  0 160908 803284  15888 6694912    0    0     0     0 5946 5657 69  3 28  0  0
 8  0 160908 802560  15888 6694916    0    0     0    10 4832 4411 78  3 19  0  0
 6  0 160908 802196  15900 6694912    0    0     0    76 2595 2635 56  1 42  0  0
 3  0 160908 802596  15900 6694908    0    0     0     0 3555 2209 45  1 54  0  0
 3  0 160908 802720  15900 6694912    0    0     0     2 4127 3951 21  1 78  0  0
 2  0 160908 805240  15900 6694912    0    0     0     0 1728 1791 24  0 76  0  0
 2  0 160908 805140  15900 6694912    0    0     0     0 1129 1233  9  0 90  0  0
 1  0 160908 805152  15900 6694916    0    0     0     0 1074 1206  9  0 91  0  0
 1  0 160908 805820  15900 6694908    0    0     0     0 1073 1227  8  0 91  0  0
 0  0 160908 806184  15900 6694904    0    0     0    10  778 1027  2  0 98  0  0
 0  0 160908 807060  15912 6694892    0    0     0    50  696  953  0  0 99  0  0
 0  0 160908 807448  15912 6694900    0    0     0    28  693  985  0  0 100  0  0
procs -----------memory---------- ---swap-- -----io---- -system-- -----cpu------
 r  b   swpd   free   buff  cache   si   so    bi    bo   in   cs us sy id wa st
 0  0 160908 807352  15912 6694892    0    0     0     0  678  963  0  0 100  0  0
 0  0 160908 807452  15912 6694892    0    0     0     0  627  955  0  0 100  0  0
 0  0 160908 807392  15912 6694884    0    0     0     8  672 1000  0  0 100  0  0
 0  0 160908 807860  15912 6694888    0    0     0     0  660  975  0  0 100  0  0
 0  0 160908 807500  15912 6694892    0    0     0     8  661  935  0  0 100  0  0
 0  0 160908 807336  15920 6694896    0    0     0    28  647 1007  0  0 99  0  0
 0  0 160908 807828  15920 6694896    0    0     0     0  642  949  0  0 100  0  0
13  0 160908 987436  15948 6512412    0    0    20     8 5088 4601 44  2 54  0  0
14  0 160908 978524  15948 6512428    0    0     0     0 17412 8797 91  5  4  0  0
11  0 160908 986012  15948 6512396    0    0     0     2 11670 7088 89  4  7  0  0
19  0 160908 987872  15948 6512392    0    0     0     0 5628 5150 92  4  5  0  0
13  0 160908 987600  15948 6512348    0    0     0     0 3567 3139 95  4  1  0  0
13  0 160908 987944  15948 6512340    0    0     4     0 3620 3066 96  4  1  0  0
13  0 160908 982924  15960 6512752    0    0     0   198 9259 7183 76  3 20  0  0
11  0 160908 986036  15960 6512896    0    0     0    16 5689 4396 90  4  6  0  0
13  0 160908 979976  15960 6513032    0    0     0     0 5720 4615 92  4  4  0  0
12  0 160908 979812  15960 6513116    0    0     0     0 5106 3355 94  4  3  0  0
14  0 160908 980432  15960 6513188    0    0     0     0 5294 4102 92  4  5  0  0
11  0 160908 979884  15960 6513260    0    0     0     0 5757 4108 86  4 11  0  0
 6  0 160908 980248  15960 6513268    0    0     0     6 3844 3133 80  2 17  0  0
 4  0 160908 980032  15960 6513300    0    0     0     0 2075 2076 38  1 61  0  0
procs -----------memory---------- ---swap-- -----io---- -system-- -----cpu------
 r  b   swpd   free   buff  cache   si   so    bi    bo   in   cs us sy id wa st
 3  0 160908 979444  15968 6513308    0    0     0   172 1726 1774 28  1 71  1  0
 1  0 160908 979740  15968 6513304    0    0     0   134 1597 1494 16  0 84  0  0
 1  0 160908 980420  15968 6513312    0    0     0     0  992 1131  5  0 95  0  0
 0  0 160908 980552  15968 6513316    0    0     0     6  639  970  0  0 100  0  0
 0  0 160908 980664  15968 6513316    0    0     0     0  638  936  0  0 100  0  0
 0  0 160908 981440  15968 6513316    0    0     0     0  628  914  0  0 100  0  0
 0  0 160908 981852  15968 6513316    0    0     0     4  616  945  0  0 100  0  0
 0  0 160908 982100  15976 6513304    0    0     0    82  719  935  0  0 100  0  0
 0  0 160908 982232  15976 6513308    0    0     0     0  636  927  0  0 100  0  0
 0  0 160908 981976  15976 6513312    0    0     0     0  640  973  0  0 100  0  0
 0  0 160908 981984  15976 6513312    0    0     0     0  638  949  0  0 100  0  0
 0  0 160908 982784  15976 6513312    0    0     0    16  637  940  0  0 100  0  0
 0  0 160908 982784  15976 6513312    0    0     0     0  645  986  0  0 100  0  0
 0  0 160908 982452  15976 6513312    0    0     0     0  636  933  0  0 100  0  0
 0  0 160908 982832  15976 6513312    0    0     0     0  631  941  0  0 100  0  0
 0  0 160908 982576  15984 6513316    0    0     0    34  649  976  0  0 99  0  0
 2  0 160908 982780  15984 6513708    0    0   206     2  780 1340  1  0 99  0  0
 0  0 160908 986996  15984 6513764    0    0     0     0  879 1287  1  0 99  0  0
12  0 160908 970044  15984 6514616    0    0    90    76 13828 7831 82  5 13  0  0
14  0 160908 967748  15996 6521256    0    0  3334     0 12655 6678 88  5  7  0  0
12  0 160908 952720  16016 6542636    0    0 10762     0 5684 3053 94  4  1  0  0
procs -----------memory---------- ---swap-- -----io---- -system-- -----cpu------
 r  b   swpd   free   buff  cache   si   so    bi    bo   in   cs us sy id wa st
12  0 160908 931012  16036 6564268    0    0 10892     6 3541 3134 95  4  1  0  0
13  0 160908 909460  16056 6586036    0    0 10762     0 3912 3495 95  4  1  0  0
 7  0 160908 884760  16088 6607268    0    0 10508   258 8729 4237 83  4 14  0  0
11  0 160908 862624  16112 6631072    0    0 11788     0 11521 7711 77  4 19  0  0
11  0 160908 847620  16124 6645592    0    0  7046     0 4987 4267 82  3 15  0  0
11  0 160908 847888  16124 6645592    0    0     0     0 5084 4125 86  3 11  0  0
12  0 160908 848632  16124 6645592    0    0     0     0 5172 4337 89  4  7  0  0
 9  0 160908 849416  16124 6645612    0    0     0    16 4625 3335 87  4  9  0  0
 5  0 160908 848728  16128 6645672    0    0     0     0 3068 2984 67  2 31  0  0
 3  0 160908 848892  16136 6645728    0    0     0   356 1938 1960 30  1 68  1  0
 2  0 160908 849036  16136 6645760    0    0     0     0 1323 1404 12  0 88  0  0
 0  0 160908 849564  16136 6645772    0    0     0     0  970 1163  6  0 94  0  0
 0  0 160908 849664  16136 6645772    0    0     0     8  717  991  0  0 100  0  0
 0  0 160908 850540  16136 6645772    0    0     0     0  695  977  0  0 100  0  0
 0  0 160908 850548  16136 6645772    0    0     0     0  678  967  0  0 100  0  0
 0  0 160908 850548  16136 6645764    0    0     0    16  684  963  0  0 100  0  0
 0  0 160908 850564  16136 6645764    0    0     0     0  670  980  0  0 100  0  0
 0  0 160908 850564  16144 6645764    0    0     0   114  756  980  0  0 99  0  0
 0  0 160908 850812  16144 6645768    0    0     0     0  668  938  0  0 100  0  0
 0  0 160908 850696  16144 6645772    0    0     0     0  609  970  0  0 100  0  0
 0  0 160908 851148  16144 6645764    0    0     0     2  659  948  0  0 100  0  0
procs -----------memory---------- ---swap-- -----io---- -system-- -----cpu------
 r  b   swpd   free   buff  cache   si   so    bi    bo   in   cs us sy id wa st
 0  0 160908 852024  16144 6645764    0    0     0     0  625  962  0  0 100  0  0
 0  0 160908 851600  16144 6645768    0    0     0     0  629  970  0  0 100  0  0
 0  0 160908 851404  16144 6645768    0    0     0     0  657  960  0  0 100  0  0
 1  0 160908 851520  16152 6645768    0    0     0    32  659  953  0  0 100  0  0
18  0 160908 842592  16152 6645920    0    0     0   210 2874 3089 12  1 87  0  0
 9  0 160908 830800  16152 6646692    0    0     0     0 11590 5923 89  5  6  0  0
12  0 160908 841112  16152 6646692    0    0     0     0 9848 4417 82  4 14  0  0
12  0 160908 823304  16172 6665408    0    0  9482     0 4516 3868 94  4  2  0  0
12  0 160908 802548  16192 6686916    0    0 10636     0 3555 3097 95  4  0  0  0
14  0 160908 783164  16212 6706624    0    0  9994     8 3621 3156 94  4  2  0  0
11  0 160908 759520  16244 6730848    0    0 11790     0 7723 6094 81  4 15  0  0
11  0 160908 737020  16272 6752872    0    0 11018   366 4947 4103 92  5  3  0  0
11  0 160908 714700  16296 6775320    0    0 11020     0 4757 4030 91  4  6  0  0
12  0 160908 711960  16296 6778252    0    0  1408     0 3701 3270 86  4 10  0  0
14  0 160908 712224  16296 6778260    0    0     0     0 5226 4585 92  5  3  0  0
 9  0 160908 711160  16304 6778444    0    0     2     0 6776 5368 76  4 21  0  0
 8  0 160908 711776  16312 6778500    0    0     4     4 3256 3088 72  2 26  0  0
 3  0 160908 712904  16312 6778544    0    0     0     0 2260 2317 41  1 58  0  0
 3  0 160908 714028  16312 6778564    0    0     0     0 1798 1772 26  0 73  0  0
 2  0 160908 714656  16324 6778596    0    0     2   302 1425 1558 18  0 81  1  0
 0  0 160908 713696  16324 6778612    0    0     0     0  880 1067  3  0 97  0  0
procs -----------memory---------- ---swap-- -----io---- -system-- -----cpu------
 r  b   swpd   free   buff  cache   si   so    bi    bo   in   cs us sy id wa st
 0  0 160908 713380  16324 6778612    0    0     0    18  705  964  0  0 100  0  0
 0  0 160908 714328  16324 6778624    0    0     0     0  739 1020  0  0 100  0  0
 0  0 160908 714320  16324 6778616    0    0     0     0  663  955  0  0 100  0  0
 0  0 160908 715156  16324 6778608    0    0     0     0  673  964  0  0 100  0  0
 0  0 160908 715536  16324 6778608    0    0     0     0  700 1005  0  0 100  0  0
 0  0 160908 715956  16332 6778600    0    0     0    94  677  964  0  0 99  0  0
12  0 160908 714968  16332 6779364    0    0     0     0 1598 2237 10  0 90  0  0
11  0 160908 698932  16332 6779464    0    0     0     0 17581 12192 89  7  5  0  0
13  0 160908 711688  16332 6779468    0    0     0   262 11601 5800 88  5  7  0  0
12  0 160908 714856  16332 6779468    0    0     0     0 5327 4977 91  4  5  0  0
12  0 160908 714732  16332 6779480    0    0     0     0 3628 3143 95  4  1  0  0
14  0 160908 715176  16332 6779480    0    0     0     0 3515 3142 94  4  2  0  0
10  0 160908 713632  16336 6780036    0    0     0     0 11569 5471 77  4 19  0  0
12  0 160908 713980  16344 6780040    0    0     0   206 6330 4737 92  4  4  0  0
12  0 160908 714096  16352 6780356    0    0     2     0 4944 4230 91  4  5  0  0
11  0 160908 713504  16352 6780424    0    0     0     0 3688 3164 92  4  4  0  0
17  0 160908 714000  16352 6780424    0    0     0     0 4858 4031 94  4  2  0  0
 9  0 160908 714724  16352 6780460    0    0     0     0 4257 3145 84  3 12  0  0
 5  0 160908 714816  16352 6780504    0    0     0    16 3261 2919 64  2 34  0  0
 1  0 160908 714692  16360 6780604    0    0     2     0 1659 1662 19  0 81  0  0
 0  0 160908 714704  16360 6780604    0    0     0     0 1085 1223  8  0 91  0  0
procs -----------memory---------- ---swap-- -----io---- -system-- -----cpu------
 r  b   swpd   free   buff  cache   si   so    bi    bo   in   cs us sy id wa st
 1  0 160908 715252  16368 6780620    0    0     0   302  744  978  0  0 99  1  0
 0  0 160908 715512  16368 6780620    0    0     0     0  704  952  0  0 100  0  0
 0  0 160908 715532  16368 6780620    0    0     0    14  666  981  0  0 100  0  0
 0  0 160908 715044  16368 6780620    0    0     0     0  661  948  0  0 100  0  0
 0  0 160908 715420  16368 6780620    0    0     0    10  679  922  0  0 100  0  0
 1  0 160908 715192  16368 6780620    0    0     0     0  671  976  0  0 100  0  0
 0  0 160908 714632  16368 6780620    0    0     0     0  697  945  1  0 99  0  0
 0  0 160908 714524  16368 6780624    0    0     0     0  633  922  0  0 100  0  0
 0  0 160908 714516  16376 6780620    0    0     0    34  657  972  0  0 99  0  0
 0  0 160908 714636  16376 6780616    0    0     0   192  664  918  0  0 100  0  0
12  0 160908 713360  16376 6781468    0    0     0     0 2034 2676  8  0 91  0  0
12  0 160908 710764  16376 6781488    0    0     0     0 15937 7694 89  6  4  0  0
13  0 160908 710896  16376 6781484    0    0     0     0 3477 3138 94  4  1  0  0
12  0 160908 711036  16376 6781488    0    0     0     0 3606 3255 95  4  1  0  0
15  0 160908 712356  16380 6781488    0    0     0    16 3662 3141 95  5  0  0  0
14  0 160908 711072  16388 6781496    0    0     0   124 6861 3010 94  5  1  0  0
 7  0 160908 707880  16392 6782120    0    0     0     0 7177 3554 83  4 13  0  0
12  0 160908 710140  16396 6782208    0    0     0     0 11652 10935 76  4 21  0  0
14  0 160908 709656  16400 6782444    0    0     2     0 8651 7746 80  4 16  0  0
11  0 160908 710400  16400 6782460    0    0     0    16 3806 3221 94  4  2  0  0
12  0 160908 709368  16400 6782464    0    0     0     0 4326 3015 94  4  1  0  0
procs -----------memory---------- ---swap-- -----io---- -system-- -----cpu------
 r  b   swpd   free   buff  cache   si   so    bi    bo   in   cs us sy id wa st
 8  0 160908 710484  16412 6782452    0    0     2     0 3541 3028 87  3 10  0  0
 6  0 160908 711204  16412 6782532    0    0     0    50 3272 3145 64  2 34  0  0
 3  0 160908 708972  16424 6782864    0    0     2   344 5993 5812 32  1 67  1  0
 0  0 160908 708268  16428 6782912    0    0     2     2 2020 1536 10  0 90  0  0
 0  0 160908 708548  16428 6782912    0    0     0     0 2498 1952  7  0 93  0  0
 1  0 160908 709728  16428 6782912    0    0     0     0 5979 4371 12  1 87  0  0
 2  0 160908 707944  16428 6782916    0    0     0     0 4648 2333 20  1 80  0  0
 3  0 160908 708688  16428 6782912    0    0     0     0 5507 2778 23  1 76  0  0
 2  0 160908 707900  16432 6782936    0    0     2     4 5171 2169 26  1 74  0  0
 1  0 160908 706824  16432 6782952    0    0     0     0 2796 1090 12  0 88  0  0
 0  0 160908 709452  16444 6782960    0    0     2   152 1749 1051  6  0 94  0  0
 0  0 160908 710320  16444 6782960    0    0     0   202  914 1035  1  0 99  0  0
 1  0 160908 711188  16444 6782952    0    0     0     0  861 1061  1  0 99  0  0
 0  0 160908 711752  16444 6782948    0    0     0     0  796 1030  1  0 99  0  0
 0  0 160908 712248  16444 6782944    0    0     0     0  962 1096  2  0 98  0  0
 0  0 160908 712832  16444 6782944    0    0     0     0  954 1083  2  0 98  0  0
 1  0 160908 712972  16444 6782944    0    0     0    14  849 1036  1  0 99  0  0
 0  0 160908 713372  16452 6782944    0    0     0    62  911 1059  1  0 98  0  0
 0  0 160908 713272  16452 6782944    0    0     0     6 1147 1130  3  0 97  0  0
 1  0 160908 712588  16452 6782948    0    0     0     0 1442 1071  5  0 94  0  0
 1  0 160908 708992  16452 6782948    0    0     0     0 1681  999  7  0 93  0  0
procs -----------memory---------- ---swap-- -----io---- -system-- -----cpu------
 r  b   swpd   free   buff  cache   si   so    bi    bo   in   cs us sy id wa st
 0  0 160908 711324  16452 6782948    0    0     0     0 1995 1046 10  0 90  0  0
10  0 160908 700880  16452 6783848    0    0     0     0 11700 9358 71  4 25  0  0
12  0 160908 707452  16452 6783848    0    0     0     0 15482 5678 90  6  4  0  0
12  0 160908 709776  16452 6783848    0    0     0     0 4590 3665 94  4  2  0  0
15  0 160908 710544  16460 6783848    0    0     0   162 3367 3040 95  4  1  0  0
12  0 160908 710660  16460 6783848    0    0     0     0 3478 3121 94  4  2  0  0
 7  0 160908 708644  16460 6784320    0    0     0     0 9201 4509 79  4 17  0  0
12  0 160908 708512  16460 6784080    0    0     0    18 9846 9151 77  3 19  0  0
12  0 160908 706000  16460 6783460    0    0     0     0 6774 4936 90  4  6  0  0
12  0 160908 709836  16460 6783616    0    0     0     0 6883 4400 90  4  6  0  0
12  0 160908 709580  16460 6783612    0    0     0     0 3666 3150 95  4  0  0  0
11  0 160908 709396  16460 6783652    0    0     0     0 4543 3342 92  4  4  0  0
11  0 160908 709396  16468 6783720    0    0     0   708 5869 4681 89  4  7  0  0
 4  0 160908 709876  16468 6783800    0    0     0     0 3118 2843 65  2 33  0  0
 2  0 160908 710404  16468 6783816    0    0     0     0 1755 1803 29  0 70  0  0
 2  0 160908 711084  16468 6783804    0    0     0     8 1488 1539 18  0 81  0  0
 0  0 160908 711464  16468 6783812    0    0     0     0 1361 1437 15  0 85  0  0
 0  0 160908 712152  16472 6783824    0    0     0     4  691  942  0  0 100  0  0
 0  0 160908 712628  16472 6783812    0    0     0     0  676  985  0  0 100  0  0
 0  0 160908 712968  16472 6783808    0    0     0     0  686  935  0  0 100  0  0
 0  0 160908 713420  16480 6783800    0    0     0   218  689  962  0  0 99  1  0
procs -----------memory---------- ---swap-- -----io---- -system-- -----cpu------
 r  b   swpd   free   buff  cache   si   so    bi    bo   in   cs us sy id wa st
 0  0 160908 713624  16480 6783800    0    0     0     0  700  986  0  0 100  0  0
 0  0 160908 713616  16480 6783796    0    0     0     0  673  938  0  0 100  0  0
 0  0 160908 713744  16480 6783796    0    0     0     0  702  955  0  0 100  0  0
 0  0 160908 713868  16480 6783804    0    0     0     0  708  955  0  0 100  0  0
 0  0 160908 714020  16480 6783804    0    0     0    16  661  970  0  0 100  0  0
 0  0 160908 713648  16480 6783808    0    0     0     0  714  979  0  0 100  0  0
14  0 160908 702220  16480 6784652    0    0     0     0 7128 4319 58  3 39  0  0
11  0 160908 709884  16488 6784664    0    0     0   134 15358 6599 89  6  5  0  0
11  0 160908 710108  16488 6784668    0    0     0     0 5187 4877 89  3  8  0  0
11  0 160908 710172  16488 6784664    0    0     0    20 7139 7362 89  4  7  0  0
14  0 160908 710448  16488 6784664    0    0     0     0 4244 3977 93  4  3  0  0
10  0 160908 708436  16488 6784968    0    0     0     0 8295 4368 86  4 10  0  0
12  0 160908 708420  16488 6785292    0    0     0     0 7364 5769 85  4 10  0  0
12  0 160908 707676  16488 6785528    0    0     0     0 5356 4736 89  4  7  0  0
12  0 160908 711040  16488 6785528    0    0     0     0 3533 3181 95  4  1  0  0
14  0 160908 711196  16500 6785528    0    0     2   258 3679 3366 95  4  1  0  0
 8  0 160908 711352  16500 6785540    0    0     0   170 4523 3157 90  4  6  0  0
 6  0 160908 711356  16500 6785920    0    0     0     0 3159 3238 55  1 43  0  0
 2  0 160908 710112  16500 6786004    0    0     0     0 5176 4602 18  1 82  0  0
 1  0 160908 710252  16500 6786020    0    0     0    20 2442 2087  3  0 96  0  0
 1  0 160908 710780  16500 6786364    0    0     0     0 3888 3354  4  0 95  0  0
procs -----------memory---------- ---swap-- -----io---- -system-- -----cpu------
 r  b   swpd   free   buff  cache   si   so    bi    bo   in   cs us sy id wa st
 2  0 160908 709212  16500 6786352    0    0     0    20 3405 1471 13  0 86  0  0
 2  0 160908 705380  16508 6786352    0    0     0   234 3675 1390 18  0 81  1  0
 3  0 160908 704040  16508 6786316    0    0     0     0 4186 1357 19  0 81  0  0
 1  0 160908 706752  16508 6786316    0    0     0     0 4309 1301 22  1 78  0  0
 1  0 160908 706388  16508 6786312    0    0     0     0 3129 1279 13  1 86  0  0
 2  0 160908 706636  16508 6786312    0    0     0    24 2683 1141 10  0 90  0  0
 2  0 160908 707612  16508 6786276    0    0     0     0 2713 1144 10  0 89  0  0
 0  0 160908 709720  16508 6786288    0    0     0     0 2101 1247  8  0 91  0  0
 0  0 160908 709348  16508 6786264    0    0     0     0 1272 1223  3  0 97  0  0
 1  0 160908 710068  16516 6786264    0    0     0   112 1752 1464  6  0 93  0  0
 1  0 160908 709548  16516 6786228    0    0     0     0 1927 1367  9  0 91  0  0
 1  0 160908 704116  16516 6786228    0    0     0     0 2251 1209 10  0 89  0  0
 1  0 160908 702904  16516 6786200    0    0     0     0 2391 1112 12  0 87  0  0
 1  0 160908 703760  16516 6786216    0    0     0     0 2163 1090 10  0 90  0  0
11  0 160908 704856  16516 6787012    0    0     0     0 3238 2875 37  2 61  0  0
13  0 160908 707812  16516 6787020    0    0     0    66 16007 6645 88  7  5  0  0
12  0 160908 708184  16516 6787000    0    0     0     0 3600 3085 95  4  1  0  0
12  0 160908 708128  16524 6787004    0    0     0   102 3398 3118 94  4  2  0  0
19  0 160908 681344  16524 6786976    0    0     0   184 3496 3097 95  4  0  0  0
13  0 160908 707324  16524 6786980    0    0     0     0 5329 3179 94  4  1  0  0
12  0 160908 705768  16524 6787580    0    0     0     0 14997 8444 79  5 16  0  0
procs -----------memory---------- ---swap-- -----io---- -system-- -----cpu------
 r  b   swpd   free   buff  cache   si   so    bi    bo   in   cs us sy id wa st
10  0 160908 706636  16524 6787596    0    0     0     0 3844 3305 93  4  3  0  0
11  0 160908 706888  16524 6787908    0    0     0     0 6130 5346 82  3 16  0  0
13  0 160908 708076  16524 6787908    0    0     0    28 5839 5183 93  5  3  0  0
12  0 160908 705668  16524 6787908    0    0     0     0 4390 3194 94  4  2  0  0
 9  0 160908 706672  16532 6788032    0    0     0   330 4502 3938 77  3 20  1  0
 4  0 160908 706404  16532 6788100    0    0     0     0 3031 2862 61  2 37  0  0
 4  0 160908 704692  16532 6788116    0    0     0     0 2101 2040 34  0 66  0  0
 1  0 160908 704980  16532 6788168    0    0     0     0 1217 1380 12  0 88  0  0
 0  0 160908 705584  16532 6788188    0    0     0     0 1090 1219  7  0 93  0  0
 0  0 160908 705288  16532 6788184    0    0     0     0  715  979  0  0 100  0  0
 0  0 160908 706048  16532 6788184    0    0     0     0  635  996  0  0 100  0  0
 0  0 160908 706520  16532 6788184    0    0     0     0  648  949  0  0 100  0  0
 0  0 160908 706732  16540 6788184    0    0     0   210  734  957  0  0 99  0  0
 0  0 160908 707796  16540 6788184    0    0     0     0  656 1002  0  0 100  0  0
 0  0 160908 707796  16540 6788184    0    0     0    20  658  945  0  0 100  0  0
 0  0 160908 707448  16540 6788172    0    0     0     0  736  964  0  0 100  0  0
 0  0 160908 707724  16540 6788176    0    0     0     0  649  983  0  0 100  0  0
 0  0 160908 707852  16540 6788172    0    0     0    20  687  960  0  0 100  0  0
13  0 160908 707028  16540 6789016    0    0     0     0 1751 2392 17  1 82  0  0
11  0 160908 699884  16548 6789028    0    0     0   122 15866 7221 89  7  4  0  0
10  0 160908 705152  16548 6789040    0    0     0     0 8368 3196 93  4  2  0  0
procs -----------memory---------- ---swap-- -----io---- -system-- -----cpu------
 r  b   swpd   free   buff  cache   si   so    bi    bo   in   cs us sy id wa st
13  0 160908 704972  16548 6789040    0    0     0     0 3552 3081 95  4  1  0  0
12  0 160908 704972  16548 6789040    0    0     0   184 3634 3074 96  4  1  0  0
15  0 160908 705888  16548 6789048    0    0     0     0 3788 3349 94  4  2  0  0
 9  0 160908 704612  16548 6789708    0    0     0     0 7723 5779 81  4 16  0  0
11  0 160908 705124  16548 6789716    0    0     0     0 5959 5048 92  4  5  0  0
 2  0 160908 704628  16548 6790044    0    0     0     0 6264 5309 85  4 11  0  0
12  0 160908 703932  16556 6790048    0    0     0   268 3547 3136 94  4  2  0  0
14  0 160908 704124  16556 6790044    0    0     0     0 3723 3319 96  4  1  0  0
 7  0 160908 703384  16556 6790076    0    0     0     2 4041 3048 82  3 15  0  0
 5  0 160908 703500  16556 6790124    0    0     0     0 2527 2617 53  1 46  0  0
 2  0 160908 703324  16560 6790200    0    0     0     0 1586 1661 19  0 80  0  0
 0  0 160908 703056  16560 6790228    0    0     0    16  993 1067  3  0 97  0  0
 0  0 160908 703616  16560 6790232    0    0     0     0  757 1000  0  0 100  0  0
 0  0 160908 704368  16560 6790232    0    0     0    20  665  983  0  0 100  0  0
 0  0 160908 704740  16568 6790228    0    0     0   236  643  949  0  0 99  1  0
 0  0 160908 704908  16568 6790228    0    0     0     0  607  937  0  0 100  0  0
 0  0 160908 705460  16568 6790220    0    0     0     6  616  970  0  0 100  0  0
 0  0 160908 704908  16568 6790216    0    0     0     0  609  937  0  0 100  0  0
 0  0 160908 705164  16568 6790212    0    0     0     2  580  933  0  0 100  0  0
 0  0 160908 705164  16568 6790212    0    0     0     0  605  981  0  0 100  0  0
 0  0 160908 705436  16568 6790212    0    0     0     0  618  952  0  0 100  0  0
procs -----------memory---------- ---swap-- -----io---- -system-- -----cpu------
 r  b   swpd   free   buff  cache   si   so    bi    bo   in   cs us sy id wa st
 0  0 160908 705672  16568 6790212    0    0     0     0  648  956  0  0 100  0  0
 0  0 160908 706432  16576 6790216    0    0     0    36  645 1019  0  0 100  0  0
11  0 160908 697336  16576 6791052    0    0     0   150 4186 3620 58  3 39  0  0
12  0 160908 701128  16576 6791064    0    0     0     0 9932 4316 92  6  2  0  0
12  0 160908 702300  16576 6791068    0    0     0     0 3440 3101 95  4  1  0  0
12  0 160908 702692  16576 6791068    0    0     0    82 3500 3152 95  4  1  0  0
12  0 160908 703312  16576 6791068    0    0     0     0 3988 3296 94  4  2  0  0
10  0 160908 703664  16576 6791064    0    0     0     0 4686 3078 94  5  1  0  0
 9  0 160908 701044  16576 6791848    0    0     0     0 11471 10152 66  3 31  0  0
 8  0 160908 700928  16588 6791944    0    0     0   250 6026 5379 87  4 10  0  0
12  0 160908 701056  16588 6792016    0    0     0    20 4685 3966 91  4  4  0  0
15  0 160908 700116  16588 6792024    0    0     0     0 3787 3262 95  4  1  0  0
10  0 160908 700408  16588 6792028    0    0     0     6 4530 3152 94  4  2  0  0
 9  0 160908 700316  16588 6792200    0    0     0     0 6049 5638 67  3 30  0  0
 4  0 160908 700532  16596 6792300    0    0     2     0 3077 2746 61  2 37  0  0
 2  0 160908 703904  16600 6792328    0    0     2     4 1630 1768 23  0 77  0  0
 4  0 160908 703996  16600 6792348    0    0     0     0 1535 1527 16  0 84  0  0
 0  0 160908 704356  16612 6792364    0    0     2   278 1408 1395 16  0 83  1  0
 0  0 160908 703992  16612 6792376    0    0     0     0  700  954  0  0 100  0  0
 0  0 160908 704568  16612 6792380    0    0     0     0  656  972  0  0 100  0  0
 0  0 160908 704608  16612 6792380    0    0     0     0  651  940  0  0 100  0  0
procs -----------memory---------- ---swap-- -----io---- -system-- -----cpu------
 r  b   swpd   free   buff  cache   si   so    bi    bo   in   cs us sy id wa st
 0  0 160908 704872  16612 6792384    0    0     0     0  691  959  0  0 100  0  0
 0  0 160908 706048  16612 6792392    0    0     0    18  690  991  0  0 100  0  0
 0  0 160908 706676  16612 6792392    0    0     0     0  656  946  0  0 100  0  0
 0  0 160908 706436  16620 6792388    0    0     0    88  645  943  0  0 99  0  0
 0  0 160908 707052  16620 6792408    0    0     0   208  717  992  0  0 100  0  0
 0  0 160908 707032  16620 6792412    0    0     0     0  639  935  0  0 100  0  0
 0  0 160908 707696  16620 6792404    0    0     0    16  646  925  0  0 100  0  0
 0  0 160908 707820  16620 6792404    0    0     0     0  604  959  0  0 100  0  0
 0  0 160908 707820  16620 6792404    0    0     0     0  638  929  0  0 100  0  0
 0  0 160908 708120  16620 6792408    0    0     0    10  633  933  0  0 100  0  0
13  0 160908 707372  16620 6792340    0    0     0     0 2435 3010 31  1 68  0  0
10  0 160908 703148  16628 6792036    0    0     0   362 19122 10307 85  6  9  0  0
10  0 160908 706604  16628 6792044    0    0     0     0 6958 5350 91  5  5  0  0
13  0 160908 707436  16628 6792028    0    0     0     0 3454 3064 94  5  1  0  0
12  0 160908 707048  16628 6792004    0    0     0     0 3510 3093 95  5  0  0  0
13  0 160908 707496  16628 6791988    0    0     0     0 3682 3285 94  4  2  0  0
12  0 160908 706680  16628 6792576    0    0     0     0 9098 6707 72  3 24  0  0
12  0 160908 705768  16628 6792572    0    0     0     0 4851 3929 93  4  2  0  0
11  0 160908 704804  16628 6792880    0    0     0     0 3744 3334 91  4  5  0  0
12  0 160908 703672  16636 6792856    0    0     0   284 4752 3871 93  5  2  0  0
14  0 160908 703260  16636 6792860    0    0     0     0 3719 3162 95  4  1  0  0
procs -----------memory---------- ---swap-- -----io---- -system-- -----cpu------
 r  b   swpd   free   buff  cache   si   so    bi    bo   in   cs us sy id wa st
 8  0 160908 702228  16636 6792900    0    0     0    18 4796 3051 79  3 18  0  0
 5  0 160908 702236  16636 6792920    0    0     0     0 2769 2668 54  2 44  0  0
 1  0 160908 702252  16636 6793000    0    0     0     0 1341 1365 10  0 90  0  0
 1  0 160908 702028  16636 6793016    0    0     0     0  851 1042  2  0 97  0  0
 0  0 160908 702368  16636 6793020    0    0     0     0  747 1020  0  0 100  0  0
 0  0 160908 703220  16636 6793012    0    0     0    10  706  963  0  0 100  0  0
 0  0 160908 703728  16644 6793016    0    0     0   240  734  969  0  0 99  1  0
 0  0 160908 703644  16644 6793020    0    0     0     0  645  954  0  0 100  0  0
 0  0 160908 704104  16644 6793020    0    0     0   280  792  940  0  0 100  0  0
 0  0 160908 704400  16644 6793020    0    0     0     0  700  963  0  0 100  0  0
 0  0 160908 705048  16644 6793024    0    0     0     0  647  975  0  0 100  0  0
 0  0 160908 705168  16644 6793020    0    0     0     0  658  957  0  0 100  0  0
 0  0 160908 704176  16644 6793020    0    0     0     0  636  956  0  0 100  0  0
 0  0 160908 704452  16644 6793016    0    0     0     0  668  994  0  0 100  0  0
13  0 160908 694312  16652 6793856    0    0     0   120 8282 6725 68  4 28  0  0
10  0 160908 701124  16652 6793860    0    0     0    20 14046 8363 86  5  9  0  0
11  0 160908 700408  16652 6793860    0    0     0     0 6291 6367 87  4  8  0  0
13  0 160908 700876  16652 6793860    0    0     0     0 3959 3518 93  5  2  0  0
14  0 160908 701372  16652 6793860    0    0     0    16 3401 3132 95  4  1  0  0
 8  0 160908 700180  16652 6794428    0    0     0     0 6293 4498 85  4 11  0  0
12  0 160908 699600  16652 6794584    0    0     0     0 8822 7590 84  4 12  0  0
procs -----------memory---------- ---swap-- -----io---- -system-- -----cpu------
 r  b   swpd   free   buff  cache   si   so    bi    bo   in   cs us sy id wa st
12  0 160908 698296  16652 6794744    0    0     0     0 3687 3341 92  3  4  0  0
15  0 160908 699180  16664 6794748    0    0     2   262 4852 4022 92  4  3  0  0
13  0 160908 699500  16664 6794832    0    0     0     8 6132 3928 92  4  4  0  0
 7  0 160908 700504  16664 6794832    0    0     0     0 4688 3315 90  4  5  0  0
 7  0 160908 700024  16664 6794964    0    0     0     2 4007 3761 64  2 34  0  0
 3  0 160908 700044  16664 6795040    0    0     0     0 2071 2108 36  1 63  0  0
 3  0 160908 699332  16664 6795056    0    0     0     0 1454 1640 20  0 80  0  0
 1  0 160908 699996  16664 6795068    0    0     0     0 1323 1370 14  0 85  0  0
 0  0 160908 700260  16672 6795088    0    0     0   256  961 1094  3  0 96  1  0
 0  0 160908 700284  16672 6795092    0    0     0   184  713  929  0  0 100  0  0
 0  0 160908 700556  16672 6795092    0    0     0     0  672  947  0  0 100  0  0
 0  0 160908 700480  16672 6795092    0    0     0     0  656  912  0  0 100  0  0
 0  0 160908 700488  16672 6795092    0    0     0    16  691  933  0  0 100  0  0
 1  0 160908 700612  16672 6795096    0    0     0     0  628  949  0  0 100  0  0
 0  0 160908 701180  16672 6795096    0    0     0    18  685  929  0  0 100  0  0
 0  0 160908 701304  16672 6795096    0    0     0     0  660  934  0  0 100  0  0
 0  0 160908 701304  16680 6795088    0    0     0    34  632  943  0  0 99  0  0
 0  0 160908 700932  16680 6795088    0    0     0     0  645  913  0  0 100  0  0
 0  0 160908 701424  16680 6795084    0    0     0     0  650  939  0  0 100  0  0
11  0 160908 696692  16680 6795932    0    0     0     6 3343 3647 35  2 63  0  0
 9  0 160908 695824  16680 6795944    0    0     0     0 15071 7922 78  5 17  0  0
procs -----------memory---------- ---swap-- -----io---- -system-- -----cpu------
 r  b   swpd   free   buff  cache   si   so    bi    bo   in   cs us sy id wa st
11  0 160908 698156  16684 6795948    0    0     0     0 10520 6862 82  4 14  0  0
11  0 160908 697772  16684 6795964    0    0     0     0 7696 8158 89  4  7  0  0
12  0 160908 698152  16684 6795964    0    0     0     0 4333 3907 94  4  1  0  0
 9  0 160908 697596  16692 6796516    0    0     0   160 3880 3598 86  4 10  0  0
12  0 160908 697208  16692 6796520    0    0     0     0 7011 5867 88  4  8  0  0
12  0 160908 698284  16692 6796672    0    0     0     0 3822 3239 95  4  1  0  0
12  0 160908 697648  16692 6796688    0    0     0    10 3646 3294 90  4  7  0  0
11  1 160908 697112  16696 6796828    0    0     2     0 4614 3415 94  4  1  0  0
 7  0 160908 698004  16704 6796900    0    0     2    56 3371 3057 78  3 19  0  0
 5  0 160908 697008  16704 6796944    0    0     0     0 2790 2805 57  2 42  0  0
 2  0 160908 697156  16704 6797004    0    0     0     0 1644 1755 22  1 77  0  0
 0  0 160908 697836  16716 6797024    0    0     0   348  967 1096  4  0 96  0  0
 0  0 160908 697556  16716 6797024    0    0     0     0 1007 1061  6  1 94  0  0
 0  0 160908 698036  16716 6797044    0    0     0     0  716  985  0  0 100  0  0
 0  0 160908 697664  16716 6797048    0    0     0     0  630  934  0  0 100  0  0
 0  0 160908 698044  16716 6797036    0    0     0     0  675  961  0  0 100  0  0
 0  0 160908 698676  16716 6797040    0    0     0     6  649  974  0  0 100  0  0
 0  0 160908 698536  16716 6797036    0    0     0     0  734  982  0  0 100  0  0
 0  0 160908 698684  16724 6797036    0    0     0   110  682  957  0  0 99  0  0
 0  0 160908 699048  16724 6797024    0    0     0     0  636  989  0  0 100  0  0
 0  0 160908 699028  16724 6797024    0    0     0     0  624  930  0  0 100  0  0
procs -----------memory---------- ---swap-- -----io---- -system-- -----cpu------
 r  b   swpd   free   buff  cache   si   so    bi    bo   in   cs us sy id wa st
 0  0 160908 699028  16724 6797024    0    0     0     0  668  947  0  0 100  0  0
 1  0 160908 698656  16724 6797028    0    0     0     0  640  977  0  0 100  0  0
 0  0 160908 699280  16724 6797028    0    0     0    10  660  938  0  0 100  0  0
 1  0 160908 699404  16724 6797028    0    0     0     0  634  940  0  0 100  0  0
 0  0 160908 700160  16724 6797028    0    0     0     0  616  971  0  0 100  0  0
12  0 160908 693204  16732 6797860    0    0     0   100 4126 4115 37  2 61  0  0
16  0 160908 686244  16732 6797868    0    0     0     0 18141 11665 81  7 12  0  0
11  0 160908 699776  16732 6797872    0    0     0   200 8436 3658 89  4  7  0  0
11  0 160908 698824  16732 6797876    0    0     0     0 4175 3806 88  4  8  0  0
11  0 160908 699172  16732 6797880    0    0     0     0 5058 4792 88  4  8  0  0
 7  0 160908 700032  16732 6798352    0    0     0     0 6998 7296 71  3 26  0  0
13  0 160908 699056  16732 6798444    0    0     0     0 11587 10026 76  3 21  0  0
11  0 160908 698728  16732 6798684    0    0     0     6 4897 3324 89  4  7  0  0
12  0 160908 698692  16740 6798764    0    0     0   286 5529 4709 90  4  7  0  0
12  0 160908 699812  16740 6798764    0    0     0     0 4289 3090 95  4  1  0  0
12  0 160908 696340  16740 6798840    0    0     0     0 4047 3084 95  4  1  0  0
10  0 160908 699192  16740 6798872    0    0     2     0 4004 3153 86  4 10  0  0
 2  0 160908 698696  16740 6798988    0    0     0     2 2620 2510 49  2 49  0  0
 2  0 160908 699192  16740 6799004    0    0     0     0 1499 1572 16  0 83  0  0
 0  0 160908 698316  16748 6799052    0    0     2     0 1200 1252  8  0 92  0  0
 0  0 160908 698328  16756 6799052    0    0     0   306  702  962  0  0 99  1  0
procs -----------memory---------- ---swap-- -----io---- -system-- -----cpu------
 r  b   swpd   free   buff  cache   si   so    bi    bo   in   cs us sy id wa st
 0  0 160908 698344  16756 6799052    0    0     0     0  675  961  0  0 100  0  0
 0  0 160908 698980  16756 6799048    0    0     0    24  646  955  0  0 100  0  0
 0  0 160908 698676  16756 6799048    0    0     0     0  639  928  0  0 100  0  0
 0  0 160908 699156  16756 6799048    0    0     0     0  632  935  0  0 100  0  0
 0  0 160908 699600  16756 6799048    0    0     0     0  618  958  0  0 100  0  0
 0  0 160908 699756  16756 6799048    0    0     0     0  665  946  0  0 100  0  0
 0  0 160908 700300  16756 6799056    0    0     0     0  670  954  0  0 100  0  0
 0  0 160908 700912  16764 6799052    0    0     0    26  682  987  0  0 99  0  0
 0  0 160908 700920  16764 6799052    0    0     0     0  621  930  0  0 100  0  0
 0  0 160908 700768  16764 6799044    0    0     0   214  697  940  0  0 100  0  0
 0  0 160908 701396  16764 6799048    0    0     0     0  646  973  0  0 100  0  0
 0  0 160908 701396  16764 6799056    0    0     0     2  761 1198  1  0 99  0  0
13  0 160908 690660  16768 6798756    0    0     0     0 9282 7726 68  4 28  0  0
12  0 160908 698412  16768 6798756    0    0     0     0 13320 5139 91  5  4  0  0
12  0 160908 699136  16768 6798760    0    0     0     2 3549 3095 95  4  1  0  0
13  0 160908 697800  16776 6798732    0    0     0   376 3680 3333 94  4  1  0  0
13  0 160908 698304  16776 6798736    0    0     0     8 3509 3196 95  4  1  0  0
10  0 160908 698552  16776 6799044    0    0     0     0 5745 4328 81  4 15  0  0
11  0 160908 698648  16776 6799244    0    0     0     0 7913 6817 77  3 20  0  0
12  0 160908 698512  16776 6799612    0    0     0    46 4483 3947 85  3 12  0  0
13  0 160908 697400  16776 6799612    0    0     0     0 6658 5909 91  4  5  0  0
procs -----------memory---------- ---swap-- -----io---- -system-- -----cpu------
 r  b   swpd   free   buff  cache   si   so    bi    bo   in   cs us sy id wa st
12  0 160908 697712  16776 6799592    0    0     0     0 4400 3052 95  4  1  0  0
 9  0 160908 698580  16776 6799600    0    0     0     0 4211 3099 91  4  6  0  0
 8  0 160908 698856  16784 6799616    0    0     0   248 3676 3132 74  2 24  0  0
 2  0 160908 698448  16784 6799692    0    0     0     4 1882 1826 26  1 73  0  0
 0  0 160908 698548  16784 6799732    0    0     0     0 1250 1292 10  0 90  0  0
 0  0 160908 698900  16784 6799732    0    0     0     6  774  963  0  0 100  0  0
 0  0 160908 699152  16784 6799724    0    0     0     0  717  973  0  0 100  0  0
 0  0 160908 699152  16784 6799728    0    0     0     0  642  985  0  0 100  0  0
 0  0 160908 699304  16784 6799728    0    0     0     0  658  966  0  0 100  0  0
 0  0 160908 699056  16784 6799732    0    0     0     0  679  977  0  0 100  0  0
 0  0 160908 698720  16792 6799732    0    0     0   500  762  985  0  0 99  1  0
 0  0 160908 699080  16792 6799732    0    0     0     0  666  959  0  0 100  0  0
 0  0 160908 698792  16792 6799720    0    0     0     0  654  957  0  0 100  0  0
13  0 160908 697392  16792 6800556    0    0     0     8 3792 3827 37  2 62  0  0
13  0 160908 689572  16792 6800568    0    0     0     0 17791 9579 86  7  7  0  0
11  0 160908 697004  16792 6800576    0    0     0    84 8316 6083 88  4  7  0  0
13  0 160908 696880  16792 6800576    0    0     0     0 4608 4157 93  4  3  0  0
13  0 160908 696024  16800 6800580    0    0     0    54 3637 3098 94  4  1  0  0
11  0 160908 693280  16800 6800584    0    0     0     0 4933 3214 93  4  2  0  0
10  0 160908 695628  16800 6801208    0    0     0     0 11390 7830 66  3 31  0  0
11  0 160908 695992  16800 6801216    0    0     0     4 5639 4909 89  4  7  0  0
procs -----------memory---------- ---swap-- -----io---- -system-- -----cpu------
 r  b   swpd   free   buff  cache   si   so    bi    bo   in   cs us sy id wa st
12  0 160908 696364  16800 6801456    0    0     0     0 5308 4449 91  4  5  0  0
12  0 160908 695240  16800 6801540    0    0     0     0 3692 3203 95  4  1  0  0
10  0 160908 696480  16800 6801540    0    0     0     8 4337 3182 94  4  2  0  0
10  0 160908 695976  16800 6801628    0    0     0     0 4619 4064 81  3 16  0  0
 4  0 160908 694988  16808 6801700    0    0     0   320 3214 3059 64  2 34  0  0
 1  0 160908 695628  16808 6801748    0    0     0     0 1770 1833 24  0 76  0  0
 1  0 160908 696428  16808 6801772    0    0     0     0 1151 1256 11  0 89  0  0
 0  0 160908 696560  16808 6801788    0    0     0     0  946 1116  5  0 95  0  0
 0  0 160908 696068  16808 6801800    0    0     0     0  674  937  0  0 100  0  0
 0  0 160908 696092  16808 6801812    0    0     0    10  645  908  0  0 100  0  0
 0  0 160908 696976  16808 6801816    0    0     0     0  622  939  0  0 100  0  0
 0  0 160908 697104  16808 6801816    0    0     0     0  694  920  0  0 100  0  0
 0  0 160908 697048  16816 6801812    0    0     0   294  672  914  0  0 99  1  0
 0  0 160908 697560  16816 6801812    0    0     0     0  666  962  0  0 100  0  0
 0  0 160908 697424  16816 6801812    0    0     0     0  762 1329  1  0 99  0  0
11  0 160908 687856  16816 6802632    0    0     0     0 9972 6665 71  4 25  0  0
12  0 160908 691576  16816 6802640    0    0     0     0 18163 9456 83  5 12  0  0
13  0 160908 694988  16816 6802636    0    0     0     2 7909 6798 90  4  6  0  0
12  0 160908 694980  16816 6802648    0    0     0     0 3794 3383 95  4  1  0  0
12  0 160908 695788  16824 6802640    0    0     0   132 3558 3169 95  4  1  0  0
10  0 160908 696400  16824 6803220    0    0     0     0 7067 5497 78  4 18  0  0
procs -----------memory---------- ---swap-- -----io---- -system-- -----cpu------
 r  b   swpd   free   buff  cache   si   so    bi    bo   in   cs us sy id wa st
12  0 160908 696408  16824 6803220    0    0     0     0 6688 5440 89  4  7  0  0
13  0 160908 697020  16824 6803544    0    0     0     0 4283 3724 90  4  5  0  0
12  0 160908 695968  16824 6803548    0    0     0     0 4565 3582 95  4  1  0  0
14  0 160908 695928  16824 6803624    0    0     0     0 5556 3999 91  4  4  0  0
11  0 160908 695696  16824 6803644    0    0     0     0 4357 3097 88  4  8  0  0
 6  0 160908 696284  16824 6803672    0    0     0     0 3274 3076 70  2 28  0  0
 2  0 160908 695912  16836 6803788    0    0     2   392 1766 1772 22  1 77  1  0
 1  0 160908 696156  16836 6803808    0    0     0     0 1403 1472 11  0 88  0  0
 0  0 160908 696040  16836 6803812    0    0     0   194  884 1024  2  0 97  0  0
 0  0 160908 696304  16836 6803812    0    0     0     0  690  941  0  0 100  0  0
 0  0 160908 695296  16836 6803820    0    0     0     0  667  962  0  0 100  0  0
 0  0 160908 696808  16836 6803820    0    0     0     0  631  945  0  0 100  0  0
 0  0 160908 697172  16836 6803816    0    0     0     0  673  980  0  0 100  0  0
 0  0 160908 697460  16836 6803816    0    0     0     4  611  979  0  0 100  0  0
 0  0 160908 697840  16844 6803816    0    0     0    90  654  957  0  0 99  0  0
 0  0 160908 697984  16844 6803816    0    0     0     0  613  940  0  0 100  0  0
18  0 160908 688696  16844 6804636    0    0     0     6 7160 5015 60  4 36  0  0
13  0 160908 697020  16844 6804648    0    0     0     0 11285 5536 89  6  6  0  0
12  0 160908 696376  16844 6804652    0    0     0     0 3432 3145 95  4  1  0  0
12  0 160908 696500  16844 6804656    0    0     0     0 3460 3097 95  4  1  0  0
14  0 160908 696612  16844 6804660    0    0     0     0 3408 3115 95  4  1  0  0
procs -----------memory---------- ---swap-- -----io---- -system-- -----cpu------
 r  b   swpd   free   buff  cache   si   so    bi    bo   in   cs us sy id wa st
 9  0 160908 695504  16852 6804664    0    0     0   120 4872 3348 93  4  3  0  0
11  0 160908 694900  16852 6805300    0    0     0     0 13571 10011 69  4 27  0  0
11  0 160908 694496  16852 6805564    0    0     0    10 3894 3269 89  4  7  0  0
12  0 160908 694248  16852 6805648    0    0     0     0 6186 5199 89  4  7  0  0
12  0 160908 693960  16852 6805656    0    0     0     0 3465 3104 95  4  1  0  0
10  0 160908 694208  16852 6805652    0    0     0    24 4318 2995 94  4  2  0  0
 9  0 160908 694644  16852 6805740    0    0     0     0 4259 3875 75  3 22  0  0
 4  0 160908 693372  16852 6805840    0    0     0     0 2489 2477 50  1 49  0  0
 3  0 160908 693732  16860 6805892    0    0     0   380 1537 1635 23  0 75  1  0
 1  0 160908 693892  16860 6805908    0    0     0     0 1113 1202  9  0 91  0  0
 1  0 160908 694808  16860 6805924    0    0     0   170 1061 1141  4  0 95  0  0
 0  0 160908 694972  16860 6805924    0    0     0     0  627  929  0  0 100  0  0
 0  0 160908 694724  16860 6805924    0    0     0    10  649  893  0  0 100  0  0
 0  0 160908 694692  16860 6805924    0    0     0     0  616  927  0  0 100  0  0
 0  0 160908 695188  16860 6805924    0    0     0     0  610  884  0  0 100  0  0
 0  0 160908 694808  16860 6805924    0    0     0     4  634  898  0  0 100  0  0
 0  0 160908 695192  16868 6805924    0    0     0   108  641  960  0  0 99  0  0
 0  0 160908 695928  16868 6805924    0    0     0     0  632  917  0  0 100  0  0
 0  0 160908 696192  16868 6805924    0    0     0     0  599  922  0  0 100  0  0
 0  0 160908 696704  16868 6805900    0    0     0     0  630  944  0  0 100  0  0
 0  0 160908 696452  16868 6805908    0    0     0    10  635  905  0  0 100  0  0
procs -----------memory---------- ---swap-- -----io---- -system-- -----cpu------
 r  b   swpd   free   buff  cache   si   so    bi    bo   in   cs us sy id wa st
10  0 160908 695360  16868 6806120    0    0     0     0 1481 2379  6  1 93  0  0
13  0 160908 682644  16868 6805608    0    0     0    20 14635 7604 85  6  9  0  0
12  0 160908 694800  16868 6805308    0    0     0     0 10983 7405 82  4 14  0  0
11  0 160908 694652  16876 6805312    0    0     0   370 5398 5335 87  4  9  0  0
 2  0 160908 694976  16876 6805272    0    0     0     0 6191 6449 89  4  7  0  0
11  0 160908 693696  16876 6805600    0    0     0     0 3791 3377 94  4  2  0  0
12  0 160908 691704  16876 6806076    0    0     0    28 9820 7988 80  5 14  0  0
12  0 160908 691644  16876 6806092    0    0     0     0 3694 3138 95  3  2  0  0
12  0 160908 692240  16876 6806188    0    0     0     0 3923 3287 93  4  3  0  0
11  0 160908 692696  16876 6806256    0    0     0     6 3750 3199 94  5  1  0  0
12  0 160908 693956  16884 6806188    0    0     0   248 3613 3291 95  4  1  0  0
 8  0 160908 692968  16884 6806324    0    0     0   214 5335 3956 75  3 22  0  0
 3  0 160908 693680  16884 6806316    0    0     0     0 2678 2605 49  1 50  0  0
 1  0 160908 692796  16884 6806368    0    0     0     0 1320 1399 13  0 86  0  0
 1  0 160908 693640  16884 6806344    0    0     0     0 1125 1203  8  0 91  0  0
 0  0 160908 693416  16884 6806344    0    0     0     0 1095 1171 10  0 90  0  0
 0  0 160908 693680  16884 6806308    0    0     0    32  693  959  0  0 100  0  0
 0  0 160908 694152  16884 6806308    0    0     0     0  641  928  0  0 100  0  0
 0  0 160908 693776  16892 6806276    0    0     0   238  740  959  0  0 99  1  0
 0  0 160908 694380  16892 6806276    0    0     0     0  675  983  0  0 99  0  0
 0  0 160908 694628  16892 6806256    0    0     0     0  712  964  0  0 100  0  0
procs -----------memory---------- ---swap-- -----io---- -system-- -----cpu------
 r  b   swpd   free   buff  cache   si   so    bi    bo   in   cs us sy id wa st
 0  0 160908 694876  16892 6806256    0    0     0     0  664  928  0  0 99  0  0
 0  0 160908 695740  16892 6806252    0    0     0     0  647  960  0  0 99  0  0
12  0 160908 695728  16892 6806256    0    0     0     0 1370 2108  4  1 96  0  0
12  0 160908 688076  16892 6807108    0    0     0    64 11637 7481 91  6  3  0  0
11  0 160908 692852  16892 6807108    0    0     0     0 10709 5472 89  5  6  0  0
12  0 160908 693408  16900 6807104    0    0     0    68 6481 5480 89  4  7  0  0
12  0 160908 688348  16900 6807104    0    0     0     0 3702 3209 94  4  1  0  0
12  0 160908 688596  16900 6807104    0    0     0     0 3537 3131 95  4  1  0  0
 8  0 160908 688564  16900 6807736    0    0     0     2 6748 5062 74  3 23  0  0
11  0 160908 688440  16900 6807816    0    0     0     0 8905 8152 80  5 15  0  0
 1  0 160908 559960  16900 6807984    0    0     0    24 1213  862 15  0 85  0  0
 1  0 160908 559564  16900 6807984    0    0     0     0  975  643  8  0 92  0  0
14  0 160908 636368  16900 6729756    0    0     0     0 3946 2623 51  2 46  0  0
12  0 160908 636848  16912 6729732    0    0     0   330 4639 3288 95  4  1  0  0
12  0 160908 637028  16912 6729792    0    0     0     0 3785 3249 95  4  0  0  0
 9  0 160908 636736  16912 6729752    0    0     0     0 3479 3192 93  4  3  0  0
 6  0 160908 636760  16912 6729796    0    0     0     0 3070 3154 65  2 33  0  0
 2  0 160908 636864  16912 6729876    0    0     0     0 2047 2050 30  1 69  0  0
 0  0 160908 636896  16912 6729880    0    0     0     0  887 1092  3  0 97  0  0
 0  0 160908 637068  16912 6729880    0    0     0     0  776  997  0  0 100  0  0
 0  0 160908 637208  16912 6729880    0    0     0     6  626  930  0  0 100  0  0
procs -----------memory---------- ---swap-- -----io---- -system-- -----cpu------
 r  b   swpd   free   buff  cache   si   so    bi    bo   in   cs us sy id wa st
 0  0 160908 637764  16920 6729860    0    0     0   248  693  969  0  0 99  1  0
 0  0 160908 638352  16920 6729864    0    0     0     0  661  989  0  0 100  0  0
 0  0 160908 638348  16920 6729864    0    0     0     8  675  947  0  0 100  0  0
 0  0 160908 637604  16920 6729864    0    0     0     0  661  941  0  0 100  0  0
 0  0 160908 638616  16920 6729856    0    0     0     2  631  965  0  0 100  0  0
14  0 160908 631472  16920 6730688    0    0     0     0 10192 7333 63  4 33  0  0
13  0 160908 638268  16920 6730696    0    0     0     0 15216 5756 91  6  2  0  0
12  0 160908 776880  16920 6730700    0    0     0    32 3750 3432 95  4  1  0  0
13  0 160908 777672  16928 6730712    0    0     0   120 3486 3158 96  4  0  0  0
12  0 160908 777620  16928 6730712    0    0     0   196 3573 3132 95  5  0  0  0
10  0 160908 776028  16928 6731128    0    0     0     0 5707 4262 83  3 13  0  0
13  0 160908 776008  16928 6731276    0    0     0     0 6691 5654 87  4  8  0  0
11  0 160908 775512  16928 6731676    0    0     0     0 3935 3750 84  4 13  0  0
11  0 160908 776184  16928 6731688    0    0     0     0 5066 4307 87  4 10  0  0
14  0 160908 776168  16928 6731692    0    0     0     0 5363 4521 92  5  3  0  0
10  0 160908 776300  16936 6731916    0    0     0   302 7889 6789 80  4 16  0  0
 9  0 160908 776100  16936 6731940    0    0     0     0 4859 4441 84  3 13  0  0
 5  0 160908 776216  16936 6732036    0    0     0     0 2459 2539 48  1 51  0  0
 4  0 160908 775804  16936 6732064    0    0     0     0 2034 2133 37  1 62  0  0
 3  0 160908 775836  16936 6732100    0    0     0     8 1792 1868 27  0 72  0  0
 0  0 160908 775628  16936 6732116    0    0     0     0 1142 1301 11  0 89  0  0
procs -----------memory---------- ---swap-- -----io---- -system-- -----cpu------
 r  b   swpd   free   buff  cache   si   so    bi    bo   in   cs us sy id wa st
 0  0 160908 776248  16936 6732132    0    0     0     0  611  934  0  0 100  0  0
 1  0 160908 777152  16936 6732128    0    0     0     6  729  974  0  0 100  0  0
 0  0 160908 777524  16944 6732128    0    0     0   232  654  940  0  0 99  1  0
 0  0 160908 777168  16944 6732128    0    0     0    32  710  955  0  0 100  0  0
 0  0 160908 777000  16944 6732128    0    0     0     0  672 1000  0  0 100  0  0
 0  0 160908 777068  16944 6732124    0    0     0     0  652  949  0  0 100  0  0
 0  0 160908 777440  16944 6732124    0    0     0     0  657  948  0  0 100  0  0
12  0 160908 777132  16944 6732312    0    0    28     0 2505 3156 34  2 64  0  0
12  0 160908 777008  16944 6732316    0    0     0     0 3581 3347 94  5  1  0  0
12  0 160908 777136  16944 6732312    0    0     0     0 3427 3268 95  5  0  0  0
12  0 160908 777052  16952 6732304    0    0     0   120 3464 3376 94  5  1  0  0
14  0 160908 776956  16952 6732292    0    0     0   192 3772 3461 94  6  1  0  0
11  0 160908 777840  16952 6732292    0    0     0     0 3669 3531 94  5  1  0  0
12  0 160908 777012  16952 6732372    0    0     0     0 4543 4239 92  6  2  0  0
12  0 160908 776804  16952 6732368    0    0     0     0 3566 3236 95  5  0  0  0
15  0 160908 777300  16952 6732372    0    0     0     0 3565 3397 95  5  1  0  0
12  0 160908 778036  16952 6732372    0    0     0     6 3846 3401 94  5  1  0  0
12  0 160908 778360  16952 6732380    0    0     0     0 3383 3171 95  5  0  0  0
 2  0 160908 778608  16960 6732396    0    0     0    86 3113 3109 52  2 46  0  0
 2  0 160908 778356  16960 6732396    0    0     0     0 1358 1560 17  0 83  0  0
 2  0 160908 777916  16960 6732400    0    0     0     0 1584 1683 18  0 82  0  0
procs -----------memory---------- ---swap-- -----io---- -system-- -----cpu------
 r  b   swpd   free   buff  cache   si   so    bi    bo   in   cs us sy id wa st
 0  0 160908 777844  16960 6732404    0    0     0    38 1596 1450 13  0 86  0  0
 0  0 160908 777952  16960 6732408    0    0     0     0  987 1034  1  0 99  0  0
 1  0 160908 775524  16960 6732408    0    0     0     6 1807 1079  5  0 95  0  0
 1  0 160908 775292  16960 6732420    0    0     0     0 2476 1018  9  0 91  0  0
 1  0 160908 774956  16960 6732412    0    0     0     0 2446  983  9  0 91  0  0
 0  0 160908 777108  16968 6732420    0    0     0    48 1406  970  4  0 95  0  0
 0  0 160908 776992  16968 6732420    0    0     0     0  642  985  0  0 100  0  0
 2  0 160908 776480  16968 6732424    0    0     0     0  651  929  0  0 100  0  0
 1  0 160908 776752  16968 6732420    0    0     0     0  641  945  0  0 100  0  0
 2  0 160908 13138156  16968 6732172    0    0    10     0 1046 1053  0  3 97  0  0
 0  0 160908 24824156  16968 6704024    0    0     0     0  814  637  0  3 96  0  0
