procs -----------memory---------- ---swap-- -----io---- -system-- -----cpu------
 r  b   swpd   free   buff  cache   si   so    bi    bo   in   cs us sy id wa st
 3  1 162644 30289676   4624 100716    0    1    28    14    0    1  0  0 99  0  0
 0  0 162644 30222716   4720 120140    0    0  9124     4 1484 1376  5  0 89  5  0
 0  0 162644 30219880   4720 122268    0    0  1024     0  442  612  0  0 100  0  0
 0  0 162644 30217980   4724 124316    0    0  1026     8  421  594  0  0 100  0  0
 0  0 162644 30215880   4724 126364    0    0  1024     0  430  582  0  0 100  0  0
 1  0 162644 30213640   4728 128404    0    0  1026     0  446  565  0  0 100  0  0
 0  0 162644 30212316   4736 130452    0    0  1024    96  445  589  0  0 100  0  0
 0  0 162644 30210596   4740 132508    0    0  1026     0  465  583  0  0 100  0  0
 0  0 162644 30208240   4740 134552    0    0  1024     0  461  585  0  0 100  0  0
 1  0 162644 30172620   4792 145172    0    0  5414     0 1172  969  4  0 94  3  0
 1  1 162644 30050260   4812 160956    0    0  8056     0 2605 3468  9  0 88  3  0
 0 12 162644 29795608   4932 180344    0    0  9182     8 3022 6116 11  1 76 12  0
 8 10 162644 27003804   5052 275764    0    0 47672     0 3328 3191 44  6 28 21  0
 2 12 162644 24355156   5176 395604    0    0 59950     0 1884 1937 23  5 44 27  0
 3 14 162644 23883336   5300 531296    0    0 68200   266 1801 1943 26  1 42 31  0
 4 12 162644 23689160   5464 693556    0    0 81280     6 2007 2055 22  1 53 23  0
 2 14 162644 23370588   5612 845688    0    0 76362    62 1979 1847 30  1 40 29  0
 4 13 162644 23076212   5772 967040    0    0 60996     0 1887 1824 27  1 41 31  0
 4 11 162644 22623132   5916 1103320    0    0 67628    78 1934 1805 28  1 42 28  0
 7 12 162644 22472680   6064 1244788    0    0 70674     0 1913 2052 24  1 43 32  0
 4  9 162644 21317868   6188 1382964    0    0 69006     0 2159 1951 33  3 38 26  0
procs -----------memory---------- ---swap-- -----io---- -system-- -----cpu------
 r  b   swpd   free   buff  cache   si   so    bi    bo   in   cs us sy id wa st
 7 11 162644 20909536   6364 1550684    0    0 83324    60 2955 2809 37  1 35 28  0
 6  9 162644 20641208   6508 1698412    0    0 74392     0 2423 2253 42  1 33 24  0
13  0 162644 20234696   6616 1806024    0    0 53256     0 5777 4000 61  2 29  8  0
13  0 162644 20097560   6656 1852672    0    0 23190     0 3858 4422 79  2 19  0  0
14  1 162644 19930092   6776 1898956    0    0 23416     0 3926 5035 95  4  1  0  0
 6  3 162644 19894372   6908 1999096    0    0 50034     0 4215 4876 86  3  9  2  0
 4  3 162644 19725616   7044 2132640    0    0 66226     0 3019 3102 51  1 36 11  0
 5  4 162644 19557216   7180 2266404    0    0 67116   124 2335 2219 32  1 51 16  0
 3  0 162644 19385896   7308 2393492    0    0 63294     2 2404 2224 33  1 52 15  0
 5  0 162644 19310024   7376 2468412    0    0 37282     0 2247 2492 33  1 66  0  0
 6  0 162644 19177516   7400 2484508    0    0  8076     0 4128 3571 43  1 55  0  0
 4  0 162644 19148880   7416 2488016    0    0  1800     0 3935 3260 36  1 62  0  0
 3  0 162644 19143408   7420 2490660    0    0  1282   130 3229 2075 19  0 80  0  0
 1  0 162644 19142448   7428 2493724    0    0  1540     0 3113 2285  9  0 90  0  0
 1  0 162644 19130584   7440 2496796    0    0  1542    20 3043 2153 10  0 90  0  0
 0  0 162644 19125732   7456 2500392    0    0  1796    50 2764 1426  8  0 92  0  0
 0  0 162644 19121028   7476 2504924    0    0  2188     0  711  923  0  0 99  0  0
 0  0 162644 19119060   7476 2506808    0    0  1024     0  626  905  0  0 100  0  0
 0  0 162644 19117596   7480 2508856    0    0  1026     0  651  907  0  0 100  0  0
 0  0 162644 19115356   7480 2510888    0    0  1024     0  699  939  0  0 100  0  0
 8  0 162644 18910440   7508 2517488    0    0  3226     0 4380 4265 49  1 49  1  0
procs -----------memory---------- ---swap-- -----io---- -system-- -----cpu------
 r  b   swpd   free   buff  cache   si   so    bi    bo   in   cs us sy id wa st
 9  0 162644 18531372   7516 2524764    0    0  3588     0 12728 8237 55  4 41  0  0
11  0 162644 18236880   7632 2637244    0    0 56512     0 7792 5069 68  3 28  0  0
 7  0 162644 18060536   7764 2755952    0    0 59198   118 5902 5462 54  2 39  5  0
 8  4 162644 17856192   7924 2910492    0    0 77058    10 11431 10912 71  3 19  7  0
 6  5 162644 17598380   8076 3055432    0    0 72244     0 6595 6403 62  2 20 16  0
 6  4 162644 17363052   8216 3194932    0    0 69810     0 7490 6291 53  2 30 15  0
 8  6 162644 17144416   8368 3350348    0    0 77774     0 8704 9326 58  2 28 13  0
 7  4 162644 16952604   8512 3501736    0    0 75084     0 5369 5840 57  2 27 15  0
 8  5 162644 16736564   8676 3660892    0    0 79644    38 5810 5700 45  1 39 15  0
 6  8 162644 16564824   8828 3812756    0    0 75932    44 4164 3362 41  1 40 17  0
 5  4 162644 16302736   9012 3996504    0    0 91510    48 2649 2408 30  1 42 27  0
 5  3 162644 16173040   9132 4126272    0    0 64908    64 1888 1722 27  1 55 17  0
 3  2 162644 16046708   9256 4253604    0    0 63422     0 1845 1942 25  1 67  7  0
 0  0 162644 15980516   9316 4319532    0    0 32926     0 1420 1547 16  0 78  5  0
 0  0 162644 15980028   9316 4319544    0    0     0     0  640  910  0  0 100  0  0
 0  0 162644 15980020   9316 4319540    0    0     0     0  666  908  0  0 100  0  0
 0  0 162644 15980440   9316 4319540    0    0     0     2  616  918  0  0 100  0  0
 0  0 162644 15981200   9324 4319528    0    0     0    34  667  936  0  0 99  0  0
 0  0 162644 15977728   9324 4319528    0    0     0     0  661  961  0  0 99  0  0
 0  0 162644 15977984   9324 4319512    0    0     0     0  666  976  0  0 100  0  0
 0  0 162644 15978480   9324 4319516    0    0     0     0  662  957  0  0 100  0  0
procs -----------memory---------- ---swap-- -----io---- -system-- -----cpu------
 r  b   swpd   free   buff  cache   si   so    bi    bo   in   cs us sy id wa st
 0  0 162644 15978488   9324 4319492    0    0     0     6  719  951  0  0 100  0  0
 0  0 162644 15978348   9324 4319496    0    0     0     0  644  943  0  0 100  0  0
 0  0 162644 15978620   9324 4319492    0    0     0    10  698  962  0  0 100  0  0
 0  0 162644 15978504   9324 4319496    0    0     0     0  669  951  0  0 100  0  0
 8  0 162644 15950140   9352 4322456    0    0  1410   106 7111 5560 39  1 59  1  0
 8  0 162644 15828448   9352 4322492    0    0     0    26 20889 17609 47  3 50  0  0
10  0 162644 15447248   9372 4337676    0    0  7690     0 14626 11724 63  3 33  0  0
10  0 162644 15162908   9436 4395868    0    0 29090    24 11119 7542 90  4  7  0  0
10  0 162644 14974676   9508 4467244    0    0 35750     0 9926 4997 94  3  3  0  0
10  0 162644 14750360   9584 4547344    0    0 39978     0 4681 4100 94  3  3  0  0
10  0 162644 14623640   9660 4625084    0    0 38824     0 4108 4081 94  2  3  0  0
10  1 162644 14497872   9756 4702572    0    0 38592     0 5746 5114 83  2 14  0  0
11  1 162644 14380056   9852 4785328    0    0 41260   118 8400 8528 81  3 16  0  0
10  0 162644 14182888   9928 4865536    0    0 40334     0 10256 8833 83  3 14  0  0
12  0 162644 13935532  10000 4935540    0    0 34462     0 9986 10085 78  3 19  0  0
11  0 162644 13803132  10052 4975136    0    0 19860     0 5947 4708 73  2 25  0  0
10  0 162644 13614776  10072 4991332    0    0  8072     0 12324 10681 67  3 30  0  0
 9  0 162644 13369464  10088 5009464    0    0  8968     8 9351 8172 74  3 23  0  0
10  0 162644 13261808  10128 5040952    0    0 15764     0 8113 8647 80  2 18  0  0
10  0 162644 13069856  10160 5075204    0    0 16912     0 10652 9643 81  3 16  0  0
11  0 162644 12881120  10216 5119764    0    0 22426   166 10478 10194 91  3  6  0  0
procs -----------memory---------- ---swap-- -----io---- -system-- -----cpu------
 r  b   swpd   free   buff  cache   si   so    bi    bo   in   cs us sy id wa st
14  0 162644 12706520  10276 5175304    0    0 27676     0 6239 4841 92  3  5  0  0
11  0 162644 12540476  10352 5243704    0    0 33956    14 5936 4670 84  2 13  0  0
 8  0 162644 12298924  10416 5306696    0    0 31648     0 5068 3182 76  2 22  0  0
 6  0 162644 12204128  10480 5369060    0    0 31132     0 3022 3110 63  1 36  0  0
 5  0 162644 12097240  10532 5424852    0    0 27802    14 2602 2458 44  1 55  0  0
 3  0 162644 12057080  10576 5464152    0    0 19732     0 1813 1982 28  0 71  0  0
 3  0 162644 11986572  10612 5493760    0    0 14734     4 1812 1847 24  0 75  0  0
 1  0 162644 11975488  10632 5504844    0    0  5508    72 1419 1595 15  0 84  0  0
 1  0 162644 11975552  10632 5504916    0    0     0     0 1140 1282  8  0 92  0  0
 0  0 162644 11975428  10632 5504916    0    0     0     0  672  943  0  0 100  0  0
 0  0 162644 11975204  10632 5504916    0    0     0     0  631  939  0  0 100  0  0
 0  0 162644 11975344  10632 5504916    0    0     0     0  704  965  0  0 100  0  0
 0  0 162644 11975724  10632 5504900    0    0     0     0  649  951  0  0 100  0  0
 9  0 162644 11958828  10636 5505404    0    0   268     0 1352 1968  6  0 94  0  0
 5  0 162644 11766300  10644 5505536    0    0     0   106 13215 9370 61  3 36  0  0
 9  0 162644 11572488  10644 5505520    0    0     0     0 14350 8144 63  3 34  0  0
 8  0 162644 11435708  10644 5505520    0    0     0    90 12166 6617 59  2 39  0  0
 6  0 162644 11391936  10668 5526532    0    0 10508     0 8605 7358 55  2 43  0  0
 9  0 162644 11316668  10696 5558056    0    0 15790     0 8502 6920 71  2 26  0  0
10  0 162644 11128692  10724 5586500    0    0 14350    16 10725 8634 74  3 23  0  0
11  0 162644 10986588  10752 5614220    0    0 13582     0 11910 6317 91  3  5  0  0
procs -----------memory---------- ---swap-- -----io---- -system-- -----cpu------
 r  b   swpd   free   buff  cache   si   so    bi    bo   in   cs us sy id wa st
 9  0 162644 10754080  10772 5637532    0    0 11658    32 6996 3988 79  2 19  0  0
 6  0 162644 10646200  10780 5637992    0    0   256    40 8749 7367 53  2 45  0  0
 8  0 162644 10618424  10812 5668840    0    0 15376     0 7165 6820 59  2 39  0  0
 4  0 162644 10495316  10844 5700572    0    0 15762     2 4209 3939 47  1 51  0  0
 4  0 162644 10441856  10876 5732672    0    0 16144     0 4103 3872 35  1 65  0  0
 2  0 162644 10385600  10908 5764372    0    0 15888     0 4040 3382 30  1 69  0  0
 1  0 162644 10427916  10908 5767944    0    0  1664     0 2924 3041  6  0 94  0  0
 1  0 162644 10427792  10908 5767940    0    0     0     0 1079 1247  8  0 91  0  0
 1  0 162644 10428080  10916 5767940    0    0     0    42 1127 1281 10  0 90  0  0
 1  0 162644 10428716  10916 5767936    0    0     0     0 1062 1249  8  0 91  0  0
 0  0 162644 10429848  10916 5767940    0    0     0     6  905 1145  5  0 95  0  0
 3  0 162644 10377972  10924 5768024    0    0     0     0 4026 3081 21  0 79  0  0
 8  0 162644 10219756  10928 5768044    0    0     0     0 13166 9168 47  3 50  0  0
10  0 162644 10109272  10928 5768044    0    0     0    20 15304 10054 66  3 31  0  0
12  0 162644 9848996  10928 5768032    0    0     0     0 11139 8887 86  3 10  0  0
 1  0 162644 9783524  11012 5832508    0    0     2    14 6558 3961 53  2 45  0  0
12  2 162644 9652060  11056 5856616    0    0  4614 38410 6180 3551 74  2 24  0  0
 4  0 162644 9328668  11116 5905628    0    0 11788     2 5344 3084 85  2 12  0  0
21  0 162644 9283144  11172 5951088    0    0  9354   104 4836 2507 59  1 40  0  0
 6  0 162644 9061292  11252 6019492    0    0 18962     0 4789 3392 87  2 11  0  0
13  0 162644 8862884  11428 6151552    0    0 12304     2 6456 2457 73  2 25  0  0
procs -----------memory---------- ---swap-- -----io---- -system-- -----cpu------
 r  b   swpd   free   buff  cache   si   so    bi    bo   in   cs us sy id wa st
 5  0 162644 8713340  11520 6222864    0    0  6920     0 6914 3822 85  2 13  0  0
 9  0 162644 8565564  11556 6252040    0    0   512     0 8071 2676 80  2 18  0  0
 9  0 162644 8338520  11604 6287456    0    0  7176     0 7692 4716 72  2 26  0  0
 9  2 162644 8200648  11652 6328928    0    0 10792 95078 4177 2916 70  2 17 11  0
 9  0 162644 8012052  11712 6381208    0    0  6766 46140 4230 2665 68  2 22  8  0
 7  0 162644 7921284  11824 6472864    0    0     2   270 3242 2223 52  1 47  0  0
10  0 162644 7804732  11924 6554756    0    0  4612     0 3512 2057 47  1 52  0  0
 6  0 162644 7751420  11956 6585108    0    0 13454     6 2676 1883 54  1 45  0  0
 4  0 162644 7719592  11988 6615552    0    0 15118     0 1803 1830 29  1 70  0  0
 2  0 162644 7494564  12012 6633424    0    0  8840    20 1962 1572 29  1 70  0  0
 2  1 162644 7489496  12012 6633424    0    0     0 61732 1132 1234  8  0 89  2  0
 1  0 162644 7496612  12024 6627720    0    0     2 48524  987 1049  2  0 88 10  0
 2  0 162644 7496844  12024 6627716    0    0     0    12  675  931  0  0 100  0  0
 2  0 162644 7498208  12024 6627712    0    0     0     0  676  930  0  0 100  0  0
 1  0 162644 7497596  12024 6627668    0    0     0     2  645  933  0  0 100  0  0
 1  0 162644 7498216  12024 6627652    0    0     0     0  649  922  0  0 100  0  0
 2  0 162644 7498596  12024 6627612    0    0     0     0  635  941  0  0 100  0  0
 1  0 162644 7498968  12024 6627612    0    0     0     6  669  972  0  0 100  0  0
 1  0 162644 7499232  12032 6627568    0    0     0    26  698  953  0  0 99  0  0
11  0 162644 7719504  12032 6291496    0    0     0     0 4709 3376 48  1 51  0  0
 9  0 162644 7626380  12032 6291488    0    0     0     0 10649 6844 72  2 26  0  0
procs -----------memory---------- ---swap-- -----io---- -system-- -----cpu------
 r  b   swpd   free   buff  cache   si   so    bi    bo   in   cs us sy id wa st
10  0 162644 7383712  12032 6291404    0    0     0     0 16423 7316 71  3 26  0  0
 9  0 162644 7173028  12032 6291396    0    0     0   204 7225 5493 83  3 14  0  0
10  0 162644 7025700  12032 6291332    0    0     0     0 6355 5891 75  3 23  0  0
12  0 162644 6944744  12032 6291332    0    0     0    18 5333 5516 82  2 16  0  0
11  0 162644 6819000  12032 6291276    0    0     0     0 5221 4829 89  3  9  0  0
11  0 162644 6715840  12044 6291332    0    0     0   184 8219 6697 83  3 15  0  0
12  0 162644 6566404  12044 6291092    0    0     0     8 7123 6720 85  3 12  0  0
11  0 162644 6438468  12044 6291104    0    0     0     0 3682 3982 89  2  9  0  0
10  0 162644 6402880  12044 6291096    0    0     0     6 6758 6620 84  2 14  0  0
10  0 162644 6267728  12044 6291112    0    0     0     0 7266 6936 81  3 16  0  0
13  0 162644 6182888  12044 6291068    0    0     0     0 8141 7719 82  2 15  0  0
12  0 162644 6062136  12044 6291012    0    0     0    42 6270 3777 93  3  4  0  0
 4  0 162644 6063764  12044 6290920    0    0     0     0 2882 2855 52  1 47  0  0
 4  0 162644 6062880  12052 6290924    0    0     0    50 1942 2061 34  1 65  0  0
 3  0 162644 6062844  12064 6291012    0    0    44     0 2799 2782 24  0 75  0  0
 0  0 162644 6063108  12064 6290960    0    0     0     0 4503 4161  2  0 97  0  0
 1  0 162644 6062984  12064 6290928    0    0     0     0 1262 1121  2  0 98  0  0
 0  0 162644 6062992  12064 6290928    0    0     0     0 1285 1205  3  0 97  0  0
 1  0 162644 6063256  12064 6290920    0    0     0    10 1213 1193  3  0 97  0  0
 1  0 162644 6063040  12064 6290932    0    0     0     0 1425 1175  8  1 91  0  0
 0  0 162644 6063048  12072 6290924    0    0     0    84 1337 1059  4  0 96  0  0
procs -----------memory---------- ---swap-- -----io---- -system-- -----cpu------
 r  b   swpd   free   buff  cache   si   so    bi    bo   in   cs us sy id wa st
 3  0 162644 6063056  12072 6290932    0    0     0   122 1495 1144  6  0 94  0  0
 3  0 162644 6061088  12072 6290932    0    0     0     0 2429 1044 12  0 87  0  0
 2  0 162644 6058840  12072 6290932    0    0     0     6 3057 1006 15  0 85  0  0
 2  0 162644 6058484  12072 6290924    0    0     0     0 3256  992 16  0 84  0  0
 0  0 162644 6018060  12072 6290924    0    0     0     0 2131 1054 11  0 89  0  0
 0  0 162644 6017928  12072 6290920    0    0     0     6  657  973  0  0 100  0  0
 0  0 162644 6018176  12072 6290916    0    0     0     0  641  943  0  0 100  0  0
 0  0 162644 6018208  12080 6290916    0    0     0    24  658  974  0  0 99  0  0
 0  0 162644 6018572  12080 6290916    0    0     0     0  625  922  0  0 100  0  0
10  0 162644 5953940  12092 6291020    0    0     0     0 9164 3945 63  2 36  0  0
14  0 162644 5714868  12092 6291020    0    0     0     2 17804 8748 83  5 12  0  0
10  0 162644 5644196  12104 6298836    0    0     0     0 13657 7632 90  3  7  0  0
19  0 162644 5303072  12132 6322992    0    0  2820     0 10855 4930 82  3 15  0  0
10  0 162644 5162680  12172 6350624    0    0 13712     0 3997 4029 91  2  7  0  0
11  0 162644 4949252  12224 6402760    0    0 12556     0 7095 6750 73  3 25  0  0
 5  2 162644 4791656  12284 6449588    0    0 11684 25802 6557 5742 81  3 13  4  0
12  0 162644 4622752  12348 6502464    0    0 12404     0 5783 5311 75  2 23  0  0
10  0 162644 4357392  12404 6553052    0    0 11786    18 3698 2997 75  2 23  0  0
10  0 162644 4285224  12408 6553884    0    0   384     0 7427 7164 82  2 16  0  0
12  0 162644 4009084  12408 6553888    0    0     2     0 9119 7345 81  2 17  0  0
12  0 162644 3795076  12412 6553908    0    0     0     8 14799 13453 79  3 18  0  0
procs -----------memory---------- ---swap-- -----io---- -system-- -----cpu------
 r  b   swpd   free   buff  cache   si   so    bi    bo   in   cs us sy id wa st
10  0 162644 3706176  12428 6565816    0    0     0     0 5783 4685 80  2 18  0  0
10  0 162644 3593700  12444 6580564    0    0     0     8 2943 2646 55  1 43  0  0
 4  0 162644 3440724  12452 6577968    0    0     0 50550 4790 4631 45  1 48  6  0
 4  0 162644 3324064  12472 6593500    0    0     0     0 2403 2111 44  1 55  0  0
10  0 162644 3286772  12516 6630468    0    0     0   166 4213 1908 31  1 68  0  0
 1  0 162644 3191912  12516 6630472    0    0     0     0 1707 1469 24  1 76  0  0
 2  0 162644 3191556  12520 6630472    0    0     0     0 1114 1219  9  0 91  0  0
 0  0 162644 3191944  12520 6630472    0    0     0     0 1034 1138  6  0 94  0  0
 0  0 162644 3192332  12520 6630460    0    0     0     0  665  950  0  0 100  0  0
 1  0 162644 3192720  12520 6630460    0    0     0 12256  708  959  0  0 100  0  0
 0  0 162644 3193828  12528 6629184    0    0     0 12806  812 1032  0  0 97  3  0
 0  0 162644 3193944  12528 6629180    0    0     0    10  680  952  0  0 100  0  0
 0  0 162644 3194356  12528 6629136    0    0     0     0  683  939  0  0 100  0  0
 0  0 162644 3194472  12528 6629132    0    0     0    20  639  937  0  0 100  0  0
 0  0 162644 3194968  12528 6629096    0    0     0     0  656  941  0  0 100  0  0
 0  0 162644 3194720  12528 6629096    0    0     0     0  662  930  0  0 100  0  0
 0  0 162644 3194984  12548 6629060    0    0     4    40  682  974  0  0 99  1  0
 0  0 162644 3194984  12572 6629056    0    0     0    44  739  989  0  0 99  1  0
 0  0 162644 3194984  12632 6629076    0    0    14    70  705  996  0  0 98  1  0
 0  0 162644 3195224  12632 6629080    0    0     0     0  609  946  0  0 100  0  0
 1  0 162644 3195232  12632 6629076    0    0     0     0  636  933  0  0 100  0  0
procs -----------memory---------- ---swap-- -----io---- -system-- -----cpu------
 r  b   swpd   free   buff  cache   si   so    bi    bo   in   cs us sy id wa st
 0  0 162644 3195480  12632 6629072    0    0     0     2  657  942  0  0 100  0  0
 0  0 162644 3195356  12632 6629072    0    0     0     0  622  931  0  0 100  0  0
 0  0 162644 3194976  12632 6629076    0    0     0     0  638  979  0  0 100  0  0
 0  0 162644 3195356  12632 6629076    0    0     0     0  643  941  0  0 100  0  0
 0  0 162644 3195348  12632 6629076    0    0     0     0  644  942  0  0 100  0  0
12  0 162644 3489312  12660 6252872    0    0  5642   100 2663 2984 38  1 61  0  0
24  0 162644 3167656  12692 6284800    0    0 15762     0 8177 5898 92  4  4  0  0
10  0 162644 3009176  12724 6318580    0    0 16912     8 6417 4143 94  3  3  0  0
10  0 162644 2889516  12760 6354112    0    0 17938     0 3680 4191 94  3  3  0  0
 8  0 162644 2726828  12776 6373992    0    0  9864     0 6661 6148 70  2 27  0  0
10  0 162644 2633348  12776 6373996    0    0     0    20 5118 5195 67  2 32  0  0
14  0 162644 2458432  12776 6373988    0    0     0     0 6545 6174 85  3 12  0  0
14  0 162644 2419380  12788 6373976    0    0     0   210 11041 4622 94  4  3  0  0
12  0 162644 2338168  12788 6374000    0    0     0     0 8176 5443 89  3  8  0  0
11  0 162644 2259552  12788 6374020    0    0     0     0 4758 4090 93  3  4  0  0
10  0 162644 2256196  12788 6374024    0    0     0     8 4790 5097 88  3  9  0  0
 9  0 162644 2207448  12788 6374052    0    0     0     0 7154 6915 74  2 24  0  0
 7  0 162644 2234868  12788 6374056    0    0     0     0 7640 6098 66  2 32  0  0
 4  0 162644 2139884  12788 6374056    0    0     0     0 6864 6161 37  1 62  0  0
 5  0 162644 2067748  12788 6374044    0    0     0     0 6994 6154 49  1 50  0  0
 6  0 162644 1903712  12796 6374044    0    0     0    92 6314 3637 47  2 51  0  0
procs -----------memory---------- ---swap-- -----io---- -system-- -----cpu------
 r  b   swpd   free   buff  cache   si   so    bi    bo   in   cs us sy id wa st
 4  0 162644 1878076  12796 6374032    0    0     0     0 3343 2200 43  1 56  0  0
 3  0 162644 1879564  12796 6374032    0    0     0     0 2342 1901 31  1 69  0  0
 2  0 162644 1879688  12796 6374032    0    0     0     0 1233 1360 13  0 86  0  0
 0  0 162644 1879720  12796 6374024    0    0     0     0 1063 1161  9  0 91  0  0
 0  0 162644 1879488  12796 6374028    0    0     0    16  687  968  0  0 100  0  0
 0  0 162644 1879892  12796 6374028    0    0     0     0  672  955  0  0 100  0  0
 0  0 162644 1880140  12796 6374016    0    0     0    10  675  949  0  0 100  0  0
 0  0 162644 1880620  12804 6374012    0    0     0    44  644  974  0  0 100  0  0
 0  0 162644 1881148  12804 6374012    0    0     0     0  604  963  0  0 100  0  0
 0  0 162644 1880916  12804 6374012    0    0     0   100  717  956  0  0 100  0  0
 0  0 162644 1881016  12804 6374012    0    0     0     0  615  940  0  0 100  0  0
 0  0 162644 1881032  12804 6374016    0    0     0    10  643  939  0  0 100  0  0
 0  0 162644 1881272  12804 6374012    0    0     0     0  630  938  0  0 100  0  0
 0  0 162644 1881140  12804 6374012    0    0     0     0  648  951  0  0 100  0  0
 0  0 162644 1881428  12812 6374008    0    0     0    32  669  981  0  0 99  0  0
 0  0 162644 1881428  12812 6374008    0    0     0     0  656  946  0  0 100  0  0
 0  0 162644 1881304  12812 6374008    0    0     0     2  652  970  0  0 100  0  0
 0  0 162644 1881428  12812 6374004    0    0     0     0  654  948  0  0 100  0  0
 0  0 162644 1881304  12812 6373992    0    0     0     0  648  932  0  0 100  0  0
 8  0 162644 1881180  12816 6373968    0    0     0     0 1018 1716  2  0 98  0  0
 9  0 162644 1838380  12816 6374064    0    0     0     0 11983 8629 68  2 30  0  0
procs -----------memory---------- ---swap-- -----io---- -system-- -----cpu------
 r  b   swpd   free   buff  cache   si   so    bi    bo   in   cs us sy id wa st
 9  0 162644 1614792  12816 6374068    0    0     0    16 16198 10251 68  4 28  0  0
 6  0 162644 1523304  12860 6401420    0    0     0    92 15884 8159 75  4 21  0  0
11  0 162644 1369660  12888 6427228    0    0     0     0 4673 3350 76  2 22  0  0
10  0 162644 1099160  12892 6430140    0    0     0    10 5301 4529 87  2 10  0  0
 2  0 162644 940332  12964 6500068    0    0     0     0 2867 2450 42  1 56  0  0
12  0 162644 838744  12972 6507132    0    0     0    12 5650 5358 84  2 14  0  0
15  0 162644 656216  13048 6568480    0    0     0     0 2833 2607 63  2 35  0  0
12  0 162644 498256  13140 6646436    0    0     0     0 7027 3041 94  2  4  0  0
11  1 162644 326152  13228 6711112    0    0     0 48424 4411 2615 93  2  4  1  0
12  1 162644 162928  10768 6719592    0    0     0 85636 14240 2854 90  3  5  2  0
 9  0 162644 198284  10656 6689236    0    0   542 19390 25560 10877 78  4 16  2  0
11  0 162644 159596  10672 6616640    0    0    10     0 27582 4449 86  3 12  0  0
11  0 162644 161968  10688 6453704    0    0     0     0 38430 3076 84  2 14  0  0
 1  0 162644 161456  10764 6422124    0    0   258     0 19879 2433 60  1 39  0  0
 1  0 162644 160216  10764 6422592    0    0     0     0  973  651  8  0 92  0  0
 1  0 162644 160372  10764 6422696    0    0    52    20  934  632  8  0 92  0  0
 1  1 162644 157420  10764 6422696    0    0     0 87672 1093  648  8  0 86  5  0
 8  0 162644 226596  10784 6355844    0    0     0   210 3119 2393 57  1 37  4  0
 5  0 162644 213204  10980 6368456    0    0  2856    16 5101 2843 57  1 39  3  0
 3  0 162644 186956  11016 6395340    0    0     0     0 2047 1622 37  1 63  0  0
 0  0 162644 185940  11016 6395344    0    0     0    10 1203 1323 10  0 90  0  0
procs -----------memory---------- ---swap-- -----io---- -system-- -----cpu------
 r  b   swpd   free   buff  cache   si   so    bi    bo   in   cs us sy id wa st
 0  0 162644 186608  11016 6395336    0    0     0     0  733  969  0  0 100  0  0
 0  0 162644 186780  11016 6395336    0    0     0     0  659  950  0  0 100  0  0
 0  1 162644 187300  11028 6394724    0    0     0 23432  755  959  0  0 99  1  0
 0  0 162644 187028  11028 6394528    0    0     0     0  716  956  0  0 99  1  0
 0  0 162644 188168  11028 6394388    0    0     0     6  654  949  0  0 100  0  0
 0  0 162644 188044  11028 6394384    0    0     0     0  670  992  0  0 100  0  0
 0  0 162644 186432  11028 6396524    0    0  1152     0  679  946  0  0 100  0  0
 0  0 162644 184448  11028 6398564    0    0  1024     0  688  986  0  0 100  0  0
 0  0 162644 182192  11028 6400600    0    0  1024     0  653  952  0  0 100  0  0
 7  4 162644 401188  11028 6180632    0    0 18816     0 1687 2272 15  1 81  4  0
10  0 162644 240140  11040 6299944    0    0 59262   152 9944 7004 68  3 23  6  0
15  0 162644 280464  11040 6300412    0    0     0     0 11574 8349 88  3  9  0  0
12  0 162644 280960  11040 6300372    0    0     0   228 7303 4076 95  3  3  0  0
 9  0 162644 271280  11040 6310364    0    0  5120     0 5125 5000 80  2 17  0  0
12  0 162644 233360  11040 6348772    0    0 19076    10 7713 6862 84  3 13  0  0
13  0 162644 215528  11040 6365892    0    0  8594     0 4206 4298 96  2  2  0  0
11  0 162644 216016  11040 6365896    0    0     0     0 5462 4503 94  2  4  0  0
11  0 162644 215132  11048 6365924    0    0     0   102 4978 5349 90  2  8  0  0
 9  0 162644 215512  11048 6365868    0    0     0     0 3467 3952 84  2 14  0  0
 8  0 162644 214116  11048 6365892    0    0     0     2 11320 10919 65  2 32  0  0
10  0 162644 207420  11044 6309060    0    0   522     0 22106 11199 69  2 29  0  0
procs -----------memory---------- ---swap-- -----io---- -system-- -----cpu------
 r  b   swpd   free   buff  cache   si   so    bi    bo   in   cs us sy id wa st
11  0 162644 267584  11044 6309080    0    0     8     0 13047 8876 84  3 13  0  0
11  1 162644 253920  11588 6309228    0    0   314     6 6377 6186 89  3  5  3  0
10  0 162644 267584  11992 6312480    0    0  1738     0 5074 5006 84  2 13  0  0
 7  0 162644 265624  11992 6314632    0    0  1024     0 5741 5622 72  1 27  0  0
 5  0 162644 265864  12000 6314604    0    0     0    70 4027 4095 55  1 44  0  0
 3  0 162644 266276  12000 6314472    0    0     0     0 2130 2198 34  1 65  0  0
 1  0 162644 265664  12000 6314452    0    0     0     0 1311 1452 13  0 87  0  0
 1  0 162644 266704  12000 6314372    0    0     0     0 1195 1270  8  0 92  0  0
 0  0 162644 266820  12000 6314372    0    0     0    24  917 1094  3  0 97  0  0
 0  0 162644 266836  12000 6314300    0    0     0     0  653  951  0  0 100  0  0
 0  0 162644 267092  12000 6314304    0    0     0     0  724  952  0  0 100  0  0
 0  0 162644 267744  12008 6314232    0    0     0    52  663 1000  0  0 99  0  0
 0  0 162644 267008  12008 6314240    0    0     0     0  938 1025  6  0 94  0  0
 0  0 162644 267776  12008 6314240    0    0     0    34  739  964  0  0 100  0  0
 0  0 162644 269860  12008 6314240    0    0     0     0  671  992  0  0 100  0  0
 0  0 162644 270512  12008 6314200    0    0     0     0  676  950  0  0 100  0  0
 0  0 162644 270488  12008 6314200    0    0     0     2  654  960  0  0 100  0  0
 0  0 162644 270620  12008 6314188    0    0     0     0  661  952  0  0 100  0  0
 0  0 162644 270644  12008 6314192    0    0     0     8  680  952  0  0 100  0  0
 1  0 162644 271024  12016 6314184    0    0     0    56  674  977  0  0 99  0  0
 0  0 162644 270900  12016 6314184    0    0     0     0  675  953  0  0 100  0  0
procs -----------memory---------- ---swap-- -----io---- -system-- -----cpu------
 r  b   swpd   free   buff  cache   si   so    bi    bo   in   cs us sy id wa st
 3  0 162644 271056  12016 6314620    0    0   256     0 1196 1922  2  0 98  0  0
 3  0 162644 174788  12016 6314788    0    0     0     0 10236 4802 23  1 76  0  0
 9  0 162644 212856  12016 6354424    0    0 19960     0 16099 11347 55  2 43  0  0
10  0 162644 211376  12020 6357024    0    0  1152     0 6189 5240 78  2 20  0  0
13  0 162644 184072  12048 6383228    0    0     0     0 7954 6761 80  2 18  0  0
12  0 162644 158908  12048 6406736    0    0 14858    16 7435 3819 96  2  2  0  0
 7  0 162644 161348  12084 6405044    0    0  2548 12884 8722 3209 81  2 16  1  0
16  0 162644 159512  12116 6408600    0    0  9084    28 14255 4092 79  2 19  0  0
10  0 162644 162488  12156 6405444    0    0     0     0 11871 3168 86  2 12  0  0
 9  0 162644 158396  12212 6424400    0    0     0     0 5407 2875 48  1 51  0  0
11  0 162644 235764  12212 6330444    0    0     0    12 19623 7778 77  2 20  0  0
10  0 162644 222620  12228 6343380    0    0  3458     0 5401 4623 92  2  6  0  0
11  0 162644 161364  12280 6359612    0    0  3712     0 9868 3770 65  2 33  0  0
11  0 162644 193744  12312 6373140    0    0  7944     0 7672 3739 94  2  4  0  0
 7  1 162644 157536  12396 6408712    0    0   870 103660 10104 4050 80  3 14  3  0
12  0 162644 159024  12444 6408976    0    0     2   410 7070 2934 77  2 20  2  0
 7  0 162644 159520  12456 6407976    0    0     0     0 7024 4936 75  2 23  0  0
 5  0 162644 162248  12468 6404384    0    0     0     0 3861 2378 58  1 42  0  0
 3  0 162644 223528  12476 6344316    0    0     0     0 10419 3156 46  1 53  0  0
 5  0 162644 162304  12560 6405900    0    0     0     0 1980 1521 25  1 74  0  0
 3  0 162644 162708  12560 6406112    0    0     0     0 2002 1665 34  0 66  0  0
procs -----------memory---------- ---swap-- -----io---- -system-- -----cpu------
 r  b   swpd   free   buff  cache   si   so    bi    bo   in   cs us sy id wa st
 1  1 162644 159740  12560 6406104    0    0     0 79794 1517 1486 17  0 79  3  0
 1  0 162644 167072  12568 6400952    0    0     0 18866 1210 1212  8  0 85  6  0
 0  0 162644 167336  12568 6400940    0    0     0     0  872 1080  4  0 96  0  0
 0  0 162644 167956  12568 6400700    0    0     0     0  691  952  0  0 100  0  0
 0  0 162644 167848  12568 6400700    0    0     0    20  674  960  0  0 100  0  0
 0  0 162644 168476  12568 6400632    0    0     0     0  676  963  0  0 100  0  0
 0  0 162644 168724  12568 6400632    0    0     0     0  648  943  0  0 100  0  0
 0  0 162644 169460  12568 6400596    0    0     0     0  662  967  0  0 100  0  0
 0  0 162644 169228  12576 6400596    0    0     0    30  651  985  0  0 100  0  0
 0  0 162644 169508  12576 6400620    0    0    26     0  696  970  0  0 100  0  0
 0  0 162644 169508  12576 6400612    0    0     0     0  675  952  0  0 100  0  0
 0  0 162644 169616  12576 6400608    0    0     0     6  632  952  0  0 100  0  0
 0  0 162644 169508  12576 6400620    0    0     0     0  641  947  0  0 100  0  0
 2  0 162644 169756  12576 6400616    0    0     0     0  671  959  0  0 100  0  0
 0  0 162644 169864  12576 6400616    0    0     0     0  653  966  0  0 100  0  0
 0  0 162644 169748  12576 6400620    0    0     0     0  673  946  0  0 100  0  0
 0  0 162644 169012  12584 6400620    0    0     0   256  756  958  0  0 99  0  0
 0  0 162644 169756  12584 6400620    0    0     0     0  674  959  1  0 99  0  0
11  0 162644 734488  12584 5834228    0    0   384     0 1933 2484 23  1 76  0  0
10  0 162644 645512  12584 5920684    0    0 43220     8 6579 5678 84  3 11  2  0
10  0 162644 546684  12584 6020328    0    0 49808     0 3666 4107 89  2  7  2  0
procs -----------memory---------- ---swap-- -----io---- -system-- -----cpu------
 r  b   swpd   free   buff  cache   si   so    bi    bo   in   cs us sy id wa st
 2  0 162644 546792  12584 6020448    0    0     0     8 3501 4132 94  2  4  0  0
 8  0 162644 545816  12584 6020460    0    0     0     0 8266 7630 69  2 28  0  0
10  0 162644 500292  12584 6020444    0    0     0     0 9610 9442 82  3 15  0  0
14  0 162644 541640  12596 6023948    0    0  1886   186 6119 4047 89  2  8  0  0
14  0 162644 513756  12596 6050496    0    0 13184     0 6750 3801 96  3  2  0  0
13  0 162644 479640  12596 6087752    0    0 18560     0 10299 3970 96  3  2  0  0
13  0 162644 462528  12596 6105128    0    0  8702     0 6898 5710 92  2  5  0  0
14  0 162644 461032  12596 6105988    0    0   384     0 6420 6123 87  3 10  0  0
11  0 162644 460916  12600 6105884    0    0     0    10 3724 4229 90  2  8  0  0
12  0 162644 475548  12600 6106600    0    0   384     0 8981 7277 86  3 11  0  0
11  0 162644 475936  12608 6106584    0    0     0   104 10114 4983 89  2  9  0  0
 7  0 162644 476308  12608 6106592    0    0     0     0 7780 4304 75  2 23  0  0
 6  0 162644 458980  12608 6107448    0    0   384     0 3906 3831 50  1 49  0  0
 2  0 162644 459336  12608 6107348    0    0     0    16 2238 2315 41  1 59  0  0
 1  0 162644 459400  12608 6107328    0    0     0     0 1194 1351 13  0 87  0  0
 1  0 162644 459672  12608 6107328    0    0     0    10 1059 1141  8  0 91  0  0
 0  0 162644 459796  12612 6107308    0    0     0     0  988 1121  3  0 97  0  0
 0  0 162644 460308  12612 6107316    0    0     0     0  581  885  0  0 100  0  0
 0  0 162644 460292  12620 6107320    0    0     0    60  655  932  0  0 99  0  0
 0  0 162644 460052  12620 6107320    0    0     0     0  656  915  0  0 100  0  0
 0  0 162644 460820  12620 6107308    0    0     0    96  668  935  0  0 100  0  0
procs -----------memory---------- ---swap-- -----io---- -system-- -----cpu------
 r  b   swpd   free   buff  cache   si   so    bi    bo   in   cs us sy id wa st
 0  0 162644 460828  12620 6107308    0    0     0     0  635  920  0  0 100  0  0
 0  0 162644 461200  12620 6107304    0    0     0     0  613  907  0  0 100  0  0
 0  0 162644 461068  12620 6107304    0    0     0     0  632  939  0  0 100  0  0
 0  0 162644 461208  12620 6107308    0    0     0     0  668  944  0  0 100  0  0
 0  0 162644 461464  12620 6107308    0    0     0     6  627  938  0  0 100  0  0
 0  0 162644 461100  12628 6107288    0    0     0    40  648  944  0  0 99  0  0
 0  0 162644 461372  12628 6107296    0    0     0     0  704  988  0  0 100  0  0
 0  0 162644 460752  12628 6107284    0    0     0     0  665  957  0  0 100  0  0
 0  0 162644 461000  12628 6107288    0    0     0     0  647  930  0  0 100  0  0
 0  0 162644 461372  12628 6107284    0    0     0    16  694  942  0  0 100  0  0
 0  0 162644 461124  12628 6107276    0    0     0     0  705  966  0  0 100  0  0
12  0 162644 554204  12660 6005288    0    0   342     0 11057 7370 63  2 34  0  0
12  0 162644 560776  12660 6005296    0    0     0    12 14674 8920 83  3 14  0  0
12  0 162644 545400  12672 6021052    0    0  7936   140 3790 3903 96  2  1  0  0
12  0 162644 521584  12676 6044608    0    0 11856    10 3725 3802 96  2  2  0  0
16  0 162644 522452  12676 6046232    0    0   516     0 5232 4798 89  2  9  0  0
12  0 162644 522816  12676 6046300    0    0     0     0 3841 4003 97  2  1  0  0
12  0 162644 522320  12676 6046732    0    0     0     0 8244 8300 84  2 13  0  0
12  0 162644 522320  12676 6046740    0    0     0     0 3614 4177 97  2  1  0  0
11  0 162644 522320  12676 6047028    0    0     0    54 8240 9263 87  2 11  0  0
 8  0 162644 537936  12676 6047116    0    0     0     0 7802 8645 76  1 23  0  0
procs -----------memory---------- ---swap-- -----io---- -system-- -----cpu------
 r  b   swpd   free   buff  cache   si   so    bi    bo   in   cs us sy id wa st
 7  0 162644 538564  12684 6047136    0    0     0   140 3089 3101 61  1 38  0  0
 3  0 162644 538688  12688 6047140    0    0     0   102 2569 2555 46  1 53  0  0
 2  0 162644 538852  12688 6047160    0    0     0     0 1638 1698 22  1 77  0  0
 1  0 162644 538992  12688 6047164    0    0     0     0 1370 1445 16  0 84  0  0
 0  0 162644 539272  12688 6047172    0    0     0     0  894 1089  3  0 97  0  0
 0  0 162644 539404  12688 6047176    0    0     0     0  683  943  0  0 100  0  0
 0  0 162644 539552  12688 6047176    0    0     0    16  745  985  0  0 100  0  0
 0  0 162644 539436  12688 6047176    0    0     0     0  673  944  0  0 100  0  0
 0  0 162644 540080  12696 6047164    0    0     0   104  664  965  0  0 99  0  0
 0  0 162644 540204  12696 6047164    0    0     0     0  667  959  0  0 100  0  0
 0  0 162644 540468  12696 6047164    0    0     0     0  650  956  0  0 100  0  0
 0  0 162644 540716  12696 6047164    0    0     0     8  641  965  0  0 100  0  0
 0  0 162644 540732  12696 6047152    0    0     0     0  673  993  0  0 100  0  0
 0  0 162644 540608  12696 6047152    0    0     0     0  675  946  0  0 100  0  0
 0  0 162644 540732  12696 6047144    0    0     0     0  647  952  0  0 100  0  0
 0  0 162644 540980  12704 6047136    0    0     0    20  673  943  0  0 99  0  0
 0  0 162644 541220  12704 6047144    0    0     0     0  636  958  0  0 100  0  0
 0  0 162644 540972  12704 6047144    0    0     0     0  628  949  0  0 100  0  0
 0  0 162644 541228  12704 6047144    0    0     0     6  628  946  0  0 100  0  0
 0  0 162644 541104  12704 6047144    0    0     0     0  615  960  0  0 100  0  0
 0  0 162644 540384  12704 6047584    0    0   500     0 1223 1804  1  0 99  0  0
procs -----------memory---------- ---swap-- -----io---- -system-- -----cpu------
 r  b   swpd   free   buff  cache   si   so    bi    bo   in   cs us sy id wa st
10  0 162644 538624  12704 6048224    0    0    76    10 1856 2430 15  1 84  0  0
10  0 162644 511672  12704 6048996    0    0     0     0 13625 10355 76  4 21  0  0
11  0 162644 518120  12712 6048996    0    0     0   316 12766 5243 87  3 11  0  0
12  0 162644 519980  12712 6048992    0    0     0     0 4828 5182 95  2  2  0  0
11  0 162644 519608  12712 6049308    0    0     0     0 5690 6416 85  2 13  0  0
11  0 162644 517500  12712 6049400    0    0     0     0 9832 10599 78  2 19  0  0
11  0 162644 516756  12712 6049820    0    0     0     0 4455 5007 95  3  3  0  0
10  0 162644 516616  12712 6049980    0    0     0     8 7330 7711 84  2 13  0  0
10  0 162644 517344  12712 6050212    0    0     0     0 10734 11632 88  3  9  0  0
 9  0 162644 516376  12716 6050476    0    0     0     0 7139 7348 76  2 22  0  0
10  0 162644 516376  12724 6050512    0    0     0   342 2914 3324 67  1 32  0  0
 5  0 162644 516500  12728 6050532    0    0     0     0 2553 2766 52  1 47  0  0
 2  0 162644 517260  12728 6050572    0    0     0     0 1807 2017 30  1 69  0  0
 0  0 162644 517500  12732 6050600    0    0     0     0 1124 1244  9  0 90  0  0
 0  0 162644 517672  12732 6050616    0    0     0     0  704  927  0  0 100  0  0
 1  0 162644 516332  12732 6050592    0    0     0    12  705  946  0  0 99  0  0
 0  0 162644 515820  12732 6050592    0    0     0     0  677  924  0  0 100  0  0
 0  0 162644 516224  12732 6050580    0    0     0    10  701  969  0  0 100  0  0
 0  0 162644 518076  12740 6050580    0    0     0   152  705  941  0  0 99  0  0
 0  0 162644 518208  12740 6050576    0    0     0     0  643  926  0  0 100  0  0
 0  0 162644 518332  12740 6050576    0    0     0    16  643  937  0  0 100  0  0
procs -----------memory---------- ---swap-- -----io---- -system-- -----cpu------
 r  b   swpd   free   buff  cache   si   so    bi    bo   in   cs us sy id wa st
 0  0 162644 518852  12740 6050568    0    0     0     0  721  979  0  0 100  0  0
 0  0 162644 518092  12740 6050576    0    0     0     6  657  948  0  0 100  0  0
 1  0 162644 518720  12740 6050572    0    0     0     0  646  950  0  0 100  0  0
 0  0 162644 518216  12740 6050572    0    0     0     0  678  949  0  0 100  0  0
 0  0 162644 518472  12740 6050572    0    0     0     0  672  974  0  0 100  0  0
 0  0 162644 518348  12748 6050572    0    0     0    30  658  948  0  0 100  0  0
 0  0 162644 517984  12748 6050572    0    0     0   150  911 1018  6  0 94  0  0
 0  0 162644 518116  12748 6050580    0    0     0     0  642  961  0  0 100  0  0
11  0 162644 516768  12748 6050628    0    0     0     0 2585 3233 25  1 74  0  0
12  0 162644 510920  12748 6051452    0    0     0     0 17740 11118 82  4 14  0  0
10  0 162644 514128  12748 6051460    0    0     0     0 8627 4368 94  3  3  0  0
12  0 162644 514276  12748 6051468    0    0     0     8 3836 4334 96  3  2  0  0
11  0 162644 514548  12752 6051924    0    0     0     0 4191 4410 89  2  8  0  0
11  0 162644 513548  12764 6052088    0    0     0   260 4955 5240 92  2  6  0  0
12  0 162644 513788  12764 6052440    0    0     0    10 7198 7409 91  3  6  0  0
10  0 162644 514028  12768 6052452    0    0     0     0 3751 4510 90  2  7  0  0
10  0 162644 513160  12768 6052852    0    0     0    62 10770 10625 77  2 21  0  0
 8  0 162644 529288  12772 6052968    0    0     0     0 11466 13553 63  2 36  0  0
 6  0 162644 530404  12772 6053004    0    0     0     0 4368 4385 56  1 43  0  0
 3  0 162644 530296  12776 6053052    0    0     0    10 2238 2231 35  1 64  0  0
 2  0 162644 530180  12784 6053064    0    0     0   296 1656 1803 26  0 73  0  0
procs -----------memory---------- ---swap-- -----io---- -system-- -----cpu------
 r  b   swpd   free   buff  cache   si   so    bi    bo   in   cs us sy id wa st
 0  0 162644 530592  12784 6053096    0    0     0     0 1155 1260  8  0 92  0  0
 0  0 162644 530988  12784 6053116    0    0     0     0  663  966  0  0 100  0  0
 0  0 162644 530484  12784 6053116    0    0     0     0  690  988  0  0 100  0  0
 0  0 162644 530756  12784 6053112    0    0     0     0  674  969  0  0 100  0  0
 0  0 162644 531252  12784 6053112    0    0     0     0  692  974  0  0 100  0  0
 0  0 162644 531292  12784 6053108    0    0     0     2  690  963  0  0 100  0  0
 0  0 162644 531392  12784 6053108    0    0     0     0  658  956  0  0 100  0  0
 0  0 162644 531672  12792 6053112    0    0     0    92  661  955  0  0 99  0  0
 0  0 162644 531524  12792 6053116    0    0     0   190  684  949  0  0 100  0  0
 0  0 162644 531812  12792 6053116    0    0     0     0  653  941  0  0 100  0  0
10  0 162644 527732  12792 6053220    0    0     0    10 2400 2815 23  1 76  0  0
10  0 162644 509804  12792 6053984    0    0     0     0 16855 10466 66  3 30  0  0
12  0 162644 510044  12792 6053984    0    0     0     0 7297 6891 88  2  9  0  0
13  0 162644 490840  12792 6076564    0    0 11264    86 3496 4304 96  3  1  0  0
12  0 162644 480788  12796 6086156    0    0  4620     0 7882 8659 89  3  8  0  0
14  0 162644 480664  12808 6086320    0    0     0   174 8351 8985 90  3  7  0  0
11  0 162644 480656  12812 6086736    0    0     0     0 8295 5785 90  3  7  0  0
10  0 162644 480308  12812 6086740    0    0     0     0 5935 5219 92  3  6  0  0
 9  0 162644 480316  12816 6087052    0    0     0     0 7847 9296 78  3 19  0  0
 8  0 162644 494080  12816 6087212    0    0     0     0 10791 10685 69  2 29  0  0
 7  0 162644 494460  12816 6087268    0    0     0     0 7438 8891 61  1 38  0  0
procs -----------memory---------- ---swap-- -----io---- -system-- -----cpu------
 r  b   swpd   free   buff  cache   si   so    bi    bo   in   cs us sy id wa st
 4  0 162644 495080  12820 6087312    0    0     0     0 2135 2253 39  1 60  0  0
10  0 162644 495228  12820 6087332    0    0     0     0 1881 2006 33  0 67  0  0
 1  0 162644 495152  12832 6087376    0    0     0   300 1415 1511 16  0 83  0  0
 0  0 162644 495780  12832 6087400    0    0     0     0  850 1016  3  0 97  0  0
 0  0 162644 496192  12832 6087408    0    0     0    18  732  973  0  0 100  0  0
 0  0 162644 496324  12832 6087412    0    0     0     0  734  967  0  0 100  0  0
 0  0 162644 496464  12832 6087408    0    0     0     0  625  918  0  0 100  0  0
 0  0 162644 496564  12832 6087408    0    0     0     0  631  936  0  0 100  0  0
 0  0 162644 496704  12832 6087404    0    0     0     0  679  969  0  0 100  0  0
 0  0 162644 496844  12840 6087396    0    0     0   232  702  930  0  0 99  0  0
 0  0 162644 497224  12840 6087388    0    0     0     0  663  937  0  0 100  0  0
 0  0 162644 497356  12840 6087388    0    0     0     0  655  921  0  0 100  0  0
 0  0 162644 497480  12840 6087388    0    0     0    10  634  930  0  0 100  0  0
 0  0 162644 497472  12840 6087396    0    0     0     0  620  929  0  0 100  0  0
 8  0 162644 489128  12840 6088396    0    0    50     0 6998 7128 38  1 61  0  0
13  0 162644 477100  12840 6088408    0    0     0     0 13630 11532 83  3 14  0  0
12  0 162644 477472  12840 6088412    0    0     0     0 4274 4241 96  2  2  0  0
10  0 162644 477968  12852 6088404    0    0     0   134 3565 4312 93  3  4  0  0
11  0 162644 477224  12856 6088884    0    0     0     0 5816 6590 88  2 10  0  0
11  0 162644 476836  12860 6089232    0    0     0     0 9630 10600 84  3 14  0  0
12  0 162644 477084  12860 6089400    0    0     0     0 4389 4967 95  2  3  0  0
procs -----------memory---------- ---swap-- -----io---- -system-- -----cpu------
 r  b   swpd   free   buff  cache   si   so    bi    bo   in   cs us sy id wa st
10  0 162644 476324  12868 6089716    0    0     4     0 7559 7109 86  2 11  0  0
 9  0 162644 476960  12868 6089808    0    0     0    16 8106 8989 81  2 17  0  0
 6  0 162644 476324  12872 6089952    0    0     0     0 4461 4972 61  1 37  0  0
 4  0 162644 476440  12876 6089964    0    0     2     0 5769 6588 43  1 56  0  0
 3  0 162644 477208  12884 6090000    0    0     0   394 1881 2005 33  1 66  0  0
 1  0 162644 477240  12884 6090028    0    0     0     0 1451 1597 17  0 82  0  0
 1  0 162644 477504  12884 6090044    0    0     0   164 1127 1248  8  0 92  0  0
 0  0 162644 477452  12884 6090056    0    0     0     0  955 1116  4  0 96  0  0
 0  0 162644 477188  12884 6090060    0    0     0     8  698  976  0  0 100  0  0
 0  0 162644 476824  12884 6090060    0    0     0     0  642  945  0  0 100  0  0
 0  0 162644 477328  12884 6090060    0    0     0     0  660  925  0  0 100  0  0
 0  0 162644 477568  12892 6090040    0    0     0   104  617  944  0  0 99  0  0
 0  0 162644 477568  12892 6090040    0    0     0     0  629  925  0  0 100  0  0
 0  0 162644 477972  12892 6090032    0    0     0     0  618  964  0  0 100  0  0
 0  0 162644 477724  12892 6090032    0    0     0     0  617  934  0  0 100  0  0
 0  0 162644 478104  12892 6090032    0    0     0     0  649  926  0  0 100  0  0
 0  0 162644 478104  12892 6090032    0    0     0     0  632  948  0  0 100  0  0
 0  0 162644 478352  12892 6090016    0    0     0     0  665  939  0  0 100  0  0
 0  0 162644 478624  12892 6090016    0    0     0    18  669  920  0  0 100  0  0
 0  0 162644 478716  12900 6090016    0    0     0    24  620  941  0  0 99  0  0
 0  0 162644 479096  12900 6090020    0    0     0     0  608  913  0  0 100  0  0
procs -----------memory---------- ---swap-- -----io---- -system-- -----cpu------
 r  b   swpd   free   buff  cache   si   so    bi    bo   in   cs us sy id wa st
 0  0 162644 478476  12900 6090020    0    0     0     0  674  943  0  0 100  0  0
 0  0 162644 478600  12900 6090020    0    0     0     0  654  954  0  0 100  0  0
 0  0 162644 478724  12900 6090020    0    0     0    18  640  939  0  0 100  0  0
 0  0 162644 478484  12900 6090020    0    0     0     0  641  946  0  0 100  0  0
12  0 162644 479228  12900 6090016    0    0     0     0 1378 2083  8  0 91  0  0
12  0 162644 474008  12908 6090832    0    0     0   102 9210 5193 84  3 13  0  0
12  0 162644 476108  12908 6090852    0    0     0     0 5620 5138 95  3  2  0  0
10  0 162644 475984  12908 6090852    0    0     0    64 3811 4388 96  3  2  0  0
10  0 162644 475248  12916 6091424    0    0     0     0 6499 7566 84  2 14  0  0
11  0 162644 474968  12916 6091508    0    0     0     0 9292 10281 87  2 10  0  0
13  0 162644 474736  12920 6091812    0    0     0     0 6357 6228 86  3 11  0  0
 9  0 162644 475696  12920 6091028    0    0     0     0 4451 5007 94  3  3  0  0
11  0 162644 474432  12920 6091312    0    0   256     0 9536 10673 82  2 16  0  0
 8  0 162644 474804  12932 6091436    0    0     2   426 6766 7509 74  2 24  1  0
 6  0 162644 474092  12932 6091420    0    0     0     0 3095 3176 64  1 35  0  0
 5  0 162644 474696  12932 6091480    0    0     0    16 2062 2165 34  0 66  0  0
 1  0 162644 477076  12936 6091456    0    0     0     0 1326 1498 14  0 86  0  0
 0  0 162644 477620  12936 6091468    0    0     0     0  927 1130  5  0 95  0  0
 0  0 162644 477644  12936 6091452    0    0     0     0  871 1022  0  0 100  0  0
 0  0 162644 477892  12936 6091452    0    0     0     0  681  971  0  0 100  0  0
 0  0 162644 477884  12944 6091408    0    0     0   224  677  945  0  0 99  0  0
procs -----------memory---------- ---swap-- -----io---- -system-- -----cpu------
 r  b   swpd   free   buff  cache   si   so    bi    bo   in   cs us sy id wa st
 0  0 162644 478528  12944 6091416    0    0     0     0  665  924  0  0 100  0  0
 0  0 162644 478916  12944 6091404    0    0     0     8  664  929  0  0 100  0  0
 0  0 162644 478924  12944 6091404    0    0     0     0  659  924  0  0 100  0  0
 0  0 162644 479196  12944 6091400    0    0     0     0  670  922  0  0 100  0  0
 0  0 162644 479568  12944 6091404    0    0     0     2  653  936  0  0 100  0  0
 0  0 162644 479428  12944 6091404    0    0     0     0  663  914  0  0 100  0  0
 0  0 162644 479832  12944 6091408    0    0     0     0  655  922  0  0 100  0  0
 0  0 162644 479560  12952 6091416    0    0     0    34  687  940  0  0 99  0  0
 0  0 162644 479584  12952 6091416    0    0     0     0  648  918  0  0 100  0  0
 1  0 162644 479568  12952 6091412    0    0     0   232  836 1315  1  0 99  0  0
 9  0 162644 469372  12952 6092252    0    0     0     0 11860 6677 59  2 38  0  0
11  0 162644 475936  12952 6092264    0    0     0    16 10392 7848 77  2 20  0  0
12  0 162644 476944  12952 6092272    0    0     0     0 5039 5365 94  3  4  0  0
11  0 162644 475812  12952 6092568    0    0     0     0 3759 4329 92  2  5  0  0
14  0 162644 476200  12960 6092648    0    0     0   218 11306 12661 88  3  9  0  0
10  0 162644 474688  12960 6092968    0    0     0     0 6773 5140 93  3  4  0  0
10  0 162644 475076  12960 6093208    0    0     0    42 4162 4345 89  2  8  0  0
 9  0 162644 472836  12960 6093524    0    0     0     0 6989 7359 74  2 24  0  0
 8  0 162644 475200  12960 6093676    0    0     0     0 9596 10158 75  2 22  0  0
 7  0 162644 473712  12960 6093800    0    0     0     8 4317 4344 59  1 40  0  0
 5  0 162644 473836  12960 6093816    0    0     0     0 2682 2780 49  1 50  0  0
procs -----------memory---------- ---swap-- -----io---- -system-- -----cpu------
 r  b   swpd   free   buff  cache   si   so    bi    bo   in   cs us sy id wa st
 3  0 162644 473644  12960 6093848    0    0     0     0 2312 2351 39  1 60  0  0
 2  0 162644 473784  12968 6093888    0    0     0   304 1506 1629 19  0 81  0  0
 0  0 162644 473792  12968 6093896    0    0     0     0  837 1051  3  0 97  0  0
 2  0 162644 473444  12968 6093896    0    0     0     0 3084 3094  8  0 92  0  0
 1  0 162644 473592  12968 6093896    0    0     0     0 1099 1262  9  0 91  0  0
 1  0 162644 473864  12968 6093900    0    0     0     0 1091 1212  9  0 91  0  0
 0  0 162644 473972  12968 6093880    0    0     0     0 1036 1176  8  0 92  0  0
 0  0 162644 474360  12968 6093880    0    0     0     0  655  954  0  0 100  0  0
 0  0 162644 473988  12976 6093880    0    0     0   116  650  965  0  0 99  0  0
 0  0 162644 473616  12976 6093892    0    0     0     0  640  925  0  0 100  0  0
 0  0 162644 474112  12976 6093892    0    0     0   166  671  935  0  0 100  0  0
 0  0 162644 474888  12976 6093900    0    0     0     0  621  930  0  0 100  0  0
 0  0 162644 474368  12976 6093900    0    0     0     0  644  923  0  0 100  0  0
 0  0 162644 475028  12976 6093900    0    0     0    22  685  943  0  0 100  0  0
 0  0 162644 474780  12976 6093900    0    0     0     0  670  940  0  0 100  0  0
 0  0 162644 474508  12976 6093896    0    0     0     0  661  931  0  0 100  0  0
 0  0 162644 474532  12984 6093896    0    0     0    32  660  952  0  0 99  0  0
 0  0 162644 475252  12984 6093900    0    0     0     0  652  968  0  0 100  0  0
 8  0 162644 470248  12984 6094780    0    0     0     0 6981 4922 47  1 51  0  0
11  0 162644 472860  12984 6094788    0    0     0     0 8383 7781 81  2 17  0  0
11  0 162644 473248  12984 6094796    0    0     0     0 4411 4906 89  2  9  0  0
procs -----------memory---------- ---swap-- -----io---- -system-- -----cpu------
 r  b   swpd   free   buff  cache   si   so    bi    bo   in   cs us sy id wa st
11  0 162644 472248  12984 6094800    0    0     0     0 5682 6125 89  3  9  0  0
11  0 162644 467512  12984 6099792    0    0  2304     0 10259 11443 78  2 20  0  0
12  0 162644 433808  12988 6134356    0    0 17154     0 10116 11617 86  3 11  0  0
14  0 162644 399832  12996 6168232    0    0 16896   330 3728 4443 96  3  1  0  0
10  0 162644 390756  12996 6176924    0    0  4058    16 8218 8530 84  3 13  0  0
 9  0 162644 389912  12996 6177088    0    0     0     0 10839 10744 84  3 13  0  0
 9  0 162644 389408  12996 6177304    0    0     0     0 4409 4525 78  2 20  0  0
 7  0 162644 389556  12996 6177316    0    0     0     0 3163 3482 70  1 28  0  0
 4  0 162644 389548  12996 6177704    0    0     0     0 2673 2779 49  1 50  0  0
 1  0 162644 389432  12996 6177756    0    0     0    22 1613 1701 21  0 78  0  0
 0  0 162644 389316  12996 6177796    0    0     0     0  874 1064  2  0 98  0  0
 0  0 162644 390148  13004 6177708    0    0     0   302  701  959  0  0 99  0  0
 0  0 162644 390504  13004 6177720    0    0     0   172  717  961  0  0 100  0  0
 0  0 162644 390380  13004 6177652    0    0     0     0  726  971  0  0 100  0  0
 0  0 162644 390504  13004 6177652    0    0     0     0  678  934  0  0 100  0  0
 0  0 162644 390380  13004 6177604    0    0     0     0  670  947  0  0 100  0  0
 0  0 162644 391148  13004 6177604    0    0     0     0  664  935  0  0 100  0  0
 0  0 162644 391148  13004 6177552    0    0     0     4  660  952  0  0 100  0  0
 0  0 162644 390908  13004 6177544    0    0     0     0  674  941  0  0 100  0  0
 0  0 162644 391280  13012 6177500    0    0     0    24  684  959  0  0 100  0  0
 0  0 162644 391544  13012 6177504    0    0     0     0  645  954  0  0 100  0  0
procs -----------memory---------- ---swap-- -----io---- -system-- -----cpu------
 r  b   swpd   free   buff  cache   si   so    bi    bo   in   cs us sy id wa st
 0  0 162644 391420  13012 6177504    0    0     0     0  670  944  0  0 100  0  0
 7  0 162644 382404  13012 6177724    0    0     0    18 4256 4376 31  1 68  0  0
11  0 162644 384820  13012 6178340    0    0     0     0 12330 9213 79  3 18  0  0
12  0 162644 388292  13012 6178356    0    0     0     0 6888 5466 92  3  5  0  0
12  0 162644 387796  13012 6178360    0    0     0     0 3849 4389 95  2  2  0  0
12  0 162644 388020  13012 6178760    0    0     0     0 3850 4152 88  2 10  0  0
11  0 162644 387656  13020 6179060    0    0     0   274 4875 5280 92  2  6  0  0
11  0 162644 390152  13020 6179228    0    0     0     0 6932 6943 89  3  8  0  0
 9  0 162644 390284  13020 6179420    0    0     0     0 4159 4581 88  2 10  0  0
 8  0 162644 389508  13020 6179720    0    0     0     0 4822 5146 77  2 21  0  0
 7  0 162644 390284  13020 6179916    0    0     0     0 5129 5595 60  1 39  0  0
 5  0 162644 391028  13020 6179928    0    0     0     0 10107 12210 53  1 45  0  0
 4  0 162644 390912  13020 6179964    0    0     0     0 7704 9258 37  1 63  0  0
 3  0 162644 390672  13028 6179996    0    0     0   346 1677 1867 26  0 74  0  0
 2  0 162644 391192  13028 6180004    0    0     0     0 1512 1640 20  0 80  0  0
 1  0 162644 390728  13028 6180004    0    0     0     0 1264 1437 12  0 88  0  0
 0  0 162644 390868  13028 6180024    0    0     0     0  928 1127  3  0 96  0  0
 0  0 162644 390892  13028 6180032    0    0     0     0  679  964  0  0 100  0  0
 0  0 162644 391164  13028 6180028    0    0     0    18  692  958  0  0 100  0  0
 0  0 162644 391544  13028 6180032    0    0     0     0  653  966  0  0 100  0  0
 0  0 162644 391668  13028 6180032    0    0     0     0  673  951  0  0 100  0  0
procs -----------memory---------- ---swap-- -----io---- -system-- -----cpu------
 r  b   swpd   free   buff  cache   si   so    bi    bo   in   cs us sy id wa st
 0  0 162644 392196  13036 6180024    0    0     0   104  674  964  0  0 100  0  0
 0  0 162644 392196  13036 6180020    0    0     0     0  676  958  0  0 100  0  0
 0  0 162644 392328  13036 6180016    0    0     0    16  682  957  0  0 100  0  0
 0  0 162644 392328  13036 6180016    0    0     0     0  691  960  0  0 100  0  0
 0  0 162644 392824  13036 6180016    0    0     0     0  691  950  0  0 100  0  0
 2  0 162644 392700  13036 6180016    0    0     0     0  715 1185  0  0 100  0  0
 9  0 162644 406272  13036 6180884    0    0     0     0 6876 5626 67  2 31  0  0
12  0 162644 404908  13036 6180892    0    0     0     0 6908 7263 90  3  7  0  0
12  0 162644 405156  13044 6180896    0    0     0   116 3591 4373 97  2  1  0  0
11  0 162644 405280  13044 6180988    0    0     0     0 4027 4485 91  2  7  0  0
11  0 162644 404288  13044 6181548    0    0     0   126 3887 4184 89  2  9  0  0
11  0 162644 404660  13044 6181864    0    0     0     0 3712 4103 84  2 14  0  0
11  0 162644 404908  13044 6181876    0    0     0     0 5664 5839 88  2 10  0  0
11  0 162644 366956  13052 6182444    0    0     0     0 11744 12299 74  3 24  0  0
 9  0 162644 387160  13052 6182472    0    0     0     0 7117 7945 79  2 19  0  0
 9  0 162644 387168  13052 6182508    0    0     0    16 3399 3493 74  1 25  0  0
 5  0 162644 387292  13064 6182540    0    0     0   326 2763 2894 56  1 42  0  0
 1  0 162644 386572  13068 6182584    0    0     0     8 1962 2011 29  0 71  0  0
 0  0 162644 387216  13068 6182648    0    0     0     0  926 1050  2  0 98  0  0
 0  0 162644 387512  13068 6182648    0    0     0     0  682  918  0  0 100  0  0
 0  0 162644 387784  13068 6182648    0    0     0    16  696  940  0  0 100  0  0
procs -----------memory---------- ---swap-- -----io---- -system-- -----cpu------
 r  b   swpd   free   buff  cache   si   so    bi    bo   in   cs us sy id wa st
 0  0 162644 388164  13068 6182636    0    0     0     0  672  952  0  0 100  0  0
 0  0 162644 389032  13068 6182636    0    0     0     0  727  930  0  0 100  0  0
 0  0 162644 388684  13068 6182636    0    0     0     0  620  914  0  0 100  0  0
 0  0 162644 389180  13076 6182640    0    0     0   164  658  917  0  0 99  0  0
 0  0 162644 389436  13076 6182640    0    0     0     0  670  934  0  0 100  0  0
 0  0 162644 389568  13076 6182644    0    0     0     0  621  914  0  0 100  0  0
 0  0 162644 389592  13076 6182628    0    0     0     0  663  920  0  0 100  0  0
 0  0 162644 389468  13076 6182632    0    0     0     0  626  931  0  0 100  0  0
 0  0 162644 389716  13076 6182620    0    0     0     0  626  911  0  0 100  0  0
 0  0 162644 389716  13076 6182624    0    0     0     0  636  931  0  0 100  0  0
 0  0 162644 389964  13084 6182616    0    0     0    32  646  934  0  0 100  0  0
 0  0 162644 389840  13084 6182624    0    0     0   184  667  920  0  0 100  0  0
 0  0 162644 389716  13084 6182620    0    0     0     0  617  945  0  0 100  0  0
 0  0 162644 389956  13084 6182624    0    0     0     0  620  998  0  0 100  0  0
 8  0 162644 396724  13088 6181924    0    0     0     6 5545 3913 42  2 56  0  0
10  0 162644 395980  13088 6183556    0    0   768     0 14578 11615 65  3 32  0  0
12  0 162644 399948  13096 6185596    0    0  1028    16 6846 6531 90  2  7  0  0
11  0 162644 398220  13096 6187648    0    0  1024     0 3734 4432 95  2  3  0  0
12  0 162644 395856  13108 6190024    0    0  1026   370 10137 11361 89  3  9  0  0
11  0 162644 388680  13108 6192164    0    0  1024     0 4910 4735 95  2  3  0  0
11  0 162644 391912  13112 6194624    0    0  1026     0 6727 5522 78  2 20  0  0
procs -----------memory---------- ---swap-- -----io---- -system-- -----cpu------
 r  b   swpd   free   buff  cache   si   so    bi    bo   in   cs us sy id wa st
 9  0 162644 388308  13112 6197000    0    0  1024     2 5702 6242 74  2 24  0  0
10  0 162644 385944  13116 6199508    0    0  1282     0 9221 10704 73  2 26  0  0
 8  0 162644 367236  13116 6201668    0    0  1024     0 5966 5834 65  2 33  0  0
 5  0 162644 365516  13120 6203712    0    0  1026    42 2831 2920 60  1 39  0  0
 4  0 162644 363624  13120 6205804    0    0  1024     0 2077 2258 38  1 61  0  0
 3  0 162644 361680  13132 6207864    0    0  1026   272 1871 2023 31  0 68  0  0
 0  0 162644 359564  13132 6209948    0    0  1024     0 1195 1300  8  0 91  0  0
 0  0 162644 358000  13136 6212004    0    0  1026     0  668  944  0  0 100  0  0
 0  0 162644 355652  13136 6214052    0    0  1024    16  707  961  0  0 100  0  0
 0  0 162644 353948  13140 6216096    0    0  1026     0  707  955  0  0 100  0  0
 0  0 162644 352328  13140 6217896    0    0   898    10  661  948  0  0 100  0  0
 0  0 162644 350584  13144 6219940    0    0  1026     0  632  948  0  0 100  0  0
 0  0 162644 348972  13144 6221984    0    0  1024     0  650  946  0  0 100  0  0
 0  0 162644 346748  13156 6224020    0    0  1026   298  727  956  0  0 99  1  0
 0  0 162644 344772  13156 6226068    0    0  1024     0  656  938  0  0 100  0  0
 0  0 162644 343556  13160 6228124    0    0  1026     0  676  939  0  0 100  0  0
 0  0 162644 343424  13160 6230172    0    0  1024     0  683  966  0  0 100  0  0
 0  0 162644 340928  13164 6232240    0    0  1026     0  870 1354  1  0 99  0  0
10  0 162644 347960  13164 6235148    0    0  1024     0 11028 6274 77  3 20  0  0
12  0 162644 353160  13168 6237200    0    0  1026     0 7993 5531 92  3  4  0  0
12  0 162644 351184  13176 6239248    0    0  1024   116 3428 4329 96  2  1  0  0
procs -----------memory---------- ---swap-- -----io---- -system-- -----cpu------
 r  b   swpd   free   buff  cache   si   so    bi    bo   in   cs us sy id wa st
11  0 162644 347572  13180 6241540    0    0  1026     0 3774 4319 91  2  7  0  0
12  0 162644 345976  13180 6243908    0    0  1024     0 4736 5034 93  2  5  0  0
11  0 162644 343892  13184 6246284    0    0  1026     0 4724 5096 85  2 13  0  0
10  0 162644 341032  13184 6248408    0    0  1024     0 5175 5347 89  2  8  0  0
13  0 162644 322160  13188 6250948    0    0  1026    18 9544 9335 73  2 24  0  0
 8  0 162644 319720  13188 6253048    0    0  1024     0 9636 9404 64  2 34  0  0
 7  0 162644 317620  13192 6255176    0    0  1026     0 8011 9383 58  1 41  0  0
 4  0 162644 315164  13204 6257036    0    0  1026   376 2447 2740 47  1 52  0  0
 2  0 162644 314048  13208 6258820    0    0  1026     0 1687 1837 26  0 73  0  0
 1  0 162644 312352  13208 6261412    0    0  1024   128 1285 1389 12  0 88  0  0
 0  0 162644 310912  13212 6263268    0    0  1026     0  917 1134  3  0 97  0  0
 0  0 162644 309284  13212 6265320    0    0  1024     0  642  983  0  0 100  0  0
 0  0 162644 307216  13216 6267352    0    0  1026     0  643  942  0  0 100  0  0
 0  0 162644 305456  13216 6269548    0    0  1024     0  654  938  0  0 100  0  0
 0  0 162644 303528  13228 6271432    0    0  1026   140  664  941  0  0 99  0  0
 0  0 162644 301420  13228 6273492    0    0  1024     0  646  932  0  0 100  0  0
 0  0 162644 299428  13232 6275520    0    0  1026     0  629  937  0  0 100  0  0
 0  0 162644 297576  13232 6277720    0    0  1024     0  662  936  0  0 100  0  0
 0  0 162644 295344  13236 6279620    0    0  1026     0  681  929  0  0 100  0  0
 0  0 162644 293360  13236 6281672    0    0  1024     0  657  939  0  0 100  0  0
 0  0 162644 291748  13240 6283700    0    0  1026     0  667  946  0  0 100  0  0
procs -----------memory---------- ---swap-- -----io---- -system-- -----cpu------
 r  b   swpd   free   buff  cache   si   so    bi    bo   in   cs us sy id wa st
 0  0 162644 290012  13240 6285460    0    0   768     0  660  945  0  0 100  0  0
 0  0 162644 288532  13248 6287276    0    0  1024    26  647  970  0  0 100  0  0
 7  0 162644 250048  13252 6290188    0    0  1026     0 7719 6083 43  2 56  0  0
11  0 162644 282552  13252 6292244    0    0  1024    18 14684 9589 71  3 27  0  0
12  0 162644 280792  13260 6294440    0    0  1026     0 5542 5671 93  3  4  0  0
12  0 162644 277948  13260 6296500    0    0  1024     0 3592 4290 95  2  3  0  0
13  0 162644 275808  13268 6298928   64    0  1090    10 3725 4328 95  2  2  0  0
13  0 162644 272540  13268 6301192    0    0  1024     0 5147 5224 91  2  7  0  0
12  0 162644 270920  13272 6303492    0    0  1026     0 5554 5726 91  3  6  0  0
12  0 162644 267720  13284 6305860    0    0  1024   330 6452 7180 89  3  9  0  0
11  0 162644 265472  13288 6307984    0    0  1026     0 10279 11489 87  3 10  0  0
 7  0 162644 263496  13288 6310200    0    0  1024    90 3156 3492 71  1 28  0  0
 4  0 162644 261628  13292 6312252    0    0  1026     0 2672 2910 54  1 45  0  0
 2  0 162644 260164  13292 6314336    0    0  1024    24 2015 2068 31  1 68  0  0
 7  0 162644 179472  13296 6316416    0    0  1026     0 1253 1353 12  0 87  0  0
 0  0 162644 255120  13296 6318476    0    0  1024     0  871 1021  3  0 97  0  0
 0  0 162644 254888  13304 6318876    0    0   128   288  778 1005  0  0 99  1  0
 0  0 162644 255788  13304 6318884    0    0     0     0  676  989  0  0 100  0  0
 0  0 162644 255788  13304 6318888    0    0     0    16  733  968  0  0 100  0  0
 0  0 162644 256176  13304 6318876    0    0     0     0  666  966  0  0 100  0  0
 0  0 162644 256548  13304 6318880    0    0     0     0  677  957  0  0 100  0  0
procs -----------memory---------- ---swap-- -----io---- -system-- -----cpu------
 r  b   swpd   free   buff  cache   si   so    bi    bo   in   cs us sy id wa st
 0  0 162644 257068  13304 6318868    0    0     0    20  684  958  0  0 100  0  0
 0  0 162644 256968  13304 6318868    0    0     0     0  680  949  0  0 100  0  0
 0  0 162644 257200  13304 6318864    0    0     0     6  673  955  0  0 100  0  0
 0  0 162644 257440  13312 6318864    0    0     0    30  659  964  0  0 100  0  0
 0  0 162644 257572  13312 6318856    0    0     0     0  660  950  0  0 100  0  0
 0  0 162644 257696  13312 6318856    0    0     0     0  658  961  0  0 100  0  0
 0  0 162644 258084  13312 6318856    0    0     0     0  659  951  0  0 100  0  0
 0  0 162644 257936  13312 6318856    0    0     0     2  665  953  0  0 100  0  0
 0  0 162644 257572  13312 6318856    0    0     0     0  625  951  0  0 100  0  0
 8  0 162644 263744  13312 6319712    0    0     0     0 7552 6850 45  1 54  0  0
12  0 162644 252088  13312 6319712    0    0     0    64 16358 10618 80  3 16  0  0
 1  0 162644 162908  13312 6237008    0    0     2    42 2760 1271 24  1 74  0  0
 1  0 162644 162908  13332 6236916    0    0    10   156  939  616  8  0 91  0  0
12  0 162644 208912  13332 6191200    0    0  3226     0 3673 2269 47  1 51  0  0
14  0 162644 208300  13332 6191052    0    0     0     0 3778 4369 97  2  1  0  0
12  0 162644 200124  13332 6198928    0    0  3814    16 8916 5050 92  3  5  0  0
 9  0 162644 200100  13332 6199140    0    0     0     0 4724 4996 86  2 12  0  0
11  0 162644 215260  13332 6199532    0    0     0    16 6821 6557 84  3 14  0  0
 9  0 162644 215368  13332 6199572    0    0     0     0 4110 4512 88  2 10  0  0
 7  0 162644 216160  13344 6199592    0    0     0   282 2746 3278 61  1 37  0  0
 2  0 162644 215780  13344 6199632    0    0     0     6 2349 2461 40  1 59  0  0
procs -----------memory---------- ---swap-- -----io---- -system-- -----cpu------
 r  b   swpd   free   buff  cache   si   so    bi    bo   in   cs us sy id wa st
 0  0 162644 215160  13344 6199672    0    0     0     0 1160 1311  8  0 92  0  0
 0  0 162644 217812  13344 6199684    0    0     0     0  841 1087  0  0 100  0  0
 0  0 162644 218224  13344 6199684    0    0     0     0  664  956  0  0 100  0  0
 0  0 162644 218092  13344 6199684    0    0     0     0  709  971  0  0 100  0  0
 0  0 162644 218332  13344 6199684    0    0     0     0  694  963  0  0 100  0  0
 0  1 162644 217984  13352 6199668    0    0     0   162  623  934  0  0 100  0  0
 0  0 162644 218472  13352 6199676    0    0     0     0  625  919  0  0 99  0  0
 0  0 162644 218372  13352 6199672    0    0     0     0  631  937  0  0 100  0  0
 0  0 162644 218372  13352 6199676    0    0     0     0  642  940  0  0 100  0  0
 0  0 162644 218744  13352 6199668    0    0     0    10  622  961  0  0 100  0  0
 0  0 162644 218824  13352 6199668    0    0     0     0  645  954  0  0 100  0  0
 0  0 162644 219104  13352 6199664    0    0     0     6  617  940  0  0 100  0  0
 1  0 162644 218708  13352 6199668    0    0     0     0  626  938  0  0 100  0  0
 0  0 162644 219228  13360 6199664    0    0     0    38  640  949  0  0 100  0  0
 0  0 162644 219360  13360 6199672    0    0     0   176  694  961  0  0 100  0  0
 5  0 162644 217976  13360 6200128    0    0   358     0 1403 2323  2  0 97  0  0
 9  0 162644 207496  13360 6191296    0    0   252    10 14552 9566 39  2 59  0  0
12  0 162644 207860  13360 6194396    0    0  1510     0 9244 7811 87  3 10  0  0
12  0 162644 187012  13360 6214948    0    0 10276     0 3617 4469 97  3  1  0  0
10  0 162644 180548  13360 6221740    0    0  3332     2 3788 4593 95  2  3  0  0
10  0 162644 177688  13360 6224108    0    0   920     0 5079 5201 89  3  9  0  0
procs -----------memory---------- ---swap-- -----io---- -system-- -----cpu------
 r  b   swpd   free   buff  cache   si   so    bi    bo   in   cs us sy id wa st
13  0 162644 164544  13368 6237136    0    0  6416   420 4790 5513 93  3  4  0  0
12  0 162644 159328  13368 6242260    0    0  2560     0 3697 4608 96  3  1  0  0
10  0 162644 158824  13368 6242584    0    0     0     0 7059 7032 86  2 11  0  0
 6  0 162644 164420  13368 6236868    0    0     0    28 5996 5390 64  2 34  0  0
 5  0 162644 164544  13368 6236884    0    0     0     0 5714 6832 47  1 52  0  0
 3  0 162644 164072  13368 6236912    0    0     0    10 4150 4741 39  1 60  0  0
 1  0 162644 164096  13368 6236944    0    0     0     0 1514 1626 17  0 83  0  0
 1  0 162644 164112  13368 6236944    0    0     0     0 1123 1262  8  0 91  0  0
 0  0 162644 164492  13376 6236940    0    0     0   268 1057 1185  7  0 93  0  0
 0  0 162644 165244  13376 6236952    0    0     0     0  758  994  0  0 100  0  0
 0  0 162644 165144  13376 6236948    0    0     0    18  656  952  0  0 100  0  0
 0  0 162644 165268  13376 6236948    0    0     0     0  630  950  0  0 100  0  0
 0  0 162644 165408  13376 6236948    0    0     0     0  637  952  0  0 100  0  0
 0  0 162644 165532  13376 6236948    0    0     0     6  681  966  0  0 100  0  0
 0  0 162644 166044  13376 6236940    0    0     0     0  656  934  0  0 100  0  0
 0  0 162644 165928  13376 6236940    0    0     0   200  692  916  0  0 100  0  0
 0  0 162644 165804  13384 6236940    0    0     0    62  652  961  0  0 99  0  0
 9  0 162644 176820  13384 6230740    0    0   252     0 7690 5783 46  2 52  0  0
12  0 162644 351288  13384 6230748    0    0     0     0 15701 9823 82  3 14  0  0
12  0 162644 349180  13384 6233496    0    0  1372     0 3790 4463 97  3  0  0  0
12  0 162644 349552  13384 6233848    0    0    22    70 3762 4445 89  2  9  0  0
procs -----------memory---------- ---swap-- -----io---- -system-- -----cpu------
 r  b   swpd   free   buff  cache   si   so    bi    bo   in   cs us sy id wa st
10  0 162644 349784  13384 6233988    0    0     0     0 10407 12242 86  3 11  0  0
11  0 162644 346444  13384 6236048    0    0   806     0 5504 5949 84  3 13  0  0
11  0 162644 346196  13392 6236064    0    0     0   232 4834 5478 93  3  4  0  0
11  0 162644 343452  13392 6236368    0    0     0     0 7152 6944 88  3 10  0  0
 8  0 162644 345856  13392 6236560    0    0     0     6 10484 10299 70  2 28  0  0
 8  0 162644 329240  13392 6236672    0    0     0     0 10688 11873 61  2 38  0  0
 5  0 162644 329248  13392 6236696    0    0     0     0 2743 2792 50  1 49  0  0
 4  0 162644 329992  13392 6236724    0    0     0    18 2064 2207 34  1 65  0  0
 1  0 162644 329396  13392 6236740    0    0     0     0 1712 1853 25  0 75  0  0
 0  0 162644 329304  13392 6236776    0    0     0     6  980 1159  5  0 95  0  0
 0  0 162644 330072  13400 6236776    0    0     0   282  677  976  0  0 99  0  0
 0  0 162644 330220  13400 6236776    0    0     0     0  719  977  0  0 100  0  0
 0  0 162644 330444  13400 6236780    0    0     0   160  704  997  0  0 100  0  0
 0  0 162644 330708  13400 6236772    0    0     0     0  656  955  0  0 100  0  0
 0  0 162644 330840  13400 6236772    0    0     0     0  641  948  0  0 100  0  0
 0  0 162644 330584  13400 6236772    0    0     0     0  711  969  0  0 100  0  0
 0  0 162644 330708  13400 6236776    0    0     0     0  659  955  0  0 100  0  0
 0  0 162644 331220  13408 6236768    0    0     0    38  628  966  0  0 99  0  0
10  0 162644 330472  13408 6237256    0    0     0     0 1318 2267  7  1 92  0  0
12  0 162644 281840  13408 6237888    0    0   132    12 15268 11668 83  4 13  0  0
14  0 162644 280848  13408 6240404    0    0  1258     0 4596 4621 96  3  1  0  0
procs -----------memory---------- ---swap-- -----io---- -system-- -----cpu------
 r  b   swpd   free   buff  cache   si   so    bi    bo   in   cs us sy id wa st
12  0 162644 278492  13408 6242424    0    0  1012     0 3626 4620 97  3  1  0  0
11  0 162644 277996  13408 6242988    0    0     0    16 4318 4731 88  2 10  0  0
11  0 162644 279592  13408 6243228    0    0     0     0 4824 5105 86  3 11  0  0
12  0 162644 279600  13408 6243392    0    0     0    10 6006 6197 85  3 13  0  0
 9  0 162644 279592  13416 6243880    0    0     0   322 4028 4627 88  2  9  0  0
 7  0 162644 280096  13416 6243988    0    0     0     0 9319 10612 74  2 24  0  0
 8  0 162644 277268  13416 6246572    0    0  1280     6 9792 9855 62  2 36  0  0
 5  0 162644 274556  13416 6248652    0    0  1024     0 6920 8212 59  2 39  0  0
 4  0 162644 273572  13416 6250236    0    0   768     0 2084 2086 33  0 67  0  0
 1  0 162644 272720  13416 6250712    0    0   222     0 1663 1738 22  1 77  0  0
 1  0 162644 273512  13416 6250720    0    0     0     0 1129 1209  8  0 91  0  0
 0  0 162644 273404  13424 6250736    0    0     0   290  754 1009  1  0 98  0  0
 0  0 162644 273800  13424 6250736    0    0     0     0  715  980  0  0 100  0  0
 0  0 162644 273932  13424 6250736    0    0     0   176  734  959  0  0 100  0  0
 0  0 162644 273948  13424 6250732    0    0     0     0  670  962  0  0 100  0  0
 0  0 162644 274196  13424 6250732    0    0     0     0  653  941  0  0 100  0  0
 0  0 162644 274576  13424 6250724    0    0     0    10  685  969  0  0 100  0  0
 0  0 162644 275072  13424 6250724    0    0     0     0  647  950  0  0 100  0  0
 0  0 162644 274956  13424 6250720    0    0     0    18  666  976  0  0 100  0  0
 0  0 162644 275328  13432 6250720    0    0     0    26  655  975  0  0 99  0  0
 6  0 162644 268456  13432 6251608    0    0     0     0 11625 9071 48  2 50  0  0
procs -----------memory---------- ---swap-- -----io---- -system-- -----cpu------
 r  b   swpd   free   buff  cache   si   so    bi    bo   in   cs us sy id wa st
11  0 162644 273912  13432 6251612    0    0     0     8 12449 10544 70  3 28  0  0
11  0 162644 274152  13432 6251620    0    0     0     0 4960 5223 89  2  8  0  0
11  0 162644 271548  13432 6254532    0    0  1278     6 6578 7312 87  2 11  0  0
12  0 162644 271540  13432 6254584    0    0     0     0 5473 6095 93  2  5  0  0
12  0 162644 271052  13432 6255052    0    0     0     0 5303 5536 89  3  8  0  0
10  0 162644 263116  13440 6262380    0    0  3622   304 3868 4644 92  2  6  0  0
12  0 162644 262372  13440 6262628    0    0     0     0 9665 10282 87  3 10  0  0
11  0 162644 260512  13440 6262908    0    0     0     0 10539 9657 80  3 17  0  0
 8  0 162644 259652  13440 6262956    0    0     0     0 3089 3276 62  1 37  0  0
 5  0 162644 260280  13440 6262992    0    0     0     0 2601 2827 51  1 48  0  0
 3  0 162644 260428  13440 6263020    0    0     0     0 1797 2128 31  0 69  0  0
 0  0 162644 261204  13440 6263044    0    0     0     0 1145 1276  7  0 93  0  0
 0  0 162644 260988  13440 6263060    0    0     0    10  705  962  0  0 100  0  0
 0  0 162644 261136  13448 6263044    0    0     0   300  734  995  0  0 99  0  0
 0  0 162644 261384  13448 6263044    0    0     0     0  704  984  0  0 100  0  0
 0  0 162644 261400  13448 6263032    0    0     0   192  691  962  0  0 100  0  0
 0  0 162644 261152  13448 6263032    0    0     0     0  629  959  0  0 100  0  0
 0  0 162644 261432  13448 6263028    0    0     0    14  604  951  0  0 100  0  0
 0  0 162644 261688  13448 6263028    0    0     0     0  624  946  0  0 100  0  0
 0  0 162644 261440  13448 6263544    0    0   256     0  641  954  0  0 100  0  0
 0  0 162644 259828  13456 6265588    0    0  1024    46  641  971  0  0 100  0  0
procs -----------memory---------- ---swap-- -----io---- -system-- -----cpu------
 r  b   swpd   free   buff  cache   si   so    bi    bo   in   cs us sy id wa st
 0  0 162644 258092  13456 6267636    0    0  1024     0  624  947  0  0 100  0  0
 0  0 162644 256232  13456 6269684    0    0  1024     0  633  951  0  0 100  0  0
 0  0 162644 254620  13456 6271732    0    0  1024     0  644  953  0  0 100  0  0
 0  0 162644 252148  13456 6273780    0    0  1024     0  664  971  0  0 100  0  0
10  0 162644 249492  13456 6275616    0    0  1024     0 2114 2952 22  1 77  0  0
11  0 162644 246004  13456 6277012    0    0  1024     0 11664 9450 70  3 27  0  0
12  0 162644 244880  13456 6278996    0    0  1024     0 4982 5673 95  3  3  0  0
12  0 162644 242648  13468 6281044    0    0  1026   304 3848 4602 97  3  1  0  0
12  0 162644 271044  13468 6252236    0    0  1024     0 8638 5246 91  3  6  0  0
10  0 162644 269680  13468 6254476    0    0  1024    10 4084 4662 97  3  1  0  0
13  0 162644 262860  13468 6262164    0    0  3800     0 5268 5844 91  3  6  0  0
 9  0 162644 259140  13468 6264688    0    0  1024    14 4818 5332 83  2 14  0  0
 7  0 162644 256544  13468 6266864    0    0  1024     0 9613 10109 73  2 25  0  0
 8  0 162644 254172  13468 6268928    0    0  1024     0 10955 12572 61  2 37  0  0
 6  0 162644 252676  13476 6270484    0    0   768   406 6890 8021 61  2 37  0  0
 3  0 162644 250592  13476 6272588    0    0  1024     0 2265 2568 43  1 56  0  0
 2  0 162644 251368  13476 6274480    0    0  1024   178 1691 1970 25  0 75  0  0
 1  0 162644 249392  13476 6276716    0    0  1024     0 1250 1380 10  0 90  0  0
 0  0 162644 247704  13476 6278628    0    0  1024     0  764 1002  1  0 99  0  0
 0  0 162644 245596  13476 6280656    0    0  1024     0  744  981  0  0 100  0  0
 0  0 162644 244488  13476 6282708    0    0  1024     0  709  959  0  0 100  0  0
procs -----------memory---------- ---swap-- -----io---- -system-- -----cpu------
 r  b   swpd   free   buff  cache   si   so    bi    bo   in   cs us sy id wa st
 0  0 162644 243504  13476 6284760    0    0  1024     0  690  955  0  0 100  0  0
 0  0 162644 241280  13484 6286808    0    0  1024   158  668  980  0  0 99  0  0
 0  0 162644 239668  13484 6288860    0    0  1024     0  673  949  0  0 100  0  0
 0  0 162644 237584  13484 6291052    0    0  1024     0  686  973  0  0 100  0  0
 0  0 162644 235980  13484 6292952    0    0  1024     0  701  964  0  0 100  0  0
 0  0 162644 233880  13484 6295000    0    0  1024    10  685  954  0  0 100  0  0
11  0 162644 230372  13484 6297752    0    0  1024     0 2104 2762 21  1 79  0  0
11  0 162644 254924  13484 6301616    0    0  1776     0 14063 10535 78  4 18  0  0
12  0 162644 249468  13492 6314760    0    0  6572   144 7051 5284 91  2  7  0  0
12  0 162644 247236  13492 6316804    0    0  1024     0 3623 4517 97  2  1  0  0
11  0 162644 241904  13492 6322252    0    0  2446    16 9179 10212 85  3 12  0  0
12  0 162644 239672  13492 6324628    0    0  1024     0 6976 8224 91  2  6  0  0
12  0 162644 238176  13492 6326752    0    0  1024     0 4132 4682 94  3  3  0  0
11  0 162644 235564  13492 6329196    0    0  1024    42 4821 5443 84  2 14  0  0
 7  0 162644 225172  13508 6331980    0    0  1030     0 7647 8143 66  2 32  0  0
 9  0 162644 212120  13508 6334052    0    0  1024     0 11108 13141 52  2 47  0  0
 5  0 162644 210052  13516 6336120    0    0  1024   324 6487 7667 58  1 40  0  0
 5  0 162644 207960  13516 6338124    0    0  1024     0 2196 2463 41  1 58  0  0
 3  0 162644 206100  13516 6340196    0    0  1024   136 1877 2050 31  1 69  0  0
 1  0 162644 204528  13516 6342220    0    0  1024     0 1308 1441 12  0 88  0  0
 0  0 162644 202932  13516 6344244    0    0  1024    10  768 1008  1  0 99  0  0
procs -----------memory---------- ---swap-- -----io---- -system-- -----cpu------
 r  b   swpd   free   buff  cache   si   so    bi    bo   in   cs us sy id wa st
 0  0 162644 201476  13516 6346292    0    0  1024     0  721  937  0  0 100  0  0
 0  0 162644 199096  13516 6348300    0    0  1024     0  751  975  0  0 100  0  0
 1  0 162644 197880  13524 6350344    0    0  1024   164 1934 2185  3  0 96  0  0
 1  0 162644 195500  13524 6352392    0    0  1024     0 1069 1232  8  0 91  0  0
 2  0 162644 194284  13524 6353924    0    0   768    14 1056 1255  8  0 92  0  0
 1  0 162644 192168  13524 6355972    0    0  1024     0 1036 1219  8  0 91  0  0
 0  0 162644 190596  13524 6357976    0    0  1024     0  769 1017  2  0 98  0  0
 0  0 162644 188464  13524 6360024    0    0  1024    14  653  957  0  0 100  0  0
 0  0 162644 187976  13524 6360524    0    0   248     0  836 1346  1  0 99  0  0
 9  0 162644 161760  13524 6361380    0    0     0    66 14582 12524 64  3 33  0  0
15  0 162644 185584  13532 6361384    0    0     0    78 7262 6696 92  3  4  0  0
13  0 162644 185708  13532 6361384    0    0     0     0 3628 4508 97  2  1  0  0
11  0 162644 185088  13532 6361868    0    0     0     0 4650 5418 88  3 10  0  0
12  0 162644 185044  13532 6362108    0    0     0     0 10254 12198 88  2 10  0  0
12  0 162644 183640  13532 6362352    0    0     0    10 5019 5486 89  3  8  0  0
11  0 162644 183772  13532 6362676    0    0     0     0 5230 5840 90  3  7  0  0
10  0 162644 179664  13532 6362856    0    0     0     0 12400 13441 86  3 12  0  0
 9  0 162644 200032  13540 6363076    0    0     0   338 5307 5036 81  2 17  0  0
 8  0 162644 199784  13540 6363092    0    0     0     0 3304 3577 71  2 27  0  0
 4  0 162644 199280  13540 6363124    0    0     0   114 2601 2829 50  1 49  0  0
 1  0 162644 199932  13540 6363172    0    0     0     0 1734 1896 23  1 76  0  0
procs -----------memory---------- ---swap-- -----io---- -system-- -----cpu------
 r  b   swpd   free   buff  cache   si   so    bi    bo   in   cs us sy id wa st
 0  0 162644 200088  13540 6363204    0    0     0     0 1005 1151  4  0 96  0  0
 0  0 162644 200252  13540 6363204    0    0     0    14  724  997  0  0 100  0  0
 0  0 162644 200392  13540 6363208    0    0     0     0  777  999  0  0 100  0  0
 0  0 162644 200664  13540 6363200    0    0     0    16  702  980  0  0 100  0  0
 0  0 162644 200640  13548 6363200    0    0     0   196  698  949  0  0 99  0  0
 0  0 162644 200788  13548 6363192    0    0     0     0  652  928  0  0 100  0  0
 0  0 162644 201284  13548 6363192    0    0     0     2  661  982  0  0 100  0  0
 0  0 162644 201036  13548 6363184    0    0     0     0  720  964  0  0 100  0  0
 0  0 162644 201424  13548 6363184    0    0     0     4  631  940  0  0 100  0  0
 0  0 162644 200928  13548 6363176    0    0     0     0  647  937  0  0 100  0  0
 0  0 162644 201324  13548 6363176    0    0     0     0  655  942  0  0 100  0  0
15  0 162644 200520  13556 6363388    0    0    28   120 2997 4508 54  2 44  0  0
13  0 162644 200768  13556 6363392    0    0     0     0 3617 5022 95  4  1  0  0
12  0 162644 198660  13556 6368276    0    0  2440     0 3484 4983 96  3  1  0  0
11  0 162644 198536  13556 6368336    0    0     0     0 4463 5099 85  3 12  0  0
12  0 162644 198288  13556 6368372    0    0     0     0 4248 5138 96  3  1  0  0
12  0 162644 198660  13556 6368372    0    0     0     2 3593 5050 97  3  1  0  0
 4  0 162644 198544  13556 6368384    0    0     0     0 3562 4544 81  3 16  0  0
 2  0 162644 197900  13556 6368392    0    0     0    18 1640 1866 18  1 81  0  0
 2  0 162644 198716  13564 6368392    0    0     0    92 1517 1772 17  0 83  0  0
 0  0 162644 198732  13564 6368392    0    0     0     0 1144 1375  9  0 91  0  0
procs -----------memory---------- ---swap-- -----io---- -system-- -----cpu------
 r  b   swpd   free   buff  cache   si   so    bi    bo   in   cs us sy id wa st
 0  0 162644 198624  13564 6368396    0    0     0   116  817  982  0  0 100  0  0
 0  0 162644 199012  13564 6368396    0    0     0     0  772  960  0  0 100  0  0
 0  0 162644 199160  13564 6368396    0    0     0     0  627  914  0  0 99  0  0
 0  0 162644 199152  13564 6368396    0    0     0     0  700  943  0  0 100  0  0
 0  0 162644 199176  13564 6368396    0    0     0     0  678  945  0  0 100  0  0
 0  0 162644 199176  13572 6368400    0    0     0    60  692  969  0  0 99  0  0
 0  0 162644 198796  13572 6368392    0    0     0     0  659  942  0  0 100  0  0
 0  0 162644 199168  13572 6368392    0    0     0     0  656  949  0  0 100  0  0
 0  0 162644 198812  13572 6368392    0    0     0     0  643  931  0  0 100  0  0
 0  0 162644 199160  13572 6368392    0    0     0     0  657  928  0  0 99  0  0
 0  0 162644 199424  13572 6368384    0    0     0     0  660  950  0  0 100  0  0
 0  0 162644 199168  13572 6368384    0    0     0     0  636  925  0  0 100  0  0
 0  0 162644 199548  13572 6368380    0    0     0     0  696  971  0  0 99  0  0
 1  0 162644 14073084  13588 6331808    0    0   202    86 1484 1204  0  4 95  1  0
