procs -----------memory---------- ---swap-- -----io---- -system-- -----cpu------
 r  b   swpd   free   buff  cache   si   so    bi    bo   in   cs us sy id wa st
 0  4   4884 47515488   2468 121060    0    0    35    14    0    0  0  0 99  0  0
 1  0   4884 47444144   2724 141908    0    0 10194     0 1422 1370  6  0 88  6  0
 1  0   4884 47346588   2772 159236    0    0  8788     6 2204 2213 10  0 87  3  0
 2  0   4884 47116112   2820 176856    0    0  8654     8 2501 3894 10  1 87  3  0
 6 11   4884 44724968   3060 261448    0    0 42662     0 5227 6180 43  4 25 27  0
 2 12   4884 41569896   3180 383264    0    0 60676     8 1986 1880 27  6 37 29  0
10  9   4884 40976772   3320 528032    0    0 72344     0 2037 1928 29  1 45 24  0
 2 11   4884 40775636   3468 675936    0    0 73922   398 1954 1688 31  1 39 29  0
 5 10   4884 40515360   3616 829400    0    0 76388   100 2179 1844 35  1 45 19  0
 3 11   4884 40226780   3768 972152    0    0 71244     0 2231 1922 36  1 40 23  0
 1 12   4884 39747636   3904 1102796    0    0 65292     0 2320 2090 34  2 36 28  0
 4 12   4884 39605900   4036 1244688    0    0 70776    12 1876 1821 26  1 41 32  0
 4 11   4884 38491140   4184 1390832    0    0 73288     2 2355 1868 39  3 32 26  0
 3 10   4884 38133904   4316 1532268    0    0 70210     0 2271 1879 39  1 38 21  0
11  6   4884 38005060   4448 1659504    0    0 63750    22 2335 2231 37  1 39 23  0
12  0   4884 37618288   4544 1770984    0    0 55576    16 3706 2847 67  2 24  6  0
12  0   4884 37454088   4592 1797860    0    0 13210     0 4667 3845 86  4  9  0  0
12  0   4884 37374396   4592 1799904    0    0  1024     0 3660 3651 94  5  1  0  0
11  1   4884 37371948   4600 1802112    0    0  1134    30 3536 3584 94  5  1  0  0
12  0   4884 37307816   4672 1856432    0    0 27148     0 4167 3930 92  5  3  0  0
 8  7   4884 37159216   4856 1982688    0    0 63272    10 4525 4301 88  5  5  2  0
procs -----------memory---------- ---swap-- -----io---- -system-- -----cpu------
 r  b   swpd   free   buff  cache   si   so    bi    bo   in   cs us sy id wa st
 3 12   4884 36973712   5040 2140124    0    0 78456     0 3347 3131 45  2 28 25  0
 4 12   4884 36816356   5216 2296852    0    0 78480   108 2130 1879 30  1 38 31  0
 7 11   4884 36606664   5380 2465008    0    0 83822     8 2317 1740 39  1 30 31  0
 4 12   4884 36387424   5552 2617112    0    0 75810     0 2316 1905 36  1 35 28  0
 3 11   4884 36184780   5688 2762092    0    0 72316     0 2471 2045 34  1 41 23  0
 4 10   4884 36035368   5836 2911548    0    0 74546     0 2085 1924 29  1 44 26  0
 7  8   4884 35789840   5968 3047764    0    0 68442     0 2283 1919 35  1 36 27  0
 9  6   4884 35586604   6112 3194516    0    0 72904     0 3456 2849 69  3 13 16  0
13  4   4884 35286788   6264 3340428    0    0 73034    50 3833 2949 74  3 12 11  0
12  0   4884 35142236   6332 3409840    0    0 34416     8 3963 3152 88  4  7  1  0
12  0   4884 35053700   6376 3450056    0    0 20248     0 5245 3612 92  5  3  0  0
10  1   4884 34958796   6436 3493464    0    0 21682    12 4979 4058 85  5 10  0  0
 8  0   4884 34909592   6492 3540584    0    0 23428    12 4451 3668 66  3 31  1  0
 1  0   4884 34898456   6500 3549708    0    0  4484     0 4131 3311 48  1 51  0  0
 0  0   4884 34897860   6508 3550732    0    0   516    24 2296 1673  3  0 97  0  0
 0  0   4884 34900156   6508 3550728    0    0     0     0 1866 1396  0  0 100  0  0
 0  0   4884 34900916   6516 3550728    0    0     0    46  837 1081  0  0 100  0  0
 0  0   4884 34901056   6516 3550708    0    0     0     8  651  906  0  0 100  0  0
 0  0   4884 34901472   6516 3550704    0    0     0     0  655  946  0  0 100  0  0
 0  0   4884 34901728   6524 3550704    0    0     0    14  700  940  0  0 100  0  0
13  0   4884 34804980   6552 3555792    0    0  2508     0 3326 3713 54  2 44  0  0
procs -----------memory---------- ---swap-- -----io---- -system-- -----cpu------
 r  b   swpd   free   buff  cache   si   so    bi    bo   in   cs us sy id wa st
13  0   4884 34644144   6552 3555808    0    0     0     0 5159 2808 95  4  1  0  0
17  0   4884 34404080   6552 3556320    0    0   256     0 9359 3356 93  6  1  0  0
12  0   4884 34142852   6588 3589876    0    0 16914     0 9312 3711 92  6  2  0  0
13  0   4884 33884436   6692 3680388    0    0 45364   100 4901 4213 93  5  2  0  0
12  0   4884 33791436   6776 3771288    0    0 45358     0 4797 3902 94  4  2  0  0
14  0   4884 33639860   6868 3864824    0    0 46894     0 5757 3658 93  5  2  0  0
13  0   4884 33519888   6984 3976476    0    0 55610     0 6226 4091 94  5  1  0  0
12  0   4884 33365200   7104 4092532    0    0 57786    16 4116 3826 94  4  1  0  0
 5  0   4884 33259056   7188 4165244    0    0 36138    14 5721 4564 85  4 11  0  0
 5  0   4884 33034824   7300 4276716    0    0 55738     0 4770 4381 37  1 61  1  0
 4  0   4884 32859892   7436 4410276    0    0 66756    80 2530 2369 41  1 58  1  0
 3  0   4884 32755760   7540 4514428    0    0 52020    60 1855 1950 28  1 71  0  0
 1  0   4884 32675300   7612 4594708    0    0 39972     0 1580 1698 21  0 78  0  0
 0  0   4884 32661404   7624 4608588    0    0  6790     8  947 1170  4  0 96  0  0
 0  0   4884 32661408   7624 4608588    0    0     0     0  652  947  0  0 100  0  0
 0  0   4884 32662160   7632 4608580    0    0     0     8  664  996  0  0 99  0  0
 0  0   4884 32662416   7632 4608560    0    0     0     8  690  958  0  0 100  0  0
 0  0   4884 32663072   7632 4608560    0    0     0     0  640  948  0  0 100  0  0
 0  0   4884 32659104   7640 4608556    0    0     0    46  711 1003  1  0 99  0  0
 0  0   4884 32660576   7640 4608552    0    0     0     0  680  956  0  0 100  0  0
 0  0   4884 32660444   7640 4608560    0    0     0     0  659  989  0  0 100  0  0
procs -----------memory---------- ---swap-- -----io---- -system-- -----cpu------
 r  b   swpd   free   buff  cache   si   so    bi    bo   in   cs us sy id wa st
 0  0   4884 32660700   7640 4608560    0    0     0     0  733  963  0  0 100  0  0
 0  0   4884 32660940   7640 4608560    0    0     0     0  703  999  0  0 100  0  0
 0  0   4884 32661444   7640 4608544    0    0     0     0  686  946  0  0 100  0  0
 0  0   4884 32661576   7640 4608544    0    0     0     0  663  974  0  0 100  0  0
13  0   4884 32657540   7652 4609420    0    0   382     0 2177 2977 13  0 87  0  0
13  0   4884 32587244   7660 4609492    0    0     0   130 10291 4512 91  5  4  0  0
11  0   4884 32510960   7660 4609500    0    0     0     0 11472 5961 86  5  9  0  0
14  0   4884 32462180   7660 4609512    0    0     0    28 9382 7392 78  4 18  0  0
12  0   4884 32275792   7660 4609524    0    0     0     0 7956 5424 93  4  3  0  0
13  0   4884 32128968   7660 4609524    0    0     0     0 5390 3786 94  3  2  0  0
15  0   4884 32058288   7660 4609520    0    0     0     8 4541 3133 94  3  2  0  0
12  0   4884 32027860   7660 4609520    0    0     0     4 4155 3131 95  3  2  0  0
12  0   4884 31967976   7660 4609512    0    0     0    42 3855 3193 94  3  3  0  0
13  0   4884 31872248   7668 4609512    0    0     0    28 3849 3334 95  4  1  0  0
10  0   4884 31841204   7672 4609508    0    0     0     0 3876 3177 95  3  1  0  0
14  0   4884 31738640   7696 4609584    0    0     0     0 5415 3399 92  3  4  0  0
14  0   4884 31609668   7700 4609616    0    0     0     0 7520 3143 94  4  2  0  0
13  0   4884 31563552   7700 4609616    0    0     0     0 8263 3368 95  4  1  0  0
14  0   4884 31484836   7700 4609624    0    0     0     0 6566 3940 94  4  2  0  0
13  0   4884 31392836   7700 4610148    0    0   256     0 7435 3396 93  4  3  0  0
11  0   4884 31313736   7704 4610664    0    0   256     0 10132 4398 93  4  4  0  0
procs -----------memory---------- ---swap-- -----io---- -system-- -----cpu------
 r  b   swpd   free   buff  cache   si   so    bi    bo   in   cs us sy id wa st
10  0   4884 31161232   7716 4610676    0    0     0   138 8222 4352 82  3 15  0  0
10  0   4884 31054100   7716 4610684    0    0     0    20 5869 5169 74  3 23  0  0
10  0   4884 30957692   7716 4611204    0    0   256     0 5310 4837 75  3 22  0  0
11  0   4884 30861228   7732 4623352    0    0  6152     0 5048 4201 86  4 10  0  0
10  0   4884 30687804   7748 4635164    0    0  5894    26 3755 3091 84  3 13  0  0
10  0   4884 30646648   7780 4651496    0    0  8072     0 2606 2416 43  1 56  0  0
 4  0   4884 30623492   7796 4667404    0    0  7944     0 2136 2039 36  1 64  0  0
 4  1   4884 30543824   7820 4683692    0    0  8200    82 2156 2145 35  1 64  0  0
 3  0   4884 30526512   7840 4700776    0    0  8456     0 1986 2031 33  1 66  0  0
 3  0   4884 30467628   7856 4717036    0    0  8200    64 1756 1785 27  1 72  0  0
 2  0   4884 30450020   7880 4734492    0    0  8714     0 1496 1652 19  1 80  0  0
 0  0   4884 30442232   7896 4742092    0    0  3714     0 1191 1306 10  0 90  0  0
 0  0   4884 30442116   7896 4742104    0    0     0     0  746 1020  0  0 100  0  0
 0  0   4884 30442412   7896 4742104    0    0     0     0  777 1008  0  0 100  0  0
10  0   4884 30400728   7900 4742748    0    0   268     0 5444 3181 48  2 50  0  0
10  0   4884 30295700   7912 4742736    0    0     2   114 10961 6574 80  4 16  0  0
12  0   4884 30118304   7912 4742744    0    0     0     2 10124 7229 84  5 12  0  0
11  0   4884 30039256   7912 4742736    0    0     0     0 10325 7344 89  5  7  0  0
13  0   4884 29871508   7924 4753392    0    0  5382     0 9874 6575 93  6  1  0  0
17  0   4884 29720784   7940 4768464    0    0  7432    20 5758 3927 95  4  2  0  0
15  0   4884 29644868   7952 4781556    0    0  6536     0 10938 3595 94  5  1  0  0
procs -----------memory---------- ---swap-- -----io---- -system-- -----cpu------
 r  b   swpd   free   buff  cache   si   so    bi    bo   in   cs us sy id wa st
13  0   4884 29586360   7968 4797328    0    0  7944    38 5744 3358 95  4  1  0  0
15  0   4884 29568176   7988 4816840    0    0  9738     0 5943 3567 95  4  1  0  0
14  0   4884 29489064   8008 4831724    0    0  7430    36 8072 4678 94  5  1  0  0
11  0   4884 29397488   8028 4852136    0    0 10250     0 5415 3056 94  4  2  0  0
 3  0   4884 29375960   8048 4873696    0    0 10634     0 4266 2788 71  2 27  0  0
 2  0   4884 29374532   8048 4873700    0    0     0    10 2101 1688 23  0 77  0  0
 2  0   4884 29374928   8048 4873700    0    0     0     0 1450 1514 17  0 83  0  0
 0  0   4884 29374728   8048 4873704    0    0     0     0 1083 1182  6  0 94  0  0
 0  0   4884 29374988   8048 4873700    0    0     0     0  643  925  0  0 100  0  0
 0  0   4884 29375488   8048 4873688    0    0     0     0  700  994  0  0 100  0  0
 0  0   4884 29375868   8060 4873688    0    0     2    76  752  969  0  0 99  0  0
10  0   4884 29375796   8072 4873784    0    0     0     0 1417 2018 10  0 90  0  0
11  0   4884 29282920   8072 4873824    0    0     0     0 12699 8688 83  5 11  0  0
 6  0   4884 29091764   8088 4886548    0    0     0     0 12494 9060 77  4 19  0  0
12  0   4884 29094828   8172 4954816    0    0     2     0 6969 4200 45  2 54  0  0
12  0   4884 28760152   8172 4954812    0    0     0    28 6176 3660 93  4  4  0  0
13  0   4884 28605956   8248 5001652    0    0  5126     0 3857 3401 95  4  2  0  0
12  0   4884 28488876   8316 5058652    0    0 11664     0 4912 2928 87  3 10  0  0
21  1   4884 28301496   8360 5106668    0    0 20502 73532 4779 3285 93  4  3  0  0
12  0   4884 28137048   8488 5187076    0    0 25762   184 4760 2884 88  3  9  0  0
10  0   4884 27966448   8656 5298884    0    0 26924     0 5981 3697 79  2 18  0  0
procs -----------memory---------- ---swap-- -----io---- -system-- -----cpu------
 r  b   swpd   free   buff  cache   si   so    bi    bo   in   cs us sy id wa st
 9  0   4884 27817144   8728 5350900    0    0 21404     0 11296 7121 68  3 29  0  0
 8  0   4884 27575484   8804 5394720    0    0 17694     0 9074 6959 66  3 31  0  0
 4  0   4884 27458384   8932 5487424    0    0   522     8 5433 4605 33  1 66  0  0
15  0   4884 27273128   8996 5547732    0    0 14738     0 6402 4637 70  3 27  0  0
12  1   4884 27033664   9044 5593568    0    0 20504 29006 3924 3178 94  3  3  0  0
 8  2   4884 26794120   9112 5655848    0    0 15376 83830 3845 2819 89  3  6  2  0
10  0   4884 26731624   9220 5716636    0    0 11796   294 3997 2457 68  2 27  3  0
10  0   4884 26476440   9320 5799180    0    0 21276   362 3833 2514 81  2 16  0  0
 6  0   4884 26422168   9368 5848492    0    0 24598     0 2665 2372 57  1 42  0  0
 1  0   4884 26256768   9468 5915672    0    0 17948     0 3196 1836 40  1 59  0  0
 0  0   4884 26222800   9504 5949552    0    0  5892     0 1379 1366 13  0 86  0  0
 0  0   4884 26222636   9504 5950056    0    0   256     0  830  978  0  0 100  0  0
 0  1   4884 26219684   9504 5950052    0    0     0 58712  755  958  0  0 98  1  0
 0  0   4884 26227180   9512 5946184    0    0     0 21036  853 1069  0  0 92  7  0
 0  0   4884 26227580   9512 5946168    0    0     0     6  723 1019  0  0 100  0  0
 0  0   4884 26228344   9512 5945768    0    0     0     0  685  965  0  0 100  0  0
 0  0   4884 26228848   9512 5945764    0    0     0     0  679  970  0  0 100  0  0
 0  0   4884 26229608   9512 5945672    0    0     0     6  720 1015  0  0 100  0  0
 0  0   4884 26230060   9512 5945648    0    0     0     0  662  954  0  0 100  0  0
 3  1   4884 26515492   9652 5660208    0    0    68     4  846 1128  2  0 97  1  0
13  0   4884 26408316   9696 5634564    0    0    14   206 5805 4013 88  5  7  0  0
procs -----------memory---------- ---swap-- -----io---- -system-- -----cpu------
 r  b   swpd   free   buff  cache   si   so    bi    bo   in   cs us sy id wa st
15  0   4884 26177824   9696 5634528    0    0     0     0 5612 3055 93  5  3  0  0
14  0   4884 26099764   9696 5634492    0    0     0     0 5315 3028 94  5  2  0  0
14  0   4884 25999184   9696 5634432    0    0     0     0 3972 3190 94  5  2  0  0
14  0   4884 25919752   9696 5634348    0    0     0     0 6923 3109 92  5  3  0  0
15  0   4884 25694900   9696 5634272    0    0     0     0 5727 3098 91  5  4  0  0
13  0   4884 25584340   9696 5634232    0    0     0     0 7392 2947 93  4  4  0  0
17  0   4884 25420212   9696 5634220    0    0     0    28 5762 3389 94  5  2  0  0
14  0   4884 25315752   9704 5634196    0    0     0    48 5254 2931 94  5  1  0  0
14  0   4884 25263644   9704 5634148    0    0     0   178 4889 2788 94  4  2  0  0
14  0   4884 25263660   9704 5634140    0    0     0     0 4218 3102 95  4  1  0  0
13  0   4884 25217716   9704 5634136    0    0     0     0 4655 3249 94  4  2  0  0
 4  0   4884 25113116   9704 5635184    0    0   512    22 11992 6493 68  4 28  0  0
 5  0   4884 25036616   9704 5635184    0    0     0     0 14420 8549 45  3 53  0  0
 4  0   4884 25007652   9704 5635184    0    0     0     0 9953 8606 32  1 67  0  0
 6  0   4884 24879460   9732 5660016    0    0 12558     0 3657 3291 44  1 55  0  0
 6  0   4884 24736704   9764 5686400    0    0 13198    74 3782 3334 51  1 48  0  0
 5  0   4884 24685004   9796 5713120    0    0 13398     0 2570 2308 47  1 52  0  0
 4  0   4884 24656732   9824 5741020    0    0 13838     0 2107 2031 40  1 59  0  0
 2  0   4884 24583324   9844 5764600    0    0 11914     0 1956 1849 33  0 66  0  0
 1  0   4884 24583020   9844 5764780    0    0     0     0 1206 1292 12  0 88  0  0
 0  0   4884 24583260   9844 5764764    0    0     0     0 1025 1152  6  0 94  0  0
procs -----------memory---------- ---swap-- -----io---- -system-- -----cpu------
 r  b   swpd   free   buff  cache   si   so    bi    bo   in   cs us sy id wa st
 0  0   4884 24583912   9844 5764752    0    0     0    14  693 1009  0  0 100  0  0
 0  0   4884 24584744   9852 5764744    0    0     0    46  736  980  0  0 99  0  0
 0  0   4884 24585504   9852 5764740    0    0     0    20  710 1019  0  0 100  0  0
 0  0   4884 24585620   9852 5764728    0    0     0     0  648  960  0  0 100  0  0
 0  0   4884 24585552   9852 5764720    0    0     0     0  688 1013  0  0 100  0  0
 0  0   4884 24585884   9852 5764716    0    0     0     0  658  956  0  0 100  0  0
 1  0   4884 24585032   9852 5764704    0    0     0     0  682 1001  0  0 100  0  0
 0  0   4884 24584668   9852 5764700    0    0     0    16  681  973  0  0 100  0  0
 0  0   4884 24585220   9852 5764696    0    0     0     0  666  960  0  0 100  0  0
14  0   4884 24584720   9864 5764800    0    0     0    18 1647 2185 23  1 76  0  0
14  0   4884 24575040   9864 5764824    0    0     0    24 12192 7142 93  5  2  0  0
15  0   4884 24529568   9888 5764844    0    0    14     0 8931 6328 94  4  2  0  0
10  0   4884 24366780   9888 5764852    0    0     0     2 5091 3470 93  4  3  0  0
12  0   4884 24226916   9940 5778312    0    0    14     0 5036 2921 93  4  3  0  0
13  0   4884 24073912  10064 5867848    0    0     4     0 3715 2926 95  4  2  0  0
12  0   4884 23770020  10332 6051784    0    0    32     0 4583 2006 95  2  3  0  0
12  0   4884 23748532  10380 6073540    0    0     4     0 3706 1850 98  1  1  0  0
 8  1   4884 23733976  10388 6083444    0    0     0 91202 5550 3978 57  2 37  5  0
11  1   4884 23747180  10392 6085048    0    0     0 47820 12051 10784 62  2 30  5  0
15  0   4884 23530420  10400 6077036    0    0     0  8568 9282 7179 87  4  7  2  0
10  0   4884 23202664  10412 6083564    0    0     0    20 5556 2954 91  4  5  0  0
procs -----------memory---------- ---swap-- -----io---- -system-- -----cpu------
 r  b   swpd   free   buff  cache   si   so    bi    bo   in   cs us sy id wa st
11  0   4884 23110764  10524 6159016    0    0    12     0 2506 2031 43  2 55  0  0
 8  0   4884 23018332  10548 6174636    0    0     0     6 3491 3155 75  2 23  0  0
10  0   4884 22895968  10600 6220868    0    0     0     0 4789 3337 67  2 32  0  0
10  2   4884 22829380  10604 6224648    0    0     0 52886 7091 4028 82  3 13  3  0
 7  0   4884 22490124  10616 6224768    0    0     0 21054 5350 3907 78  3 15  4  0
 6  0   4884 22367188  10664 6255312    0    0     4     0 2809 2490 56  2 42  0  0
 6  0   4884 22361356  10668 6258844    0    0     0     4 3664 3321 48  1 51  0  0
 3  0   4884 22283108  10668 6258932    0    0     0     0 2086 1800 37  1 62  0  0
 1  0   4884 22283620  10668 6258928    0    0     0     0 1563 1592 24  0 76  0  0
11  0   4884 22283736  10668 6258920    0    0     0     0 1258 1227 11  0 89  0  0
 1  0   4884 22164832  10668 6258912    0    0     0     0 1412 1199 16  0 84  0  0
 0  0   4884 22165244  10692 6258424    0    0     6 18908  766 1012  1  0 95  3  0
 0  0   4884 22165600  10692 6258388    0    0     0     0  668  993  0  0 100  0  0
 0  0   4884 22166244  10692 6258372    0    0     0     0  701  967  0  0 100  0  0
 0  0   4884 22166404  10692 6258340    0    0     0   548  805  950  0  0 100  0  0
 0  0   4884 22166940  10692 6258336    0    0     0     0  657 1001  0  0 100  0  0
 0  0   4884 22166560  10692 6258312    0    0     0     6  702  973  0  0 100  0  0
 0  0   4884 22167576  10692 6258308    0    0     0     0  701 1013  0  0 100  0  0
 0  0   4884 22167640  10700 6258292    0    0     0    42  696  971  0  0 99  0  0
 0  0   4884 22167780  10700 6258284    0    0     0     2  712 1017  0  0 100  0  0
 1  0   4884 22168660  10700 6258264    0    0     0     0  681  959  0  0 100  0  0
procs -----------memory---------- ---swap-- -----io---- -system-- -----cpu------
 r  b   swpd   free   buff  cache   si   so    bi    bo   in   cs us sy id wa st
 0  0   4884 22168536  10700 6258112    0    0     0     6  695 1021  0  0 100  0  0
 0  0   4884 22168608  10700 6258036    0    0     0     0  690  966  0  0 100  0  0
 0  0   4884 22169180  10700 6257984    0    0     0     0  679  973  0  0 100  0  0
 0  0   4884 22168992  10700 6257956    0    0     0     0  663  988  0  0 100  0  0
 0  0   4884 22169380  10700 6257952    0    0     0     0  655  967  0  0 100  0  0
16  0   4884 22402216  10708 6025036    0    0     0    26 1257 1877  3  0 97  0  0
12  0   4884 22298028  10708 6024776    0    0     0     0 6820 2824 94  3  4  0  0
12  0   4884 22067164  10708 6024768    0    0     0     0 6252 4745 90  4  6  0  0
22  0   4884 21935604  10708 6024636    0    0     0    14 4087 3071 93  4  3  0  0
13  0   4884 21906332  10708 6024624    0    0     0     0 5036 3018 93  4  2  0  0
12  0   4884 21845388  10708 6024512    0    0     0    10 5604 3377 93  5  2  0  0
10  0   4884 21761044  10708 6024528    0    0     0     0 4746 2874 90  3  7  0  0
10  0   4884 21530528  10708 6024472    0    0     0     0 5390 3849 81  3 16  0  0
11  0   4884 21478952  10720 6024476    0    0     0   260 6966 6076 81  4 16  0  0
13  0   4884 21438560  10720 6024424    0    0     0     0 9192 5273 91  4  5  0  0
14  0   4884 21225764  10720 6024432    0    0     0     2 7494 3928 93  4  2  0  0
12  0   4884 21208776  10720 6024420    0    0     0     0 7730 3845 93  4  3  0  0
 9  0   4884 21184412  10720 6024456    0    0     0     0 8753 5862 85  4 11  0  0
10  0   4884 21166832  10720 6024448    0    0     0     4 6929 6070 75  3 22  0  0
11  0   4884 21145224  10720 6024440    0    0     0     0 7021 6200 79  3 17  0  0
 9  0   4884 21055752  10720 6024424    0    0     0     0 3470 3288 81  3 16  0  0
procs -----------memory---------- ---swap-- -----io---- -system-- -----cpu------
 r  b   swpd   free   buff  cache   si   so    bi    bo   in   cs us sy id wa st
 5  0   4884 21054864  10728 6024420    0    0     0    74 2631 2533 53  1 46  0  0
 3  0   4884 21054508  10728 6024412    0    0     0     0 1934 1920 33  1 66  0  0
 2  0   4884 21053936  10728 6024412    0    0     0     8 1685 1681 26  0 74  0  0
 0  0   4884 21054084  10728 6024408    0    0     0     0 1146 1234  8  0 92  0  0
 0  0   4884 21053960  10728 6024408    0    0     0     8  785 1020  0  0 100  0  0
 0  0   4884 21052140  10728 6024392    0    0     0     0  698  962  1  0 99  0  0
 0  0   4884 21052428  10728 6024392    0    0     0     0  723  984  0  0 99  0  0
 0  0   4884 21052684  10736 6024388    0    0     0    58  669  952  0  0 99  0  0
 0  0   4884 21053048  10736 6024388    0    0     0     0  660  951  0  0 100  0  0
 0  0   4884 21054060  10736 6024388    0    0     0   148  700  983  0  0 100  0  0
 0  0   4884 21054300  10736 6024388    0    0     0     0  704  960  0  0 100  0  0
 0  0   4884 21054504  10736 6024376    0    0     0     0  667  986  0  0 100  0  0
 0  0   4884 21054844  10736 6024376    0    0     0     4  682  964  0  0 100  0  0
 0  0   4884 21054960  10736 6024376    0    0     0     0  668  994  0  0 100  0  0
 0  0   4884 21055340  10736 6024376    0    0     0     6  714  987  0  0 100  0  0
 0  0   4884 21055356  10744 6024368    0    0     0    28  672 1007  0  0 99  0  0
 0  0   4884 21055900  10744 6024368    0    0     0     0  674  963  0  0 99  0  0
 0  0   4884 21056156  10744 6024368    0    0     0     0  687  955  0  0 100  0  0
 0  0   4884 21055628  10744 6024368    0    0     0     0  662  999  0  0 100  0  0
 0  0   4884 21055916  10748 6024372    0    0     2     8  673  975  0  0 99  0  0
11  0   4884 21052656  10752 6024440    0    0     0     0 6173 6761 41  1 58  0  0
procs -----------memory---------- ---swap-- -----io---- -system-- -----cpu------
 r  b   swpd   free   buff  cache   si   so    bi    bo   in   cs us sy id wa st
 9  0   4884 20935220  10752 6024484    0    0     0     0 14397 11682 77  4 19  0  0
11  0   4884 20771896  10784 6051316    0    0     0    10 14547 7581 75  4 21  0  0
12  0   4884 20616984  10800 6054184    0    0  1796 12948 9758 5537 89  5  6  0  0
 6  0   4884 20404944  10848 6098032    0    0  9226    10 5543 3501 87  4  9  0  0
12  0   4884 20120996  11008 6236152    0    0  6542     0 4829 2529 70  2 28  0  0
 6  0   4884 19983448  11084 6299868    0    0  7692     0 3461 2528 78  2 20  0  0
 9  0   4884 19885500  11112 6326776    0    0  9738     8 3759 3099 80  2 18  0  0
10  0   4884 19813968  11136 6351640    0    0 10506     0 5447 4658 79  3 18  0  0
 6  0   4884 19584320  11224 6421172    0    0  9742     2 5295 3337 81  3 16  0  0
10  0   4884 19430592  11288 6474108    0    0 10124     0 4937 2991 85  3 13  0  0
 4  1   4884 19287400  11328 6502660    0    0     0 92554 6007 4331 69  2 26  3  0
10  1   4884 19164580  11356 6528988    0    0     0 46172 5970 4504 69  2 26  3  0
12  1   4884 18824872  12556 6522736    0    0   640   370 4144 3038 80  3 13  3  0
11  1   4884 18732492  14152 6525912    0    0   796    10 5141 3732 89  4  6  1  0
 9  0   4884 18622156  14344 6526668    0    0    96     0 5031 4247 84  3 12  0  0
10  0   4884 18481156  14344 6526636    0    0     0     0 3429 2929 74  2 24  0  0
 5  0   4884 18438384  14344 6526596    0    0     0    40 4010 3847 55  2 44  0  0
 3  0   4884 18366612  14352 6525236    0    0     0 25732 2392 1949 39  1 57  3  0
 2  0   4884 18314216  14428 6577732    0    0     6    10 1515 1417 17  1 82  0  0
 2  0   4884 18200780  14428 6577624    0    0     0     0 1703 1392 24  1 76  0  0
 2  0   4884 18197580  14428 6577548    0    0     0     0 1340 1465 17  0 83  0  0
procs -----------memory---------- ---swap-- -----io---- -system-- -----cpu------
 r  b   swpd   free   buff  cache   si   so    bi    bo   in   cs us sy id wa st
 1  0   4884 18198084  14428 6577516    0    0     0     6 1331 1447 15  0 84  0  0
 1  0   4884 18199092  14428 6577508    0    0     0     0 1170 1343  9  0 91  0  0
 0  0   4884 18198852  14428 6577504    0    0     0     4  708  978  1  0 99  0  0
 0  0   4884 18199060  14428 6577476    0    0     0     0  682 1004  0  0 100  0  0
 0  1   4884 18199984  14436 6576580    0    0     0 25046  843  992  0  0 97  3  0
 1  0   4884 18200580  14436 6576300    0    0     0     2  750 1004  0  0 100  0  0
 0  0   4884 18201068  14436 6576300    0    0     0     0  701  976  0  0 100  0  0
 0  0   4884 18201168  14436 6576288    0    0     0   506  780 1012  0  0 100  0  0
 0  0   4884 18201292  14436 6576292    0    0     0     0  727  970  0  0 100  0  0
 0  0   4884 18201936  14436 6576248    0    0     0     0  675  951  0  0 100  0  0
12  0   4884 18603424  14436 6085732    0    0     0     8 5933 4476 75  4 21  0  0
12  0   4884 18382084  14436 6085584    0    0     0     0 7237 4153 90  5  5  0  0
12  0   4884 18312920  14448 6085568    0    0     0   296 4000 3794 94  4  2  0  0
10  0   4884 18234452  14448 6085440    0    0     0     0 3482 3286 94  4  2  0  0
14  0   4884 18110740  14448 6085436    0    0     0     0 7095 2918 92  4  4  0  0
11  0   4884 18011176  14448 6085332    0    0     0     6 7270 4454 85  3 12  0  0
 1  0   4884 17830088  14448 6085340    0    0     0     0 3385 1733 65  2 33  0  0
 1  0   4884 17828672  14448 6085120    0    0     0     0 1005  637  9  0 91  0  0
 1  0   4884 17828860  14448 6085040    0    0     0     0  991  632  8  0 92  0  0
 1  0   4884 17826652  14448 6084972    0    0     0     0 1099  687  9  0 91  0  0
13  0   4884 18051944  14456 5878324    0    0     0    58 6432 3432 55  3 42  0  0
procs -----------memory---------- ---swap-- -----io---- -system-- -----cpu------
 r  b   swpd   free   buff  cache   si   so    bi    bo   in   cs us sy id wa st
13  0   4884 18055324  14456 5878284    0    0     0     0 8750 5102 94  4  2  0  0
15  0   4884 18048852  14456 5878276    0    0     0     8 12988 5227 93  5  2  0  0
16  0   4884 18054776  14456 5878232    0    0     0     0 8363 3655 96  4  1  0  0
14  0   4884 18056380  14456 5878228    0    0     0     0 9690 2960 95  4  1  0  0
12  0   4884 18056248  14456 5878204    0    0     0     4 7731 4530 91  4  4  0  0
 8  0   4884 18029368  14456 5878208    0    0     0     0 6713 3392 82  3 15  0  0
 7  0   4884 18030040  14456 5878164    0    0     0   138 4634 2920 68  3 30  0  0
 4  0   4884 18029816  14468 5878176    0    0     0   150 2656 2730 54  1 44  0  0
 2  0   4884 18029592  14468 5878172    0    0     0     0 1710 1774 23  0 76  0  0
 0  0   4884 18030336  14468 5878152    0    0     0    12 1131 1308 10  0 90  0  0
 0  0   4884 18030988  14468 5878112    0    0     0     0  705  971  0  0 99  0  0
 0  0   4884 18031328  14468 5878108    0    0     0     6  750 1016  0  0 100  0  0
 0  0   4884 18031228  14468 5878080    0    0     0     0  672  939  0  0 100  0  0
 0  0   4884 18032008  14468 5878072    0    0     0     0  679  985  0  0 100  0  0
 0  0   4884 18032424  14476 5878044    0    0     0    46  700  944  0  0 99  0  0
 0  0   4884 18032616  14476 5878052    0    0     0     0  656  933  0  0 99  0  0
 0  0   4884 18033252  14476 5878048    0    0     0     0  673  984  0  0 100  0  0
 0  0   4884 18033252  14476 5878044    0    0     0     0  658  940  0  0 100  0  0
 0  0   4884 18033996  14480 5878040    0    0     2     0  655  986  0  0 99  0  0
 0  0   4884 18033680  14480 5878028    0    0     0    14  695  954  0  0 99  0  0
 0  0   4884 18033788  14480 5878024    0    0     0     0  684  988  0  0 100  0  0
procs -----------memory---------- ---swap-- -----io---- -system-- -----cpu------
 r  b   swpd   free   buff  cache   si   so    bi    bo   in   cs us sy id wa st
 0  0   4884 18033680  14480 5878024    0    0     0     6  654  972  0  0 100  0  0
11  0   4884 18026692  14488 5878124    0    0     0    82 6219 4868 55  2 43  0  0
10  0   4884 18024336  14488 5878152    0    0     0     0 15340 8705 84  5 11  0  0
13  0   4884 18030064  14488 5878152    0    0     0   110 12509 7597 82  4 13  0  0
12  0   4884 18033884  14488 5878152    0    0     0     0 3586 3252 96  3  2  0  0
 9  0   4884 18015352  14512 5897396    0    0     0    18 3613 3129 90  3  7  0  0
12  0   4884 17829708  14736 6082756    0    0     0     0 4481 2411 94  3  3  0  0
14  0   4884 17766580  14824 6145560    0    0     4     0 3478 2566 76  2 22  0  0
13  0   4884 17737616  14856 6174392    0    0     0     6 4172 2943 91  2  7  0  0
14  1   4884 17720852  14868 6185268    0    0     0 94272 6194 5066 83  4  9  4  0
12  1   4884 17714428  14880 6193300    0    0     0 47720 4498 3689 93  4  2  1  0
 1  0   4884 17662988  14968 6246348    0    0     0   292 2966 1783 39  1 60  0  0
11  0   4884 17607660  15032 6297344    0    0     4     0 3435 2655 65  2 33  0  0
11  0   4884 17604132  15040 6301092    0    0     0     0 4899 3836 89  3  8  0  0
 3  0   4884 17565940  15088 6340360    0    0     0     0 3167 2497 73  2 25  0  0
10  0   4884 17516976  15116 6387368    0    0     0    10 4806 2549 49  2 49  0  0
11  2   4884 17511860  15120 6389908    0    0     0 66566 4737 3658 87  3  8  2  0
10  0   4884 17519332  15132 6387340    0    0     0 38384 4172 3507 80  3 13  5  0
11  0   4884 17515440  15132 6389900    0    0     0     4 8141 6671 65  2 33  0  0
 7  0   4884 17512836  15136 6392604    0    0     0     0 2902 2444 59  1 40  0  0
 5  0   4884 17514396  15136 6395284    0    0     0     8 2273 2066 43  1 56  0  0
procs -----------memory---------- ---swap-- -----io---- -system-- -----cpu------
 r  b   swpd   free   buff  cache   si   so    bi    bo   in   cs us sy id wa st
 4  0   4884 17487084  15140 6422164    0    0     0     0 2230 1907 36  1 63  0  0
 4  0   4884 17487744  15140 6422244    0    0     0     0 2490 1641 30  1 70  0  0
 0  1   4884 17486040  15140 6422224    0    0     0 18372 1516 1484 19  0 80  0  0
 1  0   4884 17485488  15276 6422632    0    0   732    86 1082 1238  1  0 95  4  0
 1  0   4884 17486072  15276 6422968    0    0     0     6  788  995  0  0 100  0  0
 1  0   4884 17486336  15276 6422932    0    0     0     0  696  999  0  0 100  0  0
 1  0   4884 17487328  15276 6422932    0    0     0     0  680  962  0  0 100  0  0
 5  0   4884 17487692  15276 6422912    0    0     0   518  809  996  0  0 99  0  0
 0  0   4884 17488080  15276 6422880    0    0     0     0  730  996  0  0 100  0  0
 0  0   4884 17488316  15276 6422860    0    0     0    10  680  972  0  0 100  0  0
 0  0   4884 17489576  15288 6422856    0    0     0    62  664 1008  0  0 99  0  0
 0  0   4884 17489324  15292 6422864    0    0     2     0  639  952  0  0 100  0  0
 0  0   4884 17490224  15292 6422816    0    0     0     2  683 1012  0  0 100  0  0
 1  0   4884 17490088  15292 6422680    0    0     0     0  653  943  0  0 100  0  0
 1  0   4884 17490052  15292 6422560    0    0     0    12  700 1000  0  0 100  0  0
 2  0   4884 17490540  15292 6422432    0    0     0     0  606  954  0  0 100  0  0
 1  0   4884 17490828  15292 6422336    0    0     0     0  630  944  0  0 100  0  0
 1  0   4884 17490564  15292 6422236    0    0     0     4  673  986  0  0 100  0  0
11  0   4884 17903064  15300 6010044    0    0     0    32 1143 1899  3  1 96  0  0
13  0   4884 17926012  15300 5983400    0    0     0    62 7001 5557 83  4 13  0  0
12  0   4884 17926484  15300 5983400    0    0     0     0 4361 3809 89  3  8  0  0
procs -----------memory---------- ---swap-- -----io---- -system-- -----cpu------
 r  b   swpd   free   buff  cache   si   so    bi    bo   in   cs us sy id wa st
12  0   4884 17926524  15300 5983284    0    0     0     0 3594 3302 87  4  9  0  0
11  0   4884 17926308  15300 5983284    0    0     0     6 5452 3750 89  4  7  0  0
 6  0   4884 17926724  15300 5983216    0    0     0     0 10428 3542 90  5  5  0  0
11  0   4884 17923656  15300 5983236    0    0     0     0 4912 3381 79  1 20  0  0
14  0   4884 17925912  15300 5983196    0    0     0     0 6750 5144 91  4  6  0  0
11  0   4884 17925744  15312 5983208    0    0     0   214 5798 3109 94  4  2  0  0
12  0   4884 17926056  15312 5983176    0    0     0   204 6195 3993 95  4  1  0  0
13  0   4884 17925396  15312 5983172    0    0     0     0 6317 3932 95  4  1  0  0
10  0   4884 17925788  15316 5983176    0    0     0     4 4193 3200 90  3  7  0  0
10  0   4884 17925680  15316 5983232    0    0     0     0 7668 5313 70  3 27  0  0
10  0   4884 17902756  15316 5983248    0    0     0     0 11180 7840 84  5 11  0  0
10  0   4884 17872600  15316 5983248    0    0     0    14 7419 5053 81  4 16  0  0
12  0   4884 17872044  15316 5983236    0    0     0     0 5379 4521 82  3 15  0  0
 8  0   4884 17872680  15324 5983244    0    0     0    98 3440 3104 77  2 21  0  0
 5  0   4884 17870940  15324 5983280    0    0     0     0 2982 2987 55  1 44  0  0
 4  0   4884 17869880  15324 5983284    0    0     0     0 7217 6551 38  1 61  0  0
 3  1   4884 17865820  15328 5983240    0    0     2    30 11521 11167 28  1 70  0  0
 6  0   4884 17922504  15332 5983240    0    0     0     0 9965 8242 32  1 67  0  0
 3  0   4884 17921800  15332 5983228    0    0     0     2 6476 3702 30  1 69  0  0
 3  0   4884 17923852  15332 5983224    0    0     0     0 4588 2176 31  1 69  0  0
 4  0   4884 17921140  15340 5983204    0    0     0    46 6297 2866 38  1 61  0  0
procs -----------memory---------- ---swap-- -----io---- -system-- -----cpu------
 r  b   swpd   free   buff  cache   si   so    bi    bo   in   cs us sy id wa st
 3  0   4884 17923280  15340 5983204    0    0     0     0 6443 2392 36  1 64  0  0
 1  0   4884 17924652  15340 5983188    0    0     0     0 4100 2320 20  0 80  0  0
 3  0   4884 17924668  15340 5983188    0    0     0     6 3772 2225 16  1 83  0  0
 2  0   4884 17924544  15340 5983176    0    0     0     0 4322 2300 20  1 80  0  0
 2  0   4884 17921840  15340 5983172    0    0     0     0 3408 1532 18  0 82  0  0
 1  0   4884 17922180  15340 5983152    0    0     0     2 2868 1191 13  0 87  0  0
 0  0   4884 17925560  15340 5983152    0    0     0     0 1714 1328  6  0 94  0  0
 0  0   4884 17925832  15348 5983136    0    0     0    64 1436 1307  4  0 95  0  0
 1  0   4884 17922464  15348 5983140    0    0     0     0 1532 1128  5  0 95  0  0
 1  0   4884 17922992  15352 5983148    0    0     2     0 1838 1006  8  0 92  0  0
 1  0   4884 17926324  15352 5983152    0    0     0    12 1784  999  8  0 91  0  0
11  0   4884 18180392  15384 5725752    0    0    20     0 3744 4146 45  2 53  0  0
12  0   4884 18181624  15384 5725768    0    0     0    50 12840 10480 82  4 15  0  0
12  0   4884 18182112  15384 5725764    0    0     0     0 5932 5954 90  3  7  0  0
11  0   4884 18182184  15384 5725764    0    0     0     0 3633 3309 97  3  1  0  0
12  0   4884 18182968  15400 5725748    0    0     2   158 3454 3372 96  3  1  0  0
 8  0   4884 18181976  15404 5726236    0    0     4     0 4507 3446 81  3 16  0  0
13  0   4884 18182092  15404 5726400    0    0     0     0 8276 6742 81  3 16  0  0
13  0   4884 18181680  15404 5726544    0    0     0     0 4222 3252 96  4  1  0  0
10  0   4884 18182052  15404 5726620    0    0     0     0 4923 4234 93  3  4  0  0
12  0   4884 18182124  15404 5726624    0    0     0     6 4413 3226 96  4  0  0  0
procs -----------memory---------- ---swap-- -----io---- -system-- -----cpu------
 r  b   swpd   free   buff  cache   si   so    bi    bo   in   cs us sy id wa st
 9  0   4884 18181860  15404 5726836    0    0     0     0 6326 5994 80  3 18  0  0
13  0   4884 18182752  15404 5726844    0    0     0     2 4694 3970 79  2 19  0  0
 4  0   4884 18182016  15416 5726884    0    0     0   206 2629 2367 45  1 53  0  0
 3  0   4884 18181908  15416 5726896    0    0     0     0 1851 1909 33  1 66  0  0
 3  0   4884 18181436  15416 5726888    0    0     0   140 1663 1693 25  1 74  0  0
 0  0   4884 18181196  15416 5726892    0    0     0     0 1445 1525 18  0 81  0  0
 0  0   4884 18181640  15416 5726900    0    0     0    10  696  985  0  0 100  0  0
 0  0   4884 18181864  15416 5726900    0    0     0     0  721  972  0  0 100  0  0
 0  0   4884 18181880  15416 5726888    0    0     0     0  675  999  0  0 100  0  0
 0  0   4884 18181936  15424 5726880    0    0     0   128  704  982  0  0 99  0  0
 0  0   4884 18182176  15424 5726884    0    0     0     0  675 1000  0  0 100  0  0
 0  0   4884 18182392  15424 5726884    0    0     0     0  660  967  0  0 100  0  0
 1  0   4884 18183128  15424 5726880    0    0     0     0  697 1013  0  0 100  0  0
 1  0   4884 18182624  15424 5726868    0    0     0     0  658  960  0  0 100  0  0
 0  0   4884 18183252  15424 5726860    0    0     0     0  688  995  0  0 100  0  0
 0  0   4884 18183540  15424 5726868    0    0     0     0  678  967  0  0 100  0  0
 0  0   4884 18183324  15424 5726860    0    0     0     6  695  977  0  0 100  0  0
 0  0   4884 18182808  15432 5726860    0    0     0    20  707 1024  0  0 100  0  0
 0  0   4884 18183480  15432 5726860    0    0     0     0  681  970  0  0 100  0  0
 0  0   4884 18183852  15432 5726860    0    0     0     2  667 1012  0  0 100  0  0
 2  0   4884 18183808  15432 5727240    0    0   206     0 1227 1872  1  0 98  0  0
procs -----------memory---------- ---swap-- -----io---- -system-- -----cpu------
 r  b   swpd   free   buff  cache   si   so    bi    bo   in   cs us sy id wa st
 0  0   4884 18183808  15432 5727320    0    0     0    12 1358 1750  1  0 99  0  0
 9  0   4884 18171980  15432 5728196    0    0    90     0 10501 8923 77  4 20  0  0
14  0   4884 18174384  15432 5728184    0    0     0     0 11313 11156 75  4 21  0  0
12  0   4884 18174412  15432 5728196    0    0     0    10 3758 3381 95  4  1  0  0
13  0   4884 18174060  15440 5728192    0    0     0   254 3574 3305 95  4  1  0  0
12  0   4884 18173796  15440 5728436    0    0     0   178 3816 3527 93  4  3  0  0
13  0   4884 18174868  15440 5728844    0    0     0     0 7168 4860 87  4 10  0  0
15  0   4884 18175040  15440 5728844    0    0     0     0 4438 3146 96  4  1  0  0
11  0   4884 18175100  15440 5729128    0    0     0    28 6785 4334 85  3 11  0  0
12  0   4884 18174712  15440 5729136    0    0     0     0 9289 5888 94  5  2  0  0
 8  0   4884 18174728  15440 5729316    0    0     0     0 4485 4228 87  4  9  0  0
10  0   4884 18174260  15440 5729356    0    0     0     0 3939 3753 65  2 33  0  0
10  0   4884 18174428  15456 5729404    0    0     0   336 2650 2634 51  1 47  1  0
 2  0   4884 18173512  15456 5729420    0    0     0     6 2009 2128 38  1 61  0  0
 3  0   4884 18173900  15456 5729428    0    0     0     0 1372 1538 18  0 82  0  0
 0  0   4884 18173816  15456 5729468    0    0     0    10 1028 1179  6  0 94  0  0
 0  0   4884 18173820  15456 5729460    0    0     0     0  685  990  0  0 100  0  0
 0  0   4884 18173976  15456 5729452    0    0     0     0  669  942  0  0 100  0  0
 0  0   4884 18174240  15456 5729448    0    0     0    14  701 1005  0  0 100  0  0
 0  0   4884 18174908  15456 5729452    0    0     0     0  683  947  0  0 100  0  0
 0  0   4884 18175264  15464 5729452    0    0     0   144  737  975  0  0 99  0  0
procs -----------memory---------- ---swap-- -----io---- -system-- -----cpu------
 r  b   swpd   free   buff  cache   si   so    bi    bo   in   cs us sy id wa st
 0  0   4884 18175512  15464 5729448    0    0     0     0  684 1004  0  0 99  0  0
 0  0   4884 18175764  15464 5729452    0    0     0     0  677  953  0  0 100  0  0
 1  0   4884 18175844  15464 5729452    0    0     0     0  699  992  0  0 100  0  0
 0  0   4884 18176628  15464 5729452    0    0     0     0  678  946  0  0 100  0  0
 0  0   4884 18176052  15464 5729448    0    0     0     2  686 1011  0  0 100  0  0
 0  0   4884 18176928  15464 5729444    0    0     0     0  711  962  0  0 100  0  0
 0  0   4884 18173012  15464 5729444    0    0     0     0  710 1008  1  0 99  0  0
 0  0   4884 18173740  15472 5729448    0    0     0   212  692  958  0  0 99  0  0
11  0   4884 18173312  15472 5729580    0    0     0     0 1412 2121  6  0 93  0  0
11  0   4884 18169028  15472 5730324    0    0     0     6 7334 5439 88  4  8  0  0
12  0   4884 18171312  15472 5730340    0    0     0     0 7012 5221 91  4  6  0  0
12  0   4884 18171688  15472 5730336    0    0     0     0 3616 3466 95  4  1  0  0
12  0   4884 18172060  15472 5730336    0    0     0    10 3509 3433 95  4  1  0  0
 9  0   4884 18169640  15476 5730576    0    0     0     0 3774 3492 93  4  3  0  0
12  0   4884 18169920  15480 5731060    0    0     0    20 9663 7976 69  3 28  0  0
14  0   4884 18166672  15488 5731248    0    0     0   314 4131 3430 95  4  1  0  0
13  0   4884 18169928  15488 5731316    0    0     0     0 5635 4242 92  4  4  0  0
13  0   4884 18170264  15488 5731316    0    0     0     0 3445 3361 95  4  1  0  0
10  0   4884 18168296  15492 5731564    0    0     0     0 6291 4443 84  3 13  0  0
 8  0   4884 18167964  15492 5731616    0    0     0     0 5340 4718 73  3 24  0  0
 4  0   4884 18168688  15496 5731688    0    0     0     0 2218 2172 39  1 60  0  0
procs -----------memory---------- ---swap-- -----io---- -system-- -----cpu------
 r  b   swpd   free   buff  cache   si   so    bi    bo   in   cs us sy id wa st
 3  0   4884 18169388  15496 5731700    0    0     0     0 1962 1861 29  1 70  0  0
 3  0   4884 18169768  15496 5731704    0    0     0     0 1756 1745 26  0 74  0  0
 0  0   4884 18169644  15504 5731732    0    0     0   288 1124 1219  7  0 92  0  0
 0  0   4884 18169864  15504 5731748    0    0     0   148  780 1035  0  0 100  0  0
 0  0   4884 18170228  15504 5731748    0    0     0     0  672  946  0  0 100  0  0
 0  0   4884 18170268  15504 5731748    0    0     0     0  688  943  0  0 100  0  0
 0  0   4884 18170644  15504 5731748    0    0     0    10  679  981  0  0 100  0  0
 0  0   4884 18171172  15504 5731748    0    0     0     0  665  930  0  0 100  0  0
 0  0   4884 18171016  15504 5731744    0    0     0    14  710  997  0  0 100  0  0
 0  0   4884 18171080  15512 5731744    0    0     0   108  665  957  0  0 99  0  0
13  0   4884 18174404  15512 5732252    0    0     0     0 1608 2358 12  1 87  0  0
12  0   4884 18171548  15512 5732632    0    0     0    24 10344 5846 93  5  2  0  0
12  0   4884 18173036  15512 5732624    0    0     0     0 3892 3414 95  4  1  0  0
12  0   4884 18173472  15512 5732628    0    0     0     0 3553 3438 95  4  1  0  0
12  0   4884 18173328  15512 5732632    0    0     0     0 3427 3353 96  4  0  0  0
12  0   4884 18170092  15520 5732856    0    0     0     0 4110 3571 93  3  3  0  0
11  0   4884 18170944  15520 5733364    0    0     0     0 12726 9058 67  4 29  0  0
11  0   4884 18170508  15528 5733596    0    0     0   304 6723 4971 90  4  5  0  0
11  0   4884 18170336  15528 5733588    0    0     0     2 5245 4559 94  4  2  0  0
13  0   4884 18170840  15528 5733596    0    0     0     0 3654 3432 96  3  1  0  0
10  0   4884 18170568  15532 5733816    0    0     0     0 4878 4348 85  2 12  0  0
procs -----------memory---------- ---swap-- -----io---- -system-- -----cpu------
 r  b   swpd   free   buff  cache   si   so    bi    bo   in   cs us sy id wa st
 8  0   4884 18170352  15540 5733864    0    0     0     8 5351 4826 79  3 18  0  0
 5  0   4884 18169980  15544 5733920    0    0     2     0 2262 2425 47  1 52  0  0
 6  0   4884 18168508  15544 5733944    0    0     0     0 1757 1829 27  1 73  0  0
 3  0   4884 18169920  15556 5733956    0    0     0   270 1803 1883 26  1 73  1  0
 0  0   4884 18169548  15556 5733996    0    0     0     0 1214 1317 10  0 90  0  0
 0  0   4884 18170176  15556 5734012    0    0     0   142  738 1004  0  0 100  0  0
 0  0   4884 18170464  15556 5734008    0    0     0     0  729  973  0  0 100  0  0
 0  0   4884 18171068  15556 5734004    0    0     0    24  711 1004  0  0 100  0  0
 0  0   4884 18171216  15556 5734004    0    0     0     0  675  969  0  0 100  0  0
 0  0   4884 18171348  15556 5733996    0    0     0     0  705 1024  0  0 100  0  0
 0  0   4884 18171968  15556 5733996    0    0     0     0  679  974  0  0 100  0  0
 0  0   4884 18171852  15564 5733996    0    0     0   134  700  969  1  0 99  0  0
 0  0   4884 18172244  15564 5733988    0    0     0     0  708 1023  0  0 100  0  0
 0  0   4884 18172108  15564 5733988    0    0     0     0  635  963  0  0 100  0  0
12  0   4884 18169972  15564 5734828    0    0     0     0 3452 4177 34  2 64  0  0
12  0   4884 18170592  15564 5734840    0    0     0     0 9611 6965 92  5  4  0  0
13  0   4884 18171172  15564 5734848    0    0     0     0 3654 3426 96  4  1  0  0
12  0   4884 18171740  15564 5734848    0    0     0     6 3555 3420 95  4  1  0  0
12  0   4884 18171504  15564 5734856    0    0     0     0 3489 3362 95  4  0  0  0
 7  0   4884 18169212  15580 5735332    0    0     0   138 4492 3393 86  3 11  0  0
10  0   4884 18166964  15584 5735584    0    0     0     4 9858 8226 70  3 27  0  0
procs -----------memory---------- ---swap-- -----io---- -system-- -----cpu------
 r  b   swpd   free   buff  cache   si   so    bi    bo   in   cs us sy id wa st
11  0   4884 18166504  15588 5735828    0    0     0     0 9300 5620 89  4  6  0  0
12  0   4884 18167620  15588 5735836    0    0     0    10 4925 3935 90  4  6  0  0
14  0   4884 18167928  15588 5735844    0    0     0     0 3825 3423 95  4  1  0  0
10  0   4884 18168664  15588 5735948    0    0     0     0 4523 3942 78  2 19  0  0
 5  0   4884 18168292  15592 5735972    0    0     0    24 3162 2932 65  1 34  0  0
 2  0   4884 18168000  15592 5736056    0    0     0     0 1774 1847 28  1 72  0  0
 1  0   4884 18168396  15600 5736072    0    0     0   580 1294 1370 12  0 87  1  0
 1  0   4884 18168888  15600 5736088    0    0     0     0 1105 1233  9  0 91  0  0
 1  0   4884 18168928  15604 5736104    0    0     0     0  740  999  1  0 99  0  0
 0  0   4884 18169168  15604 5736104    0    0     0     0  626 1010  0  0 100  0  0
 0  0   4884 18169456  15604 5736100    0    0     0     0  592  944  0  0 100  0  0
 0  0   4884 18169764  15604 5736092    0    0     0     0  640  994  0  0 100  0  0
 0  0   4884 18170524  15604 5736084    0    0     0     0  629  956  0  0 100  0  0
 0  0   4884 18170152  15612 5736088    0    0     0    90  677 1009  0  0 99  0  0
 0  0   4884 18170796  15612 5736088    0    0     0     6  640  946  0  0 100  0  0
 0  0   4884 18170648  15612 5736088    0    0     0     0  643  945  0  0 100  0  0
 0  0   4884 18171176  15612 5736088    0    0     0     0  645 1003  0  0 100  0  0
 0  0   4884 18170648  15612 5736092    0    0     0     0  636  940  0  0 100  0  0
 0  0   4884 18171044  15612 5736080    0    0     0     0  656  992  0  0 100  0  0
 0  0   4884 18171452  15612 5736080    0    0     0    12  657  943  0  0 100  0  0
 0  0   4884 18171692  15612 5736080    0    0     0     0  656  978  0  0 100  0  0
procs -----------memory---------- ---swap-- -----io---- -system-- -----cpu------
 r  b   swpd   free   buff  cache   si   so    bi    bo   in   cs us sy id wa st
 0  0   4884 18171708  15620 5736084    0    0     0    40  709  964  0  0 99  0  0
 0  0   4884 18171816  15620 5736084    0    0     0     0  694  989  0  0 100  0  0
 0  0   4884 18171592  15620 5736084    0    0     0     0  678  940  0  0 100  0  0
 0  0   4884 18172012  15620 5736080    0    0     0     0  674  950  0  0 100  0  0
 0  0   4884 18171640  15620 5736080    0    0     0     0  687 1073  0  0 100  0  0
12  0   4884 18165028  15620 5736936    0    0     0     0 9583 6470 79  4 17  0  0
14  0   4884 18165940  15620 5736940    0    0     0     0 7011 4878 90  4  6  0  0
13  0   4884 18168388  15620 5736944    0    0     0     0 4001 3357 95  4  1  0  0
12  0   4884 18168768  15628 5736944    0    0     0   166 3510 3493 95  4  1  0  0
12  0   4884 18168936  15632 5736948    0    0     0     0 4744 3243 95  4  0  0  0
 9  0   4884 18167036  15636 5737436    0    0     0     0 5622 5560 67  2 31  0  0
11  0   4884 18167576  15636 5737572    0    0     0     0 5885 5338 81  3 16  0  0
16  0   4884 18167468  15636 5736700    0    0     0     0 5311 4584 92  4  4  0  0
10  0   4884 18167784  15636 5736708    0    0     0     0 4312 3308 95  4  1  0  0
10  0   4884 18168080  15636 5736780    0    0     0     0 3490 3418 92  4  4  0  0
 9  1   4884 18167212  15648 5736932    0    0     4   194 6948 5792 78  3 19  0  0
 7  0   4884 18166564  15652 5736968    0    0     0   284 2613 2717 54  1 45  0  0
 4  0   4884 18166944  15652 5736972    0    0     0     0 1883 2016 31  1 68  0  0
 4  0   4884 18167116  15652 5736964    0    0     0    20 1651 1777 25  1 74  0  0
 1  0   4884 18167132  15652 5736984    0    0     0     0 1428 1534 17  0 82  0  0
 1  0   4884 18167388  15652 5736988    0    0     0     4  787 1005  0  0 99  0  0
procs -----------memory---------- ---swap-- -----io---- -system-- -----cpu------
 r  b   swpd   free   buff  cache   si   so    bi    bo   in   cs us sy id wa st
 1  0   4884 18167564  15652 5736976    0    0     0     0  716  977  0  0 100  0  0
 1  0   4884 18167564  15652 5736968    0    0     0     0  666  990  0  0 100  0  0
 1  0   4884 18167836  15660 5736968    0    0     0   184  711  961  0  0 99  0  0
 1  0   4884 18167668  15660 5736964    0    0     0     0  715  995  0  0 100  0  0
 0  0   4884 18167428  15660 5736952    0    0     0   292  685  952  0  0 100  0  0
 0  0   4884 18168156  15660 5736964    0    0     0     0  696  997  0  0 100  0  0
 0  0   4884 18168756  15660 5736956    0    0     0     0  668  946  0  0 100  0  0
 0  0   4884 18168880  15660 5736960    0    0     0     0  653  980  0  0 100  0  0
 0  0   4884 18168684  15660 5736960    0    0     0     0  672  971  0  0 100  0  0
 0  0   4884 18169180  15660 5736960    0    0     0     0  697  967  0  0 100  0  0
12  0   4884 18165656  15668 5737816    0    0     0   128 4902 4346 60  3 37  0  0
13  0   4884 18167440  15668 5737836    0    0     0     0 9327 4464 94  5  1  0  0
12  0   4884 18168208  15668 5737836    0    0     0    10 3619 3508 96  4  1  0  0
12  0   4884 18168084  15668 5737836    0    0     0     0 3521 3368 96  3  1  0  0
14  0   4884 18168008  15668 5737828    0    0     0    20 3487 3466 95  4  1  0  0
 9  0   4884 18166836  15668 5738524    0    0     0     0 9692 9087 65  3 32  0  0
13  0   4884 18165964  15668 5738680    0    0     0     0 6906 5386 88  4  8  0  0
12  0   4884 18165552  15668 5738704    0    0     0    40 4316 3321 93  3  4  0  0
15  0   4884 18166236  15676 5738776    0    0     0   238 4879 4439 93  4  3  0  0
 9  0   4884 18165880  15676 5739144    0    0     0     0 3607 3535 92  4  4  0  0
11  0   4884 18165876  15676 5739308    0    0     0     0 7407 6465 77  3 19  0  0
procs -----------memory---------- ---swap-- -----io---- -system-- -----cpu------
 r  b   swpd   free   buff  cache   si   so    bi    bo   in   cs us sy id wa st
 4  0   4884 18166012  15676 5739404    0    0     0     0 3052 2731 60  2 38  0  0
 4  0   4884 18165516  15676 5739376    0    0     0    10 1837 1973 33  1 67  0  0
 3  0   4884 18165624  15676 5739372    0    0     0     0 1741 1873 29  0 71  0  0
 0  0   4884 18166128  15676 5739336    0    0     0     0 1594 1641 19  0 80  0  0
 0  0   4884 18166168  15684 5739344    0    0     0   264  726 1012  0  0 99  1  0
 0  0   4884 18166448  15684 5739320    0    0     0     0  738  960  0  0 100  0  0
 0  0   4884 18166340  15692 5739320    0    0     0   226  707  966  0  0 100  0  0
 0  0   4884 18166768  15692 5739292    0    0     0     0  694 1002  0  0 100  0  0
 0  0   4884 18167104  15692 5739292    0    0     0    30  715  968  0  0 100  0  0
 1  0   4884 18167120  15692 5739264    0    0     0     0  695 1005  0  0 100  0  0
 1  0   4884 18166872  15692 5739264    0    0     0     0  661  959  0  0 100  0  0
 1  0   4884 18167368  15692 5739240    0    0     0     6  692 1006  0  0 100  0  0
 1  0   4884 18167220  15700 5739244    0    0     0    58  704  964  0  0 99  0  0
 2  0   4884 18167616  15700 5739216    0    0     0     0  678  974  0  0 100  0  0
 1  0   4884 18167592  15700 5739216    0    0     0     0  681  990  0  0 100  0  0
 1  0   4884 18167864  15700 5739208    0    0     0     0  682  968  0  0 100  0  0
 1  0   4884 18167608  15700 5739208    0    0     0     0  681  997  0  0 100  0  0
 1  0   4884 18167732  15700 5739184    0    0     0     0  685  968  0  0 100  0  0
17  0   4884 18162548  15700 5740080    0    0     0     6 5287 5733 42  2 56  0  0
13  0   4884 18163780  15700 5740088    0    0     0     0 10924 7084 90  6  4  0  0
13  0   4884 18163448  15708 5740088    0    0     0   134 3375 3406 95  4  1  0  0
procs -----------memory---------- ---swap-- -----io---- -system-- -----cpu------
 r  b   swpd   free   buff  cache   si   so    bi    bo   in   cs us sy id wa st
14  0   4884 18163384  15708 5740084    0    0     0     2 3459 3334 96  4  0  0  0
14  0   4884 18164060  15708 5740084    0    0     0     0 3429 3357 95  4  1  0  0
10  0   4884 18162556  15708 5741124    0    0   256     0 4228 3570 81  3 16  0  0
14  0   4884 18159980  15708 5741376    0    0     0     0 13185 12927 80  5 15  0  0
15  0   4884 18145200  15728 5759504    0    0  8970     0 6045 5383 91  4  5  0  0
16  0   4884 18122004  15752 5783392    0    0 11918    28 3640 3386 95  4  0  0  0
14  0   4884 18098668  15776 5806936    0    0 11788     0 3536 3434 95  3  1  0  0
10  0   4884 18070784  15808 5833396    0    0 13324   368 5527 4965 77  3 20  0  0
 4  0   4884 18041272  15836 5862804    0    0 14606     0 3253 2895 64  2 34  0  0
 2  0   4884 18031652  15844 5871912    0    0  4484     0 1752 1826 26  1 73  0  0
 2  0   4884 18031444  15844 5871908    0    0     0     0 1407 1545 17  0 83  0  0
 1  0   4884 18031728  15844 5871908    0    0     0     0 1257 1397 13  0 87  0  0
 0  0   4884 18031992  15844 5871924    0    0     0     4  824 1094  1  0 99  0  0
 0  0   4884 18031876  15844 5871936    0    0     0     0  686  975  0  0 100  0  0
 0  0   4884 18032652  15844 5871932    0    0     0     0  695  967  0  0 100  0  0
 0  0   4884 18032892  15852 5871936    0    0     0   224  717 1021  0  0 99  1  0
 0  0   4884 18033032  15852 5871932    0    0     0     0  678  958  0  0 100  0  0
 0  0   4884 18032908  15852 5871932    0    0     0     0  691 1021  0  0 100  0  0
 0  0   4884 18033416  15852 5871932    0    0     0     0  681  973  0  0 100  0  0
 0  0   4884 18033428  15852 5871932    0    0     0     0  665  995  0  0 100  0  0
 0  0   4884 18033668  15852 5871936    0    0     0     0  670  964  0  0 100  0  0
procs -----------memory---------- ---swap-- -----io---- -system-- -----cpu------
 r  b   swpd   free   buff  cache   si   so    bi    bo   in   cs us sy id wa st
 0  0   4884 18034160  15852 5871936    0    0     0     0  675 1013  0  0 100  0  0
12  0   4884 18033552  15852 5872772    0    0     0    24 1761 2389 23  1 76  0  0
12  0   4884 18032188  15860 5872788    0    0     0   130 8255 4796 92  5  3  0  0
16  0   4884 18034128  15860 5872788    0    0     0   202 4252 3341 95  4  1  0  0
12  0   4884 18037260  15860 5872788    0    0     0     0 3531 3506 95  4  1  0  0
12  0   4884 18037812  15860 5872784    0    0     0     0 3473 3391 96  4  0  0  0
 1  0   4884 18034136  15860 5872936    0    0     0     0 4433 3598 92  4  4  0  0
12  0   4884 18036356  15860 5873608    0    0     0     0 8348 7638 72  3 25  0  0
14  0   4884 18036184  15860 5873776    0    0     0     0 5384 4152 93  4  3  0  0
12  0   4884 18036596  15860 5873784    0    0     0     0 3618 3469 95  4  1  0  0
14  0   4884 18033748  15868 5873784    0    0     0   270 3902 3241 95  4  0  0  0
 7  0   4884 18035192  15868 5873932    0    0     0    10 4745 3945 87  3 10  0  0
 5  0   4884 18034184  15868 5874016    0    0     0     0 4512 4130 66  2 33  0  0
 2  0   4884 18034052  15868 5874088    0    0     0    10 1663 1747 26  0 74  0  0
 2  0   4884 18034340  15868 5874100    0    0     0     0 1395 1512 16  0 83  0  0
 2  0   4884 18034876  15868 5874112    0    0     0     0 1408 1503 18  0 82  0  0
 0  0   4884 18035376  15868 5874136    0    0     0     0 1102 1259  8  0 92  0  0
 0  0   4884 18035152  15868 5874128    0    0     0     0  654  961  0  0 100  0  0
 0  0   4884 18035816  15876 5874128    0    0     0   282  760 1047  0  0 99  1  0
 0  0   4884 18035840  15876 5874124    0    0     0     0  686  956  0  0 100  0  0
 0  0   4884 18035840  15876 5874128    0    0     0     0  680  956  0  0 100  0  0
procs -----------memory---------- ---swap-- -----io---- -system-- -----cpu------
 r  b   swpd   free   buff  cache   si   so    bi    bo   in   cs us sy id wa st
 0  0   4884 18036260  15876 5874116    0    0     0     4  683 1019  0  0 100  0  0
 0  0   4884 18036508  15876 5874116    0    0     0     0  649  957  0  0 100  0  0
 0  0   4884 18036524  15876 5874108    0    0     0     2  700 1004  0  0 100  0  0
 0  0   4884 18036896  15876 5874108    0    0     0     0  682  964  0  0 100  0  0
 0  0   4884 18037336  15884 5874112    0    0     0    28  674  984  0  0 99  0  0
 0  0   4884 18037576  15884 5874120    0    0     0   196  691  952  0  0 100  0  0
10  0   4884 18034176  15884 5874988    0    0     0     0 6916 7094 56  3 41  0  0
12  0   4884 18033860  15884 5874996    0    0     0     6 11453 8246 90  5  5  0  0
13  0   4884 18034396  15884 5874996    0    0     0     0 3512 3399 95  3  1  0  0
12  0   4884 18034256  15884 5874996    0    0     0     0 3442 3340 95  4  1  0  0
12  0   4884 18035212  15884 5875000    0    0     0    68 3591 3378 95  4  1  0  0
11  0   4884 18029708  15888 5875736    0    0     0     0 7073 5331 82  4 14  0  0
11  0   4884 18032700  15900 5875816    0    0     0   238 8311 6191 87  5  8  0  0
12  0   4884 18032168  15900 5875992    0    0     0     0 4939 4535 91  4  5  0  0
12  0   4884 18032540  15900 5875988    0    0     0     0 3568 3330 96  4  0  0  0
 9  0   4884 18032904  15900 5876068    0    0     0    32 3673 3586 91  4  5  0  0
 9  0   4884 18032200  15904 5876184    0    0     0     0 5148 4740 66  2 32  0  0
 4  0   4884 18032200  15904 5876228    0    0     0     2 2621 2405 49  1 50  0  0
 2  0   4884 18031588  15904 5876276    0    0     0     0 1842 1798 23  0 77  0  0
 4  1   4884 18031652  15904 5876280    0    0     0   122 1442 1544 18  0 82  0  0
 0  0   4884 18032180  15920 5876296    0    0     0   142 1381 1443 12  0 87  1  0
procs -----------memory---------- ---swap-- -----io---- -system-- -----cpu------
 r  b   swpd   free   buff  cache   si   so    bi    bo   in   cs us sy id wa st
 0  0   4884 18031948  15920 5876308    0    0     0     0  748  990  0  0 100  0  0
 0  0   4884 18031832  15920 5876312    0    0     0     0  703  994  0  0 100  0  0
 0  0   4884 18032460  15920 5876312    0    0     0     0  675  947  0  0 100  0  0
 0  0   4884 18032864  15920 5876300    0    0     0     0  683  991  0  0 100  0  0
 0  0   4884 18032760  15920 5876304    0    0     0    12  673  948  0  0 100  0  0
 0  0   4884 18033564  15920 5876300    0    0     0     0  644  916  0  0 100  0  0
 0  0   4884 18033688  15928 5876300    0    0     0   332  703  992  0  0 99  0  0
 0  0   4884 18033812  15928 5876304    0    0     0     0  646  933  0  0 100  0  0
 0  0   4884 18033824  15928 5876308    0    0     0     0  685  992  0  0 100  0  0
 0  0   4884 18033576  15928 5876300    0    0     0     0  675  960  0  0 100  0  0
 0  0   4884 18034196  15928 5876308    0    0     0     0  691  993  0  0 100  0  0
 0  0   4884 18034212  15928 5876304    0    0     0    28  672  951  0  0 100  0  0
 0  0   4884 18033996  15928 5876312    0    0     0     0  696  968  0  0 100  0  0
 0  0   4884 18034376  15928 5876312    0    0     0     0  663 1006  0  0 100  0  0
13  0   4884 18032408  15936 5876232    0    0     0    40 2618 3058 35  2 63  0  0
 9  0   4884 18028704  15936 5875924    0    0     0     0 10801 5518 83  4 12  0  0
12  0   4884 18031828  15936 5875912    0    0     0     0 7464 6737 89  4  7  0  0
12  0   4884 18031748  15936 5875908    0    0     0     0 3474 3428 96  3  1  0  0
12  0   4884 18032292  15936 5875888    0    0     0     0 3493 3407 95  4  1  0  0
 8  0   4884 18031392  15936 5876440    0    0     0     0 4358 3658 80  3 17  0  0
11  0   4884 18031012  15936 5876580    0    0     0     0 11936 10203 84  5 11  0  0
procs -----------memory---------- ---swap-- -----io---- -system-- -----cpu------
 r  b   swpd   free   buff  cache   si   so    bi    bo   in   cs us sy id wa st
13  1   4884 18030912  15944 5876652    0    0     2   484 3747 3416 95  3  1  0  0
12  0   4884 18030912  15948 5876788    0    0     0     0 4922 4298 91  4  5  0  0
12  0   4884 18031408  15948 5876780    0    0     0     0 4456 3270 94  4  2  0  0
 8  0   4884 18031416  15948 5876948    0    0     0     6 3679 3487 80  3 18  0  0
 6  0   4884 18007120  15948 5876972    0    0     0     0 6075 5720 70  2 27  0  0
 4  0   4884 18006880  15948 5877044    0    0     0     0 2041 2046 30  0 70  0  0
 2  0   4884 18007036  15948 5877048    0    0     0     0 1638 1693 22  1 77  0  0
 2  0   4884 18007184  15948 5877060    0    0     0     0 1430 1556 18  0 82  0  0
 0  0   4884 18007704  15956 5877072    0    0     0   290 1100 1203  6  0 93  1  0
 0  0   4884 18007580  15956 5877080    0    0     0     0  734  988  0  0 100  0  0
 0  0   4884 18007808  15956 5877076    0    0     0   260  745 1019  0  0 100  0  0
 0  0   4884 18007840  15956 5877076    0    0     0     0  687  958  0  0 100  0  0
 0  0   4884 18008116  15956 5877072    0    0     0     0  693 1020  0  0 100  0  0
 0  0   4884 18008288  15956 5877072    0    0     0     2  666  962  0  0 100  0  0
 0  0   4884 18009032  15956 5877072    0    0     0     0  707  995  0  0 100  0  0
 0  0   4884 18009112  15956 5877072    0    0     0     0  688  958  0  0 100  0  0
 0  0   4884 18009260  15964 5877076    0    0     0    50  662  994  0  0 99  0  0
 1  0   4884 18009328  15964 5877076    0    0     0     0  689  959  0  0 100  0  0
12  0   4884 18003604  15964 5877932    0    0     0     8 7532 6377 69  3 28  0  0
11  0   4884 18006208  15964 5877948    0    0     0     0 9086 7500 88  4  8  0  0
11  0   4884 18006116  15964 5877952    0    0     0    66 6484 6596 88  3  8  0  0
procs -----------memory---------- ---swap-- -----io---- -system-- -----cpu------
 r  b   swpd   free   buff  cache   si   so    bi    bo   in   cs us sy id wa st
12  0   4884 18006272  15964 5877944    0    0     0     0 4236 4082 95  4  2  0  0
10  0   4884 18006240  15964 5877940    0    0     0     0 3675 3413 95  3  2  0  0
10  0   4884 18005068  15964 5878552    0    0     0     0 8153 6976 72  3 25  0  0
14  0   4884 18002412  15972 5878796    0    0     0   232 6275 4886 91  4  5  0  0
12  0   4884 18005052  15972 5878816    0    0     0    32 3736 3428 96  4  1  0  0
12  0   4884 18005496  15972 5878812    0    0     0     0 3764 3324 96  4  1  0  0
 8  0   4884 18004380  15972 5879036    0    0     0     0 5791 4620 87  4  8  0  0
 9  0   4884 18004496  15972 5879084    0    0     0     4 4669 4342 72  2 25  0  0
 3  0   4884 18003736  15972 5879128    0    0     0     0 2305 2326 45  1 54  0  0
 3  0   4884 18003520  15972 5879144    0    0     0     0 1548 1758 25  0 74  0  0
 2  0   4884 18004036  15980 5879156    0    0     0   264 1766 1775 24  0 75  1  0
 0  0   4884 18004168  15980 5879192    0    0     0     0 1074 1257  7  0 92  0  0
 0  0   4884 18004696  15980 5879196    0    0     0   158  724  980  0  0 100  0  0
 0  0   4884 18004432  15980 5879204    0    0     0     0  709  989  0  0 100  0  0
 0  0   4884 18004440  15980 5879196    0    0     0     6  730  967  0  0 100  0  0
 0  0   4884 18005084  15980 5879192    0    0     0     0  705  958  0  0 100  0  0
 0  0   4884 18005076  15980 5879188    0    0     0     0  701 1000  0  0 100  0  0
 0  0   4884 18005588  15980 5879188    0    0     0     4  715  982  0  0 100  0  0
 0  0   4884 18006076  15988 5879192    0    0     0    92  707 1025  0  0 99  0  0
 0  0   4884 18005920  15988 5879184    0    0     0     8  687  963  0  0 100  0  0
 0  0   4884 18006416  15988 5879184    0    0     0     0  684 1019  0  0 100  0  0
procs -----------memory---------- ---swap-- -----io---- -system-- -----cpu------
 r  b   swpd   free   buff  cache   si   so    bi    bo   in   cs us sy id wa st
 0  0   4884 18006408  15988 5879180    0    0     0     0  675  970  0  0 100  0  0
 0  0   4884 18006144  15988 5879180    0    0     0    22  690 1015  0  0 100  0  0
12  0   4884 18003908  15988 5880048    0    0     0     0 4653 5158 45  2 53  0  0
13  0   4884 18001912  15988 5880052    0    0     0     2 10844 8227 86  5  9  0  0
12  0   4884 18002592  15988 5880052    0    0     0     0 3618 3402 96  4  1  0  0
13  0   4884 18002892  16004 5880052    0    0     2   118 3541 3481 95  4  1  0  0
12  0   4884 18002904  16004 5880052    0    0     0     0 3584 3404 95  4  1  0  0
 8  0   4884 18002608  16004 5880620    0    0     0     0 4715 3680 81  3 16  0  0
13  0   4884 18000188  16004 5880784    0    0     0     0 8370 6368 83  4 13  0  0
12  0   4884 18003076  16004 5881024    0    0     0     0 5413 4412 92  4  4  0  0
12  0   4884 18003772  16004 5881036    0    0     0     0 3497 3434 95  4  1  0  0
10  0   4884 18003952  16004 5881036    0    0     0    10 3420 3378 93  4  3  0  0
 8  0   4884 18002632  16004 5881176    0    0     0     0 4116 3903 71  2 27  0  0
 2  0   4884 18002524  16012 5881232    0    0     0   440 2471 2561 50  1 49  0  0
 1  0   4884 18003036  16012 5881276    0    0     0     0 1260 1370 14  0 86  0  0
 1  0   4884 18003368  16012 5881276    0    0     0     0 1257 1354  8  0 92  0  0
 0  0   4884 18003796  16012 5881268    0    0     0    10  938 1103  4  0 96  0  0
 0  0   4884 18003936  16012 5881280    0    0     0     0  737 1026  0  0 100  0  0
 0  0   4884 18004304  16012 5881284    0    0     0    18  730  971  0  0 99  0  0
 0  0   4884 18004404  16012 5881276    0    0     0     0  705  990  0  0 99  0  0
 0  0   4884 18004732  16020 5881276    0    0     0   206  737  967  0  0 99  1  0
procs -----------memory---------- ---swap-- -----io---- -system-- -----cpu------
 r  b   swpd   free   buff  cache   si   so    bi    bo   in   cs us sy id wa st
 0  0   4884 18004404  16020 5881268    0    0     0     2  688  969  0  0 100  0  0
 0  0   4884 18004012  16020 5881264    0    0     0     0  715  999  0  0 100  0  0
 0  0   4884 18004528  16020 5881268    0    0     0     0  687  957  0  0 100  0  0
 0  0   4884 18004356  16020 5881264    0    0     0     0  693  970  0  0 100  0  0
 0  0   4884 18004356  16020 5881264    0    0     0     0  641  931  0  0 100  0  0
 0  0   4884 18004604  16020 5881268    0    0     0     2  691  998  0  0 100  0  0
 0  0   4884 18004224  16020 5881264    0    0     0     0  701  967  0  0 100  0  0
 0  0   4884 18004604  16028 5881264    0    0     0    26  689  956  0  0 99  0  0
 0  0   4884 18004788  16028 5881268    0    0     0     0  669  990  0  0 100  0  0
13  0   4884 17999072  16028 5882112    0    0     0     0 3786 3223 42  2 56  0  0
11  0   4884 17998576  16028 5882128    0    0     0    64 11499 5453 91  5  4  0  0
12  0   4884 18001556  16028 5882140    0    0     0     0 4350 3821 94  4  2  0  0
12  0   4884 18001684  16028 5882140    0    0     0    10 3573 3502 95  4  1  0  0
14  0   4884 18002064  16028 5882140    0    0     0     0 3484 3350 95  4  1  0  0
 7  0   4884 18005012  16028 5882696    0    0     0     0 4600 3685 82  3 14  0  0
13  0   4884 18004648  16036 5882968    0    0     0   304 12425 12047 71  3 25  0  0
11  0   4884 18004020  16036 5883044    0    0     0     0 4828 3237 94  4  3  0  0
13  0   4884 18003284  16036 5883124    0    0     0     2 5691 4009 93  4  3  0  0
12  0   4884 18004844  16036 5883124    0    0     0     0 3555 3395 95  3  1  0  0
11  0   4884 18004456  16036 5883440    0    0     0     0 7799 7229 80  3 17  0  0
10  0   4884 18003192  16036 5883484    0    0     0     0 4579 3777 89  3  8  0  0
procs -----------memory---------- ---swap-- -----io---- -system-- -----cpu------
 r  b   swpd   free   buff  cache   si   so    bi    bo   in   cs us sy id wa st
 5  0   4884 18003456  16036 5883560    0    0     0     0 2454 2478 47  1 52  0  0
 4  0   4884 18003264  16036 5883572    0    0     0     0 2054 2140 39  1 60  0  0
 4  0   4884 18003560  16044 5883576    0    0     0   290 1888 2018 33  1 66  0  0
 0  0   4884 18003600  16048 5883636    0    0     0     0 1261 1361 11  0 88  0  0
 0  0   4884 18003624  16048 5883636    0    0     0    10  679  965  0  0 100  0  0
 0  0   4884 18003652  16048 5883628    0    0     0     0  761 1010  0  0 100  0  0
 0  0   4884 18004352  16048 5883628    0    0     0     4  701  965  0  0 100  0  0
 0  0   4884 18004344  16048 5883628    0    0     0     0  678  978  0  0 100  0  0
 0  0   4884 18004228  16048 5883620    0    0     0     0  658  958  0  0 100  0  0
 0  0   4884 18005256  16056 5883612    0    0     0   142  707 1015  0  0 99  0  0
 0  0   4884 18005000  16056 5883612    0    0     0     0  674  966  0  0 100  0  0
 0  0   4884 18005380  16056 5883612    0    0     0   234  700  986  0  0 100  0  0
 0  0   4884 18005380  16056 5883612    0    0     0     0  700  969  0  0 99  0  0
 0  0   4884 18005388  16056 5883612    0    0     0     0  684  959  0  0 100  0  0
 0  0   4884 18005232  16056 5883612    0    0     0     2  709 1010  0  0 100  0  0
 0  0   4884 18005876  16056 5883624    0    0     0     0  824 1301  1  0 99  0  0
10  0   4884 18001148  16056 5883292    0    0     0     0 7190 5445 76  4 20  0  0
10  0   4884 18004128  16064 5883296    0    0     0   376 7036 5171 91  4  5  0  0
13  0   4884 18003724  16064 5883300    0    0     0     0 3507 3438 95  4  1  0  0
10  0   4884 18004808  16064 5883276    0    0     0     0 3416 3407 95  4  1  0  0
13  0   4884 18001636  16064 5883252    0    0     0     0 3711 3319 94  4  2  0  0
procs -----------memory---------- ---swap-- -----io---- -system-- -----cpu------
 r  b   swpd   free   buff  cache   si   so    bi    bo   in   cs us sy id wa st
 9  0   4884 18003740  16064 5883944    0    0     0     6 7735 6868 67  3 30  0  0
12  0   4884 18003232  16064 5884036    0    0     0     0 5425 3828 93  4  3  0  0
13  0   4884 18003480  16064 5884184    0    0     0     0 4895 4145 91  4  5  0  0
12  0   4884 18004460  16064 5884176    0    0     0    44 4399 3266 95  4  1  0  0
 9  0   4884 18003840  16072 5884148    0    0     0   208 3666 3442 92  4  5  0  0
 8  0   4884 18002912  16072 5884404    0    0     0    12 6616 5618 72  3 26  0  0
 4  0   4884 18003152  16072 5884480    0    0     0     0 2742 2557 51  1 48  0  0
 3  0   4884 18002664  16072 5884492    0    0     0     0 1974 1951 32  1 68  0  0
 4  0   4884 18002604  16072 5884496    0    0     0    20 1732 1766 25  0 74  0  0
 0  0   4884 18002628  16072 5884512    0    0     0     0 1395 1447 16  0 84  0  0
 0  0   4884 18002488  16072 5884536    0    0     0     4  793 1008  0  0 100  0  0
 0  0   4884 18000872  16084 5884520    0    0     0   284  845 1131  0  0 99  1  0
 0  0   4884 18002164  16084 5884528    0    0     0     0  679  943  0  0 100  0  0
 0  0   4884 18002344  16084 5884536    0    0     0   276  733  981  0  0 100  0  0
 0  0   4884 18002320  16084 5884544    0    0     0     0  682  950  0  0 100  0  0
 0  0   4884 18002964  16084 5884536    0    0     0     0  666  982  0  0 100  0  0
 0  0   4884 18003304  16084 5884540    0    0     0     0  676  944  0  0 100  0  0
12  0   4884 17998868  16084 5885384    0    0     0     0 4562 4272 41  2 57  0  0
13  0   4884 18001632  16084 5885388    0    0     0     6 11058 8310 79  4 16  0  0
14  0   4884 18002216  16096 5885396    0    0     0   142 3927 3850 94  4  2  0  0
12  0   4884 18002772  16096 5885384    0    0     0     0 3642 3391 96  4  1  0  0
procs -----------memory---------- ---swap-- -----io---- -system-- -----cpu------
 r  b   swpd   free   buff  cache   si   so    bi    bo   in   cs us sy id wa st
12  0   4884 18002772  16096 5885388    0    0     0     0 3484 3436 96  3  1  0  0
10  0   4884 18002896  16100 5885852    0    0     0     0 4284 4077 73  3 25  0  0
13  0   4884 18001936  16100 5886016    0    0     0    10 8169 4953 83  3 14  0  0
10  0   4884 18001812  16100 5886176    0    0     0     0 9176 5270 86  4 10  0  0
12  0   4884 18001644  16100 5886332    0    0     0    20 7302 6154 92  5  4  0  0
 9  0   4884 18001704  16100 5886328    0    0     0     0 3607 3435 94  4  2  0  0
 9  0   4884 18001208  16112 5886508    0    0     2   312 5614 4921 75  2 23  0  0
 8  0   4884 18001016  16112 5886560    0    0     0     2 3075 2804 64  1 35  0  0
 4  0   4884 18000644  16112 5886584    0    0     0     0 2173 2256 42  1 58  0  0
 2  0   4884 18001300  16164 5886604    0    0    12   234 1552 1612 19  0 77  4  0
 0  0   4884 18001696  16188 5886628    0    0     0    54 1323 1473 12  0 87  1  0
 0  0   4884 18002092  16208 5886672    0    0    12     0  746  986  0  0 100  0  0
 0  0   4884 18002232  16208 5886672    0    0     0     4  760 1047  0  0 100  0  0
 0  0   4884 18002800  16208 5886660    0    0     0     0  713  954  0  0 100  0  0
 0  0   4884 18002712  16208 5886660    0    0     0   180  734 1016  0  0 100  0  0
 0  0   4884 18002604  16208 5886632    0    0     0     0  722  986  0  0 100  0  0
 0  0   4884 18002844  16208 5886632    0    0     0     0  664  963  0  0 100  0  0
 0  0   4884 18002480  16208 5886636    0    0     0     2  710 1010  0  0 100  0  0
 0  0   4884 18002408  16216 5886640    0    0     0   116  878 1333  1  0 99  1  0
13  0   4884 17997544  16216 5887492    0    0     0    10 9119 8431 82  5 13  0  0
13  0   4884 18001008  16216 5887492    0    0     0     0 7753 7241 90  5  5  0  0
procs -----------memory---------- ---swap-- -----io---- -system-- -----cpu------
 r  b   swpd   free   buff  cache   si   so    bi    bo   in   cs us sy id wa st
12  0   4884 18001136  16216 5887504    0    0     0     0 3597 3356 96  4  1  0  0
12  0   4884 18001056  16216 5887512    0    0     0    20 3503 3374 95  4  2  0  0
12  0   4884 18001212  16216 5887508    0    0     0     0 3512 3376 95  4  1  0  0
10  0   4884 17999132  16216 5888248    0    0     0     4 6455 5400 77  3 19  0  0
14  0   4884 17999392  16216 5888400    0    0     0     0 6452 5385 87  4  9  0  0
12  0   4884 17999896  16224 5888488    0    0     0   320 3759 3420 95  4  1  0  0
12  0   4884 18000356  16224 5888488    0    0     0     0 3588 3442 96  3  1  0  0
 8  0   4884 18000008  16224 5888552    0    0     0     0 4418 4027 86  3 10  0  0
10  0   4884 17999576  16224 5888824    0    0     0     6 7877 6899 74  2 24  0  0
 5  0   4884 17998780  16224 5888872    0    0     0     0 3012 2937 63  1 36  0  0
 4  0   4884 17999160  16224 5888912    0    0     0     0 1905 2009 34  1 66  0  0
 4  0   4884 17999400  16224 5888920    0    0     0     0 1951 2051 34  0 65  0  0
 0  0   4884 17999184  16232 5888972    0    0     0   292 1533 1632 18  0 81  1  0
 0  0   4884 17999628  16232 5888996    0    0     0   184  723  966  0  0 100  0  0
 0  0   4884 17999652  16232 5888992    0    0     0     0  733  993  0  0 100  0  0
 0  0   4884 18000560  16232 5888992    0    0     0     0  710  958  0  0 100  0  0
 0  0   4884 18000464  16232 5888988    0    0     0    14  781 1033  0  0 100  0  0
 0  0   4884 18000356  16232 5888988    0    0     0     0  668  949  0  0 100  0  0
 0  0   4884 18000484  16232 5888968    0    0     0    14  660 1010  0  0 100  0  0
 1  0   4884 18001128  16232 5888968    0    0     0     0  645  953  0  0 100  0  0
 9  0   4884 17994416  16240 5889844    0    0     0   104 6937 6562 57  3 40  0  0
procs -----------memory---------- ---swap-- -----io---- -system-- -----cpu------
 r  b   swpd   free   buff  cache   si   so    bi    bo   in   cs us sy id wa st
12  0   4884 17997812  16240 5889852    0    0     0     2 9330 8385 89  5  6  0  0
12  0   4884 17997920  16240 5889852    0    0     0     0 3498 3411 94  4  1  0  0
11  0   4884 17997752  16240 5889852    0    0     0     0 3862 3500 95  4  1  0  0
14  0   4884 17998124  16240 5889844    0    0     0     0 3676 3370 95  4  1  0  0
 9  0   4884 17995892  16240 5890568    0    0     0     0 8899 6474 83  4 13  0  0
12  0   4884 17995884  16240 5890584    0    0     0     8 5033 3892 94  4  2  0  0
12  0   4884 17996192  16248 5890828    0    0     0   348 6823 5144 92  4  4  0  0
12  0   4884 17996432  16248 5890840    0    0     0     0 3581 3394 95  4  1  0  0
10  0   4884 17996740  16248 5890840    0    0     0     0 3877 3422 93  4  2  0  0
 8  0   4884 17995924  16248 5891048    0    0     0     0 5189 4803 63  2 35  0  0
 4  0   4884 17995792  16252 5891128    0    0     2     6 2557 2517 49  1 50  0  0
 2  0   4884 17995824  16252 5891152    0    0     0     0 1643 1751 24  0 75  0  0
 2  0   4884 17995656  16256 5891152    0    0     2    18 1381 1487 17  0 83  0  0
 0  0   4884 17994928  16256 5891160    0    0     0     0 1285 1351 10  0 90  0  0
 0  0   4884 17995780  16264 5891180    0    0     0   290  736  992  0  0 99  1  0
 0  0   4884 17995952  16264 5891164    0    0     0   254  757 1019  0  0 100  0  0
 0  0   4884 17995676  16264 5891164    0    0     0     0  675  947  0  0 100  0  0
 0  0   4884 17996072  16264 5891164    0    0     0     4  678  963  0  0 100  0  0
 0  0   4884 17996568  16264 5891164    0    0     0     0  721 1007  0  0 100  0  0
 0  0   4884 17996600  16264 5891168    0    0     0     0  702  965  0  0 100  0  0
 0  0   4884 17997096  16264 5891168    0    0     0     2  721 1013  0  0 100  0  0
procs -----------memory---------- ---swap-- -----io---- -system-- -----cpu------
 r  b   swpd   free   buff  cache   si   so    bi    bo   in   cs us sy id wa st
 0  0   4884 17997444  16272 5891148    0    0     0    22  685  979  0  0 99  0  0
 0  0   4884 17997816  16272 5891148    0    0     0    10  669  989  0  0 100  0  0
 0  0   4884 17997992  16272 5891148    0    0     0     0  673  958  0  0 100  0  0
 0  0   4884 17997744  16272 5891148    0    0     0     0  719 1007  0  0 100  0  0
11  0   4884 17997496  16272 5891444    0    0     0     0 1660 2351 12  1 88  0  0
13  0   4884 17986228  16272 5890944    0    0     0     0 13331 7707 89  5  6  0  0
11  0   4884 17994416  16272 5890620    0    0     0     6 8267 6478 88  4  8  0  0
12  0   4884 17995200  16272 5890600    0    0     0     0 6149 6429 89  4  7  0  0
12  0   4884 17995832  16280 5890516    0    0     0   348 3565 3422 95  4  1  0  0
14  0   4884 18000436  16280 5890644    0    0     0    18 4031 3656 92  4  4  0  0
11  0   4884 17997328  16280 5891076    0    0     0     0 8768 5652 90  4  6  0  0
12  0   4884 17997364  16280 5891224    0    0     0     4 4808 3245 91  4  5  0  0
14  0   4884 18000760  16288 5891260    0    0     0     6 5979 5508 92  4  3  0  0
11  0   4884 18001240  16288 5891328    0    0     0     0 4360 4118 93  4  4  0  0
 9  0   4884 18001268  16288 5891420    0    0     0     2 4696 4173 86  3 10  0  0
 7  0   4884 18000484  16296 5891480    0    0     0   332 4103 3856 66  2 32  0  0
 4  0   4884 18000128  16296 5891512    0    0     0   196 2088 2186 38  1 61  0  0
 3  0   4884 17999656  16296 5891524    0    0     0     0 1760 1870 27  0 72  0  0
 2  0   4884 18000048  16296 5891524    0    0     0     0 1530 1593 20  0 79  0  0
 0  0   4884 18000248  16296 5891572    0    0     0    10 1015 1198  4  0 95  0  0
 0  0   4884 18000496  16296 5891552    0    0     0     0  698  936  0  0 100  0  0
procs -----------memory---------- ---swap-- -----io---- -system-- -----cpu------
 r  b   swpd   free   buff  cache   si   so    bi    bo   in   cs us sy id wa st
 0  0   4884 18000512  16296 5891552    0    0     0     0  709  994  0  0 100  0  0
 0  0   4884 18000404  16296 5891540    0    0     0     0  674  949  0  0 100  0  0
 0  0   4884 18000776  16304 5891540    0    0     0   192  704  960  0  0 99  1  0
 0  0   4884 18000924  16304 5891544    0    0     0     6  716 1018  0  0 100  0  0
 0  0   4884 18000860  16304 5891544    0    0     0     0  655  948  0  0 100  0  0
 0  0   4884 18001232  16304 5891536    0    0     0    18  703  993  0  0 100  0  0
12  0   4884 18001108  16304 5891540    0    0     0     2 1319 2122  8  1 91  0  0
12  0   4884 18000444  16304 5892392    0    0     0     0 3783 3501 95  4  1  0  0
12  0   4884 18000792  16304 5892396    0    0     0     6 3511 3354 95  4  0  0  0
12  0   4884 18000732  16304 5892376    0    0     0     0 3564 3443 95  4  1  0  0
13  0   4884 18001488  16312 5892380    0    0     0   138 3600 3345 95  4  1  0  0
10  0   4884 18001232  16312 5892380    0    0     0     0 3590 3416 93  3  3  0  0
 9  0   4884 17999232  16312 5893316    0    0     0     0 6614 5900 62  2 35  0  0
12  0   4884 17996932  16312 5893328    0    0     0    42 7759 6299 86  4 10  0  0
13  0   4884 17998964  16312 5893332    0    0     0     0 3858 3537 95  4  1  0  0
13  0   4884 17999288  16312 5893328    0    0     0     8 3549 3324 95  3  1  0  0
 7  0   4884 17999536  16312 5893568    0    0     0     0 5515 4303 81  4 15  0  0
 6  0   4884 17999028  16312 5893628    0    0     0     0 3923 3596 57  1 41  0  0
 2  0   4884 17999284  16320 5893684    0    0     0   374 2260 2218 37  1 61  1  0
 2  0   4884 17999156  16320 5893688    0    0     0     0 1342 1502 17  0 83  0  0
 1  0   4884 17999172  16320 5893688    0    0     0     6 1446 1516 18  0 82  0  0
procs -----------memory---------- ---swap-- -----io---- -system-- -----cpu------
 r  b   swpd   free   buff  cache   si   so    bi    bo   in   cs us sy id wa st
 0  0   4884 17999160  16320 5893696    0    0     0     0  973 1141  3  0 97  0  0
 0  0   4884 17998912  16320 5893708    0    0     0     0  708  962  0  0 100  0  0
 1  0   4884 17998456  16320 5893700    0    0     0    16 1877 2111  2  0 98  0  0
 1  0   4884 17998208  16320 5893700    0    0     0     0 1106 1237  8  0 91  0  0
 1  0   4884 17998844  16320 5893692    0    0     0     6 1096 1271  9  0 91  0  0
 1  0   4884 17998356  16328 5893688    0    0     0   148 1080 1232  8  0 91  0  0
 0  0   4884 17998988  16328 5893676    0    0     0     0 1073 1207  7  0 93  0  0
 0  0   4884 17998624  16328 5893692    0    0     0     2  723  993  0  0 100  0  0
 0  0   4884 17998912  16328 5893688    0    0     0     0  704  960  0  0 100  0  0
10  0   4884 17990908  16328 5894588    0    0     0    80 6822 7039 65  3 32  0  0
12  0   4884 17992008  16328 5894596    0    0     0     0 10835 7788 89  5  6  0  0
13  0   4884 17996448  16328 5894600    0    0     0     0 3820 3365 95  4  1  0  0
10  0   4884 17997232  16328 5894600    0    0     0     6 3441 3386 95  3  1  0  0
13  0   4884 17997648  16340 5894608    0    0     2    92 3762 3375 95  4  1  0  0
13  0   4884 17996136  16340 5895324    0    0     0   104 7452 5309 81  3 16  0  0
12  0   4884 17994044  16340 5895336    0    0     0     0 6122 4560 93  4  2  0  0
11  0   4884 17994036  16340 5895576    0    0     0     0 3849 3432 93  3  4  0  0
10  0   4884 17996684  16340 5895584    0    0     0     6 3884 3357 89  3  8  0  0
10  0   4884 17996052  16340 5895572    0    0     0     0 5560 4302 93  4  3  0  0
10  0   4884 17995564  16340 5895844    0    0     0    18 6704 5777 74  3 24  0  0
 4  0   4884 17995924  16340 5895888    0    0     0     0 3108 2684 56  1 43  0  0
procs -----------memory---------- ---swap-- -----io---- -system-- -----cpu------
 r  b   swpd   free   buff  cache   si   so    bi    bo   in   cs us sy id wa st
 4  0   4884 17995180  16348 5895900    0    0     0   384 2130 2018 34  1 65  0  0
 3  0   4884 17995228  16348 5895908    0    0     0     8 1845 1991 31  1 68  0  0
 0  0   4884 17995508  16348 5895928    0    0     0     0 1414 1467 17  0 83  0  0
 0  0   4884 17995996  16348 5895948    0    0     0     2  783  999  0  0 100  0  0
 0  0   4884 17995896  16348 5895948    0    0     0     0  689  977  0  0 99  0  0
 0  0   4884 17995908  16348 5895944    0    0     0     0  726  940  0  0 100  0  0
 0  0   4884 17995908  16348 5895944    0    0     0     4  739  998  0  0 100  0  0
 0  0   4884 17996092  16348 5895936    0    0     0     0  700  962  0  0 100  0  0
 0  0   4884 17996588  16356 5895936    0    0     0   136  726 1000  0  0 99  0  0
 0  0   4884 17996720  16356 5895936    0    0     0     0  692  962  0  0 100  0  0
 0  0   4884 17996416  16356 5895944    0    0     0     0  674  984  0  0 100  0  0
13  0   4884 17996480  16356 5896176    0    0    28     0 2539 3312 40  2 58  0  0
12  0   4884 17996592  16356 5896192    0    0     0     0 3683 3567 95  4  1  0  0
12  0   4884 17996536  16356 5896184    0    0     0     6 3506 3413 95  5  0  0  0
14  0   4884 17996784  16356 5896188    0    0     0     0 3606 3536 94  4  1  0  0
12  0   4884 17997304  16356 5896184    0    0     0     0 3707 3432 95  4  1  0  0
12  0   4884 17997224  16364 5896232    0    0     0   330 4342 4014 89  3  7  0  0
12  0   4884 17997720  16364 5896264    0    0     0     0 3604 3517 95  4  1  0  0
13  0   4884 17998164  16364 5896272    0    0     0     8 3610 3544 94  4  1  0  0
12  0   4884 17997916  16364 5896284    0    0     0     0 3493 3407 95  4  0  0  0
13  0   4884 17998160  16364 5896288    0    0     0     0 3470 3518 95  4  1  0  0
procs -----------memory---------- ---swap-- -----io---- -system-- -----cpu------
 r  b   swpd   free   buff  cache   si   so    bi    bo   in   cs us sy id wa st
 4  0   4884 17998176  16364 5896308    0    0     0     4 3267 3267 71  3 27  0  0
 4  0   4884 17997540  16364 5896308    0    0     0     0 1897 2226 34  1 65  0  0
 4  0   4884 17996968  16364 5896308    0    0     0     0 1820 2198 33  1 67  0  0
 0  0   4884 17996736  16372 5896308    0    0     0    96 1851 2153 31  0 68  0  0
 0  0   4884 17997020  16372 5896312    0    0     0     0  692  958  0  0 100  0  0
 0  0   4884 17997032  16372 5896308    0    0     0    10  755 1019  0  0 100  0  0
 0  0   4884 17996948  16372 5896308    0    0     0     0  729  970  0  0 100  0  0
 0  0   4884 17996904  16372 5896320    0    0     0     4  712 1012  0  0 100  0  0
 0  0   4884 17997356  16372 5896312    0    0     0     0  683  967  0  0 100  0  0
 0  0   4884 17997108  16372 5896320    0    0     0     0  698  963  0  0 100  0  0
 0  0   4884 17997620  16380 5896320    0    0     0    30  682 1003  0  0 100  0  0
 0  0   4884 17997756  16380 5896324    0    0     0     0  703  935  0  0 100  0  0
 0  0   4884 17998268  16380 5896320    0    0     0    76  710  988  0  0 100  0  0
 1  0   4884 30840496  16380 5896288    0    0    10     0  949  995  0  3 96  0  0
