procs -----------memory---------- ---swap-- -----io---- -system-- -----cpu------
 r  b   swpd   free   buff  cache   si   so    bi    bo   in   cs us sy id wa st
 2  3 150200 31337832   1852 110840    0    0    31    24    0    0  1  0 99  0  0
 2  1 150200 31272604   2072 131140    0    0 10072     6 1193 1742  4  0 86 10  0
 3  0 150200 31203272   2152 149592    0    0  9334     0 1278 1825  7  0 88  4  0
 1  0 150200 31059712   2184 166180    0    0  8092     0 2358 4713  9  1 88  3  0
 0  4 150200 30816600   2356 195176    0    0 14750     0 3346 6296  8  1 78 13  0
 4 11 150200 27689600   2504 290584    0    0 47394   404 4148 4623 55  6 28 11  0
 3 12 150200 25332608   2616 413148    0    0 61752    98 2055 3045 26  4 55 15  0
 4 11 150200 24780436   2752 555596    0    0 70754     0 1918 2705 30  1 49 19  0
19 11 150200 24553392   2900 703764    0    0 74460     0 1889 2619 28  1 52 19  0
10 12 150200 24304192   3056 853716    0    0 74782     0 1914 2712 33  1 51 15  0
 4 12 150200 24023100   3176 979768    0    0 62524     0 1968 2618 32  1 56 12  0
 3 11 150200 23521048   3308 1113924    0    0 67186     0 1957 2737 32  1 54 13  0
 3 13 150200 23383524   3452 1247164    0    0 66560     8 1877 2745 25  1 50 25  0
 3 12 150200 22276676   3612 1419516    0    0 85870    22 2690 3586 31  2 46 21  0
 4 10 150200 21916240   3760 1560324    0    0 70240     2 2232 2931 37  1 40 21  0
10  7 150200 21683120   3896 1693708    0    0 66756     0 2924 3843 57  1 27 15  0
10  0 150200 21401864   3980 1788636    0    0 47226    38 3671 4571 75  3 18  5  0
10  0 150200 21265076   3980 1794236    0    0  2688     0 5713 5644 81  2 17  0  0
11  0 150200 21191872   3984 1796276    0    0  1026    12 3608 5115 87  2 11  0  0
12  0 150200 21166716   4036 1809768    0    0  7016    42 4118 5549 89  2  9  0  0
13  0 150200 21069856   4120 1887252    0    0 38678     0 3907 5252 94  2  4  0  0
procs -----------memory---------- ---swap-- -----io---- -system-- -----cpu------
 r  b   swpd   free   buff  cache   si   so    bi    bo   in   cs us sy id wa st
 9  7 150200 20947924   4276 1989088    0    0 50740     0 4520 5564 89  2  7  2  0
12  9 150200 20777268   4440 2145692    0    0 78322     0 3809 5002 60  2 27 11  0
 5  9 150200 20589616   4592 2294324    0    0 74008     6 2586 3592 44  1 44 11  0
 4 11 150200 20400904   4768 2444424    0    0 74844     0 2563 3016 36  1 53 10  0
 5 11 150200 20197792   4912 2592344    0    0 73932     0 2861 2912 35  1 51 14  0
 9 12 150200 19983272   5068 2732336    0    0 70250     0 3092 3842 56  1 33 10  0
 8 10 150200 19765544   5216 2869728    0    0 68272   116 3211 4026 62  2 26 10  0
 9  7 150200 19574948   5360 3016836    0    0 73648     0 3159 4105 65  1 23 11  0
10  2 150200 19353996   5484 3155720    0    0 69030     0 3924 4211 74  2 18  5  0
 9  0 150200 19071756   5620 3291228    0    0 67628     0 3631 4420 73  2 22  4  0
 8  0 150200 18907884   5708 3381244    0    0 45100    26 3480 4661 73  2 24  1  0
 9  0 150200 18840196   5720 3398072    0    0  8198     0 3097 4617 72  2 26  0  0
 7  0 150200 18812692   5720 3398064    0    0     0    40 3244 4629 72  2 27  0  0
 6  0 150200 18804168   5720 3398064    0    0     0     0 2324 3942 47  1 52  0  0
 3  0 150200 18803812   5728 3398064    0    0     0    54 1618 2819 27  0 72  0  0
 0  0 150200 18804084   5728 3398056    0    0     0     0  896 1517  5  0 95  0  0
 0  0 150200 18802984   5740 3399068    0    0   518     0  726 1244  0  0 100  0  0
 0  0 150200 18803396   5740 3399076    0    0     0     0  685 1207  0  0 100  0  0
 1  0 150200 18802660   5748 3400380    0    0   772     0  680 1194  0  0 99  0  0
 0  0 150200 18802676   5748 3400616    0    0     0     0  653 1184  0  0 100  0  0
12  0 150200 18684056   5760 3403148    0    0  1218     6 3639 5018 53  1 46  0  0
procs -----------memory---------- ---swap-- -----io---- -system-- -----cpu------
 r  b   swpd   free   buff  cache   si   so    bi    bo   in   cs us sy id wa st
12  0 150200 18481448   5768 3403148    0    0     0   106 8970 5490 88  4  8  0  0
10  0 150200 18293712   5784 3414372    0    0  5640     0 7749 7243 77  2 21  0  0
11  0 150200 18202572   5836 3464336    0    0 25114     0 5847 6472 85  3 13  0  0
17  0 150200 17973280   5904 3529668    0    0 32680     0 4480 5130 93  2  5  0  0
15  0 150200 17859084   5956 3583480    0    0 26906     0 7479 4790 92  3  5  0  0
11  0 150200 17680268   6020 3650356    0    0 33186     0 8245 4961 90  3  6  0  0
12  0 150200 17503816   6104 3737564    0    0 43562    32 6684 6475 90  2  7  0  0
12  0 150200 17378080   6208 3843424    0    0 52788     0 3798 5086 98  2  0  0  0
11  0 150200 17276400   6308 3944048    0    0 50224    36 3610 5085 95  2  3  0  0
 7  0 150200 17223948   6356 3995648    0    0 26008    82 3416 4730 75  1 24  0  0
 2  0 150200 17187012   6392 4032516    0    0 18194     0 2065 2991 27  1 72  0  0
 0  0 150200 17161360   6416 4058084    0    0 12684     0 1033 1622  6  0 93  0  0
 0  0 150200 17161672   6416 4058084    0    0     0     0  704 1247  0  0 100  0  0
 0  0 150200 17161720   6416 4058088    0    0     0     0  689 1240  0  0 100  0  0
 0  0 150200 17161712   6416 4058088    0    0     0     2  724 1324  0  0 100  0  0
 1  0 150200 17162092   6416 4058076    0    0     0     0  662 1238  0  0 100  0  0
 0  0 150200 17162232   6424 4058076    0    0     0    54  674 1254  0  0 100  0  0
 0  0 150200 17162232   6424 4058072    0    0     0     0  677 1227  0  0 100  0  0
 0  0 150200 17159008   6424 4058072    0    0     0     0  663 1202  0  0 99  0  0
 0  1 150200 17158900   7176 4058280    0    0   376     0  905 1501  1  0 96  3  0
 1  1 150200 17154420   8936 4061384    0    0   880     0 1246 1895  1  0 91  8  0
procs -----------memory---------- ---swap-- -----io---- -system-- -----cpu------
 r  b   swpd   free   buff  cache   si   so    bi    bo   in   cs us sy id wa st
 0  0 150200 17156668   9192 4061644    0    0   128     0  767 1360  0  0 98  1  0
 0  0 150200 17156684   9192 4062148    0    0   256     0  663 1225  0  0 100  0  0
 0  0 150200 17156784   9192 4062148    0    0     0     0  663 1209  0  0 100  0  0
 1  0 150200 17156644   9200 4062132    0    0     0    34  679 1234  0  0 100  0  0
 2  0 150200 17155984   9208 4062564    0    0   394     0 1811 3054  4  0 96  0  0
 0  0 150200 17118336   9208 4063132    0    0     0    36 8037 5431 11  1 88  0  0
10  0 150200 17091916   9212 4064004    0    0   500     0 8029 5927 17  0 82  0  0
11  0 150200 16935312   9224 4074372    0    0  5126     0 7681 8536 83  2 14  0  0
12  0 150200 16876784   9236 4084712    0    0  5126     0 4795 5514 93  2  5  0  0
13  0 150200 16795292   9244 4094384    0    0  5124     0 4803 5473 96  2  2  0  0
12  0 150200 16739376   9256 4106020    0    0  5768    12 4468 4985 95  2  3  0  0
10  0 150200 16670952   9272 4115712    0    0  4612   120 4214 4834 95  2  3  0  0
12  0 150200 16560352   9284 4124588    0    0  4614     0 4014 4796 92  2  6  0  0
15  0 150200 16519052   9292 4134772    0    0  4868     6 3822 4842 95  2  4  0  0
13  0 150200 16479248   9300 4144092    0    0  4612     0 4108 4761 95  1  3  0  0
18  0 150200 16442784   9308 4152756    0    0  4356     0 7011 4511 95  2  3  0  0
16  0 150200 16397044   9316 4159068    0    0  3332     0 7772 4520 95  2  2  0  0
15  0 150200 16304028   9324 4167636    0    0  4100     0 5744 4481 95  3  2  0  0
17  0 150200 16189576   9336 4176352    0    0  4356     0 6172 4566 95  2  3  0  0
18  0 150200 16172952   9356 4182116    0    0  2818    70 9584 4257 93  3  3  0  0
10  0 150200 16091740   9388 4192384    0    0  5126    34 12551 5562 79  3 18  0  0
procs -----------memory---------- ---swap-- -----io---- -system-- -----cpu------
 r  b   swpd   free   buff  cache   si   so    bi    bo   in   cs us sy id wa st
 3  0 150200 16033336   9392 4194620    0    0  1152     0 7402 4806 49  1 50  0  0
 4  0 150200 15957148   9396 4195500    0    0   512     0 2742 3839 34  1 65  0  0
 4  0 150200 15952848   9404 4197548    0    0  1028    24 1756 3084 32  1 67  0  0
 4  0 150200 15889896   9404 4199168    0    0   768     0 1903 3152 35  1 64  0  0
 4  0 150200 15858516   9404 4201140    0    0  1024     0 2071 3076 37  1 62  0  0
 3  0 150200 15809188   9416 4203176    0    0  1026    78 2758 3082 33  1 66  0  0
 1  0 150200 15806468   9428 4205844    0    0  1280     0 1409 2045 14  0 86  0  0
 2  0 150200 15804104   9432 4207904    0    0  1026    44 1225 1824  8  0 91  0  0
 0  0 150200 15801888   9436 4209944    0    0  1024     0 1096 1664  7  0 93  0  0
 0  0 150200 15799648   9440 4212516    0    0  1282     0  649 1160  0  0 100  0  0
 1  0 150200 15798424   9440 4214568    0    0  1024     0  801 1218  0  0 100  0  0
 0  0 150200 15796308   9444 4216620    0    0  1026     0  641 1142  0  0 100  0  0
 0  0 150200 15794076   9444 4218672    0    0  1024     0  581 1102  0  0 100  0  0
 0  0 150200 15792496   9456 4220644    0    0  1026    68  634 1172  0  0 99  0  0
 8  0 150200 15751796   9460 4222816    0    0  1036     0 6374 4774 42  2 57  0  0
10  0 150200 15646768   9464 4224872    0    0  1026     0 13535 10430 65  4 31  0  0
13  0 150200 15518552   9464 4226924    0    0  1024     0 12647 8220 82  4 14  0  0
11  0 150200 15380276   9468 4229244    0    0  1156    54 8274 5718 88  2  9  0  0
10  0 150200 15352268   9468 4231292    0    0  1024     0 6044 6085 83  2 15  0  0
11  0 150200 15347804   9472 4234392    0    0  1538    20 6992 6145 86  2 12  0  0
 8  0 150200 15301180   9472 4236480    0    0  1024     0 6616 5785 69  2 29  0  0
procs -----------memory---------- ---swap-- -----io---- -system-- -----cpu------
 r  b   swpd   free   buff  cache   si   so    bi    bo   in   cs us sy id wa st
11  0 150200 15268808   9484 4238536    0    0  1026    68 7366 8098 68  2 30  0  0
 9  0 150200 15135880   9484 4240604    0    0  1024     0 6710 5547 82  2 16  0  0
10  0 150200 15132284   9488 4242736    0    0  1026     0 6695 7425 75  2 23  0  0
 9  0 150200 15055016   9488 4244712    0    0  1024    10 4801 6129 77  2 21  0  0
 7  0 150200 15003068   9492 4246760    0    0  1026     0 4227 5472 66  1 33  0  0
 4  0 150200 14933536   9520 4275496    0    0 14350     0 3183 4306 48  1 51  0  0
 3  0 150200 14875652   9556 4308684    0    0 16532     0 1733 2654 27  1 72  0  0
 1  0 150200 14841560   9584 4341968    0    0 16654     0 1401 2169 17  0 82  0  0
 1  0 150200 14807972   9628 4375404    0    0 16658   110 1107 1689  8  0 91  0  0
 0  0 150200 14795828   9636 4387476    0    0  6020     0  887 1405  3  0 97  0  0
 0  0 150200 14793868   9640 4389536    0    0  1026     0  665 1193  0  0 100  0  0
 2  0 150200 14792860   9648 4391576    0    0  1024     0 1164 2040  3  0 97  0  0
 1  0 150200 14787192   9652 4393652    0    0  1026     0 8711 6186  7  1 92  0  0
 1  0 150200 14785580   9652 4395784    0    0  1024    44 7060 4488  5  0 95  0  0
 9  0 150200 14784464   9660 4397340    0    0   770     0 6776 4799 42  1 57  0  0
18  0 150200 14595604   9660 4401492    0    0  2610     0 8437 8981 89  2  9  0  0
14  0 150200 14578592   9676 4404568    0    0  1028   106 3954 4591 96  2  2  0  0
13  0 150200 14498240   9676 4406624    0    0  1024     0 6564 4530 95  2  3  0  0
14  0 150200 14406380   9680 4408676    0    0  1026     0 5639 4437 97  2  1  0  0
12  0 150200 14340172   9696 4418560    0    0  1024     0 9335 4413 94  3  4  0  0
13  0 150200 14248536   9748 4444028    0    0  1026     0 7394 4265 94  2  3  0  0
procs -----------memory---------- ---swap-- -----io---- -system-- -----cpu------
 r  b   swpd   free   buff  cache   si   so    bi    bo   in   cs us sy id wa st
14  0 150200 13949208  10016 4646316    0    0  1032     8 4972 3745 93  3  4  0  0
12  0 150200 13878900  10104 4716180    0    0  1026     0 8893 3969 94  2  4  0  0
 6  0 150200 13825480  10116 4732280    0    0  1024     0 5289 4787 66  1 32  0  0
 5  2 150200 13780824  10180 4740472    0    0  1116 76400 2425 3163 44  1 48  8  0
 3  2 150200 13774508  10260 4744724    0    0  2070 46168 1974 2887 30  1 57 12  0
 2  0 150200 13635568  10280 4738868    0    0  1108 27360 2027 2673 28  1 64  7  0
 0  0 150200 13632468  10284 4740824    0    0  1024     0 1130 1758 10  0 90  0  0
 0  0 150200 13632028  10288 4742928    0    0  1026     0  683 1245  0  0 100  0  0
 2  0 150200 13630052  10288 4745140    0    0  1024     0  722 1242  0  0 100  0  0
 0  0 150200 13628184  10292 4747192    0    0  1026     0  767 1257  0  0 100  0  0
 0  0 150200 13626340  10292 4749208    0    0  1024    26  674 1219  0  0 100  0  0
 0  0 150200 13624720  10308 4751224    0    0  1026  1428  711 1255  0  0 99  0  0
 0  0 150200 13622364  10308 4753244    0    0  1024   294  722 1241  0  0 100  0  0
 1  0 150200 13620528  10312 4755076    0    0  1026     0  663 1202  0  0 100  0  0
 0  0 150200 13618784  10312 4757096    0    0  1024     0  683 1227  0  0 100  0  0
 0  0 150200 13616800  10316 4759140    0    0  1026     0  688 1244  0  0 100  0  0
 0  0 150200 13615080  10316 4761160    0    0  1024     0  657 1224  0  0 99  0  0
 0  0 150200 13612972  10320 4763192    0    0  1026     8  638 1197  0  0 100  0  0
 1  0 150200 13611072  10328 4765144    0    0  1024    24  646 1205  0  0 99  0  0
20  0 150200 13609344  10336 4767308    0    0  1026     0 1376 2283  3  0 97  0  0
14  0 150200 13600108  10336 4769428    0    0  1024     0 9926 6098 95  2  3  0  0
procs -----------memory---------- ---swap-- -----io---- -system-- -----cpu------
 r  b   swpd   free   buff  cache   si   so    bi    bo   in   cs us sy id wa st
13  0 150200 13217684  10340 4771368    0    0  1026     0 7532 4895 93  3  4  0  0
12  0 150200 13024864  10340 4773404    0    0  1024     0 6736 4731 92  3  5  0  0
12  0 150200 12998328  10340 4774232    0    0   384     0 3414 4939 97  2  1  0  0
10  0 150200 12982580  10340 4776076    0    0  1024     0 3497 4836 95  2  3  0  0
12  0 150200 12932360  10352 4778116    0    0  1030    18 3632 4932 95  2  3  0  0
 6  0 150200 12916844  10360 4779680    0    0   768   122 5756 6454 85  2 13  0  0
 7  0 150200 12872296  10364 4781784    0    0  1026     8 5830 6977 51  2 48  0  0
10  0 150200 12807120  10364 4783860    0    0  1024     0 8264 9423 54  2 44  0  0
12  0 150200 12740640  10368 4785912    0    0  1026     0 6605 7468 72  2 26  0  0
 9  0 150200 12567304  10368 4788024    0    0  1024    44 4177 5110 78  2 21  0  0
 9  0 150200 12530724  10372 4790448    0    0  1282     0 6156 7072 66  2 33  0  0
10  0 150200 12606504  10372 4792568    0    0  1024     6 5289 6015 76  2 23  0  0
 9  0 150200 12457340  10376 4794620    0    0  1026     0 5988 5921 82  2 16  0  0
 9  0 150200 12351924  10384 4796668    0    0  1024    60 4251 4866 72  2 26  0  0
 5  0 150200 12299016  10392 4798880    0    0  1068    50 2663 4000 57  1 42  0  0
 5  0 150200 12296560  10392 4800940    0    0  1024     0 1980 3152 37  1 63  0  0
 1  0 150200 12294748  10396 4802996    0    0  1026     0 1657 2511 21  1 79  0  0
 2  0 150200 12292640  10396 4805056    0    0  1024     0  901 1502  5  0 95  0  0
 0  0 150200 12289788  10400 4807548    0    0  1156     0  687 1233  0  0 100  0  0
 1  0 150200 12287596  10400 4809424    0    0  1024     4  624 1237  0  0 100  0  0
 0  0 150200 12285736  10412 4811464    0    0  1026    44  614 1191  0  0 99  0  0
procs -----------memory---------- ---swap-- -----io---- -system-- -----cpu------
 r  b   swpd   free   buff  cache   si   so    bi    bo   in   cs us sy id wa st
 0  0 150200 12284132  10412 4813524    0    0  1024    22  607 1177  0  0 100  0  0
 0  0 150200 12282180  10416 4815576    0    0  1026     0  597 1160  0  0 100  0  0
 0  0 150200 12280940  10416 4817628    0    0  1024     0  624 1169  0  0 100  0  0
 1  0 150200 12278428  10420 4819672    0    0  1026     8  601 1166  0  0 100  0  0
 0  0 150200 12276576  10420 4821712    0    0  1024     0  655 1219  0  0 100  0  0
 0  0 150200 12275112  10424 4823764    0    0  1026     8  657 1196  0  0 100  0  0
 0  0 150200 12272468  10424 4825820    0    0  1024     0  667 1210  0  0 100  0  0
 1  0 150200 12270772  10436 4827780    0    0  1026    24  681 1227  0  0 100  0  0
 1  0 150200 12269192  10436 4829924    0    0  1024     8  660 1193  0  0 100  0  0
10  0 150200 12267052  10448 4831972    0    0  1026     0 1583 2702 15  0 85  0  0
10  0 150200 12254872  10452 4834080    0    0  1026     0 7004 5774 81  2 17  0  0
15  0 150200 12208504  10456 4836136    0    0  1026     0 6974 5890 88  2 10  0  0
12  0 150200 12057852  10456 4838196    0    0  1024     0 5773 4688 95  2  3  0  0
12  0 150200 11940052  10460 4840244    0    0  1026     0 5336 4803 96  2  2  0  0
12  0 150200 11866156  10492 4857068    0    0  1024     0 4964 5022 94  2  5  0  0
15  0 150200 11724672  10624 4925844    0    0  1040 15742 4697 4446 95  2  3  0  0
13  0 150200 11415160  10920 5122532    0    0   792     0 4475 3593 93  3  3  0  0
12  0 150200 11390732  10956 5147088    0    0  1030     0 7525 6837 88  2 10  0  0
12  0 150200 11337776  10968 5157736    0    0  1026    18 8504 6857 86  3 12  0  0
12  0 150200 11262384  10984 5168688    0    0  1026     0 4109 4751 89  1  9  0  0
10  0 150200 11135532  10988 5173848    0    0  1024    14 5759 5414 88  2 10  0  0
procs -----------memory---------- ---swap-- -----io---- -system-- -----cpu------
 r  b   swpd   free   buff  cache   si   so    bi    bo   in   cs us sy id wa st
 9  0 150200 11051584  10992 5175812    0    0  1026     0 5026 5935 71  1 27  0  0
 9  1 150200 10902188  11004 5177776    0    0  1028 42860 3195 4176 74  1 24  0  0
 8  1 150200 10767680  11008 5179848    0    0  1026 75096 3475 4149 70  2 22  6  0
 3  1 150200 10686584  11020 5174592    0    0  1026 18182 2713 3318 46  1 47  6  0
 2  0 150200 10684004  11024 5176600    0    0  1026     0 1406 2248 19  1 81  0  0
 1  0 150200 10681788  11024 5178616    0    0  1024    14 1332 2102 16  0 84  0  0
 0  0 150200 10679720  11032 5180664    0    0  1026     0  764 1283  1  0 99  0  0
 0  0 150200 10678116  11032 5182688    0    0  1024     0  630 1205  0  0 100  0  0
 0  0 150200 10676380  11036 5184648    0    0  1026     0  627 1208  0  0 100  0  0
 0  0 150200 10674660  11044 5186672    0    0  1024    78  606 1184  0  0 99  0  0
 0  0 150200 10672932  11048 5188796    0    0  1026     0  662 1213  0  0 99  0  0
 2  0 150200 10671096  11048 5190752    0    0  1024     0  661 1205  0  0 100  0  0
 0  0 150200 10669444  11052 5192872    0    0  1026    22  632 1201  0  0 100  0  0
 0  0 150200 10667088  11052 5194920    0    0  1024     0  599 1172  0  0 100  0  0
 0  0 150200 10665764  11056 5196888    0    0  1026     0  647 1190  0  0 100  0  0
 0  0 150200 10664028  11056 5199016    0    0  1024     6  627 1180  0  0 100  0  0
 1  0 150200 10662144  11060 5200984    0    0  1026     0  643 1188  0  0 100  0  0
 0  0 150200 10659168  11068 5203036    0    0  1024    28  696 1212  0  0 99  0  0
 0  0 150200 10657424  11072 5205168    0    0  1026     0  628 1185  0  0 100  0  0
 0  0 150200 10655688  11072 5207140    0    0  1024     0  631 1207  0  0 100  0  0
 0  0 150200 10653200  11076 5209264    0    0  1026   332  721 1190  0  0 100  0  0
procs -----------memory---------- ---swap-- -----io---- -system-- -----cpu------
 r  b   swpd   free   buff  cache   si   so    bi    bo   in   cs us sy id wa st
 0  0 150200 10652192  11076 5211244    0    0  1024     0  657 1193  0  0 100  0  0
 0  0 150200 10650464  11080 5213292    0    0  1026     2  664 1226  0  0 100  0  0
 0  0 150200 10648240  11084 5215356    0    0  1026     0  673 1220  0  0 100  0  0
 0  0 150200 10646256  11084 5217400    0    0   896     0  672 1224  0  0 100  0  0
 1  0 150200 10646248  11092 5217296    0    0     0    28  670 1210  0  0 99  0  0
 0  0 150200 10646000  11092 5217296    0    0     0     0  688 1221  0  0 100  0  0
11  0 150200 10853144  11096 4907880    0    0     0     0 5116 4040 74  1 25  0  0
12  0 150200 10629556  11096 4907864    0    0     0     0 6297 5874 90  2  8  0  0
12  0 150200 10418896  11096 4907740    0    0     0     0 4652 4823 95  2  3  0  0
12  0 150200 10342140  11096 4907648    0    0     0    20 4664 4899 94  2  3  0  0
12  0 150200 10327360  11096 4907540    0    0     0     0 3689 4994 96  2  2  0  0
13  0 150200 10315116  11096 4907468    0    0     0     8 3463 4902 97  2  1  0  0
15  0 150200 10265260  11108 4907368    0    0     0   168 6588 4641 93  2  5  0  0
 8  0 150200 10227300  11112 4907432    0    0     2     0 10127 5952 75  2 23  0  0
 9  0 150200 10202384  11112 4907420    0    0     0     2 6843 7605 71  2 27  0  0
10  0 150200 10185164  11112 4907420    0    0     0     0 5544 6366 81  2 17  0  0
10  0 150200 10139796  11112 4907404    0    0     0    14 5148 6053 91  2  7  0  0
12  0 150200 10064288  11112 4907388    0    0     0     0 3842 5075 96  2  2  0  0
12  0 150200 10064164  11112 4907384    0    0     0     0 3668 4940 93  2  5  0  0
 7  0 150200 10064040  11120 4907388    0    0     0    96 5370 6715 63  1 35  0  0
 6  0 150200 10063676  11120 4907400    0    0     0     0 2496 3797 53  1 46  0  0
procs -----------memory---------- ---swap-- -----io---- -system-- -----cpu------
 r  b   swpd   free   buff  cache   si   so    bi    bo   in   cs us sy id wa st
 3  0 150200 10043364  11120 4907408    0    0     0    92 2094 3062 37  1 62  0  0
 2  0 150200 10043380  11120 4907412    0    0     0     0 1229 2013 14  0 86  0  0
 0  0 150200 10043520  11120 4907416    0    0     0     0 1035 1652  6  0 93  0  0
 0  0 150200 10043924  11120 4907416    0    0     0     0  753 1288  0  0 100  0  0
 0  0 150200 10043824  11120 4907416    0    0     0     0  686 1235  0  0 100  0  0
 1  0 150200 10044428  11120 4907416    0    0     0    18  684 1224  0  0 100  0  0
 0  0 150200 10044444  11128 4907412    0    0     0    38  704 1264  0  0 99  0  0
 0  0 150200 10044212  11128 4907412    0    0     0     0  658 1219  0  0 100  0  0
 0  0 150200 10044088  11128 4907408    0    0     0     6  673 1215  0  0 100  0  0
 0  0 150200 10044344  11128 4907408    0    0     0     0  693 1255  0  0 100  0  0
 1  0 150200 10044848  11128 4907396    0    0     0     4  660 1219  0  0 100  0  0
 0  0 150200 10044584  11128 4907384    0    0     0     0  682 1240  0  0 100  0  0
 0  0 150200 10044848  11128 4907360    0    0     0     0  710 1255  0  0 100  0  0
 0  0 150200 10045228  11136 4907328    0    0     0    52  672 1229  0  0 100  0  0
 0  0 150200 10045460  11136 4907336    0    0     0     0  672 1217  0  0 100  0  0
 1  0 150200 10045228  11136 4907336    0    0     0     0  705 1268  0  0 100  0  0
 0  0 150200 10045624  11136 4907316    0    0     0     0  677 1242  0  0 100  0  0
 0  0 150200 10045732  11136 4907312    0    0     0     0  711 1293  0  0 100  0  0
 0  0 150200 10045740  11136 4907312    0    0     0     0  690 1248  0  0 100  0  0
 0  0 150200 10046120  11136 4907316    0    0     0     0  671 1236  0  0 100  0  0
13  0 150200 10044100  11144 4907412    0    0     0     0 3519 4542 39  1 60  0  0
procs -----------memory---------- ---swap-- -----io---- -system-- -----cpu------
 r  b   swpd   free   buff  cache   si   so    bi    bo   in   cs us sy id wa st
13  0 150200 10038248  11152 4907432    0    0     0    98 9990 7080 93  3  4  0  0
10  0 150200 9913380  11156 4924288    0    0     0     0 5687 4720 96  2  2  0  0
12  0 150200 9804384  11196 4959388    0    0     0    46 3252 3528 61  1 38  0  0
13  0 150200 9712500  11196 4959388    0    0     0     0 4425 4734 95  2  3  0  0
12  0 150200 9629512  11236 4983240    0    0     0     8 5107 4641 95  2  3  0  0
12  0 150200 9564180  11252 5002564    0    0     0     0 4315 4593 96  2  2  0  0
12  0 150200 9194536  11468 5247600    0    0     0     0 3743 3636 94  3  3  0  0
11  1 150200 9172060  11516 5265692    0    0     0 65072 4213 4228 86  1 13  0  0
11  1 150200 9120980  11520 5272472    0    0     0 68592 5624 5665 85  2 10  2  0
11  1 150200 9115780  11532 5266576    0    0     0 35894 3868 4461 89  2  5  3  0
11  0 150200 9049936  11532 5269584    0    0     0     0 6020 6697 81  2 17  0  0
10  0 150200 8909676  11536 5269864    0    0     0     0 3827 4466 87  2 11  0  0
10  0 150200 8729760  11536 5269844    0    0     0     0 3473 4437 82  2 17  0  0
10  0 150200 8649060  11564 5295096    0    0     0     0 3246 4156 76  1 23  0  0
 3  0 150200 8608280  11584 5295972    0    0     2    50 2903 3860 55  1 44  0  0
 4  0 150200 8453520  11592 5295476    0    0     0 19504 1952 2619 32  1 66  2  0
 2  0 150200 8453716  11592 5295444    0    0     0     0 1595 2600 24  0 75  0  0
 0  0 150200 8321424  11592 5295452    0    0     0     4 1634 1961 17  1 82  0  0
 0  0 150200 8320812  11592 5295408    0    0     0     0  712 1250  0  0 100  0  0
 0  0 150200 8320356  11592 5295408    0    0     0    22  715 1256  0  0 100  0  0
 1  0 150200 8320472  11592 5295376    0    0     0     0  678 1239  0  0 100  0  0
procs -----------memory---------- ---swap-- -----io---- -system-- -----cpu------
 r  b   swpd   free   buff  cache   si   so    bi    bo   in   cs us sy id wa st
 0  0 150200 8320720  11592 5295372    0    0     0     0  678 1240  0  0 100  0  0
 0  0 150200 8320720  11592 5295328    0    0     0     0  693 1264  0  0 100  0  0
 0  0 150200 8321496  11600 5295320    0    0     0    50  660 1218  0  0 99  0  0
 2  0 150200 8321752  11600 5295312    0    0     0     6  704 1262  0  0 100  0  0
 1  0 150200 8322000  11600 5295304    0    0     0     0  648 1221  0  0 100  0  0
 0  0 150200 8321876  11600 5295296    0    0     0     0  657 1224  0  0 100  0  0
 0  1 150200 8321000  11640 5295256    0    0    64   376  803 1278  0  0 99  0  0
 0  0 150200 8321124  11640 5295652    0    0     0     0  717 1282  0  0 100  0  0
 0  0 150200 8321620  11640 5295652    0    0     0     0  683 1234  0  0 100  0  0
 1  0 150200 8321728  11640 5295596    0    0     0     0  658 1222  0  0 100  0  0
12  0 150200 8678152  11652 4935044    0    0     0   220 5677 4097 61  1 38  0  0
12  0 150200 8477892  11652 4934680    0    0     0    10 4993 4655 94  2  4  0  0
12  0 150200 8276020  11652 4934620    0    0     0     0 5205 4791 93  3  5  0  0
13  0 150200 8216376  11652 4934468    0    0     0    18 5331 4852 95  2  3  0  0
12  0 150200 8194676  11652 4934396    0    0     0     0 3984 5246 94  2  4  0  0
12  0 150200 8165916  11652 4934284    0    0     0     0 4962 4999 96  2  1  0  0
10  0 150200 8064104  11652 4934288    0    0     0     2 5566 6045 88  2 10  0  0
 9  0 150200 7909972  11652 4934304    0    0     0     0 5693 5041 77  2 21  0  0
 9  0 150200 7874872  11660 4934316    0    0     0    76 5701 5751 72  2 26  0  0
 9  0 150200 7854460  11660 4934280    0    0     0     0 3281 4590 74  1 24  0  0
10  0 150200 7826708  11660 4934284    0    0     0     0 5496 5474 78  2 20  0  0
procs -----------memory---------- ---swap-- -----io---- -system-- -----cpu------
 r  b   swpd   free   buff  cache   si   so    bi    bo   in   cs us sy id wa st
10  0 150200 7828420  11660 4934268    0    0     0     6 3713 4802 82  2 17  0  0
 8  0 150200 7778324  11660 4934284    0    0     0     0 5110 6333 75  2 23  0  0
 5  0 150200 7777704  11660 4934288    0    0     0     6 3640 5045 52  1 47  0  0
 4  0 150200 7757492  11660 4934288    0    0     0     0 3556 4698 42  1 56  0  0
 3  0 150200 7757516  11660 4934276    0    0     0     0 4767 6080 33  1 66  0  0
 1  0 150200 7757780  11668 4934280    0    0     0   186 2149 2841 17  0 83  0  0
 3  0 150200 7758160  11668 4934280    0    0     0     0 3028 3774 15  0 84  0  0
 3  0 150200 7678096  11668 4934280    0    0     0    14 1798 2565 28  0 72  0  0
 2  0 150200 7677748  11668 4934252    0    0     0     0 1438 2309 21  0 78  0  0
 2  0 150200 7677640  11668 4934252    0    0     0     0 1307 2118 17  0 83  0  0
 1  0 150200 7602256  11668 4934228    0    0     0     8 1314 1977 17  0 83  0  0
 1  0 150200 7602016  11668 4934228    0    0     0     0  751 1298  2  0 98  0  0
 0  0 150200 7602140  11676 4934208    0    0     0    50  726 1261  0  0 99  0  0
 0  0 150200 7602032  11676 4934212    0    0     0     0  762 1300  0  0 100  0  0
 0  0 150200 7602396  11676 4934208    0    0     0     0  680 1220  0  0 100  0  0
 0  0 150200 7602264  11676 4934212    0    0     0     0  696 1243  0  0 100  0  0
 1  0 150200 7602140  11676 4934212    0    0     0     0  643 1202  0  0 100  0  0
 0  0 150200 7602288  11676 4934216    0    0     0     6  673 1223  0  0 100  0  0
 0  0 150200 7602396  11676 4934216    0    0     0     0  675 1269  0  0 100  0  0
 0  0 150200 7602792  11676 4934220    0    0     0     0  675 1251  0  0 100  0  0
 0  0 150200 7602668  11684 4934212    0    0     0    42  657 1217  0  0 100  0  0
procs -----------memory---------- ---swap-- -----io---- -system-- -----cpu------
 r  b   swpd   free   buff  cache   si   so    bi    bo   in   cs us sy id wa st
 1  0 150200 7602792  11684 4934220    0    0     0     0  651 1224  0  0 100  0  0
14  0 150200 7602672  11684 4934296    0    0     0    54 2442 3622 44  1 56  0  0
14  0 150200 7598456  11684 4934328    0    0     0     0 13689 8573 88  4  8  0  0
12  0 150200 7537944  11684 4934320    0    0     0     0 7432 4606 96  2  2  0  0
12  0 150200 7413548  11716 4960600    0    0     0    18 3497 4256 79  2 19  0  0
14  0 150200 7326252  11716 4960840    0    0     0     0 4379 4666 96  2  3  0  0
12  0 150200 7206848  11800 5019476    0    0     0     8 4376 4435 94  2  4  0  0
13  1 150200 7059908  11916 5106824    0    0     0 50150 4238 4255 93  2  3  1  0
11  0 150200 6837476  12080 5230748    0    0     8     0 3902 4003 91  3  7  0  0
13  0 150200 6767904  12128 5263328    0    0     0     0 5798 4082 91  1  8  0  0
11  0 150200 6765052  12136 5269508    0    0     0     0 4616 4194 82  1 16  0  0
10  0 150200 6740376  12140 5274936    0    0     0     8 4577 5257 73  1 26  0  0
 8  0 150200 6639952  12144 5277332    0    0     0     0 3878 4394 70  1 28  0  0
 8  0 150200 6562320  12144 5277444    0    0     0     0 2866 3951 63  1 36  0  0
 5  2 150200 6444032  12148 5277452    0    0     2 39244 2947 3830 55  1 43  0  0
 3  1 150200 6331844  12164 5271324    0    0     0 75184 2693 3331 24  1 67  9  0
 0  0 150200 6331240  12168 5271332    0    0     0    10 1251 1935 11  0 88  1  0
 0  0 150200 6330892  12168 5271328    0    0     0     0  708 1231  0  0 100  0  0
 0  0 150200 6331280  12168 5271324    0    0     0     0  694 1239  0  0 100  0  0
 1  0 150200 6331784  12168 5271284    0    0     0     0  657 1224  0  0 100  0  0
 0  0 150200 6331908  12168 5271272    0    0     0     0  631 1204  0  0 100  0  0
procs -----------memory---------- ---swap-- -----io---- -system-- -----cpu------
 r  b   swpd   free   buff  cache   si   so    bi    bo   in   cs us sy id wa st
 1  0 150200 6332404  12168 5271228    0    0     0    28  640 1211  0  0 100  0  0
 1  0 150200 6332644  12176 5271228    0    0     0    60  642 1215  0  0 99  0  0
 1  0 150200 6333172  12176 5271204    0    0     0   318  719 1186  0  0 100  0  0
 1  0 150200 6333544  12176 5271204    0    0     0     0  629 1199  0  0 100  0  0
 1  0 150200 6333512  12176 5271176    0    0     0     0  634 1186  0  0 100  0  0
 1  0 150200 6333272  12176 5271176    0    0     0     2  612 1157  0  0 100  0  0
 1  0 150200 6333544  12176 5271172    0    0     0     0  624 1181  0  0 100  0  0
 2  0 150200 6332312  12176 5271172    0    0     0     6 1002 1221  0  0 99  0  0
 0  0 150200 6333436  12176 5271172    0    0     0     0 1147 1236  0  0 100  0  0
 1  0 150200 6333684  12184 5271168    0    0     0    48  671 1204  0  0 99  0  0
 1  0 150200 6333536  12184 5271124    0    0     0     0  586 1173  0  0 100  0  0
 1  0 150200 6333312  12184 5271132    0    0     0     0  582 1143  0  0 100  0  0
 2  0 150200 6333932  12184 5271036    0    0     0     6  637 1210  0  0 100  0  0
 1  0 150200 6334180  12184 5271008    0    0     0     0  649 1221  0  0 100  0  0
 2  0 150200 6334056  12184 5270964    0    0     0     0  624 1195  0  0 100  0  0
 0  0 150200 6334180  12184 5270880    0    0     0    14  653 1221  0  0 100  0  0
 0  0 150200 6334304  12184 5270848    0    0     0     0  603 1172  0  0 100  0  0
 0  0 150200 6334304  12192 5270824    0    0     0    34  633 1184  0  0 99  0  0
16  0 150200 6669972  12192 4935356    0    0     0     0 1356 2364  8  0 91  0  0
12  0 150200 6485460  12192 4909372    0    0     0     0 7777 3833 94  2  4  0  0
13  0 150200 6370636  12192 4909256    0    0     0     0 6442 5034 93  2  5  0  0
procs -----------memory---------- ---swap-- -----io---- -system-- -----cpu------
 r  b   swpd   free   buff  cache   si   so    bi    bo   in   cs us sy id wa st
12  0 150200 6242420  12192 4909248    0    0     0     0 4619 4918 95  2  2  0  0
12  0 150200 6192316  12192 4909164    0    0     0     0 4541 4857 92  2  7  0  0
12  0 150200 6149296  12192 4909156    0    0     0     0 3740 4901 96  2  2  0  0
13  0 150200 6114336  12192 4909116    0    0     0     0 3643 4959 96  2  2  0  0
13  0 150200 6078128  12204 4909140    0    0     0   172 5073 5849 80  2 18  0  0
 8  0 150200 5932304  12204 4909160    0    0     0     0 7414 7753 69  2 29  0  0
11  0 150200 5940488  12208 4909168    0    0     0     2 8064 8758 71  2 27  0  0
10  0 150200 5818728  12208 4909156    0    0     0     0 4371 5451 82  2 16  0  0
11  0 150200 5752264  12208 4909148    0    0     0     0 4074 5104 81  2 17  0  0
11  0 150200 5743088  12208 4909152    0    0     0    66 5468 6309 84  2 15  0  0
 8  0 150200 5682584  12208 4909164    0    0     0     0 5067 5092 74  2 24  0  0
18  0 150200 5669324  12208 4909168    0    0     0    10 5952 6146 66  2 33  0  0
 9  0 150200 5611176  12216 4909168    0    0     0    58 3705 4725 72  1 27  0  0
 8  0 150200 5561840  12216 4909160    0    0     0     0 2845 4043 61  1 37  0  0
 4  0 150200 5561600  12216 4909160    0    0     0     0 2012 3170 37  1 62  0  0
 2  0 150200 5561616  12216 4909152    0    0     0     0 1676 2546 26  1 73  0  0
 1  0 150200 5561656  12216 4909152    0    0     0     0 1168 1831  8  0 91  0  0
 3  0 150200 5561796  12216 4909156    0    0     0     0 2572 3203  7  0 93  0  0
 1  0 150200 5562308  12220 4909152    0    0     0     0 1032 1707  9  0 91  0  0
 1  1 150200 5562208  12220 4909152    0    0     0    20 1160 1791 12  0 88  0  0
 0  0 150200 5562332  12228 4909152    0    0     0    30 1052 1702  8  0 91  0  0
procs -----------memory---------- ---swap-- -----io---- -system-- -----cpu------
 r  b   swpd   free   buff  cache   si   so    bi    bo   in   cs us sy id wa st
 0  0 150200 5562612  12228 4909148    0    0     0    90  645 1199  0  0 100  0  0
 0  0 150200 5562356  12228 4909156    0    0     0     0  637 1204  0  0 100  0  0
 0  0 150200 5562868  12228 4909148    0    0     0     0  638 1207  0  0 100  0  0
 0  0 150200 5563628  12228 4909148    0    0     0     0  693 1228  0  0 100  0  0
 0  0 150200 5563472  12228 4909140    0    0     0     0  655 1211  0  0 100  0  0
 0  0 150200 5562968  12228 4909140    0    0     0    26  643 1213  0  0 100  0  0
 0  0 150200 5562960  12236 4909128    0    0     0    32  696 1251  0  0 99  0  0
 1  0 150200 5563256  12236 4909136    0    0     0     0  686 1285  0  0 100  0  0
 0  0 150200 5563628  12236 4909132    0    0     0    10  689 1258  0  0 100  0  0
 0  0 150200 5563908  12236 4909140    0    0     0     0  661 1232  0  0 100  0  0
 0  0 150200 5563900  12236 4909128    0    0     0     0  668 1231  0  0 100  0  0
14  0 150200 5859968  12280 4600128    0    0    20     0 4681 4470 55  1 44  0  0
12  0 150200 5842560  12280 4600032    0    0     0     0 8904 5167 94  2  3  0  0
12  0 150200 5779468  12280 4600032    0    0     0     8 3761 4657 97  1  1  0  0
12  0 150200 5779344  12296 4599964    0    0     2   182 4094 4494 95  2  3  0  0
13  0 150200 5779576  12296 4599980    0    0     0     0 5459 4631 96  1  3  0  0
13  0 150200 5782304  12296 4599976    0    0     0     0 4648 4617 97  2  1  0  0
16  0 150200 5777988  12296 4599976    0    0     0     0 4623 4417 97  1  2  0  0
 8  0 150200 5782328  12296 4599972    0    0     4     2 5752 5038 89  2  9  0  0
 6  0 150200 5780956  12296 4600444    0    0     0     0 5117 5161 54  1 45  0  0
 6  0 150200 5759000  12296 4600452    0    0     0     0 2571 3822 51  1 48  0  0
procs -----------memory---------- ---swap-- -----io---- -system-- -----cpu------
 r  b   swpd   free   buff  cache   si   so    bi    bo   in   cs us sy id wa st
 6  0 150200 5758800  12296 4600452    0    0     0     0 2390 3788 52  1 47  0  0
 3  0 150200 5759560  12304 4600440    0    0     0   138 2319 3629 47  1 51  1  0
 2  0 150200 5752748  12308 4600480    0    0     0   138 1307 1883 11  0 89  0  0
 0  0 150200 5759220  12308 4600500    0    0     0     0  844 1376  4  0 96  0  0
 0  0 150200 5759376  12308 4600508    0    0     0     8  793 1284  0  0 100  0  0
 1  0 150200 5759632  12308 4600512    0    0     0     0  661 1211  0  0 100  0  0
 0  0 150200 5759508  12308 4600512    0    0     0     0  687 1246  0  0 100  0  0
 0  0 150200 5759904  12308 4600504    0    0     0     0  691 1247  0  0 100  0  0
 0  0 150200 5760276  12308 4600508    0    0     0     0  668 1232  0  0 100  0  0
 0  0 150200 5760772  12316 4600488    0    0     0   132  696 1236  0  0 99  0  0
 0  0 150200 5760880  12316 4600496    0    0     0     0  675 1252  0  0 100  0  0
 0  0 150200 5760896  12316 4600488    0    0     0     0  709 1255  0  0 100  0  0
 0  0 150200 5761268  12316 4600488    0    0     0     0  625 1204  0  0 100  0  0
 0  0 150200 5761020  12316 4600484    0    0     0     0  657 1217  0  0 100  0  0
 0  0 150200 5761640  12316 4600484    0    0     0     2  650 1260  0  0 100  0  0
 0  0 150200 5761748  12316 4600476    0    0     0     0  655 1216  0  0 100  0  0
 0  0 150200 5761028  12316 4600484    0    0     0     0  646 1213  0  0 100  0  0
 0  0 150200 5761376  12324 4600476    0    0     0    22  644 1192  0  0 100  0  0
 0  0 150200 5761648  12324 4600484    0    0     0     0  622 1205  0  0 100  0  0
 0  0 150200 5761136  12324 4600480    0    0     0    22  629 1200  0  0 100  0  0
 1  0 150200 5761176  12324 4600916    0    0   206     0 1123 2122  2  0 98  0  0
procs -----------memory---------- ---swap-- -----io---- -system-- -----cpu------
 r  b   swpd   free   buff  cache   si   so    bi    bo   in   cs us sy id wa st
19  0 150200 5760184  12324 4600960    0    0    90     0 1233 2275  2  0 97  0  0
14  0 150200 5688048  12324 4601860    0    0     0    12 9626 5498 92  3  5  0  0
12  0 150200 5673540  12324 4601832    0    0     0     0 6544 4888 94  2  3  0  0
12  0 150200 5673416  12324 4601832    0    0     0     0 4402 4744 96  2  2  0  0
12  0 150200 5673780  12332 4601828    0    0     0   202 5202 4865 96  2  2  0  0
13  0 150200 5675152  12332 4601832    0    0     0     0 3895 4717 95  1  4  0  0
15  0 150200 5676392  12332 4601836    0    0     0   130 3757 4799 96  2  3  0  0
 5  0 150200 5675152  12332 4601836    0    0     0     0 8380 5036 89  2  9  0  0
 6  0 150200 5674036  12332 4602372    0    0     0     0 5058 5869 50  1 48  0  0
 6  0 150200 5631744  12332 4602388    0    0     0     0 2411 3790 52  1 48  0  0
 7  0 150200 5631016  12332 4602392    0    0     0     0 2440 3862 51  1 48  0  0
 2  0 150200 5630908  12340 4602384    0    0     0   236 2078 3245 37  1 62  1  0
 0  0 150200 5631188  12344 4602428    0    0     0     0 1406 1976 15  0 84  0  0
 0  0 150200 5630700  12344 4602464    0    0    34     0  723 1281  0  0 100  0  0
 2  0 150200 5631368  12344 4602536    0    0     0     0  689 1214  0  0 100  0  0
 0  0 150200 5631500  12344 4602544    0    0     0     0  768 1266  1  0 99  0  0
 0  0 150200 5631904  12344 4602540    0    0     0    24  677 1245  0  0 100  0  0
 0  0 150200 5631920  12344 4602528    0    0     0     0  665 1203  0  0 100  0  0
 0  0 150200 5632268  12344 4602536    0    0     0    10  632 1169  0  0 100  0  0
 1  0 150200 5632516  12352 4602528    0    0     0   152  687 1242  0  0 99  1  0
 0  0 150200 5632516  12352 4602532    0    0     0     0  661 1258  0  0 100  0  0
procs -----------memory---------- ---swap-- -----io---- -system-- -----cpu------
 r  b   swpd   free   buff  cache   si   so    bi    bo   in   cs us sy id wa st
 0  0 150200 5632540  12352 4602540    0    0     0     0  669 1225  0  0 100  0  0
 0  0 150200 5632540  12352 4602552    0    0     0     0  702 1254  0  0 100  0  0
 0  0 150200 5632416  12352 4602556    0    0     0     6  667 1221  0  0 100  0  0
 1  0 150200 5632440  12352 4602556    0    0     0     0  670 1220  0  0 100  0  0
 0  0 150200 5632672  12352 4602556    0    0     0     0  674 1237  0  0 100  0  0
 0  0 150200 5633152  12352 4602556    0    0     0     0  649 1215  0  0 100  0  0
 0  0 150200 5633300  12360 4602552    0    0     0    40  675 1252  0  0 99  0  0
 0  0 150200 5633168  12360 4602564    0    0     0   158  714 1229  0  0 100  0  0
18  0 150200 5632500  12360 4602672    0    0     0     0 1646 2802 11  0 89  0  0
12  0 150200 5624344  12360 4603428    0    0     0     0 9294 4593 92  2  6  0  0
11  0 150200 5562832  12360 4603424    0    0     0     0 6118 5297 89  2  9  0  0
11  0 150200 5562972  12360 4603424    0    0     0     0 5371 5827 90  2  9  0  0
11  0 150200 5562368  12360 4603424    0    0     0    24 6353 6594 89  2  9  0  0
11  0 150200 5565584  12360 4603436    0    0     0     0 5284 6486 89  2  9  0  0
13  0 150200 5564980  12368 4603592    0    0     0   170 6747 8450 91  2  8  0  0
12  0 150200 5543140  12372 4604172    0    0     0    10 6801 6768 82  2 16  0  0
11  0 150200 5520076  12372 4604184    0    0     0     0 3340 4510 82  1 17  0  0
10  0 150200 5499376  12372 4604184    0    0     0     2 3296 4499 82  1 17  0  0
10  0 150200 5499368  12372 4604184    0    0     0     0 3338 4506 81  1 18  0  0
 7  0 150200 5499492  12376 4604208    0    0     0     0 2880 4167 67  1 32  0  0
 2  0 150200 5499748  12376 4604232    0    0     0     6 2747 3781 53  1 47  0  0
procs -----------memory---------- ---swap-- -----io---- -system-- -----cpu------
 r  b   swpd   free   buff  cache   si   so    bi    bo   in   cs us sy id wa st
 1  0 150200 5500052  12376 4604300    0    0     0     0 1204 1934 13  0 87  0  0
 0  0 150200 5499944  12384 4604336    0    0     0   316  779 1322  0  0 99  1  0
 0  0 150200 5499968  12384 4604336    0    0     0     0  682 1238  0  0 100  0  0
 0  0 150200 5500240  12384 4604336    0    0     0     0  662 1239  0  0 100  0  0
 0  0 150200 5500496  12384 4604332    0    0     0     2  695 1267  0  0 100  0  0
 2  0 150200 5500496  12384 4604332    0    0     0     0  686 1235  0  0 100  0  0
 0  0 150200 5500264  12384 4604324    0    0     0    10  656 1261  0  0 100  0  0
 0  0 150200 5500520  12384 4604332    0    0     0     0  726 1267  0  0 100  0  0
 0  1 150200 5501016  12392 4604332    0    0     0    72  684 1244  0  0 100  0  0
 0  0 150200 5501388  12392 4604348    0    0     0   186  702 1247  0  0 99  0  0
16  0 150200 5496356  12392 4604596    0    0     0     0 1788 2878 16  0 83  0  0
13  0 150200 5479892  12392 4605192    0    0     0     8 5978 4583 96  2  2  0  0
12  0 150200 5397812  12392 4605204    0    0     0     0 6707 4647 94  2  4  0  0
13  0 150200 5398556  12392 4605196    0    0     0     0 3983 4807 97  2  1  0  0
13  0 150200 5397920  12392 4605196    0    0     0     0 4253 4807 96  2  2  0  0
12  0 150200 5396936  12392 4605196    0    0     0     0 3820 4784 95  1  4  0  0
13  0 150200 5400052  12400 4605196    0    0     0   126 5870 4708 97  2  1  0  0
 7  0 150200 5398672  12412 4605348    0    0     0     0 8878 6334 75  2 23  0  0
 8  0 150200 5397804  12412 4605852    0    0     0     0 3335 4426 58  1 41  0  0
 7  0 150200 5355040  12412 4605848    0    0     0     0 2664 3985 59  1 40  0  0
 7  0 150200 5355196  12412 4605848    0    0     0     0 2845 3957 59  1 40  0  0
procs -----------memory---------- ---swap-- -----io---- -system-- -----cpu------
 r  b   swpd   free   buff  cache   si   so    bi    bo   in   cs us sy id wa st
 3  0 150200 5355072  12420 4605852    0    0     0     0 2237 3325 42  1 57  0  0
 1  0 150200 5355088  12424 4605924    0    0     0     0 1225 1856 11  0 89  0  0
 1  0 150200 5355592  12424 4605924    0    0     0     0  922 1472  4  0 96  0  0
 0  0 150200 5355740  12432 4605936    0    0     0   310  802 1304  0  0 99  0  0
 0  0 150200 5355896  12432 4605936    0    0     0     0  758 1277  0  0 100  0  0
 0  0 150200 5356044  12432 4605928    0    0     0    16  650 1187  0  0 100  0  0
 0  0 150200 5356308  12432 4605928    0    0     0     0  680 1235  0  0 100  0  0
 0  0 150200 5357044  12432 4605936    0    0     0     0  652 1204  0  0 100  0  0
 0  0 150200 5357028  12432 4605936    0    0     0     8  639 1206  0  0 100  0  0
 0  0 150200 5357788  12432 4605940    0    0     0     0  659 1221  0  0 100  0  0
 0  0 150200 5357788  12440 4605940    0    0     0    64  650 1212  0  0 99  0  0
 0  0 150200 5357524  12440 4605916    0    0     0     0  652 1216  0  0 100  0  0
 1  0 150200 5357896  12440 4605924    0    0     0     0  647 1232  0  0 100  0  0
 0  0 150200 5357424  12440 4605940    0    0     0   172  718 1288  0  0 100  0  0
16  0 150200 5350864  12440 4606292    0    0     0     0 3452 3854 38  1 61  0  0
12  0 150200 5349924  12440 4606792    0    0     0     0 5799 4801 93  2  5  0  0
12  0 150200 5310352  12440 4606792    0    0     0     0 4044 4825 97  2  1  0  0
12  0 150200 5309856  12440 4606792    0    0     0     0 4219 4834 97  2  1  0  0
32  0 150200 5309732  12452 4606792    0    0     0   118 4326 4730 95  2  3  0  0
12  0 150200 5310936  12452 4606804    0    0     0     0 3997 4894 97  2  2  0  0
19  0 150200 5308464  12452 4606800    0    0     0    12 5007 4780 95  2  4  0  0
procs -----------memory---------- ---swap-- -----io---- -system-- -----cpu------
 r  b   swpd   free   buff  cache   si   so    bi    bo   in   cs us sy id wa st
 6  0 150200 5310464  12460 4607436    0    0     0     0 12890 5914 70  3 28  0  0
 7  0 150200 5308480  12460 4607456    0    0     0     0 3243 4508 56  1 43  0  0
 7  0 150200 5267600  12460 4607464    0    0     0    18 2732 3879 60  1 39  0  0
 7  0 150200 5267352  12460 4607464    0    0     0     0 2705 3931 58  1 41  0  0
 2  0 150200 5267236  12460 4607500    0    0     0    12 2024 3022 34  1 65  0  0
 1  0 150200 5267872  12468 4607548    0    0     0   296 1314 1853 13  0 86  1  0
 0  0 150200 5267640  12468 4607564    0    0     0     0  721 1267  0  0 100  0  0
 0  0 150200 5267664  12468 4607568    0    0     0     0  644 1190  0  0 100  0  0
 0  0 150200 5267780  12468 4607568    0    0     0     0  721 1221  0  0 100  0  0
 0  0 150200 5268216  12468 4607568    0    0     0     6  647 1181  0  0 100  0  0
 0  0 150200 5268356  12468 4607560    0    0     0     0  643 1176  0  0 100  0  0
 0  0 150200 5268936  12468 4607552    0    0     0     0  662 1219  0  0 100  0  0
 0  1 150200 5268448  12476 4607548    0    0     0   102  645 1223  0  0 100  0  0
 0  0 150200 5269208  12476 4607552    0    0     0     0  678 1244  0  0 99  0  0
 1  0 150200 5269208  12476 4607548    0    0     0   176  737 1249  0  0 100  0  0
 0  0 150200 5269424  12476 4607552    0    0     0     0  650 1213  0  0 100  0  0
 0  0 150200 5269464  12476 4607548    0    0     0     0  667 1221  0  0 100  0  0
 0  0 150200 5269424  12476 4607548    0    0     0     8  660 1233  0  0 100  0  0
 0  0 150200 5269300  12476 4607556    0    0     0     0  636 1213  0  0 100  0  0
 1  0 150200 5268976  12476 4607552    0    0     0    14  672 1258  0  0 100  0  0
 0  0 150200 5269208  12484 4607544    0    0     0    42  650 1204  0  0 99  0  0
procs -----------memory---------- ---swap-- -----io---- -system-- -----cpu------
 r  b   swpd   free   buff  cache   si   so    bi    bo   in   cs us sy id wa st
 0  0 150200 5269208  12484 4607552    0    0     0     0  663 1236  0  0 100  0  0
 0  0 150200 5269224  12484 4607548    0    0     0     8  662 1233  0  0 100  0  0
 0  0 150200 5269812  12484 4607552    0    0     0     0  703 1256  0  0 100  0  0
 1  0 150200 5269456  12484 4607552    0    0     0     6  660 1242  0  0 100  0  0
 2  0 150200 5269588  12484 4607548    0    0     0     0  800 1599  1  0 99  0  0
15  0 150200 5200840  12484 4608396    0    0     0     0 5813 4717 84  2 13  0  0
12  0 150200 5198980  12484 4608400    0    0     0     0 6981 4549 93  3  4  0  0
12  0 150200 5198732  12492 4608400    0    0     0   106 4392 4761 93  2  5  0  0
12  0 150200 5201816  12492 4608396    0    0     0     0 4115 4827 95  2  3  0  0
12  0 150200 5201564  12492 4608400    0    0     0     0 3651 4827 97  2  1  0  0
14  0 150200 5197588  12492 4608400    0    0     0     2 3627 4673 97  2  1  0  0
16  0 150200 5200904  12492 4608152    0    0     0     0 6787 5250 88  3  9  0  0
 7  0 150200 5200616  12496 4608336    0    0     0     0 5305 6215 54  2 44  0  0
 7  0 150200 5198252  12496 4608140    0    0     0    48 2606 3964 59  1 40  0  0
 8  0 150200 5157240  12496 4608116    0    0     0     0 2633 4004 59  1 40  0  0
 5  0 150200 5160084  12504 4608112    0    0     0   532 2642 3962 57  1 42  0  0
 3  0 150200 5160200  12504 4608136    0    0     0     0 1701 2479 27  0 73  0  0
 0  0 150200 5160992  12504 4608156    0    0     0     0 1220 1751 10  1 90  0  0
 0  0 150200 5161272  12504 4608168    0    0     0     4  608 1183  0  0 100  0  0
 0  0 150200 5161544  12504 4608152    0    0     0     0  661 1213  0  0 100  0  0
 0  0 150200 5161676  12504 4608152    0    0     0     6  652 1218  0  0 100  0  0
procs -----------memory---------- ---swap-- -----io---- -system-- -----cpu------
 r  b   swpd   free   buff  cache   si   so    bi    bo   in   cs us sy id wa st
 0  0 150200 5161428  12504 4608160    0    0     0     0  645 1214  0  0 100  0  0
 0  0 150200 5161404  12504 4608156    0    0     0     0  638 1212  0  0 100  0  0
 0  0 150200 5162072  12512 4608140    0    0     0   168  679 1247  0  0 99  1  0
 0  0 150200 5162568  12512 4608148    0    0     0     0  705 1261  0  0 100  0  0
 0  0 150200 5162816  12512 4608152    0    0     0     2  665 1235  0  0 100  0  0
 1  0 150200 5162328  12512 4608148    0    0     0     0  707 1319  0  0 100  0  0
 0  0 150200 5162188  12512 4608164    0    0     0     0  692 1257  0  0 100  0  0
 0  0 150200 5162552  12512 4608168    0    0     0     2  662 1239  0  0 100  0  0
 0  0 150200 5162016  12512 4608160    0    0     0     0  696 1258  0  0 100  0  0
 0  0 150200 5162808  12512 4608160    0    0     0    10  673 1253  0  0 100  0  0
18  0 150200 5063116  12520 4609012    0    0     0    86 6425 5701 65  2 32  0  0
12  0 150200 5026464  12520 4609028    0    0     0     0 9625 4642 94  3  4  0  0
13  0 150200 4993364  12520 4609032    0    0     0    16 4507 4780 96  2  2  0  0
12  0 150200 4995844  12520 4609032    0    0     0     0 5108 4758 97  2  2  0  0
14  0 150200 4996960  12520 4609032    0    0     0    10 3814 4813 96  2  2  0  0
13  0 150200 4996968  12520 4609024    0    0     0     0 3581 4749 96  2  2  0  0
19  0 150200 4995968  12520 4609268    0    0     0     0 5777 4940 93  2  5  0  0
 7  0 150200 4994232  12528 4609688    0    0     0   268 4559 5444 63  1 36  0  0
 8  0 150200 4972656  12528 4609724    0    0     0     0 4575 5766 64  1 35  0  0
 8  0 150200 4952352  12528 4609728    0    0     0   124 2991 4185 66  1 32  0  0
 6  0 150200 4952352  12528 4609740    0    0     0     0 2931 4133 64  1 35  0  0
procs -----------memory---------- ---swap-- -----io---- -system-- -----cpu------
 r  b   swpd   free   buff  cache   si   so    bi    bo   in   cs us sy id wa st
25  0 150200 4951904  12528 4609764    0    0     0     0 2142 3481 42  1 57  0  0
 1  0 150200 4952540  12528 4609808    0    0     0     0 1357 1946 13  0 86  0  0
 0  0 150200 4952564  12528 4609824    0    0     0     0  976 1523  5  0 95  0  0
 0  0 150200 4952464  12528 4609848    0    0     0     0  737 1252  0  0 100  0  0
 0  0 150200 4952596  12540 4609848    0    0     2   204  697 1233  0  0 99  1  0
 1  0 150200 4952860  12540 4609848    0    0     0     0  677 1208  0  0 100  0  0
 0  0 150200 4952860  12540 4609852    0    0     0    10  641 1197  0  0 100  0  0
 0  0 150200 4953744  12540 4609848    0    0     0     0  638 1185  0  0 100  0  0
 0  0 150200 4953736  12540 4609848    0    0     0    18  713 1236  0  0 100  0  0
 0  0 150200 4953744  12540 4609848    0    0     0     0  657 1220  0  0 100  0  0
 1  0 150200 4953736  12540 4609848    0    0     0     0  676 1234  0  0 100  0  0
 0  0 150200 4953448  12544 4609844    0    0     0    10  775 1423  0  0 100  0  0
 0  0 150200 4953224  12556 4610148    0    0     0    58  749 1320  0  0 99  0  0
 0  0 150200 4953836  12556 4610148    0    0     0     6  662 1208  0  0 100  0  0
 0  0 150200 4953580  12556 4610148    0    0     0     0  696 1240  0  0 100  0  0
 0  0 150200 4953908  12556 4610072    0    0     0     0  666 1214  0  0 100  0  0
 0  0 150200 4953908  12556 4610072    0    0     0     0  638 1210  0  0 100  0  0
 0  0 150200 4954188  12596 4609976    0    0     8    76  691 1276  0  0 98  2  0
15  0 150200 4949292  12624 4610788    0    0    12    18 2737 3902 43  1 55  0  0
12  0 150200 4846976  12624 4610796    0    0     0     0 9283 4704 93  3  4  0  0
10  0 150200 4842512  12624 4610752    0    0     0     0 4987 4711 96  2  3  0  0
procs -----------memory---------- ---swap-- -----io---- -system-- -----cpu------
 r  b   swpd   free   buff  cache   si   so    bi    bo   in   cs us sy id wa st
12  0 150200 4845364  12624 4610752    0    0     0   114 4601 4807 96  2  2  0  0
12  0 150200 4845364  12624 4610712    0    0     0     0 3741 4853 96  2  2  0  0
12  0 150200 4845124  12624 4610712    0    0     0    74 3631 4847 96  1  2  0  0
12  0 150200 4842884  12624 4610676    0    0     0     0 6594 4566 95  2  2  0  0
 6  0 150200 4843224  12632 4611300    0    0     0   254 5874 6391 61  1 37  0  0
 7  0 150200 4841760  12632 4611320    0    0     0    14 3108 4247 58  1 41  0  0
 7  0 150200 4800112  12632 4611324    0    0     0     0 2674 3933 59  1 40  0  0
 8  0 150200 4800400  12632 4611324    0    0     0    12 2519 3922 59  1 40  0  0
 2  0 150200 4800244  12632 4611380    0    0     0     0 2035 3070 37  1 62  0  0
 0  0 150200 4800548  12632 4611412    0    0     0     0  982 1635  7  0 92  0  0
 0  0 150200 4801068  12632 4611432    0    0     0     6  666 1237  0  0 100  0  0
 0  0 150200 4800960  12632 4611432    0    0     0     0  684 1210  0  0 100  0  0
 0  0 150200 4801100  12640 4611420    0    0     0   170  645 1165  0  0 99  0  0
 0  0 150200 4801348  12640 4611428    0    0     0     0  705 1227  0  0 100  0  0
 0  0 150200 4801736  12640 4611420    0    0     0     0  654 1167  0  0 100  0  0
 0  0 150200 4801712  12640 4611420    0    0     0     0  699 1223  0  0 100  0  0
 0  0 150200 4801108  12640 4611424    0    0     0     0  674 1238  0  0 100  0  0
 2  0 150200 4801356  12640 4611444    0    0     0     0  661 1225  0  0 100  0  0
 0  0 150200 4801976  12640 4611444    0    0     0     0  674 1246  0  0 100  0  0
 0  0 150200 4802100  12640 4611448    0    0     0     0  682 1274  0  0 100  0  0
 0  0 150200 4801968  12648 4611452    0    0     0   230  675 1199  0  0 99  0  0
procs -----------memory---------- ---swap-- -----io---- -system-- -----cpu------
 r  b   swpd   free   buff  cache   si   so    bi    bo   in   cs us sy id wa st
 0  0 150200 4802100  12648 4611452    0    0     0     0  669 1234  0  0 100  0  0
16  0 150200 4800468  12648 4612288    0    0     0    14 2061 3249 24  1 76  0  0
13  0 150200 4726316  12648 4612304    0    0     0     0 8275 5371 95  2  3  0  0
13  0 150200 4665556  12648 4612308    0    0     0     0 7739 4799 95  2  2  0  0
12  0 150200 4648196  12648 4612296    0    0     0    10 4357 4688 95  2  3  0  0
13  0 150200 4648196  12648 4612296    0    0     0     0 3579 4815 97  2  1  0  0
12  1 150200 4648452  12656 4612272    0    0     0   122 3633 4833 96  2  3  0  0
14  0 150200 4646716  12656 4612284    0    0     0     0 4538 4660 97  2  1  0  0
 8  0 150200 4627124  12656 4612908    0    0     0     0 8938 6266 75  2 23  0  0
 7  0 150200 4627240  12656 4612940    0    0     0     0 3730 4968 60  1 39  0  0
 7  0 150200 4583360  12656 4612948    0    0     0     0 2633 4001 59  1 40  0  0
 7  0 150200 4583616  12656 4612952    0    0     0     0 2605 3987 59  1 40  0  0
 4  0 150200 4583764  12660 4612988    0    0     0     0 2364 3528 47  1 52  0  0
 1  0 150200 4582168  12660 4613212    0    0     0     0 2623 3231 12  1 87  0  0
 1  0 150200 4581952  12668 4613428    0    0     0   344 7399 7001  4  0 95  1  0
 2  0 150200 4582456  12668 4613436    0    0     0     0 2239 1876  7  0 93  0  0
 2  0 150200 4499896  12668 4613436    0    0     0    14 3421 2485 17  1 82  0  0
 2  0 150200 4500136  12668 4613440    0    0     0     0 4043 2679 18  0 82  0  0
 1  0 150200 4498036  12668 4613444    0    0     0     0 6225 4004 27  1 73  0  0
 2  0 150200 4454884  12668 4613440    0    0     0    16 6994 4339 34  1 66  0  0
 3  0 150200 4454752  12668 4613436    0    0     0     0 9074 5888 35  1 64  0  0
procs -----------memory---------- ---swap-- -----io---- -system-- -----cpu------
 r  b   swpd   free   buff  cache   si   so    bi    bo   in   cs us sy id wa st
 2  1 150200 4457644  12672 4613452    0    0     0    78 7505 5525 35  1 64  0  0
 5  0 150200 4458000  12680 4613452    0    0     0     2 7340 5826 29  1 70  0  0
 0  0 150200 4457008  12680 4613492    0    0     0     0 4831 4093 21  1 79  0  0
 1  0 150200 4456280  12680 4613504    0    0     0   102 1425 1662  4  0 96  0  0
 1  0 150200 4456528  12680 4613508    0    0     0     0 1926 1471  7  0 92  0  0
 1  0 150200 4456528  12680 4613504    0    0     0     0 2036 1438  8  0 92  0  0
12  0 150200 4327772  12680 4614368    0    0     0     0 4847 5137 63  2 36  0  0
12  0 150200 4273708  12680 4614364    0    0     0     0 13360 5074 91  3  5  0  0
12  0 150200 4232144  12688 4614364    0    0     0   224 4004 4742 95  2  3  0  0
13  0 150200 4232912  12688 4614364    0    0     0     0 4196 4769 96  2  3  0  0
12  0 150200 4234772  12688 4614364    0    0     0     0 4417 4772 96  2  2  0  0
15  0 150200 4236516  12688 4614360    0    0     0     0 3778 4685 96  2  2  0  0
11  0 150200 4235888  12692 4614508    0    0     0     0 7895 4731 93  2  4  0  0
 9  0 150200 4234144  12696 4614984    0    0     0    36 6619 7305 74  2 24  0  0
 7  0 150200 4191272  12696 4615016    0    0     0     0 2957 4194 68  1 30  0  0
 7  0 150200 4191380  12696 4615016    0    0     0    14 2694 4020 59  1 40  0  0
 7  0 150200 4191156  12704 4615016    0    0     0   210 2565 3950 58  1 41  0  0
 2  0 150200 4191644  12708 4615064    0    0     0     0 2026 3073 35  1 64  0  0
 0  0 150200 4191776  12708 4615104    0    0     0    16 1066 1647  7  0 93  0  0
 0  0 150200 4191964  12708 4615100    0    0     0     0  669 1211  0  0 100  0  0
 0  0 150200 4192004  12708 4615112    0    0     0     0  698 1224  0  0 100  0  0
procs -----------memory---------- ---swap-- -----io---- -system-- -----cpu------
 r  b   swpd   free   buff  cache   si   so    bi    bo   in   cs us sy id wa st
 1  0 150200 4192516  12708 4615108    0    0     0     0  682 1237  0  0 100  0  0
 0  0 150200 4192764  12708 4615116    0    0     0     0  686 1241  0  0 100  0  0
 1  0 150200 4192748  12708 4615120    0    0     0     0  642 1217  0  0 100  0  0
 1  0 150200 4193144  12716 4615120    0    0     0   164  707 1240  0  0 99  1  0
 0  0 150200 4193508  12716 4615120    0    0     0   184  745 1260  0  0 100  0  0
 0  0 150200 4193632  12716 4615116    0    0     0     0  664 1231  0  0 100  0  0
 0  0 150200 4193508  12716 4615120    0    0     0     0  645 1234  0  0 100  0  0
 0  0 150200 4194004  12716 4615132    0    0     0     6  651 1214  0  0 100  0  0
 2  0 150200 4193780  12716 4615132    0    0     0     0  655 1198  0  0 100  0  0
 0  0 150200 4193764  12716 4615136    0    0     0     4  645 1193  0  0 100  0  0
 0  0 150200 4194128  12716 4615136    0    0     0     0  641 1183  0  0 100  0  0
 0  0 150200 4194368  12724 4615140    0    0     0    38  640 1218  0  0 99  0  0
 2  0 150200 4194128  12724 4615140    0    0     0    12  683 1235  0  0 100  0  0
 0  0 150200 4194500  12724 4615148    0    0     0     0  672 1209  0  0 100  0  0
17  0 150200 4192440  12724 4614988    0    0     0    16 3086 4350 38  1 61  0  0
14  0 150200 4045600  12724 4615000    0    0     0     0 12427 5301 90  3  7  0  0
12  0 150200 4023280  12724 4614992    0    0     0     0 5812 4743 96  2  2  0  0
12  0 150200 4025884  12724 4614996    0    0     0     0 5054 4787 96  2  2  0  0
12  0 150200 4025140  12724 4614996    0    0     0     0 3600 4785 96  2  3  0  0
12  0 150200 4027876  12732 4614996    0    0     0   318 3446 4693 95  1  4  0  0
13  0 150200 4022916  12732 4614948    0    0     0     0 4504 4641 96  2  2  0  0
procs -----------memory---------- ---swap-- -----io---- -system-- -----cpu------
 r  b   swpd   free   buff  cache   si   so    bi    bo   in   cs us sy id wa st
 8  0 150200 4026396  12732 4615616    0    0     0     0 5654 5897 78  2 20  0  0
 7  0 150200 4003804  12732 4615624    0    0     0     0 2652 4041 61  1 38  0  0
 8  0 150200 4002960  12732 4615636    0    0     0     0 3842 5033 61  1 37  0  0
 8  0 150200 3963280  12732 4615620    0    0     0     8 2835 4131 67  1 32  0  0
 6  0 150200 3962528  12732 4615648    0    0     0     0 2382 3586 51  1 49  0  0
 1  0 150200 3963156  12732 4615836    0    0     0     0 1734 2558 20  0 79  0  0
 2  0 150200 3961460  12740 4616080    0    0     0   552 5319 5143 10  0 89  1  0
 1  0 150200 3834284  12740 4616104    0    0     0     0 7970 7204 16  1 83  0  0
 3  0 150200 3832184  12740 4616104    0    0     0    18 4381 3015 16  1 83  0  0
 2  0 150200 3833704  12740 4616104    0    0     0     0 4900 3343 19  0 80  0  0
 7  0 150200 3783972  12740 4616092    0    0     0     0 6295 3048 30  0 69  0  0
 4  0 150200 3783144  12740 4616088    0    0     0    14 7858 3503 40  1 59  0  0
 4  0 150200 3784268  12740 4616104    0    0     0     0 7630 3706 36  1 63  0  0
 3  0 150200 3787600  12748 4616120    0    0     0   138 7147 3850 31  1 68  0  0
 1  0 150200 3790320  12748 4616148    0    0     0     0 4525 3570 23  0 77  0  0
 1  0 150200 3790832  12748 4616164    0    0     0     0 2387 2370  8  0 92  0  0
 2  0 150200 3788848  12748 4616156    0    0     0     0 2294 2041  8  0 92  0  0
 3  0 150200 3789320  12748 4616156    0    0     0     0 2104 1450  8  0 91  0  0
13  0 150200 3766220  12748 4617016    0    0     0     0 4373 4930 70  1 29  0  0
12  0 150200 3727036  12748 4617016    0    0     0     0 7948 4749 94  2  4  0  0
12  0 150200 3727780  12748 4617016    0    0     0     0 3573 4808 97  2  1  0  0
procs -----------memory---------- ---swap-- -----io---- -system-- -----cpu------
 r  b   swpd   free   buff  cache   si   so    bi    bo   in   cs us sy id wa st
12  0 150200 3727780  12756 4617012    0    0     0   194 4783 4721 95  2  3  0  0
12  0 150200 3727408  12756 4617020    0    0     0     0 5442 4804 94  2  4  0  0
15  0 150200 3730632  12756 4617024    0    0     0     4 4258 4801 96  2  3  0  0
 7  0 150200 3728796  12756 4617616    0    0   256     0 7309 4935 92  2  6  0  0
 9  0 150200 3699920  12768 4625184    0    0  3590     0 11277 8646 54  2 44  0  0
 8  0 150200 3637712  12784 4643696    0    0  9224    48 2956 4125 66  1 32  0  0
 8  0 150200 3598396  12804 4662660    0    0  9356     0 2862 4134 66  1 32  0  0
 5  0 150200 3578192  12824 4683164    0    0 10250    16 2938 4167 63  1 36  0  0
 4  0 150200 3547192  12860 4713912    0    0 15374   244 2310 3245 42  1 57  1  0
 3  0 150200 3514248  12892 4746856    0    0 16656     0 1738 2515 26  0 74  0  0
 1  0 150200 3512892  12892 4748400    0    0   640   126  953 1431  4  0 96  0  0
 0  0 150200 3513296  12892 4748400    0    0     0     0  769 1234  0  0 100  0  0
 0  0 150200 3513312  12892 4748400    0    0     0     0  657 1209  0  0 100  0  0
 0  0 150200 3513800  12892 4748404    0    0     0     0  658 1203  0  0 100  0  0
 0  0 150200 3513320  12892 4748404    0    0     0     0  649 1205  0  0 100  0  0
 2  1 150200 3513848  12900 4748400    0    0     0   146  700 1240  0  0 100  0  0
 0  0 150200 3513708  12900 4748396    0    0     0     0  672 1200  0  0 99  0  0
 0  0 150200 3513948  12900 4748396    0    0     0     6  622 1193  0  0 100  0  0
 0  0 150200 3514220  12900 4748396    0    0     0     0  647 1222  0  0 100  0  0
 1  0 150200 3514452  12900 4748408    0    0     0     0  641 1219  0  0 100  0  0
 0  0 150200 3514444  12900 4748408    0    0     0     2  675 1243  0  0 100  0  0
procs -----------memory---------- ---swap-- -----io---- -system-- -----cpu------
 r  b   swpd   free   buff  cache   si   so    bi    bo   in   cs us sy id wa st
 0  0 150200 3514840  12900 4748404    0    0     0     0  675 1232  0  0 100  0  0
 0  0 150200 3514692  12900 4748412    0    0     0    14  684 1232  0  0 100  0  0
15  0 150200 3496452  12908 4749240    0    0     0    82 3232 4302 42  1 57  0  0
13  0 150200 3447728  12908 4749248    0    0     0     0 10566 5245 91  3  6  0  0
12  0 150200 3428384  12912 4749256    0    0     0    14 4140 4769 97  2  2  0  0
12  0 150200 3428136  12912 4749252    0    0     0     0 4770 4798 97  2  1  0  0
12  0 150200 3430864  12912 4749252    0    0     0     2 4498 4840 96  2  2  0  0
13  0 150200 3428764  12912 4749248    0    0     0     0 3728 4767 97  2  1  0  0
10  0 150200 3430952  12912 4749248    0    0     0     0 4403 4587 95  2  3  0  0
 9  0 150200 3429464  12912 4749924    0    0     0     0 11307 8750 67  2 31  0  0
11  0 150200 3429440  12924 4749948    0    0     2   274 2943 4119 68  1 30  0  0
10  0 150200 3366332  12924 4749952    0    0     0   146 2856 4119 67  1 32  0  0
 8  0 150200 3365596  12924 4749956    0    0     0     0 2826 4206 66  1 33  0  0
 6  0 150200 3365108  12924 4749968    0    0     0     0 2953 4095 63  1 37  0  0
 1  0 150200 3364876  12924 4750020    0    0     0    10 1775 2588 26  1 73  0  0
 0  0 150200 3366108  12924 4750036    0    0     0     0  740 1289  2  0 98  0  0
 0  0 150200 3365792  12924 4750068    0    0     0    18  871 1334  0  0 100  0  0
 1  0 150200 3366296  12932 4750084    0    0     0   202  724 1241  0  0 99  1  0
 0  0 150200 3366312  12932 4750084    0    0     0     0  632 1181  0  0 100  0  0
 0  0 150200 3366328  12932 4750096    0    0     0     2  662 1217  0  0 100  0  0
 0  0 150200 3366576  12932 4750084    0    0     0     0  662 1209  0  0 100  0  0
procs -----------memory---------- ---swap-- -----io---- -system-- -----cpu------
 r  b   swpd   free   buff  cache   si   so    bi    bo   in   cs us sy id wa st
 0  0 150200 3366832  12932 4750080    0    0     0    10  698 1240  0  0 100  0  0
 1  0 150200 3366948  12932 4750080    0    0     0     0  717 1255  0  0 100  0  0
 0  0 150200 3366824  12932 4750080    0    0     0     0  657 1230  0  0 100  0  0
 0  0 150200 3367452  12932 4750080    0    0     0     2  670 1229  0  0 100  0  0
 0  0 150200 3367692  12940 4750068    0    0     0    30  665 1230  0  0 99  0  0
 1  0 150200 3367824  12940 4750076    0    0     0     0  671 1237  0  0 100  0  0
 0  0 150200 3367592  12940 4750072    0    0     0     0  660 1231  0  0 100  0  0
 0  0 150200 3367816  12940 4750076    0    0     0     0  683 1255  0  0 100  0  0
 0  0 150200 3367336  12940 4750076    0    0     0     0  658 1237  0  0 100  0  0
16  0 150200 3300208  12940 4750940    0    0     0     0 3462 4490 43  1 56  0  0
11  0 150200 3288800  12940 4750944    0    0     0     8 14032 5909 92  3  5  0  0
11  0 150200 3210804  12940 4750944    0    0     0     0 5330 6117 89  2  9  0  0
12  0 150200 3210680  12948 4750936    0    0     0   110 5005 6030 90  2  9  0  0
11  0 150200 3210432  12948 4750944    0    0     0   146 6194 6881 89  2  9  0  0
12  0 150200 3209664  12948 4751012    0    0     0     0 7109 7922 85  2 13  0  0
 9  0 150200 3212176  12948 4751020    0    0     0     2 6850 5269 94  2  4  0  0
11  0 150200 3150912  12952 4751680    0    0     0     0 5566 6438 74  2 24  0  0
10  0 150200 3150416  12952 4751684    0    0     0     0 3705 4715 82  1 17  0  0
18  0 150200 3107396  12952 4751696    0    0     0    16 3291 4482 82  1 17  0  0
10  0 150200 3107652  12952 4751700    0    0     0     0 3242 4514 81  1 18  0  0
 9  0 150200 3107916  12960 4751712    0    0     0   244 3274 4410 77  1 21  0  0
procs -----------memory---------- ---swap-- -----io---- -system-- -----cpu------
 r  b   swpd   free   buff  cache   si   so    bi    bo   in   cs us sy id wa st
 2  0 150200 3107684  12960 4751804    0    0     0     0 2412 3431 44  1 55  0  0
 1  0 150200 3108032  12960 4751824    0    0     0     0 1439 2148 19  0 81  0  0
 0  0 150200 3108204  12960 4751856    0    0     0     0  954 1466  2  0 98  0  0
 0  0 150200 3108352  12960 4751856    0    0     0     0  721 1263  0  0 100  0  0
 0  0 150200 3107872  12960 4751868    0    0     0     0  654 1226  0  0 100  0  0
 0  0 150200 3108136  12960 4751876    0    0     0     0  689 1248  0  0 100  0  0
 1  1 150200 3108384  12968 4751876    0    0     0   224  705 1242  0  0 99  0  0
 0  0 150200 3108632  12968 4751884    0    0     0    10  712 1264  0  0 99  0  0
 0  0 150200 3108756  12968 4751880    0    0     0     0  676 1187  0  0 100  0  0
 0  0 150200 3108864  12968 4751872    0    0     0    14  654 1214  0  0 100  0  0
 0  0 150200 3108880  12968 4751880    0    0     0     0  634 1222  0  0 100  0  0
 2  0 150200 3109012  12968 4751880    0    0     0     0  641 1204  0  0 100  0  0
 0  0 150200 3108896  12968 4751880    0    0     0     2  686 1235  0  0 100  0  0
 0  0 150200 3109284  12968 4751872    0    0     0     0  666 1216  0  0 100  0  0
 0  0 150200 3109136  12976 4751864    0    0     0   224  709 1226  0  0 99  0  0
 1  0 150200 3109284  12976 4751892    0    0     0     0  749 1423  0  0 99  0  0
15  0 150200 3018368  12976 4751712    0    0     0     0 10770 6581 77  3 21  0  0
12  0 150200 3019980  12976 4751704    0    0     0    70 10404 4743 93  2  4  0  0
12  0 150200 3022212  12976 4751708    0    0     0     0 4296 4771 95  2  3  0  0
12  0 150200 3022212  12976 4751680    0    0     0     0 3626 4788 96  2  2  0  0
12  0 150200 3021964  12976 4751680    0    0     0     0 3370 4739 97  2  2  0  0
procs -----------memory---------- ---swap-- -----io---- -system-- -----cpu------
 r  b   swpd   free   buff  cache   si   so    bi    bo   in   cs us sy id wa st
16  0 150200 3021724  12976 4751648    0    0     0     0 3585 4714 97  1  2  0  0
10  0 150200 3023872  12984 4751988    0    0     0   258 7830 4947 89  2  8  0  0
11  0 150200 3023468  12984 4752276    0    0     0     0 5355 5980 58  1 40  0  0
15  0 150200 3021600  12984 4752276    0    0     0     8 2651 3889 59  1 40  0  0
10  0 150200 2980704  12984 4752256    0    0     0     0 2737 3911 59  1 40  0  0
 4  0 150200 2980868  12984 4752280    0    0     0     0 2703 3786 54  1 45  0  0
 1  0 150200 2981000  12984 4752304    0    0     0    12 1657 2417 24  0 76  0  0
 1  0 150200 2981620  12984 4752312    0    0     0     0 1111 1744  8  0 91  0  0
 0  0 150200 2981288  12984 4752316    0    0     0     2  881 1422  2  0 98  0  0
 0  0 150200 2981288  12992 4752320    0    0     0   302  814 1319  0  0 99  1  0
 0  0 150200 2981552  12992 4752324    0    0     0     0  712 1283  0  0 100  0  0
 0  0 150200 2981684  12992 4752328    0    0     0    14  711 1264  0  0 100  0  0
 0  0 150200 2982428  12992 4752324    0    0     0     0  692 1241  0  0 100  0  0
 1  0 150200 2982436  12992 4752324    0    0     0     2  687 1244  0  0 100  0  0
 0  0 150200 2982700  12992 4752328    0    0     0     0  703 1252  0  0 100  0  0
 0  0 150200 2982808  12992 4752336    0    0     0     0  676 1235  0  0 100  0  0
 0  0 150200 2983080  12992 4752320    0    0     0     2  686 1240  0  0 100  0  0
12  0 150200 2971480  13000 4753144    0    0     0    42 5100 2716 18  1 81  0  0
12  0 150200 2874792  13000 4753156    0    0     0   216 11397 5357 95  3  2  0  0
10  0 150200 2850240  13000 4753156    0    0     0     0 3987 4727 96  2  3  0  0
14  0 150200 2850124  13000 4753156    0    0     0     0 3837 4687 94  1  4  0  0
procs -----------memory---------- ---swap-- -----io---- -system-- -----cpu------
 r  b   swpd   free   buff  cache   si   so    bi    bo   in   cs us sy id wa st
12  0 150200 2851240  13000 4753160    0    0     0     8 4098 4798 97  2  2  0  0
14  0 150200 2853092  13000 4753160    0    0     0     0 3823 4833 97  2  2  0  0
14  0 150200 2849512  13000 4753160    0    0     0    14 5680 4627 96  2  2  0  0
 8  1 150200 2819628  13008 4753704    0    0     0   286 9540 7317 75  2 23  0  0
 6  0 150200 2819544  13008 4753736    0    0     0     0 2852 4140 53  1 46  0  0
 1  0 150200 2667552  13008 4753744    0    0     0     2 1598 2338 30  1 70  0  0
 1  0 150200 2667404  13008 4753760    0    0     0     0  908 1071  9  0 91  0  0
 6  0 150200 2666592  13008 4753748    0    0     0    14 1073 1365 11  0 89  0  0
 6  0 150200 2666576  13008 4753752    0    0     0     0 2352 3859 49  1 50  0  0
 4  0 150200 2666220  13008 4753768    0    0     0     0 2114 3440 41  1 58  0  0
 0  0 150200 2666368  13008 4753780    0    0     0     2 1235 1864 12  0 88  0  0
 0  0 150200 2666532  13016 4753804    0    0     0   146  735 1216  0  0 99  1  0
 0  0 150200 2666524  13016 4753808    0    0     0     0  672 1187  0  0 100  0  0
 0  0 150200 2667052  13016 4753808    0    0     0     0  690 1193  0  0 100  0  0
 0  0 150200 2667192  13016 4753808    0    0     0     0  649 1165  0  0 100  0  0
 1  0 150200 2667416  13016 4753812    0    0     0     0  680 1230  0  0 100  0  0
 0  0 150200 2667300  13016 4753820    0    0     0     0  706 1240  0  0 100  0  0
 0  0 150200 2667324  13016 4753804    0    0     0     8  657 1208  0  0 100  0  0
 0  0 150200 2667648  13016 4753804    0    0     0     0 1351 2087  1  0 98  0  0
12  0 150200 2663024  13024 4754664    0    0     0   140 7204 5079 82  2 16  0  0
12  0 150200 2663396  13024 4754668    0    0     0   182 3966 5014 97  2  1  0  0
procs -----------memory---------- ---swap-- -----io---- -system-- -----cpu------
 r  b   swpd   free   buff  cache   si   so    bi    bo   in   cs us sy id wa st
12  0 150200 2663644  13024 4754668    0    0     0     0 4055 5007 97  2  1  0  0
12  0 150200 2663272  13024 4754672    0    0     0     2 4276 5008 97  2  1  0  0
12  0 150200 2665264  13024 4754680    0    0     0     0 4506 5040 96  2  2  0  0
13  0 150200 2665396  13024 4754684    0    0     0     0 4557 4947 97  2  1  0  0
13  0 150200 2661544  13024 4755516    0    0     0    12 8937 9218 71  2 27  0  0
11  0 150196 2663396  13032 4755532   16    0    20     0 3612 4628 85  2 14  0  0
10  0 150196 2664048  13040 4755520    0    0     0   284 3496 4693 82  1 17  0  0
10  0 150196 2663924  13040 4755520    0    0     0     0 3547 4720 82  1 17  0  0
 8  0 150196 2664420  13040 4755540    0    0     0     0 3222 4572 75  1 24  0  0
 3  0 150196 2664684  13040 4755616    0    0     0     0 2619 3853 51  1 48  0  0
 0  0 150196 2665188  13040 4755668    0    0     0     0 1326 2036 14  0 86  0  0
 0  0 150196 2665320  13040 4755668    0    0     0     4  736 1259  0  0 99  0  0
 1  0 150196 2665592  13040 4755668    0    0     0     0  724 1274  0  0 100  0  0
 0  0 150196 2665732  13040 4755668    0    0     0     0  670 1232  0  0 100  0  0
 1  0 150196 2665888  13048 4755660    0    0     0   234  683 1228  0  0 99  1  0
 0  0 150196 2666144  13048 4755660    0    0     0     0  682 1205  0  0 100  0  0
 0  0 150196 2665780  13048 4755648    0    0     0     4  653 1189  0  0 100  0  0
 1  0 150196 2665532  13048 4755648    0    0     0     0  694 1241  0  0 100  0  0
 0  0 150196 2665772  13048 4755652    0    0     0     0  631 1202  0  0 100  0  0
 0  0 150196 2666424  13048 4755652    0    0     0    18  650 1202  0  0 100  0  0
13  0 150196 2657684  13052 4756516    0    0     0     0 5406 6098 64  2 35  0  0
procs -----------memory---------- ---swap-- -----io---- -system-- -----cpu------
 r  b   swpd   free   buff  cache   si   so    bi    bo   in   cs us sy id wa st
13  0 150196 2660536  13060 4756512    0    0     0   274 8367 4880 96  2  2  0  0
12  0 150196 2659916  13060 4756520    0    0     0     0 4044 4970 96  2  1  0  0
14  0 150196 2660280  13060 4756520    0    0     0     0 4606 5023 97  2  1  0  0
12  0 150196 2661752  13060 4756512    0    0     0     2 4622 5051 96  2  2  0  0
13  0 150196 2663000  13060 4756516    0    0     0     0 3832 4980 97  2  1  0  0
 9  0 150196 2659544  13064 4757196    0    0     0     0 9823 8369 83  3 14  0  0
 9  0 150196 2661644  13064 4757224    0    0     0     0 4881 4726 70  1 29  0  0
 8  0 150196 2815808  13064 4757232    0    0     0     0 3301 4327 66  1 33  0  0
 8  0 150196 2815940  13072 4757232    0    0     0   244 2793 4294 65  1 33  1  0
 5  0 150196 2816072  13072 4757272    0    0     0     0 2595 3835 54  1 46  0  0
 2  0 150196 2816204  13072 4757332    0    0     0    20 1675 2563 24  0 75  0  0
 0  0 150196 2816732  13072 4757348    0    0     0     0 1097 1720  8  0 92  0  0
 0  0 150196 2816376  13072 4757364    0    0     0     0  656 1228  0  0 100  0  0
 0  0 150196 2816780  13072 4757368    0    0     0    10  797 1298  0  0 100  0  0
 1  0 150196 2817160  13072 4757372    0    0     0     0  631 1182  0  0 100  0  0
 0  0 150196 2817680  13072 4757376    0    0     0    14  628 1178  0  0 100  0  0
 1  0 150196 2817796  13080 4757376    0    0     0   194  657 1247  0  0 99  0  0
 0  0 150196 2817548  13080 4757376    0    0     0     0  595 1178  0  0 100  0  0
 0  0 150196 2817712  13080 4757376    0    0     0   192  689 1223  0  0 100  0  0
 1  0 150196 2818300  13080 4757368    0    0     0     0  625 1182  0  0 100  0  0
 0  0 150196 2818680  13080 4757368    0    0     0     2  575 1160  0  0 100  0  0
procs -----------memory---------- ---swap-- -----io---- -system-- -----cpu------
 r  b   swpd   free   buff  cache   si   so    bi    bo   in   cs us sy id wa st
 0  0 150196 2818432  13080 4757360    0    0     0     0  591 1186  0  0 100  0  0
 0  0 150196 2818556  13080 4757364    0    0     0     0  614 1193  0  0 100  0  0
 0  0 150196 2818788  13080 4757364    0    0     0     0  612 1198  0  0 100  0  0
 0  0 150196 2818928  13088 4757368    0    0     0    20  625 1196  0  0 100  0  0
14  0 150196 2818316  13088 4757080    0    0     0     0 2075 3227 11  1 88  0  0
15  0 150196 2813544  13088 4757268    0    0     0     0 6177 5982 93  2  5  0  0
12  0 150196 2813544  13088 4757028    0    0     0     0 8136 4926 96  2  1  0  0
13  0 150196 2813288  13088 4757028    0    0     0    18 3785 4954 97  2  1  0  0
12  0 150196 2813536  13088 4756964    0    0     0     0 4043 5006 95  2  3  0  0
12  0 150196 2813420  13088 4756964    0    0     0     4 4280 4962 97  2  2  0  0
12  0 150196 2813544  13088 4756884    0    0     0     0 5057 5006 96  2  2  0  0
11  0 150196 2790844  13100 4757620    0    0     2   438 10895 8884 75  3 22  0  0
 9  0 150196 2790720  13100 4757636    0    0     0    16 3442 4634 77  2 21  0  0
 9  0 150196 2790860  13100 4757644    0    0     0     0 3171 4454 74  1 25  0  0
10  0 150196 2791240  13100 4757616    0    0     0     4 3230 4519 74  1 25  0  0
 6  0 150196 2794720  13100 4757644    0    0     0     0 2879 4237 60  1 39  0  0
 2  0 150196 2794596  13100 4757684    0    0     0     0 1684 2612 25  0 74  0  0
 0  0 150196 2793364  13100 4757884    0    0     0     0 3080 3419  3  0 97  0  0
 0  0 150196 2793652  13100 4758220    0    0     0     0 1223 1411  2  0 98  0  0
 0  0 150196 2794000  13108 4758220    0    0     0   448 1167 1357  2  0 97  0  0
 1  0 150196 2793568  13108 4758196    0    0     0     0 2008 1671  7  0 92  0  0
procs -----------memory---------- ---swap-- -----io---- -system-- -----cpu------
 r  b   swpd   free   buff  cache   si   so    bi    bo   in   cs us sy id wa st
 4  0 150196 2790352  13108 4758152    0    0     0     0 3078 1645 15  0 85  0  0
 2  0 150196 2791484  13108 4758092    0    0     0     0 3305 1656 15  0 84  0  0
 2  0 150196 2791128  13108 4758096    0    0     0     0 3177 1621 16  0 84  0  0
 1  0 150196 2794220  13108 4758060    0    0     0    20 2262 1574 10  0 89  0  0
 0  0 150196 2795320  13108 4758072    0    0     0     0  797 1266  1  0 99  0  0
 0  0 150196 2795568  13108 4758068    0    0     0     0  682 1218  0  0 100  0  0
16  0 150196 2795584  13116 4758188    0    0     0   102 1407 2472  7  0 93  0  0
12  0 150196 2789456  13116 4758848    0    0     0     0 11127 5181 93  3  3  0  0
12  0 150196 2790944  13116 4758848    0    0     0     8 3964 4996 97  2  1  0  0
12  0 150196 2790200  13116 4758800    0    0     0     0 3941 4993 97  2  1  0  0
12  0 150196 2790820  13116 4758804    0    0     0     0 4691 4999 96  2  2  0  0
13  0 150196 2790168  13116 4758804    0    0     0    66 3971 5052 98  2  0  0  0
15  0 150196 2789052  13116 4758808    0    0     0     0 4848 4834 98  2  1  0  0
 8  0 150196 2790944  13124 4759472    0    0     0   236 8918 8057 66  2 32  0  0
 8  0 150196 2790828  13124 4759500    0    0     0     0 2902 4272 55  1 43  0  0
 7  0 150196 2790852  13124 4759500    0    0     0     0 2655 4124 58  1 41  0  0
 6  0 150196 2791728  13124 4759500    0    0     0     0 2535 4072 56  1 43  0  0
 1  0 150196 2791504  13124 4759564    0    0     0     0 1776 2742 26  1 73  0  0
 0  0 150196 2792520  13124 4759588    0    0     0     0 1199 1754  8  0 92  0  0
 0  0 150196 2792064  13124 4759604    0    0     0     0  760 1307  0  0 100  0  0
 0  0 150196 2792684  13124 4759608    0    0     0     0  616 1200  0  0 100  0  0
procs -----------memory---------- ---swap-- -----io---- -system-- -----cpu------
 r  b   swpd   free   buff  cache   si   so    bi    bo   in   cs us sy id wa st
 1  0 150196 2793180  13132 4759592    0    0     0   270  780 1263  0  0 99  0  0
 0  0 150196 2793320  13132 4759592    0    0     0     0  676 1226  0  0 100  0  0
 2  0 150196 2793212  13132 4759596    0    0     0     8 2076 2651  5  0 95  0  0
 1  0 150196 2792964  13132 4759596    0    0     0     0 1050 1709  8  0 91  0  0
 1  0 150196 2793088  13132 4759588    0    0     0     0 1106 1749  8  0 91  0  0
 1  0 150196 2793212  13132 4759592    0    0     0    10 1027 1680  9  0 91  0  0
 1  0 150196 2793212  13132 4759608    0    0     0     0  866 1463  4  0 96  0  0
 0  0 150196 2793336  13132 4759612    0    0     0     2  710 1262  0  0 100  0  0
 0  0 150196 2793732  13140 4759608    0    0     0    66  675 1281  0  0 99  0  0
14  0 150196 2781568  13140 4760484    0    0     0     0 8291 6037 70  2 27  0  0
13  0 150196 2784792  13140 4760500    0    0     0     0 5740 4866 97  2  1  0  0
13  0 150196 2785784  13140 4760500    0    0     0     0 4970 4969 96  2  2  0  0
12  0 150196 2786760  13140 4760492    0    0     0     0 4794 4989 97  2  1  0  0
12  0 150196 2787148  13140 4760492    0    0     0     0 3820 4975 97  2  1  0  0
13  0 150196 2786784  13140 4760496    0    0     0     0 4521 4835 98  2  0  0  0
 9  0 150196 2789568  13148 4761068    0    0     0   290 8313 7282 81  2 17  0  0
 7  0 150196 2789212  13148 4761120    0    0     0     0 3093 4471 60  1 39  0  0
 7  0 150196 2789368  13148 4761124    0    0     0   128 2696 4135 57  2 42  0  0
 7  0 150196 2789376  13148 4761108    0    0     0     0 2643 4178 58  1 41  0  0
 3  0 150196 2789376  13148 4761164    0    0     0     0 2092 3166 34  1 65  0  0
 0  0 150196 2789268  13148 4761180    0    0     0    12 1432 2121 14  0 85  0  0
procs -----------memory---------- ---swap-- -----io---- -system-- -----cpu------
 r  b   swpd   free   buff  cache   si   so    bi    bo   in   cs us sy id wa st
 0  0 150196 2789548  13148 4761212    0    0     0     0  786 1302  0  0 100  0  0
 0  0 150196 2789432  13148 4761212    0    0     0    10  697 1269  0  0 100  0  0
 0  0 150196 2789564  13156 4761208    0    0     0   198  729 1271  0  0 99  1  0
 1  0 150196 2789580  13156 4761212    0    0     0     0  660 1230  0  0 100  0  0
 0  0 150196 2790316  13156 4761212    0    0     0     0  686 1256  0  0 100  0  0
 0  0 150196 2790324  13156 4761200    0    0     0     0  648 1210  0  0 100  0  0
 0  0 150196 2790100  13156 4761204    0    0     0     0  671 1224  0  0 100  0  0
 0  0 150196 2790216  13156 4761196    0    0     0     0  660 1232  0  0 100  0  0
 0  0 150196 2790348  13156 4761196    0    0     0     0  657 1223  0  0 100  0  0
 0  0 150196 2790844  13156 4761196    0    0     0     0  646 1222  0  0 100  0  0
 0  0 150196 2790728  13164 4761196    0    0     0    30  670 1223  0  0 99  0  0
12  0 150196 2790124  13164 4761396    0    0    28    10 2507 4011 35  1 63  0  0
12  0 150196 2789256  13164 4761404    0    0     0     0 3652 5258 97  2  1  0  0
12  0 150196 2789380  13164 4761400    0    0     0     0 3539 5118 97  2  1  0  0
12  0 150196 2789744  13164 4761404    0    0     0     8 3525 5142 98  2  0  0  0
12  0 150196 2789852  13164 4761408    0    0     0     0 3557 5154 97  2  1  0  0
13  0 150196 2789636  13164 4761408    0    0     0    16 3534 5187 97  2  1  0  0
10  0 150196 2789504  13164 4761480    0    0     0     0 4129 5608 84  2 14  0  0
10  0 150196 2789008  13172 4761488    0    0     0   158 3480 4861 81  2 17  0  0
10  0 150196 2788900  13172 4761492    0    0     0   148 3385 4916 82  2 16  0  0
 9  0 150196 2788752  13172 4761496    0    0     0     0 3339 4892 80  2 18  0  0
procs -----------memory---------- ---swap-- -----io---- -system-- -----cpu------
 r  b   swpd   free   buff  cache   si   so    bi    bo   in   cs us sy id wa st
 7  0 150196 2788916  13172 4761496    0    0     0     0 3219 4527 66  1 33  0  0
 0  0 150196 2789156  13172 4761496    0    0     0     0 1691 2410 18  0 82  0  0
 1  0 150196 2789196  13172 4761496    0    0     0     0  689 1199  0  0 100  0  0
 1  0 150196 2789252  13172 4761512    0    0     0     0  729 1267  0  0 99  0  0
 0  0 150196 2789516  13172 4761532    0    0     0     0  659 1213  0  0 100  0  0
 0  0 150196 2789376  13180 4761524    0    0     0    48  661 1204  0  0 99  0  0
 0  0 150196 2789400  13180 4761528    0    0     0     0  656 1238  0  0 100  0  0
 0  0 150196 2789796  13180 4761528    0    0     0     0  672 1236  0  0 100  0  0
 1  0 150196 2789904  13180 4761516    0    0     0     8  708 1241  0  0 100  0  0
 0  0 150196 2790176  13180 4761516    0    0     0     0  667 1204  0  0 99  0  0
 0  0 150196 2790556  13180 4761516    0    0     0     8  655 1224  0  0 100  0  0
 0  0 150196 2790416  13180 4761516    0    0     0     0  666 1241  0  0 100  0  0
 0  0 150196 2790292  13180 4761512    0    0     0     0  684 1252  0  0 99  0  0
 1  0 150196 17141244  13188 4761136    0    0    10    38 1006 1458  0  3 96  0  0
 0  0 150196 26812904  13188 4737324    0    0     0     0  709 1010  0  2 98  0  0
