procs -----------memory---------- ---swap-- -----io---- --system-- -----cpu-----
 r  b   swpd   free   buff  cache   si   so    bi    bo   in   cs us sy id wa st
 4  3 9664800 17158832   4196  50248    0    0    20    11    0    0  1  0 99  0  0	
 0  1 9664748 17099140   5552  59044   16    0  4894    60 2515 2531  5  0 89  5  0	
 1  0 9664732 17004740   5552  69604    0    0  5266     0 2867 3332  6  0 89  4  0	
 3  0 9664624 16758656   5588  79812   32    0  5088     0 4387 6076  9  1 87  3  0	
17  0 9664576 16514528   5916  96096   52    0  8444    46 5874 7165 16  1 75  8  0	
 3 11 9664564 13166004   5916 196152   16    0 49910    76 7754 4391 45  4 33 18  0	
 3 11 9664512 11231124   5916 302068    0    0 52736     0 5067 3907 20  4 65 11  0	
 9 12 9664492 10835164   5932 414272    2    0 56258    28 4674 3871 19  1 72  8  0	
 6 12 9664420 10650028   5932 521612   48    0 53680    76 5251 3944 22  3 58 17  0	
 5 12 9664388 10353388   5940 633280   16    0 55824     8 5602 4016 23  5 58 14  0	
 4 11 9664376 10233292   5940 749696    0    0 58176     0 4908 3922 21  1 62 16  0	
 3 12 9664328 9996028   6088 861228   16    0 55768     0 5801 4055 25  5 59 11  0	
 4 11 9664316 9566808   6096 977020    0    0 58176    14 6683 4139 27 10 53 10  0	
 3 11 9664244 9445040   6096 1098416   32    0 60640     0 4778 3925 20  1 61 19  0	
 2 11 9664216 8311992   6096 1209512   32    0 55520     0 6741 4151 27 11 46 16  0	
 4 12 9664200 8189728   6232 1329968    0    0 60418    38 4835 3905 20  1 64 15  0	
 2 12 9664156 7818092   7040 1445244    0    0 58094     0 6246 4186 29  3 46 21  0	
10  9 9664140 7691212   7192 1565716   16    0 60360     0 5732 4399 27  1 61 12  0	
11  1 9664068 7270352   7200 1664780    0    0 49100    56 9579 5721 51  8 33  8  0	
12  0 9664040 7145992   7208 1677152   18    0  6286    10 18493 8931 80  4 16  1  0	
12  0 9664024 7087448   7224 1677724    2    0   326   228 13012 6347 96  3  1  0  0	
procs -----------memory---------- ---swap-- -----io---- --system-- -----cpu-----
 r  b   swpd   free   buff  cache   si   so    bi    bo   in   cs us sy id wa st
13  0 9663980 7072844   7224 1680312   16    0  1368     0 13010 6674 96  3  1  0  0	
 1  0 9663968 7042700   7224 1706288   16    0 12944     4 13070 6737 96  3  1  0  0	
 7  7 9663896 6968164   7240 1777276   16    0 35920    36 13322 7247 84  3  6  7  0	
 2  7 9663856 6852376   7240 1880088   16    0 51344     0 6117 4650 28  1 55 15  0	
 2  6 9663848 6743636   7248 1991032    0    0 55488    56 4718 3875 18  1 70 11  0	
 2  7 9663796 6612028   7256 2099912   18    0 54290    10 4820 3866 20  1 68 11  0	
10  3 9663784 6467116   7256 2208308   16    0 53970     0 6182 3805 19  1 66 14  0	
 2  5 9663716 6340308   7264 2315876   32    0 54112    18 4886 3951 20  2 63 14  0	
 3  5 9663688 6164112   7272 2418500    0    0 51392     8 8099 4290 27  2 62  9  0	
11  4 9663672 6051088   7272 2525608    0    0 53192    16 5696 4278 25  1 66  7  0	
 7  0 9663628 5836368   7280 2599316   16    0 36884    24 13842 6314 49  4 40  7  0	
 7  0 9663608 5776248   7288 2606332    0    0  3392     6 8594 5410 51  2 46  0  0	
 6  0 9663536 5763052   7300 2606964   32    0   354    38 8073 5430 48  2 50  0  0	
 1  0 9663504 5761852   7300 2608380   16    0   720     0 4229 3311 20  1 79  0  0	
 1  1 9663492 5761488   7324 2608360    0    0    10    44 1159 1826  0  0 99  0  0	
 1  0 9663448 5761760   7348 2608356   32    0    32    60 1107 1766  0  0 99  0  0	
 1  0 9663432 5761676   7348 2608392    0    0     0     0 1072 1739  0  0 100  0  0	
 1  0 9663364 5761800   7348 2608392   48    0    48     0 1067 1793  0  0 100  0  0	
 1  0 9663320 5761792   7356 2608520   32    0    96    18 1141 1798  0  0 99  0  0	
 2  0 9663312 5762040   7356 2608520    0    0     0     8 1030 1767  0  0 100  0  0	
12  0 9663260 5543292   7364 2612508   32    0  1986     0 8076 5349 41  1 58  0  0	
procs -----------memory---------- ---swap-- -----io---- --system-- -----cpu-----
 r  b   swpd   free   buff  cache   si   so    bi    bo   in   cs us sy id wa st
12  0 9663248 5287376   7372 2612512    0    0     0    36 16491 5215 92  4  4  0  0	
14  0 9663180 5026552   7372 2615536   32    0  1888    70 21985 6869 87  7  6  0  0	
 9  3 9663152 4838204   7388 2681732   16    0 32784    26 16996 7238 72  4 22  2  0	
 8  4 9663140 4643432   7388 2760764    0    0 39936    20 12527 7156 66  3 24  7  0	
 4  5 9663092 4552664   7388 2851432   16    0 45072     0 9619 6786 39  2 46 14  0	
 8  7 9663076 4351124   7396 2946640    2    0 47682    24 12094 8750 40  2 46 12  0	
 6  8 9663008 4202404   7396 3047716   36    0 50468    12 9759 6100 44  2 42 13  0	
 8  9 9662976 3994520   7396 3150080   16    0 51600     0 13133 6000 57  3 30 10  0	
 5  9 9662964 3792816   7404 3255984   16    0 52816   100 12437 5384 47  2 41 10  0	
 3 10 9662912 3678760   7412 3369120   32    0 56614     6 7789 5059 37  1 48 13  0	
 2  7 9662900 3563928   7412 3482796   16    0 56466     0 5156 4035 22  1 64 13  0	
 3  5 9662832 3451708   7420 3593108   32    0 55264    22 5185 4035 22  1 70  8  0	
 3  5 9662796 3343604   7420 3699968   16    0 53522     0 4843 3835 21  1 65 14  0	
 2  4 9662780 3239228   7428 3804852   32    0 52260    28 4898 3947 20  1 70  9  0	
 2  1 9662732 3150296   7428 3892588   48    0 44020     0 4414 3531 17  1 76  6  0	
 1  0 9662720 3116476   7428 3926412    0    0 16834     0 2667 2618  7  0 90  3  0	
 1  0 9662648 3118236   7436 3926444   16    0    16    20 1156 1836  0  0 99  0  0	
 0  0 9662620 3118268   7436 3926416   16    0    16     0 1052 1753  0  0 100  0  0	
 1  0 9662608 3113456   7436 3926412   16    0    16    40 1100 1786  1  0 99  0  0	
 1  0 9662560 3113332   7444 3926412   32    0    32    24  994 1747  0  0 99  0  0	
 1  0 9662548 3113604   7444 3926416   16    0    16     0 1065 1813  0  0 100  0  0	
procs -----------memory---------- ---swap-- -----io---- --system-- -----cpu-----
 r  b   swpd   free   buff  cache   si   so    bi    bo   in   cs us sy id wa st
 0  0 9662476 3112860   7716 3926720   32    0   274    42 1295 1940  0  0 98  1  0	
 1  0 9662444 3112496   7716 3926620   32    0    32     0 1057 1802  0  0 100  0  0	
 3  0 9662432 3112372   7716 3926652    0    0     0    10 1229 1839  0  0 99  0  0	
 1  0 9662384 3112488   7724 3926648   16    0    16    38 1054 1799  0  0 99  0  0	
13  0 9662368 3112456   7736 3927052   16    0   396     0 2411 3567  4  0 95  0  0	
12  0 9662304 3091400   7736 3927492   48    0    48     0 21754 12408 80  4 16  0  0	
11  0 9662268 3038812   7744 3927532   16    0    16    36 26193 13176 75  7 18  0  0	
 9  0 9662256 2970416   7744 3927556    0    0     0     0 22086 10026 73  5 22  0  0	
11  0 9662200 2898848   7744 3927556   32    0    32     0 19672 8842 83  4 13  0  0	
12  0 9662188 2730724   7752 3927528   16    0    16    16 17854 7508 83  4 13  0  0	
13  0 9662120 2629752   7752 3933372   48    0  2928     2 14447 6999 93  3  5  0  0	
12  1 9662088 2547036   7760 3943712   14    0  5198    24 13157 6071 95  3  2  0  0	
12  0 9662072 2476668   7760 3953500    4    0  4996    22 12907 5949 95  3  2  0  0	
13  0 9662024 2398800   7760 3964248   16    0  5264     0 12936 6101 96  3  2  0  0	
11  0 9662008 2349532   7772 3975328    0    0  5568    28 13134 6216 93  2  5  0  0	
 9  0 9661940 2305412   7792 3988492   48    0  6768    40 13004 6621 82  2 16  0  0	
10  0 9661908 2168296   7792 4004688   16    0  7888     0 14103 8402 67  3 30  0  0	
11  0 9661896 2092204   7800 4019244    2    0  7426   158 16125 10660 68  3 29  0  0	
12  0 9661852 1972740   7800 4032612    0    0  6656     0 15643 9415 77  3 20  0  0	
13  0 9661832 1889040   7820 4053260   32    0 10592    42 14121 6913 90  2  7  0  0	
12  0 9661768 1748240   7824 4072884   16    0  9618     0 18261 6128 93  3  3  0  0	
procs -----------memory---------- ---swap-- -----io---- --system-- -----cpu-----
 r  b   swpd   free   buff  cache   si   so    bi    bo   in   cs us sy id wa st
11  0 9661728 1651320   7832 4091788   16    0  9360     0 15953 5907 92  3  5  0  0	
 9  0 9661716 1549696   7840 4108312   16    0  8336    38 14672 5816 75  3 22  0  0	
10  0 9661668 1506544   7840 4121880   32    0  6816     0 12145 5809 73  2 25  0  0	
 9  0 9661656 1434304   7840 4134224   16    0  6224     0 11382 5754 73  2 24  0  0	
10  0 9661584 1374820   7856 4148400   16    0  7120    32 10378 5692 62  2 36  0  0	
 7  0 9661552 1292228   7856 4165556   16    0  8528     0 9921 5249 60  2 38  0  0	
 7  0 9661540 1206680   7856 4184844    0    0  9730    10 9167 5445 55  2 43  0  0	
 1  0 9661496 1201240   7884 4190364   32    0  2658    36 5009 3643 24  1 75  0  0	
 1  0 9661480 1201348   7884 4190376    0    0     0     0 1041 1760  0  0 100  0  0	
 1  0 9661412 1201404   7892 4190372   16    0    16    42 1232 1838  0  0 99  0  0	
 1  0 9661380 1203080   7892 4190384   16    0    16     0 1138 1794  0  0 100  0  0	
 1  0 9661368 1202756   7892 4190384    0    0     0   102 1155 1793  0  0 100  0  0	
 1  0 9661316 1203384   7904 4190384   16    0    16    66 1024 1740  0  0 99  0  0	
 0  0 9661300 1203888   7904 4190392    2    0     2     0  988 1736  0  0 100  0  0	
 8  0 9661236 1156724   7916 4190464   32    0    40     4 8792 5546 36  2 62  0  0	
 7  0 9661204 1073080   7924 4190444   32    0    32    36 26399 10881 58  5 37  0  0	
 1  0 9661192 870520   7924 4190488    0    0     0     0 16684 10507 54  3 43  0  0	
 7  0 9661148 824708   7924 4190484   32    0    32     0 13953 9434 58  2 40  0  0	
 7  0 9661132 661256   7932 4190504    0    0     0    20 12723 8721 50  2 47  0  0	
10  0 9661056 657952   7932 4190480   32    0    32     0 15815 9401 68  3 30  0  0	
12  0 9661028 628532   7932 4190524   48    0    48     0 18716 13293 64  3 33  0  0	
procs -----------memory---------- ---swap-- -----io---- --system-- -----cpu-----
 r  b   swpd   free   buff  cache   si   so    bi    bo   in   cs us sy id wa st
13  0 9661012 574160   7940 4190528    0    0     0    38 16110 8413 91  3  6  0  0	
12  0 9660968 431148   7940 4190540    0    0     0     0 18880 5898 92  3  5  0  0	
12  0 9660948 403992   7948 4190508   32    0    32    26 15034 5773 94  2  3  0  0	
10  0 9660880 355404   7948 4190548   32    0    32     0 13142 5833 77  2 21  0  0	
 6  0 9660848 354164   7948 4190548   16    0    16     0 10538 5255 58  2 41  0  0	
 1  0 9660836 354932   7956 4190520   16    0    16    96 5769 3209 20  1 79  0  0	
 0  0 9660788 355552   7956 4190552    0    0     0     0 3489 2116  6  0 93  0  0	
 0  0 9660772 355600   7956 4190528   16    0    16     0 3956 1848  0  0 99  0  0	
 0  0 9660708 357964   7964 4190556   32    0    32    86 2222 1788  0  0 99  0  0	
 1  0 9660676 358088   7964 4190552   16    0    16     0 1024 1751  0  0 100  0  0	
 1  0 9660664 358128   7972 4190516   32    0    32    16 1017 1806  0  0 99  0  0	
 8  0 9660612 358004   7984 4190548   32    0    32     0 2145 3018  3  0 96  0  0	
 9  0 9660604 348140   7984 4190644   16    0    16     0 20617 8859 55  3 42  0  0	
 2  0 9660532 251544   5556 4139884   16    0    48    40 21664 13146 40  3 56  0  0	
11  0 9660500 602940   4336 3737148    0    0  3310     4 42553 8813 55  6 39  1  0	
10  0 9660480 521016   4328 3741240   16    0 12392    16 27329 8145 82  6  9  2  0	
12  2 9660432 1352416   2648 2844508   32    0 27150    28 38250 8623 65 12 18  5  0	
11  3 9660416 1509956   2304 2488660    0    0 28380     0 29324 6113 78 11  8  4  0	
12  1 9660356 1660548   2292 2230908   32    0 38856    36 18385 5865 86  4  9  1  0	
 6  1 9660316 1630412   2268 2110352    0    0 32130     0 12069 5882 79  4 15  2  0	
10  0 9660308 1531740   2208 2151704   16    0 36818    68 11061 5589 70  2 24  3  0	
procs -----------memory---------- ---swap-- -----io---- --system-- -----cpu-----
 r  b   swpd   free   buff  cache   si   so    bi    bo   in   cs us sy id wa st
12  0 9660256 1496944   2204 2090844   64    0 33968    66 15959 7368 81  4 10  4  0	
10  1 9660244 1364048   2212 2203052    0    0 27498     0 10461 5058 62  2 33  3  0	
 8  2 9660172 1264900   2224 2217396   16    0 20040    74 22068 4591 57  6 33  4  0	
10  0 9660140 1186712   2224 2264884   32    0 38292     6 20810 5216 53  4 31 12  0	
 6  5 9660316 1146908   2248 2200100    0   92 36062   164 8301 4427 38  3 48 10  0	
 8  3 9664356 1130248   2196 2023788   32 2044 17846  2094 10216 3734 36 11 48  4  0	
 4  3 9664344 1042720   2200 2108164    0    0 42594     0 6751 4461 36  1 53 10  0	
 2  4 9670404 1044624   2184 2008656   48 3066 31740  3068 6037 3610 26  4 58 12  0	
20  0 9670376 929424   2196 2092784   16    0 41596    38 6761 4132 29  1 55 15  0	
 3  1 9670356 891492   2176 2040988    0    0 25514    24 8303 3575 25 11 55  9  0	
15  0 9670312 802380   3768 2114772   32    0 35764    42 5494 4022 26  1 64 10  0	
 3  0 9672320 1003656   4636 1804872   32 1022 15740  1022 30646 3550 17 13 63  8  0	
 1  0 9672272 969796   4636 1837144   32    0 16374     0 3770 3033 15  1 84  1  0	
 0  0 9672240 968496   4652 1837656   16    0    16    38 1024 1735  0  0 99  0  0	
 1  0 9672224 967504   4672 1837660   16    0    26 24966 1096 1753  0  0 100  0  0	
 1  0 9672180 967032   4672 1837692   16    0    16     0  990 1694  0  0 100  0  0	
 1  0 9672144 966032   4680 1837652   32    0    32    32 1000 1724  0  0 99  0  0	
 1  0 9672104 966436   4688 1837704   16    0    20 75310 1137 1785  0  0 97  3  0	
 1  0 9672068 966048   4688 1837708   16    0    16     0  992 1722  0  0 100  0  0	
 1  0 9672060 1198124   4696 1611388   16    0   210 12898 1179 1817  0  0 99  0  0	
 8  8 9674048 1329016   4652 1409788   32 1022 30978  1024 38962 6635 21 11 52 16  0	
procs -----------memory---------- ---swap-- -----io---- --system-- -----cpu-----
 r  b   swpd   free   buff  cache   si   so    bi    bo   in   cs us sy id wa st
 5  8 9674012 1210312   4652 1477236   32    0 40004     0 11948 8601 20  2 58 20  0	
 9  7 9676012 1361704   4580 1246864   16 1022 34202  1154 33255 5399 26 14 48 12  0	
 3  8 9675980 1293716   4580 1341176   32    0 47890     0 6688 5393 24  1 60 15  0	
10  0 9675968 1206640   4476 1266876   16    0 28214    38 38609 6183 19 20 47 15  0	
 3  0 9675916 1203704   4380 1190176   32    0 32404     0 35461 3948 18 18 45 20  0	
 1 11 9675880 1242652   4268 1267268    0    0 50018     0 10572 4571 33  2 48 17  0	
 3 11 9675832 1120592   4264 1282380   16    0 45422    24 6045 4032 27  3 53 18  0	
11 10 9675800 1008020   4264 1385044   48    0 51622     0 4998 3950 22  1 57 20  0	
 4 11 9675784 1086896   3916 1176184    0    0 12534    62 15878 3390 12 24 52 11  0	
 2 11 9675740 978408   3932 1283312   16    0 53490    62 6005 4039 25  1 61 13  0	
 4 12 9675704 1018116   3672 1174708   16    0 47072     2 26853 4144 33 10 43 14  0	
 6  9 9675660 915328   3680 1274952   32    0 50364    28 14034 4619 42  1 41 16  0	
 4 11 9675628 907920   3672 1233512   16    0 40570     0 24145 5376 48  9 30 12  0	
 5 10 9675616 807592   3680 1285096    0    0 51150     2 12190 5805 30  2 55 13  0	
 2 15 9675564 787576   3748 1244632   64    0 37316    22 20294 4223 29 12 39 19  0	
 0 10 9675532 690196   3660 1317260   32    0 50260     0 11241 4147 29  2 50 19  0	
 3 12 9675484 782704   3532 1216252   32    0 44244     4 37311 4054 29  5 51 15  0	
 2 11 9675452 671872   3540 1326156   16    0 54736    30 5052 3995 19  1 67 13  0	
 3 11 9675440 571324   3540 1428284    0    0 50762    84 5266 3910 20  1 59 20  0	
 1  9 9675396 476488   3548 1501812   16    0 39572    30 5330 3993 20  1 62 17  0	
 4 11 9675356 388236   3548 1588236    0    0 43118     0 5346 4174 21  1 57 21  0	
procs -----------memory---------- ---swap-- -----io---- --system-- -----cpu-----
 r  b   swpd   free   buff  cache   si   so    bi    bo   in   cs us sy id wa st
 3 11 9675304 297956   3548 1676792   32    0 44672     0 5655 4172 23  1 57 20  0	
 5  5 9675272 232988   3556 1741964   16    0 32266    22 7379 4864 35  1 52 12  0	
 0  3 9675252 229284   3556 1744624   16    0 32270    12 5597 3770 16  1 71 13  0	
 1  3 9675212 229020   3548 1744120    0    0 35032     0 4262 3164  5  0 83 13  0	
 1  0 9675176 231332   3556 1742164   16    0 25036    36 4624 3080  6  0 86  7  0	
 1  0 9675132 231696   3556 1742296   16    0  4368     0 1593 2006  0  0 99  0  0	
 1  0 9675096 231828   3556 1742264   32    0    32     0 1093 1799  0  0 100  0  0	
 0  0 9675088 231892   3564 1742292   16    0    16    24 1085 1830  0  0 99  0  0	
 0  0 9675036 231528   3564 1742296   16    0    16     0 1050 1798  0  0 100  0  0	
 6  0 9675004 228420   3572 1746200   16    0  2486     0 2364 3114  4  0 92  3  0	
 5  0 9674952 430356   3324 1446704   32    0  1726    38 16093 5767 41 12 46  0  0	
10  0 9674924 554564   3312 1320864    0    0  5962     0 33502 10125 44 12 43  1  0	
 5  6 9674908 653092   3256 1146940    0    0 25492    24 29528 7799 32 14 42 12  0	
11  1 9674864 593408   3220 1130700   48    0 32580     0 15745 9385 29  7 56  8  0	
 4  7 9674832 580532   3176 994400   16    0 37822     0 70431 10538 28  6 53 14  0	
11  0 9674772 726908   3140 740008   16    0 30710    74 60138 5654 24 17 48 11  0	
 4 12 9674744 717428   3140 760300   16    0 48422     0 41691 5490 35  3 52 10  0	
10  0 9674724 599352   3148 670616   32    0 39468    76 50616 3883 27 10 46 17  0	
 5 12 9674684 488904   3152 765444    0    0 50984     0 13979 4788 46  1 39 13  0	
 7 10 9674644 507816   3140 668400   32    0 39168     0 32859 4304 31 10 43 17  0	
 4 11 9674604 426896   3148 761468   16    0 53692    44 9230 4883 28  1 53 18  0	
procs -----------memory---------- ---swap-- -----io---- --system-- -----cpu-----
 r  b   swpd   free   buff  cache   si   so    bi    bo   in   cs us sy id wa st
 5  9 9674568 376372   3148 747148   16    0 42000     0 18182 3706 31  9 50 10  0	
 4 11 9674560 271332   3148 849948    0    0 51840     2 6189 3885 25  1 60 14  0	
11  0 9674508 355732   3140 668128   32    0 38664    16 19201 3946 27  6 53 13  0	
 4 12 9674476 315364   3212 723584   16    0 53760     0 8200 5945 29  1 53 17  0	
 6  8 9674424 264640   3212 714320   32    0 42264    32 6863 3598 25  5 57 13  0	
 4  9 9674396 231096   3216 736376   16    0 47824     0 10864 4077 30  2 53 15  0	
26  0 9674380 230740   3788 654280    0    0 51786    22 7128 4106 28  2 61  9  0	
 6  6 9674332 231476   3684 638216   16    0 36568   100 7654 3466 25  8 57 10  0	
 3  6 9674300 233088   3680 634568   32    0 50400     0 5036 3828 23  1 65 12  0	
 2  4 9674252 268516   3680 520720    0    0 19594     6 17364 2887 19 32 44  4  0	
 2  2 9674216 231104   3692 555656   16    0 41420    20 4569 3451 20  1 72  7  0	
 1  0 9674200 231616   3244 554820   16    0 26154   118 3635 2971 12  0 83  4  0	
 0  0 9674148 231888   3252 554276   16    0  1712    30 1413 1855  2  0 98  0  0	
 0  0 9674116 231764   3252 554288   16    0    16     0  972 1699  0  0 100  0  0	
 0  0 9674068 232324   3252 554276   32    0    32     0  986 1676  0  0 100  0  0	
 2  0 9674040 231820   3260 554664    0    0   192    14 1013 1703  0  0 99  0  0	
 1  0 9674024 231852   3260 555028    0    0   182     8  951 1703  0  0 100  0  0	
 0  0 9673980 231696   3260 555028   32    0    32     0  982 1694  0  0 100  0  0	
 1  0 9673940 231340   3268 555032   32    0    32    24  971 1678  0  0 99  0  0	
 2  0 9673896 232100   3268 555064    0    0     0     2  974 1725  0  0 100  0  0	
 2  0 9673864 231464   3268 555036   16    0    16     0  955 1715  0  0 100  0  0	
procs -----------memory---------- ---swap-- -----io---- --system-- -----cpu-----
 r  b   swpd   free   buff  cache   si   so    bi    bo   in   cs us sy id wa st
 2  0 9673852 231108   3280 555028   16    0    16 12782  998 1689  0  0 100  0  0	
 2  0 9673804 230960   3280 555036   32    0    32     0  951 1682  0  0 100  0  0	
 1  0 9673772 231860   3280 555032   16    0    16     0  990 1725  0  0 100  0  0	
 2  0 9673720 231596   3288 555064   16    0    16    36  993 1688  0  0 99  0  0	
 2  0 9673688 231340   3288 555420   16    0   208     0 1016 1732  0  0 100  0  0	
 2  0 9673668 230208   3288 555588    0    0    90     4 1196 1805  0  0 100  0  0	
10  0 9673624 349132   3292 358436   16    0 13356    80 37522 3991 22 25 46  8  0	
 7  7 9673588 248848   3292 320844   16    0 34060     0 74670 7774 36 13 41  9  0	
 5  7 9673544 228204   3300 370476   16    0 47450    92 22390 6928 25  2 57 17  0	
 2  8 9673596 246364   3248 257696   32   42 22114    42 55737 3584 19 40 34  7  0	
 3  9 9673588 227572   3248 268188    0    0 52822     4 11585 8758 20  1 66 13  0	
 4 11 9673700 219144   3260 262680    0   82 41756   108 13079 4888 26  9 56 10  0	
 5 13 9673904 252104   3260 230376   48  118 52392   118 6832 5182 20  1 63 16  0	
 0 18 9737324 200108   3252 127516   16 31736 36002 31916 12755 4513 15  2 49 34  0	
 2 12 9787504 220712   2468  91632   16 25106 38730 25198 8632 4352 31  1 43 25  0	
10  8 9787492 219028   2456  61076   16    0 51168     4 8701 3994 25  1 54 20  0	
 3 12 9787440 201040   2204  77104    0    0 49064     4 11743 4108 30  2 50 17  0	
 4 12 9790704 209032   1832  42868   32 1648 51854  1826 11664 4348 30  1 49 21  0	
 4 13 9791560 204852    884  53572   16  452 54086   502 10943 4087 24  1 53 22  0	
 3 12 9791528 203604    892  41604   16    0 50732    44 11342 4457 35  1 37 26  0	
 4 12 9791512 208700    816  42696    0    0 50368     2 5702 3846 19  1 59 21  0	
procs -----------memory---------- ---swap-- -----io---- --system-- -----cpu-----
 r  b   swpd   free   buff  cache   si   so    bi    bo   in   cs us sy id wa st
 4 10 9799020 230976    832  36036   16 3780 53722  3840 7087 4146 26  1 54 18  0	
 4 11 9798988 204192    736  61456   32    0 53716    36 5264 3906 23  1 61 15  0	
 3 10 9816552 199936    736  77252    0 8806 51368  8816 9079 4152 23  1 57 19  0	
 4  8 9816516 200452    736  77820   16    0 52190     0 7166 4126 23  1 49 27  0	
 3  9 9816508 201584    744  76936   16    0 53618    22 6698 3981 20  1 55 24  0	
 4  7 9816460 200924    744  78604    0    0 53734     0 6737 4166 24  1 53 22  0	
 4  5 9816432 200260    752  78144   16    0 53410    28 6765 3963 19  1 61 18  0	
 2  1 9816372 200876    752  78496   16    0 50360     0 6256 4069 21  1 58 20  0	
 2  1 9816344 203784    752  72296   32    0  6958     0 1939 2170  3  0 88  9  0	
 1  1 9816328 207428    760  66948    0    0   168    16 1135 1772  0  0 91  9  0	
 0  1 9816288 212396    760  60752   32    0   176     0 1104 1769  0  0 91  8  0	
 0  1 9816256 213776    760  57504    0    0  1896     0 1214 1852  0  0 90  9  0	
 1  1 9816200 221760    768  49636   48    0   458    34 1181 1820  0  0 91  9  0	
 1  1 9816172 227588    768  43964   32    0    40     0 1107 1770  0  0 91  8  0	
 1  1 9816160 235004    768  39092    0    0   576     0 1355 1899  0  0 91  9  0	
 2  0 9816108 235656    776  38608    0    0     8    34 1045 1758  0  0 98  1  0	
 1  0 9816064 235532    776  38580   48    0    48     0 1026 1724  0  0 100  0  0	
 1  0 9816024 235780    780  38960    0    0   162    26 1014 1734  0  0 100  0  0	
 1  0 9815992 235656    788  38952   16    0    16    24  978 1700  0  0 99  0  0	
 0  0 9815984 235292    792  39132    0    0   182     0  995 1716  0  0 99  0  0	
 6  5 9815932 204528    932  63712   48    0 12778    34 5117 3778 15  1 79  5  0	
procs -----------memory---------- ---swap-- -----io---- --system-- -----cpu-----
 r  b   swpd   free   buff  cache   si   so    bi    bo   in   cs us sy id wa st
 1  5 9815900 200516    784  75500    0    0 40306   108 16552 5172 27  1 57 15  0	
 5  5 9816688 200156    784  35120   16  414 46060   526 11208 7277 20  1 60 19  0	
 4  7 9958668 212780    792  69132   32 71014 43956 71138 22932 10664 17  3 68 12  0	
 4 10 9981348 208660    804  49168    0 11344 49728 11388 12597 8076 26  2 59 14  0	
 3 11 9981296 256132    820  46152   32    0 52228    34 11840 6882 24  1 47 27  0	
 9 13 10107020 204876    800  32356   16 62878 24254 63012 79702 3501 23  7 41 29  0	
 6 13 10106972 200712    808  41676   16    0 54430     0 8637 4208 23  1 52 24  0	
 1 17 10180200 200892    816  25764   16 36628 36680 36758 10152 3742 21  2 38 39  0	
 7 11 10340428 225912    804  41388   16 80320 10684 80438 45021 3232 31  3 33 33  0	
 6 15 10670516 408920    816 133132    0 164864 52610 164892 156009 4255 31  9 43 16  0	
 5 12 10822104 407472    664 205676   80 75820 51400 75870 11273 4418 31  5 39 25  0	
 7 11 11006096 523396    808 304228   46 92030 49468 92030 11900 4253 27  6 53 13  0	
10  1 11006064 434704    808 349080   30    0 25054    68 101354 2630 13 15 61 11  0	
13  0 11006056 394064    812 337888    0    0  1490     0 17107 1680  2 44 52  2  0	
 5 13 11006008 362672    976 333100  174    0  7254    44 37368 2247 22 44 30  4  0	
 5 10 11005944 264468   1004 444948   16    0 55440     0 6867 5527 24  1 60 15  0	
 5  2 11005896 258728   1004 399588   32    0 38130     2 6578 3667 16  1 62 21  0	
11  1 11005836 233340   1012 381092   48    0   628    16 12977 1669  6 30 62  3  0	
10  0 11005812 232708   1144 336920    0    0   234     0 21744 1649  5 51 43  1  0	
 3  9 11005768 238492   1144 409296   16    0 50584     0 11914 4049 30  2 54 15  0	
 0  6 11005736 258024   1136 370248   16    0 49632    28 5043 3760 22  1 61 16  0	
procs -----------memory---------- ---swap-- -----io---- --system-- -----cpu-----
 r  b   swpd   free   buff  cache   si   so    bi    bo   in   cs us sy id wa st
10  0 11005672 236152   1008 342164   48    0   652     0 12489 1291  3 48 46  3  0	
 5 10 11005656 237656   1008 322560   18    0 18224     0 33167 2534 18 38 38  6  0	
 4 10 11005636 253644   1344 301312   32    0 54638    20 5306 3858 24  1 64 12  0	
15  0 11005584 241636   1332 290172   16    0 26116     2 9706 2773 17 15 49 19  0	
 2  7 11005548 236404   1236 226876   16    0 11814    88 33671 2020 19 38 39  4  0	
 2  6 11005480 242896    852 218944   16    0 53072     0 5120 3700 24  1 65 10  0	
21  0 11005468 236836    828 195196   20    0 33058     2 32857 3043 20 19 50 11  0	
 3  2 11005456 230628    856 146296    0    0 15954    96 33664 2377 13 43 39  5  0	
 2  0 11005408 233100    872 141512   32    0 36532     0 4239 3377 17  0 70 12  0	
 2  0 11005372 232032    880 142532   16    0 18752    52 3003 2571  8  0 91  1  0	
 6  4 11011928 204056    888  89244   48 3314 28978  3314 30053 5491 35  3 51 12  0	
 4  7 11011908 201912    892  61952    0    0 48988   168 24438 9421 30  2 53 15  0	
11  6 11108984 257628    900  29896   20 48546 37838 48772 51417 10190 27  9 46 18  0	
 3  0 11109736 230420    900  30136   16  398   488   434 31388 1759 28 38 34  1  0	
 3 13 11109696 206416    900  97268   32    0 54630    46 6467 4197 25  1 52 22  0	
 1 21 11196232 199888    908  30072   32 43298 42372 43454 13867 3864 17  2 48 33  0	
 4 13 11202936 200064    908  40160    0 3358 48866  3366 6186 3915 26  1 55 18  0	
17 10 11212172 220608    916  27548   16 4678 46706  4824 7939 3694 21  2 55 21  0	
 3 13 11212488 200604    916  48908   32  132 51362   172 31710 3958 26  4 46 23  0	
 3 12 11222000 199936    916  39988   16 4772 53388  4844 19168 4139 28  1 54 17  0	
 6 13 11221936 200520    924  44020   16    0 51152   104 6493 3858 19  1 52 28  0	
procs -----------memory---------- ---swap-- -----io---- --system-- -----cpu-----
 r  b   swpd   free   buff  cache   si   so    bi    bo   in   cs us sy id wa st
 3 13 11224484 203116    924  32412   16 1284 53078  1434 9352 4205 32  1 47 20  0	
 2 13 11231616 202000    932  39712   18 3588 53406  3686 12726 4124 25  1 53 21  0	
 4 13 11336320 266712    932  41140   16 52360 52906 52494 9537 5273 28  2 50 20  0	
 5 10 11336288 207628    932  99116   16    0 51710     0 8425 4031 25  1 57 17  0	
 3 10 11336216 214908    940  47372   48    0 54356    82 8641 5669 27  1 52 20  0	
 3 13 11341180 205032    940  71532    0 2490 54186  2536 11251 6083 24  1 58 17  0	
 4 12 11341136 200524    948  76528    0    0 53996    30 5582 3907 21  1 56 22  0	
 5 10 11342944 201160    948  35912   40  912 54652   914 9389 4165 25  1 51 24  0	
 2  8 11342908 200984    976  35824  150    0 60018     0 6543 4227 22  1 57 20  0	
 4  6 11342840 205360    984  32984   32    0 50008    20 6315 4038 23  1 57 19  0	
 5  5 11342828 201988    984  34392   16    0 52666     4 5595 3780 19  1 66 15  0	
 3  5 11342816 201172    984  38112   32   16 53836    18 6635 3988 23  1 60 15  0	
 2  3 11342800 200740    992  38268   16    0 42042    20 5714 3548 16  1 67 16  0	
 1  1 11342768 204388    992  33184   16    0  3416     0 1492 1996  2  0 89  9  0	
 1  1 11342700 207132    992  29688   32    0   272     0 1106 1807  0  0 91  9  0	
 0  1 11342984 212504   1000  22936    4  148    14   170 1110 1829  0  0 91  9  0	
 1  1 11343320 217116   1140  22400   48  192  1480   192 1249 1859  0  0 90  9  0	
 1  0 11343664 232764   1152  20848   16  180    72   218 1130 1786  0  0 93  7  0	
 1  0 11343632 232252   1152  20484   16    0   168     0  988 1735  0  0 99  0  0	
 1  0 11343556 232524   1152  20732   32    0    32     0 1014 1726  0  0 100  0  0	
 1  0 11343548 232276   1160  20892    0    0    76    18  972 1727  0  0 99  0  0	
procs -----------memory---------- ---swap-- -----io---- --system-- -----cpu-----
 r  b   swpd   free   buff  cache   si   so    bi    bo   in   cs us sy id wa st
 1  0 11343500 232276   1160  21844   32    0   516     0 1009 1747  0  0 99  0  0	
 1  1 11343604 224180   1180  30160    0   60  4832   168 8549 3689 16  0 76  8  0	
 1  6 11545464 200216   1016  18684   16 100946   278 101082 16070 14331  8  4 78 10  0	
 4  8 11617024 331924   1012  61184   32 35810 21928 35876 16516 6591 14  3 64 19  0	
 5 10 11617008 251996   1020 155316    0    0 46714    50 11205 8412 23  1 65 11  0	
10  0 11617424 302640   1008 115580   64  230 25876   230 21603 4112 33 10 40 17  0	
 7 11 11617576 231504   1008 183500    0   84 49398    84 6403 3802 27  1 56 17  0	
31  9 11618040 223256   1016 183216    0  248 49374   270 5663 3820 23  1 63 13  0	
 4 13 11680908 207036   1016  39128   64 31470 19962 31602 120184 3266 21 28 28 23  0	
 4 12 11680892 200412   1016  49568    0    0 50416     0 9156 3859 24  1 51 23  0	
 4 13 11726632 209884    964  39480   18 22894 45822 23028 45797 4260 29  5 35 31  0	
 6 12 11726620 201376    964  47936   16    0 51908     0 7414 3924 24  1 52 23  0	
12 11 11803328 211952    972  29820   32 38370 41884 38484 15308 3863 23  2 44 31  0	
 9 12 11803256 202644    972  38092   32    0 52458     0 7103 3979 25  1 51 24  0	
 3 11 11889848 200812    976  33228   16 43304 44726 43352 33273 3800 26  2 44 28  0	
 5 13 11907292 212348    984  33280    0 8744 44980  8806 8840 3984 33  1 39 28  0	
 1 21 11919332 218756    984  23604    0 6026 48114  6122 45846 3955 27  6 42 24  0	
 2 14 11954464 201228    976  47120   48 17584 41180 17704 69957 4094 29 13 34 23  0	
 1 14 11954392 206568    984  45952   40    0 50992    36 7262 3809 21  1 59 20  0	
 4 12 12073652 230708    972  38256    0 59634 29042 59736 49800 3490 25  3 36 36  0	
 4  9 12073596 201288   1284  71148   80    0 52420    72 10648 4280 32  1 52 14  0	
procs -----------memory---------- ---swap-- -----io---- --system-- -----cpu-----
 r  b   swpd   free   buff  cache   si   so    bi    bo   in   cs us sy id wa st
 3  6 12107764 222388   1040  33684   32 17092 38828 17198 73580 4239 31  2 52 15  0	
 1  1 12107720 200048   1048  57496   16    0 25312     0 4145 2966  8  0 76 16  0	
 0  1 12107656 204016   1052  52836  142    0 27602    58 3908 2844  0  0 88 12  0	
 0  3 12107636 200672   1052  58312   16    0 18392     4 3151 2478  0  0 90  9  0	
 6  2 12107588 207688   1060  50212   48    0 13148    24 2518 2328  0  0 89 10  0	
 0  2 12107576 200520   1060  58368    0    0 18434     0 2815 2407  0  0 91  9  0	
 1  1 12107544 203844   1196  53812   16    0 10042     0 2004 2118  0  0 91  9  0	
10  2 12107468 205204   1160  53052   44    0 18560    22 2969 2468  0  0 91  9  0	
 1  1 12107456 208704   1072  50476    0    0 11228     0 2327 2242  0  0 91  9  0	
 1  1 12107404 202660   1072  57428   64    0  6758     0 1760 2024  0  0 91  9  0	
 0  1 12107392 206148   1080  51060    0    0     0    24 1050 1697  0  0 91  9  0	
 1  1 12107344 210364   1080  45116   32    0    32     0 1034 1698  0  0 92  8  0	
 1  1 12107280 215960   1080  39368   16    0    16     0 1045 1722  0  0 91  9  0	
 1  1 12107268 221548   1088  33448    0    0   124    18 1029 1739  0  0 91  9  0	
 1  1 12107216 226260   1088  28936   16    0    16     0 1080 1733  0  0 92  8  0	
 1  1 12107204 231964   1096  23200   32    0    42    12 1021 1709  0  0 91  9  0	
 2  0 12107168 234320   1096  21936    0    0   720     0 1055 1748  0  0 95  5  0	
 1  0 12107096 233692   1096  22720   64    0   384     0  998 1690  0  0 100  0  0	
 1  0 12107080 234064   1108  22636   32    0    34    90  984 1698  0  0 100  0  0	
 7  8 12165820 200260   1092  31828  752 30152 39506 30342 45468 7977 28  2 52 18  0	
13  0 12252044 254020   1092  33984  428 42666 32412 42824 89886 5450 21 15 39 26  0	
procs -----------memory---------- ---swap-- -----io---- --system-- -----cpu-----
 r  b   swpd   free   buff  cache   si   so    bi    bo   in   cs us sy id wa st
 5  8 12263812 243264   1100  28248   96 5902  3008  6032 37077 3162  8 63 26  4  0	
 1 11 12354884 312896   1100  36736 3128 45770 37066 45892 11576 6295 19  2 44 35  0	
 3 13 12354708 278908   1108  58668 6238    0 17432    36 7247 3533 16  0 66 17  0	
 2 15 12358212 239640   1108  22956  432 1780 51590  1840 18692 3953 22  2 60 15  0	
 2 13 12358144 204796   1104  55268  524    0 54172    40 5681 3935 21  1 57 21  0	
 0 19 12375540 200156   1336  32404  816 8750 53564  8876 10989 4273 19  1 45 34  0	
 3 12 12421156 204464   1236  42856  318 22876 27572 23058 18757 3793 29  2 31 38  0	
 3 14 12421104 200412   1236  51040  584    0 54780    56 7233 4014 20  1 54 25  0	
 3 18 12452232 200420   1232  51616 2096 15628 54612 15762 38752 4609 27  2 42 29  0	
 2 12 12452088 201888   1240  45336  848    0 53202   192 10686 4320 27  1 47 25  0	
 3 13 12472260 207016   1240  48744 1218 10214 55594 10286 15292 4490 35  2 36 28  0	
11 12 12472228 204688   1248  39832  420   34 52538   122 7009 3902 24  1 50 25  0	
 4 14 12472172 201484   1248  42644  280    0 56096    70 6544 4155 21  1 44 35  0	
 2 13 12531644 210872   1248  30192  826 29792 44340 29960 14239 4448 22  2 46 31  0	
 8 11 12677816 269844   1256  31688  962 73344 30126 73496 62761 6149 20 20 34 26  0	
 4  8 12677748 242436   1256 114072  526    0 41376     0 7531 3741 25  2 61 12  0	
 3 11 12677628 200140   1256  74092  222    0 26794     0 9755 4139 23 15 47 16  0	
 4 10 12677572 222596   1264  91720 1028    0 54204   110 9688 6074 23  1 56 20  0	
 3 12 12677476 200132   1264  34012  320    0 52290     0 7210 4075 27  1 52 21  0	
 2 11 12677416 200220   1272  36328  496    0 48996    36 5654 3675 18  1 54 27  0	
 3  7 12696000 205980   1272  28532  384 9336 50606  9396 18276 4087 23  1 53 23  0	
procs -----------memory---------- ---swap-- -----io---- --system-- -----cpu-----
 r  b   swpd   free   buff  cache   si   so    bi    bo   in   cs us sy id wa st
 4  8 12695748 200316   1256  37600  736    0 55306     0 6352 3892 20  1 60 20  0	
 4  7 12695276 202912   1264  34064 1132    0 53810    46 6989 3950 23  1 59 18  0	
 2  5 12695528 200400   1264  37496  134  178 49560   244 6169 3711 17  1 58 24  0	
 2  3 12695432 202620   1264  35444  160    0 41682     0 5418 3472 13  1 68 18  0	
 3  1 12695340 203988   1272  32392  128    0 38020    38 5188 3325 14  0 68 17  0	
 1  1 12695256 202684   1272  35152  144    0 18448     0 3137 2590  2  0 88 10  0	
 0  2 12695224 204856   1280  30740   80    0  4210    18 1605 1992  0  0 91  9  0	
 0  1 12695172 206500   1280  27620   32    0   658     0 1091 1790  0  0 91  9  0	
 1  1 12704024 215320   1924  25244 1234 4572  2926  4572 1841 2330  1  0 82 16  0	
 1  0 12712552 223868   1936  20192 1770 4576  2210  4602 1420 2220  0  0 86 13  0	
 1  0 12720672 233168   1936  19152  144 4120   220  4120 1112 1794  0  0 99  0  0	
 0 11 12720404 219268   2224  23736 1572    0  4110     0 6574 3761 12  0 81  6  0	
 2 10 12722872 200172   1244  41336 1590 1516 45032  1716 19427 5934 34  1 43 22  0	
 5 12 12800400 233864   1248  66868  168 38838 41866 38908 20255 7224 24  2 52 23  0	
 3 14 12800304 204156   1256  95240  226    0 54060    52 5532 4166 21  1 59 19  0	
 1 12 12800140 206976   1256  28104  192    0 47928     6 7694 4022 26  1 50 22  0	
 0 14 12800116 205344   1256  31476   16    0 47438     2 5434 3747 19  1 61 19  0	
 4 12 12799976 202404   1316  36216  196    0 48774    24 25303 4270 31  1 39 29  0	
 3 12 12799956 206152   1316  32924   16    0 49594     4 6673 3901 23  1 55 21  0	
 3 13 12799808 201972   1328  33140  310    0 47712    50 8116 4051 29  1 47 23  0	
 3 13 12799732 200888   1328  35908  334    0 47952     2 7587 4030 21  1 46 32  0	
procs -----------memory---------- ---swap-- -----io---- --system-- -----cpu-----
 r  b   swpd   free   buff  cache   si   so    bi    bo   in   cs us sy id wa st
 1 14 12800652 200060   1332  37608   74  482 49734   488 10370 3986 25  1 47 27  0	
 3 13 12800580 200100   1344  40236   10    0 47620    26 7948 3917 24  1 47 28  0	
 2 12 12800532 201692   1344  37564  112    0 50718     2 7202 4002 25  1 51 23  0	
 3 13 12800496 200384   1344  40108   32    0 50900     2 6307 3941 22  1 50 28  0	
 2 12 12800404 200136   1352  40264  128    0 51926    20 9313 4202 30  1 45 23  0	
 5 13 12800372 206548   1352  33188   64    0 52886     2 5843 3896 22  1 56 21  0	
 3  5 12800248 202256   1384  37352  238    0 48626     2 6624 4346 25  1 53 21  0	
 0  1 12800212 201224   1412  38528   64    0 33646    80 4910 3399 17  1 72 10  0	
 0  1 12800172 204000   1412  32904   16    0    28     0 1178 1835  0  0 91  8  0	
 1  0 12800108 232700   1412  23148   48    0   180    70 1208 1865  0  0 91  9  0	
 1  1 12800096 227244   1572  28072   90    0  2838    60 1141 1863  0  0 98  2  0	
 1  0 12800048 224904   1660  30012   32    0  1070     0 1161 1817  0  0 99  1  0	
 1  0 12800028 223556   1668  31164   32    0   426    28 1079 1779  0  0 99  1  0	
 1  0 12799992 223540   1668  31192   16    0    16     0  991 1727  0  0 100  0  0	
 1  0 12799928 223540   1668  31276   32    0    84     0 1020 1731  0  0 100  0  0	
 1  3 12799920 222828   1676  32696    0    0   598    14 1039 1766  0  0 99  0  0	
 1  0 12799872 222680   1676  33076   32    0   322     0 1087 1770  0  0 99  1  0	
 0  0 12799856 222564   1676  33044   16    0    16     0 1015 1728  0  0 100  0  0	
 0  0 12799824 222960   1684  33072    0    0     0    24 1024 1777  0  0 99  0  0	
 1  0 12799752 222812   1684  33072   48    0   124     0 1065 1755  0  0 99  0  0	
 3  1 12799676 221620   1684  34456  128    0   846     0 1238 1989  0  0 98  1  0	
procs -----------memory---------- ---swap-- -----io---- --system-- -----cpu-----
 r  b   swpd   free   buff  cache   si   so    bi    bo   in   cs us sy id wa st
 7  5 12799528 217280   1712  37108  546    0  1754    22 1841 3128  2  0 95  3  0	
 9  9 12853980 200752   1448  30712  226 27258 39034 27462 31211 6244 41  3 41 15  0	
 4  8 12866220 208860   1448  31672   80 6152 51356  6202 17214 8692 20  2 55 23  0	
 8 12 12866140 217268   1456  66064   48    0 52542    84 8900 6970 24  1 53 22  0	
 3 12 12866668 209524   1456  72756   48  276 52446   276 5258 3864 20  1 59 20  0	
10  9 12866624 230600   1544  48060   30    0 49354     0 5146 3752 20  1 63 16  0	
 4 12 12915316 203680   1524  38140    0 24352 45740 24498 35971 4777 29  2 38 31  0	
 4 13 12915280 200372   1544  46100   32    0 50236     0 6389 3885 21  1 55 24  0	
 5 13 12915212 202068   1552  35508   36    0 49478    38 10570 4177 32  1 43 24  0	
 3 19 12915184 200872   1552  42144    0    0 52868     0 11473 4125 30  1 42 27  0	
 2 12 12915116 204304   1552  41376  396    0 52916     0 9459 3932 20  1 52 27  0	
 2 13 12915100 201160   1560  44972   16    0 55008    22 6647 4002 26  1 50 23  0	
 4 13 12915064 200480   1560  46660   16    0 55230     0 6211 4039 21  1 44 34  0	
 5 12 12914992 200764   1560  42832   32    0 51456     0 7988 4209 28  1 39 32  0	
 5 11 12914888 200316   1564  44620  350    0 51350    18 11160 4049 20  1 47 32  0	
 2  5 12914812 204360   1564  36352   80    0 49608     0 7225 4142 25  1 50 24  0	
 1  6 12914704 204772   2664  35868  240    0 41258    78 6142 3522 15  1 64 21  0	
 2  2 12914660 200452   2388  46212   64    0 32390     0 5576 3561 11  0 70 18  0	
 1  1 12914600 200828   2144  46388   16    0 16116     0 4472 2541  1  0 90  9  0	
 1  1 12914580 201140   2152  46540   32    0 16268    60 4411 2512  0  0 91  9  0	
 1  1 12914536 200892   2160  44704   32    0 15754     6 4548 2497  0  0 91  9  0	
procs -----------memory---------- ---swap-- -----io---- --system-- -----cpu-----
 r  b   swpd   free   buff  cache   si   so    bi    bo   in   cs us sy id wa st
 1  1 12914524 204824   2160  39804    0    0  3190    38 1799 1965  0  0 91  8  0	
 0  1 12914492 209676   2168  34112   16    0    84    20 1097 1839  0  0 92  8  0	
 0  1 12914420 214504   2172  27288   32    0    86    12 1146 1854  0  0 91  8  0	
 0  2 12914404 231996   2172  26884    0    0   772     0 1129 1863  0  0 93  7  0	
 1  0 12914360 224076   2208  33320   32    0  3192    38 1149 1910  0  0 97  3  0	
 0  0 12914348 223720   2208  33412   16    0    16   106 1017 1742  0  0 100  0  0	
 0  0 12914316 223960   2208  33412    0    0     0     0 1015 1775  0  0 100  0  0	
 0  0 12914248 223836   2216  33384   40    0   116    18  998 1750  0  0 99  0  0	
 2  3 12914188 218300   2220  38620  176    0  2772     0 2251 3062  3  0 94  3  0	
 3  9 12914132 200776   2120  52496   48    0 25744   178 11136 4160 24  1 59 16  0	
 3  9 12964808 245480   2136  42160   32 25346 47804 25594 28263 6394 20  2 54 24  0	
 2 11 12964756 204812   2148  99936   64    0 58066    42 8835 6332 26  1 52 21  0	
 2 11 12964476 220176   2156  99836  254    0 56332    66 8189 7585 21  1 58 20  0	
 4 14 12964416 243760   2156  33600  128    0 52876     0 11041 8080 25  1 55 19  0	
 3 13 12964364 209452   2156  70644    0    0 52148     2 10487 4051 28  1 54 16  0	
 4 14 12964344 199940   2168  80532   48    0 52172    58 5671 3915 23  1 49 27  0	
 6 13 12964312 200536   2168  74232   32    0 51974     0 7232 3908 23  1 53 23  0	
 5 12 12964236 203508   2168  53208   38    0 50948     2 9560 4049 25  1 45 29  0	
 4 14 12964228 203292   2176  56028   16    0 57044    20 7648 4020 23  1 49 27  0	
 3 13 12964140 206328   2316  51488  158    0 54186     2 6170 4004 24  1 48 26  0	
 3 13 12965104 208956   2208  48328    0  494 53752   496 6825 3919 23  1 52 25  0	
procs -----------memory---------- ---swap-- -----io---- --system-- -----cpu-----
 r  b   swpd   free   buff  cache   si   so    bi    bo   in   cs us sy id wa st
 3 13 12965064 208120   2216  50576   32    0 51860    22 6678 4033 26  1 55 18  0	
 3 13 12965000 201808   2220  56456   48    0 54458     2 5882 4019 20  1 53 27  0	
 3 10 12964948 202804   2220  57028   96    0 52632     2 6543 4158 24  1 47 28  0	
 3  7 12964892 203944   2232  54788   78    0 56800    72 6160 4137 22  1 55 21  0	
 2  4 12964848 201560   2232  57348   96    0 51690     2 6490 4043 24  1 60 15  0	
 0  4 12964796 204240   2240  53040   32    0 53550    60 5712 3845 20  1 63 16  0	
 1  3 12964732 206548   2240  52312   32    0 48464    12 6246 3786 22  1 66 12  0	
 1  1 12964704 200884   2244  55992   32    0 28418     0 3797 3053 11  0 78 10  0	
 1  1 12964660 216192   2252  38860   32    0   354   176 1222 1866  0  0 91  9  0	
 1  1 12964640 220796   2252  33460   16    0    16     0 1152 1809  0  0 91  8  0	
 3  9 12964460 215836   2252  37788  320    0  4978     0 2555 3140  4  0 85 11  0	
 2  9 12964368 207980   2252  58108   64    0 26542    50 12197 5494 21  1 66 12  0	
 4 13 12971460 201668   2252  35540   22 3560 48852  3796 17654 7788 19  2 62 17  0	
 3 12 12971412 200208   2260  56380   48    0 50962    88 6586 4463 24  1 62 14  0	
 3 13 12971404 200176   2260  57660    0    0 50732     0 5896 3824 19  1 50 30  0	
 0 20 12991476 200688   2260  29528   32 10056 47178 10134 17159 4178 20  1 51 28  0	
 4 18 13028812 205636   2252  49508  160 18714 46222 18778 76306 4162 30  2 46 22  0	
 4 12 13028768 208896   2252  50500  300    0 53630     0 6852 4074 27  1 51 22  0	
 5 12 13029308 200060   2256  58732   16  298 55088   298 6658 4039 26  1 55 18  0	
 6 12 13028480 206484   2264  48076  218    0 56822    22 8911 4360 30  1 44 25  0	
 3 12 13028232 207992   2264  47388  128    0 56150     0 9164 4072 23  1 54 21  0	
procs -----------memory---------- ---swap-- -----io---- --system-- -----cpu-----
 r  b   swpd   free   buff  cache   si   so    bi    bo   in   cs us sy id wa st
 2 13 13078092 214784   2272  47312  162 24980 48898 25062 19256 4232 30  1 45 23  0	
 4 13 13078052 203676   2220  61284   68    0 55356     0 5767 3899 20  1 59 19  0	
 3 13 13078036 217828   2276  46960   86   38 54120    40 5845 4076 25  1 48 26  0	
 4 12 13077992 214508   2284  50244   32    0 55192    40 5305 3933 21  1 52 27  0	
 4  6 13077892 206808   2292  54832  160    0 52394     2 7447 4248 29  1 50 20  0	
 2  4 13077788 205268   2300  59876   64    0 44726    84 5987 3679 18  1 65 16  0	
 0  3 13077808 219972   2296  45688   64   38 22456    38 3609 2861  5  0 79 15  0	
 0  1 13077708 219116   2296  46372   64    0 15232     0 2587 2320  0  0 91  8  0	
 0  1 13077632 217716   2304  48536  110    0 15998    56 2680 2451  0  0 90 10  0	
 0  1 13077556 216572   2304  49624   32    0 15084     0 2539 2357  0  0 91  8  0	
 0  1 13077460 206428   2304  55936   64    0  7066    20 1841 2128  0  0 91  8  0	
 1  1 13077412 211404   2312  51112   32    0    88    26 1160 1786  0  0 90  9  0	
 0  1 13077328 216604   2312  45428   32    0   134     0 1129 1766  0  0 91  8  0	
 1  1 13077276 222084   2312  40268   16    0    62     0 1123 1741  0  0 92  8  0	
 2  1 13077056 211376   2324  45224  462    0  5388    16 5296 3908 11  0 77 12  0	
 3 12 13077980 249832   2284  32488  134  530 39516   788 19406 8521 24  1 60 15  0	
 3 12 13077920 217560   2288  66128   48    0 52316    48 4969 3905 19  1 65 15  0	
 4 12 13077796 204836   2288  54444  202    0 52762     0 6034 4029 24  1 53 22  0	
 3 13 13077704 200176   2288  60344   48    0 53282     0 5499 3840 20  1 60 20  0	
 4 14 13112176 213144   2268  38720  416 17304 46140 17474 8714 4764 32  1 40 26  0	
 2 12 13112060 201300   2268  44280   96    0 51430     0 9615 4143 26  1 59 14  0	
procs -----------memory---------- ---swap-- -----io---- --system-- -----cpu-----
 r  b   swpd   free   buff  cache   si   so    bi    bo   in   cs us sy id wa st
 5 13 13112016 209288   2268  42504   50    0 58318     4 7571 4288 29  1 57 13  0	
11 14 13111880 200356   2276  49648   96    0 54920    30 9432 4174 27  1 49 23  0	
 4 13 13111828 200476   2276  51936   16    0 51900     0 10739 4090 25  1 42 31  0	
 2 13 13111752 218016   2284  31660   32    0 53842    18 6004 3985 25  1 49 25  0	
 3 13 13111648 207060   2284  42776   48    0 55314     0 5386 3906 20  1 50 30  0	
 4 12 13111592 200756   2284  50560   50    0 54862     0 6366 4102 26  1 47 26  0	
 1 14 13111500 209764   2292  42188   48    0 53434    18 8674 4079 24  1 49 26  0	
 2 14 13111432 209420   2292  41540   68    0 53714     0 6051 4017 24  1 53 23  0	
 3  4 13111348 200212   2300  51900   70    0 52018     0 5886 4117 18  1 59 21  0	
 1  2 13111232 205452   2312  45960   96    0 35014    84 4864 3404 12  1 69 19  0	
 1  1 13111168 200916   2316  48700   16    0 19442     0 3168 2631  1  0 88 10  0	
 1  1 13111068 213176   2316  33692   16    0 16534     0 2966 2545  0  0 91  9  0	
 1  1 13111012 202732   2328  47708   48    0 15776    70 2625 2457  0  0 91  9  0	
 1  1 13110944 202680   2392  45460   16    0  7834     0 1756 2168  0  0 89 11  0	
 2  1 13110840 207432   2388  40196   32    0    32     0 1120 1792  0  0 91  8  0	
 1  1 13110788 210168   2396  36916   32    0   920    14 1098 1797  0  0 90  9  0	
 2  0 13119120 232852   2396  22584   64 4222   210  4370 1191 1876  0  0 98  2  0	
 1  0 13119072 232472   2396  22624   16    0    16     0  969 1686  0  0 100  0  0	
 0  0 13119004 233208   2644  22624   48    0   168    48 1099 1779  0  0 99  0  0	
 1  0 13118896 233092   2644  22624   48    0   124     0 1012 1723  0  0 100  0  0	
 1  0 13118852 232844   2652  22880   16    0    72    18 1012 1716  0  0 99  0  0	
procs -----------memory---------- ---swap-- -----io---- --system-- -----cpu-----
 r  b   swpd   free   buff  cache   si   so    bi    bo   in   cs us sy id wa st
 0  0 13118764 233364   2652  23096   32    0   134     0 1040 1736  0  0 100  0  0	
 1  0 13118720 233488   2652  23088   16    0    16     0  984 1721  0  0 100  0  0	
 1  0 13118640 233108   2660  23092   32    0    32    26 1017 1757  0  0 99  0  0	
 1  0 13118520 232736   2660  23060   80    0    80     0 1036 1747  0  0 100  0  0	
 1  0 13118460 232736   2660  23076   32    0    72     0 1141 1968  0  0 99  0  0	
 5  8 13118780 203872   2284  38048   80  210 42366   430 13618 5352 37  2 47 14  0	
 3  9 13152212 225128   2284  55864  382 16836 49364 16902 21243 9119 21  2 52 24  0	
 2 13 13152124 206768   2292  91804   48    0 52396    32 7174 5586 25  1 60 14  0	
 2 12 13151976 206924   2292  93320   48    0 52314     0 4797 3734 20  1 72  8  0	
 3 16 13159300 199988   2240  44188   48 3688 48356  3690 21447 4034 22  1 50 26  0	
 3 12 13159192 203820   2248  36252   80    0 48026    18 7874 3860 24  1 50 26  0	
 2 12 13240480 204124   2248  54016  126 40684 48656 40734 15489 4518 37  2 47 14  0	
 3 12 13240368 201868   2248  59732   80    0 53234     0 10660 4294 29  1 49 22  0	
 4 12 13240272 211552   2256  49748   48    0 52354   198 9240 4036 25  1 48 26  0	
 2 12 13240216 204064   2256  54868    0    0 50020     0 6402 3770 21  1 58 20  0	
 3 12 13240140 207924   2264  53596   48    0 53176    22 5996 4084 25  1 49 25  0	
10 13 13240084 199928   2264  63552   48    0 55590     2 5710 3934 21  1 55 22  0	
 4 15 13240012 200384   2264  62404   64    0 54940     2 6425 4023 27  1 49 24  0	
 4 12 13239888 202008   2272  59328   32    0 53112    34 9108 4092 27  1 51 21  0	
 3  4 13239836 200184   2264  62680   64    0 49954     0 5840 3983 21  1 56 22  0	
 3  3 13239740 200548   2264  63012   48    0 43654     2 5333 3634 18  1 61 19  0	
procs -----------memory---------- ---swap-- -----io---- --system-- -----cpu-----
 r  b   swpd   free   buff  cache   si   so    bi    bo   in   cs us sy id wa st
 0  1 13239684 205536   2272  54752    0    0  8414    82 2782 2402  8  0 82  9  0	
 2  1 13239616 211140   2272  48580   32    0    98     0 1088 1799  0  0 91  8  0	
 1  1 13239504 216164   2272  43528   32    0    32     0 1150 1773  0  0 91  8  0	
 1  1 13239460 220248   2280  39716   48    0   930    14 1143 1828  0  0 90  9  0	
 1  1 13239348 224612   2280  34836   80    0   308     0 1164 1828  0  0 91  8  0	
 1  1 13239296 229820   2280  28412    0    0     0    38 1137 1812  0  0 92  8  0	
 0  1 13239212 230572   2288  28228  104    0  1456    28 1160 1887  0  0 94  6  0	
 0  0 13239092 226736   2288  31328  110    0  1724   198 1229 1905  1  0 98  1  0	
 1  0 13239044 226472   2288  31624   32    0    88     0 1028 1742  0  0 100  0  0	
 1  0 13238956 226216   2296  31836   64    0   166    38 1068 1771  0  0 99  1  0	
 4 10 13238820 200200   2268  52556  184    0 33816   192 9363 5606 24  1 59 17  0	
 6 13 13320484 242392   2268  33584   96 40876 45322 40998 20125 9991 20  3 55 22  0	
 4 12 13320368 207284   2276  93080   34    0 55940    62 7231 5395 26  1 57 16  0	
 1 13 13320312 210548   2276  93112   64    0 55020     0 4851 3810 20  1 65 14  0	
 3 12 13320212 207692   2276  32108   56    0 52280     0 6598 4068 24  1 51 23  0	
11 12 13320160 200320   2284  37920   16    0 48794    22 8965 3978 27  1 48 24  0	
 3 14 13320092 208152   2284  34332   48    0 55246     0 7462 3998 23  1 56 21  0	
 5 11 13319972 202100   2292  40372  104    0 50516    22 7417 4048 27  1 45 27  0	
 1 13 13319916 201032   2292  36456    0    0 55904     0 11249 4235 29  1 44 25  0	
 4 12 13319768 200712   2292  36764  102    0 54680     0 7735 4088 25  1 46 28  0	
 3 14 13319720 200584   2300  41732   16    0 54524    18 7975 3992 21  1 51 28  0	
procs -----------memory---------- ---swap-- -----io---- --system-- -----cpu-----
 r  b   swpd   free   buff  cache   si   so    bi    bo   in   cs us sy id wa st
 4 12 13319636 203592   2300  37392   72    0 53762     0 6496 4125 26  1 46 27  0	
 5 13 13319524 200044   2300  42808   88    0 50896     4 8056 3920 22  1 50 27  0	
 1 13 13319476 206468   2308  35384   16    0 50252    20 6479 3940 22  1 57 20  0	
 4  8 13319392 200208   2308  40800   70    0 48884     0 6510 3949 18  1 53 28  0	
 2  7 13319340 207628   2308  33752    0    0 43078     0 5272 3499 14  1 64 21  0	
 1  1 13319256 208020   2316  34088   74    0 29606   118 4597 3173 12  0 72 16  0	
 1  1 13319132 200256   2316  43176   72    0 16860     0 2861 2454  0  0 91  8  0	
 1  1 13319076 200232   2324  43400   16    0 16114    44 2668 2348  0  0 91  8  0	
 1  1 13318972 212876   2316  27404   70    0  7606   112 2107 2166  0  0 91  8  0	
 0  1 13318920 216628   2316  23944   48    0    48     0 1140 1795  0  0 92  8  0	
 0  0 13318852 233252   2328  23360   32    0    84    62 1045 1765  0  0 98  2  0	
 0  0 13318748 233252   2328  23500   56    0    56     0  997 1731  0  0 100  0  0	
 0  0 13318700 232880   2328  25244   64    0   946     0 1010 1773  0  0 99  1  0	
 1  0 13318596 231408   2336  25264   38    0    38    26 1040 1788  0  0 99  0  0	
 1  0 13318544 231284   2336  25260   32    0    32     0  984 1742  0  0 100  0  0	
 1  0 13318476 231656   2336  25172   80    0    80     0 1049 1772  0  0 100  0  0	
 1  0 13318364 231408   2344  25732   40    0   344    16 1015 1782  0  0 99  1  0	
 0  0 13318312 231036   2344  25984   16    0    72     0 1014 1774  0  0 100  0  0	
 4 10 13318032 206972   2276  45324  620    0 18954    18 5788 4394 14  1 77  8  0	
 4 10 13317984 215652   2284  59784   16    0 48634   306 15988 4497 24  1 57 18  0	
 3 13 13329740 207668   2284  81516  126 5926 50670  5990 8224 5603 25  1 56 18  0	
procs -----------memory---------- ---swap-- -----io---- --system-- -----cpu-----
 r  b   swpd   free   buff  cache   si   so    bi    bo   in   cs us sy id wa st
 5 12 13329628 208832   2284  78284   22    0 54722     0 5734 4030 19  1 59 21  0	
 3 12 13329572 200420   2292  42916   58    0 50142    76 6839 3977 24  1 48 27  0	
 5 15 13329484 200192   2292  43896   88    0 49900     0 6460 3988 21  1 48 29  0	
 4 13 13359624 200320   2032  42508   92 15106 46130 15210 11908 4308 34  1 46 19  0	
 4 13 13359548 204308   2032  41300   48    0 51636     2 6220 3932 22  1 50 27  0	
 4 13 13359436 208700   2032  31552   38    0 51630     0 9570 4021 27  1 47 25  0	
 3 13 13359392 200148   2040  48088   16    0 54300    30 9983 3975 22  1 56 21  0	
 2 13 13359288 201188   2040  47032   88    0 53758     0 6481 4052 24  1 49 26  0	
 2 14 13359212 204592   2048  42512   64    0 53502    22 6348 3999 20  1 47 33  0	
 2 12 13359104 200544   2048  48352   64    0 52432     2 6588 4073 25  1 50 25  0	
 3 13 13359004 200112   2048  48688   64    0 56186     2 6150 3932 20  1 54 24  0	
 5 10 13358804 201152   2084  44340  354    0 53634    44 7987 4230 29  1 45 25  0	
 4  3 13358716 199924   2140  45508   48    0 50566     0 7287 4105 21  1 51 28  0	
 1  2 13358668 203124   2112  43012   16    0 17434     0 4693 2769 13  0 76 11  0	
 0  1 13358588 205060   2124  39060   96    0  2112    86 1305 1956  0  0 89 11  0	
 1  1 13358444 208952   2124  34192  226    0   464     0 1243 1867  0  0 91  9  0	
 1  1 13358392 212712   2132  29844   32    0    44    28 1116 1835  0  0 91  8  0	
 1  1 13358308 216192   2132  25704   32    0   452     0 1288 1883  0  0 91  9  0	
 0  1 13358264 223764   2132  23076   48    0   110    36 1177 1807  0  0 91  8  0	
 0  0 13365636 233700   2140  22100   48 3720   100  3746 1153 1816  0  0 98  1  0	
 0  0 13365524 233700   2140  22600   96    0   288    96 1067 1751  0  0 99  0  0	
procs -----------memory---------- ---swap-- -----io---- --system-- -----cpu-----
 r  b   swpd   free   buff  cache   si   so    bi    bo   in   cs us sy id wa st
 0  1 13365468 233708   2140  22984   48    0   380    48  985 1747  0  0 99  1  0	
 5 10 13365508 202608   2240  47684   64   80 13262    82 3650 3493 11  1 82  7  0	
 4  8 13365460 201140   2152  56440   48    0 49246   186 17242 7745 27  1 53 18  0	
 3 10 13523544 245560   1544  47260  176 79086 38560 79292 83550 8518 30  4 41 24  0	
 4 12 13523440 229036   1544 107400   32    0 55508     0 5535 4406 21  1 65 13  0	
 3 13 13523388 208460   1544 106176   32    0 52928     0 5566 3958 25  1 59 15  0	
 2 14 13523296 206996   1612 104804   48    0 52666    30 4879 3789 20  1 59 21  0	
 3 13 13523244 200412   1568  71100   60    0 50916     0 13100 4259 33  1 47 19  0	
 5 12 13523168 203020   1576  72352   32    0 52428    22 8145 3979 25  1 50 24  0	
 4 13 13522732 203032   1600  68936  728    0 52654     0 13475 4310 30  1 47 22  0	
 3 13 13522688 200024   1600  71828   32    0 49466     0 6708 3768 21  1 60 19  0	
 3 13 13522608 200536   1608  74932   48    0 53498    24 7447 4054 26  1 52 21  0	
 4 12 13522572 200908   1608  74224   16    0 50460     0 5486 3686 19  1 54 26  0	
 4 13 13522476 202416   1608  71652   64    0 52710     0 6929 4085 27  1 51 21  0	
 2 13 13522412 203772   1616  69136   16    0 53798    20 10409 4110 26  1 53 20  0	
 4 10 13522336 202548   1708  68060  144    0 57434     0 7663 4359 25  1 46 28  0	
 3  5 13522236 200392   1656  73752   64    0 47918     0 6188 3800 18  1 59 22  0	
 3  5 13522196 200544   1664  73208   64    0 41516    80 6088 3668 19  1 62 18  0	
 2  1 13522136 203384   1656  70576    0    0 20760    34 3536 2685  3  0 85 11  0	
 0  2 13522040 200068   1656  74548   32    0 15468     0 2729 2393  0  0 92  8  0	
 1  1 13521968 202068   1664  70960   64    0 16426    64 2935 2453  0  0 90  9  0	
procs -----------memory---------- ---swap-- -----io---- --system-- -----cpu-----
 r  b   swpd   free   buff  cache   si   so    bi    bo   in   cs us sy id wa st
 0  1 13521900 204536   1664  69704   48    0  3646    12 1523 1949  0  0 91  8  0	
 0  2 13521864 207648   1664  65360    0    0   644     0 1132 1799  0  0 92  8  0	
 0  1 13521768 219576   1672  52348   48    0  1588   168 1240 1927  0  0 90  9  0	
 0  1 13521700 223808   1672  47216   48    0   392     0 1166 1821  0  0 91  9  0	
 1  1 13521668 229528   1672  41708   16    0    28     0 1086 1776  0  0 92  8  0	
 0  1 13521576 234208   1792  35976   76    0   274    58 1406 1943  0  0 91  8  0	
 6  7 13521508 209044   1732  52292  112    0 33104   204 8561 4769 24  1 63 12  0	
 3 11 13521408 208172   1720  48768  128    0 49364    44 22202 8583 29  2 46 23  0	
 5 13 13521340 201864   1728  80744   16    0 52960    86 7881 6011 20  1 59 20  0	
 5 12 13521280 203368   1728  74696   96    0 48256     0 6653 3937 23  1 50 27  0	
 3 13 13521132 200392   1728  79144  254    0 52458     0 6134 3913 20  1 54 26  0	
 8 10 13557880 200924   1736  31400   32 18396 45610 18532 9402 4905 30  2 39 30  0	
 7 12 13578784 206388   1736  39756   32 10496 48352 10528 17289 4687 46  2 36 16  0	
 3 12 13578728 202988   1744  39952   48    0 50748    36 8915 4196 32  1 48 19  0	
 4 13 13578696 200964   1744  41128   16    0 52538     0 7619 3927 21  1 50 28  0	
 3 13 13578564 200252   1744  44816  128    0 51362     0 10377 4058 27  1 47 25  0	
 2 13 13578532 200136   1752  47664   16    0 52248    20 6444 3992 20  1 54 26  0	
 3 14 13578424 200008   1752  46448  144    0 52092     2 6686 4026 25  1 47 27  0	
 4 13 13578356 200124   1752  46948   48    0 48976     0 6494 3950 21  1 45 34  0	
 3 14 13578320 200436   1760  47032   16    0 52606    22 9455 4121 26  1 50 23  0	
 4  8 13578252 200504   1764  46668   48    0 51122     0 6339 4041 20  1 55 25  0	
procs -----------memory---------- ---swap-- -----io---- --system-- -----cpu-----
 r  b   swpd   free   buff  cache   si   so    bi    bo   in   cs us sy id wa st
 4  5 13578216 206404   1764  39760   16    0 48014     0 6731 4036 23  1 58 18  0	
 2  1 13578120 201780   1776  45160   48    0 35428    74 4853 3437 12  1 70 17  0	
 0  1 13578068 203320   1776  44112   16    0 16494     0 3044 2597  0  0 91  9  0	
 1  2 13578032 202444   1776  44472    0    0 18020     0 2766 2486  0  0 90 10  0	
 0  1 13577944 204804   1784  41672   64    0 17014    56 2844 2514  0  0 91  9  0	
 0  1 13577904 205116   1784  38784   32    0  1094     0 1205 1831  0  0 91  9  0	
 0  3 13577848 210820   1792  31848   32    0    50    50 1133 1855  0  0 91  8  0	
 0  1 13577756 214960   1792  27928   80    0   312     0 1145 1830  0  0 91  8  0	
 1  0 13577720 232940   1792  22048   16    0    72    94 1117 1784  0  0 94  5  0	
 1  0 13577616 227492   1800  27636   48    0  2920    42 1191 1908  0  0 96  3  0	
 1  1 13577544 225508   1800  29476   48    0   846     0 1035 1788  0  0 99  1  0	
 1  2 13577444 221640   2000  32248  228    0  2000    30 1263 1975  0  0 97  3  0	
 2  1 13577364 220904   2004  33352   68    0   364     0 1136 1814  0  0 98  1  0	
 1  0 13577324 219920   2004  33608   32    0   194     0 1023 1775  0  0 99  0  0	
 2  1 13577228 211024   2048  40888   64    0  4830   112 3386 3693  8  1 84  7  0	
 5 11 13577184 204480   1832  33172   64    0 46818   256 18285 7413 23  1 62 13  0	
 2 10 13658636 223196   1832  55468  202 40782 45366 40912 18274 8604 23  2 57 18  0	
 3 12 13658584 224816   1840  98788   32    0 56546   194 5941 4664 21  1 56 22  0	
 4 12 13658544 226096   1840  96180   16    0 53590     0 5505 3926 25  1 57 18  0	
 8 12 13658452 218664   1848  97420   16    0 52864    26 5810 3870 22  1 61 17  0	
 4 13 13658416 208976   1848  51696   32    0 53198     2 23051 4190 29  2 50 19  0	
procs -----------memory---------- ---swap-- -----io---- --system-- -----cpu-----
 r  b   swpd   free   buff  cache   si   so    bi    bo   in   cs us sy id wa st
12 10 13658328 204204   1848  54360   48    0 51648     2 7173 4081 24  1 54 21  0	
 4 13 13658272 202360   1856  58468   48    0 52160    22 6479 3970 26  1 49 25  0	
 2 12 13658224 205536   1856  49716   80    0 55002     0 8823 4182 31  1 54 14  0	
 3 13 13658156 205864   1856  52588   32    0 54780     0 8888 4037 21  1 56 22  0	
 2 12 13658116 214080   1864  47740   16    0 53406    22 7029 3947 25  1 52 22  0	
 6 13 13658020 199920   1864  62208   64    0 53998     0 6076 4004 23  1 55 21  0	
 7 15 13657972 206844   1864  51036    0    0 52970     0 9677 4226 27  1 47 26  0	
 3 12 13657932 206852   1872  54084   32    0 51628    36 7289 3968 19  1 48 32  0	
 2  6 13657840 210356   1872  51016  162    0 47050     0 6304 4139 22  1 52 25  0	
 2  4 13657804 200780   1872  61200    0    0 39956     0 5111 3379 13  1 63 24  0	
 1  2 13657712 201012   1880  59564   48    0 29248   106 4044 2845  3  0 82 15  0	
 1  3 13657668 213524   1880  48348   32    0 32006     0 4032 2814  0  0 87 13  0	
 1  2 13657628 211900   1888  49052   48    0 31632    56 4362 2778  0  0 87 13  0	
 1  1 13657560 206104   1888  55880   32    0 23680   196 3385 2641  0  0 89 10  0	
 1  1 13657520 208344   1888  51408   16    0   392     0 1144 1767  0  0 91  8  0	
 1  1 13657416 213932   1896  45524   48    0    48    38 1127 1802  0  0 91  9  0	
 1  1 13657364 219164   1896  40012   32    0   108     0 1074 1751  0  0 91  8  0	
 6  2 13657336 223380   1896  34940    0    0    66     0 1095 1803  0  0 92  8  0	
 3  8 13657228 210652   1896  34192  144    0 17822    30 14941 6036 22  1 62 15  0	
 2 13 13733620 212988   1896  36324   22 38214 40362 38522 25404 9570 31  3 51 16  0	
 3 13 13733484 200548   1904 101352   48    0 54768    56 5989 4563 20  1 50 29  0	
procs -----------memory---------- ---swap-- -----io---- --system-- -----cpu-----
 r  b   swpd   free   buff  cache   si   so    bi    bo   in   cs us sy id wa st
 2 12 13733376 203748   1904  72424   64    0 53448     0 6308 4084 25  1 56 19  0	
 2 12 13733324 215568   1904  60400    0    0 53232     0 5405 3817 20  1 57 22  0	
 4 14 13733220 201960   1928  39416   64    0 53198    52 10095 4378 30  1 47 22  0	
 3 13 13733168 199932   1928  43832   52    0 51716   102 7683 3956 21  1 58 20  0	
 5 12 13733056 204280   1928  36696   64    0 50582     0 7773 4079 28  1 50 21  0	
 2 13 13732996 200160   1936  39936   32    0 53314    42 9105 4062 26  1 49 25  0	
 3 13 13732944 200000   1936  41304   16    0 53496     0 7858 4035 24  1 57 18  0	
 3 14 13732840 200292   1936  43008   80    0 54328     0 7804 4066 23  1 49 27  0	
 8 12 13732788 205956   1948  37744   32    0 53904    24 6428 4032 26  1 46 27  0	
 4 12 13732680 200740   1948  43960   48    0 51624     0 6008 3965 21  1 46 32  0	
 2 13 13732616 200648   1948  43652   32    0 53844     0 7567 4103 29  1 58 12  0	
 4 12 13732544 200440   1956  43940   72    0 54498    20 5872 3979 21  1 52 26  0	
 2  4 13732464 201008   1956  43976   16    0 46640     0 6765 4031 25  1 55 20  0	
 0  1 13732416 202208   1956  40988   48    0 18378     0 3546 2748  9  0 80 10  0	
 0  1 13732300 206108   1964  35844   96    0    96   104 1245 1878  0  0 91  9  0	
 1  1 13732216 210480   1964  29248   38    0    38    16 1164 1812  0  0 91  8  0	
 1  1 13732164 216440   1964  23912   48    0    48     0 1136 1797  0  0 91  8  0	
 1  0 13734052 234088   1972  22504   48  988    48  1024 1182 1821  0  0 94  5  0	
 1  0 13733992 233336   1972  22540   32    0    32     0 1045 1754  0  0 100  0  0	
 1  0 13733892 233212   1972  22564   64    0   116     0 1082 1775  0  0 99  0  0	
 1  0 13733816 233336   1980  22688   64    0    64   122 1073 1764  0  0 99  0  0	
procs -----------memory---------- ---swap-- -----io---- --system-- -----cpu-----
 r  b   swpd   free   buff  cache   si   so    bi    bo   in   cs us sy id wa st
 1  0 13733768 232740   1980  23216   16    0   498     0 1062 1762  0  0 99  1  0	
 1  0 13733664 232880   1980  23620   80    0    80     0 1056 1757  0  0 100  0  0	
 2  1 13735732 218096   1992  29732  156 1080  5184  1106 6782 3587 13  1 80  6  0	
10 11 13805764 200184   1872  30396  128 35074 29920 35340 31258 8444 23  2 46 29  0	
 3 17 13849240 205160   1880  99784   64 21778 51556 21860 16986 6552 26  2 58 14  0	
 3 13 13849188 208508   1896  96584   16    0 52906     0 5492 4000 25  1 55 19  0	
 3 13 13849100 208932   1896  97568   16    0 53944     0 4903 3797 20  1 60 20  0	
 4 13 13849056 204224   1904  30896   64    2 52942    26 7369 4187 27  1 51 21  0	
 6 12 13848936 206024   1904  34176  112    0 50500     0 8584 3929 22  1 56 21  0	
 6 13 13848824 202680   1904  37400  166    0 50982     2 6513 4107 27  1 48 25  0	
 3 12 13848752 204804   1912  33148   48    0 50110    22 10149 3958 26  1 44 29  0	
 3 14 13848620 202976   1912  38336  112    0 52040     0 8990 4089 25  1 55 20  0	
 2 13 13848568 203568   1920  37088   32    0 51928    20 6922 4019 22  1 52 25  0	
 2 14 13848460 209612   1920  32796   64    0 55458     0 6619 4174 26  1 46 27  0	
 4 12 13848392 205744   1920  34700    0    0 51220     0 5642 3808 20  1 55 25  0	
 3 13 13848344 200456   1928  43112   48    0 52488    16 8864 4180 28  1 46 25  0	
 2 14 13848236 201152   1928  43076   94    0 50976     0 6260 3885 19  1 51 29  0	
 3  9 13848184 201972   1956  40404   16    0 52510    42 6857 4291 23  1 49 27  0	
 3  4 13848080 204956   1956  37044   80    0 44466     0 5687 3826 17  1 59 24  0	
 1  1 13848008 207248   1956  34888   16    0 25078    36 4230 3018  8  1 77 14  0	
 0  1 13847960 202724   1964  40132   32    0 16764    92 3087 2551  0  0 90  9  0	
procs -----------memory---------- ---swap-- -----io---- --system-- -----cpu-----
 r  b   swpd   free   buff  cache   si   so    bi    bo   in   cs us sy id wa st
 1  1 13847876 203548   1964  37652   32    0 17556   110 2940 2524  0  0 90  9  0	
 0  1 13847828 207308   1964  36132   32    0 14502     0 2711 2405  0  0 92  8  0	
 1  1 13847700 209636   3292  30928   98    0   948    50 1625 2332  0  0 92  8  0	
 1  1 13847608 214484   3292  26320   32    0   116     0 1083 1792  0  0 91  8  0	
 1  1 13847560 218196   3292  22268   48    0   120     0 1163 1808  0  0 91  8  0	
 1  0 13847472 232464   3308  21916   48    0    48    24 1073 1740  0  0 97  2  0	
 1  0 13847420 232448   3308  21904   16    0    16     0 1002 1722  0  0 100  0  0	
 1  0 13847316 231968   3308  21928   80    0   132     0 1017 1794  0  0 100  0  0	
 1  0 13847240 231820   3316  22000   48    0    48    14 1018 1789  0  0 99  0  0	
 9  6 13847148 214780   3316  36844  112    0  8120     0 5557 3618 12  1 82  5  0	
 1 11 13870464 202240   1884  29492   80 11714 48368 11994 17180 9599 28  2 47 23  0	
 3 11 13925436 209520   1892  94856   74 27512 48862 27630 25292 6844 21  2 56 20  0	
 3 12 13925252 200320   1892  60372  112    0 51700     0 9595 5029 24  1 55 20  0	
 3 11 13925188 210312   1892  32344   16    0 53574    70 6748 5246 19  1 57 23  0	
 4 12 13979856 200040   1900  44052  178 27368 48532 27460 42418 6196 32  2 39 27  0	
 2 12 13988672 230180   1900  53684   80 4456 51570  4586 19787 7325 25  2 49 23  0	
 2 18 13988464 199980   1908  83504  402    0 52664    42 7565 4404 27  1 51 21  0	
 7 11 13987820 200472   1908  38364  194    0 50856     0 13456 4364 30  1 47 21  0	
 3 13 13987724 203524   1908  38024   86    0 52784     2 7895 3948 21  1 49 29  0	
 7 12 13987672 201536   1916  39796   68    0 53390    26 7049 4138 25  1 42 32  0	
 2 12 13987572 199920   1916  41280   64    0 55080     4 7528 4060 23  1 47 29  0	
procs -----------memory---------- ---swap-- -----io---- --system-- -----cpu-----
 r  b   swpd   free   buff  cache   si   so    bi    bo   in   cs us sy id wa st
 3 13 13987496 201048   1972  40452  116    0 50130     2 7157 4122 28  1 49 22  0	
 3 12 13987352 200436   1988  40736   96    0 50768    54 9546 4063 22  1 51 26  0	
 3 10 13987284 200288   1988  41460   48    0 48258     2 6538 4041 22  1 55 23  0	
 1  6 13987228 199940   1988  41448   56    0 49228     2 6918 3972 19  1 59 21  0	
 2  3 13987128 200312   2124  41080   48    0 38892    72 5564 3471 15  1 63 21  0	
 1  1 13987068 200716   2000  41312   96    0 24310     2 4131 2959  6  0 81 13  0	
 0  1 13986960 202256   2000  39460   96    0 16756     0 3166 2524  0  0 90  9  0	
 1  1 13986892 201500   2008  39416   64    0 16460    54 3324 2510  0  0 91  9  0	
 1  1 13986844 201052   2008  39432   32    0 10320     0 2467 2256  0  0 91  8  0	
 1  1 13986756 207080   2008  32044   96    0   276    12 1160 1840  0  0 91  8  0	
 1  1 13986708 210336   2016  27688   48    0    48    18 1151 1824  0  0 91  8  0	
 1  1 13986584 207724   2016  27580  278    0  3024     0 1257 1970  0  0 88 11  0	
 0  1 13986588 215040   2020  19360   80   42    82   158 1192 1834  0  0 92  8  0	
 0  1 13988324 217148   2028  18460   96  900    96   938 1153 1792  0  0 91  8  0	
 0  1 14032880 266368   2044  16024   32 22320   214 22320 2158 2384  0  2 91  7  0	
 8  2 14066340 299508   2060  15092  420 16766   428 16766 2127 2531  3  2 93  2  0	
 5 13 14056576 208536   1656  84576 4936    0 47456   512 19122 7846 33  2 53 13  0	
10  9 14053616 201736   1480 106184  800    0 51256    34 19271 10341 26  2 58 14  0	
 2 12 14053532 200872   1452 127696   56    0 55120    56 7014 4047 23  1 54 23  0	
 9  9 14053244 197852   1488  72264  344    0 48690     0 24801 3957 20  2 56 22  0	
 3 12 14057536 200424   1496  44572   78 2176 44424  2374 595440 4722 26  8 42 24  0	
procs -----------memory---------- ---swap-- -----io---- --system-- -----cpu-----
 r  b   swpd   free   buff  cache   si   so    bi    bo   in   cs us sy id wa st
 5 13 14075244 204608   1508  40916   78 8906 46038  9010 27066 4048 24  1 46 28  0	
 5 13 14074808 200164   1520  48028  426    0 51104     0 8422 4176 28  1 44 27  0	
 5 15 14074760 200952   1520  47608   16    0 49424     0 7609 3860 22  1 48 29  0	
 3 12 14068108 200404   1528  50432  352    0 53230    34 13313 4172 28  1 54 17  0	
 4 15 14068056 200640   1528  51828   64    0 54112     0 9106 4133 26  1 46 28  0	
 3 14 14067940 200696   1536  51580   78    0 55776    20 7175 4066 21  1 43 35  0	
 3 13 14067848 200328   1536  51500   16    0 51752     0 7286 3990 24  1 47 28  0	
 3 12 14067796 201880   1536  49712   32    0 51988     0 6883 3888 20  1 48 31  0	
 2 12 14067708 200892   1548  49724   96    0 51608    16 7244 4073 25  1 52 23  0	
 2 10 14067652 202420   1548  46476   64    0 53442     0 8968 4220 24  1 47 29  0	
 5  5 14067544 200140   1548  52072   64    0 47916     0 6983 3997 23  1 57 19  0	
 2  1 14067448 201880   1548  48240  102    0 37996    74 5443 3444 17  1 70 12  0	
 2  1 14067360 201524   1548  50972   42    0 23564     0 3559 2803  9  0 90  1  0	
 0  2 14067264 204120   1556  44976   16    0 11214    56 2464 2301  4  0 91  4  0	
 0  1 14067212 209256   1556  38900   44    0    44     0 1112 1759  0  0 91  8  0	
 0  1 14067100 212892   1556  33128   32    0    32     0 1110 1777  0  0 91  9  0	
 1  1 14067028 218092   1564  27068   48    0   124    10 1136 1780  0  0 91  8  0	
 8 10 14085600 200352   1552  37068 5824 17394 24138 17430 85421 5854 26  2 59 12  0	
 3  9 14101976 217248   1436  40484   16 7798 50022  8062 33819 8726 27  2 53 17  0	
 6 12 14093276 200044   1444  70732 5108    0 54924   120 9417 7255 25  1 57 18  0	
 3 13 14062468 203128   1444  37204 17626 4782 50244  4864 52945 6542 42  1 38 19  0	
procs -----------memory---------- ---swap-- -----io---- --system-- -----cpu-----
 r  b   swpd   free   buff  cache   si   so    bi    bo   in   cs us sy id wa st
 3 12 14062376 203808   1444  37400   16    0 50178     0 5702 3765 19  1 56 24  0	
 8 13 14177576 212020   1452  33304  578 57664 31956 57848 633855 4695 34 12 33 21  0	
 4 13 14180524 200080   1412  44072 1114 1642 53362  1644 9719 4310 24  1 49 26  0	
 3 11 14217584 234616   1420  41816 3076 18612 49578 18654 29682 4439 31  3 42 24  0	
 4 12 14484720 360632   1420 139184  324 133632 56334 133632 125581 4324 26  9 49 16  0	
 3 12 14640300 399592   1552 249524  154 77824 55884 77824 91736 4226 29  6 49 15  0	
 5 11 14883952 513324   1560 362680  136 121860 56270 121882 167515 4122 22  9 58 11  0	
 3 14 15129604 687188   1560 468992   70 122876 53126 122876 104076 4063 26  9 51 13  0	
 3 12 15292404 770152   1560 575708   34 81428 53538 81428 53933 3910 21  6 58 15  0	
 2 11 15292268 663404   1672 682572  158    0 53534    20 5838 4142 28  1 58 13  0	
 4 12 15292168 540116   1676 798212 3504    0 61566     0 5371 4480 23  1 55 21  0	
 4  5 15292032 395904   1676 903764 18480    0 70676     0 6858 6134 28  1 56 15  0	
 2  3 15291940 308872   1684 991168 1344    0 45290    78 5750 3860 22  1 67 11  0	
 1  0 15291856 248160   1688 1046552 2388    0 29838     0 4120 3332 15  0 80  4  0	
 1  0 15291708 238644   1460 1051720 1490    0 21436    66 2923 2793  8  0 91  1  0	
 0  0 15291628 253788   1440 1033056 2248    0 18388     0 2822 2848  6  0 92  1  0	
 0  0 15291572 253580   1796 1033252   38    0   290    42 1072 1790  0  0 99  0  0	
 1  0 15291480 253068   1808 1033244   34    0   160    82 1024 1755  0  0 99  0  0	
 1  3 15291260 251720   1980 1034360  482    0  1362     0 1858 2700  1  0 97  1  0	
11  1 15269428 240888   1984 1022868 12256    0 47612   174 12386 6648 43  1 37 19  0	
 2 11 15233432 278236   1984 951416 18518    0 70230    56 19149 10818 27  2 55 16  0	
procs -----------memory---------- ---swap-- -----io---- --system-- -----cpu-----
 r  b   swpd   free   buff  cache   si   so    bi    bo   in   cs us sy id wa st
 5 11 15233276 249080   1984 975064  118    0 54790     0 5461 4048 26  1 61 12  0	
 4 11 15233152 279840   1984 941080   80    0 51776     0 4866 3766 20  1 68 11  0	
22  5 15233056 298536   1892 909040   48    0 45616    18 56645 3754 20 16 47 16  0	
 4 12 15232912 303928   1892 820284  208    0  7252     0 92665 3302 39 30 25  6  0	
 4 11 15232812 246044   1892 872188   96    0 52706     0 10195 4066 32  1 49 18  0	
 3 11 15232752 261072   1900 853676  208    0 51502    58 6987 4004 28  1 57 14  0	
 2 12 15232664 274812   2008 835944   16    0 53312     0 9432 3867 24  1 64 11  0	
 3 12 15232584 294800   1536 822292   52    0 55320    26 7429 4071 29  1 55 15  0	
 3 11 15232468 296784   1528 819484  132    0 54100    38 4874 3785 20  1 63 16  0	
 4 12 15232388 295048   1528 820216  354    0 54982     0 5570 3921 26  1 54 19  0	
 3 11 15232336 295544   1532 820172   32    0 53746    54 4832 3822 20  1 60 20  0	
 2 12 15232240 296900   1524 817420  100    0 53292     0 6768 3964 28  1 57 14  0	
 5  5 15232184 296652   1504 817936  142    0 54526     0 6992 4221 29  1 58 12  0	
 6  4 15232076 297528   1436 816356   96    0 48254    86 4923 3794 20  1 70  9  0	
 0  1 15232004 299908   1436 814104  126    0 20246     0 3013 2757 10  0 86  4  0	
 0  0 15231948 299700   1444 814848   44    0   418   134 1064 1777  0  0 99  1  0	
 1  0 15231860 298624   1444 816260   86    0   822     0 1116 1783  0  0 99  0  0	
 1  0 15231812 298920   1444 816332   16    0    16     0  979 1710  0  0 100  0  0	
 2  0 15231700 298656   1452 816236   86    0    86    18 1008 1769  0  0 99  0  0	
 1  0 15231620 298920   1452 816280   32    0   166     0 1021 1782  0  0 100  0  0	
 4  8 15231316 247248   1480 794492  458    0 23100     0 37219 5892 36  7 40 17  0	
procs -----------memory---------- ---swap-- -----io---- --system-- -----cpu-----
 r  b   swpd   free   buff  cache   si   so    bi    bo   in   cs us sy id wa st
 4 13 15231200 275728   1488 766024  144    0 46522    26 24619 9246 26  2 54 18  0	
 4 12 15231080 232448   1488 809964  176    0 48252     0 5605 4083 26  1 57 16  0	
 2 12 15230960 251172   1480 788924   32    0 50258     0 4820 3914 19  1 63 17  0	
11  0 15230860 258588   1488 763096  112    0 37226    16 6340 3323 25  4 56 15  0	
 4 12 15230792 240008   1488 749112   32    0 41144    16 35701 4201 38  3 49 10  0	
 7 12 15230700 248704   1476 738168  144    0 50184     0 5849 4009 28  1 59 12  0	
 4 11 15230648 258624   1440 728124   16    0 55262    26 6628 4031 27  1 59 13  0	
 8 12 15230528 266412   1560 716476   64    0 50276    96 11017 4188 30  1 58 11  0	
 2 11 15230456 269784   1560 715412   50    0 52618     0 8045 3758 23  1 64 12  0	
 4 11 15230412 272512   1560 710996   34    0 55322    84 5572 3999 26  1 56 18  0	
 5 12 15230300 277216   1560 706520   98    0 56584     0 5045 3902 21  1 65 13  0	
 2 12 15230248 283920   1560 699568   48    0 55292     0 5569 4039 26  1 55 19  0	
 3 11 15230096 290368   1560 690192  106    0 55350   114 5756 4069 25  1 55 19  0	
 4  7 15229980 291344   1444 690992   62    0 54954     0 6332 4205 27  1 53 18  0	
 3  0 15229936 295716   1452 686576   16    0 39566    88 4565 3547 17  1 74  8  0	
 1  0 15229840 297180   1456 684876   32    0  4434     0 1677 2054  2  0 97  0  0	
 1  0 15229768 297012   1456 685020   16    0    16     0 1108 1812  0  0 100  0  0	
 1  0 15229672 297028   1464 684916   64    0    64    44 1075 1807  0  0 99  0  0	
 0  0 15229604 297432   1464 685000   14    0    22     0 1050 1785  0  0 100  0  0	
 1  0 15229548 297564   1464 684956   64    0    64    26 1055 1755  0  0 100  0  0	
 1  0 15229464 297960   1472 684948   32    0    32    32 1080 1748  0  0 99  0  0	
procs -----------memory---------- ---swap-- -----io---- --system-- -----cpu-----
 r  b   swpd   free   buff  cache   si   so    bi    bo   in   cs us sy id wa st
 1  1 15229392 298084   1472 684972   48    0    48     0 1036 1753  0  0 100  0  0	
 1  0 15229300 298084   1472 684968   64    0    76     4 1041 1775  0  0 99  0  0	
 1  0 15229236 297960   1480 685040   32    0    32    36 1061 1759  0  0 100  0  0	
 1  0 15229176 297712   1480 685008   48    0    48     4 1013 1779  0  0 100  0  0	
 6  8 15228920 287400   1480 695408  376    0  5906     0 2808 3605  5  1 90  4  0	
 3  6 15220584 239836   1480 714296 4254    0 50270   186 17968 8986 36  2 47 15  0	
 7  9 15206096 223940   1480 707708 7344    0 51094     4 12237 10249 20  2 63 15  0	
 4 11 15206004 257292   1480 713056  160    0 54136     0 8706 7622 25  1 54 19  0	
 9  6 15205940 236652   1480 708848   32    0 50382   304 9305 4051 30  1 54 15  0	
10 15 15205044 244520   1480 675704 7728    0 56106     0 9751 8057 52  2 35 12  0	
45  9 15204972 250624   1480 658468  126    0 47460    18 7259 3676 26  3 59 13  0	
 7 11 15204844 228328   1484 630884   90    0 19502     2 42955 3814 56  8 21 15  0	
 2 11 15204764 241632   1456 612036   78    0 53066     0 12172 4082 30  1 56 13  0	
 2 12 15204688 249204   1464 606228  128    0 56960    38 8202 4097 26  1 56 18  0	
 2 11 15204612 253296   1460 599860   16    0 54770     0 6130 3940 24  1 61 14  0	
 2 12 15204540 256868   1460 596820   64    0 55232     0 5785 4045 27  1 57 16  0	
 4 13 15204468 259604   1468 592308   64    0 54780   144 4919 3861 20  1 66 13  0	
 2 10 15204396 262704   1468 587452   16    0 50236     0 8001 4064 29  1 53 18  0	
10  4 15204332 264936   1472 585276  120    0 52742    54 5315 3887 24  1 62 13  0	
 2  4 15204240 265812   1472 585040   32    0 48908     0 5161 3907 22  1 64 13  0	
 2  3 15204172 267440   1472 582544   14    0 42528     0 4501 3499 18  1 72  9  0	
procs -----------memory---------- ---swap-- -----io---- --system-- -----cpu-----
 r  b   swpd   free   buff  cache   si   so    bi    bo   in   cs us sy id wa st
 0  0 15204104 267844   1480 581696   52    0 13506    84 3054 2607 10  0 87  2  0	
 0  0 15204040 268240   1480 581584   62    0   138     0 1010 1734  0  0 100  0  0	
 0  0 15203988 268644   1488 581768   44    0    44    40  967 1675  0  0 99  0  0	
 1  0 15203916 268280   1488 581880   80    0   194     0 1043 1711  0  0 99  0  0	
 0  0 15203836 268584   1488 582056   80    0    80     0  990 1726  0  0 100  0  0	
 1  0 15203736 268832   1496 581988   48    0    48   142 1025 1722  0  0 99  0  0	
 9  7 15203580 252004   1496 597872  256    0  8354     0 3237 3791  8  1 85  6  0	
 5  8 15203508 233708   1484 565448   46    0 47308    16 16261 7905 31  2 57 10  0	
 2  8 15203416 228636   1492 546728   66    0 42062    34 17455 7250 24  2 57 17  0	
 2 11 15203344 254472   1492 566052   64    0 50048     0 10023 9293 20  1 61 18  0	
 4 12 15203236 240652   1484 573428   92    0 54454    66 5565 4238 25  1 60 14  0	
 2 11 15203144 252424   1492 560932  106    0 52542    20 4953 3861 20  1 68 12  0	
14  0 15203084 220264   1492 533044   64    0 31760    18 21752 4091 45  5 41 10  0	
 4 12 15202980 233400   1464 498700   96    0 50484     0 20076 4135 33  2 51 14  0	
 3 11 15202900 241244   1472 483072  174    0 53630    32 8759 4174 31  1 55 13  0	
 5 12 15202836 231944   1472 499068   34    0 56732    40 8306 3961 22  1 62 14  0	
 4 10 15202776 237648   1472 491772   64    0 55714    26 5579 4059 26  1 55 18  0	
 3 12 15202736 241236   1468 487248   48    0 54744    18 6225 3879 24  1 65 10  0	
 3 12 15202672 241988   1468 486008   16    0 55264     0 5622 3972 26  1 62 11  0	
 3 11 15202612 244460   1476 483288   48    0 54432    22 5433 4075 24  1 59 16  0	
 4 11 15202512 230812   1480 497416   48    0 53544     4 8078 4193 26  1 55 18  0	
procs -----------memory---------- ---swap-- -----io---- --system-- -----cpu-----
 r  b   swpd   free   buff  cache   si   so    bi    bo   in   cs us sy id wa st
 1  5 15202444 237268   1472 490516   62    0 46788     0 5188 3793 17  1 63 19  0	
 1  2 15202416 241260   1480 486064   20    0 42392   192 5462 3610 18  1 60 21  0	
 1  2 15202336 242664   1480 484828   64    0 32268     0 3899 2945  4  0 86 10  0	
 1  1 15202276 242052   1484 484012   16    0 33306    78 3982 2842  0  0 93  7  0	
 1  1 15202176 242324   1480 484056   88    0 35008     2 4022 2785  0  0 94  5  0	
 1  0 15202124 244960   1480 481240   48    0 17698     0 2566 2240  0  0 96  3  0	
 1  0 15202088 244960   1488 481352   16    0    28    28  974 1716  0  0 100  0  0	
 1  0 15201992 238792   1764 486948   48    0  3018     0 1162 1861  0  0 98  2  0	
 0  0 15201856 238296   1768 486992  186    0   188     0 1158 1965  0  0 99  0  0	
 6  9 15201708 232060   1904 516096  180    0 30964    38 13210 7339 24  1 58 16  0	
 3 11 15201656 224868   1904 532492   18    0 53266     0 8650 6262 26  1 61 11  0	
 3 12 15201612 231564   1904 525344   44    0 53858    32 4816 3804 20  1 67 12  0	
 2 12 15201512 238988   1888 477232   64    0 52680     0 5593 3947 24  1 58 17  0	
 3 11 15201456 243840   1500 472628   48    0 56968     0 5031 3925 21  1 62 16  0	
 3 11 15201368 245096   1508 466544  126    0 53520    24 6960 4127 29  1 51 19  0	
 3 11 15201312 246336   1508 468384   16    0 58326     0 6240 4038 23  1 63 14  0	
 4 12 15201268 246832   1508 462396   16    0 51920    64 8472 4097 34  1 54 12  0	
 2 12 15201196 248080   1516 460780   64    0 54184    36 8415 3845 22  1 63 14  0	
 2 11 15201132 251180   1508 456876   18    0 56552     0 6984 4021 26  1 61 13  0	
11 11 15201052 249816   1516 461172   80    0 56984   182 6211 3921 21  1 61 17  0	
 3 13 15201000 252660   1516 458292   32    0 52420     0 6488 3967 27  1 55 17  0	
procs -----------memory---------- ---swap-- -----io---- --system-- -----cpu-----
 r  b   swpd   free   buff  cache   si   so    bi    bo   in   cs us sy id wa st
10  9 15200964 252776   1508 457840   48    0 51338     6 4878 3712 20  1 63 17  0	
 4 10 15200880 252908   1516 458644    0    0 55264    32 5427 4056 25  1 60 14  0	
 0  2 15200828 254008   1516 457860   74    0 46858     0 6794 4074 27  1 63  9  0	
 1  0 15200760 253652   1508 457796   32    0 27100     0 4115 2998  7  0 87  5  0	
 1  0 15200708 253972   1516 457500    0    0 17792    96 3103 2434  0  0 99  0  0	
 1  0 15200672 253912   1516 458180   16    0 19158     4 2786 2401  0  0 100  0  0	
 2  0 15200608 254384   1516 457512   48    0 16694     0 2593 2326  0  0 99  0  0	
 0  0 15200556 253796   1524 458516   20    0   524    20 1055 1750  0  0 99  1  0	
 0  0 15200468 253680   1524 458556   60    0    78     0  944 1696  0  0 100  0  0	
 1  0 15200416 253828   1524 458896   32    0   200     0  951 1678  0  0 100  0  0	
 1  0 15200384 253580   1532 458892    0    0     0    34  983 1668  0  0 99  0  0	
 1 12 15200196 223124   1536 489864  948    0 16468     0 3059 3884  6  0 82 11  0	
 3 11 15200140 234020   1536 476712   32    0 50538     0 4611 3864 18  1 70 12  0	
 2 12 15200052 229612   1540 486912   98    0 52372   124 5467 4210 23  1 62 14  0	
 2 12 15200008 233820   1540 480756   14    0 57008     0 4886 4045 20  1 62 17  0	
 3 11 15199968 229628   1540 484616   64    0 52578   162 5580 3884 23  1 57 19  0	
 4 11 15199880 231744   1524 479492   16    0 55448     0 4933 3962 19  1 63 17  0	
 2 12 15199816 237572   1512 471900   42    0 56304     0 5446 4072 24  1 61 14  0	
 3 12 15199748 241912   1520 465980   42    0 54524    96 4860 3876 19  1 67 12  0	
 3 11 15199688 244400   1512 464004   66    0 56196     0 5379 3989 25  1 64 11  0	
 2 12 15199660 245284   1512 462728    0    0 54158    20 4751 3793 19  1 66 14  0	
procs -----------memory---------- ---swap-- -----io---- --system-- -----cpu-----
 r  b   swpd   free   buff  cache   si   so    bi    bo   in   cs us sy id wa st
 3 11 15199592 246648   1520 460756   32    0 58578    28 5556 4129 26  1 54 19  0	
 2 11 15199536 248252   1512 458556   48    0 57422     0 4882 3929 19  1 67 13  0	
 3 12 15199456 251972   1512 454864   32    0 58730     2 5582 4112 26  1 59 14  0	
 3 12 15199400 250848   1520 455748   16    0 55638    26 5076 3872 19  1 61 19  0	
 2  6 15199372 252956   1512 453180   32    0 53728    16 5963 4188 23  1 56 20  0	
 1  0 15199304 255312   1512 451204   32    0 31928     0 4472 3127  7  0 86  6  0	
 1  0 15199244 254988   1520 451640   64    0 21888    32 3247 2626  0  0 99  1  0	
 1  0 15199172 254664   1520 452116   64    0 21624     2 3154 2564  0  0 99  0  0	
 1  0 15199128 255904   1520 450472    0    0  3724     0 1398 1881  0  0 100  0  0	
 1  0 15199092 256316   1528 450836    0    0   182    28 1008 1784  0  0 99  0  0	
 1  0 15199008 256820   1528 450844   64    0    64     0 1070 1773  0  0 100  0  0	
 1  0 15198960 256960   1528 450836    0    0     0     0 1008 1766  0  0 100  0  0	
 0  0 15198888 257348   1536 450860   32    0    32    68 1048 1784  0  0 99  0  0	
 0  1 15198384 250148   1536 453100 2580    0  3854     0 1523 2431  0  0 88 11  0	
 2  1 13262512 6818600   1564 455716 2490    0  3652    64 1846 2558  0  1 91  7  0	
