procs -----------memory---------- ---swap-- -----io---- -system-- -----cpu------
 r  b   swpd   free   buff  cache   si   so    bi    bo   in   cs us sy id wa st
 1  6  46268 29521780   1848  94764    1    1    34    14    0    0  0  0 99  0  0
 1  1  46268 29448916   1972 112496    0    0  8528     0 2796 1203  5  0 87  8  0
 2  0  46268 29363452   2000 128864    0    0  8216     4 3345 1871  6  1 90  3  0
 0  1  46268 29187580   2072 144464    0    0  7516   120 4498 3234  7  1 89  3  0
17  0  46264 28927572   2220 171952    0    0 13706    36 5348 4416 24  1 53 22  0
 7  9  46264 24963708   2376 291372    0    0 60390     0 3273 1940 35 13 28 24  0
 5 13  46264 23630524   2504 417468    0    0 62962     0 2694 1584 28  4 31 38  0
 2 12  46264 23100948   2612 533000    0    0 57458     0 2662 1389 25  2 32 41  0
 2 13  46264 22977180   2728 656180    0    0 61492     0 2752 1611 23  0 36 41  0
 5 11  46264 22654340   2852 773784    0    0 59454    10 2920 1380 27  1 34 38  0
 4 11  46264 22368308   2972 905896    0    0 65492   254 2920 1619 31  1 27 41  0
 5 12  46264 21829004   3192 1123784    0    0 108804    88 5611 2659 31  1 24 44  0
15 11  46264 20673364   3348 1252936    0    0 64388     2 3318 1555 32  4 28 36  0
 3 11  46264 20538844   3472 1383800    0    0 65750     0 2805 1587 26  0 30 44  0
 4 10  46264 20168276   3632 1497244    0    0 56808     8 3102 1585 31  1 29 39  0
 5  6  46264 20035284   3768 1630096    0    0 65756     0 3311 1790 30  1 29 41  0
10  0  46264 19812860   3868 1737792    0    0 53738    40 3843 2361 47  1 40 11  0
12  0  46264 19578164   3916 1767044    0    0 14874    56 3270 2415 53  2 44  0  0
13  0  46264 19386716   3924 1779008    0    0  5764     0 3287 3135 69  2 28  0  0
11  0  46264 19354212   3940 1785448    0    0  3418     2 3025 3158 61  2 36  1  0
 4  0  46264 19290348   4020 1846728    0    0 30634     0 3851 3852 82  3 13  2  0
procs -----------memory---------- ---swap-- -----io---- -system-- -----cpu------
 r  b   swpd   free   buff  cache   si   so    bi    bo   in   cs us sy id wa st
15  1  46264 19186980   4124 1932944    0    0 43086     0 3791 3517 67  2 27  4  0
 3 12  46264 19078548   4272 2022912    0    0 45156     0 4680 3435 47  1 31 21  0
 2 12  46264 18970764   4400 2114484    0    0 45272     0 2915 1736 19  0 34 46  0
 2 11  46264 18874204   4504 2210076    0    0 48180     0 2610 1400 18  0 41 41  0
10 11  46264 18740596   4592 2302512    0    0 45844    78 2297 1269 19  0 41 40  0
10  7  46264 18010884   5128 2833704    0    0 265194   122 13812 8126 25  1 25 49  0
 4  9  46264 17887924   5236 2935080    0    0 50734     0 3339 2025 37  1 31 31  0
 5  8  46264 17722860   5344 3041312    0    0 53022    36 3643 2466 40  1 32 27  0
 8  6  46264 17583012   5452 3151544    0    0 55250    48 3844 2283 51  1 24 24  0
 7  8  46264 17446508   5564 3253264    0    0 50746     0 3654 2136 43  1 29 27  0
 4  9  46264 17266108   5684 3350484    0    0 48596     4 3303 1956 36  1 30 32  0
 8  0  46264 17152900   5752 3425460    0    0 37130     0 4590 3038 61  2 23 15  0
 9  0  46264 17042540   5756 3428360    0    0  1154     0 3927 3258 65  2 33  0  0
 8  0  46264 17040636   5756 3429896    0    0   768     0 3483 3250 65  2 33  0  0
 3  0  46264 17037788   5760 3432456    0    0  1282     0 3135 2509 44  1 55  0  0
14  0  46264 16865468   5780 3437320    0    0  2756   114 3833 2889 31  1 67  0  0
14  0  46264 16676972   5784 3440088    0    0  1026     0 9721 3072 90  3  6  0  1
14  0  46264 16348500   5808 3467496    0    0 13580     6 12926 3268 89  5  5  0  1
11  0  46264 15942812   5876 3529900    0    0 31396     0 7446 3840 85  4 10  0  1
 8  3  46264 15831236   5960 3604252    0    0 37188     0 7031 3865 61  2 35  2  0
 8  0  46264 15603076   6056 3699288    0    0 47256     2 6794 3215 52  2 34 12  0
procs -----------memory---------- ---swap-- -----io---- -system-- -----cpu------
 r  b   swpd   free   buff  cache   si   so    bi    bo   in   cs us sy id wa st
11  5  46264 15464460   6148 3798764    0    0 49842     0 7116 3260 54  2 37  7  0
10  5  46264 15229916   6252 3896936    0    0 48870    30 5424 3486 55  2 32 11  0
10  7  46264 15023652   6368 4009352    0    0 56354    82 4879 3066 63  2 15 20  0
 5  6  46264 14888500   6492 4126544    0    0 58684    38 3415 3124 45  1 26 27  0
 6  3  46264 14792004   6584 4223636    0    0 48432     0 4746 3743 37  1 46 15  0
 3  2  46264 14694284   6680 4320772    0    0 48792     0 2258 1749 26  1 64 10  0
 2  0  46264 14609812   6756 4406296    0    0 41896     8 1890 1335 19  1 77  4  0
 1  0  46264 14548260   6816 4467896    0    0 30878     0 1815 1248 14  0 85  0  0
 1  0  46264 14492508   6848 4503816    0    0 17936     0 1425 1067  9  0 91  0  0
 0  0  46264 14475188   6872 4521600    0    0  8844     0 1500  960  4  0 96  0  0
 0  0  46264 14472948   6880 4523640    0    0  1024    44 1361  869  0  0 100  0  0
 0  0  46264 14471276   6884 4525688    0    0  1026     2 1284  895  0  0 100  0  0
 0  0  46264 14469164   6884 4527724    0    0  1024     0 1259  836  0  0 100  0  0
 0  0  46264 14467036   6888 4529772    0    0  1026     6 1321  862  0  0 100  0  0
 0  0  46264 14465380   6888 4531824    0    0  1024     0 1217  898  0  0 100  0  0
 0  0  46264 14463708   6892 4533876    0    0  1026     0 1223  897  0  0 100  0  0
 0  0  46264 14461284   6892 4535928    0    0  1024     0 1279  899  0  0 100  0  0
 1  0  46264 14457180   6896 4537980    0    0  1026     0 1298  844  0  0 100  0  0
 0  0  46264 14453836   6904 4540028    0    0  1024    68 1413  869  0  0 99  0  0
 0  0  46264 14452468   6908 4542088    0    0  1026     0 1310  887  0  0 100  0  0
21  0  46264 14444100   6928 4546432    0    0  2434     0 5963 3869 34  1 65  1  1
procs -----------memory---------- ---swap-- -----io---- -system-- -----cpu------
 r  b   swpd   free   buff  cache   si   so    bi    bo   in   cs us sy id wa st
22  0  46264 14361940   6932 4549208    0    0  1026    38 27416 12431 79  5 16  0  1
12  0  46264 14153996   6932 4551276    0    0  1024     0 14668 4735 86  4 10  0  0
16  0  46264 14051924   6944 4557800    0    0  3334    74 13603 4520 89  5  6  0  0
19  0  46264 13738164   6964 4580560    0    0 11274     0 10377 5121 90  4  5  0  1
23  0  46264 13604084   7000 4610744    0    0 15252     0 6447 3158 92  3  4  0  0
25  0  46264 13476252   7032 4637936    0    0 13580    58 5340 4510 86  3 10  0  1
18  0  46264 13292484   7080 4685240    0    0 23706     0 3512 3250 94  3  3  0  0
12  1  46264 13191412   7132 4729580    0    0 22036     0 3837 3176 92  2  6  0  0
16  0  46264 13108276   7192 4777876    0    0 24218     0 12393 7388 67  2 30  0  0
16  0  46264 12958212   7248 4821336    0    0 21532     0 9646 7510 56  3 41  0  0
14  0  46264 12804996   7304 4874824    0    0 26654     6 4367 3414 63  2 35  0  0
18  0  46264 12641428   7364 4932688    0    0 28958     0 8121 5930 74  3 22  0  0
 0  0  46264 12470428   7400 4969768    0    0 18194     6 4560 2162 66  2 33  0  0
 7  0  46264 12342740   7456 5014612    0    0 22424   138 6752 2451 57  2 41  1  0
13  0  46264 12277708   7480 5044860    0    0 15116     0 7935 4693 59  2 39  0  0
14  0  46264 12189972   7528 5090240    0    0 22808    12 13611 8351 82  3 14  0  0
10  0  46264 11978212   7592 5139668    0    0 24608     0 7649 6022 81  3 16  0  0
13  0  46264 11847188   7640 5189304    0    0 24854    26 3387 2811 73  2 25  0  0
10  0  46264 11750732   7692 5240496    0    0 25496     0 5125 4547 68  2 30  0  0
 9  0  46264 11647060   7748 5293120    0    0 26266     0 4695 4419 57  2 41  0  0
 7  0  46264 11529132   7808 5345128    0    0 25886    24 2625 2150 43  1 56  0  0
procs -----------memory---------- ---swap-- -----io---- -system-- -----cpu------
 r  b   swpd   free   buff  cache   si   so    bi    bo   in   cs us sy id wa st
 5  0  46264 11498140   7844 5376484    0    0 15756    66 2225 1822 29  1 70  0  0
 5  0  46264 11410764   7872 5405724    0    0 14606    70 2577 1797 33  1 66  0  0
 4  0  46264 11325828   7904 5439592    0    0 16910     0 3185 2076 41  1 58  0  0
 3  0  46264 11288460   7948 5476896    0    0 18710     0 2804 1974 29  1 71  0  0
 3  0  46264 11218860   7968 5500056    0    0 11400     0 2469 1577 22  1 77  0  0
 2  0  46264 11198484   7988 5519984    0    0  9994     0 2021 1411 16  0 83  0  0
 1  0  46264 11191812   7992 5527068    0    0  3458     8 1726 1225 12  0 88  0  0
 0  0  46264 11152796   8008 5529116    0    0  1026    66 1811 1136 11  0 88  0  0
 0  0  46264 11150988   8008 5531164    0    0  1024     0 1331  868  0  0 100  0  0
19  0  46264 10855692   8016 5533680    0    0  1168     0 23902 12770 70  4 25  0  0
18  0  46264 10695924   8016 5538080    0    0  2304     0 27622 10666 80  6 15  0  0
19  0  46264 10568996   8052 5566056    0    0 13842    10 18849 8514 81  5 14  0  0
12  0  46264 10408500   8080 5595212    0    0 14736     0 10415 6293 78  4 17  0  0
11  0  46264 10296916   8108 5623256    0    0 13838     0 9098 7442 46  3 51  0  0
16  0  46264 10212244   8140 5657168    0    0 17042    26 8175 6218 54  2 43  0  0
13  0  46264 10126820   8180 5690696    0    0 16656   126 6132 2513 64  2 34  0  0
 3  0  46264 10026956   8216 5728684    0    0 18962     6 4586 3379 56  2 42  0  0
17  0  46264 9768860   8252 5764784    0    0 18194     0 9788 4063 73  4 22  0  1
19  0  46264 9701348   8292 5806936    0    0 20756     0 7007 2956 93  3  3  0  1
 5  0  46264 9620812   8300 5816008    0    0  4612     0 8635 4408 64  2 34  0  0
 3  0  46264 9617772   8300 5818064    0    0  1024     0 2934 1817 33  0 67  0  0
procs -----------memory---------- ---swap-- -----io---- -system-- -----cpu------
 r  b   swpd   free   buff  cache   si   so    bi    bo   in   cs us sy id wa st
 3  0  46264 9594068   8304 5820116    0    0  1026     0 2751 1592 26  0 74  0  0
 3  0  46264 9591972   8312 5822240    0    0  1024    56 2262 1298 17  0 83  0  0
 0  0  46264 9590764   8316 5824288    0    0  1026     0 1716  947  3  0 97  0  0
 0  0  46264 9588964   8316 5826340    0    0  1024    46 1485  879  0  0 100  0  0
 0  0  46264 9587324   8320 5828376    0    0  1026     0 1496  865  0  0 100  0  0
 0  0  46264 9585196   8320 5830428    0    0  1024     0 1433  827  0  0 100  0  0
18  0  46264 9446276   8336 5833096    0    0  1282     0 9332 4667 46  2 53  0  0
11  0  46264 9466788   8336 5835076    0    0  1024     0 25631 10532 69  5 26  0  0
 3  0  46264 9238788   8400 5878420    0    0  1028    24 16326 8711 43  3 54  0  0
 0  2  46264 9197132   8444 5919776    0    0  1024 36270 8561 4548  9  1 82  8  0
11  0  46264 9164468   8520 5972844    0    0  1026   142 14673 13737 20  2 78  0  0
11  0  46264 9061572   8532 5982412    0    0  4614     0 5195 3168 41  2 57  0  0
17  0  46264 8818132   8540 5992036    0    0  4868     0 4185 3884 47  2 51  0  0
16  0  46264 8720796   8560 6011148    0    0  9480     0 3267 2543 76  2 22  0  0
 4  0  46264 8510732   8652 6082952    0    0 10128     0 3363 2413 70  2 27  0  1
10  0  46264 8311764   8752 6162264    0    0 11786     0 4221 2472 77  2 20  0  0
 6  1  46264 8106692   8816 6213584    0    0 10252 37538 11235 5226 74  3 23  0  0
10  2  46264 8076276   8896 6273456    0    0  5892 53268 6808 4459 56  2 34  6  1
10  0  46264 7905604   8956 6315412    0    0  9482   198 8337 3279 66  2 27  5  0
 2  0  46264 7654036   9020 6369508    0    0  5894     0 3398 2221 60  2 38  0  0
 8  0  46264 7383956   9072 6414756    0    0  3460     6 2901 1953 46  2 52  0  0
procs -----------memory---------- ---swap-- -----io---- -system-- -----cpu------
 r  b   swpd   free   buff  cache   si   so    bi    bo   in   cs us sy id wa st
 7  0  46264 7316476   9072 6416808    0    0  1024     0 3348 3027 62  1 37  0  0
 7  0  46264 7186996   9076 6418860    0    0  1026     0 3942 2427 57  2 42  0  0
 5  0  46264 7055844   9088 6420896    0    0  1026     0 2761 2505 50  1 49  0  0
11  1  46264 6989436   9160 6480104    0    0   770 80770 2361 1670 32  1 61  5  0
 5  0  46264 6866260   9244 6527020    0    0  1030   412 2066 1135 15  1 75  9  0
 1  0  46264 6864500   9252 6529252    0    0  1026     0 1864 1253 12  0 88  0  0
 0  0  46264 6862364   9252 6531308    0    0  1024     0 1461  901  1  0 99  0  0
 0  0  46264 6860244   9256 6533376    0    0  1026    24 1504  908  0  0 100  0  0
 0  0  46264 6858140   9256 6535428    0    0  1024     0 1344  864  0  0 100  0  0
 0  0  46264 6856020   9260 6537448    0    0  1026     0 1395  850  0  0 100  0  0
 0  0  46264 6854828   9260 6539500    0    0  1024     0 1272  857  0  0 100  0  0
 0  0  46264 6853740   9272 6539364    0    0  1026 45648 1475  869  0  0 93  7  0
 0  0  46264 6852092   9272 6541620    0    0  1024     0 1317  848  0  0 100  0  0
 0  0  46264 6851356   9276 6543416    0    0  1026     0 1416  851  0  0 100  0  0
17  0  46264 7242460   9296 6065124    0    0  7944     6 4423 2898 49  2 48  0  1
 9  1  46264 7103380   9328 6099824    0    0 17580     0 11160 6410 91  5  4  0  0
16  0  46264 6839956   9360 6133152    0    0 16502     0 3621 3033 89  3  6  0  2
25  0  46264 6703764   9392 6160116    0    0 13328     0 3306 2659 89  3  6  0  2
10  0  46264 6563164   9428 6188104    0    0 14220   168 3917 3095 83  2 11  0  3
10  0  46264 6413628   9432 6190552    0    0  1026    18 6276 4745 71  2 26  0  0
13  0  46264 6369868   9432 6192604    0    0  1024     0 9689 6820 68  3 29  0  0
procs -----------memory---------- ---swap-- -----io---- -system-- -----cpu------
 r  b   swpd   free   buff  cache   si   so    bi    bo   in   cs us sy id wa st
16  0  46264 6385716   9436 6194564    0    0  1026   104 8297 6361 64  2 34  0  0
21  0  46264 6264116   9436 6196548    0    0  1024     0 4930 3281 64  2 33  0  0
 8  0  46264 6262308   9440 6198940    0    0  1282     0 5890 2823 70  2 26  0  2
10  0  46264 6148732   9440 6201104    0    0  1024     6 13654 14358 52  3 45  0  0
15  0  46264 6118220   9444 6203128    0    0  1026     0 18340 12191 76  4 20  0  0
18  0  46264 6114108   9452 6206064    0    0  1536    86 5408 2969 70  2 27  0  0
10  0  46264 6041300   9456 6208268    0    0  1026     8 14817 11460 47  2 51  0  0
 9  0  46264 5985060   9456 6211160    0    0  1536     0 10099 9789 54  2 44  0  0
 8  0  46264 5904508   9480 6226544    0    0  7692     6 2234 2153 48  1 51  0  0
 6  0  46264 5863044   9492 6242860    0    0  8198     0 2139 2038 46  1 52  0  0
 3  0  46264 5843908   9512 6262020    0    0  9612     0 2002 1630 31  0 69  0  0
 2  0  46264 5812460   9548 6293984    0    0 15804     0 2648 1706 24  0 76  0  0
 2  0  46264 5780860   9588 6325428    0    0 15888    58 2446 1282 17  0 82  1  0
 0  0  46264 5753508   9612 6352620    0    0 13452    16 2043 1018  8  0 92  0  0
 0  0  46264 5751988   9616 6354220    0    0   770     0 1442  861  0  0 100  0  0
 0  0  46264 5750780   9616 6356204    0    0  1024     0 1547  851  0  0 100  0  0
 0  0  46264 5748052   9620 6358228    0    0  1026    10 1501  882  0  0 100  0  0
 0  0  46264 5746684   9620 6360280    0    0  1024     0 1343  876  0  0 100  0  0
 0  0  46264 5745012   9624 6362336    0    0  1026     4 1326  854  0  0 100  0  0
 0  0  46264 5742580   9624 6364392    0    0  1024     0 1441  884  0  0 100  0  0
 0  0  46264 5740772   9636 6366448    0    0  1026    72 1464  925  0  0 100  0  0
procs -----------memory---------- ---swap-- -----io---- -system-- -----cpu------
 r  b   swpd   free   buff  cache   si   so    bi    bo   in   cs us sy id wa st
 0  0  46264 5739252   9636 6368504    0    0  1024     0 1424  869  0  0 100  0  0
 0  0  46264 5736820   9640 6370548    0    0  1026     0 1454  867  0  0 100  0  0
 0  0  46264 5734724   9640 6372604    0    0  1024     2 1564  912  0  0 100  0  0
 0  0  46264 5732948   9644 6374652    0    0  1026     0 1421  812  0  0 100  0  0
10  0  46264 5692068   9652 6376804    0    0  1024     6 27264 17003 45  2 53  0  0
 9  0  46264 5712596   9656 6378860    0    0  1026     0 30153 24528 41  3 56  0  0
16  0  46264 5530188   9672 6385504    0    0  3332    98 20736 17742 46  4 49  0  0
14  0  46264 5322724   9688 6401448    0    0  7944     2 8686 4724 52  2 46  0  0
13  0  46264 5023132   9712 6426660    0    0 12686     0 5155 2216 60  2 37  0  1
16  0  46264 4823244   9736 6446196    0    0  9738    16 7657 3510 64  2 34  0  0
11  0  46264 4707100   9780 6478128    0    0  9736     0 17843 9696 69  3 28  0  0
11  0  46264 4518324   9864 6551356    0    0  7690     0 4976 1886 63  2 35  0  0
11  0  46264 4428628   9900 6582644    0    0 11018    10 5213 2521 79  2 18  0  1
 3  0  46264 4234372   9948 6625016    0    0  9226     0 6740 2992 76  3 21  0  0
 8  1  46264 4051644  10100 6728024    0    0  1280 56996 5233 2056 61  2 32  4  0
 5  0  46264 3986284  10180 6794144    0    0  3462     0 7519 7181 57  2 39  2  0
 6  0  46264 3866500  10224 6835144    0    0  1280     0 6897 3393 57  2 41  0  0
 4  0  46264 3767444  10244 6842048    0    0  1030     6 8743 6955 41  1 57  0  0
 4  0  46264 3735820  10248 6848320    0    0  1024     0 18752 12193 30  1 69  0  0
 5  0  46264 3633700  10256 6856116    0    0  1538    22 13102 14440 37  1 62  0  0
 5  0  46264 3602684  10292 6886460    0    0 14354     0 2682 1746 36  0 63  0  0
procs -----------memory---------- ---swap-- -----io---- -system-- -----cpu------
 r  b   swpd   free   buff  cache   si   so    bi    bo   in   cs us sy id wa st
 2  2  46264 3433660  10328 6921408    0    0 17298 80166 3985 1934 30  1 63  7  0
 3  1  46264 3415588  10356 6941896    0    0 12812 14778 2591 1187 16  0 69 15  0
 1  0  46264 3398276  10380 6960120    0    0  8970     2 1703  958  8  0 82 10  0
 1  0  46264 3369244  10404 6988784    0    0 14348    20 1753 1101  8  0 92  0  0
 0  0  46264 3363932  10412 6994632    0    0  2948     0 1499  915  2  0 97  0  0
 0  0  46264 3362564  10412 6996684    0    0  1024     0 1331  883  0  0 100  0  0
 0  0  46264 3361196  10416 6998696    0    0  1026    10 1413  895  0  0 100  0  0
 0  0  46264 3359676  10424 7000732    0    0  1024    42 1158  853  0  0 100  0  0
 0  0  46264 3357852  10428 7002776    0    0  1026     2 1153  838  0  0 100  0  0
 0  0  46264 3355716  10428 7004792    0    0  1024     0 1095  804  0  0 100  0  0
 0  0  46264 3352572  10432 7006776    0    0  1026     0 2070  848  0  0 100  0  0
 0  0  46264 3350900  10432 7008816    0    0  1024     2 1153  807  0  0 100  0  0
 0  0  46264 3349228  10436 7010876    0    0  1026     0 1304  815  0  0 100  0  0
 0  0  46264 3347252  10436 7012928    0    0  1024     8 1098  862  0  0 100  0  0
 1  0  46264 3345732  10440 7014976    0    0  1282     0 1192  853  0  0 100  0  0
 0  0  46264 3343148  10448 7017464    0    0  1024    28 1226  871  0  0 100  0  0
 0  0  46264 3342100  10448 7018820    0    0   640     8 1241  830  0  0 100  0  0
 0  0  46264 3342252  10448 7018820    0    0     0     0 1323  808  0  0 100  0  0
 0  0  46264 3342556  10448 7018820    0    0     0   214 1361  844  0  0 100  0  0
 0  0  46264 3342404  10448 7018820    0    0     0     0 1088  794  0  0 100  0  0
 0  0  46264 3342404  10448 7018808    0    0     0     0 1231  787  0  0 100  0  0
procs -----------memory---------- ---swap-- -----io---- -system-- -----cpu------
 r  b   swpd   free   buff  cache   si   so    bi    bo   in   cs us sy id wa st
12  0  46264 3436708  10452 6865036    0    0     0     0 9245 4262 70  3 26  0  1
12  0  46264 3143348  10464 6864984    0    0     0   138 15932 7111 84  4 11  0  0
 1  0  46264 3032532  10464 6864992    0    0     0    10 16855 8896 87  4  9  0  0
21  0  46264 2797076  10464 6864908    0    0     0     0 3259 2600 89  3  7  0  2
10  0  46264 2704972  10464 6864932    0    0     0     0 10191 3862 81  3 16  0  0
18  0  46264 2587804  10464 6864864    0    0     0     0 11359 6001 82  4 14  0  0
11  0  46264 2484740  10464 6864760    0    0     0     0 4659 3519 88  2 10  0  0
11  0  46264 2445684  10464 6864768    0    0     0     4 10217 6172 76  3 21  0  0
12  0  46264 2414668  10464 6864736    0    0     0     0 8414 7537 58  3 39  0  0
10  0  46264 2299892  10472 6864752    0    0     0   102 3173 3206 68  2 30  0  0
14  0  46264 2284244  10472 6864764    0    0     0    16 3629 3094 53  1 46  0  0
14  0  46264 2268428  10472 6864780    0    0     0     0 6878 7773 61  2 37  0  0
12  0  46264 2233012  10472 6864760    0    0     0    20 3444 2509 58  1 41  0  0
11  0  46264 2186644  10472 6864776    0    0     0     0 11999 8099 63  2 34  0  0
 9  0  46264 2070844  10472 6864780    0    0     0     0 8500 5281 74  2 24  0  0
 9  0  46264 1928724  10472 6864788    0    0     0     0 8099 4787 63  3 35  0  0
 5  0  46264 1862324  10472 6864792    0    0     0     0 7854 7194 52  2 46  0  0
 5  0  46264 1862204  10480 6864784    0    0     0   178 3863 1713 33  1 66  0  0
 3  0  46264 1836996  10480 6864784    0    0     0     0 2461 1469 28  0 72  0  0
 1  0  46264 1837308  10480 6864784    0    0     0     0 2028 1339 21  0 79  0  0
 1  0  46264 1837500  10480 6864784    0    0     0     2 1569  988  8  0 92  0  0
procs -----------memory---------- ---swap-- -----io---- -system-- -----cpu------
 r  b   swpd   free   buff  cache   si   so    bi    bo   in   cs us sy id wa st
 1  0  46264 1838268  10480 6864784    0    0     0     0 1786  997  8  0 92  0  0
 0  0  46264 1837828  10480 6864792    0    0     0     2 1547  826  1  0 98  0  0
 0  0  46264 1838300  10480 6864792    0    0     0     0 1553  794  0  0 100  0  0
 0  0  46264 1837836  10480 6864784    0    0     0     0 1660  782  0  0 100  0  0
 0  0  46264 1839068  10488 6864776    0    0     0    36 1351  778  0  0 100  0  0
 0  0  46264 1839364  10488 6864776    0    0     0     0 1378  849  0  0 100  0  0
 0  0  46264 1839516  10488 6864776    0    0     0    22 1398  860  0  0 100  0  0
 0  0  46264 1839988  10488 6864756    0    0     0     0 1210  883  0  0 100  0  0
 0  0  46264 1839836  10488 6864756    0    0     0     0 1477  860  0  0 100  0  0
 0  0  46264 1839724  10488 6864724    0    0     0     8 1424  903  0  0 100  0  0
 0  0  46264 1839580  10488 6864724    0    0     0     0 1224  861  0  0 100  0  0
 0  0  46264 1839260  10488 6865132    0    0   256     0 1435  844  0  0 100  0  0
 0  0  46264 1839260  10496 6865200    0    0     0    30 1323  804  0  0 100  0  0
 0  0  46264 1839556  10496 6865204    0    0     0     0 1174  781  0  0 100  0  0
 8  0  46264 1834228  10500 6865312    0    0     0     8 8269 3975 33  1 66  0  0
11  0  46264 1739548  10500 6865312    0    0     0     0 31130 24744 53  3 44  0  0
13  0  46264 1740148  10500 6865316    0    0     0     0 15516 11484 43  3 54  0  0
13  0  46264 1456972  10504 6867064    0    0     0     0 7444 3133 63  2 35  0  0
14  0  46264 1193236  10564 6918252    0    0     0     0 7619 3328 56  2 42  0  0
16  0  46264 1082260  10564 6918236    0    0     0     4 4784 3757 63  2 35  0  0
13  0  46264 1009444  10584 6917060    0    0     4 25576 4091 2567 67  2 26  5  0
procs -----------memory---------- ---swap-- -----io---- -system-- -----cpu------
 r  b   swpd   free   buff  cache   si   so    bi    bo   in   cs us sy id wa st
10  0  46264 784004  10584 6916996    0    0     0   102 3009 2308 77  2 19  0  2
 7  0  46264 704796  10612 6939516    0    0     0     0 3485 2501 84  2 14  0  0
17  0  46264 544252  10716 7012308    0    0     0     0 3774 2410 85  2 12  0  0
11  0  46264 307916  10848 7124116    0    0     0    14 5957 3577 86  3 11  0  0
 7  0  46264 233420  10908 7174176    0    0     0     0 6426 3349 75  2 23  0  0
12  1  46264 148732  10952 7206048    0    0  5536    64 5717 4145 55  2 43  0  0
12  5  46264 142036  10724 7130504    0    0 16258 36340 4206 8724 76  2 13  9  0
 9  4  46264 175636  11308 7057580    0    0 22138 33048 7640 5828 65  2 21 12  0
10  3  46264 147068  11632 7004900    0    0 10412 32936 3468 2653 69  2 20  9  0
12  3  46008 143380  11772 6927096    0    0  9798 27470 3198 2398 68  2 22  8  0
11  2  45752 142060  11880 6796000    0    0  3118 10590 6168 4574 74  3 15  8  0
 8  1  45368 143124  12548 6670088    0    0   332     2 4596 2608 69  2 26  3  0
 4  0  45240 147436  13148 6663460    0    0   272     0 3823 2112 45  1 50  4  0
 5  3  44984 142420  13168 6607364    0    0     2 40456 3740 1980 36  1 63  1  0
 4  0  44856 223980  13176 6526808    0    0     2 21998 5122 3026 30  1 61  8  0
 3  0  44728 144964  13172 6484476    0    0     0    18 2364 1286 27  1 72  0  0
 2  0  44728 143908  13172 6485216    0    0   384     0 1879 1087  8  0 91  0  0
 3  0  44728 144076  13172 6485132    0    0     0     0 1569 1071  8  0 92  0  0
 0  0  44728 142556  13172 6487092    0    0  1024    10 1673 1118  6  0 94  0  0
 0  0  44600 146740  13180 6483276    0    0  1028     0 1487  823  0  0 100  0  0
 1  0  44600 144308  13180 6485312    0    0  1024     6 1489  807  0  0 100  0  0
procs -----------memory---------- ---swap-- -----io---- -system-- -----cpu------
 r  b   swpd   free   buff  cache   si   so    bi    bo   in   cs us sy id wa st
 1  0  44600 142804  13192 6487264    0    0  1026    54 1382  811  0  0 100  0  0
 0  0  44600 146604  13192 6483680    0    0  1024     0 1446  794  0  0 100  0  0
 1  0  44600 144644  13196 6485648    0    0  1026     0 1272  811  0  0 100  0  0
12  0  44600 372428  13212 6256440    0    0 15368     0 3767 2172 28  1 70  2  0
11  2  44472 145492  13240 6262240    0    0 36242    10 22077 11273 77  4 18  0  0
22  3  43448 146684  13252 6024996    0    0 54284     0 14737 5538 85  5  6  3  0
15  0  42680 142908  13288 5865616    0    0 51730     0 6150 3395 83  3 11  3  0
14  4  42424 151868  13304 5874332    0    0 58252   248 7750 4444 75  3 12 11  0
 6  3  42040 146996  13296 5845620    0    0 42244   164 3874 2292 53  1 20 26  0
 9  0  41656 143228  13264 5752756    0    0 34688    20 9324 6864 52  2 45  1  0
 9  0  41144 143980  13268 5629860    0    0 25218     0 4871 2343 55  2 43  0  0
 1  0  41144 146564  13268 5627216    0    0  1278     0 1523 1078 10  0 90  0  0
 2  0  41144 142444  13272 5631552    0    0  2360     2 1411  581  8  0 91  0  0
 1  0  41144 145020  13272 5628584    0    0  1664     0 1401  541  8  0 91  0  0
13  0  41144 171252  13280 5603304    0    0 26510     8 2703 1807 36  1 63  0  0
11  5  41016 144644  13280 5626108    0    0 49280     0 7210 2756 69  2 25  5  0
20  1  40760 146004  13296 5625744    0    0 44802    96 7782 2511 72  2 19  6  0
24  0  40504 143284  13296 5631448    0    0 33396     4 4782 2635 74  2 24  0  0
12  0  40376 151036  13300 5619808    0    0 23072     0 7394 3493 59  2 39  0  0
13  0  40376 146940  13332 5630776    0    0 20608    20 4969 3562 60  2 38  0  0
10  0  40376 146940  13408 5631536    0    0  7682     0 2823 2572 49  1 50  0  0
procs -----------memory---------- ---swap-- -----io---- -system-- -----cpu------
 r  b   swpd   free   buff  cache   si   so    bi    bo   in   cs us sy id wa st
 4  0  40376 147716  13424 5629044    0    0 16484     0 2769 2220 40  1 58  0  0
 6  0  40376 147596  13420 5629044    0    0  6274    10 4717 3375 43  1 55  0  0
 8  1  40376 143668  13420 5629596    0    0 16768 50694 6552 5098 51  2 42  5  0
 4  0  40376 145060  13432 5630644    0    0  1914   288 3305 3252 50  1 45  4  0
 4  0  40376 142348  13432 5633096    0    0 24448     0 3242 2219 33  1 66  0  0
 3  0  40376 143580  13436 5633112    0    0 16262    22 2768 2113 27  0 73  0  0
 3  1  40376 146348  13436 5629836    0    0  1152     0 2187 1673 26  0 74  0  0
 0  0  40376 142692  13440 5633380    0    0  1666     0 2457 1291 11  0 89  0  0
 0  0  40376 146932  13440 5630180    0    0  1024     2 1968  823  4  0 95  0  0
 2  0  40376 144508  13444 5632056    0    0  1026     0 2499  833  7  0 93  0  0
 1  0  40376 142580  13452 5634332    0    0  1024    64 2699  885  8  0 91  0  0
 1  0  40376 147892  13456 5629784    0    0  1026     0 2066  876  5  0 95  0  0
 0  0  40376 146924  13460 5631804    0    0  1026     0 1228  812  0  0 100  0  0
 0  0  40376 145212  13464 5633748    0    0  1026     4 1229  812  0  0 100  0  0
 0  0  40376 143836  13464 5635796    0    0  1024     0 1219  795  0  0 100  0  0
 2  0  40376 148700  13468 5629068    0    0  2612    46 5939 1647 14  0 85  1  0
 5  0  40248 147476  13468 5624716    0    0  1024     0 16134 8279 45  1 54  0  0
 7  2  39352 142900  13536 5554736    0    0  1538 24814 29152 19167 19  2 75  3  0
12  0  38712 142916  13536 5559712    0    0 28928    88 30815 17728 68  3 27  2  0
14  0  38584 143340  13540 5635380    0    0 50946     0 4542 2861 89  2  7  2  0
10  5  37816 145804  13580 5632684    0    0 50818     0 3926 2507 80  2 15  3  1
procs -----------memory---------- ---swap-- -----io---- -system-- -----cpu------
 r  b   swpd   free   buff  cache   si   so    bi    bo   in   cs us sy id wa st
16  2  37176 141212  13580 5637808    0    0 49410     0 8585 5310 69  2 18 11  0
 3  2  36408 146708  13568 5562972    0    0 42062     0 9605 7652 72  3 25  0  0
10  5  36276 146372  13576 5636292    0    0 56706    20 3553 2487 72  1 12 14  0
18  0  35892 144852  13640 5637892    0    0 49792     0 3351 1941 65  2 22 11  0
11  1  35508 142124  13716 5637916    0    0 29496 47784 3573 2906 59  2 36  4  0
12  0  35252 146852  13752 5636324    0    0 23680   154 3284 1998 50  1 35 14  0
13  0  34996 146660  13760 5633880    0    0 45442     0 4369 2438 60  2 34  4  0
12  4  34740 147876  13852 5633604    0    0 47142     8 4429 2656 74  2 18  7  0
 9  3  34612 147116  13860 5634640    0    0 51992     0 4879 3251 66  2 18 14  0
 6  4  34612 144380  13908 5636536    0    0 50050    42 4016 2487 54  1 32 13  0
 7  3  34612 143180  13728 5638204    0    0 58244     0 7188 3864 55  1 29 14  0
 7  3  34612 146556  13656 5632180    0    0 35062 52230 3485 1623 46  1 43 10  0
 9  0  34228 213468  13664 5568320    0    0 27778 13316 7461 3992 48  1 43  8  0
 7  0  34228 183404  13668 5598272    0    0 14978     0 3967 2081 52  1 46  0  0
10  0  34228 155284  13668 5627364    0    0 14592    10 2758 2037 48  1 51  0  0
 3  0  34096 144324  13728 5638672    0    0  4490     0 2712 1618 30  1 69  0  0
 1  0  34096 147060  13728 5636320    0    0  1664     0 2393 1347 11  0 88  0  0
 0  0  34096 145604  13728 5637932    0    0   914     0 1769  982  4  0 96  0  0
 0  1  34096 144516  13736 5639204    0    0   640 14204 1446  837  0  0 97  2  0
 0  0  34096 144532  13736 5639400    0    0   128    16 1389  800  0  0 99  1  0
 0  0  34096 144084  13736 5639400    0    0     0     0 1641  836  0  0 100  0  0
procs -----------memory---------- ---swap-- -----io---- -system-- -----cpu------
 r  b   swpd   free   buff  cache   si   so    bi    bo   in   cs us sy id wa st
 0  0  34096 144388  13736 5640648    0    0   640   292 1806  865  0  0 100  0  0
 0  0  34096 144540  13736 5640652    0    0     0     0 1382  860  0  0 100  0  0
 0  0  34096 144388  13736 5640628    0    0     0     0 1232  788  0  0 100  0  0
 0  0  34096 145156  13736 5640620    0    0     0     0 1153  787  0  0 100  0  0
 0  0  34096 144988  13736 5641024    0    0   236     0 1183  783  0  0 100  0  0
 1  0  34096 144860  13744 5641064    0    0     0    58 1288  792  0  0 100  0  0
 1  0  34096 144884  13744 5641048    0    0     0     0 1204  811  0  0 100  0  0
 0  0  34096 144732  13744 5640988    0    0     0     0 1157  778  0  0 100  0  0
 0  0  34096 145356  13744 5640916    0    0     0     0 1201 1022  1  0 99  0  0
 0  0  34096 145052  13744 5640848    0    0     0     0 1120  794  0  0 100  0  0
 0  0  34096 145356  13744 5640768    0    0     0    10 1220  828  0  0 100  0  0
15  5  34096 509388  13864 5272380    0    0 20706     0 3923 2524 36  1 55  8  0
 4  9  34096 460460  13900 5322556    0    0 50902     0 6073 3931 51  1 27 21  0
10  7  34096 376708  13928 5406172    0    0 41946    80 7365 4934 47  1 31 21  0
19  0  34096 262996  13944 5519436    0    0 69934   144 4878 4626 56  1 30 13  0
13  0  34096 200388  13944 5582884    0    0 31702     0 3040 2552 61  1 38  0  0
13  0  34108 146716  13944 5637860    0    6 37580     6 3424 2712 68  2 30  0  0
12  0  34188 217860  13944 5616740    0   40 23552    48 13926 7830 52  2 46  0  0
15  2  34240 142500  13944 5648876    0   26 29672    26 16314 9337 73  3 24  0  0
13  0  34240 143436  13944 5647996    0    0  5652     2 10825 8142 69  2 28  0  0
12  0  34320 214588  13952 5577060    0   40 14232   112 10188 7877 64  2 33  0  0
procs -----------memory---------- ---swap-- -----io---- -system-- -----cpu------
 r  b   swpd   free   buff  cache   si   so    bi    bo   in   cs us sy id wa st
20  0  34320 160332  13952 5631380    0    0 27092     0 4103 2658 69  2 29  0  0
24  0  34320 146340  13952 5642868    0    0 20030   116 9641 4716 68  2 29  1  0
10  0  34324 142988  13948 5643604    0    2 20740     2 9133 5860 71  3 26  0  0
19  0  34392 161532  13940 5620696    0   34 27048    64 15329 12622 68  3 28  0  0
 7  0  34392 142980  13940 5641800    0    0 28160     0 8495 2101 81  2 16  1  1
10  0  34392 147540  13940 5640288    0    0 27744     0 6874 1792 44  1 55  0  0
 3  0  34392 141964  13940 5647440    0    0 43936    10 6115 1740 33  1 66  0  0
 4  0  34392 146116  13948 5645112    0    0 39228    52 3073 1599 30  0 64  7  0
 1  0  34392 187796  13948 5647632    0    0  9924    12 4104 2409 12  1 87  0  0
 1  0  34392 188404  13948 5647632    0    0     0     0 3402 1193  9  0 91  0  0
 1  0  34392 188900  13952 5647616    0    0     0     0 2066 1109  9  0 91  0  0
 2  0  34392 189204  13952 5647612    0    0     0     8 1972 1101  9  0 91  0  0
 0  0  34392 189828  13952 5647596    0    0     0     0 1788 1057  8  0 92  0  0
 0  0  34392 189828  13952 5647860    0    0   128     4 1332  841  0  0 100  0  0
 0  0  34392 189388  13960 5648716    0    0   384    52 1661  869  0  0 99  0  0
 0  0  34392 189692  13960 5648612    0    0     0     0 1272  883  0  0 100  0  0
 0  0  34392 189844  13960 5648600    0    0     0     0 1511  907  0  0 100  0  0
 0  0  34392 190148  13964 5648600    0    0     0     0 1395  861  0  0 100  0  0
 0  0  34392 190452  13964 5648596    0    0     0     6 1186  824  0  0 100  0  0
 0  0  34392 185828  14124 5652120   62    0  1882     0 2117  995  0  0 97  3  0
 0  0  34392 186316  14124 5652120    0    0     0     0 1336  810  0  0 100  0  0
procs -----------memory---------- ---swap-- -----io---- -system-- -----cpu------
 r  b   swpd   free   buff  cache   si   so    bi    bo   in   cs us sy id wa st
 0  0  34392 186316  14124 5652120    0    0     0    10 1209  808  0  0 100  0  0
 0  0  34392 186564  14136 5652120    0    0     0    54 1441  835  0  0 100  0  0
 0  0  34392 186740  14136 5652120    0    0     0    56 1360  810  0  0 100  0  0
 3  0  34392 241900  14156 5550828    0    0  1268     0 18979 17243 11  1 87  1  0
16  0  34392 215772  14156 5552592    0    0   932     0 31639 19539 66  3 30  0  0
13  0  34392 215324  14156 5577472    0    0 12358    12 6206 3640 62  2 36  0  0
12  0  34392 196020  14156 5596712    0    0  9656     0 2808 2296 58  1 41  0  0
12  0  34392 169732  14156 5623560    0    0 13404     8 2643 2517 63  1 36  0  0
12  1  34392 146012  14168 5645924    0    0 11054   148 4126 2586 59  1 39  1  0
12  0  34392 159212  14168 5634540    0    0  8008     0 12700 8234 57  2 42  0  0
11  0  34392 144324  14172 5649512    0    0  7552     2 2625 2343 59  1 40  0  0
12  0  34392 149028  14172 5639248    0    0  5270     0 4423 2369 59  1 39  0  0
10  0  34392 151164  14172 5640716    0    0   902     0 4598 2689 67  1 31  0  0
11  0  34392 162388  14164 5628756    0    0 14098     0 7610 4918 61  2 37  0  0
 8  0  34392 143852  14164 5648460    0    0 13208     0 6098 2855 65  1 34  0  0
 4  0  34392 146452  14164 5647292    0    0 15486     4 3210 2140 41  1 58  0  0
 3  0  34392 145900  14176 5648832    0    0 13994   152 3014 1656 28  0 70  1  0
 1  0  34392 145156  14176 5650300    0    0 14336    10 2459 1247 16  0 83  0  0
 0  0  34392 143476  14176 5651408    0    0  7296     0 1714  939  5  0 95  0  0
 0  0  34392 143220  14176 5651412    0    0     0     0 1351  874  0  0 100  0  0
 0  0  34392 144172  14176 5651412    0    0     0    12 1326  842  0  0 100  0  0
procs -----------memory---------- ---swap-- -----io---- -system-- -----cpu------
 r  b   swpd   free   buff  cache   si   so    bi    bo   in   cs us sy id wa st
 0  0  34392 144756  14176 5651408    0    0     0     0 1080  807  0  0 100  0  0
 0  0  34392 144460  14176 5651404    0    0     0    12 1179  802  0  0 100  0  0
 0  0  34392 144948  14176 5651396    0    0     0     0 1175  801  0  0 100  0  0
 0  0  34392 144924  14184 5651396    0    0     0    74 1197  815  0  0 100  0  0
 0  0  34392 145092  14184 5651392    0    0     0   130 1297  814  0  0 100  0  0
 1  0  34392 144460  14184 5651396    0    0     0     0 1251  916  0  0 100  0  0
 0  0  34392 144036  14184 5652264    0    0   378     2 1283  882  0  0 100  0  0
 0  0  34392 144156  14184 5652156    0    0     0     0 1221  899  0  0 100  0  0
 0  1  34392 144500  14184 5652156    0    0   128     0 1270  782  0  0 100  0  0
 0  0  34392 143876  14184 5652924    0    0   256     0 1154  781  0  0 100  0  0
 0  0  34392 143748  14184 5652920    0    0     0     0 1215  825  0  0 100  0  0
 0  0  34392 143756  14192 5652920    0    0     0    42 1410  802  0  0 100  0  0
 0  0  34392 142236  14192 5653720    0    0   492     0 2126 1413  0  0 99  1  0
 9  0  34392 146972  14192 5648196    0    0    94     0 2466 1958 14  0 86  0  0
12  0  34392 164100  14192 5641416    0    0     0    12 29428 19709 63  3 34  0  0
22  0  34392 196172  14184 5613460    0    0 10864     0 18459 10940 85  4 11  0  0
19  0  34392 170332  14184 5639860    0    0 13312     6 5069 2759 93  2  4  0  0
 4  0  34392 144948  14184 5665576    0    0 19458     0 4524 3860 79  2 15  0  3
15  1  34392 145676  14192 5663656    0    0 12544   306 5684 4150 52  1 46  0  0
 2  0  34392 146132  14192 5618700    0    0  9984     0 12902 11175 58  2 40  0  0
 5  0  34392 173412  14192 5634304    0    0  7936     0 4606 3332 58  1 41  0  0
procs -----------memory---------- ---swap-- -----io---- -system-- -----cpu------
 r  b   swpd   free   buff  cache   si   so    bi    bo   in   cs us sy id wa st
12  0  34392 142708  14192 5663516    0    0 14384    24 9173 5658 68  2 30  0  0
12  0  34392 142852  14192 5666904    0    0 11846     0 4645 2654 55  1 44  0  0
13  0  34392 145748  14196 5663644    0    0 26570     2 3360 2727 79  2 18  0  1
 9  0  34392 144836  14200 5664960    0    0 28252     0 4919 3961 68  2 30  0  0
 7  0  34392 142252  14192 5667780    0    0 28300     0 2903 2384 55  1 43  0  0
 2  0  34392 143196  14200 5667112    0    0 15618   344 2481 1488 26  0 72  1  0
 2  0  34392 143348  14200 5667120    0    0     0     0 1284  983  8  0 91  0  0
 1  0  34392 142788  14200 5667628    0    0   256     4 1675  944  6  0 94  0  0
 0  0  34392 143108  14200 5667624    0    0     0     0 1010  726  0  0 100  0  0
 0  0  34392 143332  14200 5667608    0    0     0     0 1660  908  0  0 100  0  0
 0  0  34392 143156  14200 5667596    0    0     0     8 1390  817  0  0 100  0  0
 0  0  34392 143460  14200 5667596    0    0     0     0 1356  979  1  0 99  0  0
 0  0  34392 143948  14208 5667592    0    0     0   122 1355  834  0  0 100  0  0
 0  0  34392 143940  14208 5667592    0    0     0     0 1227  846  0  0 100  0  0
 0  0  34392 144252  14208 5667588    0    0     0     0 1060  796  0  0 100  0  0
 0  0  34392 143948  14208 5667592    0    0     0    16 1316  835  0  0 100  0  0
 0  0  34392 144084  14208 5667584    0    0     0     0 1093  779  0  0 100  0  0
 0  0  34392 144252  14208 5667588    0    0     0     4 1037  772  0  0 100  0  0
 0  0  34392 144564  14208 5667588    0    0     0     0 1127  829  0  0 100  0  0
 0  0  34392 144396  14208 5667588    0    0     0     0 1111  808  0  0 100  0  0
 0  0  34392 144268  14216 5668072    0    0   242    44 1301  808  0  0 99  0  0
procs -----------memory---------- ---swap-- -----io---- -system-- -----cpu------
 r  b   swpd   free   buff  cache   si   so    bi    bo   in   cs us sy id wa st
10  0  34392 146372  14216 5642772    0    0  5016     0 19166 11026 55  2 43  0  0
15  0  34392 207948  14200 5565040    0    0 21678   138 25157 15532 66  3 30  0  0
12  0  34392 164804  14204 5627484    0    0 31506     0 4904 5869 62  1 36  0  0
13  0  34392 142308  14196 5650588    0    0 29694     0 3066 2635 63  1 36  0  0
14  1  34392 168124  14192 5624608    0    0 19522     4 4388 3828 56  1 42  0  0
11  0  34392 145940  14192 5646808    0    0 27258     0 4127 3434 68  2 30  0  0
13  0  34392 144580  14184 5647556    0    0 19712    10 5456 5075 65  2 33  0  0
22  0  34392 146252  14188 5645616    0    0 19874   274 4881 3896 80  2 18  0  0
 2  0  34392 144284  14188 5645932    0    0 20098     0 8373 4693 86  2 11  0  0
 9  0  34392 146100  14184 5644860    0    0  8880     6 5974 2992 77  2 21  0  0
 5  0  34392 147468  14192 5646616    0    0   810     0 4886 2444 56  1 43  0  0
 4  0  34392 146572  14192 5647348    0    0   322    18 2454 1535 24  0 76  0  0
 2  0  34392 146732  14192 5647356    0    0     0     0 1679 1099 10  0 90  0  0
 1  0  34392 147564  14192 5647356    0    0     0     0 3940 2272  8  1 91  0  0
 1  0  34392 147404  14192 5647356    0    0     0     0 1347 1042  8  0 92  0  0
 3  0  34392 147468  14200 5647356    0    0     0   258 1501 1114  9  0 91  0  0
 4  0  34392 147620  14200 5647364    0    0     0     4 1344 1077  8  0 92  0  0
 0  0  34392 147628  14200 5647368    0    0     0     0 1485  964  5  0 95  0  0
 0  0  34392 147924  14200 5647368    0    0     0     0 1097  818  0  0 100  0  0
 0  0  34392 147740  14200 5647360    0    0     0     0 1327  825  0  0 100  0  0
 1  0  34392 148084  14200 5647360    0    0     0     0 1138  814  0  0 100  0  0
procs -----------memory---------- ---swap-- -----io---- -system-- -----cpu------
 r  b   swpd   free   buff  cache   si   so    bi    bo   in   cs us sy id wa st
 0  0  34392 147788  14200 5647360    0    0     0     4 1253  834  0  0 100  0  0
 0  0  34392 147028  14208 5648152    0    0   384    66 1572 1090  0  0 99  0  0
15  0  34392 149500  14208 5639676    0    0     0     0 29781 17057 44  3 53  0  0
 5  0  34392 150252  14208 5640040    0    0  8936   158 14294 10272 79  3 18  0  0
14  0  34392 145548  14200 5643956    0    0 14170     0 3156 3124 80  2 18  0  0
15  0  34392 146004  14200 5646832    0    0  7424     8 2882 3656 69  2 29  0  0
 6  0  34392 142196  14200 5650680    0    0  7436     0 3181 3320 66  2 32  0  0
13  0  34392 187636  14192 5604396    0    0  6144     0 13367 11373 51  3 46  0  0
12  0  34392 171212  14192 5621092    0    0  8192    24 3264 3005 70  2 28  0  0
25  0  34392 143396  14208 5648712    0    0 13824   238 5431 3727 88  2  6  0  3
17  0  34392 144612  14208 5644552    0    0 10496     0 8721 5286 84  2 12  0  1
12  0  34392 144316  14212 5644668    0    0     0     0 7012 5307 81  2 16  0  0
 6  0  34392 144780  14212 5644704    0    0     0     0 6371 2686 67  2 32  0  0
 4  0  34392 147508  14216 5644764    0    0     0    24 3683 1783 32  0 68  0  0
 2  0  34392 147988  14216 5644776    0    0     0     0 2262 1308 17  0 83  0  0
 0  0  34392 148188  14220 5644780    0    0     0     0 2101 1128 11  0 88  0  0
 0  0  34392 148356  14228 5644796    0    0     0   266 1371  831  0  0 99  1  0
 0  0  34392 148092  14228 5644784    0    0     0     0 1405  799  0  0 100  0  0
 0  0  34392 148412  14228 5644788    0    0     0     4 1644  826  0  0 100  0  0
 1  0  34392 148548  14228 5644784    0    0     0     0 1536  938  0  0 100  0  0
 1  0  34392 148564  14228 5644784    0    0     0    10 1324  840  0  0 100  0  0
procs -----------memory---------- ---swap-- -----io---- -system-- -----cpu------
 r  b   swpd   free   buff  cache   si   so    bi    bo   in   cs us sy id wa st
 0  0  34392 148564  14228 5644784    0    0     0     0 1369  875  0  0 100  0  0
 0  0  34392 148556  14228 5645220    0    0   256     0 1553  936  0  0 100  0  0
 0  0  34392 148268  14228 5645288    0    0     0    10 1431  864  0  0 100  0  0
 0  0  34392 148724  14236 5645288    0    0     0    40 1379  861  0  0 100  0  0
 0  0  34392 148724  14236 5645284    0    0     0   194 1486  840  0  0 100  0  0
15  0  34392 146908  14236 5646152    0    0     0     0 3785 2307 20  1 79  0  0
17  1  34392 163012  14236 5629472    0    0  2688     0 23642 12432 83  4 13  0  0
14  0  34392 142156  14236 5651084    0    0 14518     0 3261 3112 90  2  5  0  2
16  0  34392 146556  14236 5646184    0    0 14344     0 3119 2864 90  2  3  0  4
 8  0  34392 144604  14224 5648188    0    0 17792    68 3749 3002 89  2  7  0  2
14  0  34392 147188  14228 5623768    0    0 29952     0 8296 5398 76  2 21  0  0
13  0  34392 147188  14232 5644128    0    0 25472   230 3938 3237 63  2 34  1  0
 2  0  34392 147948  14152 5598912    0    0 14336     0 17201 12118 55  3 41  0  0
12  0  34392 145972  14152 5644976    0    0 23040     0 3958 2884 73  2 25  0  0
13  0  34392 143532  13808 5644252    0    0 13596     6 3664 2858 61  1 37  1  0
10  0  34392 143676  13600 5643524    0    0 13578     0 4583 3021 49  2 50  0  0
 8  0  34392 144924  13392 5646336    0    0 14080     0 4346 2328 48  1 51  0  0
 4  0  34392 145996  12216 5646728    0    0 14336    10 2401 2223 32  1 67  0  0
 1  0  34392 145860  12208 5647616    0    0  3712     0 1910 1373 17  1 82  0  0
 1  0  34392 146340  12216 5647636    0    0     0   274 2040 1081  8  0 91  1  0
 1  0  34392 146660  12216 5647620    0    0     0     0 1725 1062  8  0 92  0  0
procs -----------memory---------- ---swap-- -----io---- -system-- -----cpu------
 r  b   swpd   free   buff  cache   si   so    bi    bo   in   cs us sy id wa st
 1  0  34392 146820  12216 5647628    0    0     0     0 1573  841  0  0 100  0  0
 0  0  34392 146868  12216 5647616    0    0     0    20 1455  845  0  0 100  0  0
 0  0  34392 147332  12216 5647608    0    0     0     0 1307  854  0  0 100  0  0
 0  0  34392 147316  12216 5647600    0    0     0     4 1263  844  0  0 100  0  0
 0  0  34392 147636  12216 5647600    0    0     0     0 1369  891  0  0 100  0  0
 0  0  34392 147348  12216 5647596    0    0     0     0 1197  874  0  0 100  0  0
 0  0  34392 147492  12224 5647596    0    0     0   242 1392  880  0  0 100  0  0
 0  0  34392 147476  12224 5647584    0    0     0     0 1269  881  0  0 100  0  0
 0  0  34392 147780  12224 5647584    0    0     0     0 1271  868  0  0 100  0  0
 0  0  34392 147788  12224 5647580    0    0     0     0 1249  882  0  0 100  0  0
 0  0  34392 148108  12224 5647580    0    0     0     0 1374  872  0  0 100  0  0
 0  0  34392 148084  12224 5647580    0    0     0     4 1398  869  0  0 100  0  0
 0  0  34392 147324  12224 5647584    0    0     0     0 1452  869  0  0 100  0  0
 0  0  34392 147340  12224 5647584    0    0     0    10 1406  869  0  0 100  0  0
 0  0  34392 148252  12232 5647584    0    0     0    30 1404  892  0  0 100  0  0
 0  0  34392 148388  12232 5647576    0    0     0     0 1532  872  0  0 100  0  0
 0  0  34392 148404  12232 5647584    0    0     0    10 1552  889  0  0 100  0  0
12  0  34392 142772  12232 5646852    0    0  2792     0 16729 7853 21  1 77  0  0
18  0  34392 173468  12232 5601620    0    0 21766    16 26606 13272 81  4 15  0  0
17  0  34392 141548  12232 5635132    0    0 21278     0 5985 4110 93  2  4  0  0
13  0  34392 147460  12232 5629648    0    0 14076     0 3237 3202 82  2 16  0  0
procs -----------memory---------- ---swap-- -----io---- -system-- -----cpu------
 r  b   swpd   free   buff  cache   si   so    bi    bo   in   cs us sy id wa st
10  1  34392 144892  12244 5632472    0    0 11522   180 4068 3139 76  2 22  0  0
12  0  34392 183628  12244 5593072    0    0  6976     0 9935 8684 46  1 52  0  0
15  0  34392 175676  12244 5600820    0    0  3968     2 4033 3439 44  1 55  0  0
18  0  34392 175476  12244 5600612    0    0   384     0 4736 3073 37  1 61  0  0
15  0  34392 186420  12244 5587448    0    0     0     0 8447 4523 61  2 37  0  0
14  0  34392 185980  12244 5587524    0    0     0     0 8090 3982 81  3 16  0  1
13  0  34392 188884  12244 5587460    0    0     0     0 4660 2980 87  2  9  0  2
 8  0  34392 188852  12244 5587496    0    0     0    60 3933 2667 67  1 32  0  0
 2  0  34392 189332  12252 5587508    0    0     0   360 3335 1846 33  0 66  1  0
 1  0  34392 189036  12252 5587540    0    0     0     0 2116 1148 10  0 90  0  0
 0  0  34392 189836  12252 5587512    0    0     0   186 2053  964  3  0 97  0  0
 0  1  34392 188468  12268 5588876    0    0   648   142 1602  955  0  0 99  1  0
 0  0  34392 188204  12364 5589340    0    0   278   102 1763  931  0  0 98  2  0
 0  0  34392 188212  12364 5589340    0    0     0     0 1572  857  0  0 100  0  0
 0  0  34392 188108  12364 5589328    0    0     0     0 1243  802  0  0 100  0  0
 0  0  34392 187812  12364 5589328    0    0     0     2 1324  782  0  0 100  0  0
 0  0  34392 188308  12368 5589324    0    0     0     0 1392  799  0  0 100  0  0
 0  0  34392 188164  12368 5589324    0    0     0     0 1079  773  0  0 100  0  0
 0  0  34392 188012  12368 5589312    0    0     0     0 1203  835  0  0 100  0  0
 0  0  34392 187860  12368 5589312    0    0     0     2 1321  837  0  0 100  0  0
 0  0  34392 186332  12376 5590760    0    0   768    76 1309  802  0  0 99  0  0
procs -----------memory---------- ---swap-- -----io---- -system-- -----cpu------
 r  b   swpd   free   buff  cache   si   so    bi    bo   in   cs us sy id wa st
 0  0  34392 184508  12376 5592808    0    0  1024     0 1307  799  0  0 100  0  0
15  0  34392 191348  12376 5597932    0    0  2108     0 23737 12231 51  3 47  0  0
17  0  34392 170364  12376 5605524    0    0  9978     0 22821 12817 79  3 17  0  1
20  0  34392 145892  12376 5631128    0    0 37766    78 4271 2940 93  3  4  0  0
15  0  34392 142092  12376 5638704    0    0 20092     0 3283 3190 91  2  6  0  1
10  0  34392 147556  12376 5632112    0    0    24     0 2364 1687 38  3 58  0  1
12  0  34392 192540  12384 5586716    0    0     0   276 10004 7840 70  3 27  0  0
15  0  34392 192692  12384 5586712    0    0     0     0 3227 3798 76  1 23  0  0
11  0  34392 191620  12384 5587108    0    0     0     0 3325 3013 70  2 28  0  0
12  0  34392 188428  12384 5587688    0    0   256     0 7849 5920 72  2 27  0  0
12  0  34392 183132  12384 5596416    0    0  4480     0 7921 3925 80  2 18  0  0
 6  0  34392 153364  12384 5626296    0    0 14848     0 4362 2924 68  2 29  0  1
 3  0  34392 142764  12384 5636992    0    0 15360     0 3951 2186 36  1 64  0  0
 2  0  34392 145244  12384 5634504    0    0 15616     0 2452 1350 18  0 82  0  0
 0  0  34392 143988  12392 5635140    0    0  6912   294 1965 1038  9  0 90  1  0
 1  1  34392 142476  12800 5635920    0    0   246     0 5354 4353  4  0 92  4  0
 1  0  34392 147860  13352 5630616    0    0   276     2 2532 1249  8  0 87  4  0
 2  0  34392 148044  13352 5630616    0    0     0     0 1832 1117  8  0 92  0  0
 1  0  34392 148020  13352 5630616    0    0     0    12 2110 1158  8  0 92  0  0
 0  0  34392 148492  13352 5630544    0    0     0     0 1807 1031  5  0 95  0  0
 0  0  34392 148492  13352 5630556    0    0     0     0 1196  845  0  0 100  0  0
procs -----------memory---------- ---swap-- -----io---- -system-- -----cpu------
 r  b   swpd   free   buff  cache   si   so    bi    bo   in   cs us sy id wa st
 0  0  34392 148052  13364 5630496    0    0     2   114 1399  827  0  0 100  0  0
 0  0  34392 148644  13364 5630512    0    0     0     0 1332  851  0  0 100  0  0
 0  0  34392 149276  13364 5630460    0    0     0   214 1374  857  0  0 100  0  0
 0  0  34392 149588  13364 5630460    0    0     0     0 1293  834  0  0 100  0  0
 0  0  34392 149564  13364 5630400    0    0     0     0 1318  834  0  0 100  0  0
 0  0  34392 149740  13364 5630404    0    0     0     0 1267  835  0  0 100  0  0
 0  0  34392 150044  13364 5630376    0    0     0     0 1352  845  0  0 100  0  0
 0  0  34392 149892  13364 5630376    0    0     0     0 1451  848  0  0 100  0  0
 0  0  34392 149716  13372 5630372    0    0     0    42 1379  848  0  0 100  0  0
14  0  34392 148820  13372 5628860    0    0 15098     0 12716 6328 42  2 54  2  0
 2  0  34392 164484  13372 5612208    0    0 12470     0 19053 10545 79  3 18  0  0
12  0  34392 162356  13372 5614692    0    0  1304     0 4065 3297 84  2 14  0  0
16  0  34392 148204  13372 5628876    0    0  7264     2 4711 3763 87  2 10  0  0
13  0  34392 231628  13360 5585084    0    0  7812     0 12329 8270 75  3 22  0  0
11  0  34392 252924  13360 5585100    0    0     0     0 8420 5710 82  3 16  0  0
11  0  34392 251852  13360 5586104    0    0   384    10 15874 8783 81  3 16  0  0
16  0  34392 238932  13384 5599172    0    0  6664   342 10217 7012 89  3  6  1  1
11  0  34392 197868  13412 5639432    0    0 20110    14 4813 2666 90  2  8  0  0
 8  0  34392 143444  13440 5693564    0    0 32336     0 7617 4650 76  2 22  0  0
 7  0  34392 144532  13472 5693424    0    0 32016     0 3977 2306 51  1 48  0  0
 3  0  34392 144212  13496 5694232    0    0 30604    26 3700 1870 37  0 62  0  0
procs -----------memory---------- ---swap-- -----io---- -system-- -----cpu------
 r  b   swpd   free   buff  cache   si   so    bi    bo   in   cs us sy id wa st
 2  0  34392 144244  13496 5694068    0    0  8708     0 2548 1395 16  1 83  0  0
 0  0  34392 144276  13496 5694048    0    0     0     0 2003  983  4  1 95  0  0
 0  1  34392 142940  13504 5695336    0    0   640   260 1844  855  0  0 100  0  0
 0  0  34392 143452  13504 5695308    0    0     0     0 1486  834  0  0 100  0  0
 0  0  34392 143460  13504 5695312    0    0     0   186 1558  809  0  0 100  0  0
 0  0  34392 143460  13504 5695280    0    0     0     0 1578 1061  0  0 100  0  0
 0  0  34392 143460  13504 5695284    0    0     0     0 1386  799  0  0 100  0  0
 0  0  34392 143612  13504 5695272    0    0     0     0 1508  821  0  0 100  0  0
 0  0  34392 144236  13504 5695272    0    0     0     0 1351  816  0  0 100  0  0
 0  0  34392 144436  13504 5695264    0    0     0     6 1257  782  0  0 100  0  0
 0  0  34392 144428  13512 5695264    0    0     0    38 1305  798  0  0 100  0  0
 0  0  34392 144468  13512 5695260    0    0     0    10 1358  798  0  0 100  0  0
 0  0  34392 144612  13512 5695260    0    0     0     0 1122  780  0  0 100  0  0
10  0  34392 144908  13512 5691204    0    0  1024     0 5633 3115 25  1 74  0  0
 8  0  34392 144444  13504 5666168    0    0 10946    66 29285 19075 57  3 40  0  0
17  0  34392 160404  13500 5653172    0    0 23000     0 12967 11063 59  2 39  0  0
12  0  34392 143380  13500 5670436    0    0 17640    26 2625 2525 64  1 35  0  0
14  0  34392 143524  13500 5670576    0    0  9482     0 2777 2952 59  1 40  0  0
15  0  34392 190316  13508 5624304    0    0  2378   120 4380 4120 67  1 31  1  0
11  0  34392 164020  13508 5649868    0    0 12820     0 4966 3834 67  2 31  0  0
13  0  34392 146084  13508 5669448    0    0 25064     0 3750 3136 59  1 39  0  0
procs -----------memory---------- ---swap-- -----io---- -system-- -----cpu------
 r  b   swpd   free   buff  cache   si   so    bi    bo   in   cs us sy id wa st
20  0  34392 143812  13508 5668080    0    0 32078     0 4200 2834 55  1 44  0  0
 8  0  34392 169012  13508 5644624    0    0 34232     0 6172 4495 50  1 45  3  0
15  0  34392 148532  13504 5665400    0    0 22468     0 6536 4089 58  2 40  0  0
10  0  34392 146708  13504 5667736    0    0  7912     0 2671 2930 55  1 44  0  0
 5  0  34392 147940  13504 5667280    0    0  3042     0 2454 2254 45  1 54  0  0
 3  0  34392 148388  13512 5667296    0    0     0   464 2012 1540 22  0 76  1  0
 3  0  34392 148444  13512 5667296    0    0     0     0 1767 1371 16  0 83  0  0
 3  0  34392 148308  13512 5667312    0    0     0     0 1700 1314 12  0 87  0  0
 2  0  34392 147876  13512 5668072    0    0   384    10 1811  985  9  0 91  0  0
 0  0  34392 147428  13512 5668684    0    0   298     0 1534 1019  2  0 98  0  0
 0  0  34392 147588  13512 5668676    0    0     0     4 1315  878  0  0 100  0  0
 0  0  34392 147436  13512 5668676    0    0     0     0 1207  862  0  0 100  0  0
 0  0  34392 147836  13512 5668656    0    0     0     0 1148  887  0  0 100  0  0
 1  0  34392 147692  13520 5668644    0    0     0   134 1228  889  0  0 100  0  0
 0  0  34392 147868  13520 5668644    0    0     0     0 1391  905  0  0 100  0  0
 0  0  34392 148012  13520 5668644    0    0     0     0 1286  846  0  0 100  0  0
 1  0  34392 148156  13520 5668632    0    0     0     0 1209  881  0  0 100  0  0
 1  0  34392 148460  13520 5668648    0    0     0     0 2340 1564  1  0 99  0  0
14  0  34392 158748  13520 5655260    0    0 11778     0 22970 14579 56  3 41  0  0
14  0  34392 149484  13512 5663856    0    0 24284     0 15104 12840 61  2 36  0  0
13  1  34392 145252  13512 5671896    0    0 11520   142 3563 3218 58  1 40  1  0
procs -----------memory---------- ---swap-- -----io---- -system-- -----cpu------
 r  b   swpd   free   buff  cache   si   so    bi    bo   in   cs us sy id wa st
19  4  34392 146764  13512 5671272    0    0 46136     0 3278 3459 65  2 31  3  0
12  2  34392 144628  13512 5673912    0    0 50420     0 3203 2367 53  1 38  7  0
13  0  34392 143100  13512 5674496    0    0 38876     6 5636 4479 61  2 36  1  0
12  0  34392 142036  13512 5675724    0    0 28744     0 5687 3865 71  2 28  0  0
 9  0  34392 147492  13512 5669660    0    0 18004    12 2823 2244 49  3 48  0  0
20  0  34392 147508  13516 5665276    0    0  6898     0 5202 3474 58  1 40  0  0
10  0  34392 147972  13516 5666616    0    0 20082     0 4996 4465 56  2 42  0  0
 9  0  34392 148732  13524 5668732    0    0  1026   300 4781 2297 52  1 47  1  0
 9  0  34392 148780  13524 5668888    0    0    64     0 2209 2139 43  1 56  0  0
 7  0  34392 148300  13528 5668900    0    0     2    28 2681 1856 38  1 62  0  0
 5  0  34392 148620  13528 5668932    0    0     0     0 3254 1805 36  1 63  0  0
 1  0  34392 149404  13528 5668964    0    0     0     0 2303 1259 15  0 85  0  0
 0  0  34392 149572  13532 5668988    0    0     0     0 1454  861  1  0 99  0  0
 0  0  34392 149172  13532 5669756    0    0   384     0 1599  930  0  0 100  0  0
 0  0  34392 148868  13532 5669756    0    0     0     0 1322  863  0  0 100  0  0
 0  0  34392 149172  13540 5669732    0    0     0   184 1111  822  0  0 99  1  0
 0  0  34392 149324  13540 5669736    0    0     0     0 1241  859  0  0 100  0  0
 0  0  34392 149372  13540 5669724    0    0     0     0 1077  815  0  0 100  0  0
 0  0  34392 150132  13540 5669728    0    0     0     0 1064  828  0  0 100  0  0
 0  0  34392 149380  13540 5670292    0    0   284     6 1335  846  0  0 100  0  0
 0  0  34392 149380  13540 5670292    0    0     0     0 1074  829  0  0 100  0  0
procs -----------memory---------- ---swap-- -----io---- -system-- -----cpu------
 r  b   swpd   free   buff  cache   si   so    bi    bo   in   cs us sy id wa st
 0  0  34392 149508  13540 5670292    0    0     0     0 1062  810  0  0 100  0  0
 0  0  34392 149204  13540 5670292    0    0     0    10 1145  833  0  0 100  0  0
 0  0  34392 148612  13548 5671416    0    0   640    38 1228  849  0  0 100  0  0
 0  0  34392 146620  13548 5673540    0    0  1024   184 1236  816  0  0 100  0  0
 0  0  34392 144036  13548 5675584    0    0  1024     0 1225  979  0  0 100  0  0
 0  0  34392 149700  13548 5667956    0    0  1024     0 8312 4026 11  1 88  0  0
16  0  34392 158172  13548 5660168    0    0  6286    22 13112 10610 27  1 71  0  0
15  0  34392 146476  13548 5670736    0    0  5236     0 12855 7105 64  2 34  0  0
12  0  34392 145084  13548 5672188    0    0  7460     0 3998 3441 68  2 30  0  0
17  1  34392 146772  13548 5670796    0    0  9262    98 3171 3182 81  3 17  0  0
14  0  34392 147364  13556 5670404    0    0 13290   250 5175 4044 81  2 16  1  0
 8  0  34392 164516  13556 5652232    0    0  2908     2 4826 4472 57  1 41  0  0
13  0  34392 162236  13556 5654532    0    0  1024     0 2924 2263 51  1 48  0  0
18  0  34392 154964  13556 5656940    0    0  1264     0 6039 2854 81  2 17  0  0
14  0  34392 153132  13560 5659344    0    0  1026     0 7339 3822 80  2 17  0  0
11  0  34392 155084  13560 5661324    0    0  1024     0 9098 5340 83  2 15  0  0
 6  0  34392 151892  13560 5663884    0    0  1280     2 4532 2634 65  1 33  0  0
 2  0  34392 151108  13568 5666072    0    0  1024   322 2749 1505 26  0 73  1  0
 1  0  34392 148732  13568 5668148    0    0  1024    12 2369 1190 14  0 86  0  0
 0  0  34392 147212  13568 5670208    0    0  1024     0 1892  955  4  0 96  0  0
 0  0  34392 146196  13568 5671736    0    0   768     0 1363  826  0  0 100  0  0
procs -----------memory---------- ---swap-- -----io---- -system-- -----cpu------
 r  b   swpd   free   buff  cache   si   so    bi    bo   in   cs us sy id wa st
 0  0  34392 144196  13568 5673784    0    0  1024     4 1609  846  0  0 100  0  0
 0  0  34392 142876  13568 5675984    0    0  1024     0 1406  879  0  0 100  0  0
 0  0  34392 146060  13568 5672508    0    0  1024    22 1496  848  0  0 100  0  0
 0  0  34392 143476  13568 5674548    0    0  1024     0 1304  836  0  0 100  0  0
 0  0  34392 143020  13576 5676596    0    0  1024   124 1325  847  0  0 100  0  0
 0  0  34392 147124  13576 5672688    0    0  1024   240 1338  860  0  0 100  0  0
 0  0  34392 145476  13576 5674528    0    0  1024     0 1365  836  0  0 100  0  0
 0  0  34392 143500  13576 5676576    0    0  1024     0 1289  817  0  0 100  0  0
 3  0  34392 145892  13576 5673152    0    0  1280     0 6402 2187  2  1 97  0  0
 2  0  34392 148796  13576 5633032    0    0  1024     0 19638 15601 11  1 88  0  0
15  0  34392 172804  13576 5629188    0    0 22120     0 13246 7436 75  3 22  0  0
11  0  34392 146660  13584 5656868    0    0 43530   142 3455 3139 95  3  3  0  0
13  0  34392 142100  13584 5660920    0    0 45144    12 3742 3350 86  2 11  0  0
13  0  34392 143324  13548 5660284    0    0 41058     0 3596 3514 82  2 16  0  0
12  0  34392 148212  13544 5654212    0    0 34708     0 7205 4905 59  2 39  0  0
14  0  34392 145772  13544 5655220    0    0 17012     2 9487 8711 52  2 45  0  0
12  1  34392 168724  13544 5616984    0    0 16660     0 9375 9522 47  2 51  0  0
16  0  34392 144268  13544 5638832    0    0 47958    52 4541 2751 59  1 40  1  0
17  4  34392 143628  13544 5637852    0    0 51622     0 7822 4005 81  2 12  5  0
 5  4  34392 143332  13544 5642596    0    0 44162    94 4832 2426 60  2 25 14  0
 8  5  34392 147156  13548 5638152    0    0 56220   168 4186 2564 61  1 21 17  0
procs -----------memory---------- ---swap-- -----io---- -system-- -----cpu------
 r  b   swpd   free   buff  cache   si   so    bi    bo   in   cs us sy id wa st
 6  0  34392 142300  13480 5642992    0    0 38146     2 13243 11321 42  2 45 11  0
 3  0  34392 145948  13480 5638548    0    0  1026     4 4080 2749 11  0 88  0  0
 0  0  34392 143228  13480 5641032    0    0  1408     0 2648 1251  6  0 94  0  0
 0  0  34392 147692  13448 5636660    0    0  1024     0 2662 1128  5  0 95  0  0
 4  0  34392 145460  13448 5638704    0    0  1024     0 5531 1690 13  0 86  0  0
 2  0  34392 143804  13448 5640752    0    0  1024     0 10673 3198 26  1 74  0  0
 4  0  34392 146076  13456 5638180    0    0  1408   402 13010 3675 27  1 71  1  0
 4  0  34392 144412  13456 5640224    0    0  1024     0 15913 5084 29  1 69  0  0
 3  0  34392 142876  13456 5642264    0    0  1024     2 11857 4231 25  1 74  0  0
 0  0  34392 145924  13444 5639428    0    0  1920     0 4673 1855 10  0 90  0  0
 0  0  34392 145020  13444 5641564    0    0  1024     0 1463  829  0  0 100  0  0
 1  0  34392 143036  13444 5643620    0    0  1280     2 1393  824  0  0 100  0  0
 1  0  34392 146372  13444 5640720    0    0  1024     0 1488  843  0  0 100  0  0
 3  2  34392 143452  13452 5643344    0    0  1664   164 3254 1688  2  0 97  1  0
14  0  34392 148668  13436 5633320    0    0 30322     0 24798 17237 62  3 32  3  0
16  0  34392 167204  13436 5636304    0    0  1408     0 13435 12598 60  3 38  0  0
12  0  34392 165692  13436 5638352    0    0  1026    16 2844 3004 69  2 29  0  0
12  0  34392 151700  13436 5651964    0    0  6894     0 2786 3087 60  1 39  0  0
21  0  34392 187388  13436 5632512    0    0  2356     4 3997 3579 54  1 45  0  0
16  0  34392 177084  13436 5643952    0    0  5578     0 3807 2498 58  1 41  0  0
20  0  34392 174964  13440 5646116    0    0  1030     0 4002 3900 59  1 39  0  0
procs -----------memory---------- ---swap-- -----io---- -system-- -----cpu------
 r  b   swpd   free   buff  cache   si   so    bi    bo   in   cs us sy id wa st
37  0  34392 168540  13448 5648424    0    0  1024   222 6375 4086 93  2  5  0  0
11  0  34392 160652  13444 5657804    0    0 11278     0 7417 4453 86  2 12  0  0
 9  0  34392 142196  13444 5675628    0    0 15894     8 5260 2934 72  2 26  0  0
 7  0  34392 142188  13444 5677544    0    0 14304     0 6518 2576 59  1 40  0  0
 3  0  34392 142652  13444 5677332    0    0 15104     0 2940 1720 29  0 71  0  0
 2  0  34392 145732  13444 5675164    0    0  8956     4 2441 1292 14  0 86  0  0
 0  0  34392 146220  13444 5675184    0    0     2     0 1725  871  2  0 98  0  0
 0  1  34392 146412  13456 5675176    0    0     2   262 1397  829  0  0 99  1  0
 0  0  34392 146572  13456 5675180    0    0     0     0 1470  841  0  0 100  0  0
 0  0  34392 146900  13456 5675168    0    0     0     0 1289  839  0  0 100  0  0
 0  0  34392 147052  13456 5675168    0    0     0   182 1361  839  0  0 100  0  0
 0  0  34392 146756  13456 5675660    0    0   256     0 1535  910  0  0 100  0  0
 0  0  34392 146748  13456 5675664    0    0     0     6 1195  863  0  0 100  0  0
 0  0  34392 146892  13456 5675632    0    0     0     0 1130  812  0  0 100  0  0
 0  0  34392 147332  13456 5675628    0    0     0     0 1417  840  0  0 100  0  0
 0  0  34392 147188  13464 5675628    0    0     0    42 1352  849  0  0 100  0  0
 0  0  34392 147204  13464 5675624    0    0     0     0 1315  835  0  0 100  0  0
 0  0  34392 147348  13464 5675624    0    0     0     0 1361  881  0  0 100  0  0
 0  0  34392 147652  13464 5675612    0    0     0     0 1304  872  0  0 100  0  0
 0  0  34392 147348  13464 5675616    0    0     0     0 1287  847  0  0 100  0  0
13  0  34392 142196  13464 5679892    0    0  1916    10 3326 2101  7  0 93  0  0
procs -----------memory---------- ---swap-- -----io---- -system-- -----cpu------
 r  b   swpd   free   buff  cache   si   so    bi    bo   in   cs us sy id wa st
 9  0  34392 143268  13452 5673084    0    0 38834     0 24031 15110 60  3 32  5  0
13  0  34392 182780  13440 5617124    0    0 27546     4 20096 14397 64  3 32  0  0
 3  0  34392 152372  13448 5647320    0    0 15180   128 3249 2943 72  1 26  0  0
10  0  34392 146012  13448 5654760    0    0 31466     0 3519 2666 58  2 40  0  0
16  0  34392 181260  13448 5616336    0    0 28682     8 6438 4183 59  2 39  0  0
11  0  34392 166188  13448 5633972    0    0  8824     0 3852 2047 45  1 53  0  0
15  0  34392 146748  13448 5649668    0    0 21676    32 6874 4803 76  2 21  0  0
20  0  34392 143340  13448 5655836    0    0 20972     0 5808 3777 79  2 19  0  0
 4  0  34392 142540  13448 5655600    0    0 17180     0 4062 3823 65  1 34  0  0
11  0  34392 145572  13448 5653104    0    0 15406     6 8116 3627 51  1 48  0  0
10  0  34392 163348  13456 5637428    0    0  2270   260 9137 8525 39  1 59  1  0
10  0  34392 146468  13456 5654532    0    0  8656   144 2879 2419 55  1 44  0  0
 8  0  34392 146324  13456 5654872    0    0 11520     0 2889 2539 55  1 44  0  0
 4  0  34392 144956  13456 5655132    0    0 23554     0 3736 2241 50  1 49  0  0
 2  0  34392 146636  13456 5653436    0    0 14736     0 2815 1645 25  0 75  0  0
 0  0  34392 146668  13456 5653840    0    0     2     0 1878  948  2  0 98  0  0
 0  0  34392 146556  13456 5653836    0    0     0    12 1446  864  0  0 100  0  0
 0  0  34392 147020  13456 5653832    0    0     0     0 1400  886  0  0 100  0  0
 0  0  34392 147500  13464 5653792    0    0     0   194 1310  844  0  0 99  1  0
 0  0  34392 147796  13464 5653792    0    0     0     2 1314  842  0  0 100  0  0
 0  0  34392 147972  13464 5653764    0    0     0     0 1614  890  0  0 100  0  0
procs -----------memory---------- ---swap-- -----io---- -system-- -----cpu------
 r  b   swpd   free   buff  cache   si   so    bi    bo   in   cs us sy id wa st
 0  0  34392 147972  13464 5653768    0    0     0     8 1459  936  0  0 100  0  0
 0  0  34392 148124  13464 5653764    0    0     0     0 1331  840  0  0 100  0  0
 0  0  34392 148580  13464 5653764    0    0     0     0 1470  827  0  0 100  0  0
 0  0  34392 148132  13464 5653764    0    0     0    14 1379  838  0  0 100  0  0
 0  0  34392 148436  13464 5653764    0    0     0     0 1327  821  0  0 100  0  0
 0  0  34392 148604  13472 5653760    0    0     0    50 1366  851  0  0 100  0  0
12  0  34392 145956  13472 5654408    0    0   474     0 8863 5628 40  2 58  0  0
 9  0  34392 141676  13464 5637100    0    0 16216     0 26527 15975 67  3 29  0  0
10  0  34392 142132  13480 5658044    0    0 13854     0 6924 4909 56  1 42  0  0
12  0  34392 147300  13336 5653320    0    0 20102     0 3220 2774 60  1 39  0  0
12  0  34392 142428  13364 5658580    0    0 22096     2 3135 2859 62  1 38  0  0
19  0  34392 148340  13384 5651416    0    0 22504     0 5690 3815 60  2 38  0  0
17  1  34392 143484  13408 5656528    0    0 17258     0 3130 3260 54  1 44  0  0
18  0  34392 147268  13436 5652936    0    0 21154   420 4576 3731 73  2 25  1  0
17  0  34392 145460  13436 5652180    0    0 17618     0 13902 6823 80  3 16  0  1
11  0  34392 143636  13428 5653384    0    0 17220     2 8550 5177 55  2 43  0  0
10  0  34392 143652  13428 5656804    0    0 17250     0 5129 2443 56  1 43  0  0
 8  0  34392 145484  13400 5654200    0    0 14978     0 2680 2256 42  1 57  0  0
 5  0  34392 145180  13400 5655380    0    0 21252     8 2611 1892 38  1 62  0  0
 6  0  34392 148100  13392 5653328    0    0 26550     0 2437 1772 32  1 67  0  0
 2  0  34392 143092  13400 5657928    0    0 25062   262 2678 1523 28  1 71  1  0
procs -----------memory---------- ---swap-- -----io---- -system-- -----cpu------
 r  b   swpd   free   buff  cache   si   so    bi    bo   in   cs us sy id wa st
 0  0  34392 143428  13400 5657516    0    0  5800     0 1999 1029  6  0 94  0  0
 0  0  34392 143900  13400 5657512    0    0     0     0 1433  893  0  0 100  0  0
 0  0  34392 143916  13400 5657484    0    0     0     8 1541  922  0  0 100  0  0
 0  0  34392 144676  13400 5657476    0    0     0     0 1494  899  0  0 100  0  0
 0  0  34392 144404  13400 5657448    0    0     0     0 1358  898  0  0 100  0  0
 0  0  34392 143188  13400 5658728    0    0   640     0 1496  858  0  0 100  0  0
 0  0  34392 148212  13400 5653456    0    0   768     0 1374  844  0  0 100  0  0
12  0  34392 145284  13408 5656212    0    0  1198    78 7931 2078 11  1 87  0  0
18  0  34392 149564  13408 5651164    0    0  1474     0 25103 16308 59  3 38  0  0
24  0  34392 154124  13408 5647784    0    0  4992   222 7615 6900 70  3 27  0  0
14  0  34392 143492  13408 5658932    0    0  8192     0 2714 2675 64  2 35  0  0
10  0  34392 148492  13408 5653668    0    0  7616     0 3047 2976 70  2 28  0  0
19  0  34392 177692  13408 5624160    0    0  8480     2 5352 3916 63  2 35  0  0
19  0  34392 141372  13408 5660532    0    0 18432     0 6441 6204 70  2 28  0  0
16  0  34392 143524  13408 5659084    0    0 28422    10 4737 4451 88  3  9  0  0
13  0  34392 146756  13416 5652904    0    0 26368   282 5321 2705 80  2 18  0  0
 8  0  34392 142772  13392 5635596    0    0 17098     0 6276 5336 58  2 41  0  0
 8  0  34392 144164  13392 5656568    0    0 13582    10 5454 2587 63  1 36  0  0
 5  0  34392 142372  13392 5660524    0    0  2186     0 3218 2216 48  1 51  0  0
 2  0  34392 146204  13392 5656912    0    0  1330     6 2292 1678 30  0 70  0  0
 2  0  34392 144692  13392 5658704    0    0   964     0 1916 1307 19  0 81  0  0
procs -----------memory---------- ---swap-- -----io---- -system-- -----cpu------
 r  b   swpd   free   buff  cache   si   so    bi    bo   in   cs us sy id wa st
 0  0  34392 143340  13392 5660232    0    0   720     0 1999 1034  5  0 94  0  0
 0  0  34392 143036  13400 5660220    0    0     0   272 1654  866  0  0 99  1  0
 0  0  34392 142748  13400 5660988    0    0   384     0 1608  880  0  0 100  0  0
 0  0  34392 143060  13400 5660972    0    0     0     2 1643  894  0  0 100  0  0
 0  0  34392 143060  13400 5660972    0    0     0     0 1409  877  0  0 100  0  0
 0  0  34392 143364  13400 5660972    0    0     0     0 1577  880  0  0 100  0  0
 0  0  34392 142284  13400 5661748    0    0   384    14 1431  861  0  0 100  0  0
 0  0  34392 142580  13400 5661744    0    0     0     0 1327  822  0  0 100  0  0
 5  0  34392 142884  13400 5661744    0    0     0     2 1653 1127  0  0 100  0  0
11  0  34392 163908  13404 5635960    0    0   128   128 11671 6555 51  2 47  0  0
14  0  34392 143236  13408 5635992    0    0    14     0 16924 12225 55  2 43  0  0
13  0  34392 160100  13408 5642176    0    0  6408   188 7484 5057 63  2 34  0  0
12  0  34392 146716  13408 5655348    0    0  6580     0 2862 2786 69  2 29  0  0
13  0  34392 161012  13408 5640752    0    0  9624    10 4520 4061 63  1 36  0  0
13  0  34392 149012  13408 5652772    0    0  6124     0 2845 2698 56  1 42  0  0
12  0  34392 146108  13408 5655516    0    0  1196     0 4129 3965 63  1 36  0  0
17  0  34392 152028  13416 5645712    0    0  1116   200 6542 3643 63  1 35  0  0
15  0  34392 151732  13416 5646348    0    0   256     0 4008 3030 64  2 35  0  0
 8  0  34392 153556  13416 5647720    0    0   616     0 6691 3947 57  2 42  0  0
10  0  34392 153260  13416 5648108    0    0   152     0 2669 3303 52  1 46  0  0
 3  0  34392 153260  13416 5648160    0    0     0     0 2346 2808 35  1 64  0  0
procs -----------memory---------- ---swap-- -----io---- -system-- -----cpu------
 r  b   swpd   free   buff  cache   si   so    bi    bo   in   cs us sy id wa st
 2  0  34392 153108  13416 5648208    0    0   108     0 2351 1453 17  0 83  0  0
 1  0  34392 166500  13416 5635212    0    0     0     0 8049 6828 13  1 87  0  0
 1  0  34392 166844  13424 5635008    0    0     0   248 1857 1053  8  0 91  1  0
 1  0  34392 167340  13424 5635016    0    0     0     0 1815 1056  8  0 92  0  0
 1  0  34392 164564  13516 5636924    0    0  1224     8 2398 1234  8  0 90  2  0
 0  0  34392 164900  13516 5637376    0    0     0     0 2029 1103  8  0 92  0  0
 0  0  34392 165052  13516 5637396    0    0     0     0 1557  861  0  0 100  0  0
 1  0  34392 165676  13516 5637396    0    0     0     2 1544  819  0  0 100  0  0
 0  0  34392 165212  13516 5637392    0    0     0     0 1468  833  0  0 100  0  0
 1  0  34392 164428  13516 5637396    0    0     0    10 2657 1702  1  0 99  0  0
 2  0  34392 163124  13528 5638224    0    0     0   154 18033 13529 12  1 87  0  0
12  0  34392 166900  13528 5633856    0    0   418     0 11306 8632 59  2 39  0  0
18  0  34392 166900  13528 5634008    0    0   146   164 3221 2978 94  2  4  0  0
17  0  34392 165988  13528 5634720    0    0   418     0 3258 2802 94  2  4  0  0
19  0  34392 165980  13528 5634880    0    0    20     0 3321 2618 92  2  6  0  0
18  0  34392 191980  13528 5608408    0    0     0     0 18683 10280 81  3 15  0  0
12  0  34392 188596  13528 5611320    0    0  1244     0 10674 7231 76  2 21  0  0
27  0  34392 159420  13528 5640580    0    0 14662     0 3289 3070 84  2 14  0  0
12  0  34392 144820  13536 5652352    0    0  5980   268 4217 4220 71  2 27  1  0
11  0  34392 143828  13540 5657224    0    0  5604    22 5551 3698 71  2 27  0  0
22  0  34392 152036  13540 5648848    0    0  9228     0 5606 4166 61  2 38  0  0
procs -----------memory---------- ---swap-- -----io---- -system-- -----cpu------
 r  b   swpd   free   buff  cache   si   so    bi    bo   in   cs us sy id wa st
 3  0  34392 145812  13540 5655472    0    0 14588     0 3247 2578 40  1 60  0  0
 2  0  34392 146636  13540 5654584    0    0 14976    10 2259 1530 25  0 75  0  0
 3  0  34392 192132  13544 5609492    0    0     2     0 8359 5606 15  1 84  0  0
 2  0  34392 192268  13544 5609008    0    0     0    14 6785 3859 16  0 83  0  0
 2  0  34392 192436  13544 5609020    0    0     0     0 7480 2634 17  1 82  0  0
 3  0  34392 194132  13552 5609000    0    0     0   244 10455 4046 22  1 77  1  0
 4  0  34392 195828  13552 5609000    0    0     0    10 10335 3491 23  1 76  0  0
 2  0  34392 194780  13552 5608988    0    0     0     0 8746 2826 20  1 80  0  0
 2  0  34392 194484  13552 5608992    0    0     0     0 4671 1436 16  0 84  0  0
 1  0  34392 195876  13552 5609004    0    0     0     0 3018 1063  7  0 93  0  0
 1  0  34392 196180  13552 5609004    0    0     0     0 1918  991  3  0 97  0  0
 0  0  34392 195988  13552 5608992    0    0     0     0 1772  963  2  0 98  0  0
 0  0  34392 196028  13552 5608992    0    0     0     0 2378 1000  5  0 95  0  0
 1  0  34392 196172  13560 5608992    0    0     0   294 2877  917  7  0 92  0  0
 1  0  34392 196188  13560 5608992    0    0     0     0 2822  797  8  0 92  0  0
 2  0  34392 190964  13564 5609216    0    0     0     0 3907 1792 14  0 86  0  0
 0  0  34392 169036  13564 5609584    0    0   512    20 16092 11325  7  1 91  0  0
18  0  34392 172692  13564 5630804    0    0 10624     0 19117 13771 61  3 36  0  0
18  0  34392 151876  13564 5651764    0    0 10496    82 2885 4040 80  2 19  0  0
15  0  34392 143516  13564 5659752    0    0  7564     0 2958 3673 84  2 14  0  0
16  1  34392 145348  13576 5658452    0    0 12724   270 3429 3943 81  2 16  0  0
procs -----------memory---------- ---swap-- -----io---- -system-- -----cpu------
 r  b   swpd   free   buff  cache   si   so    bi    bo   in   cs us sy id wa st
11  0  34392 144428  13576 5659468    0    0 13590    12 5423 5123 77  2 21  0  0
14  0  34392 171932  13556 5630888    0    0 11154     0 5942 5567 58  2 40  0  0
17  0  34392 168580  13556 5631740    0    0   240     8 5055 4031 85  2 12  0  0
14  0  34392 167212  13556 5632504    0    0   400     0 5502 3938 75  2 22  0  0
13  1  34392 166764  13556 5633292    0    0   472     0 4813 3194 76  2 22  0  0
10  0  34392 168884  13556 5634524    0    0   536     0 4735 2663 62  1 37  0  0
 6  0  34392 168580  13556 5634952    0    0   230     0 2403 1984 36  1 64  0  0
 1  0  34392 168460  13564 5634992    0    0     0   308 2192 1388 17  0 82  0  0
 0  0  34392 168932  13564 5634988    0    0     0     0 1767 1329  4  0 96  0  0
 0  0  34392 168484  13564 5634988    0    0     4     0 1794  889  0  0 100  0  0
 0  0  34392 167772  13564 5636236    0    0   640     0 1733  833  0  0 100  0  0
 0  0  34392 168396  13564 5636236    0    0     0     0 1307  805  0  0 100  0  0
 0  0  34392 168692  13564 5636228    0    0     0    16 1635  782  0  0 100  0  0
 0  0  34392 168684  13564 5636228    0    0     0     0 1391  783  0  0 100  0  0
 0  0  34392 168220  13564 5636224    0    0     0     0 1330  758  0  0 100  0  0
 0  0  34392 168692  13572 5636196    0    0     0   298 1482  758  0  0 100  0  0
 0  0  34392 169188  13572 5636196    0    0     0     0 1311  814  0  0 100  0  0
 1  0  34392 160340  13572 5637088    0    0     0    12 10217 5594 14  1 85  0  0
 8  0  34392 144060  13572 5637616    0    0 20582     0 21937 16073 41  2 57  0  0
13  0  34392 143636  13564 5643588    0    0 36128     0 15843 8847 60  3 37  0  0
12  0  34392 142116  13540 5645412    0    0 32554    10 2993 2661 56  1 42  0  0
procs -----------memory---------- ---swap-- -----io---- -system-- -----cpu------
 r  b   swpd   free   buff  cache   si   so    bi    bo   in   cs us sy id wa st
14  0  34392 145620  13540 5642552    0    0 35916     0 2866 2622 56  1 43  0  0
11  1  34392 162172  13540 5625300    0    0 35846     0 5288 3368 49  1 49  0  0
21  5  34392 146964  13540 5642480    0    0 37856   172 3303 2434 59  1 37  3  0
20  0  34392 147412  13536 5641316    0    0 43414     0 3705 2896 76  1 15  7  0
13  2  34392 142140  13516 5641536    0    0 53738     0 7852 3389 80  3 13  4  0
15  0  34392 146076  13516 5638296    0    0 21100     0 4658 3039 67  2 30  1  0
 7  0  34392 148500  13516 5638100    0    0     2     0 6436 4134 52  1 47  0  0
 8  0  34392 148836  13516 5638116    0    0     0     0 2515 2578 47  1 52  0  0
 6  0  34392 149452  13516 5638120    0    0     0    18 2469 2267 44  1 55  0  0
 2  0  34392 149308  13524 5638164    0    0     0   318 2138 1494 23  0 76  1  0
 1  0  34392 149612  13524 5638164    0    0     0     0 1764 1253 16  0 84  0  0
 0  0  34392 150252  13524 5638164    0    0     0   170 1858 1008  6  0 94  0  0
 1  0  34392 150284  13524 5638172    0    0     0     0 2965 2174  1  0 99  0  0
 1  0  34392 150596  13524 5638168    0    0     0    16 1881 1028  8  0 92  0  0
 1  0  34392 151348  13524 5638160    0    0     0     0 1741 1015  8  0 92  0  0
 1  0  34392 151660  13524 5638164    0    0     0     0 1706 1005  8  0 92  0  0
 1  0  34392 151988  13524 5638156    0    0     0     6 2025 1719 11  0 89  0  0
 2  0  34392 151212  13532 5638168    0    0     0   106 1263  822  0  0 99  0  0
 0  0  34392 151204  13532 5638168    0    0     0     0 1191  793  0  0 100  0  0
13  0  34392 148012  13532 5637472    0    0  2816     0 6562 3840 12  1 87  0  0
13  0  34392 163388  13532 5635884    0    0 12504     0 27189 17959 65  3 31  0  0
procs -----------memory---------- ---swap-- -----io---- -system-- -----cpu------
 r  b   swpd   free   buff  cache   si   so    bi    bo   in   cs us sy id wa st
 1  0  34392 144996  13424 5611264    0    0 27974     0 7081 4407 90  3  8  0  0
 1  0  34392 145628  13416 5492716    0    0     0     0 1637  561  8  0 92  0  0
 1  0  34392 145780  13416 5492716    0    0     0     0 1503  584  8  0 92  0  0
18  2  34392 183916  13452 5453980    0    0 46156    74 4406 2897 85  3  9  3  1
14  0  34392 143476  13464 5496152    0    0 53392    72 4582 3477 94  2  3  0  0
11  0  34392 144836  13428 5494156    0    0 33934    18 8422 5393 79  3 16  2  0
 9  0  34392 143316  13428 5489860    0    0 10240     0 5139 3413 56  1 42  0  0
15  0  34392 149708  13428 5484224    0    0   646    42 6648 5360 75  3 23  0  0
13  0  34392 144364  13428 5489460    0    0 12520     0 5490 3402 79  2 19  0  0
10  0  34392 143172  13428 5495796    0    0 13828     0 4153 2614 49  1 49  0  0
 6  0  34392 143188  13428 5496520    0    0 15744    18 2984 2320 44  1 55  0  0
 5  0  34392 145316  13440 5495184    0    0 16386   286 2781 1725 27  0 71  1  0
 2  0  34392 143380  13440 5497356    0    0  4352   122 2326 1326 18  0 81  0  0
 2  0  34392 148100  13444 5492244    0    0  1026     0 2146 1130  9  0 91  0  0
 0  0  34392 146772  13444 5494292    0    0  1024     0 1410  851  0  0 100  0  0
 0  0  34392 144356  13448 5496592    0    0  1154     0 1579  838  0  0 100  0  0
 0  0  34392 142532  13448 5498640    0    0  1024     0 1569  793  0  0 100  0  0
 0  0  34392 145724  13452 5495040    0    0  1026     0 1395  794  0  0 100  0  0
 0  0  34392 144060  13452 5497948    0    0  1404     0 1288  792  0  0 100  0  0
 0  0  34392 142388  13464 5499868    0    0  1026   148 1264  774  0  0 99  0  0
 0  0  34392 146620  13464 5495004    0    0  1024     0 1207  772  0  0 100  0  0
procs -----------memory---------- ---swap-- -----io---- -system-- -----cpu------
 r  b   swpd   free   buff  cache   si   so    bi    bo   in   cs us sy id wa st
23  2  34392 142604  13468 5499304    0    0  6026     0 3423 2307 10  0 89  1  0
18  0  34392 144364  13468 5497032    0    0 35396    18 3535 3505 90  3  5  1  1
12  0  34392 145580  13472 5495896    0    0  7048     0 2991 3614 83  3 13  0  1
12  0  34392 147860  13472 5493708    0    0  5762     0 2750 3793 79  3 19  0  0
13  0  34392 140884  13476 5500748    0    0  7046    84 3395 3630 67  2 30  0  0
13  0  34392 146804  13484 5494056    0    0 18704    86 3089 3871 78  2 20  0  0
12  0  34392 144660  13472 5496680    0    0 11102    18 3353 3989 76  2 22  0  0
13  0  34392 145116  13476 5495796    0    0 17930     0 3046 3604 76  2 21  0  0
 6  0  34392 141996  13476 5499488    0    0 32768     0 4429 3179 65  2 33  0  0
 5  1  34392 147004  13472 5492676    0    0 28418     6 4250 2397 45  1 54  0  0
 3  0  34392 148884  13472 5491836    0    0 20546     0 3586 1995 33  1 66  0  0
 0  0  34392 142964  13476 5497968    0    0  3078     0 2117 1219  8  0 92  0  0
 0  0  34392 147996  13476 5493072    0    0  1024     0 1413  880  0  0 100  0  0
 0  0  34392 145908  13488 5495104    0    0  1026    64 1402  852  0  0 99  0  0
 0  0  34392 143932  13488 5497104    0    0  1024   116 1389  818  0  0 100  0  0
 0  0  34392 141956  13492 5499152    0    0  1026     0 1395  821  0  0 100  0  0
 0  0  34392 147268  13492 5493992    0    0  1024     0 1326  828  0  0 100  0  0
 0  0  34392 145292  13496 5496040    0    0  1026     0 1300  810  0  0 100  0  0
 0  0  34392 143468  13496 5498060    0    0  1024     0 1222  788  0  0 100  0  0
 0  0  34392 142404  13496 5499600    0    0   768    20 1369  800  0  0 100  0  0
 0  0  34392 147324  13500 5494728    0    0  1026     0 1359  811  0  0 100  0  0
procs -----------memory---------- ---swap-- -----io---- -system-- -----cpu------
 r  b   swpd   free   buff  cache   si   so    bi    bo   in   cs us sy id wa st
 0  0  34392 145348  13508 5496768    0    0  1024    42 1217  780  0  0 100  0  0
 0  0  34392 143524  13512 5498820    0    0  1026     0 1333  790  0  0 100  0  0
 0  0  34392 169236  13516 5472704    0    0  1482     0 2035 1134  0  0 99  1  0
 1  0  34392 24268172  13528 5474468    0    0  1286    22 2243  611  0  7 93  0  0
