procs -----------memory---------- ---swap-- -----io---- -system-- -----cpu------
 r  b   swpd   free   buff  cache   si   so    bi    bo   in   cs us sy id wa st
 3  1 104452 31572856   1960 120740    0    1    30    13    0    0  0  0 99  0  0
 0  1 104452 31518860   2124 133188    0    0  5382   154 1407 1758  3  1 84 12  0
 2  0 104452 31461504   2392 144796    0    0  5782     0 1714 1740  5  1 88  7  0
 3  0 104452 31371496   2428 156664    0    0  6336   102 2345 2191  7  1 88  4  0
 1  1 104452 31174488   2472 169288    0    0  5820    28 2995 3784  8  1 86  5  0
 0 14 104452 30949056   2648 181748    0    0  6444     0 3689 5185  8  1 69 21  0
 2 12 104452 29398272   2720 230660    0    0 24682   312 6282 3261 34  3 39 23  0
 4 14 104452 26015460   2872 347396    0    0 57820     0 4586 2152 21  6 39 34  0
 0 12 104452 25488900   2988 458980    0    0 55800   142 3522 1927 17  2 43 38  0
 1 12 104452 25126556   3096 556164    0    0 48736    20 4226 1958 21  4 49 26  0
 1 12 104452 25011972   3208 669676    0    0 57032     0 3631 1934 18  2 54 26  0
 2 12 104452 24660836   3308 774372    0    0 52786   132 4603 2067 24  4 36 37  0
 3 13 104452 24400756   3416 881388    0    0 53302     6 4813 1954 25  4 38 32  0
 2 16 104452 23794336   3692 1165152    0    0 141346     4 10925 5031 22  4 41 34  0
 2 15 104452 22671132   3808 1272376    0    0 53540     0 5525 1936 28  7 37 27  0
 4 15 104452 22546264   3920 1396704    0    0 62112     0 3878 1976 20  2 42 37  0
 3 15 104452 22223964   4052 1510848    0    0 57306     0 5245 2050 29  4 28 39  0
 3 17 104452 22118492   4184 1615728    0    0 52178     0 3294 1834 17  1 39 43  0
 6 12 104452 21901620   4292 1714388    0    0 49312     0 5225 2143 30  3 33 34  0
10  0 104452 21613408   4368 1801328    0    0 43572    66 9668 3375 58  6 16 20  0
12  0 104452 21412860   4396 1805404    0    0  1688     0 15590 4010 85  9  6  0  0
procs -----------memory---------- ---swap-- -----io---- -system-- -----cpu------
 r  b   swpd   free   buff  cache   si   so    bi    bo   in   cs us sy id wa st
13  0 104452 21395724   4420 1809804    0    0  2188     0 13859 4114 91  8  1  0  0
12  0 104452 21379716   4472 1826368    0    0  8414    54 13800 4687 91  8  1  0  0
10  5 104452 21310784   4564 1884956    0    0 29766     0 13182 4972 86  8  4  3  0
 2 11 104452 21237624   4692 1948192    0    0 31232     0 4892 2708 23  2 35 39  0
 0 14 104452 21133732   4828 2051064    0    0 51116    70 3405 1966 17  1 48 34  0
 1 13 104452 20265268   5524 2729188    0    0 338618    42 24886 12916 19  2 43 36  0
 3 12 104452 20154800   5636 2839724    0    0 55108    48 3645 1993 18  1 52 29  0
 8  3 104452 19652832   5908 3114352    0    0 136958    38 21011 7392 44  4 24 28  0
10  0 104452 19538500   5956 3165368    0    0 25366    92 10734 3707 70  6 13 11  0
 8  0 104452 19450560   5960 3167424    0    0  1026     0 9908 3371 67  5 27  0  0
 4  0 104452 19446864   5968 3169480    0    0  1024    44 7410 2895 50  3 47  0  0
 0  0 104452 19444012   5972 3171524    0    0  1090     0 2908 1623 17  1 82  0  0
 8  0 104452 19052812   6004 3185436    0    0  6836     0 8586 3223 49  3 43  5  0
 7  1 104452 18937432   6032 3192344    0    0  3978    90 24088 4841 56  6 38  1  0
 8  4 104452 18704708   6124 3286084    0    0 46342     0 16457 6175 52  5 25 18  0
 8  9 104452 18374660   6248 3393464    0    0 53630    44 14413 5949 59  5 16 20  0
 4  9 104452 17986140   6496 3640532    0    0 123874    26 20182 7789 51  4 12 34  0
 4 10 104452 17853744   6616 3765668    0    0 61996     2 4567 2257 24  2 45 29  0
 7  9 104452 17735260   6736 3883604    0    0 59234    22 6252 2751 38  2 27 33  0
 8  8 104452 17479552   6920 4063732    0    0 89698    32 16774 5205 56  4 12 29  0
 5  6 104452 17357756   7028 4185060    0    0 60576    14 14351 3317 72  6  8 14  0
procs -----------memory---------- ---swap-- -----io---- -system-- -----cpu------
 r  b   swpd   free   buff  cache   si   so    bi    bo   in   cs us sy id wa st
 2  0 104452 17220796   7144 4304804    0    0 59580    22 8381 3194 27  2 54 17  0
 0  0 104452 17214016   7160 4311964    0    0  3528     0 1540 1314  5  1 94  0  0
 0  0 104452 17214052   7168 4312084    0    0     0    88  709 1033  0  0 99  0  0
 0  0 104452 17214204   7168 4312088    0    0     0     0  677 1001  0  0 100  0  0
 0  0 104452 17213996   7168 4312096    0    0     0     0  666 1015  0  0 100  0  0
 1  0 104452 17214132   7176 4312084    0    0     0    36  675 1016  0  0 99  0  0
 0  0 104452 17214480   7176 4312084    0    0     0     0  614  996  0  0 100  0  0
 0  0 104452 17214572   7184 4312056    0    0     0    38  621 1029  0  0 99  0  0
 0  0 104452 17214404   7184 4312064    0    0     0     0  620  994  0  0 100  0  0
 0  0 104452 17214952   7184 4312044    0    0     0     0  639 1009  0  0 100  0  0
 0  0 104452 17214908   7192 4312036    0    0     0    24  638 1033  0  0 99  0  0
 0  0 104452 17214800   7192 4312032    0    0     0     0  615 1000  0  0 100  0  0
 0  0 104452 17215076   7192 4312048    0    0     0     0  590 1000  0  0 100  0  0
 0  0 104452 17215404   7200 4312056    0    0     0    12  635 1018  0  0 99  0  0
 0  0 104452 17215348   7200 4312064    0    0     0     0  630  996  0  0 100  0  0
 6  0 104452 17191228   7208 4313892    0    0   922     8 8745 2840 24  1 74  0  0
 4  0 104452 17109660   7220 4314632    0    0   290    86 27708 7381 38  5 57  0  0
 4  0 104452 17039092   7220 4314652    0    0     0     0 22466 10547 32  4 64  0  0
 7  0 104452 17058568   7220 4314672    0    0     0     0 19526 10034 43  4 53  0  0
 8  0 104452 16886200   7252 4327960    0    0  6860    58 18448 7195 58  5 36  1  0
10  0 104452 16509492   7280 4354828    0    0 13390    36 14906 4988 75  7 18  0  0
procs -----------memory---------- ---swap-- -----io---- -system-- -----cpu------
 r  b   swpd   free   buff  cache   si   so    bi    bo   in   cs us sy id wa st
14  0 104452 16368292   7312 4383196    0    0 13964    30 13663 4032 83  6 11  0  0
14  0 104452 16215400   7344 4410788    0    0 13840    24 13815 4139 88  7  5  0  0
10  0 104452 16082084   7388 4445972    0    0 18002     0 13470 4156 91  6  2  0  0
14  0 104452 16015300   7432 4482648    0    0 17938    56 13707 3872 93  6  1  0  0
15  0 104452 15941012   7468 4518932    0    0 18130     0 14479 3676 93  5  2  0  0
15  0 104452 15837608   7496 4547792    0    0 14542     0 14797 3480 91  6  3  0  0
10  0 104452 15769248   7540 4584848    0    0 18512    38 13989 3651 93  5  2  0  0
15  0 104452 15647532   7576 4619976    0    0 17298     0 16211 4125 88  7  5  0  0
13  0 104452 15524384   7632 4660976    0    0 20468    54 16676 4272 92  7  1  0  0
19  0 104452 15392328   7672 4697448    0    0 18256     0 14535 3971 92  6  2  0  0
 8  0 104452 15278048   7692 4715768    0    0  9160     0 16691 3476 91  6  3  0  0
11  0 104452 15221244   7744 4738428    0    0 11288    78 17477 3702 92  7  1  0  0
 8  0 104452 15152840   7776 4765788    0    0 13618     0 12016 3183 77  5 17  0  0
 7  0 104452 15023988   7792 4783544    0    0  8840     0 10674 2820 64  4 32  0  0
 7  0 104452 14965644   7820 4802936    0    0  9610    50 8693 2981 58  4 37  1  0
 5  0 104452 14904040   7844 4820976    0    0  9160     0 8381 2730 55  3 41  0  0
 4  3 104452 14850652   7876 4840420    0    0  9612   106 6293 2461 41  2 55  2  0
 0  0 104452 14849000   7884 4842032    0    0   704     0 1979 1335  8  1 90  2  0
 0  0 104452 14848692   7884 4842008    0    0     2     0  724 1075  0  0 99  0  0
 0  0 104452 14849212   7892 4842000    0    0     0    46  762 1082  0  0 99  0  0
 0  0 104452 14849424   7892 4842004    0    0     0     0  808 1073  0  0 100  0  0
procs -----------memory---------- ---swap-- -----io---- -system-- -----cpu------
 r  b   swpd   free   buff  cache   si   so    bi    bo   in   cs us sy id wa st
 0  0 104452 14850344   7892 4842008    0    0     0     0  677 1027  0  0 100  0  0
 0  0 104452 14850608   7900 4841980    0    0     0    24  668 1044  0  0 99  0  0
 0  0 104452 14850520   7900 4841988    0    0     0     0  603  999  0  0 100  0  0
 0  0 104452 14850532   7900 4841976    0    0     0     0  708 1056  0  0 100  0  0
 4  0 104452 14777104   7916 4842112    0    0     8    86 15415 6357 45  3 52  0  0
 6  0 104452 14595016   7916 4842116    0    0     0     0 21456 9932 39  5 56  0  0
10  0 104452 14463152   7916 4842128    0    0     0     0 18513 8255 66  6 28  0  0
10  0 104452 14325672   7924 4842140    0    0     0    30 14622 3832 78  6 16  0  0
13  0 104452 14301364   7924 4842140    0    0     0    24 14620 4201 83  6 11  0  0
13  0 104452 14258896   7924 4842148    0    0     0     0 15329 4278 90  7  3  0  0
12  0 104452 14207140   7932 4843312    0    0   576    40 16171 4129 91  7  2  0  0
 8  0 104452 14091024   7932 4843348    0    0     0     0 14798 6825 68  5 27  0  0
10  0 104452 14111184   7968 4868780    0    0 12750    66 13471 4761 75  6 18  1  0
15  0 104452 14002144   7992 4893380    0    0 12236    58 15566 4656 79  6 14  0  0
 8  0 104452 13920220   8020 4921812    0    0 14286     0 14278 4477 68  5 27  0  0
 6  0 104452 13861428   8060 4954856    0    0 16336    40 8418 2770 55  3 41  1  0
 3  0 104452 13792792   8076 4973920    0    0  9546     0 5877 2246 37  2 61  0  0
 1  0 104452 13792740   8084 4973912    0    0     0    26 3387 1616 21  1 78  0  0
 0  0 104452 13788692   8084 4973920    0    0     0     0  984 1079  2  0 97  0  0
 0  0 104452 13788220   8084 4973912    0    0     0     0  642 1021  0  0 100  0  0
 0  0 104452 13788664   8092 4973912    0    0     0    28  623 1012  0  0 99  0  0
procs -----------memory---------- ---swap-- -----io---- -system-- -----cpu------
 r  b   swpd   free   buff  cache   si   so    bi    bo   in   cs us sy id wa st
 0  0 104452 13788752   8092 4973916    0    0     0     0  682 1018  0  0 100  0  0
 3  0 104452 13760440   8100 4973984    0    0     0     0 7324 3091 17  1 81  0  0
 2  0 104452 13646764   8108 4974020    0    0     0    98 16460 9760 18  3 79  0  0
 2  0 104452 13622328   8108 4974020    0    0     0     0 19156 12410 10  3 88  0  0
13  0 104452 13388728   8116 4974024    0    0     0    20 18667 5318 57  5 38  0  0
14  0 104452 13283844   8124 4974024    0    0     0    28 14443 3692 93  6  1  0  0
10  0 104452 13165064   8124 4974016    0    0     0     0 14428 3097 90  7  3  0  0
12  0 104452 12994096   8156 4988576    0    0     0  3900 13510 3505 90  6  3  0  0
13  0 104452 12952128   8212 5028584    0    0     0     0 14841 3228 88  5  7  0  0
13  0 104452 12664360   8400 5139224    0    0     6    38 14700 2886 92  7  2  0  0
12  1 104452 12411256   8560 5302636    0    0     2 99930 12359 1987 88  7  1  5  0
13  0 104452 12398472   8608 5316388    0    0   642  6516 15332 2559 96  3  1  0  0
 7  2 104452 12359388   8616 5323580    0    0  3524 49690 19417 6576 75  4 18  2  0
 9  0 104452 12215772   8652 5349564    0    0 14414  4478 21412 7145 60  6 29  5  0
10  0 104452 11986312   8708 5399988    0    0 25372     0 11815 3165 69  5 21  6  0
 5  0 104452 11738792   8784 5455668    0    0 24220    44 9215 2559 62  5 23 10  0
 4  1 104452 11672040   8864 5523832    0    0 24220     0 6235 2175 40  2 53  5  0
 1  2 104452 11564452   8912 5571808    0    0 23896 13010 5679 1968 32  2 62  4  0
 1  0 104452 11534084   8948 5602892    0    0 15376    82 1882 1483  8  1 89  2  0
 1  0 104452 11533808   8948 5602908    0    0     0    12  794 1047  1  0 99  0  0
 0  0 104452 11533732   8956 5602872    0    0     0    20  753 1043  0  0 99  0  0
procs -----------memory---------- ---swap-- -----io---- -system-- -----cpu------
 r  b   swpd   free   buff  cache   si   so    bi    bo   in   cs us sy id wa st
 1  0 104452 11533804   8956 5602836    0    0     0     0  634 1013  0  0 100  0  0
 0  0 104452 11534292   8956 5602836    0    0     0    16  619 1004  0  0 99  0  0
 1  0 104452 11534760   8964 5602800    0    0     0    28  646 1028  0  0 99  0  0
 0  0 104452 11535272   8964 5602780    0    0     0     0  719 1011  0  1 99  0  0
 0  1 104452 11535884   8972 5602724    0    0     0    16  621 1011  0  0 99  0  0
 0  0 104452 11535272   8972 5602732    0    0     0     0  616 1003  0  0 100  0  0
 0  0 104452 11535784   8972 5602724    0    0     0   322  780 1036  0  0 100  0  0
 0  0 104452 11535944   8980 5602720    0    0     0    30  591 1007  0  0 99  0  0
 0  0 104452 11535952   8980 5602712    0    0     0     0  622 1016  0  0 100  0  0
13  0 104452 11308644   8988 5550908    0    0     0     0 9049 3587 52  5 43  0  0
13  0 104452 11308852   9000 5550876    0    0     0   116 17293 5523 89  7  5  0  0
10  0 104452 10999352   9000 5550876    0    0     0    10 13896 3458 89  8  3  0  0
13  0 104452 10866420   9000 5550764    0    0     0     0 15853 3289 88  8  4  0  0
12  0 104452 10824680   9008 5550880    0    0    64    32 15765 3607 91  8  1  0  0
10  0 104452 10712368   9008 5550844    0    0     0     0 13562 3350 84  5 11  0  0
10  0 104452 10557020   9016 5550960    0    0    64    52 15826 4875 81  9 10  0  0
11  0 104452 10389260   9016 5550872    0    0     0    16 11801 3398 79  7 14  0  0
10  0 104452 10327828   9016 5550860    0    0     0     0 17658 8340 71  7 22  0  0
 5  0 104452 10282316   9024 5550840    0    0     0    54 13904 6288 65  5 30  0  0
 8  0 104452 10189132   9024 5552012    0    0   576     0 12661 6467 48  4 48  0  0
 7  0 104452 10117052   9024 5552016    0    0     0     0 11662 5141 58  3 38  0  0
procs -----------memory---------- ---swap-- -----io---- -system-- -----cpu------
 r  b   swpd   free   buff  cache   si   so    bi    bo   in   cs us sy id wa st
12  0 104452 9993368   9040 5554504    0    0  1348    44 16641 5279 68  5 27  0  0
13  0 104452 9811948   9060 5578064    0    0 11722     0 28057 6262 86  9  5  0  0
11  0 104452 9787440   9092 5602240    0    0 11980    96 18712 5189 90  7  3  0  0
 9  0 104452 9616080   9120 5631444    0    0 14606     0 10810 3069 75  5 21  0  0
 7  0 104452 9583024   9152 5664304    0    0 16486     0 8980 2827 62  3 34  0  0
 2  0 104452 9564732   9176 5682504    0    0  9034    36 7206 2419 47  2 50  1  0
 0  0 104452 9564568   9176 5682488    0    0     0     0 2050 1265 10  1 89  0  0
 0  0 104452 9564964   9184 5682488    0    0    24    46  699 1065  0  0 99  0  0
 0  0 104452 9564824   9184 5682496    0    0     0     0  654 1009  0  0 100  0  0
 1  0 104452 9565552   9184 5682468    0    0     0     0  647 1016  0  0 100  0  0
 2  0 104452 9565236   9192 5682460    0    0     0    40  620  996  0  0 99  0  0
 1  0 104452 9566084   9192 5682444    0    0     0     0  625 1004  0  0 100  0  0
 0  0 104452 9566204   9192 5682444    0    0     0     2  667 1017  0  0 100  0  0
 0  0 104452 9565892   9200 5682456    0    0     0    20  639 1021  0  0 99  0  0
 0  0 104452 9566720   9200 5682456    0    0     0     0  617  987  0  0 100  0  0
 0  0 104452 9567112   9200 5682452    0    0     0     4  657 1037  0  0 100  0  0
 0  0 104452 9566548   9208 5682460    0    0     0    18  604 1008  0  0 99  0  0
 0  0 104452 9567004   9208 5682456    0    0     0     0  657 1063  0  0 99  0  0
 0  0 104452 9566968   9208 5682456    0    0     0     0  608 1008  0  0 100  0  0
 0  0 104452 9567092   9216 5682436    0    0     0    18  626 1032  0  0 99  0  0
 9  0 104452 9544548   9220 5683452    0    0   448    70 17682 5495 41  5 54  0  0
procs -----------memory---------- ---swap-- -----io---- -system-- -----cpu------
 r  b   swpd   free   buff  cache   si   so    bi    bo   in   cs us sy id wa st
14  0 104452 9529928   9228 5683452    0    0     0    44 27721 8901 81  9 10  0  0
14  0 104452 9321480   9228 5683452    0    0     0    12 17792 4328 89  8  4  0  0
14  0 104452 9155920   9244 5692504    0    0  4614     0 16139 3838 91  8  2  0  0
16  0 104452 8935604   9268 5709144    0    0  8202    52 14815 3512 89  7  3  0  0
10  0 104452 8781468   9416 5814120    0    0  5194    14 13122 2977 69  6 26  0  0
11  0 104452 8641260   9480 5875292    0    0  8776     0 13804 3876 86  6  8  0  0
10  1 104452 8408972   9512 5897824    0    0  7880 66944 14378 4622 79  8  8  5  0
10  0 104452 8198948   9560 5935780    0    0  7814   158 14823 4830 78  7 13  2  0
 7  3 104452 8088572   9628 5991300    0    0  8716 31698 13689 5293 56  6 37  1  0
 3  0 104452 7988808   9720 6056928    0    0 12110    88 10026 3577 54  4 39  3  0
 2  0 104452 7739732   9812 6130792    0    0  2052     0 5169 2410 19  4 78  0  0
11  0 104452 7349120   9820 6128716    0    0     0 53978 16593 4239 86  7  5  2  0
10  0 104452 7323288   9868 6153784    0    0     8     0 14626 3959 70  5 25  0  0
12  1 104452 7136836   9876 6153780    0    0     0 12160 17470 4441 89  7  4  0  0
11  0 104452 6859888   9876 6153628    0    0     0    10 12555 3244 89  6  5  0  0
 9  0 104452 6766724   9924 6179228    0    0     2     0 13891 2856 83  5 12  0  0
 5  0 104452 6608872   9944 6191568    0    0     0 15996 8929 2370 62  4 32  2  0
 4  0 104452 6532644   9952 6199512    0    0     0     0 6271 1915 44  2 54  0  0
 2  0 104452 6527088   9964 6204988    0    0     0     0 3093 1487 18  1 81  0  0
 0  0 104452 6526788   9972 6204928    0    0     0  9564 3585 1118  4  1 94  1  0
 0  0 104452 6526404   9972 6205196    0    0     0     0  658 1063  0  0 100  0  0
procs -----------memory---------- ---swap-- -----io---- -system-- -----cpu------
 r  b   swpd   free   buff  cache   si   so    bi    bo   in   cs us sy id wa st
 0  0 104452 6526220   9980 6205196    0    0     0    40  688 1032  0  0 99  0  0
 0  0 104452 6526656   9980 6205196    0    0     0     0  669 1043  0  0 100  0  0
 0  0 104452 6527288   9980 6205140    0    0     0     0  614  987  0  0 100  0  0
 0  0 104452 6527824   9988 6205096    0    0     0    16  676 1049  0  0 99  0  0
 1  0 104452 6527444   9988 6205100    0    0     0     0  610  989  0  0 100  0  0
 0  0 104452 6527280   9988 6205096    0    0     0     6  772 1025  0  1 99  0  0
 0  0 104452 6527728   9996 6205088    0    0     0    16  635 1008  0  0 99  0  0
 0  0 104452 6528088   9996 6204868    0    0     0     0  636 1010  0  0 100  0  0
 0  0 104452 6528220   9996 6204704    0    0     0    12  628  994  0  0 100  0  0
 0  0 104452 6528072  10004 6204700    0    0     0    18  631 1014  0  0 99  0  0
 0  0 104452 6528560  10004 6204692    0    0     0     8  611 1002  0  0 99  0  0
 0  0 104452 6528188  10004 6204696    0    0     0     0  656 1023  0  0 100  0  0
 0  0 104452 6528444  10012 6204696    0    0     0    24  636 1012  0  0 99  0  0
 0  0 104452 6527832  10012 6204696    0    0     0    78  632 1022  0  0 100  0  0
 0  0 104452 6528320  10012 6204696    0    0     0     0  633  999  0  0 100  0  0
 0  0 104452 6528568  10020 6204696    0    0     0    16  630 1028  0  0 99  0  0
13  0 104452 6909164  10036 5753836    0    0  7560     0 7897 3534 39  5 57  0  0
10  0 104452 6726492  10068 5783780    0    0 14928     0 16119 4281 84  9  6  0  0
11  0 104452 6531932  10108 5813712    0    0 15054   164 14611 4916 80  9 11  0  0
12  0 104452 6441264  10136 5844352    0    0 15374     0 17056 6141 85  8  7  0  0
12  0 104452 6216456  10160 5870052    0    0 12814     0 17748 7697 84  8  7  0  0
procs -----------memory---------- ---swap-- -----io---- -system-- -----cpu------
 r  b   swpd   free   buff  cache   si   so    bi    bo   in   cs us sy id wa st
11  0 104452 6118144  10168 5870068    0    0     0    32 16418 5456 80  8 11  0  0
14  0 104452 5999412  10168 5870040    0    0     0     0 14246 4069 90  7  4  0  0
13  0 104452 5942576  10176 5870060    0    0     0    62 15791 3446 93  7  1  0  0
10  0 104452 5906772  10176 5870068    0    0    10     0 13143 3509 92  5  3  0  0
 9  0 104452 5785508  10176 5870072    0    0     0    12 15235 3466 88  7  5  0  0
 8  0 104452 5766484  10184 5870080    0    0     0    36 12816 4527 70  5 25  0  0
11  0 104452 5732068  10188 5870096    0    0     0     0 16188 7121 62  5 33  0  0
 8  0 104452 5611136  10196 5870116    0    0     0    82 18521 7460 76  8 16  0  0
13  0 104452 5442696  10196 5870136    0    0     0     0 17400 3824 87  6  7  0  0
 9  0 104452 5373788  10196 5870112    0    0     0    90 13802 4954 74  5 21  0  0
 9  0 104452 5312584  10204 5870112    0    0     0    50 11296 3350 72  4 24  0  0
 5  0 104452 5261364  10204 5870108    0    0     0     0 7100 2158 49  2 49  0  0
 2  0 104452 5261648  10212 5870116    0    0     0    38 5149 1865 34  1 64  0  0
 1  0 104452 5262192  10212 5870112    0    0     0     0 1763 1201  9  1 90  0  0
 0  0 104452 5262332  10212 5870112    0    0     0     2  985 1106  2  0 98  0  0
 0  0 104452 5261236  10220 5870108    0    0     0    18  691 1022  0  0 99  0  0
 0  0 104452 5262268  10220 5870108    0    0     0     0  683 1034  0  0 100  0  0
 0  0 104452 5261900  10220 5870080    0    0     0     0  626  987  0  0 100  0  0
 0  0 104452 5262260  10228 5870080    0    0     0    26  695 1063  0  0 99  0  0
 0  0 104452 5262684  10228 5870056    0    0     0    24  585 1009  0  0 100  0  0
 0  0 104452 5263056  10228 5870056    0    0     0     0  624 1021  0  0 100  0  0
procs -----------memory---------- ---swap-- -----io---- -system-- -----cpu------
 r  b   swpd   free   buff  cache   si   so    bi    bo   in   cs us sy id wa st
 0  0 104452 5262808  10236 5870056    0    0     0    20  613 1007  0  0 99  0  0
 0  0 104452 5263276  10236 5870044    0    0     0    18  647 1027  0  0 100  0  0
 0  0 104452 5262896  10236 5870044    0    0     0     0  665  994  0  0 100  0  0
 0  0 104452 5263176  10244 5870044    0    0     0    16  672 1042  0  0 99  0  0
 0  0 104452 5262944  10244 5870024    0    0     0     0  623 1011  0  0 100  0  0
 0  0 104452 5263316  10244 5870024    0    0     0     0  625 1008  0  0 100  0  0
 0  0 104452 5263316  10252 5870020    0    0     0    40  631 1067  0  0 99  0  0
 0  0 104452 5263664  10252 5870016    0    0     0     0  683 1031  0  0 100  0  0
 0  0 104452 5263904  10252 5870016    0    0     0     0  616  997  0  0 100  0  0
 3  0 104452 5264052  10260 5870012    0    0     0    22 1494 2006  3  1 96  0  0
 2  0 104452 5257548  10260 5870148    0    0     0     0 20016 7010 28  3 69  0  0
13  0 104452 5260892  10268 5870160    0    0     0    74 23090 9578 74  8 19  0  0
12  0 104452 5145216  10272 5872780    0    0     0     0 20703 6495 89  8  3  0  0
 1  0 104452 4994204  10356 5943388    0    0     0    20 5648 1885 34  4 62  0  0
12  0 104452 4824484  10372 5946588    0    0     0 37490 12535 3600 85  7  8  0  0
13  0 104452 4677744  10396 5958352    0    0     0     0 12853 3288 89  6  5  0  0
10  3 104452 4569164  10476 6011316    0    0     0 25434 13784 3089 81  7 11  1  0
10  0 104452 4420788  10536 6060564    0    0     0   118 12733 3632 82  5 12  1  0
 9  0 104452 4324168  10604 6097268    0    0     2     2 12087 3554 76  5 19  0  0
11  0 104452 4155448  10624 6102572    0    0     2 48426 17115 6879 74  7 15  3  0
12  0 104452 3991204  10628 6109164    0    0     0     0 14316 4343 88  8  4  0  0
procs -----------memory---------- ---swap-- -----io---- -system-- -----cpu------
 r  b   swpd   free   buff  cache   si   so    bi    bo   in   cs us sy id wa st
 4  1 104452 3825836  10704 6173084    0    0     0 29366 8884 2736 57  5 36  2  0
 5  0 104452 3692316  10796 6242748    0    0     0   100 6569 1689 38  3 57  1  0
13  0 104452 3641628  10816 6267376    0    0     0     6 12755 3095 77  5 18  0  0
11  0 104452 3507800  10868 6299976    0    0     0 55614 14199 3103 83  6  8  3  0
11  0 104452 3415448  10872 6307560    0    0     0     0 13040 3216 89  6  5  0  0
10  1 104452 3098324  10900 6314916    0    0     0 20622 13721 3663 72  7 21  1  0
 4  0 104452 3073148  10924 6335728    0    0     0     0 6345 2097 39  3 58  0  0
 1  0 104452 3074296  10924 6335744    0    0     0    14 5064 1854 33  1 66  0  0
 0  1 104452 3072816  11164 6336004    0    0   160 10272 2836 1595 13  1 82  3  0
 1  1 104452 3068348  12280 6339152    0    0   562     0 2770 2113  9  1 83  8  0
 1  1 104452 3063848  13332 6342788    0    0   526    18 2446 1829  8  1 83  8  0
 1  0 104452 2913572  13488 6343488    0    0    74    38 3204 1308 18  2 77  3  0
 3  0 104452 2913332  13488 6343484    0    0     0     4 1801 1206  8  1 91  0  0
 0  0 104452 2913844  13496 6343488    0    0     0    24  709  971  1  0 99  0  0
 0  0 104452 2914144  13496 6343424    0    0     0     0  638 1015  0  0 100  0  0
 0  0 104452 2914196  13496 6343376    0    0     0     2  674 1026  0  0 99  0  0
 1  0 104452 2914428  13504 6343376    0    0     0    26  666 1052  0  0 99  0  0
 0  0 104452 2914088  13504 6343368    0    0     0     0  638  998  0  0 100  0  0
 0  0 104452 2914228  13504 6343324    0    0     0     0  648 1014  0  1 99  0  0
 0  0 104452 2914388  13512 6343320    0    0     0    16  629 1011  0  0 99  0  0
15  0 104452 3324700  13512 5932196    0    0     0     0 6791 3835 28  4 68  0  0
procs -----------memory---------- ---swap-- -----io---- -system-- -----cpu------
 r  b   swpd   free   buff  cache   si   so    bi    bo   in   cs us sy id wa st
14  0 104452 3163736  13512 5931920    0    0     0     0 23413 6025 87 10  3  0  0
14  0 104452 2963996  13524 5931900    0    0     0   164 14962 3452 88  9  3  0  0
12  0 104452 2913388  13524 5931824    0    0     0   168 13072 3993 91  7  2  0  0
12  0 104452 2852628  13524 5931808    0    0     0     0 12827 3187 89  6  4  0  0
12  0 104452 2772632  13532 5931752    0    0     0    42 12697 3668 88  7  6  0  0
13  0 104452 2648020  13532 5931788    0    0     0     0 14302 4254 86  7  7  0  0
12  0 104452 2633444  13532 5931764    0    0     0     0 14377 3681 92  7  1  0  0
12  0 104452 2539892  13540 5931776    0    0     0    66 12932 3546 87  7  6  0  0
13  0 104452 2502040  13540 5931740    0    0     0     0 13883 3710 87  8  5  0  0
 9  0 104452 2393160  13548 5931724    0    0     0    50 11858 3641 79  6 15  0  0
10  0 104452 2369320  13548 5931732    0    0     0     0 13141 5722 66  5 29  0  0
12  0 104452 2236412  13548 5931716    0    0     0     0 17439 5182 84  7  9  0  0
15  0 104452 2162620  13556 5931692    0    0     0   100 16213 4203 89  7  4  0  0
 9  0 104452 2044640  13556 5931704    0    0     0     0 14832 3915 87  6  7  0  0
 8  0 104452 2024208  13564 5931676    0    0     0    76 16574 5067 67  5 28  0  0
 7  0 104452 1979356  13564 5931688    0    0     0     0 10109 3505 59  3 37  0  0
 3  0 104452 1955228  13564 5931656    0    0     0     0 5171 1902 35  1 64  0  0
 2  0 104452 1955244  13572 5931652    0    0     0    66 2968 1532 18  1 81  0  0
 1  0 104452 1955140  13572 5931632    0    0     0     0 2792 1405 17  1 82  0  0
 0  0 104452 1954912  13572 5931632    0    0     0    40  877 1065  2  0 98  0  0
 0  0 104452 1955140  13580 5931624    0    0     0    26  613 1004  0  0 99  0  0
procs -----------memory---------- ---swap-- -----io---- -system-- -----cpu------
 r  b   swpd   free   buff  cache   si   so    bi    bo   in   cs us sy id wa st
 0  0 104452 1954868  13580 5931604    0    0     0     0  656 1032  0  0 100  0  0
 0  0 104452 1954984  13580 5931588    0    0     0     0  648 1006  0  0 100  0  0
 0  0 104452 1955056  13588 5931584    0    0     0    24  625 1016  0  0 99  0  0
 0  0 104452 1955120  13588 5931576    0    0     0     0  664 1007  0  0 100  0  0
 0  0 104452 1955484  13588 5931576    0    0     0     0  630 1014  0  0 100  0  0
 0  0 104452 1955228  13596 5931580    0    0     0    26  683 1012  0  0 99  0  0
 0  0 104452 1955888  13596 5931572    0    0     0    56  601 1015  0  0 100  0  0
 0  0 104452 1955664  13596 5931564    0    0     0     0  646 1004  0  0 100  0  0
 0  0 104452 1956060  13604 5931556    0    0     0    60  635 1033  0  0 99  0  0
 0  0 104452 1956168  13604 5931544    0    0     0     0  633 1003  0  0 100  0  0
 0  0 104452 1956036  13604 5931544    0    0     0     0  678 1030  0  0 100  0  0
 4  0 104452 1955512  13612 5931540    0    0     0    44 1555 1921  4  1 95  0  0
12  0 104452 1950188  13612 5931672    0    0     0     0 19729 3379 60  4 36  0  0
 1  0 104452 1885208  13648 5952808    0    0     2  2088 21044 6315 62  7 30  1  0
 1  0 104452 1816668  13736 6022516    0    0     0     0 9842 4851 11  3 87  0  0
 2  0 104452 1585572  13748 6036228    0    0     0     0 7251 1713 35  3 62  0  0
 1  0 104452 1493008  13756 6033728    0    0     0 48306 1605  704  8  1 84  7  0
 1  0 104452 1492532  13756 6033672    0    0     0     0 1470  710  8  0 91  0  0
 1  0 104452 1492780  13764 6033648    0    0     0    24 1544  757  8  0 91  0  0
14  0 104452 1596540  13764 5928468    0    0     0     0 11851 3227 80  4 16  0  0
14  0 104452 1596068  13764 5928468    0    0     0     0 14342 3354 92  5  3  0  0
procs -----------memory---------- ---swap-- -----io---- -system-- -----cpu------
 r  b   swpd   free   buff  cache   si   so    bi    bo   in   cs us sy id wa st
13  0 104452 1589660  13788 5935368    0    0     0   192 13559 3427 92  5  3  0  0
10  0 104452 1549384  13824 5977216    0    0     0     0 14231 3535 82  5 14  0  0
10  0 104452 1507656  13880 6022220    0    0     0     0 12379 3705 76  5 19  0  0
 9  0 104452 1660640  13932 6056752    0    0     0 45954 11083 3394 65  4 30  1  0
10  0 104452 1630712  13968 6085576    0    0     0     0 12098 2976 67  4 29  0  0
 9  2 104452 1601100  14000 6112244    0    0     0 42658 15821 6173 64  6 28  3  0
 5  0 104452 1593844  14052 6121732    0    0    12   122 12718 2955 73  4 20  3  0
 8  0 104452 1575672  14068 6136284    0    0     0     0 9601 2618 62  3 35  0  0
 5  0 104452 1578164  14080 6135968    0    0     0 12620 13194 4664 56  4 39  1  0
 5  0 104452 1580072  14080 6135976    0    0     0     0 6535 2089 44  2 54  0  0
 2  0 104452 1581088  14096 6135960    0    0     0    44 6072 3155 29  1 69  0  0
 3  0 104452 1581836  14096 6135944    0    0     0     0 4073 1661 26  1 74  0  0
 1  0 104452 1582180  14096 6135916    0    0     0     0 2987 1451 18  1 81  0  0
 1  0 104452 1582036  14104 6135908    0    0     0    38 1656 1190  8  1 91  0  0
 1  0 104452 1581624  14104 6135900    0    0     0     0 1658 1198  8  1 91  0  0
 0  0 104452 1582024  14104 6135860    0    0     0   276 1389 1129  5  1 95  0  0
 0  0 104452 1582412  14112 6135760    0    0     0    34 2001 1062  0  0 99  0  0
 1  0 104452 1582684  14112 6135764    0    0     0     0  653 1032  0  0 99  0  0
 0  0 104452 1582780  14112 6135668    0    0     0     0  696 1036  0  0 100  0  0
 0  0 104452 1581792  14120 6135664    0    0     0    26  622 1024  0  0 99  0  0
 0  0 104452 1581908  14120 6135600    0    0     0     0  656 1042  0  0 100  0  0
procs -----------memory---------- ---swap-- -----io---- -system-- -----cpu------
 r  b   swpd   free   buff  cache   si   so    bi    bo   in   cs us sy id wa st
 0  0 104452 1582268  14120 6135600    0    0     0     0  617 1029  0  0 100  0  0
 0  0 104452 1582472  14128 6135544    0    0     0    26  592 1001  0  0 99  0  0
 0  0 104452 1582428  14128 6135556    0    0     0     0  633 1027  0  0 100  0  0
 0  0 104452 1582396  14128 6135524    0    0     0     0  646 1003  0  0 100  0  0
 0  0 104452 1582596  14136 6135536    0    0     0    20  629 1018  0  0 99  0  0
 0  0 104452 1582984  14136 6135524    0    0     0     0  603 1012  0  0 100  0  0
 1  0 104452 1582868  14136 6135536    0    0     0     0  637 1020  0  0 100  0  0
 0  0 104452 1582752  14144 6135528    0    0     0    24  629 1005  0  0 99  0  0
14  0 104452 1915164  14144 5801344    0    0     0     0 6337 3073 36  3 60  0  0
15  0 104452 1914096  14144 5801056    0    0     0    34 17095 3643 91  8  1  0  0
13  0 104452 1913592  14156 5801036    0    0     0   182 14887 3587 90  8  3  0  0
12  0 104452 1914444  14156 5801016    0    0     0   120 13226 4082 91  8  2  0  0
10  0 104452 1913248  14156 5801008    0    0     0     0 12878 3188 89  6  5  0  0
 8  0 104452 1912888  14164 5800968    0    0     0    20 12985 4061 86  7  7  0  0
10  0 104452 1858720  14164 5801016    0    0     0     0 17804 7903 81  7 11  0  0
14  0 104452 1913716  14164 5801008    0    0     0     0 22292 8757 91  8  1  0  0
15  0 104452 1914456  14172 5801012    0    0     0    38 15029 3857 92  7  1  0  0
12  0 104452 1915756  14172 5800964    0    0     0     0 13392 3903 93  7  1  0  0
 5  0 104452 1914060  14180 5800996    0    0     0    48 11891 4710 68  5 27  0  0
 9  0 104452 1892600  14180 5801024    0    0     0     2 19306 10151 52  6 42  0  0
11  0 104452 1872340  14180 5801040    0    0     0     0 15992 5615 74  6 21  0  0
procs -----------memory---------- ---swap-- -----io---- -system-- -----cpu------
 r  b   swpd   free   buff  cache   si   so    bi    bo   in   cs us sy id wa st
11  0 104452 1884912  14188 5801020    0    0     0    44 18079 6721 74  6 20  0  0
12  0 104452 1885216  14188 5801028    0    0     0     0 16426 5142 84  6 10  0  0
14  0 104452 1884260  14188 5801016    0    0     0     0 16302 4374 91  6  4  0  0
 9  0 104452 1884880  14196 5801032    0    0     0    84 17164 3738 87  5  8  0  0
 6  0 104452 1910516  14196 5801040    0    0     0     0 10196 2347 59  3 38  0  0
 2  0 104452 1910636  14204 5801032    0    0     0    24 5435 1932 37  2 62  0  0
 0  0 104452 1911000  14204 5801044    0    0     0     0 2691 1424 16  1 83  0  0
 0  0 104452 1911232  14204 5801044    0    0     0     0  703 1056  0  0 100  0  0
 0  0 104452 1911964  14212 5800996    0    0     0    42  709 1036  0  0 99  0  0
 0  0 104452 1912104  14212 5800996    0    0     0     0  649 1035  0  0 100  0  0
 0  0 104452 1911680  14224 5800980    0    0     0    24  610 1002  0  0 99  0  0
 0  0 104452 1912152  14224 5800996    0    0     0     0  658 1033  0  0 100  0  0
 0  0 104452 1912440  14224 5800960    0    0     0     0  653 1000  0  0 100  0  0
 0  0 104452 1912572  14232 5800960    0    0     0    16  655 1029  0  0 99  0  0
 0  0 104452 1912672  14232 5800908    0    0     0     0  636  999  0  0 100  0  0
 0  0 104452 1912936  14232 5800908    0    0     0     0  662 1023  0  0 100  0  0
 0  0 104452 1913852  14244 5800884    0    0     0    26  608  996  0  0 99  0  0
 0  0 104452 1913388  14244 5800896    0    0     0     0  665 1059  0  0 100  0  0
 0  0 104452 1913572  14244 5800892    0    0     0    24  650 1003  0  0 100  0  0
 1  0 104452 1914044  14252 5800892    0    0     0    36  601 1012  0  0 99  0  0
 0  0 104452 1914740  14252 5800888    0    0     0     0  619  995  0  0 100  0  0
procs -----------memory---------- ---swap-- -----io---- -system-- -----cpu------
 r  b   swpd   free   buff  cache   si   so    bi    bo   in   cs us sy id wa st
 1  0 104452 1963520  14396 5751680    0    0  1190     0  996 1344  0  1 98  2  0
12  0 104452 1982436  14436 5726984    0    0    50   120 16861 4654 84  6 10  0  0
12  0 104452 1981980  14436 5726984    0    0     0     8 21762 4605 91  8  2  0  0
12  0 104452 1981216  14444 5726964    0    0     0    18 13630 3773 94  5  1  0  0
14  0 104452 1981364  14444 5726972    0    0     0    78 13416 3962 93  6  1  0  0
 8  0 104452 1980252  14444 5727068    0    0     4     0 13738 4072 90  5  4  0  0
12  0 104452 1979616  14452 5727860    0    0     0   116 19334 10171 69  5 26  0  0
14  0 104452 1979204  14452 5728396    0    0   128     0 15358 4621 90  6  5  0  0
13  0 104452 1979428  14452 5728396    0    0     0     0 13360 3865 94  5  1  0  0
11  0 104452 1970700  14460 5728384    0    0     0    64 15701 3854 93  6  2  0  0
12  0 104452 1949988  14460 5728748    0    0     0     0 17724 4719 91  6  3  0  0
10  0 104452 1949976  14468 5728744    0    0     0    78 12608 3337 88  5  7  0  0
 6  0 104452 1950024  14468 5728968    0    0     0    32 10665 3511 63  3 34  0  0
 6  0 104452 1950296  14468 5728956    0    0     0     0 7114 2205 49  2 49  0  0
 2  0 104452 1950512  14476 5728972    0    0     0   126 5347 1874 35  1 63  0  0
 1  0 104452 1950988  14476 5728988    0    0     0     0 2217 1262 12  1 88  0  0
 0  0 104452 1951352  14476 5728996    0    0     0     0 1075 1109  3  0 97  0  0
 1  0 104452 1923624  14488 5728992    0    0     2    60  926 1067  2  0 97  0  0
 0  0 104452 1950380  14488 5729008    0    0     0     0  638 1027  0  0 100  0  0
 0  0 104452 1950968  14488 5729004    0    0     0     4  633  998  0  0 100  0  0
 0  0 104452 1951028  14496 5729004    0    0     0    36  617 1019  0  0 99  0  0
procs -----------memory---------- ---swap-- -----io---- -system-- -----cpu------
 r  b   swpd   free   buff  cache   si   so    bi    bo   in   cs us sy id wa st
 0  0 104452 1951656  14496 5729008    0    0     0     0  590  991  0  0 100  0  0
 3  0 104452 1872136  14496 5729008    0    0     0   130 1048 1073  3  0 97  0  0
 0  0 104452 1951116  14504 5729004    0    0     0    32  804 1034  1  0 98  0  0
 0  0 104452 1951532  14504 5729012    0    0     0     0  633 1021  0  0 100  0  0
 0  0 104452 1951780  14504 5729008    0    0     0     0  589  989  0  0 100  0  0
 0  0 104452 1951880  14512 5729004    0    0     0    30  623 1021  0  0 99  0  0
 1  0 104452 1952324  14512 5729008    0    0     0    28  590  970  0  0 100  0  0
 0  0 104452 1952384  14512 5729008    0    0     0     0  536  981  0  0 100  0  0
 0  0 104452 1952704  14520 5728996    0    0     0    18  607  995  0  0 99  0  0
 0  0 104452 1953068  14520 5729004    0    0     0     0  620 1031  0  0 100  0  0
 0  0 104452 1952464  14520 5729024    0    0     4     0 1349 1826  2  0 98  0  0
 2  0 104452 1951624  14528 5729552    0    0     0    70 5109 2833 29  2 68  0  0
12  0 104452 1946648  14528 5729964    0    0     0     0 20115 4544 89  8  3  0  0
12  0 104452 1952712  14528 5729968    0    0     0     0 17001 4069 92  8  1  0  0
12  0 104452 1958444  14536 5729976    0    0     0   188 13507 3860 92  7  1  0  0
10  0 104452 1958596  14536 5729960    0    0     0     0 13537 3770 92  7  1  0  0
 7  0 104452 1937140  14536 5730892    0    0     2   182 13921 6589 68  5 26  0  0
 8  0 104452 1953284  14544 5731020    0    0     0   216 12299 5526 64  4 32  1  0
 9  0 104452 1937156  14544 5731220    0    0     0     0 11629 3615 73  5 23  0  0
 8  0 104452 1937176  14544 5731220    0    0     0     0 11909 2964 74  5 21  0  0
 8  0 104452 1936316  14552 5731508    0    0     0   136 10943 3816 68  4 28  0  0
procs -----------memory---------- ---swap-- -----io---- -system-- -----cpu------
 r  b   swpd   free   buff  cache   si   so    bi    bo   in   cs us sy id wa st
 8  0 104452 1970280  14556 5731684    0    0     0     0 12523 5164 56  4 40  0  0
10  0 104452 1972644  14556 5731704    0    0     0     0 8607 2705 58  3 39  0  0
10  0 104452 1973064  14564 5731736    0    0     0   130 6712 2281 45  2 53  0  0
 3  0 104452 1973608  14564 5731768    0    0     0     0 4330 1755 27  1 72  0  0
 0  0 104452 1973236  14576 5731832    0    0     0   122 2077 1366  9  1 89  0  0
 0  0 104452 1973944  14576 5731832    0    0     0     0  604  998  0  0 100  0  0
 0  0 104452 1973832  14576 5731832    0    0     0     0  656 1026  0  0 100  0  0
 0  0 104452 1973880  14584 5731812    0    0     0    62  686 1016  0  0 99  0  0
 0  0 104452 1973836  14584 5731816    0    0     0     0  651 1025  0  0 100  0  0
 0  0 104452 1974068  14584 5731776    0    0     0     0  611  998  0  0 100  0  0
 0  0 104452 1974208  14592 5731776    0    0     0    50  614 1017  0  0 99  0  0
 0  0 104452 1974464  14592 5731756    0    0     0     0  710 1035  0  0 100  0  0
 0  0 104452 1974480  14600 5731764    0    0     0   204  688 1028  0  0 99  0  0
 0  0 104452 1974744  14600 5731756    0    0     0     0  627 1031  0  0 99  0  0
 0  0 104452 1974216  14600 5731756    0    0     0     0  620 1014  0  0 100  0  0
 0  0 104452 1974844  14608 5731744    0    0     0    14  634 1021  0  0 99  0  0
 0  0 104452 1974572  14608 5731760    0    0     0     0  640 1008  0  0 100  0  0
 0  0 104452 1974960  14608 5731760    0    0     0     0  638  995  0  0 100  0  0
 0  0 104452 1974960  14616 5731752    0    0     0    24  624 1021  0  0 99  0  0
12  0 104452 1973344  14616 5732588    0    0     0     0 6149 3036 34  3 63  0  0
13  0 104452 1969204  14616 5732900    0    0     0     2 19884 3751 90  7  2  0  0
procs -----------memory---------- ---swap-- -----io---- -system-- -----cpu------
 r  b   swpd   free   buff  cache   si   so    bi    bo   in   cs us sy id wa st
12  0 104452 1972180  14624 5732892    0    0     0   108 17085 3699 92  7  1  0  0
12  0 104452 1972156  14624 5732900    0    0     0     0 13573 3652 93  7  1  0  0
12  0 104452 1972260  14624 5732888    0    0     0     0 13122 4046 93  6  1  0  0
11  0 104452 1953208  14648 5733852    0    0     0   182 17086 7531 73  7 20  0  0
13  0 104452 1953692  14648 5733872    0    0     0    32 17219 5567 90  7  3  0  0
13  0 104452 1951512  14648 5734436    0    0   128     0 15291 4789 88  6  6  0  0
15  0 104452 1951812  14656 5734444    0    0     0   144 14422 3825 93  6  1  0  0
14  0 104452 1922112  14660 5734864    0    0     0     0 18127 5059 87  7  6  0  0
 9  0 104452 1968908  14668 5734860    0    0     0   124 13820 3745 92  6  3  0  0
 6  0 104452 1969180  14672 5734948    0    0     0     6 8410 2733 58  3 39  0  0
 2  0 104452 1969484  14672 5735000    0    0     0     0 5527 2135 35  2 63  0  0
 2  0 104452 1970344  14680 5735044    0    0     0   354 2988 1436 18  1 81  1  0
 0  0 104452 1970476  14680 5735068    0    0     0     0  782 1060  0  0 99  0  0
 0  0 104452 1970364  14680 5735076    0    0     0     0  652 1032  0  0 100  0  0
 0  0 104452 1970824  14688 5735076    0    0     0    88  673 1030  0  0 99  0  0
 0  0 104452 1970548  14688 5735052    0    0     0     0  650 1038  0  0 99  0  0
 0  0 104452 1970284  14688 5735476    0    0   256     0  678 1023  0  0 100  0  0
 0  0 104452 1968340  14696 5737456    0    0  1024    26  677 1064  0  0 99  0  0
 0  0 104452 1966192  14704 5739572    0    0  1028     0  691 1034  0  0 99  0  0
 0  0 104452 1964208  14704 5741544    0    0  1024    30  664 1030  0  0 100  0  0
 0  0 104452 1962332  14716 5743532    0    0  1026    22  634 1021  0  0 99  0  0
procs -----------memory---------- ---swap-- -----io---- -system-- -----cpu------
 r  b   swpd   free   buff  cache   si   so    bi    bo   in   cs us sy id wa st
16  0 104452 1955256  14716 5747664    0    0  1472     0 9196 4380 44  4 52  0  0
15  0 104452 1940148  14736 5761356    0    0  6922     0 32798 6399 88 10  2  0  0
12  0 104452 1913240  14768 5788556    0    0 13516   128 15101 4153 92  7  0  0  0
15  0 104452 1887040  14796 5814452    0    0 13070     0 13172 4520 92  6  1  0  0
12  0 104452 1861128  14820 5841208    0    0 13452     0 13271 4624 93  7  1  0  0
 7  0 104452 1766996  14868 5877668    0    0 17620   138 13909 6594 60  5 34  1  0
11  0 104452 1751000  14884 5891572    0    0  6916     0 18488 9185 77  7 16  0  0
13  0 104452 1785440  14888 5893844    0    0  1026     0 14479 4360 90  6  3  0  0
12  0 104452 1783256  14896 5895896    0    0  1024   196 14472 3882 93  6  1  0  0
12  0 104452 1783292  14900 5898168    0    0  1026     0 15722 4382 91  6  2  0  0
11  0 104452 1780712  14908 5900244    0    0  1024   202 12992 3660 90  6  5  0  0
 4  0 104452 1778988  14912 5902472    0    0  1026     0 8046 2587 53  3 44  0  0
 2  0 104452 1776880  14916 5904556    0    0  1024     0 4262 1845 24  2 74  0  0
 0  0 104452 1795384  14928 5906664    0    0  1026   204 3038 1592 16  1 83  1  0
 0  0 104452 1793408  14928 5908852    0    0  1024     0  694 1048  0  0 100  0  0
 0  0 104452 1791588  14932 5910804    0    0  1026    14  696 1048  0  0 100  0  0
 0  0 104452 1789916  14940 5912856    0    0  1024   100  678 1055  0  0 99  0  0
 0  0 104452 1788972  14944 5914880    0    0  1026     0  646 1001  0  0 99  0  0
 0  0 104452 1787012  14952 5917180    0    0  1024    26  667 1041  0  0 99  0  0
 0  0 104452 1785060  14956 5918936    0    0  1026     0  673 1022  0  0 99  0  0
 0  0 104452 1783612  14956 5920988    0    0  1024     0  646 1054  0  0 100  0  0
procs -----------memory---------- ---swap-- -----io---- -system-- -----cpu------
 r  b   swpd   free   buff  cache   si   so    bi    bo   in   cs us sy id wa st
 0  0 104452 1780584  14968 5922968    0    0  1026    18  705 1031  0  0 99  0  0
 0  0 104452 1779204  14968 5925328    0    0  1024     0  659 1035  0  0 99  0  0
 0  0 104452 1777644  14972 5927096    0    0  1026     6  646 1008  0  0 100  0  0
 0  0 104452 1775136  14980 5929396    0    0  1024    16  678 1042  0  0 99  1  0
15  0 104452 1766160  14984 5932304    0    0  1026     0 17467 6735 65  7 28  0  0
13  0 104452 1767260  14984 5934388    0    0  1024     0 14643 3935 93  7  1  0  0
12  0 104452 1765532  14996 5936428    0    0  1026   120 15462 3738 92  7  1  0  0
12  0 104452 1763632  14996 5938488    0    0  1024    26 13551 3943 93  7  1  0  0
11  0 104452 1764720  15008 5940528    0    0  1026     0 13355 3943 91  6  3  0  0
12  0 104452 1744496  15020 5943536    0    0  1024   418 13235 5523 65  5 29  1  0
12  0 104452 1740676  15028 5945796    0    0  1026     0 17311 6014 83  7 10  0  0
14  0 104452 1757608  15028 5947952    0    0  1024     0 15720 4122 92  7  1  0  0
12  0 104452 1755960  15044 5949988    0    0  1026   120 15348 3618 92  6  3  0  0
10  0 104452 1753172  15044 5952460    0    0  1024     0 14104 4373 91  6  3  0  0
 9  0 104452 1751172  15048 5954528    0    0  1026     0 12064 3328 84  5 11  0  0
 4  0 104452 1748908  15060 5956668    0    0  1024   142 8479 2619 58  3 39  1  0
 1  0 104452 1747000  15068 5959088    0    0  1026     0 3829 1765 22  1 77  0  0
 0  0 104452 1745316  15080 5960972    0    0  1026   198 1241 1150  4  0 94  1  0
 0  0 104452 1743664  15084 5963020    0    0  1026     0  722 1050  0  0 100  0  0
 0  0 104452 1742032  15084 5965072    0    0  1024     8  716 1060  0  0 100  0  0
 0  0 104452 1739948  15096 5967012    0    0  1026    18  642 1016  0  0 99  0  0
procs -----------memory---------- ---swap-- -----io---- -system-- -----cpu------
 r  b   swpd   free   buff  cache   si   so    bi    bo   in   cs us sy id wa st
 0  0 104452 1737880  15096 5969064    0    0  1024     0  665 1049  0  0 99  0  0
 0  0 104452 1736268  15100 5971048    0    0  1026    24  641 1017  0  0 99  0  0
 0  0 104452 1733664  15108 5973152    0    0  1024    20  619 1028  0  0 99  0  0
 0  0 104452 1732372  15112 5975140    0    0  1026     0  650 1069  0  0 100  0  0
 0  0 104452 1730280  15112 5977320    0    0  1024     0  615 1031  0  0 100  0  0
 0  0 104452 1728072  15124 5979256    0    0  1026    16  613 1006  0  0 99  0  0
 0  0 104452 1725964  15124 5981436    0    0  1024   170  674 1033  0  0 100  0  0
 0  0 104452 1724200  15128 5983352    0    0  1026     0  610 1010  0  0 100  0  0
 0  0 104452 1722128  15136 5985472    0    0  1024    14  638 1032  0  0 99  0  0
 0  0 104452 1720612  15140 5987572    0    0   964     0  615 1020  0  0 100  0  0
 0  0 104452 1718028  15140 5989620    0    0  1024     0  643 1037  0  0 100  0  0
 0  0 104452 1716280  15152 5991488    0    0  1026    24  607 1004  0  0 99  0  0
 0  0 104452 1714812  15152 5993088    0    0  1024     0  625 1035  0  0 99  0  0
 0  0 104452 1712596  15156 5995476    0    0  1026     0  626 1008  0  0 100  0  0
 0  0 104452 1710188  15164 5997600    0    0  1024    12  613 1025  0  0 99  0  0
11  0 104452 1707420  15168 6000016    0    0  1410     0 3563 2477 16  2 82  0  0
12  0 104452 1701088  15168 6003528    0    0  1024    34 20388 4374 88  7  5  0  0
11  0 104452 1700120  15176 6005600    0    0   960   120 16304 3408 85  7  8  0  0
11  0 104452 1699896  15176 6005624    0    0     0     0 12034 3793 80  5 14  0  0
 5  0 104452 1699288  15176 6005624    0    0     0     0 12272 3936 77  5 17  0  0
12  0 104452 1663020  15188 6008676    0    0  1216   120 16146 7418 66  5 29  0  0
procs -----------memory---------- ---swap-- -----io---- -system-- -----cpu------
 r  b   swpd   free   buff  cache   si   so    bi    bo   in   cs us sy id wa st
10  0 104452 1649976  15224 6038316    0    0 14738    10 13580 4303 81  6 13  0  0
14  0 104452 1642832  15256 6062764    0    0 12556   276 15402 5558 87  7  6  0  0
12  0 104452 1616828  15280 6087192    0    0 12364    32 14837 3862 90  7  4  0  0
14  0 104452 1575904  15304 6112544    0    0 12556     0 14142 4410 89  6  5  0  0
10  0 104452 1550692  15332 6136368    0    0 11916   284 13740 4249 88  6  6  0  0
 9  0 104452 1550596  15332 6136876    0    0     0   240 10923 3136 76  4 19  0  0
 5  0 104452 1550860  15340 6136892    0    0     0   128 8378 2727 56  3 40  0  0
 1  0 104452 1551052  15340 6136884    0    0     0     0 3860 1736 23  1 77  0  0
 0  0 104452 1551484  15340 6136920    0    0     0     0 1478 1139  5  0 94  0  0
 0  0 104452 1552028  15348 6136860    0    0     0   142  705 1044  0  0 99  0  0
 0  0 104452 1552356  15348 6136844    0    0     0     0  689 1021  0  0 100  0  0
 0  0 104452 1551776  15352 6136784    0    0     0     0  892 1048  2  0 98  0  0
 0  0 104452 1551884  15360 6136768    0    0     0    36  640 1014  0  0 99  0  0
 0  0 104452 1552444  15360 6136704    0    0     0     0  636 1013  0  0 100  0  0
 1  0 104452 1553096  15360 6136688    0    0     0     0  544  960  0  0 100  0  0
 0  0 104452 1553556  15368 6136620    0    0     0    14  601 1009  0  0 100  0  0
 0  0 104452 1552568  15368 6136600    0    0     0     0 1011 1054  3  1 97  0  0
 0  0 104452 1552684  15376 6136604    0    0     0    38  795 1045  1  0 98  0  0
 0  0 104452 1553016  15376 6136608    0    0     0     0  626  997  0  0 100  0  0
 0  0 104452 1553380  15376 6136608    0    0     0     0  649 1028  0  0 100  0  0
 3  0 104452 1553756  15384 6136600    0    0     0    66 1577 2166  1  1 97  0  0
procs -----------memory---------- ---swap-- -----io---- -system-- -----cpu------
 r  b   swpd   free   buff  cache   si   so    bi    bo   in   cs us sy id wa st
14  0 104452 1545848  15384 6137696    0    0     0     0 21087 5333 91  8  2  0  0
12  0 104452 1550388  15384 6137692    0    0     0   124 20811 3854 89  8  3  0  0
12  0 104452 1550424  15392 6137692    0    0     0   112 13616 3613 93  6  1  0  0
12  0 104452 1550804  15392 6137688    0    0     0     0 13250 3962 93  6  1  0  0
 6  0 104452 1550700  15400 6137700    0    0     0    30 11741 3988 76  5 18  0  0
 9  0 104452 1528932  15400 6138628    0    0     0     0 17460 8266 70  5 24  0  0
10  0 104452 1528684  15400 6138828    0    0     0     0 12652 3869 76  5 19  0  0
11  0 104452 1527824  15408 6138936    0    0     0   248 14333 3829 81  6 13  0  0
10  0 104452 1527864  15408 6139272    0    0     0     0 14832 4405 79  5 16  0  0
 6  0 104452 1528224  15416 6139376    0    0     0   150 10177 2991 70  4 25  0  0
 5  0 104452 1528804  15416 6139448    0    0     0     0 6875 2419 48  2 50  0  0
 2  0 104452 1528816  15416 6139524    0    0     0   196 4785 1961 30  2 69  0  0
 0  0 104452 1529116  15424 6139568    0    0     0    96 1780 1315  9  1 90  0  0
 0  0 104452 1529592  15424 6139568    0    0     0     0 1317 1360  0  0 99  0  0
 2  0 104452 1566276  15424 6139568    0    0     0     0 4081 3385  8  1 91  0  0
 2  0 104452 1566952  15432 6139568    0    0     0    60 2847 1403 18  1 81  0  0
 2  0 104452 1566280  15432 6139572    0    0     0     0 2670 1388 17  1 83  0  0
 3  0 104452 1566680  15440 6139952    0    0     0    26 2732 1429 17  1 82  0  0
 0  0 104452 1567032  15440 6139988    0    0     0     0  921 1081  1  0 98  0  0
 0  0 104452 1567220  15440 6139912    0    0     0     0  585  998  0  0 100  0  0
 0  0 104452 1567484  15448 6139904    0    0     0    58  610 1029  0  0 99  0  0
procs -----------memory---------- ---swap-- -----io---- -system-- -----cpu------
 r  b   swpd   free   buff  cache   si   so    bi    bo   in   cs us sy id wa st
 0  0 104452 1567432  15448 6139856    0    0     0     0  613 1008  0  0 100  0  0
 0  0 104452 1567016  15448 6139856    0    0     0     0  652 1029  0  0 100  0  0
 0  0 104452 1567680  15456 6139796    0    0     0    28  619  999  0  0 99  0  0
 0  0 104452 1568068  15456 6139804    0    0     0     0  595 1003  0  0 100  0  0
 0  0 104452 1568492  15456 6139752    0    0     0     0  626  996  0  0 100  0  0
 0  0 104452 1568884  15464 6139740    0    0     0    40  638 1008  0  0 99  0  0
 0  0 104452 1568540  15464 6139700    0    0     0     0  615  998  0  0 100  0  0
 0  0 104452 1568084  15464 6139700    0    0     0     0  647 1025  0  0 100  0  0
13  0 104452 1561592  15472 6140704    0    0     0   226 14525 4421 72  6 22  0  0
12  0 104452 1562416  15472 6140716    0    0     0     0 16540 3732 92  6  1  0  0
13  0 104452 1562992  15472 6140676    0    0     0     0 16381 3600 93  7  1  0  0
13  0 104452 1564608  15480 6140676    0    0     0    14 14535 4040 92  7  1  0  0
11  0 104452 1564744  15480 6140684    0    0     0     0 12985 4261 92  6  1  0  0
 8  0 104452 1547656  15488 6141824    0    0     0   238 12578 5887 57  5 38  0  0
13  0 104452 1548564  15488 6141956    0    0     0     0 22151 8005 83  9  9  0  0
12  0 104452 1549420  15488 6141960    0    0     0     0 13505 3992 93  6  1  0  0
11  0 104452 1549728  15496 6141956    0    0     0    78 15197 3677 93  6  1  0  0
12  0 104452 1549352  15496 6142360    0    0     0     0 14056 4084 89  6  5  0  0
11  0 104452 1548648  15496 6142404    0    0     0   168 12426 3225 88  5  7  0  0
 5  0 104452 1548324  15504 6142492    0    0     0    94 8722 2710 59  3 38  0  0
 1  0 104452 1546936  15504 6144152    0    0   896     0 4248 1794 25  1 74  0  0
procs -----------memory---------- ---swap-- -----io---- -system-- -----cpu------
 r  b   swpd   free   buff  cache   si   so    bi    bo   in   cs us sy id wa st
 0  0 104452 1544932  15520 6146380    0    0  1028   198 1602 1268  7  1 92  1  0
 0  0 104452 1543088  15520 6148340    0    0  1024     0  729 1074  0  0 99  0  0
 0  0 104452 1540992  15524 6150388    0    0  1026     0  652 1050  0  0 100  0  0
 0  0 104452 1539600  15532 6152676    0    0  1024    18  675 1048  0  0 99  0  0
 0  0 104452 1537664  15536 6154600    0    0  1026     0  622 1037  0  0 100  0  0
 1  0 104452 1536292  15536 6156288    0    0   960     0  589 1009  0  0 100  0  0
 0  0 104452 1534456  15548 6158784    0    0  1090    24  690 1065  0  0 99  0  0
 1  0 104452 1532596  15548 6160652    0    0  1024     0  614 1018  0  0 100  0  0
 0  0 104452 1530788  15552 6162884    0    0  1026     0  633 1029  0  0 100  0  0
 0  0 104452 1528320  15560 6164788    0    0  1024    20  689 1051  0  0 99  0  0
 0  0 104452 1526460  15564 6166664    0    0  1026     0  626 1031  0  0 100  0  0
 0  0 104452 1524388  15572 6168960    0    0  1024    30  614 1024  0  0 99  0  0
16  0 104452 1518088  15576 6171916    0    0  1026    30 8406 3483 50  4 46  0  0
14  0 104452 1517080  15576 6174012    0    0  1024     0 19724 5061 90  8  2  0  0
12  0 104452 1515880  15588 6175932    0    0  1026   104 15116 3840 93  7  0  0  0
12  0 104452 1514136  15588 6178120    0    0  1024   156 13323 3821 93  6  1  0  0
10  0 104452 1512124  15592 6180168    0    0  1026     0 12954 4299 92  7  1  0  0
 8  0 104452 1524012  15600 6183288    0    0  1024   220 12399 5928 60  5 35  1  0
11  0 104452 1506208  15604 6185360    0    0  1026     0 17832 7558 81  7 12  0  0
13  0 104452 1519840  15604 6187756    0    0  1088     0 14088 4486 91  6  3  0  0
12  0 104452 1518008  15620 6189816    0    0  1028   106 15598 3805 93  6  1  0  0
procs -----------memory---------- ---swap-- -----io---- -system-- -----cpu------
 r  b   swpd   free   buff  cache   si   so    bi    bo   in   cs us sy id wa st
12  0 104452 1498292  15620 6192280    0    0  1024     0 15583 5277 84  7  9  0  0
15  0 104452 1496960  15632 6194304    0    0  1026   134 13525 3815 93  6  1  0  0
 6  0 104452 1495264  15636 6196580    0    0  1024     0 8960 2723 62  3 35  0  0
 3  0 104452 1492972  15640 6198760    0    0  1026     0 6334 2258 41  2 57  0  0
 0  0 104452 1491120  15648 6201036    0    0  1024   148 3620 1646 21  1 77  1  0
 0  0 104452 1488652  15652 6202884    0    0  1026     0  719 1058  0  0 99  0  0
 0  0 104452 1486724  15652 6204948    0    0  1024    30  674 1041  0  0 100  0  0
 0  0 104452 1484784  15664 6206988    0    0  1026    96  655 1053  0  0 99  1  0
 0  0 104452 1483612  15664 6209040    0    0  1024     0  661 1032  0  0 99  0  0
 0  0 104452 1481536  15668 6210960    0    0  1026     0  649 1033  0  0 100  0  0
 0  0 104452 1479932  15676 6213132    0    0  1024    18  656 1034  0  0 99  0  0
 0  0 104452 1477144  15680 6215176    0    0  1026     8  633 1018  0  0 100  0  0
 0  0 104452 1475588  15680 6217224    0    0  1024     0  674 1018  0  0 100  0  0
 0  0 104452 1473480  15692 6219284    0    0  1026    24  678 1055  0  0 99  0  0
 0  0 104452 1471496  15692 6221588    0    0  1024   194  675  999  0  0 100  0  0
 0  0 104452 1469804  15696 6223328    0    0  1026     0  659 1033  0  0 100  0  0
 1  0 104452 1467724  15704 6225424    0    0  1024    12 1369 1833  1  1 98  0  0
13  0 104452 1461920  15708 6228472    0    0  1026     0 17022 4354 91  7  2  0  0
13  0 104452 1460272  15708 6230668    0    0  1024     0 15318 3723 92  7  1  0  0
15  0 104452 1458940  15720 6232708    0    0  1026   122 12977 4252 92  7  1  0  0
13  0 104452 1456560  15720 6234768    0    0  1024     0 13038 4233 92  6  1  0  0
procs -----------memory---------- ---swap-- -----io---- -system-- -----cpu------
 r  b   swpd   free   buff  cache   si   so    bi    bo   in   cs us sy id wa st
 6  0 104452 1454372  15728 6237104    0    0  1026    34 12424 4166 84  6 10  0  0
11  0 104452 1449468  15736 6240044    0    0  1024   248 15711 9265 54  5 41  0  0
12  0 104452 1462740  15740 6242224    0    0  1026     0 19058 5089 89  7  3  0  0
12  0 104452 1461820  15740 6244264    0    0  1024     0 13534 3854 94  6  1  0  0
12  0 104452 1459644  15756 6246180    0    0  1026    58 13411 3828 92  6  2  0  0
12  0 104452 1457392  15756 6248772    0    0  1024     0 13875 4453 91  6  3  0  0
10  0 104452 1455604  15768 6250816    0    0  1026   140 13052 3744 91  6  4  0  0
 5  0 104452 1453596  15768 6253032    0    0  1024     0 7964 2602 54  3 43  0  0
 2  0 104452 1452380  15776 6255308    0    0  1026    10 4481 1914 28  1 71  0  0
 0  0 104452 1450136  15788 6257548    0    0  1024   202 2255 1375 12  1 87  1  0
 0  0 104452 1448468  15792 6259388    0    0  1026     0  802 1088  0  0 99  0  0
 0  0 104452 1446192  15792 6261392    0    0  1024     0  657 1015  0  0 100  0  0
 0  0 104452 1444652  15804 6263480    0    0   964    70  683 1069  0  0 99  0  0
 0  0 104452 1443220  15804 6265524    0    0  1024   200  670 1020  0  0 100  0  0
 1  0 104452 1441508  15808 6267444    0    0  1026     0  643 1035  0  0 100  0  0
 1  0 104452 1439844  15816 6269452    0    0  1024    52  637 1023  0  0 99  0  0
 0  0 104452 1437504  15820 6271500    0    0  1026     0  638 1037  0  0 100  0  0
 0  0 104452 1435280  15828 6273832    0    0  1024    28  600 1017  0  0 99  1  0
 0  0 104452 1432940  15832 6275888    0    0  1026     0  626 1018  0  0 100  0  0
 0  0 104452 1431352  15832 6277628    0    0  1024     0  616 1024  0  0 99  0  0
 0  0 104452 1429740  15840 6279852    0    0   960    16  642 1024  0  0 99  1  0
procs -----------memory---------- ---swap-- -----io---- -system-- -----cpu------
 r  b   swpd   free   buff  cache   si   so    bi    bo   in   cs us sy id wa st
 0  0 104452 1429704  15840 6279748    0    0     0     0  604 1008  0  0 100  0  0
 0  0 104452 1429704  15840 6279748    0    0     0     0  610 1011  0  0 100  0  0
 0  0 104452 1429968  15848 6279732    0    0     0    12  597  997  0  0 99  0  0
 0  0 104452 1429448  15848 6279736    0    0     0     0  664 1056  0  0 100  0  0
14  0 104452 1426916  15848 6279772    0    0     0     4 13099 5606 64  6 29  0  0
15  0 104452 1426796  15856 6279460    0    0     0   344 21308 3818 91  8  1  0  0
14  0 104452 1426944  15856 6279472    0    0     0     0 14184 4010 93  7  1  0  0
12  0 104452 1426928  15856 6279420    0    0     0     0 13170 4083 92  7  1  0  0
10  0 104452 1427396  15864 6279424    0    0     0    26 13285 3990 91  6  2  0  0
 8  0 104452 1410464  15864 6280256    0    0     0   190 13994 7222 59  5 37  0  0
12  0 104452 1425048  15872 6280452    0    0     0   246 19602 7378 83  7 10  0  0
12  0 104452 1425456  15872 6280492    0    0     0     0 13416 3917 93  6  1  0  0
11  0 104452 1427404  15872 6280496    0    0     0     0 16409 3543 92  6  2  0  0
15  0 104452 1409908  15880 6280740    0    0     0   122 15658 4837 88  7  5  0  0
 9  0 104452 1409652  15880 6280864    0    0     0     6 12715 3497 88  5  7  0  0
 5  0 104452 1409684  15888 6280876    0    0     0   154 6602 2281 45  2 53  1  0
 3  0 104452 1410516  15888 6280904    0    0     0     0 4640 1894 32  1 67  0  0
 0  0 104452 1410540  15888 6280888    0    0     0     0 2710 1507 16  1 84  0  0
 0  0 104452 1410704  15896 6280896    0    0     0   122  665 1027  0  0 99  0  0
 1  0 104452 1411268  15896 6280904    0    0     0     2  606 1014  0  0 100  0  0
 0  0 104452 1410844  15896 6280904    0    0     0     0  647  995  0  0 100  0  0
procs -----------memory---------- ---swap-- -----io---- -system-- -----cpu------
 r  b   swpd   free   buff  cache   si   so    bi    bo   in   cs us sy id wa st
 0  0 104452 1411552  15904 6280872    0    0     0    28  634 1041  0  0 99  0  0
 0  0 104452 1411596  15904 6280880    0    0     0     2  608 1002  0  0 100  0  0
 0  0 104452 1411280  15904 6280864    0    0     0     0  640 1015  0  0 100  0  0
 0  0 104452 1412100  15912 6280852    0    0     0    30  639 1005  0  0 99  0  0
 0  0 104452 1411576  15912 6280828    0    0     0     0  649 1023  0  0 100  0  0
 1  0 104452 1412248  15912 6280820    0    0     0     0  888 1020  2  0 98  0  0
 0  0 104452 1412548  15920 6280820    0    0     0   222  670 1024  0  0 99  1  0
14  0 104452 1412680  15920 6280804    0    0     0     0 2607 2497  9  1 90  0  0
15  0 104452 1403208  15928 6281920    0    0     0   152 21652 4626 91  8  1  0  0
12  0 104452 1407920  15928 6281932    0    0     0     0 16528 3495 92  7  1  0  0
12  0 104452 1407572  15928 6281936    0    0     0     0 13472 3969 93  7  1  0  0
12  0 104452 1408296  15936 6281932    0    0     0    88 13492 3771 93  6  1  0  0
 8  0 104452 1407148  15936 6282032    0    0     0     0 12892 4194 80  6 14  0  0
11  0 104452 1422580  15936 6282876    0    0     0     0 14190 6586 74  5 20  0  0
 9  0 104452 1406600  15944 6283184    0    0     0   206 11522 3867 70  4 26  0  0
13  0 104452 1422396  15944 6283188    0    0     0     0 16650 4781 85  6  8  0  0
12  0 104452 1382556  15952 6283596    0    0     0   178 16277 4482 86  7  7  0  0
11  0 104452 1406260  15952 6283620    0    0     0     0 13245 4184 91  6  3  0  0
10  0 104452 1405060  15952 6283872    0    0     0     0 12790 3835 80  5 15  0  0
 7  0 104452 1405624  15960 6283904    0    0     0   122 10484 2881 75  4 21  0  0
 4  0 104452 1405916  15960 6283992    0    0     0     0 5712 2171 37  1 62  0  0
procs -----------memory---------- ---swap-- -----io---- -system-- -----cpu------
 r  b   swpd   free   buff  cache   si   so    bi    bo   in   cs us sy id wa st
 2  0 104452 1406316  15960 6284024    0    0     0    62 2552 1389 15  1 84  0  0
 0  0 104452 1406420  15968 6284060    0    0     0   120  946 1108  2  0 97  0  0
 0  0 104452 1406880  15968 6284060    0    0     0     0  685 1027  0  0 100  0  0
 0  0 104452 1407156  15976 6284060    0    0     0    58  639 1049  0  0 99  0  0
 0  0 104452 1407316  15976 6284040    0    0     0     0  635  997  0  0 100  0  0
 0  0 104452 1407592  15976 6284044    0    0     0    36  634 1007  0  0 100  0  0
 0  0 104452 1407492  15984 6284036    0    0     0    26  662 1010  0  0 99  0  0
 0  0 104452 1407932  15984 6284044    0    0     0   208  634 1012  0  0 100  0  0
 0  0 104452 1407688  15984 6284008    0    0     0     0  636  997  0  0 100  0  0
 0  0 104452 1408344  15992 6284000    0    0     0    20  670 1042  0  0 99  0  0
 0  0 104452 1408104  15992 6284000    0    0     0     0  616  993  0  0 100  0  0
 0  0 104452 1408060  15992 6284000    0    0     0     0  616 1036  0  0 100  0  0
 0  0 104452 1408076  16000 6283964    0    0     0    14  631 1002  0  0 99  0  0
13  0 104452 1403924  16004 6285084    0    0     0     0 14822 4531 71  5 24  0  0
13  0 104452 1402492  16004 6285088    0    0     0     0 26596 4018 90  9  1  0  0
12  0 104452 1405332  16024 6285076    0    0     4   116 13624 3864 93  6  1  0  0
14  0 104452 1405728  16024 6285088    0    0     0     0 13275 3808 93  6  1  0  0
10  0 104452 1404928  16024 6285088    0    0     0     0 12749 4136 89  6  5  0  0
 9  0 104452 1420896  16032 6286028    0    0     0   192 13571 6110 63  5 32  0  0
12  0 104452 1419632  16032 6286136    0    0     0     0 18578 6677 77  6 17  0  0
13  0 104452 1420068  16032 6286340    0    0     0    32 13057 4113 93  6  1  0  0
procs -----------memory---------- ---swap-- -----io---- -system-- -----cpu------
 r  b   swpd   free   buff  cache   si   so    bi    bo   in   cs us sy id wa st
10  0 104452 1419868  16040 6286456    0    0     0   136 14711 3804 92  6  2  0  0
12  0 104452 1420020  16040 6286676    0    0     0     0 14612 4289 92  6  2  0  0
10  0 104452 1420120  16048 6286772    0    0     0   118 13526 4301 85  6  9  0  0
 5  0 104452 1420092  16048 6286960    0    0     0     0 8995 2727 61  3 35  0  0
 3  0 104452 1418844  16048 6287516    0    0     0   128 5413 2228 32  2 66  0  0
 1  0 104452 1419488  16056 6287540    0    0     0   198 7422 4681 20  2 78  0  0
 1  0 104452 1419652  16056 6287580    0    0     0     0 3956 2776  7  1 92  0  0
 1  0 104452 1403200  16056 6287588    0    0     0     0 7809 3700 13  1 86  0  0
 1  0 104452 1403260  16064 6287588    0    0     0    94 4801 1585 12  1 87  0  0
 2  0 104452 1403668  16064 6287572    0    0     0     0 6322 2045 16  1 83  0  0
 1  0 104452 1402692  16072 6287564    0    0     0    26 6834 1753 19  1 80  0  0
 2  0 104452 1404316  16072 6287576    0    0     0     0 6536 1409 17  1 82  0  0
 3  0 104452 1404064  16072 6287576    0    0     0     0 5497 1451 14  1 85  0  0
 2  0 104452 1404212  16080 6287592    0    0     0    76 4383 1525 11  1 88  0  0
 0  0 104452 1403996  16080 6287616    0    0     0    16 2904 1565  7  1 92  0  0
 0  0 104452 1404456  16080 6287616    0    0     0     0 3563 1338  9  1 90  0  0
 0  0 104452 1405188  16088 6287592    0    0     0    74 2991 1352  8  1 91  0  0
 1  0 104452 1402796  16088 6287580    0    0     0     0 3270 1213  9  1 91  0  0
 2  0 104452 1402848  16088 6287584    0    0     0     0 3994 1159 11  1 88  0  0
 1  0 104452 1404132  16096 6287580    0    0     0    18 4077 1105 13  1 86  0  0
12  0 104452 1398352  16096 6288764    0    0     0     0 15081 4978 73  5 22  0  0
procs -----------memory---------- ---swap-- -----io---- -system-- -----cpu------
 r  b   swpd   free   buff  cache   si   so    bi    bo   in   cs us sy id wa st
12  0 104452 1398804  16096 6288796    0    0     0   108 26331 4675 90  9  1  0  0
12  0 104452 1399420  16104 6288796    0    0     0   172 16037 4131 91  7  2  0  0
12  0 104452 1403808  16104 6288796    0    0     0     0 14847 3846 92  7  1  0  0
 9  1 104452 1403732  16112 6288788    0    0     0   140 12619 4227 85  6  8  0  0
11  0 104452 1402816  16112 6289644    0    0     0     0 16168 6293 78  6 15  0  0
10  0 104452 1419296  16112 6289760    0    0     0     0 14225 4155 86  6  8  0  0
13  0 104452 1419824  16120 6289968    0    0     0   152 16171 4897 87  6  7  0  0
11  0 104452 1402592  16120 6290080    0    0     0     0 16248 4413 89  7  4  0  0
12  0 104452 1402652  16120 6290500    0    0     0    24 14206 4227 92  6  2  0  0
10  0 104452 1400940  16128 6290528    0    0     0   144 13524 4105 86  6  8  0  0
 8  0 104452 1401736  16128 6290792    0    0     0    10 10945 3168 75  4 20  0  0
 3  0 104452 1401116  16136 6291268    0    0     0   212 11271 6304 48  3 49  0  0
 1  0 104452 1417488  16140 6291352    0    0     0     0 7900 5357 22  2 76  0  0
 1  0 104452 1418256  16144 6291372    0    0     0     2 4801 2668 14  1 85  0  0
 1  0 104452 1419028  16152 6291376    0    0     0   102 5992 3115 14  1 85  0  0
 2  0 104452 1419124  16152 6291388    0    0     0     0 6196 3025 14  1 85  0  0
 2  0 104452 1419444  16152 6291364    0    0     0     0 7290 2344 18  1 81  0  0
 2  0 104452 1420320  16160 6291360    0    0     0    26 8743 3262 22  2 76  0  0
 2  0 104452 1420612  16160 6291360    0    0     0   218 9243 4104 22  2 76  0  0
 1  0 104452 1420352  16160 6291420    0    0     0     0 5564 3029 14  1 85  0  0
 1  0 104452 1420844  16168 6291416    0    0     0    88 3588 2231  8  1 91  0  0
procs -----------memory---------- ---swap-- -----io---- -system-- -----cpu------
 r  b   swpd   free   buff  cache   si   so    bi    bo   in   cs us sy id wa st
 2  0 104452 1420268  16168 6291416    0    0     0     0 3735 2201  9  1 90  0  0
 0  0 104452 1420156  16168 6291404    0    0     0     0 2975 1827  7  1 93  0  0
 1  0 104452 1420232  16176 6291412    0    0     0    76 1621 1164  3  0 96  0  0
 1  0 104452 1419212  16176 6291408    0    0     0     0 2421 1092  6  1 94  0  0
 1  0 104452 1419204  16184 6291404    0    0     0    38 3115 1034  8  1 91  0  0
12  0 104452 1420340  16184 6290532    0    0     0     0 6202 3589 22  3 75  0  0
15  0 104452 1413104  16184 6291072    0    0     0     0 19066 4381 91  7  2  0  0
10  0 104452 1417704  16192 6291068    0    0     0   358 23754 3488 86  8  6  0  0
12  0 104452 1417680  16192 6291068    0    0     0     0 14138 4127 88  6  5  0  0
12  0 104452 1418232  16192 6290964    0    0     0   286 13394 3796 93  6  1  0  0
 9  0 104452 1397336  16200 6291656    0    0     0    26 14236 5990 71  5 24  0  0
12  0 104452 1398372  16200 6291688    0    0     0     0 15775 5370 81  6 13  0  0
13  0 104452 1417612  16208 6291884    0    0     0   218 14871 4653 92  6  2  0  0
12  0 104452 1417468  16208 6291912    0    0     0     0 16884 3662 92  6  2  0  0
12  0 104452 1399860  16208 6292216    0    0     0     0 15812 4402 82  6 11  0  0
11  0 104452 1400656  16216 6292240    0    0     0   142 14599 4449 90  6  5  0  0
 6  0 104452 1400600  16216 6292368    0    0     0     0 10039 3004 69  4 28  0  0
10  0 104452 1401272  16216 6292412    0    0     0     0 6939 2360 48  2 50  0  0
 3  0 104452 1401100  16224 6292460    0    0     0   184 4087 1859 26  1 72  1  0
 0  0 104452 1401888  16224 6292492    0    0     0     0  863 1065  1  0 98  0  0
 0  0 104452 1401704  16232 6292484    0    0     0    92  746 1060  0  0 99  0  0
procs -----------memory---------- ---swap-- -----io---- -system-- -----cpu------
 r  b   swpd   free   buff  cache   si   so    bi    bo   in   cs us sy id wa st
 0  0 104452 1402468  16232 6292484    0    0     0     0  656 1060  0  0 100  0  0
 0  0 104452 1401848  16232 6292484    0    0     0     0  633 1017  0  0 100  0  0
 0  0 104452 1401984  16240 6292388    0    0     0    20  614  997  0  0 99  0  0
 0  0 104452 1402632  16240 6292396    0    0     0    32  632 1022  0  0 100  0  0
 0  0 104452 1403468  16240 6292340    0    0     0     0  600  994  0  0 100  0  0
 0  0 104452 1403496  16248 6292340    0    0     0    18  624 1005  0  0 99  0  0
 1  0 104452 1403052  16248 6292336    0    0     0   184  633 1003  0  0 100  0  0
14  0 104452 1399024  16248 6293432    0    0     0     0 14515 5615 52  5 43  0  0
13  0 104452 1400276  16256 6293448    0    0     0   112 16765 3496 92  7  1  0  0
12  0 104452 1401152  16256 6293448    0    0     0     0 14899 3722 92  7  1  0  0
12  0 104452 1400940  16256 6293444    0    0     0     0 13546 3805 92  6  1  0  0
12  0 104452 1401380  16264 6293448    0    0     0    18 13386 3840 93  7  1  0  0
 9  0 104452 1413260  16264 6294368    0    0     0     0 13178 5645 67  5 28  0  0
10  0 104452 1396700  16264 6294596    0    0     0   172 12436 4254 68  5 27  0  0
12  0 104452 1399612  16276 6294700    0    0     2   132 16460 5436 88  7  5  0  0
12  0 104452 1399636  16276 6294700    0    0     0     0 14334 4009 93  6  1  0  0
10  0 104452 1398540  16276 6295036    0    0     0     0 12848 4159 81  5 14  0  0
 7  0 104452 1398584  16284 6295068    0    0     0   136 10157 2806 71  4 24  0  0
 3  0 104452 1398776  16284 6295096    0    0     0     0 7138 2282 49  2 48  0  0
 1  0 104452 1398948  16292 6295196    0    0     0   168 2781 1445 16  1 83  0  0
 1  0 104452 1399224  16292 6295236    0    0     0     0 1276 1128  5  0 95  0  0
procs -----------memory---------- ---swap-- -----io---- -system-- -----cpu------
 r  b   swpd   free   buff  cache   si   so    bi    bo   in   cs us sy id wa st
 1  0 104452 1399220  16292 6295236    0    0     0     0  746 1068  0  0 100  0  0
 0  0 104452 1399748  16300 6295220    0    0     0    48  729 1033  0  0 99  0  0
 0  0 104452 1399624  16300 6295224    0    0     0     0  618 1016  0  0 100  0  0
 0  0 104452 1399660  16300 6295208    0    0     0     0  623 1017  0  0 100  0  0
 0  0 104452 1400024  16308 6295204    0    0     0    36  629 1046  0  0 99  0  0
 1  0 104452 1400188  16308 6295200    0    0     0     0  668 1021  0  0 100  0  0
 0  0 104452 1400200  16308 6295200    0    0     0     0  666 1013  0  0 100  0  0
 0  0 104452 1400040  16316 6295188    0    0     0    56  621  996  0  0 99  0  0
 3  0 104452 1399548  16316 6295188    0    0     0     0 2255 2240  7  1 92  0  0
14  0 104452 1397468  16316 6296288    0    0     0     0 22967 4871 76  7 17  0  0
12  0 104452 1400868  16324 6296292    0    0     0   256 19141 3862 91  7  1  0  0
14  0 104452 1400828  16324 6296292    0    0     0     0 13381 3900 93  6  1  0  0
12  0 104452 1401740  16324 6296296    0    0     0     4 13018 4335 93  6  1  0  0
 7  0 104452 1400720  16332 6296300    0    0     0    16 12685 4449 87  6  7  0  0
 9  0 104452 1415708  16332 6297244    0    0     0     0 12592 5593 67  5 28  0  0
 9  0 104452 1398404  16332 6297580    0    0     0     0 11311 3704 70  5 26  0  0
10  0 104452 1396608  16340 6297584    0    0     0   264 11753 2853 76  5 18  1  0
 9  0 104452 1398336  16340 6297896    0    0     0     0 13772 5620 66  5 30  0  0
10  0 104452 1398600  16340 6298064    0    0     0     0 7699 2498 53  3 44  0  0
 4  0 104452 1398860  16348 6298072    0    0     0   150 5899 2184 39  2 59  0  0
 2  0 104452 1399808  16348 6298140    0    0     0     0 4336 1792 28  1 71  0  0
procs -----------memory---------- ---swap-- -----io---- -system-- -----cpu------
 r  b   swpd   free   buff  cache   si   so    bi    bo   in   cs us sy id wa st
 0  0 104452 1399516  16348 6298176    0    0     0     0 1970 1295 10  1 90  0  0
 0  0 104452 1399796  16356 6298196    0    0     0   192  791 1063  0  0 99  0  0
 3  0 104452 1416276  16356 6298200    0    0     0     0 7337 4961 13  1 86  0  0
 3  0 104452 1416848  16364 6298192    0    0     0    40 3970 1620 26  1 73  0  0
 4  0 104452 1389616  16364 6298200    0    0     0     0 4535 1671 30  1 69  0  0
 2  0 104452 1416684  16364 6298200    0    0     0     0 3753 1592 25  1 74  0  0
 0  0 104452 1416608  16372 6298204    0    0     0   270 1221 1203  3  0 97  0  0
 0  0 104452 1416776  16372 6298236    0    0     0     0  594 1051  0  0 100  0  0
 0  0 104452 1416728  16372 6298228    0    0     0     0  589  992  0  0 100  0  0
 3  0 104452 1415428  16384 6298224    0    0     0    52 2371 2776  2  1 96  0  0
15  0 104452 1414168  16384 6299356    0    0     0     0 14838 4863 91  6  4  0  0
13  0 104452 1413260  16384 6299372    0    0     0     0 22845 3947 91  8  1  0  0
12  0 104452 1413312  16396 6299368    0    0     0   142 13778 4028 92  7  1  0  0
12  0 104452 1413476  16396 6299368    0    0     0     0 13422 3883 93  7  1  0  0
 5  0 104452 1406856  16396 6299648    0    0     0     0 12878 4338 84  6 10  0  0
12  0 104452 1374736  16404 6300424    0    0     0   214 17178 8963 62  6 32  1  0
10  0 104452 1412352  16404 6300532    0    0     0    32 17733 4669 89  7  4  0  0
14  0 104452 1411152  16412 6300616    0    0     0   100 14327 3598 93  6  1  0  0
11  0 104452 1412452  16412 6300628    0    0     0     0 13434 3799 91  6  3  0  0
12  0 104452 1412536  16412 6300948    0    0     0   188 14115 4307 91  6  3  0  0
 6  0 104452 1412632  16420 6300968    0    0     0    96 11053 3223 75  4 21  0  0
procs -----------memory---------- ---swap-- -----io---- -system-- -----cpu------
 r  b   swpd   free   buff  cache   si   so    bi    bo   in   cs us sy id wa st
11  0 104452 1411764  16420 6301128    0    0     0     0 4704 1979 30  1 69  0  0
 1  0 104452 1411964  16420 6301140    0    0     0     0 2938 1587 17  1 83  0  0
 0  0 104452 1412124  16428 6301164    0    0     0   194 1221 1165  3  0 96  0  0
 0  0 104452 1412360  16428 6301200    0    0     0     0  701 1052  0  0 100  0  0
 0  0 104452 1412912  16436 6301632    0    0   256    56  679 1050  0  0 99  0  0
 0  0 104452 1411364  16436 6303664    0    0  1024   176  700 1002  0  0 100  0  0
 0  0 104452 1408932  16444 6305632    0    0  1028     0  649 1028  0  0 100  0  0
 0  0 104452 1407084  16452 6307936    0    0  1024    26  670 1022  0  0 99  1  0
 0  0 104452 1405124  16456 6309736    0    0  1026     0  651 1028  0  0 100  0  0
 0  0 104452 1403024  16456 6311784    0    0  1024     0  656 1026  0  0 100  0  0
 0  0 104452 1401620  16468 6313828    0    0   962    28  661 1034  0  0 99  0  0
 0  0 104452 1399692  16468 6315736    0    0  1024     0  630 1017  0  0 99  0  0
 0  0 104452 1397700  16472 6318004    0    0  1090     0  634 1070  0  0 100  0  0
 0  0 104452 1395756  16480 6319928    0    0  1024    28  656 1030  0  0 99  0  0
 0  0 104452 1394012  16484 6321940    0    0  1026     0  635 1027  0  0 99  0  0
12  0 104452 1387456  16484 6322468    0    0  1024     0 4569 2488 12  2 85  0  0
10  0 104452 1385632  16496 6325704    0    0  1026   328 19592 4776 88  8  3  0  0
13  0 104452 1384068  16496 6327244    0    0  1024     0 13906 3808 93  6  1  0  0
13  0 104452 1381984  16500 6329284    0    0  1026   134 14208 3870 93  6  1  0  0
12  0 104452 1380300  16508 6331084    0    0   960   180 14816 3933 93  6  1  0  0
 6  0 104452 1376596  16512 6333144    0    0  1090     0 15059 4124 84  6 10  0  0
procs -----------memory---------- ---swap-- -----io---- -system-- -----cpu------
 r  b   swpd   free   buff  cache   si   so    bi    bo   in   cs us sy id wa st
12  0 104452 1321396  16520 6336296    0    0  1024   214 19879 8335 58  6 35  0  0
14  0 104452 1341044  16524 6339156    0    0  1026     0 15803 5098 89  7  4  0  0
12  0 104452 1339396  16524 6340996    0    0  1024   200 13435 3845 93  6  1  0  0
12  0 104452 1337024  16536 6343040    0    0  1026    72 13428 3839 93  6  1  0  0
12  0 104452 1334456  16536 6345172    0    0  1024     0 14083 3964 91  6  3  0  0
 6  0 104452 1332636  16540 6347320    0    0  1026     0 11557 3452 81  5 14  0  0
 4  0 104452 1331064  16548 6349268    0    0   960   180 6149 2278 40  2 58  1  0
 1  0 104452 1328956  16552 6351512    0    0  1090     0 3513 1670 21  1 78  0  0
 0  0 104452 1328084  16552 6353360    0    0  1024     0 1351 1168  5  1 94  0  0
 0  0 104452 1325516  16568 6355860    0    0  1028   140  748 1062  0  0 99  1  0
 0  0 104452 1324440  16568 6357524    0    0  1024     0  669 1028  0  0 100  0  0
 0  0 104452 1322364  16572 6359628    0    0  1026     0  622 1027  0  0 100  0  0
 0  0 104452 1319972  16580 6361700    0    0  1024    26  645 1028  0  0 99  0  0
 0  0 104452 1317632  16584 6363672    0    0  1026     0  668 1029  0  0 100  0  0
 0  0 104452 1316432  16584 6365800    0    0   960     0  628 1011  0  0 100  0  0
 0  0 104452 1313612  16596 6367848    0    0  1090    22  700 1053  0  0 99  0  0
 0  0 104452 1312332  16596 6369980    0    0  1024     0  665 1048  0  0 100  0  0
13  0 104452 1311472  16608 6371640    0    0  1026   120 7273 3719 35  3 62  0  0
11  0 104452 1306140  16608 6374920    0    0  1024     0 22275 5879 90  8  2  0  0
12  0 104452 1303200  16612 6376968    0    0  1026   188 19595 5092 90  8  2  0  0
13  0 104452 1304224  16620 6379020    0    0  1024    26 13872 3837 93  6  1  0  0
procs -----------memory---------- ---swap-- -----io---- -system-- -----cpu------
 r  b   swpd   free   buff  cache   si   so    bi    bo   in   cs us sy id wa st
14  0 104452 1301480  16624 6381080    0    0  1026     0 13101 4078 93  6  1  0  0
12  0 104452 1329236  16624 6383504    0    0   960     0 14585 5765 78  6 16  0  0
11  0 104452 1310624  16636 6385988    0    0  1090   192 15582 5888 80  6 13  0  0
13  0 104452 1307212  16636 6388488    0    0  1024     0 16406 5609 88  7  5  0  0
12  0 104452 1308996  16640 6390556    0    0  1026     0 13447 3916 93  6  1  0  0
11  0 104452 1322668  16648 6392708    0    0  1024   102 13901 4459 87  6  7  0  0
12  0 104452 1320292  16652 6395072    0    0  1026     0 15026 3910 90  6  4  0  0
 9  0 104452 1317272  16660 6397420    0    0  1024   164 13086 4105 82  6 12  0  0
 8  0 104452 1315420  16664 6399552    0    0  1026     0 8573 2713 60  3 37  0  0
 7  0 104452 1313768  16664 6401516    0    0   960     0 7130 2364 49  2 49  0  0
 1  0 104452 1311148  16676 6403616    0    0  1090   168 4180 1773 26  1 72  1  0
 0  1 104452 1309896  16676 6405760    0    0  1024    30 1297 1176  4  1 88  7  0
 0  0 104452 1307588  16684 6408176    0    0  1028     0  773 1119  0  0 95  5  0
 0  0 104452 1306272  16692 6409688    0    0  1024   136  675 1030  0  0 99  0  0
 0  0 104452 1304144  16696 6412040    0    0  1026     0  660 1032  0  0 100  0  0
 0  0 104452 1302116  16696 6414056    0    0  1024     0  670 1020  0  0 100  0  0
 0  0 104452 1300316  16708 6416104    0    0  1026   240  713 1032  0  0 99  0  0
 0  0 104452 1298496  16708 6418052    0    0   960     0  687 1011  0  0 100  0  0
 0  0 104452 1297464  16712 6420100    0    0  1028     0  640 1024  0  0 100  0  0
14  0 104452 1295288  16720 6422236    0    0  1024    16 2136 2302  5  1 94  0  0
14  0 104452 1289644  16724 6425316    0    0  1026     0 17211 3607 91  7  2  0  0
procs -----------memory---------- ---swap-- -----io---- -system-- -----cpu------
 r  b   swpd   free   buff  cache   si   so    bi    bo   in   cs us sy id wa st
13  0 104452 1287376  16724 6427364    0    0  1024    72 17479 4042 91  7  2  0  0
12  0 104452 1285868  16736 6429416    0    0  1026    40 13416 3921 93  6  1  0  0
13  0 104452 1283536  16736 6431472    0    0  1024     0 13372 3943 92  6  1  0  0
 6  0 104452 1281132  16748 6433528    0    0  1026    18 12425 4396 76  6 18  0  0
 1  0 104452 1261708  16748 6436516    0    0   960     0 19594 9397 61  6 33  0  0
 1  0 104452 939132  16748 6438540    0    0  1024    30 1886  790  7  2 91  0  0
 1  0 104452 935344  16756 6438736    0    0     0   226 1651  718  8  0 91  0  0
13  0 104452 1022748  16756 6361936    0    0     0     0 12508 3087 66  5 30  0  0
13  0 104452 1022420  16756 6362124    0    0     0     0 14962 4267 90  6  4  0  0
12  0 104452 1022876  16768 6362124    0    0     0   106 15157 4040 93  6  1  0  0
11  0 104452 1022484  16768 6362332    0    0     0     0 14719 4069 88  6  6  0  0
 5  0 104452 1022708  16776 6362368    0    0     0   124 10577 3103 73  4 22  0  0
 3  0 104452 1022444  16776 6362440    0    0     0     8 4068 1827 26  1 73  0  0
 1  0 104452 1022564  16776 6362492    0    0     0     0 2095 1340 11  1 88  0  0
 0  0 104452 1022600  16784 6362520    0    0     0   158 1082 1103  3  0 97  0  0
 0  0 104452 1023236  16784 6362520    0    0     0   156  668 1026  0  0 100  0  0
 0  0 104452 1022976  16784 6362516    0    0     0     0  636  998  0  0 100  0  0
 0  0 104452 1022640  16792 6362520    0    0     0    68  645 1025  0  0 99  0  0
 0  0 104452 1022832  16792 6362476    0    0     0     0  625 1013  0  0 100  0  0
 0  0 104452 1022824  16800 6362484    0    0     0    18  660 1021  0  0 99  0  0
 0  0 104452 1022800  16800 6362472    0    0     0    22  641 1004  0  0 99  0  0
procs -----------memory---------- ---swap-- -----io---- -system-- -----cpu------
 r  b   swpd   free   buff  cache   si   so    bi    bo   in   cs us sy id wa st
 0  0 104452 1023164  16800 6362472    0    0     0     0  604 1005  0  0 100  0  0
12  0 104452 1022032  16808 6362672    0    0     6   126 11066 4982 68  5 27  0  0
13  0 104452 1022120  16808 6362680    0    0     0     8 13573 4081 92  7  1  0  0
14  0 104452 1022192  16808 6362680    0    0     0     0 13548 4048 92  7  0  0  0
12  0 103908 1022232  16832 6362760    6    0    26    26 13622 4228 92  7  1  0  0
 8  0 103908 1022328  16832 6362704    0    0     0     0 13172 4232 86  7  7  0  0
12  0 103908 1022168  16832 6362788    0    0     0     0 11963 3742 81  7 13  0  0
12  0 103908 1022416  16840 6362804    0    0     0    74 13714 3997 92  7  1  0  0
13  0 103908 1023096  16840 6362804    0    0     0     0 13824 3869 92  7  0  0  0
11  0 103908 1024892  16840 6362800    0    0     0     6 13468 4064 91  7  2  0  0
 5  0 103908 1024452  16848 6362828    0    0     0    44 8168 3022 55  4 42  0  0
 4  0 103908 1024844  16848 6362836    0    0     0     0 4992 2057 33  2 65  0  0
 1  0 103908 1025528  16856 6362828    0    0     0    94 4709 2045 30  2 68  0  0
 0  0 103908 1026256  16856 6362832    0    0     0     0  690 1045  0  0 99  0  0
 0  0 103908 1026744  16856 6362836    0    0     0    16  697 1030  0  0 100  0  0
 0  0 103908 1027240  16864 6362828    0    0     0    28  671 1022  0  0 99  0  0
 0  0 103908 1027100  16864 6362840    0    0     0     0  609 1020  0  0 100  0  0
 0  0 103908 1026460  16864 6362812    0    0     0    18  640 1011  0  0 100  0  0
 0  0 103908 1026600  16872 6362816    0    0     0    34  618 1014  0  0 99  0  0
 0  0 103908 1026912  16872 6362800    0    0     0     0  622 1007  0  0 100  0  0
 0  0 103908 1026524  16872 6362800    0    0     0     0  613 1000  0  0 100  0  0
procs -----------memory---------- ---swap-- -----io---- -system-- -----cpu------
 r  b   swpd   free   buff  cache   si   so    bi    bo   in   cs us sy id wa st
 0  0 103908 1027196  16880 6362784    0    0     0    22  609 1008  0  0 99  0  0
 0  0 103908 1026928  16880 6362784    0    0     0     0  650 1022  0  0 100  0  0
 0  0 103908 1027432  16880 6362760    0    0     0     0  611  985  0  0 100  0  0
 0  0 103908 25459060  16888 6315104    0    0    78    12 2734 1649  0  4 95  0  0
