procs -----------memory---------- ---swap-- -----io---- --system-- -----cpu------
 r  b   swpd   free   buff  cache   si   so    bi    bo   in   cs us sy id wa st
 3  2 16307248 24828256   1828  35288    0    1    10     6    1    1  0  0 100  0  0
 0  1 16307248 24773472   2224  45292    0    0  5170   176 1531 3384  5  0 89  6  0
 1  0 16307248 24714768   2316  52044    0    0  3464     0 1443 3392  9  1 87  3  0
 0  2 16307248 24637664   2436  59612    0    0  3792    10 1563 4923  7  1 88  4  0
 1  0 16307248 24472372   2520  67556    0    0  3852   174 1458 5681 10  1 86  3  0
13  0 16307104 24344240   2712  79500  152    0  6428     0 1403 7235 12  1 74 13  0
 3 11 16307104 22589144   2772 128944    0    0 24598   398 1220 3919 33  4 41 22  0
 2 11 16307104 20590576   2848 190868    0    0 30694     0 1271 3686 13  4 48 35  0
 6 11 16307104 19128076   2928 254764    0    0 32618     0 1311 3808 16  3 55 27  0
 1 12 16307104 18873384   3012 324184    0    0 34254    72 1315 4246 14  1 58 27  0
16 10 16307104 18566060   3100 392432    0    0 34506     6 1350 3811 17  1 61 21  0
 1 12 16307104 18408912   3184 466188    0    0 36706    86 1356 3893 17  1 53 29  0
 1 11 16307104 18327120   3256 540300    0    0 37004     0 1360 3818 15  1 61 23  0
 2 11 16307104 18041308   3320 613444    0    0 36512     4 1306 3907 20  1 57 22  0
 2 11 16307104 17969472   3396 684332    0    0 35466    80 1310 3855 14  1 52 34  0
 3 12 16307068 17717596   3484 759104   46    0 37810   216 1325 3894 22  1 60 16  0
 1 15 16307068 17649156   3580 827140   14    0 33874    82 1336 3613 14  1 66 20  0
 2 12 16306996 17259104   3640 895160   98    0 34256     0 1304 3717 22  1 45 32  0
 3 14 16306912 17185624   3732 966076  106    0 36232    38 1324 3717 14  1 39 46  0
 1 13 16306880 17113844   3828 1037524   48    0 35214    94 1386 3776 14  1 48 38  0
 1 13 16306876 16000792   3904 1112288   18    0 37018     8 1385 3797 24  3 49 25  0
procs -----------memory---------- ---swap-- -----io---- --system-- -----cpu------
 r  b   swpd   free   buff  cache   si   so    bi    bo   in   cs us sy id wa st
 2 11 16306864 15920824   3992 1189968   22    0 39186   104 1399 3886 17  1 53 30  0
 6  9 16306864 15607936   4060 1264080    0    0 37410     0 1342 4339 36  2 38 24  0
 7  8 16306864 15419252   4140 1334644    0    0 35236     0 1419 4910 45  2 38 16  0
 8  6 16306856 15183084   4224 1409796   28    0 37846   100 1398 5523 58  2 23 16  0
11  2 16306844 14987084   4308 1492892    0    0 41374     0 1385 5786 62  3 25 10  0
 5  6 16306844 14859136   4436 1575448    0    0 41218   108 1398 5770 66  3 19 12  0
 5  8 16306844 14743068   4536 1651672    0    0 38384     0 1439 5065 51  2 33 14  0
 8  8 16306844 14643524   4636 1733356    0    0 40604    26 1358 4946 43  1 43 12  0
 3  9 16306840 14529028   4728 1817416   14    0 42168   108 1472 4447 29  1 50 19  0
 1  7 16306840 14444664   4824 1900788    0    0 41840     6 1427 4147 21  1 57 22  0
 3  7 16306840 14336720   4920 1987120    0    0 42796   114 1474 4037 23  1 61 15  0
 6  5 16306840 14197784   5008 2068156    0    0 40774     0 1712 4587 35  1 55 10  0
 9  3 16306840 14051708   5096 2145380    0    0 38870    56 1894 5282 44  2 41 14  0
 8  5 16306840 13951424   5192 2224508    0    0 39370   132 2115 5642 51  2 38 10  0
 6  0 16306840 13839372   5256 2283176    0    0 29066    24 2926 5359 53  2 37  8  0
11  0 16306840 13729008   5296 2322836    0    0 20054     0 2594 4327 52  2 46  0  0
 6  0 16306840 13689504   5312 2327788    0    0  2308   120 2577 4332 44  2 54  0  0
 3  0 16306840 13686592   5332 2329196    0    0   714     6 2694 3621 31  1 68  1  0
 3  0 16306840 13656380   5444 2329156    0    0   128   208 2549 3134 18  1 81  1  0
 1  0 16306840 13655312   5452 2329376    0    0     0    28 2111 2801  7  0 93  0  0
 2  1 16306840 13604620   5460 2329836    0    0   516     0 1141 4065  3  0 96  0  0
procs -----------memory---------- ---swap-- -----io---- --system-- -----cpu------
 r  b   swpd   free   buff  cache   si   so    bi    bo   in   cs us sy id wa st
11  0 16306840 13413536   5472 2331532    0    0   578   172 1404 5661 94  4  2  0  0
11  0 16306840 13050020   5472 2332852    0    0   768     0 7662 5712 91  7  2  0  0
 9  0 16306840 12878632   5504 2361536    0    0 14352     0 3794 6645 79  5 17  0  0
 6  6 16306840 12808608   5564 2409288    0    0 23898    94 3353 8338 75  4 18  3  0
 4  3 16306840 12730616   5644 2474624    0    0 32640     0 2427 5330 24  1 60 15  0
 5  5 16306840 12459844   5724 2544900    0    0 35072   144 6976 11285 29  2 59 10  0
 4  9 16306840 12351956   5792 2614120    0    0 34610     4 5822 8513 28  1 58 12  0
 3  9 16306840 12246588   5868 2680876    0    0 33856     0 4862 8851 24  1 56 19  0
 2 11 16306840 12180664   5940 2745668    0    0 32288   246 2247 4516 25  1 47 27  0
 4 10 16306840 11935560   6012 2815636    0    0 35084     0 2283 4117 28  1 45 26  0
 1 11 16306840 11866624   6100 2884676    0    0 34376   140 2956 4154 19  1 63 17  0
 1 10 16306840 11703112   6152 2953300    0    0 34234     0 2015 4489 17  1 60 22  0
 2 10 16306840 11627664   6244 3027780    0    0 37294     0 1346 3758 17  1 56 27  0
 5 10 16306840 11550740   6320 3103692    0    0 38436   122 1318 3663 17  1 58 24  0
 3 10 16306840 11462248   6392 3171624    0    0 33764     0 1326 3720 16  1 72 12  0
 1 11 16306840 11392612   6468 3240200    0    0 34450   102 1281 3735 16  0 71 13  0
 4 10 16306840 11321436   6536 3311156    0    0 35442     0 1282 3744 17  1 45 38  0
 3  9 16306840 11239476   6600 3392344    0    0 40674     0 1326 3843 19  1 58 22  0
 3  8 16306840 11158368   6692 3470312    0    0 38684    80 1318 3735 18  1 64 17  0
 5  8 16306840 11082752   6768 3545760    0    0 37690     0 1304 3803 18  1 55 27  0
 2  6 16306840 11012088   6836 3615140    0    0 35062    88 1328 3746 16  1 60 23  0
procs -----------memory---------- ---swap-- -----io---- --system-- -----cpu------
 r  b   swpd   free   buff  cache   si   so    bi    bo   in   cs us sy id wa st
 1  5 16306840 10935360   6908 3691160    0    0 37906     0 1306 3885 17  1 70 12  0
 1  2 16306840 10860504   6972 3766876    0    0 37728     0 1374 3839 18  1 73  8  0
 1  0 16306840 10799548   7036 3827732    0    0 30560   126 1344 3588 14  0 78  7  0
 1  0 16306840 10761184   7076 3866704    0    0 19412     0 1176 3106  8  0 91  0  0
 1  0 16306840 10722004   7120 3905480    0    0 19348   208 1187 3072  8  0 91  1  0
12  0 16306840 10730836   7136 3911356    0    0  2850     0 4566 7747 57  2 40  0  0
11  0 16306840 10708120   7136 3911360    0    0     0     0 11437 10059 83  5 11  0  0
11  0 16306840 10455036   7144 3911372    0    0     0   208 8236 9770 84  6 10  0  0
15  0 16306736 10338344   7144 3911348   64    0    64     0 6309 7908 89  6  5  0  0
17  1 16306736 10223364   7160 3915256    0    0  2180   112 3227 6363 94  5  1  0  0
17  1 16306732 10022256   7172 3927252   26    0  5984     0 1441 5182 93  5  2  0  0
17  0 16306732 9980080   7184 3940052    0    0  6340     0 1505 5339 95  4  1  0  0
15  0 16306732 9889676   7204 3952340    0    0  6150   106 1141 5305 93  5  2  0  0
 4  0 16306732 9817952   7216 3965548    0    0  6406     0 1081 5445 94  4  1  0  0
12  0 16306732 9732760   7252 3978288    0    0  6728   118 1474 5730 84  3 12  0  0
 8  0 16306732 9678712   7288 3995292    0    0  8520     0 2622 6359 55  2 43  0  0
 8  0 16306732 9554688   7304 4011248    0    0  8008     0 6000 10843 53  2 44  0  0
11  0 16306728 9472980   7336 4026784    0    0  7820   172 5674 9669 63  3 34  0  0
10  0 16306728 9315300   7352 4042908    0    0  8264     0 5566 8965 61  3 36  0  0
12  0 16306724 9086084   7364 4047336    0    0  1792   162 4355 8725 68  4 28  0  0
11  0 16306724 9000524   7384 4063904    0    0  8266     0 3617 8066 74  3 23  0  0
procs -----------memory---------- ---swap-- -----io---- --system-- -----cpu------
 r  b   swpd   free   buff  cache   si   so    bi    bo   in   cs us sy id wa st
11  0 16306724 8828132   7424 4095740    0    0 16276     0 2792 7365 84  4 12  0  0
12  0 16306724 8692064   7476 4140288    0    0 21908   252 2043 6256 86  4 10  0  0
15  0 16306724 8531024   7516 4179072    0    0 19476     0 3714 6683 87  4  9  0  0
16  0 16306724 8431444   7564 4223248    0    0 22164   148 4097 7585 92  5  3  0  0
10  0 16306724 8244340   7624 4275540    0    0 26010     0 1431 5367 89  4  7  0  0
 9  0 16306724 8132744   7688 4340892    0    0 32800     0 1332 5416 77  3 19  2  0
 7  4 16306712 8001524   7772 4408568   14    0 33994   138 1545 5540 66  2 22 10  0
 5  4 16306708 7909748   7832 4469840    0    0 30608     0 1398 4613 45  1 47  7  0
 4  0 16306704 7811156   7892 4521068   14    0 25642   112 1340 4113 36  1 62  1  0
 2  0 16306704 7790768   7908 4539676    0    0  9224     0 1180 3503 17  1 82  0  0
 2  0 16306704 7726144   7928 4556488    0    0  8652     0 1086 3295 21  0 79  0  0
 0  0 16306704 7713044   7948 4568980    0    0  6020   118 1174 3061 10  0 90  0  0
 0  0 16306704 7712424   7948 4568928    0    0     0     0 1009 2597  0  0 100  0  0
 0  0 16306704 7712208   7956 4569140    0    0     0    88 1045 2618  0  0 100  0  0
12  0 16306704 7711292   7964 4569140    0    0    20     0 1114 3742 15  1 85  0  0
11  0 16306704 7591980   7980 4569196    0    0     0   216 10174 10225 85  6  9  0  0
11  0 16306704 7469724   7980 4569208    0    0     0     4 6134 8261 86  6  9  0  0
13  0 16306704 7387016   7980 4569208    0    0     0     0 1823 6205 90  5  6  0  0
12  0 16306704 7346228   7988 4569200    0    0     0   278 1114 5437 94  5  1  0  0
 6  0 16306704 7345484   7988 4569220    0    0     4     0 3177 7469 66  3 31  0  0
10  0 16306704 7287940   7996 4569244    0    0     0   148 6515 12364 62  3 35  0  0
procs -----------memory---------- ---swap-- -----io---- --system-- -----cpu------
 r  b   swpd   free   buff  cache   si   so    bi    bo   in   cs us sy id wa st
10  0 16306704 7264132   7996 4569248    0    0     0    22 8436 15048 76  4 21  0  0
11  0 16306704 7086812   7996 4569252    0    0     0     0 6705 10584 87  5  8  0  0
11  0 16306704 6993688   8004 4569252    0    0     0   142 6738 10808 88  5  8  0  0
11  0 16306704 6942724   8004 4569252    0    0     0     0 4055 6505 91  4  5  0  0
 7  0 16306704 6913692   8012 4569248    0    0     0   108 2160 6108 66  2 31  0  0
 4  0 16306704 6862364   8012 4569256    0    0     0     0 1087 4242 46  1 53  0  0
 3  0 16306704 6841944   8012 4569260    0    0     0     0 1050 3534 27  1 72  0  0
 1  0 16306704 6841208   8024 4569252    0    0     2   104 1118 3360 19  0 81  0  0
 0  1 16306704 6840512   8600 4569228    0    0   322     0 1102 2963  3  0 91  5  0
 0  1 16306704 6838452   9584 4569220    0    0   488   292 1164 2939  0  0 91  8  0
 0  0 16306684 6835624  10228 4569132   40    0   362     0 1096 2851  0  0 95  5  0
 0  0 16306684 6835376  10228 4569436    0    0     0     0 1009 2685  0  0 100  0  0
11  0 16306684 6729988  10248 4569448    0    0     0   356 7703 6686 62  3 34  0  0
10  0 16306684 6590488  10248 4569484    0    0     0     0 11681 10532 73  5 22  0  0
 8  0 16306684 6430652  10248 4569484    0    0     0     0 7781 10586 84  4 12  0  0
12  0 16306684 6254448  10264 4571224    0    0     4   582 5237 6090 92  5  3  0  0
15  0 16306684 5935524  10420 4638436    0    0  2712     0 2801 6269 71  3 25  1  0
12  2 16306684 5737240  10524 4718172    0    0 18464 51702 1324 5504 86  3  6  5  0
 4  0 16306684 5527808  10648 4786008    0    0  5010   230 1159 4071 49  2 47  2  0
12  1 16306684 5458828  10724 4852256    0    0 17042     0 1231 4713 64  2 31  2  0
 6  0 16306684 5304236  10788 4895632    0    0 11726 47324 1459 4715 59  2 31  8  0
procs -----------memory---------- ---swap-- -----io---- --system-- -----cpu------
 r  b   swpd   free   buff  cache   si   so    bi    bo   in   cs us sy id wa st
15  1 16306684 5171116  10976 5023188    0    0 24032     0 2741 5250 48  2 47  3  0
13  3 16306684 5020352  11052 5070240    0    0  7764 56394 3406 4145 66  2 26  6  0
 3  0 16306684 4819888  11136 5134940    0    0 22554   248 2610 6110 75  3 21  2  0
10  3 16306684 4542968  11184 5180664    0    0 19988 21888 3362 7234 80  5 13  2  0
 3  0 16306680 4304144  11332 5266440    0    0 14686   178 1248 4245 57  2 39  1  0
12  0 16306680 4078320  11440 5353432    0    0 16338     0 3159 6826 71  3 26  0  0
 4  2 16306680 3936280  11532 5421796    0    0  7500 68654 8088 11978 48  2 39 10  0
 6  0 16306680 3774500  11616 5479020    0    0 15252   226 1247 4742 73  3 21  3  0
10  2 16306680 3633912  11696 5536324    0    0 10514 44350 1197 4150 62  2 36  1  0
 6  0 16306680 3520676  11708 5544592    0    0  3906   208 2265 5365 52  2 41  5  0
 5  0 16306680 3398560  11708 5544744    0    0     0     0 6026 4216 50  2 48  0  0
 4  0 16306680 3349100  11804 5595316    0    0    10 11988 1419 3347 21  1 76  2  0
 3  0 16306680 3237872  11804 5595824    0    0     0     0 1037 3474 31  1 68  0  0
 1  1 16306680 3236268  11808 5595820    0    0     0 14154 1091 3046 13  0 86  1  0
 0  0 16306680 3237896  11816 5595820    0    0     0   914 1184 2751  6  0 93  1  0
 0  0 16306680 3237788  11816 5595820    0    0     0     0 1009 2573  0  0 100  0  0
 0  0 16306680 3237688  11824 5595812    0    0     0    76 1019 2688  0  0 100  0  0
 0  0 16306680 3237936  11824 5595820    0    0     0     0 1013 2682  0  0 100  0  0
 0  0 16306680 3237936  11824 5595820    0    0     0     0 1012 2675  0  0 100  0  0
 0  0 16306680 3237820  11832 5595820    0    0     0    52 1016 2686  0  0 100  0  0
12  0 16306680 3603836  11832 5166380    0    0     0     0 2554 7015 71  5 24  0  0
procs -----------memory---------- ---swap-- -----io---- --system-- -----cpu------
 r  b   swpd   free   buff  cache   si   so    bi    bo   in   cs us sy id wa st
 2  0 16306680 3409776  11844 5166244    0    0     0   288 2722 6493 90  5  4  0  0
 6  0 16306680 3317520  11844 5166244    0    0     0     0 2190 5407 93  5  2  0  0
 6  0 16306680 3140696  11852 5166244    0    0     0    82 1357 6646 92  5  2  0  0
20  0 16306680 2970808  11852 5166244    0    0     0     0 2213 6071 89  5  6  0  0
11  0 16306680 2860448  11860 5166240    0    0     0    94 2575 5406 91  5  4  0  0
 5  0 16306680 2833340  11860 5166252    0    0     0     4 1724 6155 93  5  2  0  0
11  0 16306680 2847872  11860 5166368    0    0     0     0 1807 5079 95  4  1  0  0
16  0 16306680 2685036  11872 5166368    0    0     2   150 6589 4928 93  5  2  0  0
10  0 16306680 2682252  11872 5167268    0    0   512     0 2886 5433 87  4  9  0  0
 7  0 16306680 2585896  11880 5167272    0    0     0   144 5324 6837 68  3 29  0  0
 4  0 16306680 2583912  11880 5167288    0    0     0   266 3090 7238 54  2 44  0  0
 7  0 16306680 2482976  11896 5167292    0    0     0   190 6093 10363 37  2 61  0  0
 6  0 16306680 2320420  11924 5192168    0    0 12430     6 7282 12265 37  2 61  0  0
10  0 16306680 2181064  11948 5218976    0    0 13324     0 5565 10174 68  4 28  0  0
10  0 16306680 1933528  11984 5245348    0    0 13198   134 1127 5000 80  3 16  0  0
 8  0 16306680 1904500  12008 5272872    0    0 13772     0 1187 4860 76  2 22  0  0
 7  0 16306680 1877692  12040 5297980    0    0 12558    84 1142 4539 65  2 33  0  0
 2  0 16306000 1875972  12040 5297924 1164    0  1164     6 1237 3825 36  1 61  2  0
 0  0 16306000 1876228  12040 5297992    0    0     0     0 1067 2693  4  0 96  0  0
 0  0 16306000 1876392  12048 5297992    0    0     0   106 1033 2636  0  0 100  0  0
 0  0 16306000 1876300  12048 5297996    0    0     0     2 1037 2679  0  0 100  0  0
procs -----------memory---------- ---swap-- -----io---- --system-- -----cpu------
 r  b   swpd   free   buff  cache   si   so    bi    bo   in   cs us sy id wa st
 0  0 16306000 1876044  12056 5297992    0    0     0    62 1016 2670  0  0 100  0  0
 0  0 16306000 1876168  12056 5298000    0    0     0     4 1013 2679  0  0 100  0  0
 0  0 16306000 1876416  12056 5298000    0    0     0     0 1009 2677  0  0 100  0  0
 0  0 16306000 1876176  12064 5298000    0    0     0    54 1013 2651  0  0 100  0  0
 0  0 16306000 1875804  12064 5298000    0    0     0    10 1013 2684  0  0 100  0  0
 0  0 16306000 1876176  12072 5297992    0    0     0    52 1018 2680  0  0 100  0  0
 0  0 16306000 1876300  12072 5298000    0    0     0   176 1042 2661  0  0 100  0  0
 0  0 16306000 1875952  12072 5298004    0    0     0     0 1011 2688  0  0 100  0  0
 0  0 16306000 1876572  12080 5298004    0    0     0    64 1016 2676  0  0 100  0  0
13  0 16306000 1828044  12080 5298060    0    0     0     6 4453 7033 46  2 52  0  0
11  0 16305996 1760464  12088 5298080   16    0    16   150 11486 12635 80  5 15  0  0
12  0 16305996 1663364  12088 5298088    0    0     0     0 1712 5747 88  4  8  0  0
19  0 16305996 1400236  12120 5323772    0    0     0     0 1025 4904 89  4  7  0  0
12  1 16305996 1232340  12300 5399600    0    0    22 13010 1138 4931 94  4  2  0  0
 4  0 16305996 1073108  12420 5471380    0    0    18     0 1172 4713 95  3  2  0  0
12  2 16305996 933384  12436 5483340    0    0     0 38696 1787 5773 86  3 10  1  0
14  0 16305996 864420  12488 5504148    0    0  5770 40770 3206 7284 77  3 13  6  0
13  0 16305996 671016  12544 5549424    0    0 16530     0 1156 7433 93  5  2  0  0
 3  0 16305996 484844  12644 5608936    0    0  3022 19710 5291 3726 52  2 45  1  0
 2  0 16305996 396828  12788 5691872    0    0    22     0 1937 3093 23  1 76  0  0
11  3 16305996 248660  12820 5721848    0    0 14222 39146 2147 5140 88  4  7  0  0
procs -----------memory---------- ---swap-- -----io---- --system-- -----cpu------
 r  b   swpd   free   buff  cache   si   so    bi    bo   in   cs us sy id wa st
 8  0 16306392 157112  10280 5699016    0  198  6154 22278 2273 5945 71  6 21  2  0
17  5 16318456 151004  10308 5702420    0 6032   520  6032 2791 4768 25  3 50 22  0
10  1 16318456 156880  10308 5617956    0  132  6982 16228 1371 5232 47 39 12  2  0
15  2 16318456 151024  10240 5605476    0    0  7824    26 1087 3293 33 51 13  3  0
11  2 16318456 151712  10248 5580652    0    2     0   758 1070 2462  1 94  2  3  0
 0 18 16318456 151532  10216 5566340    0 3146     0  3158 1489 2438  1 44 21 34  0
11  0 16318456 150900  10216 5557952    0 2118     0  2160 1547 4765 13 19 48 20  0
19  2 16318456 150972  10220 5548684    0    0     0   110 1064 8008 29 62  8  2  0
15  2 16318456 150968  10220 5525904    0    2    64    14 1112 2714  0 92  6  1  0
 9  0 16318456 177972  10072 5482548    0   18  5064    48 2875 9841 49 30 19  2  0
 6  1 16318456 159112   7780 5398816    0    0  6094   852 7830 11535 49  6 44  1  0
11  0 16318456 152128   7712 5334792    0    0 17584     0 1262 4435 44  4 49  3  0
 5  0 16318456 161376   7568 5290924    0    0 15044   734 1142 4002 42  4 53  1  0
 2  0 16318456 159712   7388 5176368    0    0 13506     0 1198 3482 30  7 63  0  0
 2  0 16318456 162856   7376 5171428    0    0 15682     0 1143 3252 17  1 83  0  0
 0  0 16318452 159432   7384 5174164   16    0  1424 13118 1105 2834  6  0 93  1  0
 0  0 16318452 159272   7404 5174584    0    0   264     0 1044 2714  0  0 99  0  0
 0  0 16318452 159156   7412 5174632    0    0     0    62 1017 2675  0  0 100  0  0
 0  0 16318452 159404   7412 5174644    0    0     0     0 1020 2713  0  0 100  0  0
 0  0 16318452 159404   7412 5174984    0    0     0     0 1016 2677  0  0 100  0  0
 0  0 16318452 158832   7420 5174976    0    0     0    50 1019 2637  0  0 100  0  0
procs -----------memory---------- ---swap-- -----io---- --system-- -----cpu------
 r  b   swpd   free   buff  cache   si   so    bi    bo   in   cs us sy id wa st
 0  0 16318452 158708   7420 5174984    0    0     0     0 1015 2594  0  0 100  0  0
 0  0 16318452 159096   7428 5174976    0    0     0    46 1018 2628  0  0 100  0  0
 2  0 16318452 158832   7536 5175324    0    0   218     0 1035 2825  0  0 98  1  0
 0  0 16318452 158228   7536 5175328    0    0     0   108 1036 2702  0  0 100  0  0
 0  0 16318452 158848   7544 5175320    0    0     0    76 1019 2708  0  0 99  0  0
10  0 16318452 438224   7752 4899012    0    0 10188    96 1317 4806 23  1 65 11  0
10  1 16318452 224340   7820 4947008    0    0 24046   270 4471 9345 75  5 15  6  0
13  2 16318452 158972   7848 4910532    0    0 27464     0 2267 6879 84  8  5  2  0
12  0 16318452 150952   7888 4722388    0    0 26218   152 1206 4966 76 17  5  2  0
 8  3 16318452 156896   7832 4627764    0    0 24900     0 1208 4957 85  9  4  2  0
 4  4 16318452 158144   7420 4560060    0    0 33192     0 1434 4751 41  6 45  8  0
10  0 16318452 163660   7392 4467924    0    0 26694   124 3632 4945 53  9 27 11  0
10  2 16318452 159748   7420 4446052    0    0 26334     0 8942 6973 60  3 28  9  0
12  0 16318444 155124   7420 4289692   30    0 24154   134 4345 7659 75 13  7  4  0
14  4 16318444 159932   7264 4065600    0    0 22184     0 5466 5091 77 17  5  2  0
11  4 16318456 160596   5828 4009920    0  168 26254   168 3980 5214 88  7  4  1  0
10  3 16318456 158292   5892 3993916    0  334 27356   450 5288 5197 83  4  7  6  0
14  3 16318456 162648   5892 3881260    0    0 24402     0 4417 5475 77 10  9  4  0
 8  1 16318456 160112   5904 3818160    0    0 23462   114 3894 5130 75  5 15  5  0
 5  0 16318456 159388   5960 3806276    0    0 21320     0 3060 4859 49  2 44  5  0
 3  0 16318456 161116   5984 3803636    0    0 15864   280 3459 4782 29  1 68  1  0
procs -----------memory---------- ---swap-- -----io---- --system-- -----cpu------
 r  b   swpd   free   buff  cache   si   so    bi    bo   in   cs us sy id wa st
 1  0 16318456 158356   6024 3806144    0    0  1168   110 3860 4424 11  1 87  1  0
 0  0 16318456 159868   6024 3806240    0    0     0     0 2809 2694  0  0 100  0  0
 0  0 16318456 159512   6032 3806232    0    0     0    76 1024 2691  0  0 100  0  0
 0  0 16318456 160148   6032 3806240    0    0     0     0 1012 2668  0  0 100  0  0
 4  0 16318456 160940   6052 3805828    0    0  8338    40 3471 6074 18  1 80  1  0
10  0 16318456 157976   6072 3808872    0    0  7136    80 1089 3579 25  1 74  0  0
 3  0 16318456 161272   6036 3764684    0    0   324     0 1046 3523 27  1 72  0  0
11  0 16318456 156652   6032 3762092    0    0     0     0 1017 3435 27  1 73  0  0
 0  0 16318456 160396   5948 3648596    0    0     0    60 2051 3089 16  2 82  0  0
 0  0 16318456 160404   5948 3648596    0    0     0     0 1156 2680  0  0 100  0  0
 0  0 16318456 160668   5956 3648592    0    0     0    62 1046 2683  0  0 100  0  0
 0  0 16318456 159760   5956 3648604    0    0     2     0 1020 2794  0  0 100  0  0
 0  0 16318456 160132   5956 3648604    0    0     0     0 1016 2684  0  0 100  0  0
 0  0 16318456 160140   5964 3648596    0    0     0    76 1018 2600  0  0 100  0  0
 0  0 16318456 160536   5964 3648604    0    0     0     0 1008 2619  0  0 100  0  0
 0  0 16318456 160436   5972 3648540    0    0     0    50 1020 2618  0  0 100  0  0
 1  0 16318456 160436   5972 3648548    0    0     0     0 1063 2706  0  0 100  0  0
 0  0 16318456 160832   5972 3648548    0    0     0    96 1035 2694  0  0 100  0  0
 0  0 16318456 160708   5980 3648544    0    0     0    70 1016 2702  0  0 100  0  0
 7  0 16318456 159332   5984 3648600    0    0     0     6 1283 4026 18  1 82  0  0
10  0 16318456 158380   5940 3580124    0    0  4358   146 10976 14843 61  5 34  0  0
procs -----------memory---------- ---swap-- -----io---- --system-- -----cpu------
 r  b   swpd   free   buff  cache   si   so    bi    bo   in   cs us sy id wa st
11  0 16318456 229868   5952 3600912    0    0 13708     0 5228 9577 80  4 16  0  0
12  2 16318456 160584   3736 3418048    0    0 22580   164 2791 7702 87  5  8  0  0
 5 20 16318456 151904   3684 3272224    0 1706 17624  8366 1373 4368 69  7  5 19  0
 0 18 16318456 152388   3724 3277092    0 2684  1352  3242 1513 6123 25  1 37 37  0
 1 19 16318456 152644   3732 3281596    0 2480   618  4450 1530 2761  1  0 71 28  0
 1 28 16318456 151240   3744 3286480    0 1732  1176 11766 1397 2829  8  0 44 48  0
 0 25 16318456 159824   3756 3287348    0 4712   512  4850 1724 2415  0  0 49 51  0
 0 20 16318456 150828   3760 3287656   24 2392   448  5394 1507 2440  1  0 50 48  0
 9  5 16318428 159052   3804 3197764   84 1048  9430  1194 1521 3733 47 14 14 25  0
 1  0 16318448 158592   3640 3194248   10   76 17214 21746 9136 3980 44  3 47  6  0
11  5 16318448 157312   3744 3125372   16    8 22306    34 5787 3894 63  4 29  4  0
 4  5 16318456 159752   3732 2946112   52   22 34058  6894 10117 6607 47 11 24 18  0
 3 12 16318456 152244   3768 2923604    0    8 21540 13974 6645 3750 18 20 44 18  0
 2  6 16318384 177368   3892 2969164  132    2 31010     2 7461 6546 21  2 59 18  0
18  4 16318456 151108   3916 2957668   32   78 24248  1412 3100 3867 15 42 36  7  0
25  1 16318456 617332   3888 2478028   16    8   340  1648 3324 5958  0 99  0  1  0
 7  6 16318180 1431524   3928 1624136  788    4 28544    80 7301 5260 34  5 46 14  0
 8  3 16318164 1162912   4036 1726000    0    0 38340     0 7261 4296 43  2 38 17  0
 2  8 16318024 1110076   4160 1777260  210    0 25130 13628 3295 3865 25  1 49 26  0
10  0 16318008 1055440   4244 1831208    8    0 26536     0 1288 3951 28  1 51 20  0
 4  2 16317760 891904   4304 1873712  376    0 20840  1494 1253 3885 33  1 58  8  0
procs -----------memory---------- ---swap-- -----io---- --system-- -----cpu------
 r  b   swpd   free   buff  cache   si   so    bi    bo   in   cs us sy id wa st
 3  4 16317732 845408   4368 1920464   46    0 22000     0 1236 3723 23  1 72  5  0
 3  1 16317708 738696   4416 1963256   46    0 20006     0 1208 3798 29  1 67  3  0
 2  1 16317680 716140   4468 1985488   16    0  9518  3152 1150 3206  9  0 90  1  0
 2  0 16317548 693504   4636 2005796  220    0  9386  2620 1164 3334  8  0 89  3  0
 2  0 16317504 671696   4660 2028744   64    0  9484     0 1104 3149  8  0 91  0  0
 3  1 16317488 649696   4680 2050168   32    0  9512     0 1097 3161  8  0 91  0  0
 1  0 16317468 586236   4688 2051676   16    0   324  3800 1077 2811 11  0 88  0  0
 3 12 16317396 600296   4804 2034348  158    0  4588     0 1872 3738  5  0 85 10  0
 4 11 16317256 586380   4848 2026420  174    0 25600     0 3137 5225 14  1 60 25  0
 3 12 16317224 491540   4908 2097064   10    0 34722   236 1746 4176 18  1 63 18  0
 2 11 16317144 367288   4960 2173360   62    0 38336     0 1289 3639 25  1 65 10  0
 2 10 16317128 287580   5020 2252388    0    0 39500   158 1472 4190 24  1 46 30  0
17 11 16318452 151100   5044 2297400   32  674 27328   722 1337 3565 21 35 34 10  0
 4 13 16318456 154452   5056 2261292    0    4 27924   508 2444 3824 24 41 20 14  0
 3 11 16318448 169576   5092 2248380   28    6 37938   108 1401 4306 24  2 48 26  0
 3 11 16318456 162276   5096 2214852   48   18 40776   118 3575 4085 37  9 39 15  0
 5 11 16318456 158696   4888 2165396   16    8 41576   118 3441 4276 33  2 49 16  0
 3 10 16318456 157140   4916 2165336    0    8 39002     8 7223 4321 30  2 45 23  0
 6  9 16318456 157112   4892 2130616   32   10 41604    10 1537 4214 30  1 47 22  0
 5 10 16318456 157788   4520 2129232   16    8 37294   118 6886 5189 34  2 40 24  0
 3 10 16318448 214428   4292 2089304    4    6 36118     6 5007 5717 36  2 38 24  0
procs -----------memory---------- ---swap-- -----io---- --system-- -----cpu------
 r  b   swpd   free   buff  cache   si   so    bi    bo   in   cs us sy id wa st
 1  2 16318420 158592   4216 2073696  184   16 32514   120 2432 5236 29  2 45 25  0
 6  9 16318456 162372   4136 2068220  572  136 29412   136 1319 4353 29  1 48 21  0
 7 11 16318456 157076   4196 1986788   28   10 37722    10 2390 4542 40  3 37 20  0
17  8 16318456 150864   4168 1985604   16  452 25232   968 1509 4171 27 42 17 15  0
 5  8 16318456 161232   4120 1971932   42   22 27594   298 2238 4422 33 33 21 13  0
 6  6 16318456 161792   4172 1948016   26   12 39738   136 1355 4562 43  1 42 13  0
 5  9 16318456 161104   4096 1939132   64   10 33642    10 6692 4537 40  2 36 22  0
 3  3 16318456 156300   4168 1942148   50   12 32860    12 1357 4101 23  1 62 14  0
 4  4 16318456 155260   4108 1929752   30   10 20980   596 1295 3588 20 41 34  5  0
 3  5 16318456 153272   4068 1930960   32   82 31934   422 1400 4119 21  8 61 10  0
 2  3 16318456 152228   3968 1933760   16    8 30440   548 1357 3891 18 11 53 18  0
 2  1 16318456 159464   4020 1921640   16   10 29804    58 1367 3781 21  1 65 13  0
 2  0 16318456 160944   4048 1919356    0   12 26402    12 1324 3718 13  1 83  3  0
 2  0 16318424 163880   4056 1916664   42    0  2722   106 1052 3375 17  1 82  0  0
 2  0 16318440 164948   4048 1863320   32   24    32    94 1029 3328 20  5 74  0  0
 0  0 16318392 164156   4072 1863156   80    0   276    94 1063 3313 15  0 85  0  0
 0  0 16318372 163304   4072 1863096   32    0    32     0 1013 2725  0  0 100  0  0
 0  0 16318356 163212   4072 1863160    0    0     0     0 1015 2724  0  0 100  0  0
 0  0 16318336 162872   4080 1863152    0    0     0    74 1020 2620  0  0 100  0  0
 8  3 16318212 156724   4092 1869608  224    0  3496     0 1199 4032 14  0 79  6  0
 8  3 16318456 162588   4080 1748264   16  132 27724   450 8537 6421 62  8 21  9  0
procs -----------memory---------- ---swap-- -----io---- --system-- -----cpu------
 r  b   swpd   free   buff  cache   si   so    bi    bo   in   cs us sy id wa st
 8 10 16318456 156416   4040 1715152    0    4 18688   358 5823 7655 36 46 12  6  0
11  0 16318456 154336   3968 1500304   48   16 15838   468 4632 7183 36 44 13  7  0
13  5 16318456 150920   3968 1498600   16  624 24852  1088 2659 5772 44 40  8  8  0
 8  5 16318448 158984   3748 1536360    0    0 35014     0 1298 4911 62  3 22 13  0
 4 11 16318456 161724   3240 1384528  716  138 30482   252 6264 4727 47  3 36 14  0
 1 11 16318448 157280   2752 1391520  134   26 27162   378 5127 3984 17 19 39 26  0
 6 11 16318456 152012   2708 1291104  192   58 32830   626 4078 5374 30 26 25 18  0
 4 11 16318448 200308   2512 1286968   30   12 40382    82 5439 5109 23  5 50 22  0
10 10 16318456 159748   2492 1326836    0   14 41552    14 1365 3961 21  1 58 21  0
11  8 16318456 148916   2364 1178720   16  108 35062   486 2061 4611 29 19 36 17  0
 3 13 16318448 201236   2408 1138292   16    2 30788   210 2417 3901 25 25 35 16  0
 1  5 16318428 158956   2308 1060620  136   22 30066   142 2572 3576 25  4 54 17  0
 3  0 16318456 150820   2272 991856   12   20  1162   412 1160 2637  5  5 82  8  0
 1  0 16317592 161660   2272 888732 1438   40  1774   140 1143 2578  6  2 88  3  0
 1  3 16317148 159236   2380 889064  546    0  1076   108 1119 2617  7  0 90  2  0
 1  0 16318452 162684   2544 887852   26  666  1886   666 1244 2670  9  1 89  2  0
 1  0 16318428 161692   2552 887816   36    0    36    90 1017 2438  8  0 91  0  0
 6 12 16318456 156976   2816 890256    8   24 26504    24 1486 3535 27  1 53 19  0
16  3 16318456 150900   2824 896880    0   14  9474   704 2443 3232  8 84  4  4  0
 4  9 16318456 154300   2944 921296    0   62 32168  1284 4091 3969 20 24 37 18  0
 2 14 16318456 161704   2984 912504   42    6 34510  5306 1430 3928 31 17 33 20  0
procs -----------memory---------- ---swap-- -----io---- --system-- -----cpu------
 r  b   swpd   free   buff  cache   si   so    bi    bo   in   cs us sy id wa st
 2 13 16318456 157796   3116 914916   54    6 37820     6 1388 3863 20  1 56 22  0
 2 10 16318456 159644   3220 914100    0    2 33012  7104 1326 3695 18  1 68 13  0
 1 10 16318456 156452   3252 917308   20    4 39244    52 1319 3963 29  3 44 24  0
 4  6 16318456 157272   3344 916096   32    4 34304   150 1299 3773 17  1 66 16  0
 2 10 16318452 157992   3400 915972  110   14 38510    16 2339 5188 21  2 57 20  0
 6 10 16318456 151860   3448 920412  122   38 29498   230 2513 5186 25 10 39 26  0
 2 11 16318452 161456   3504 911828  158   40 21710   634 1299 3426 16 46 27 12  0
 3  7 16318456 158488   3616 914108  118   46 32790   184 1330 3746 21  1 62 16  0
 6  5 16318456 151064   3632 922124   16   52 25744   380 1310 3697 24 26 38 12  0
 3  6 16318456 151788   3352 921824    0    0 42974   220 1437 4343 25 10 44 21  0
 3  5 16318456 161868   3204 914244    0  468 45044   722 1467 4103 26  3 50 22  0
 3  5 16318456 153412   3172 922952   46   76 30388 11074 1329 3769 26  2 54 18  0
 1  5 16318452 159320   3232 916312  152   28 21612 14256 1285 3469 16  1 67 16  0
 2  1 16318452 158144   3244 918308   32    6 20926   132 1250 3620 16  1 76  7  0
 1  0 16318448 159788   3236 916132   16    6 11508     6 1132 3346 21  1 77  2  0
 0  0 16318416 159680   3244 916376   68    0    68    84 1021 2917  8  0 91  0  0
 0  1 16318304 211784   3504 863104  602   38  6032    38 2766 5247  3  1 85 12  0
 2  9 16317368 182864   3560 889544 1700    0 15082   216 2360 4901 11  1 68 20  0
 2 12 16318456 162088   3620 911472   64  570 30628   570 2051 4517 16  1 56 28  0
 4 11 16318456 158640   3564 915324   24   10 32724    16 1357 3880 15  1 64 20  0
 5 11 16318456 161552   3616 911236   22    6 34654    98 2771 3882 27  1 43 29  0
procs -----------memory---------- ---swap-- -----io---- --system-- -----cpu------
 r  b   swpd   free   buff  cache   si   so    bi    bo   in   cs us sy id wa st
 9 11 16318456 158864   3684 912436   76   18 39862    20 1839 3974 21  2 59 18  0
 2 13 16318432 162400   3568 911868   90  360 27212   986 1710 4029 19 31 26 23  0
 2 16 16318456 161376   3604 911640  194  204 31314   204 2348 3683 20  1 53 26  0
 4 13 16318456 158192   3732 913804  156  102 28170   102 4183 3549 23  1 56 20  0
11 12 16318452 156348   3588 918616   62   28 27722   630 4014 3706 22 37 20 21  0
 2 14 16318456 156996   3672 918288   18    8 36460   152 4752 3985 22  9 40 29  0
 3 13 16318456 157504   3732 917720  144   56 35060   500 1452 3971 18 20 35 26  0
 4 12 16318352 252668   3808 961656  130    0 35844    82 3699 3944 34  5 34 27  0
 4 12 16318336 174492   3872 1040596   60    0 39788     0 8336 4052 28  1 42 28  0
 1 14 16318456 154916   3948 1059284  138   78 34534   418 2063 3875 16 11 38 35  0
 4 11 16318456 157048   3936 1056000   64   14 39888   100 1320 3860 24  2 49 24  0
 1 16 16318456 160812   3988 1052064    6    2 42998   116 1362 3901 19  1 46 33  0
 1 18 16318452 160496   4040 999144  142   26 34140   100 4395 4906 26  2 37 35  0
 3 12 16318456 162544   4080 995632  108   36 29546    36 3038 3663 19  1 48 31  0
 3 11 16318456 155236   3956 1004432   56   14 39564   314 3297 3933 20  7 49 24  0
 2  9 16318456 160332   3608 1000096    0    0 37348   130 1606 3985 23  6 41 30  0
 7  9 16318456 151028   3544 1007964   10    2 41228   360 1637 4011 21 12 42 25  0
 2  9 16318456 160268   3432 999276   16   12 37626   116 1639 3821 18  9 48 25  0
 8  9 16318456 150976   3504 1009668    0    0 40954   148 1499 3962 25  4 47 24  0
 3  8 16318456 163036   3504 997232    0    2 39846   346 1649 4604 25 17 34 23  0
13  4 16318456 151264   3540 1009068    0    0 41400    64 1672 4376 31  2 49 18  0
procs -----------memory---------- ---swap-- -----io---- --system-- -----cpu------
 r  b   swpd   free   buff  cache   si   so    bi    bo   in   cs us sy id wa st
 2  6 16318456 165512   3196 996112    0  148 34022   634 1845 4327 22 25 32 21  0
 3  5 16318456 156264   3204 1005140   16    2 44086     2 1719 4036 21  1 52 25  0
 3  5 16318456 159168   2928 1004780  556   88 38780    90 1645 4012 17  1 65 17  0
 5  5 16318456 167520   2880 996720    0   36 41840   266 1726 4089 18  3 61 18  0
 5  2 16318456 154600   2876 1010032   48   10 33608    10 1764 4332 31  2 55 12  0
 2  1 16318456 154504   2872 1007112   36   10 28712   164 1727 3985 22  2 64 12  0
 1  0 16318456 158460   2892 1003396  118  304 20158   490 1841 3530 10  3 79  8  0
 1  0 16318440 164980   2912 996588   80   40 13790    40 1679 3280  8  1 90  1  0
 1 12 16318456 162424   3276 995368  312  236  3848   324 2006 4335 11  1 81  7  0
 0  8 16318456 151104   3200 1008332   96   46 25802   230 6605 8349 35 12 34 19  0
 4  9 16318452 171136   3240 1044564    8    0 31482   262 1494 4494 37  3 39 20  0
 7  9 16318456 156096   3324 1058304    0    2 41306   196 1629 5977 48  5 28 20  0
 6 10 16318456 158848   3372 1053232   28   14 29428   324 1430 4739 45 20 21 14  0
15  6 16318456 150964   3308 1061920   36   26 23600   562 3244 4182 31 39 20 10  0
 7 10 16318456 157872   3164 1052588   12   10 28682   468 4419 4143 32 29 20 19  0
 2 16 16318456 161176   3084 1053168    8   12 35234   548 5998 4374 28 19 31 22  0
 4 12 16318456 161696   3116 1053900    0    0 35672     0 2284 4081 26  2 41 30  0
 2 12 16318452 159200   3148 1050932  176   38 31734   286 1900 4847 27 10 38 25  0
 3 14 16318448 159440   3204 1031740  118   16 35136   174 2001 4845 27  3 40 31  0
 3 14 16318456 157160   3176 1033284  204   26 33116   242 1440 3953 20 13 35 32  0
 4 20 16318456 169688   3104 1019140   64   28 29780   216 1335 3792 16  6 44 34  0
procs -----------memory---------- ---swap-- -----io---- --system-- -----cpu------
 r  b   swpd   free   buff  cache   si   so    bi    bo   in   cs us sy id wa st
 1 18 16318444 156356   3176 1031428 1052  212 19474   326 1370 3671 12  8 54 27  0
 4 17 16318456 151032   3060 1037100  108   40 32140   180 2233 3908 24  5 35 36  0
 1 14 16318456 158296   3040 1031124   16    4 35816   242 1432 3989 21  2 48 29  0
 9 16 16318456 165828   3104 1023308   44   14 37652    14 1436 3899 20  2 48 30  0
 2 13 16318456 162968   3148 1025216  174   38 32248   438 1391 3779 18  3 45 34  0
 2 12 16318456 157828   3212 1030104   32   14 44838    14 1789 4850 20  1 55 24  0
 2 10 16318452 159404   3176 1030392   10    2 36864   156 1442 3932 18  1 59 22  0
 1  7 16318456 160988   3228 1029116    0    4 44844   120 1672 4633 22  3 51 24  0
 2  8 16318456 153632   3296 1035904    0   24 41354    24 1508 4042 22  2 50 26  0
 1  6 16318456 158428   3332 1031468    0    0 38852   142 1509 3804 19  1 63 17  0
 1  3 16318456 160836   3368 1028040   14    8 41490     8 1847 4028 21  2 64 14  0
 1  3 16318452 162584   3360 1029004   78  700 29428   812 2075 3303 12  2 75 11  0
 3  3 16318440 157088   3404 1033500  350  128 26004   128 1661 3297 12  1 75 13  0
 3  4 16318456 156732   3472 1034480  274  128 22356   128 1633 3215 10  1 77 11  0
 2  5 16318436 162144   3476 1028528  328  120 23508   174 1559 3345 11  1 76 12  0
 2  2 16318456 156508   3732 1033268  560  150 13108   150 1762 3091  3  1 87  9  0
 0  5 16318456 161480   4100 1027520  194  482 10512   718 1774 3035  0  2 83 15  0
 0  2 16318396 162280   4500 1028956   96  508  4990   508 1618 3267  0  1 90  9  0
 1 12 16318228 161420   5004 1019596  518   78  1644    78 1306 4463  6  1 80 12  0
 0 11 16318456 161196   5204 1019772  816  614  7882  1024 6508 4224  8  1 74 17  0
 1 14 16318448 159908   5220 996932  128   80 11898   400 5771 8945  9  3 58 30  0
procs -----------memory---------- ---swap-- -----io---- --system-- -----cpu------
 r  b   swpd   free   buff  cache   si   so    bi    bo   in   cs us sy id wa st
 1 14 16318448 158264   5360 998244   86   62 21030   290 1196 3392 13  1 64 22  0
 1 12 16318456 162368   5528 991740  192  122 17726   122 1279 3388 13  1 58 28  0
 3 16 16318456 162996   5660 990320  292  134 19166   134 3142 3522 14  1 60 25  0
 4 13 16318456 163456   5700 990152  192  126 20704   270 6919 3668 23  2 50 26  0
 3 19 16318456 159900   5764 993236   12    6 30976   254 6503 3844 24  3 34 38  0
 1 13 16318456 157236   5840 996952   44    6 34702   176 3079 3813 20  1 44 35  0
 2 14 16318456 163084   5948 990492   30    6 38998     8 2854 4137 21  1 50 27  0
 3 13 16318456 154616   5968 1000100   10    2 39538     2 1806 3881 19  2 51 28  0
 3 12 16318456 162120   6040 991996   16    6 35980   238 1394 3800 20  3 47 30  0
 3 12 16318456 160260   6084 994300    0    0 39858    84 1352 3940 20  2 54 25  0
 3 17 16318456 157056   6140 999536    0    2 37326    42 6814 3982 22  2 43 33  0
 3 14 16318456 158904   6188 997392    0    0 39750   188 1525 4057 21  3 45 32  0
 4 13 16318456 159184   6252 995908    0    0 41644    62 1492 3938 21  3 37 39  0
 0  2 16318384 160108   6284 994700  194    0 33548   244 1522 3877 19  5 47 29  0
 5 15 16318456 151484   6244 1004164  334   90 27742   362 1545 3790 16 16 44 24  0
 2 15 16318456 158268   5644 998848    0    2 36384   120 1585 4022 18  7 38 36  0
 1  2 16318432 164316   5532 992228  146    8 35602   314 1666 4038 19  2 43 35  0
 2 11 16318456 154612   5436 1000128  812  178 34046   178 1600 3886 18  2 57 23  0
 2 10 16318452 158048   5412 995808  126  106 36166   378 1760 3883 20  3 48 29  0
 2 10 16318456 162016   5404 991912    0    4 39646     4 1597 3765 20  1 53 26  0
 2  9 16318456 158500   5412 996492   18    8 38516     8 1470 3797 21  1 59 19  0
procs -----------memory---------- ---swap-- -----io---- --system-- -----cpu------
 r  b   swpd   free   buff  cache   si   so    bi    bo   in   cs us sy id wa st
 4  4 16318456 158572   5312 997016   58   34 38562   136 2000 3844 19  2 57 21  0
 2  2 16318456 159104   5304 995900   24    8 34550     8 1980 3601 15  2 68 15  0
 1  2 16318456 159464   5360 995424    0    0 33894   178 1888 3608 13  1 75 11  0
 0  1 16318456 157428   5372 997140   18    4 20448     4 2087 3218  3  1 94  2  0
 0  0 16318456 159088   5288 995840    0    2 17492     2 1933 3112  0  1 98  1  0
 2  9 16318452 157348   5276 996356   16    0 13296   100 2897 4265  9  1 77 13  0
 9 12 16318456 151036   5184 979884    0    6 35650   194 5431 8601 20  4 51 24  0
 2 13 16318456 169480   5176 1031960    0    0 40330   140 1411 3989 20  2 56 22  0
 3 13 16318456 156472   5048 1043480    0    0 37236   106 1329 3972 18  3 50 29  0
 3 13 16318456 160296   4612 1041556    0    2 38496   288 2265 4211 24 23 30 23  0
 5 14 16318456 160280   4244 1045020    0    2 35422   228 3899 4000 21  5 38 36  0
 4 15 16318456 162508   4108 1039796    0    0 38124    86 5002 4011 28  3 36 33  0
 3 13 16318456 155412   4008 1050532    6    4 39870   142 4251 4111 28  3 38 31  0
 1 13 16318456 160536   3956 1046680   32    6 40332     6 2228 3935 21  2 52 25  0
 2 15 16318456 156892   3968 1049352    0    0 36256     0 1322 3842 17  1 55 26  0
 1 13 16318456 161308   3980 1044824    0    0 35844    98 1324 3912 19  2 59 20  0
 3 13 16318456 157828   4016 1047984    0    0 39986    86 1433 4033 20  3 55 22  0
 0 11 16318456 157656   4048 1050072    0    0 35084    46 3436 3876 20  1 46 33  0
 4 11 16318456 155468   3996 1052260    0    0 40632   108 3851 4477 19  1 45 34  0
 1 13 16318456 164080   3964 1042764    0    0 39486    80 1343 4078 19  2 53 25  0
 1 11 16318456 159620   3968 1046568    0    0 37090   248 1356 4048 24  4 42 30  0
procs -----------memory---------- ---swap-- -----io---- --system-- -----cpu------
 r  b   swpd   free   buff  cache   si   so    bi    bo   in   cs us sy id wa st
 3 10 16318456 160712   3992 1046444   14    0 37132     0 1332 3809 18  1 62 19  0
 6 12 16318456 156272   3868 1052144   30    0 41232   272 3093 4121 24  3 47 26  0
 1  8 16318300 158028   3824 1049428  778  180 26528   494 1414 3958 20  7 46 27  0
 1  4 16318456 158944   3796 1048860   16   88 40382   264 1489 4016 23  3 49 25  0
 1  1 16318456 157788   3792 1049944   30   38 33370   238 1356 3803 19  2 69 10  0
 2  0 16318456 162360   3656 1046484  478  152 27958   154 1278 3526 14  2 76  9  0
 0  0 16318392 160516   3688 1047480  174   92 13722    92 1311 3318  8  1 88  3  0
 1  0 16318456 163736   3784 1024556   92   56  4470   428 6446 4554  8  1 82  9  0
 2 11 16318456 158068   3756 1006544    0    0 34714    94 5797 9050 20  3 59 18  0
 2 10 16318452 156988   3688 1007320   12    0 41258   144 1402 4034 22  2 54 23  0
 3 40 16318456 154452   3656 1010092  110   12 38558    12 1351 4042 20  2 43 34  0
 1 12 16318456 158228   3620 1003220  352   50 32386    50 1368 3767 19  2 42 37  0
 4 14 16318456 156400   3608 1004844  112   16 33156    96 6568 3657 22  2 55 22  0
 5 13 16318456 161716   3536 1000012   78   10 35868    10 5018 3741 28  2 44 25  0
 3 14 16318456 156756   3492 1004272   96   16 36336   178 8300 3952 30  3 38 29  0
 2 12 16318456 158440   3512 1003644   96   20 33648    88 2102 3622 17  2 53 27  0
 2 12 16318452 161028   3520 1000684   78   10 35360    10 1286 3816 19  2 50 30  0
 3 18 16318456 154040   3496 1006504   96   18 36530   138 1350 3801 18  2 52 28  0
 3 17 16318452 156976   3556 1003584  196   46 28528   194 1572 3760 18  7 31 44  0
 2 13 16318452 156668   3628 1004060   80   24 30304   244 3046 3603 20  3 42 35  0
 5 13 16318456 157364   3640 1003232   96   30 31738    32 1429 3596 17  2 53 28  0
procs -----------memory---------- ---swap-- -----io---- --system-- -----cpu------
 r  b   swpd   free   buff  cache   si   so    bi    bo   in   cs us sy id wa st
 3 15 16318448 154308   3620 1005280   96   30 33214   114 1308 3584 17  2 48 32  0
 3 15 16318456 161980   3552 998204  112   42 38438   274 1371 3786 20  3 38 38  0
 1 11 16318448 162192   3572 997464  176   48 36308    48 1369 3802 19  1 51 29  0
 3 12 16318448 159260   3544 999932  144   42 36948   232 1317 3700 18  2 52 28  0
 3 10 16318440 162328   3516 996960  208   56 40312    56 1314 3848 24  3 48 26  0
 4  7 16318456 159980   3512 998592  128   50 37134    50 1391 3725 19  1 57 23  0
 2  5 16318448 158584   3532 1000536  528  190 29498   340 1355 3511 16  1 68 15  0
 3  4 16318452 162064   3560 996296  496  198 32016   198 1287 3521 18  2 68 12  0
 2  3 16318444 164080   3568 993928  892  420 30092   562 1340 3499 16  2 70 13  0
 1  4 16318400 157056   3568 999324  944  338 26162   338 1296 3326 13  1 78  9  0
 3  4 16317004 156948   3652 994224 2840  208 13820   208 1444 3707  8  1 81  9  0
 3 11 16318456 163320   3660 987632 1564 1028  8788  1202 6150 3428 19  1 63 17  0
 1 11 16318456 161988   3620 987888  224   54 18468    54 4191 6845 13  2 66 19  0
 2 13 16318452 158004   3580 991756  144   32 28824   334 2748 5193 16  2 56 26  0
 2 14 16318456 158268   3524 990592  128   32 23554   174 1238 3472 14  3 38 44  0
 4 13 16318456 161332   3436 990456  128   22 28528    22 2291 3510 21  2 48 28  0
 3 12 16318448 158520   3416 993212  112   28 32748   150 2329 3712 23  2 44 31  0
 5 12 16318456 163400   3428 990376  112   20 39360    78 10640 3872 39  5 26 31  0
 3 12 16318456 158244   3412 996116  176   26 37842    94 6052 3874 32  4 38 26  0
 3 12 16318456 158828   3416 994872   80   14 33280    94 1275 3847 24  2 50 24  0
 2 13 16318456 157000   3420 995148  128   26 38306    26 1323 4108 28  2 36 33  0
procs -----------memory---------- ---swap-- -----io---- --system-- -----cpu------
 r  b   swpd   free   buff  cache   si   so    bi    bo   in   cs us sy id wa st
 2 18 16318456 159532   3440 993876   96   14 36052   140 1478 3860 19  3 43 35  0
 1 15 16318452 156856   3428 995520   80   10 33120    10 1446 3654 16  1 47 37  0
 3 16 16318452 157196   3412 995344   78   18 34874    18 2535 3814 23  2 37 38  0
 2 12 16318456 164472   3412 989024  128   28 39254   322 1466 3966 20  3 47 30  0
 2 22 16318392 158000   3404 995016  240   36 38504    36 1353 3813 20  1 46 33  0
 1 24 16318452 159796   3436 991172  832  122 30570   284 1367 3607 16  2 38 45  0
14 15 16318456 151036   3480 998560  830  150 31716   240 1468 3667 18  5 31 46  0
11 21 16318456 155996   3496 995036  920   94 30958   200 1424 3632 17  5 39 39  0
 1 22 16318428 156740   3512 990240 1128   80 34084   246 1436 3627 17  2 44 36  0
 7 22 16318456 156508   3552 989248  720   80 35260    80 1418 3684 17  2 44 37  0
 5 18 16318456 156492   3560 988932 1184  114 31526   262 1486 3641 16  2 45 36  0
 2 20 16318444 157396   3588 985924 1008  110 32786   110 1386 3644 18  1 44 36  0
 1 18 16318420 164488   3608 975856 1562  220 23396   220 1438 3259 11  1 66 21  0
 1 16 16318456 162308   3600 977048  662  172 27776   324 1435 3510 14  1 70 14  0
 9  7 16318420 161768   3616 975064 1122  208 16676   208 1399 3493 38  1 39 22  0
 8  7 16318436 162936   3624 973232  626  128 19186   300 1458 4176 67  1 19 13  0
10  7 16318448 161936   3700 974116  446  102 19186   102 1330 4096 69  1 23  8  0
 9  6 16318440 162156   3740 971808  528  124 20872   214 1374 3984 67  1 20 12  0
10  4 16318432 157172   3736 976536  538  126 19704   126 1512 4576 67  1 25  7  0
11  3 16318456 162564   3744 972184  510  128 22030   254 1657 4248 73  1 17  9  0
 9  1 16318444 162160   3780 971204  480  104 24250   104 1788 4458 71  1 22  5  0
procs -----------memory---------- ---swap-- -----io---- --system-- -----cpu------
 r  b   swpd   free   buff  cache   si   so    bi    bo   in   cs us sy id wa st
 9  1 16318404 158360   3812 973932  780  156 16926   156 1838 4124 67  1 24  8  0
 9 11 16318440 161460   3836 967152 2576  818  7966   934 5034 9941 78  1 15  6  0
 7  9 16318440 160884   3852 975104  178   62 17404    62 4364 7539 75  1 14  9  0
14 12 16318456 158880   3836 977228  156   38 27370   294 3449 8204 80  2 10  9  0
13 13 16318456 152088   3752 983904   94   24 31724   216 2156 8101 80  3  9  9  0
11 12 16318456 159412   3752 977524  174   38 34730   256 1500 11572 78  8  5  9  0
13 15 16318456 159752   3728 976608   76   26 30502   138 4050 11969 87  2  4  7  0
 3 14 16318456 161388   3748 977456  114   34 34676   154 13551 12231 55  5 24 16  0
 1 14 16318456 161224   3756 973992  126   30 34780   404 2313 4086 24  4 44 28  0
 3 12 16318456 162780   3768 970400   64   16 37784    18 3590 4100 19  1 55 25  0
 3 15 16318452 164288   3796 970236   80   12 33744    12 1281 3521 18  1 53 28  0
 1 15 16318456 158824   3796 977152   80   32 34400   160 2236 3674 21  1 44 34  0
 3 16 16318456 157192   3764 978288  100   22 34772   268 1429 3740 17  2 51 30  0
 4 14 16318456 161464   3732 972432  116   22 37500   152 1371 3731 20  2 47 32  0
 0 23 16318432 154788   3756 981340  210   26 32448    28 3694 3967 27  2 45 27  0
 3 16 16318456 162456   3772 972920  176   94 33198   164 1301 3713 18  2 43 38  0
 1 14 16318456 154928   3784 980088  140   30 34598   156 1309 3516 18  1 59 21  0
 4 15 16318456 161316   3760 972684  146   40 38228   106 1320 3823 21  2 39 37  0
 1 15 16318456 156904   3716 979316  192   36 36066   208 1294 3623 21  3 44 32  0
 5 13 16318456 156416   3712 982416  436  418 36970   598 1367 3981 24  7 34 35  0
 5 12 16318452 161300   3708 977876  424  196 28386   196 1236 3557 18  2 51 29  0
procs -----------memory---------- ---swap-- -----io---- --system-- -----cpu------
 r  b   swpd   free   buff  cache   si   so    bi    bo   in   cs us sy id wa st
 0  9 16318448 163456   3732 977340  268   94 27294   274 1292 3421 17  2 66 15  0
 2  8 16318452 157740   3732 984100  202   56 28000    56 1212 3355 16  1 65 17  0
 4  8 16318452 161592   3752 981184  230   50 31712   182 1271 3531 19  2 56 22  0
 1  9 16318448 164812   3792 978284  380   64 32430    66 1339 3830 18  1 63 18  0
 2  7 16318440 157112   3812 987560  240   48 26744    48 1242 3355 16  1 65 18  0
 1  1 16318444 159976   3796 984920  668  156 21346   330 1295 3426 13  1 77  9  0
 3  7 16318452 159200   3808 978788 1216  264 11310   264 6864 4842 15  1 69 15  0
 1  7 16318448 162420   3752 982112  226   62 26384   250 9801 11774 17  3 58 22  0
 6 13 16318456 157712   3692 987264  112   28 37286   228 1373 3985 19  2 51 28  0
 4 13 16318456 164336   3528 983328  176   36 40068    36 1326 3812 23  2 49 25  0
 3 13 16318456 156164   3488 990944 1088  280 34796   396 1326 3827 19  2 53 26  0
 2 13 16318448 158844   3440 989260  142   32 37838    32 5963 3967 37  3 28 33  0
 2  6 16318448 158312   3388 997648   80   34 41174   128 3595 3901 25  2 31 42  0
 4 16 16318456 153192   3384 1002432  132   44 42190   220 5927 4268 35  4 23 37  0
 3 13 16318456 157424   3388 1001548  150   32 37212   254 5808 4033 24 17 23 36  0
 2 17 16318456 152048   3416 1006444  110   36 38382   166 1344 3781 21  3 49 27  0
 2 20 16318452 159856   3416 998008  180   40 33612    90 1383 3775 19  2 42 36  0
 3 16 16318452 160924   3420 996188  166   40 31590   218 1474 3671 16  3 39 42  0
 4 14 16318456 157636   3428 1000420  124   42 39902    44 3302 4351 22  2 43 33  0
 4 17 16318456 160304   3408 997108  126   24 34296   100 1478 3719 18  1 50 31  0
 6 15 16318456 164604   3380 993008  158   38 35306   148 1607 3760 17  2 45 36  0
procs -----------memory---------- ---swap-- -----io---- --system-- -----cpu------
 r  b   swpd   free   buff  cache   si   so    bi    bo   in   cs us sy id wa st
 4 13 16318436 157896   3388 1000332  158   34 38868    34 1584 3825 20  2 48 30  0
 2 13 16318448 164188   3404 992276  104   48 33940    48 1481 3792 17  2 44 37  0
 2 13 16318452 158596   3492 997804  126   18 33276   162 1616 3841 16  2 46 37  0
 4 12 16318452 161476   3508 994956  112   18 35568    18 1630 3838 17  2 57 25  0
 2 11 16318444 158408   3540 998144  176   26 35042   182 1597 3731 19  1 55 25  0
 4 10 16318456 161188   3560 994064  174   46 38038    46 1631 3699 19  2 59 20  0
 5  9 16318456 151776   3548 1005156  218   48 36902   164 1667 3619 19  3 57 21  0
 1  6 16318456 163536   3604 993696  302   68 33908   498 1814 3678 18  8 47 26  0
 0  6 16318440 157404   3540 998884  248   50 24612    50 1904 3263 10  1 73 16  0
 0  7 16318452 161272   3612 993980  300   54 21898   242 2022 3128  5  1 78 16  0
 0  3 16318456 157036   3732 997880  298   56 21678   222 2006 3232  5  1 75 19  0
 0  6 16318444 156584   3788 998232  590  130 24864   130 2373 3160  0  1 86 13  0
 0  2 16318416 163156   3804 991624  570   96 24824    96 2278 3181  0  1 87 11  0
 0  1 16318292 158080   3828 995224 1036  192 16604   324 1875 3053  0  1 90  9  0
 4 11 16318456 151368   3976 994120 1174  352 11200   352 5870 7209  9  1 71 19  0
 1 13 16318448 160888   3980 992436  128   38 21804   394 2113 4375 13  1 61 24  0
 1 12 16318444 157584   3996 996408  160   34 24300    34 1251 3433 15  1 65 19  0
 4 13 16318456 159892   3992 994140  112   28 32924    28 1352 3627 16  2 66 16  0
 1 13 16318444 158428   3996 996616   80   12 34112    82 2366 3723 19  2 63 15  0
 3 12 16318456 164292   3996 988148 1212  246 27658   246 1698 3664 18  1 51 29  0
 2 14 16318456 152960   3932 1000928   80   12 34398    96 2872 3674 22  2 57 19  0
procs -----------memory---------- ---swap-- -----io---- --system-- -----cpu------
 r  b   swpd   free   buff  cache   si   so    bi    bo   in   cs us sy id wa st
 3 12 16318456 160284   3916 990924  112   24 39548   160 7501 4190 30  3 32 34  0
 2 12 16318456 161768   3888 993288  140   34 38196    34 4779 3813 23  2 47 29  0
 2 13 16318452 156824   3880 997496  164   44 37360   162 4287 3667 21  2 54 23  0
 2 17 16318444 152820   3876 1002620  184   32 35940    32 2008 3656 19  2 46 32  0
 3 11 16318456 152300   3884 1002824  136   36 28378   334 2322 3671 20  6 35 40  0
 5 15 16318456 157820   3880 996956   96   20 34158    74 2276 3729 19  2 52 27  0
 2 13 16318456 161664   3792 992716  100   14 36792    54 1330 3775 20  2 41 36  0
 3 14 16318456 163080   3748 991876  202   52 33740   304 1305 3573 19  3 48 31  0
 2 14 16318456 154044   3748 1000768  112   16 35298    16 1306 3760 17  1 47 35  0
 2 13 16318456 160036   3732 993888  150   26 40966   140 1364 3830 21  2 51 27  0
 1 14 16318452 161740   3768 992900   96   18 35264    18 1287 3592 17  1 52 30  0
 3 15 16318456 157604   3704 996476   92   22 37548    22 1327 3859 22  2 44 32  0
 1 13 16318452 157232   3748 997140  178   34 35726   150 1280 3626 19  2 61 18  0
 6 13 16318456 159064   3740 995040  136   26 35368    26 1275 3542 17  2 55 26  0
 9 10 16318440 166896   3760 986716  176   36 35554    56 1329 3761 21  2 48 29  0
 3  4 16318452 160416   3808 993816  176   46 37022   162 1408 3795 19  1 57 23  0
 2  1 16318416 158452   3832 994240  572  102 20692   102 1281 3276  9  1 78 11  0
 3  1 16318456 161432   3856 990316  788  230 19444   456 1250 3145  8  1 81 10  0
 3 10 16318452 158200   3896 992520 1194  248 11816   248 4934 4210 10  1 72 17  0
 5 11 16318456 154576   3876 995336  198   58 28418    58 4805 7490 17  3 56 23  0
 5 12 16318456 160444   3844 991016   96   22 23138   390 1953 4411 14  5 46 35  0
procs -----------memory---------- ---swap-- -----io---- --system-- -----cpu------
 r  b   swpd   free   buff  cache   si   so    bi    bo   in   cs us sy id wa st
 2 13 16318456 157360   3772 993388   36    8 30718     8 1242 3604 16  2 53 29  0
 4 11 16318456 154652   3648 996124    0    0 36914   108 4023 3918 24  2 48 26  0
 5 13 16318456 161788   3544 993152    0    0 41776   162 2257 4027 25  3 40 32  0
 2 11 16318456 158840   3492 998616    0    0 37798     0 7064 4062 35  3 36 25  0
10 10 16318456 156988   3504 1002424   16    2 36440   136 5609 3910 25  2 47 26  0
 5 11 16318456 156452   3460 1003104  440   74 32314    74 2230 3852 16  1 56 26  0
 4 11 16318456 155900   3416 1003620   32    8 37554    94 1332 4040 20  2 47 30  0
 4 14 16318452 158052   3404 1003004   46    6 38100     6 1304 3806 19  2 47 32  0
 5 14 16318456 160844   3396 999792    0    8 34984     8 1435 3831 17  2 45 35  0
 3 14 16318452 157320   3424 1003760    0    2 33846    90 2321 3753 20  2 46 32  0
 2 13 16318456 161568   3400 999440   16    6 36704    92 2368 3833 20  2 42 36  0
 2 14 16318456 153520   3384 1008308   78   18 35152   316 1529 3813 19  2 50 29  0
 2 12 16318456 151464   3344 1009008    0    8 39144    42 1405 3858 20  4 47 30  0
 9 13 16318456 155672   3300 1007000   26    8 40290   354 1659 4095 21 10 32 36  0
 3  9 16318456 156276   3292 1006824   16    6 42658   242 1611 4050 22  3 51 24  0
 1 12 16318452 150896   3280 1011608   48   10 47092    86 1805 4134 23  3 54 21  0
 3  5 16318456 161824   3312 1001656   16   16 37394   214 1698 3706 20  2 59 20  0
 2  4 16318456 158184   3324 1005692    0    4 44376     4 1752 3913 19  1 66 13  0
 2  5 16318440 160520   3320 1003992   32    8 41360     8 1806 3716 18  2 69 12  0
 1  3 16318456 161708   3496 1000756   16   22 29724   152 1701 3620 14  2 68 17  0
 0  0 16318456 158288   3556 1003928   32    8 21862     8 1688 3214  6  1 85  9  0
procs -----------memory---------- ---swap-- -----io---- --system-- -----cpu------
 r  b   swpd   free   buff  cache   si   so    bi    bo   in   cs us sy id wa st
 0  0 16318456 157292   3584 1004912   16   12 16608   168 1770 2998  0  1 99  1  0
 1 12 16318456 162268   3612 1001048   16    8 12852     8 1696 3798  3  1 90  6  0
 2  9 16318452 157108   3624 1006224   16    8 25680     8 4009 5640 15  2 62 21  0
 1 13 16318452 159580   3624 1003400   16    6 37260   334 2573 5406 20  2 46 32  0
 2 12 16318456 160284   3688 1002168   30   10 35036    10 1387 3835 18  2 48 32  0
 2 12 16318456 159616   3684 1005584   24   10 35806    52 1825 3861 20  2 48 30  0
 4 12 16318456 150872   3720 1017020    0    8 39102   212 4271 4083 21  3 47 29  0
 5 14 16318456 158548   3748 1007776    0   12 35652   230 4923 4176 34 12 26 28  0
 2 12 16318456 158500   3752 1011292   26    6 36934   136 9235 4176 30  3 32 35  0
 2 11 16318456 162784   3760 1005272    0    6 38542     8 4166 3972 28  3 46 24  0
 1 10 16318456 164408   3728 1003496    8    4 39808   174 1363 3974 21  3 51 25  0
 3 14 16318456 159048   3756 1007880    0    4 38076     6 1417 4182 18  1 61 20  0
 2 19 16318456 157972   3852 1007708  602  112 22546   210 1348 3483 11  1 66 22  0
 4 19 16318456 155092   3840 1012848  148   48 36048    48 1444 3756 17  2 47 34  0
 3 14 16318456 157748   3788 1011560   18    8 29546   140 1560 3674 17  2 48 34  0
 1 17 16318456 154176   3748 1014204   32   12 41586   150 3180 4012 24  2 35 38  0
 1 12 16318456 158564   3736 1009620   64   20 38214    50 1630 3789 18  2 42 38  0
 2 14 16318452 156640   3744 1011576   12    8 36702   170 1622 3729 18  2 53 27  0
 1 12 16318456 161476   3696 1005352    0   12 36298    12 1738 3763 17  2 47 34  0
 2 15 16318456 160392   3680 1007980   20    8 41450   162 1774 3902 19  2 42 36  0
 3 12 16318456 160076   3672 1007288    0    4 39568    84 1729 3925 20  5 46 29  0
procs -----------memory---------- ---swap-- -----io---- --system-- -----cpu------
 r  b   swpd   free   buff  cache   si   so    bi    bo   in   cs us sy id wa st
 1 10 16318456 158748   3696 1008536   46    6 34124   170 1941 3629 16  6 50 29  0
 1  9 16318456 159408   3692 1007816    0    4 34012   204 1922 3490 14  2 63 21  0
 1  8 16318456 158812   3696 1007844    0    4 36108   116 1829 3480 15  2 69 14  0
 2  5 16318456 160648   3716 1007264    0    8 34642   222 1890 3614 15  2 64 19  0
 1  4 16318448 160000   3704 1007636   16    2 31136     2 2051 3318  8  1 79 12  0
 0  4 16318448 159312   3680 1007540   12   14 31448    14 2245 3284  7  1 81 12  0
 0  5 16318456 162528   3728 1005456   16    8 31294   100 2387 3310  4  1 83 13  0
 0  4 16318456 158860   3856 1008136   64   12 24560    12 2330 3133  0  1 84 14  0
 0  4 16318456 157336   3892 1010208    0   10 31022   120 2610 3289  0  1 87 12  0
 2  0 16318440 162644   3960 1003920   80    6 22962     6 2321 3655  8  1 82  9  0
 1 10 16318456 156548   3956 1009088  224   32 22914    32 5395 5573 16  2 67 16  0
 3 11 16318456 159124   3960 1004480  150   24 34416   342 1605 4121 19  2 56 22  0
 5 13 16318456 160084   3908 1003872   16   34 38718   292 3073 5938 20  2 62 15  0
 3 12 16318448 158272   3916 1006464   76   12 33994    12 1304 3732 18  2 52 29  0
 3 14 16318452 158096   3936 1004676   62   24 40224   144 2918 4232 21  3 41 35  0
15 12 16318456 151024   3892 1012392   16   10 39886   266 3930 4200 27  9 30 34  0
 6 13 16318456 157680   3868 1007704   16    2 41626   254 5074 4165 30  6 33 30  0
 3 13 16318456 158516   3868 1005352   30   10 52710    92 4620 5325 24  3 47 26  0
 7 11 16318456 157728   3864 1005424  456   72 37168   242 4211 3981 25  3 47 26  0
 2 14 16318456 164064   3884 999712    0    4 40568    68 2496 3856 20  2 54 24  0
 2 14 16318456 163336   3792 1001516    0    4 39336    42 1444 3806 19  2 55 25  0
procs -----------memory---------- ---swap-- -----io---- --system-- -----cpu------
 r  b   swpd   free   buff  cache   si   so    bi    bo   in   cs us sy id wa st
 5 17 16318456 158092   3664 1006524   32    4 35368   116 1340 3904 19  2 40 39  0
 3 13 16318456 163144   3652 1002024   40    6 37002     6 2308 3873 23  2 39 36  0
 1 11 16318452 158972   3656 1006768   44    4 38584   172 2706 4050 20  2 43 34  0
 2 14 16318456 159372   3632 1005652   16    6 37780     6 1468 3915 21  2 44 33  0
 1  9 16318456 162928   3648 1003912   16    6 38390     6 1556 3777 18  2 52 29  0
 2  9 16318456 155684   3664 1009208   16    4 40656   250 1682 4002 20  2 49 29  0
 5  7 16318456 154392   3648 1012064   78   12 41062   108 1536 3737 21  3 54 22  0
 4  2 16318456 159212   3620 1007892   32    4 42760   620 1840 4156 23  7 45 24  0
 2  3 16318456 159716   3656 1005948   32   12 32834    12 1813 3676 16  2 67 16  0
 2  2 16318456 156008   3668 1010492    0    4 35732     4 1730 3693 16  2 67 15  0
 1  0 16318456 160616   3676 1005588   32    6 30832   146 1778 3610 13  2 72 14  0
 0  0 16318456 158860   3660 1007140   16    4 16410     4 1938 2897  0  1 98  1  0
 0  0 16318456 162544   3656 1002220   16    8 15314   122 1709 2872  0  1 98  1  0
 1  9 16318456 156772   3652 1008032   28    8 15704     8 5430 5347 15  1 68 16  0
 3 12 16318456 162004   3596 1003296   32    8 38236     8 5581 8964 22  2 49 27  0
 1 13 16318452 159240   3492 1006584   32   20 39928   176 1337 3944 20  2 48 29  0
 4 14 16318456 159168   3476 1007304   16    6 40372     6 1317 3955 20  2 51 27  0
 4 13 16318456 159404   3420 1005352   32   12 35668    98 1953 3991 23  2 43 32  0
 2 14 16318456 162728   3460 1003516   16    4 36552     6 7091 4099 26  2 45 27  0
 4 13 16318456 158600   3532 1008028   16   14 34798    14 4663 3874 25  2 39 34  0
 1 13 16318456 160656   3540 1006940    0    4 35740   104 5481 3879 22  2 53 23  0
procs -----------memory---------- ---swap-- -----io---- --system-- -----cpu------
 r  b   swpd   free   buff  cache   si   so    bi    bo   in   cs us sy id wa st
 3 14 16318456 155652   3592 1012704   32   12 37188    12 5617 3892 25  3 35 38  0
 6 17 16318456 157464   3640 1010836   30    2 37994   322 2275 4126 23  5 27 45  0
 0  4 16318416 165760   3684 1001656  252   26 36554   162 1613 4515 18  3 39 40  0
 1 17 16318452 160004   3732 1007368  522  114 19032   114 1241 3312 10  1 71 17  0
 3 19 16318456 161300   3808 1003368   26    8 29424   170 2471 3714 21  2 42 36  0
 2 14 16318456 151628   3804 1014932   16    6 35452     6 3860 3762 18  2 50 29  0
 4 14 16318456 161144   3816 1006584   16    4 38338   286 1587 3893 20  2 43 35  0
 2 14 16318448 158912   3848 1009004   16    4 36686    80 1486 3859 19  2 41 39  0
 2 13 16318456 158000   3852 1009612   16    8 37648     8 1598 3792 18  2 56 24  0
 7 12 16318456 160700   3864 1007156   42   10 39206   112 1647 3895 19  2 39 40  0
 1  9 16318456 158336   3872 1008780   16   10 35094    10 1813 4180 27  2 47 24  0
 2  9 16318456 165796   3872 1001128   16    8 41386   170 1908 4022 20  3 49 28  0
 3  6 16318456 162212   3812 1006716   48   10 40388   150 1992 3966 21  2 52 25  0
 2  3 16318456 158272   3792 1010560   22   10 41278    10 2244 3827 21  2 58 19  0
 3  1 16318456 160772   3804 1007156   56    8 28100   202 2155 3354 10  2 75 13  0
 0  0 16318456 160620   3808 1007224   48   10 26048    10 1893 3345  7  1 85  7  0
 0  1 16318456 159092   3732 1008732   48    8 15794     8 1839 2990  0  1 92  6  0
 0  2 16318456 164072   3732 1003568   16    4 15264    90 1819 3015  0  1 93  6  0
 0  0 16318452 166652   3848 997388   32    2  3580     2 6486 4748  9  1 81  9  0
 2 12 16318456 210552   3848 1001880    0    6 15364   434 7073 11146 13  2 72 13  0
 8 11 16318456 161980   3860 1050656   48    8 41542     8 1432 4183 20  1 50 29  0
procs -----------memory---------- ---swap-- -----io---- --system-- -----cpu------
 r  b   swpd   free   buff  cache   si   so    bi    bo   in   cs us sy id wa st
13 13 16318456 156200   3848 1055572  160   34 33192    80 1374 5887 56  2 27 16  0
 3 11 16318456 162524   3816 1047560  144   82 39094   274 4105 5526 42  3 28 27  0
 1 17 16318456 161868   3780 1051084   64   24 36058    24 4077 3895 23  2 39 36  0
 3 15 16318456 158992   3800 1053072   84   14 34598   156 2394 3800 22  1 41 35  0
 4 14 16318456 156404   3884 1053364   58   14 36406    14 4953 3974 31  2 42 25  0
 3 14 16318456 159540   3896 1052184    0    6 36884    20 6793 3896 21  2 47 29  0
 2 12 16318456 162844   3916 1049424    0    2 35934   104 1287 3968 20  2 47 30  0
 1 16 16318456 159628   3936 1051776   16    6 36712    88 1472 3827 18  2 47 33  0
 2 13 16318456 152676   3956 1058220  604  108 28674   254 1374 3707 14  1 60 24  0
 2 13 16318456 160872   3992 1048960    0    4 35690     4 1391 3886 19  2 46 34  0
12 14 16318456 154140   3964 1055816   32    6 41436     6 2262 3962 23  2 44 31  0
 7 15 16318456 156420   3944 1054448   16    6 41240   258 2272 4019 23  3 35 39  0
 3 13 16318456 152704   3828 1057976   16   12 38802   228 1625 4173 22 11 25 42  0
 5 15 16318456 162468   3852 1048908    0    4 39206   114 1516 3851 19  1 53 27  0
 1 13 16318452 164460   3768 1049136   16    2 40026    68 1513 4049 21  2 37 39  0
 2 12 16318456 161804   3724 1051364   16    4 38496     4 1556 3922 19  2 54 24  0
 4 11 16318456 163600   3724 1049156   16    4 42376   186 1709 3941 21  2 45 32  0
 1  8 16318456 157964   3676 1054276   32    4 38800     4 1714 4073 20  2 51 28  0
 2  4 16318456 162776   3616 1050480   32   10 39468   224 1995 4042 18  2 56 24  0
 2  4 16318456 162040   3608 1051640   32    4 34546     4 2063 3610 14  2 62 23  0
 1  3 16318456 160508   3592 1050844   10    8 30876     8 2341 3428  6  1 78 14  0
procs -----------memory---------- ---swap-- -----io---- --system-- -----cpu------
 r  b   swpd   free   buff  cache   si   so    bi    bo   in   cs us sy id wa st
 1  6 16318452 160012   3640 1050444  164   24 25930   154 2121 3287  7  1 80 12  0
 0  2 16318456 160540   3744 1049576   32   18 21912    18 2168 3226  1  1 87 11  0
 0  2 16318456 159288   3868 1051208   48    8 24386   110 2263 3272  0  1 88 11  0
 0  1 16318456 164740   4152 1044724   42   12 19780    12 2097 3359  1  1 88 10  0
 2  9 16318456 160512   4440 1030816   64   14 12854   224 4853 6082 14  2 57 26  0
 2 11 16318456 158284   4488 1009208   16   10 33660   218 3907 5886 20  3 57 19  0
 8 12 16318456 150992   4520 1016372   16    6 37958   204 2244 5086 19  3 38 39  0
 4 11 16318456 162016   4572 1004836    0    6 34052   278 1342 4148 20  4 47 29  0
 5 12 16318456 152332   4592 1013376   16    6 47314    70 2790 4727 22  2 50 27  0
 1 13 16318456 159712   4620 1005492    0    2 36936    28 5743 4034 26  3 46 25  0
 6 14 16318456 156196   4660 1008944   32    4 33652   270 2203 3768 24  3 42 31  0
 2 14 16318456 159768   4668 1006472    0    6 37558     6 9149 3979 28  3 43 26  0
 3 15 16318456 160968   4680 1006116   46    6 35396   162 1737 3974 19  2 40 39  0
 3 14 16318456 151460   4696 1014624   32    6 36820     6 2259 3906 20  2 50 27  0
 1 17 16318456 163576   4776 1002236   74   10 32038    10 1531 3779 18  2 47 34  0
 0  3 16318404 164024   4900 1000788  202   16 23624   138 1356 3516 12  1 58 29  0
 1 16 16318456 153152   5088 1013372  546  136 16478   136 3328 3423 14  1 61 24  0
 3 19 16318456 152360   5088 1015104   94   22 31082   162 1416 3806 16  2 39 44  0
 1 16 16318456 160384   5144 1005880   84   12 30776   358 1390 3623 18  2 46 35  0
 2 17 16318456 153464   4836 1012232   64   12 34554    12 1409 3651 17  2 46 36  0
 4 14 16318456 160164   4852 1006084   16    2 34124   220 1437 3935 17  3 42 38  0
procs -----------memory---------- ---swap-- -----io---- --system-- -----cpu------
 r  b   swpd   free   buff  cache   si   so    bi    bo   in   cs us sy id wa st
 8  9 16318456 150976   4936 1015036    0    6 39750   208 1729 4276 21  3 44 32  0
 1 10 16318456 162792   5048 1003480    0    8 36418   390 1661 3937 21  7 39 33  0
 4 12 16318456 160288   5140 1006024   44    8 39388   244 1632 3886 20  2 49 29  0
 3 10 16318456 159144   5188 1006156   32    6 38058   168 1603 4093 23  2 48 27  0
 2  8 16318456 154028   5260 1011964   14    8 38680   102 1574 3958 19  3 50 28  0
 2  4 16318456 158296   5380 1007340   32    4 31116   256 1853 3555 14  1 70 15  0
 2  4 16318456 158588   5568 1005404   52   10 29716    10 1616 3438 14  1 71 13  0
 1  4 16318456 163536   5712 1000808   28   12 28324    12 1689 3343 10  1 80  9  0
 0  1 16318456 161160   5924 1002212   16   12 18422   210 1882 3245  2  1 87 10  0
 0  1 16318456 156736   6116 1005340    0   10 17318    10 1850 3221  0  1 89 10  0
 9  8 16318456 161500   6212 997616  892  178 12968   584 6350 6718 16  2 65 17  0
 2 10 16318456 155656   6024 1004168  192   30 33246    32 4603 7485 17  2 63 18  0
 5 12 16318456 154976   5972 1003988   16    8 37696   488 3461 6392 22  3 46 30  0
 1 13 16318456 154736   5892 1004016   16    4 36274    22 1413 4040 18  2 49 32  0
 2 13 16318456 155260   5776 1002176    0    6 39616   166 4106 5584 41  3 31 25  0
 3 12 16318456 151876   5684 1005672    0    6 38702    96 2610 4064 24  3 42 31  0
 6 14 16318456 150992   5640 1008776   24   10 40548   322 3512 4294 31  8 22 39  0
 3 11 16318456 157616   5544 1000972  124   26 34890    86 5300 4094 36  5 35 25  0
 1 14 16318456 160924   5480 999060   20    4 36684   130 4821 3996 21  2 45 32  0
 5 12 16318456 155744   5404 1002672    0    4 39526     6 1341 4070 21  2 45 31  0
 2 15 16318456 155188   5372 1002872   60   10 36312    66 2135 3988 21  3 40 36  0
procs -----------memory---------- ---swap-- -----io---- --system-- -----cpu------
 r  b   swpd   free   buff  cache   si   so    bi    bo   in   cs us sy id wa st
 3 13 16318456 160196   5304 997552   16   10 32608   142 1429 3730 16  2 48 34  0
 2 14 16318456 163924   5352 994252  694  146 16600   146 3028 3320 13  1 65 21  0
 3 12 16318456 159784   5148 998372   32    6 40356   126 1393 4017 22  2 42 33  0
 1 11 16318456 161584   4884 996864   46   12 41156    12 1371 3989 21  2 47 30  0
 6 11 16318456 160928   4684 1000056   16   14 42718    14 1417 4184 23  2 45 30  0
 4  9 16318444 157944   4668 1002340   30    2 38570   324 1377 3970 21  2 55 22  0
 3  6 16318456 160312   4620 1000256    0   14 42398    14 1372 4058 22  2 54 22  0
 2  8 16318456 160044   4600 1001428   30    6 45046   200 1377 4102 27  3 48 21  0
 9  4 16318456 151120   4528 1009736   14    6 40936   140 1365 4083 22  4 52 21  0
 1  1 16318456 159020   4468 1004256    0   16 42190   188 1493 4264 25  5 53 18  0
 1  0 16318456 161864   4412 1000236   24    8 23580   196 1228 3389 13  1 80  5  0
 3 12 16318456 156052   4412 1005204   36   12 12224    12 1357 3888 13  1 76 11  0
 3 10 16318456 160576   4356 986368    2    8 31128   364 11239 8689 20  3 53 24  0
 2 11 16318456 158592   4292 988308   16    4 39682    76 3723 6782 23  3 46 28  0
 1 11 16318456 162864   4104 984112    0   20 38084    60 1352 4011 20  2 46 32  0
 5 12 16318456 157064   3852 988304   16   10 36436   112 1347 3926 21  1 55 22  0
 8 15 16318456 159880   3564 986368    0   22 39080    22 3631 3936 21  2 45 31  0
 2 16 16318456 156744   3488 992904   10   12 35180   108 4022 3902 23  2 53 22  0
 4 11 16318456 162148   3456 987168   16   12 35856    72 6378 4008 36  3 37 23  0
 3 13 16318456 158132   3436 991216  790  122 32550   164 5774 3937 21  2 59 18  0
 4 10 16318452 160228   3444 989536   24   10 37224   128 1403 4015 22  2 45 32  0
procs -----------memory---------- ---swap-- -----io---- --system-- -----cpu------
 r  b   swpd   free   buff  cache   si   so    bi    bo   in   cs us sy id wa st
 1 13 16318456 157872   3472 991160   22   16 39334    70 1398 3936 20  3 45 33  0
 1 13 16318456 159624   3492 988916   16    2 39214   186 1398 3975 21  3 41 35  0
 3 13 16318456 160052   3500 989052    0    6 42738   154 1420 4093 27  5 30 38  0
 2 15 16318456 160192   3532 988544   32   12 39718    12 2410 4266 19  2 44 35  0
 0  1 16318260 159372   3544 988528  482    8 32170   150 2304 3865 21  2 50 27  0
 4 13 16318456 163136   3544 984000  388  188 40014   276 1410 4001 21  3 40 35  0
 5 10 16318448 159112   3508 987596   16    0 42188   120 1427 4061 23  2 48 27  0
 6  9 16318456 158696   3412 990668   12   12 39334    12 1329 3947 21  2 53 24  0
 3  9 16318448 158712   3472 989068   18    2 38416     2 1373 3970 20  2 54 23  0
 4  6 16318456 161392   3520 987444    0   10 37554   212 1364 3940 23  2 54 21  0
 3  7 16318456 159764   3600 988212   32   18 36134    18 1290 3729 19  2 59 20  0
 3  1 16318456 160740   3660 986988   28   10 29920   322 1420 3645 17  2 67 14  0
 2  1 16318456 157980   3644 990432   32   10 15332    10 1199 3061  8  1 89  2  0
 2  8 16318456 157596   3656 987792   58   20 13550    20 2575 4775 14  1 69 16  0
 2 16 16318448 209032   3680 969924   16   10 33900   478 6774 9298 20  8 38 34  0
 4 13 16318456 162984   3728 1015844   30   10 34504    10 1394 3938 16  1 54 28  0
 2 12 16318456 159980   3740 1017548   40    4 39774   178 1377 4083 22  3 47 29  0
 2 13 16318452 164860   3760 1014060   46    8 40076   228 3233 4167 26 11 40 23  0
 3 13 16318456 159324   3764 1017676   32   10 32970    10 3408 3762 21  2 53 24  0
 1 13 16318456 159124   3768 1018916    0    4 36764   128 6767 4178 30  3 40 28  0
 2 12 16318456 161656   3764 1017804    0    8 40276     8 3050 4065 25  3 39 33  0
procs -----------memory---------- ---swap-- -----io---- --system-- -----cpu------
 r  b   swpd   free   buff  cache   si   so    bi    bo   in   cs us sy id wa st
 2 14 16318452 157980   3772 1022192   32    2 37404    96 3664 4015 23  2 44 31  0
 3 16 16318452 162864   3792 1015284   66   10 35142    10 1306 3852 19  2 53 27  0
 1 16 16318456 162116   3812 1013344   46   28 33460    28 3382 3824 20  2 58 19  0
 4 14 16318456 159404   3832 1017048   22   14 35622   120 1923 3920 20  2 47 31  0
 3 13 16318456 162288   3772 1014832   20   12 32938   112 1354 3682 17  2 46 35  0
 2 11 16318452 160452   3756 1019212   28    4 38932   108 1325 3920 21  3 49 28  0
 2 14 16318456 156764   3736 1022480   16    6 43998   212 2111 4031 28  2 44 25  0
 4 10 16318456 157836   3716 1020708    0    6 41444   142 2587 4264 27  4 39 30  0
 3 10 16318456 157340   3692 1021708   16    4 42982    76 1366 4045 24  3 51 22  0
 5  5 16318456 151212   3704 1026512   16    4 43884   364 1480 4143 24  5 49 22  0
 0  1 16318160 158204   3688 1017924  700    6 33040   130 1327 3805 19  4 57 20  0
 7  2 16318456 158244   3644 1018504  252  208 36602   366 1359 3804 18  2 63 16  0
 3  2 16318456 160628   3624 1015960    6    4 38168     4 1339 3900 21  2 68  9  0
 1  0 16318456 162144   3608 1015748    0    6 31066     6 1304 3657 17  2 74  8  0
 1  8 16318456 160940   3656 1015100   36    8 13876   234 2575 3978 12  1 69 18  0
 7 12 16318456 151844   3628 1021840   42    8 32114   150 9023 9281 18  2 64 16  0
 3 12 16318456 161004   3580 1011276   16    4 35480    46 2428 5075 19  2 45 34  0
 3 12 16318456 158848   3548 1012704   16   10 37570    94 1375 4072 20  2 52 26  0
 1 13 16318456 161436   3540 1010776   16    8 36636     8 3113 4024 21  2 41 37  0
 3 13 16318456 157108   3592 1015224   16   14 39466   342 3089 4059 23  3 46 29  0
 3 13 16318448 157140   3556 1015448   16    6 38788     6 7049 4077 31  3 41 25  0
procs -----------memory---------- ---swap-- -----io---- --system-- -----cpu------
 r  b   swpd   free   buff  cache   si   so    bi    bo   in   cs us sy id wa st
 2 15 16318456 161408   3568 1008908   16   10 37832    96 4905 3991 28  4 39 30  0
 1 14 16318456 155040   3552 1017280   16    8 36320    94 3654 3811 21  2 55 22  0
 1 13 16318456 158064   3560 1012448   32    8 40390     8 2963 4029 24  4 40 32  0
 2 13 16318456 156252   3592 1016972   32   12 37628   272 1699 3950 22  4 44 30  0
 2 14 16318456 157868   3600 1015124    0   10 40098    48 1457 4031 21  2 36 41  0
 1 14 16318452 158908   3612 1013644   48    8 36060    64 1395 3898 18  2 51 29  0
 1 12 16318456 160980   3632 1011204    0    6 39634   276 2428 4179 23  3 50 25  0
 2 14 16318452 157116   3644 1015172   38   10 37666    10 1429 3907 19  2 55 24  0
 3 13 16318456 158452   3668 1013396   28    6 35314   166 1565 3746 19  2 56 24  0
 2 11 16318456 160196   3628 1011396   20   10 40814    10 1568 3801 20  2 59 19  0
 2 13 16318456 162232   3592 1008728   32    6 40946    16 1622 3787 21  2 55 22  0
 1  9 16318452 160484   3516 1011344   16    4 40608    80 1724 3978 22  2 48 27  0
 4  6 16318456 157892   3496 1013624   48   20 41532    20 1719 3940 22  2 52 24  0
 2  5 16318456 157448   3472 1013604   16   10 39338   376 1762 3871 22  2 59 17  0
 1  4 16318456 156780   3492 1014076    0    8 37946     8 1967 3864 17  2 67 14  0
 0  1 16318160 163624   3484 1006084  816   28 28918    28 1780 3481 13  2 71 14  0
 1  3 16318456 155156   3504 1015348  178  192 32320   352 2004 3667 12  2 71 15  0
 1  1 16318456 163060   3536 1006416   16    4 30832   172 2283 3414 10  2 74 14  0
 0  0 16318456 162884   3560 1007192    0   10 15760   166 1860 3030  0  1 98  1  0
 9  7 16318456 158416   3616 1011624   28   12 11776    12 1807 3910  2  1 94  3  0
 4 10 16318456 152068   3628 1017516    0   10 26912   160 8277 8754 25  3 54 17  0
procs -----------memory---------- ---swap-- -----io---- --system-- -----cpu------
 r  b   swpd   free   buff  cache   si   so    bi    bo   in   cs us sy id wa st
 2 12 16318456 158840   3648 1008772    0    6 37954   618 4713 6730 22  5 41 31  0
 3 13 16318456 162296   3656 1003408    0    4 38668     4 1364 4060 21  2 49 28  0
 1 11 16318456 162432   3652 1001504   32   12 37174   164 1736 4012 21  2 51 27  0
 4 15 16318456 156968   3652 1005808   10   12 41418    12 3842 3998 24  2 43 31  0
 2 12 16318456 165984   3600 998748   16    4 40762     4 8706 4124 33  3 33 30  0
 3 14 16318456 154792   3620 1010152   32    6 36560   138 3465 3874 24  2 53 21  0
 3 13 16318456 165772   3628 996024    0    6 35450    76 4582 3942 25  3 48 24  0
 3 15 16318456 158316   3640 1005272   40   10 34144   130 3166 3851 20  2 53 25  0
 4 12 16318456 162060   3664 1001752   16    8 37226     8 1327 3885 18  2 50 30  0
 4 14 16318456 159684   3688 1006076   42    6 35488     6 2479 3897 26  3 42 30  0
 1 18 16318456 153684   3724 1011672   48   16 35456   192 2136 3980 18  3 41 38  0
 3 16 16318456 162004   3796 1002684    0    0 28716   104 1371 3772 17  3 38 42  0
 4 18 16318456 156492   3816 1007288   70    4 34840   184 1304 3748 18  2 44 35  0
 4 11 16318456 161772   3836 1002952   32   10 39210   118 1368 3849 21  4 36 39  0
 5 15 16318456 159236   3840 1005184   26   12 34994    52 1300 3777 19  2 57 22  0
 3 11 16318456 153732   3872 1012248   16    6 38162   148 1420 4079 20  2 45 33  0
 2  9 16318456 157700   3860 1006584    0    4 38986     4 1342 3925 22  2 56 20  0
 2  9 16318456 160108   3896 1004428   40    8 34512   190 1309 3907 21  2 52 26  0
 3  3 16318456 159428   3976 1005640   48   12 30932   292 1333 3831 17  2 59 22  0
 1  2 16318456 162344   3992 1001644   16    8 37484     8 1317 3735 21  2 67 10  0
 1  1 16318456 160416   3964 1005232   16    8 29732     8 1292 3597 17  2 74  8  0
procs -----------memory---------- ---swap-- -----io---- --system-- -----cpu------
 r  b   swpd   free   buff  cache   si   so    bi    bo   in   cs us sy id wa st
 3 11 16318456 160920   3976 1003664  846  178 15916   302 1416 4037 11  1 78 10  0
 0  0 16318440 162484   3988 1000112   16    4  3030     4 7117 4842  7  1 88  3  0
 2 11 16318456 242120   3928 965888    0   18  9910   288 4581 7177  8  3 83  6  0
 1 11 16318452 158200   3932 1005052   32    4 34780   158 2093 4725 17  1 67 15  0
 2 12 16318456 159584   3860 1003320   16    6 41840     6 1430 4254 26  2 46 26  0
 1 12 16318452 158016   3824 1005608   16    2 40536   238 2199 4222 22  4 42 33  0
 5 12 16318452 151496   3768 1013176   46   18 36644   174 4051 4203 35  5 30 29  0
 6 12 16318456 158680   3676 1007488   16    6 37466    34 7876 4159 33  3 38 25  0
 2 11 16318456 157292   3660 1008588   16    6 38230   220 4648 4224 25  3 43 30  0
 5 11 16318456 152028   3664 1014876    0    4 41668   124 2716 4370 21  3 40 36  0
 2 16 16318456 162304   3672 1004672   32   10 39102   122 2230 3971 25  2 37 36  0
 1 17 16318456 159708   3712 1006520   28    4 33672     4 3266 3875 22  2 50 25  0
 4 15 16318456 157080   3676 1009660   30   10 35748    10 1460 3757 17  2 58 24  0
 1 14 16318452 165424   3640 1001192   48    6 36468   128 1388 3953 21  2 46 32  0
 3 13 16318452 153948   3668 1011500    0    8 38666    96 1341 3964 20  2 43 34  0
 3 14 16318456 153752   3732 1011620   26    8 34150   172 1362 3811 17  2 51 30  0
 5 12 16318456 161864   3740 1003820   32    8 39418   126 1417 4127 23  5 38 35  0
 4 12 16318456 161916   3728 1003328    0    8 40292     8 1334 3978 21  2 49 28  0
 8  6 16318456 150972   3708 1015168   48   14 40510   322 1350 3885 23  3 52 21  0
 6  7 16318456 154584   3716 1011108   32    8 40438   236 1406 4143 26  6 45 24  0
 2  4 16318456 160536   3716 1006108    0    6 38796   302 1372 3951 21  3 53 23  0
procs -----------memory---------- ---swap-- -----io---- --system-- -----cpu------
 r  b   swpd   free   buff  cache   si   so    bi    bo   in   cs us sy id wa st
 3  4 16318456 163900   3712 1003492   32    8 39706     8 1392 3807 23  2 56 19  0
 3  6 16318456 151656   3688 1014524    0    4 35852    90 1303 3726 18  2 68 13  0
 1  0 16318456 163036   3708 1003092  748  146 22520   274 1385 3646 13  1 77  9  0
 9  9 16318456 157236   3684 1009960   16    4 22246     4 2936 4113 16  1 68 15  0
 2 11 16318452 152684   3672 1012928   16    4 36612   218 4797 8047 23  2 50 25  0
 5 13 16318456 156500   3624 1009240   64   12 35066    12 1298 3825 17  2 43 38  0
 5 11 16318456 158280   3572 1007704   16   14 39618    14 1384 4062 21  2 43 33  0
 3 16 16318456 151548   3544 1012284   32    6 40748   248 1839 4111 23  2 37 37  0
 7 12 16318456 153056   3464 1016008   20    8 41368    62 5396 4238 30  4 23 43  0
 3 13 16318456 161644   3480 1005724   16    2 39370   168 6560 4030 27  3 43 28  0
 3 13 16318456 158936   3468 1008548   16    4 41424     4 3847 4096 26  3 48 22  0
 3 11 16318456 158864   3460 1010080   16   10 42454   116 4312 4280 26  4 42 29  0
 5 14 16318456 157376   3456 1012248   48   10 39236   284 1557 4166 23  5 40 33  0
 1 15 16318452 161828   3432 1008276   32   12 38538    42 2238 3995 22  3 49 27  0
 6 13 16318452 159428   3432 1008832    0    6 35984   128 1424 3739 19  2 45 34  0
11  9 16318456 152156   3416 1016092   42    8 40230    74 1650 4002 25  3 45 27  0
 3 10 16318456 160732   3420 1008792   16    6 40348    44 2976 3966 21  2 55 22  0
 2 13 16318456 158808   3420 1009340    6   10 40520   312 1424 3862 20  2 51 27  0
 1  6 16318456 159056   3420 1010912    2   10 39974   120 1463 3945 22  2 55 21  0
 4  5 16318456 164104   3408 1004484   16    8 45406   214 1392 3967 22  3 57 18  0
 2  5 16318456 157952   3368 1010368    0    4 44306   116 1355 3969 23  3 56 18  0
procs -----------memory---------- ---swap-- -----io---- --system-- -----cpu------
 r  b   swpd   free   buff  cache   si   so    bi    bo   in   cs us sy id wa st
 1  2 16318456 156764   3368 1012268   16   20 38560    84 1401 3998 20  3 61 16  0
 2  2 16318452 164732   3348 1004068   16    2 34068   162 1300 3661 16  1 74  8  0
 1  2 16318452 163960   3532 1003048   16    4 19548     4 1220 3361 12  1 77 11  0
 0  0 16318448 165924   3568 1000792   16    2  4148   158 1084 2930  3  0 94  3  0
 0  0 16318432 165816   3568 1001056   32    0    32     0 1013 2694  0  0 100  0  0
 0 12 16318456 162464   3604 1003608  720  166  7162   166 1397 3989  4  1 83 12  0
 3 15 16318456 153040   3612 1014320   16    8 32850   350 1325 3869 17  2 58 22  0
 4 13 16318456 156280   3624 1009568    0   14 40856    52 1561 4494 18  3 50 29  0
 2 19 16318456 155252   3664 1010932    0    4 35184    76 1312 3923 18  2 47 32  0
 1 13 16318456 156628   3684 1009944   16    6 33702   130 1400 3838 17  2 47 34  0
 3 15 16318456 156400   3720 1009784    0    6 37588     6 1494 3975 17  2 54 26  0
 3 12 16318456 155860   3660 1011100    4   10 35226   162 1313 3806 18  2 49 31  0
 1 14 16318456 161396   3648 1006640    6    8 40984     8 1441 4210 17  2 57 24  0
 6 12 16318456 160480   3648 1007696   32    4 35652   110 1349 3797 17  2 50 32  0
 2 14 16318456 161684   3648 1007392   32   10 37282    12 1447 4193 17  2 50 32  0
 1 19 16318452 158244   3672 1010880   76    6 35038     6 1322 3844 16  2 51 31  0
 1 13 16318456 165272   3724 1003120   24   14 32626   122 1404 3845 16  2 52 30  0
 2 12 16318456 165612   3768 1003208   32   18 33962   242 1310 3852 17  2 48 33  0
 3 15 16318456 153644   3768 1014444   16    6 36414     6 1309 3805 16  1 50 33  0
 2 11 16318456 161196   3624 1006900    0    6 35696    76 1320 3869 18  2 53 27  0
 2 14 16318456 150908   3624 1016464   32    8 37668   238 1323 3878 18  2 52 27  0
procs -----------memory---------- ---swap-- -----io---- --system-- -----cpu------
 r  b   swpd   free   buff  cache   si   so    bi    bo   in   cs us sy id wa st
 7 15 16318456 151496   3584 1016832   16   14 43486   146 1503 4500 19  5 45 32  0
 1 12 16318456 164956   3500 1002776    0    8 40076   164 1337 4079 20  2 47 30  0
 5  5 16318456 164292   3472 1004004   16    4 37400     4 1428 4195 19  2 57 22  0
11  5 16318456 156008   3404 1012384   12    8 43100     8 1357 4082 20  2 57 21  0
 4  1 16318456 162236   3372 1006284   12   12 39446    88 1373 3980 19  2 63 17  0
 2  1 16318456 157492   3332 1009400    0    2 31234    56 1297 3676 14  2 74 10  0
 0 16 16318448 157036   3396 1010972   16    6 16728   118 1243 3188  7  1 87  5  0
 1  0 16277136 16442816   3660 1007276   16    4  1942     4 1171 3190  1  3 92  5  0
