procs -----------memory---------- ---swap-- -----io---- --system-- -----cpu-----
 r  b   swpd   free   buff  cache   si   so    bi    bo   in   cs us sy id wa st
 2  3 8127996 16219536   9048  65076    0    1    29    13    0    0  0  0 99  0  0	
 1  0 8127984 16138200   9644  77952    0    0  6560     0 2283 2902  6  1 88  6  0	
 1  0 8127972 16027388   9852  88988    0    0  5726    18 2880 3087  8  1 88  4  0	
 0  1 8127864 15835744   9872  98576  492    0  4926    50 3565 4915  7  1 86  6  0	
 0  4 8127852 15535044  10304 122840   16    0 12704     0 4917 7341 11  1 74 13  0	
 1 12 8127828 12124676  10312 214544    0    0 45710    66 8021 4505 44  4 34 18  0	
 3 12 8127816 10161196  10312 323808   22    0 54486     0 5426 3894 21  4 45 29  0	
 3 12 8127804 9707408  10312 456736    0    0 66624    78 6345 4405 27  3 41 29  0	
 3 13 8127796 9577580  10320 585292    0    0 64448    16 5461 4034 23  1 48 28  0	
 4 12 8127780 9301220  10804 699748   16    0 56894    10 5499 3788 24  3 47 26  0	
 3 12 8127768 9033740  10804 824484    0    0 62656     0 6268 4189 28  4 46 23  0	
 5 12 8127756 8915908  10816 942176    0    0 58880    44 5148 3954 21  1 52 26  0	
 3 12 8127748 8453372  10816 1069452   16    0 63568     0 6466 4149 28  7 43 22  0	
 8 11 8127736 7304132  10816 1193196    0    0 61632     0 6509 4148 28  7 42 23  0	
 3 13 8127720 7172824  10824 1322724   14    0 65104   130 5288 3954 24  1 54 21  0	
 4 13 8127696 6835800  10828 1476632   66    0 76880     0 7676 5508 24  2 44 30  0	
 2 15 8127680 6710660  10836 1600536    0    0 61856    16 5244 4000 22  1 58 19  0	
11  0 8127668 6304088  10844 1695076    0    0 47234    58 11180 5913 56  6 24 15  0	
12  0 8127648 6159128  10844 1695032   58    0   128     0 18826 9318 89  6  5  1  0	
12  0 8127636 6121080  10860 1695156    2    0     6   250 13046 6675 94  5  1  0  0	
12  0 8127628 6118568  10860 1695588   16    0   336     0 12785 6746 94  5  0  0  0	
procs -----------memory---------- ---swap-- -----io---- --system-- -----cpu-----
 r  b   swpd   free   buff  cache   si   so    bi    bo   in   cs us sy id wa st
10  2 8127600 6082768  10868 1732088   12    0 18392     0 13353 7353 92  5  2  0  0	
 3  7 8127592 5970824  10984 1832452    0    0 50486    64 9363 5768 42  2 40 16  0	
 3 10 8127576 5854712  11008 1949028   16    0 57998     0 5820 4312 22  1 44 33  0	
 1 10 8127568 5718776  11016 2067168    0    0 59072    40 5765 3896 25  1 53 21  0	
 4 10 8127556 5596536  11016 2189968    0    0 61504     0 5210 3885 22  1 52 25  0	
 3 10 8127548 5409356  11016 2311140   16    0 60240     0 6001 4041 26  2 47 25  0	
 1 11 8127536 5231704  11024 2431940    0    0 60674    22 9055 4114 27  2 41 30  0	
 4 10 8127528 5114532  11024 2549124    0    0 58372     0 4934 3637 21  1 59 19  0	
 4  8 8127508 4910728  11028 2657336   44    0 54254     2 6083 4082 28  2 46 24  0	
 7  7 8127496 4731520  11036 2770052    0    0 56448    28 15194 6700 49  2 28 20  0	
 8  7 8127476 4563296  11036 2880156   32    0 55266     0 10584 5863 50  2 24 23  0	
 7  6 8127468 4390508  11036 2986080   16    0 52956   110 10833 5532 50  2 29 20  0	
 9  0 8127452 4263780  11044 3019224   16    0 16222    38 13497 6162 63  3 30  4  0	
 9  0 8127440 4210512  11048 3019900    0    0   322     0 13423 5953 65  3 32  0  0	
 7  0 8127432 4183548  11056 3019888    0    0     0    22 13509 5933 64  3 33  0  0	
 1  0 8127420 4133156  11056 3020544   30    0   350     0 8868 4011 35  1 64  0  0	
 1  0 8127408 4133280  11056 3020540    0    0     0    50 4082 3029  8  1 92  0  0	
 2  0 8127396 4133840  11064 3020548    0    0     0    28 3933 2750  8  1 92  0  0	
 0  0 8127388 4133328  11072 3021052   16    0   724     6 3682 2286  8  0 92  0  0	
11  0 8127372 4010516  11080 3026748    0    0  2722     0 3339 3756 11  1 87  1  0	
14  0 8127364 3835472  11088 3027860    0    0   192    46 14355 5577 81  3 16  0  0	
procs -----------memory---------- ---swap-- -----io---- --system-- -----cpu-----
 r  b   swpd   free   buff  cache   si   so    bi    bo   in   cs us sy id wa st
11  3 8127352 3676188  11088 3047496   16    0  9936     0 25956 7337 79  6 14  1  0	
10  2 8127344 3491464  11088 3134708    0    0 43904     0 14631 7259 79  4  7 10  0	
 5  6 8127332 3312028  11100 3236472    0    0 50882    20 16725 8089 80  4  8  9  0	
13  6 8127312 3082332  11100 3354268   46    0 58734     0 14016 8493 62  3 18 17  0	
 9  6 8127296 2862016  11108 3483128    0    0 64640    26 14381 7996 71  3 10 16  0	
10  8 8127284 2608028  11108 3610616   48    0 63734    22 16895 6696 89  5  2  4  0	
 9  5 8127276 2428840  11108 3722304   16    0 55760     0 14490 7773 58  3 23 16  0	
12  7 8127264 2236644  11116 3848916    0    0 63106   106 13928 8798 56  2 20 22  0	
 6  4 8127256 2007348  11116 3967560    0    0 59458     0 11456 6092 57  2 24 17  0	
 5  6 8127248 1874536  11116 4099876   16    0 66068     0 8022 4904 36  1 41 22  0	
 3  3 8127236 1756596  11124 4218000    0    0 59008   106 5909 4063 26  1 55 19  0	
 2  1 8127216 1659644  11124 4314716    0    0 48390     0 5337 3781 21  1 65 13  0	
 0  0 8127208 1634372  11132 4339356    0    0 12224    40 2256 2186  6  0 91  2  0	
 0  0 8127196 1632216  11132 4339364   16    0    16     0  788 1516  0  0 100  0  0	
 0  0 8127188 1632016  11132 4339360    0    0     0     0  821 1588  0  0 100  0  0	
 0  0 8127176 1632024  11140 4339364    0    0     0    16  843 1594  0  0 99  0  0	
 0  0 8127112 1632296  11140 4339360   92    0    92     0  863 1625  0  0 100  0  0	
 0  0 8127100 1632436  11140 4339364    0    0     0     4  846 1562  0  0 100  0  0	
 0  0 8127092 1627732  11148 4339360    0    0     0    26  891 1578  0  0 99  0  0	
 0  0 8127080 1628152  11148 4339368   16    0    16     0  846 1599  0  0 100  0  0	
 0  0 8127068 1628028  11156 4339372    0    0     0    44  833 1568  0  0 99  0  0	
procs -----------memory---------- ---swap-- -----io---- --system-- -----cpu-----
 r  b   swpd   free   buff  cache   si   so    bi    bo   in   cs us sy id wa st
 0  0 8127060 1628292  11156 4339376    0    0     0     0  882 1603  0  0 100  0  0	
 0  0 8127048 1628284  11156 4339372   16    0    16     6  871 1585  0  0 100  0  0	
 0  0 8127040 1628284  11164 4339368    0    0     0    28  826 1574  0  0 99  0  0	
 0  0 8127028 1627788  11164 4339372    0    0     0     0  804 1549  0  0 100  0  0	
11  0 8127012 1582292  11176 4341820   16    0  1186    44 13424 8657 51  2 46  1  0	
12  0 8127000 1401228  11192 4341836    0    0     2    72 36404 23807 76  7 16  0  0	
15  0 8126988 1120880  11192 4341980    0    0    64     6 27783 14660 85  7  9  0  0	
13  0 8126976 1019176  11192 4345980   16    0  2064     0 17224 7687 94  5  1  0  0	
14  0 8126968 863044  11200 4363204    0    0  8896    20 14924 6481 94  4  2  0  0	
12  0 8126956 706928  11200 4383892    0    0 10176     2 13460 6208 93  5  3  0  0	
12  0 8126948 656244  11200 4407308    0    0 11712     0 12974 6478 95  4  1  0  0	
12  0 8126936 563616  11208 4429220   16    0 10832    22 12840 6202 93  4  3  0  0	
12  0 8126924 478360  11208 4452916   16    0 11856     0 13068 6475 95  4  1  0  0	
12  0 8126912 386836  11224 4474928   16    0 11088     0 15889 6637 90  4  5  0  0	
 9  0 8126900 282604  11240 4504088    0    0 14592    58 15295 7306 83  4 13  0  0	
11  0 8126892 236960   3148 4468268   18    0 14450     2 46170 9511 80  4 15  1  0	
12  0 8126868 240352   2848 4373128    6    0 10380    60 33093 9889 80 15  6  0  0	
12  0 8126860 244756   2840 4298880    0    0 13956     0 18179 9602 92  5  4  0  0	
 1  0 8126848 239732   2848 4213748   16    0 14336     0 24822 6036 75  9 15  0  0	
13  0 8126840 283580   2864 4090772    0    0  3458   164 53892 4049 48 39 13  0  0	
14  0 8126828 274736   2864 4076240    0    0  5638     0 19575 8564 93  5  2  0  0	
procs -----------memory---------- ---swap-- -----io---- --system-- -----cpu-----
 r  b   swpd   free   buff  cache   si   so    bi    bo   in   cs us sy id wa st
14  1 8126820 296660   2456 3936676    0    0  6208   104 65681 6712 79 17  4  0  0	
15  0 8126804 261680   2440 3739880   16    0  3722    36 43434 5892 86 11  3  0  0	
12  1 8126796 219636   2452 3734068    0    0  9344     0 43452 6592 87  8  5  0  0	
 9  0 8126784 242384   2452 3648572    0    0 10250    38 12408 6065 75  2 22  1  0	
17  0 8126776 255264   2452 3582008   16    0  6416     0 45739 5193 61 17 21  0  0	
 8  0 8126764 236132   2452 3521876    0    0  7488     0 12418 5829 71  2 27  0  0	
 6  0 8126756 235136   2464 3473320    0    0  8384    32 11499 5503 58  2 40  0  0	
 2  0 8126744 268264   2480 3402152    0    0  7932     0 64496 4175 33  9 58  0  0	
 2  0 8126732 246612   2480 3420928    0    0  9600    22 4688 3025 17  0 83  0  0	
 1  0 8126720 220008   4048 3444836   24    0 12960    54 4659 3181 15  1 78  7  0	
 0  0 8126708 239400   4044 3424316    0    0  4770     2 2062 2103  6  0 94  0  0	
 1  0 8126700 239664   4044 3424312    0    0    10     0  837 1575  0  0 100  0  0	
 0  0 8126688 239620   4052 3424336    0    0     0    60  831 1592  0  0 99  0  0	
12  5 8126676 237372   4056 3388876    0    0  6750    30 3632 3168  7  1 89  3  0	
11  4 8126664 228952   4064 3287008    0    0 55232    44 19820 17246 43  3 33 21  0	
10  6 8126656 234884   4064 3257492    0    0 53794     8 29422 6834 70 16  7  7  0	
12  5 8126644 226360   3936 3061448    0    0 54042     0 59332 6519 77  9  7  8  0	
11  6 8126632 241352   3940 2990920   32    0 57314    22 48109 6735 77  8  4 10  0	
20  5 8126620 236288   3932 2937560    0    0 56642   124 16088 7600 83  5  3  9  0	
13  9 8126612 219372   3928 3009528    0    0 67478     0 17788 6310 88  7  3  2  0	
11  8 8126604 240248   3936 2914624   16    0 55038    22 58607 5838 86  8  3  4  0	
procs -----------memory---------- ---swap-- -----io---- --system-- -----cpu-----
 r  b   swpd   free   buff  cache   si   so    bi    bo   in   cs us sy id wa st
10  5 8126576 227436   3928 2809104   12    0 52990     0 45706 14821 74  5 11 10  0	
11  6 8126564 293176   3936 2804324   16    0 50444    20 31496 16772 42 10 30 18  0	
 4  9 8126552 295096   3928 2785652   16    0 63298    20 22567 9707 45  6 28 21  0	
 4 10 8126532 242344   3996 2772064   32    0 57992     0 12787 4926 43  3 29 26  0	
 5  9 8126524 241340   3960 2700104   16    0 52940    34 40692 4499 36  7 35 22  0	
 3  8 8126516 239992   3960 2699656   16    0 63384     0 7832 4710 36  1 35 28  0	
 5  6 8126492 241480   3968 2697364   32    0 59260    18 7967 4777 36  1 42 21  0	
 2  0 8126480 242388   3960 2695916    0    0 44310    76 6260 3972 27  1 59 14  0	
 1  0 8126452 242884   3960 2695220    0    0  9464     0 4022 2811 15  0 84  0  0	
 0  0 8126444 242692   3968 2695216    0    0     0    32 1145 1691  2  0 98  0  0	
 0  0 8126420 242272   3968 2695204   16    0    16     0  842 1567  0  0 100  0  0	
 2  0 8126412 295088   3984 2616744    0    0  2444    38 9940 6778 21  1 77  1  0	
12  0 8126396 239080   3992 2623432    0    0  8108     0 59587 18325 41  6 53  1  0	
10  6 8126376 242844   3860 2524092    0    0 14870     0 88631 6801 62 22 14  2  0	
 9  8 8126364 229900   3840 2405976   16    0 32170    94 49695 6623 67 15 12  6  0	
 4  0 8126340 222596   3828 2427356    0    0 11664     0 15330 5604 33  6 48 13  0	
11  6 8126328 241772   3732 2301580   16    0 21584     0 24018 4450 43 10 42  5  0	
14  6 8126316 234380   2928 2113796   16    0 43468    70 41636 6131 75 11  5  9  0	
10  4 8126296 237328   2280 2028544   32    0 47114     0 13965 6124 70  3 13 14  0	
11  8 8126284 234228   2288 2009436   16    0 52564    48 70632 7341 58  8 17 16  0	
 5  9 8126264 234820   2276 1911980    0    0 59702     0 11697 5664 57  2 16 25  0	
procs -----------memory---------- ---swap-- -----io---- --system-- -----cpu-----
 r  b   swpd   free   buff  cache   si   so    bi    bo   in   cs us sy id wa st
 4 10 8126252 239836   2268 1770484    0    0 50242     0 35003 4766 44 14 17 25  0	
 5  0 8126244 227644   2276 1780944   16    0 44008   126 14690 12970 31  2 51 16  0	
 4 12 8126216 240972   2212 1682728   16    0 26606     0 66780 3748 35 19 39  6  0	
 4 11 8126208 242816   2236 1680124    0    0 58860    96 11586 4347 30  1 40 28  0	
 3 11 8128288 236536   2228 1573064    0 1052 53994  1052 18686 4065 31  7 38 23  0	
 3 14 8130212 236644   2196 1574536    0  966 53318   966 5550 3892 24  1 46 29  0	
 5  9 8130504 229260   2196 1428644    0  152 40014   204 146186 4107 33 25 22 21  0	
18  7 8133868 262144   2192 1355464    0 1694 45138  1694 43966 4123 29 16 35 20  0	
 6  8 8134756 240868   2200 1353180   48  458 57172   502 39440 4787 38  2 36 24  0	
 5 10 8135672 239548   2188 1233544   16  464 43706   464 37905 4689 43  8 30 19  0	
 4 10 8135652 238860   2188 1231128    0    0 59242     0 7250 4144 26  1 43 31  0	
 3 10 8135640 236740   2216 1163232    0    0 47600 37706 32939 3916 31 11 36 22  0	
 5 11 8135616 237708   2208 1162952    0    0 49588     0 5522 3759 24  1 44 32  0	
 1  1 8135604 232116   2208 1045588    0    0 31022   108 59418 3900 35  9 44 12  0	
 3  3 8135584 276624   2180 1015496   16    0 15014    74 5467 4281 16  1 76  7  0	
 2  5 8139624 232164   2184 1060864    0 2026 50460  2026 7772 3796 22  1 62 15  0	
 3  3 8139616 232452   2184 963756   16    0 35596 25532 52505 3521 27 12 49 12  0	
 6  2 8139592 241032   2180 954232    0    0 51348     0 5529 4047 23  1 57 19  0	
 2  3 8139584 234756   2184 760228   16    0 24180 53020 18187 3451 26  9 54 11  0	
 4  9 8139540 256368   2192 738984   28    0 30362 30926 5401 4339 23  1 44 32  0	
 6 15 8139504 229780   2192 688584   32    0 137876  6924 26733 10872 26  1 40 33  0	
procs -----------memory---------- ---swap-- -----io---- --system-- -----cpu-----
 r  b   swpd   free   buff  cache   si   so    bi    bo   in   cs us sy id wa st
16  1 8143860 232700   2176 616512   96 2238 26548 24970 17357 3333 22  2 18 58  0	
 6 14 8145000 229312   2176 619112   16  576 56686   576 6191 3979 27  1 42 30  0	
 5 13 8146772 275024   2184 505584    0  896 59648  1008 35016 4270 30  6 35 29  0	
 6 15 8146836 200380   2184 581580    0   38 60830    38 8998 4213 28  1 44 27  0	
 5 15 8146852 230932   2184 467448   10   26 59198    26 12363 4277 35  2 29 33  0	
13 17 8146844 229516   2184 438088    4    0 56628     0 32735 4264 34  9 25 32  0	
 3 15 8146812 229880   2184 420592   18    0 58744     0 9550 4276 35  2 34 30  0	
 7 16 8146792 228224   2184 356372   16    0 58018     0 11462 4487 42  1 21 35  0	
 5 15 8146780 229996   2184 351412    0    0 58852     0 12187 4293 32  1 35 32  0	
 5 18 8182124 216160   2184 267452   18 17684 42472 17684 17712 4062 36  2 28 34  0	
 6 16 8188964 200460   2188 289512   50 3444 50444  3444 12452 4406 31  2 28 39  0	
 0 10 8201188 224332   1280 212992    0 6118 33616  6186 40740 3551 25 12 27 36  0	
 3 18 8201920 214980    844 240636   16  372 55450   448 8721 5253 25  1 41 32  0	
 2 12 8201920 205220    684 156608    0    0 46156     0 16098 3328 27  2 41 31  0	
 2 14 8215652 215392    548  90416    0 6866 40932  6866 17118 4605 20  2 46 32  0	
 2 19 8246072 200304    512 100536  154 15238 23604 15294 11862 2501  8  1 45 46  0	
 2 18 8247796 249680    520  95480   86  874 40572   874 13905 3191 22  2 35 41  0	
 1 16 8247728 215620    500 129672  204    0 40748     0 4999 3133 15  1 46 38  0	
 0  8 8247704 205260    500  87344  284    0 40204     0 14754 3993 23  1 41 34  0	
 3 18 8247676 205228    500  86592   80    0 47408     8 9085 3548 18  1 38 43  0	
 0 26 8285304 200764    508  38080    0 18820 45746 18928 7927 3676 19  2 29 50  0	
procs -----------memory---------- ---swap-- -----io---- --system-- -----cpu-----
 r  b   swpd   free   buff  cache   si   so    bi    bo   in   cs us sy id wa st
 3 14 8287736 202000    492  48192   32 1222 20956  1376 4927 2482 14  2 42 42  0	
 4 12 8287708 200404    492  51296   16    0 52176     0 6638 3555 20  1 49 29  0	
 3 17 8287700 200820    500  37468   32    0 52756    30 6985 3607 23  1 42 34  0	
 4 13 8287680 202048    500  38136   16    0 56480     0 7311 3556 22  2 54 22  0	
 2 10 8287664 200876    496  40192   16    0 49978    68 6475 3638 22  1 44 33  0	
18  7 8287656 203852    504  36196   16    0 60142    28 6979 3905 24  1 54 21  0	
 3  4 8287632 200552    504  40492    0    0 56002     0 7072 3951 24  1 48 27  0	
 4 15 8287624 204264    512  34924    0    0 31550     0 5033 3831 15  1 60 24  0	
 5 15 8298228 211232    544  57228   16 5308 33934  5470 13581 7224 34  2 27 37  0	
 1 13 8373512 199824    536  30920    0 37656 24754 37750 14789 12388 11  2 51 36  0	
 3 12 8383620 200056    536  33788    0 5062 45296  5124 7943 3341 15  2 48 35  0	
 9 15 8461168 272332    540  35300    0 38788 18896 38946 7056 4250 15  2 44 39  0	
 5 17 8467308 247484    540 129956    0 3074 47898  3078 12927 7837 30  2 37 31  0	
 6 18 8467284 200048    540  91712    0    0 46246     0 9979 3666 30  2 35 33  0	
 2 19 8467376 201056    540  91716    0   50 42518    50 7742 3326 20  1 42 36  0	
 0 16 8472372 200312    540 100876    0 2512 47962  2512 10728 3654 28  2 35 35  0	
 0 17 8516084 202236    560  41060    0 21862 11898 21960 5560 2461  4  3  9 84  0	
15 19 8605596 200324    580  55628   16 44760 13220 44904 28396 4232 39  6  5 51  0	
 6 21 8605688 220848    920  51220    0   58 44958    58 18271 4194 49  2 13 35  0	
 0 22 8629848 199920    632  42888    0 12084 31086 12092 9194 3363 17  3 19 61  0	
 7 15 8749720 212400    664  64672    0 59948 12486 60094 23678 3335 20  9 17 53  0	
procs -----------memory---------- ---swap-- -----io---- --system-- -----cpu-----
 r  b   swpd   free   buff  cache   si   so    bi    bo   in   cs us sy id wa st
 3 30 8753808 200580    668  76272    0 2048 44018  2048 16083 3966 37  2 24 37  0	
 5 24 8773564 201128    680  38324    0 9884 35294  9968 9123 3562 29  2 28 42  0	
 2 20 8796996 200668    700  66416    0 11720 31994 11726 10130 4242 52  2  8 38  0	
 2 19 8796996 200584    700  65916    0    0 50644     0 9336 3179 24  2 25 49  0	
 7 18 8810328 202532    708  40304   46 6672 29598  6782 7773 2825 23  1 11 64  0	
 2 14 8811304 200108    672  45928  444  562 30336   564 6407 3234 27  2 24 47  0	
 2 12 8811540 202552    684  42732  304  124 45788   124 5498 3064 17  2 39 43  0	
16  9 8811380 200288    724  78936  626    0 23276 20786 6121 3640 18 15 42 25  0	
 1 14 8814448 201372    740  91252   22 1540 19832 16152 8376 5034 11 26 11 52  0	
11  8 8868720 200752    744  57800   20 27150  1482 31954 14548 3955  5 15 23 57  0	
 2 19 8921272 200980    756  84868    0 26282  9018 51932 38047 4078 14 13 14 59  0	
 3 17 8921264 200404    776 102872    0    0 10076 31602 6939 3687 22  9 14 55  0	
 0 19 8921240 200180    788 105760    0    0 21904 10758 5201 3268 16  1 20 63  0	
 2  5 8921232 201104    792 105568    0    0 30308 11686 5379 3341 19  1 37 44  0	
 2  5 8924236 208908    764  60960   16 1512 38924  9050 8473 3903 30  4 43 23  0	
 5 13 8943136 200476    780  83536   16 9456 10620 32200 8228 3076 16  1 45 39  0	
 1 13 8943776 201300    792  81696    4  324 25188  5446 28553 2763 15  1 43 40  0	
 3 15 8943748 200316    792  83824    6    0 27382    80 9718 2460  7  1 50 42  0	
 1 17 8977312 202144    792  91552    8 16786 20718 16786 18146 2360  9  1 53 38  0	
 5 13 8982448 200384    712 112232   12 2574 22772  2736 14758 2026  5  1 51 43  0	
 0 13 8982424 216304    724  99280   28    0 22944    28 9720 2224  7  1 58 35  0	
procs -----------memory---------- ---swap-- -----io---- --system-- -----cpu-----
 r  b   swpd   free   buff  cache   si   so    bi    bo   in   cs us sy id wa st
 0  3 8982416 201552    716 116212    4    0 19678   100 5031 2239  5  0 73 22  0	
 1  1 8982392 209652    708 107452   18    0   228     0  746 1501  0  0 91  8  0	
 0  1 8982384 218084    716  98384    4    0   122    26  814 1543  0  0 91  9  0	
 1  5 8994628 227960    864 102404   34 6130  7720  6130 1918 2574  3  1 76 20  0	
 1  5 9011824 200728    692 122316    8 8612 31212  8768 14401 6234 17  2 55 26  0	
 1  8 9046136 226196    700 136988    4 17160 31854 17262 17954 4120  6  2 64 27  0	
 1  9 9047064 200264    480 137672   22  476 42110   568 43552 4356 12  2 53 33  0	
 1 18 9057672 254028    628 124940  110 5312 26030  5312 14252 3882 14  2 31 53  0	
 2  4 9123648 203752    728  62272   62 33000  5956 33076 160481 3014 22  7 20 51  0	
 1 19 9131296 200340    664  70604   32 3840 23458  3920 5567 2536  9  1 49 41  0	
 1 17 9131280 200144    656  68916   42    0 28762     6 11400 2505  9  1 50 41  0	
 0 21 9131244 200368    664  69832   34    0 30118     0 14498 2719 12  1 34 54  0	
 4 20 9131228 200040    692  67176   16    0 24278     0 12918 2723 12  2 26 60  0	
 0 28 9141968 199964    708  43088   16 5390 32582  5390 12521 3170 19  2 36 42  0	
 1 19 9200788 200156    724  39732   16 29428  5368 29544 3228 1902  1  2 40 58  0	
 2 15 9309720 200704    696  43676   16 54474  7920 54614 4452 3518  2  4 21 72  0	
 4 16 9322108 200588    708  51064   16 6216 39436  6280 21000 4306 57  3 13 26  0	
 9 24 9322076 200108    708  42328   80   10 41726    10 11660 3566 18  4 35 43  0	
 3 24 9418984 200224    724  42716   40 48460  3824 48602 8795 2271  1  4 11 84  0	
 2 12 9466804 200272    816  47064 1176 24120  4972 24254 10620 2545  1  6 17 77  0	
 1 20 9513040 200096    816  49216  226 23146 29050 23196 11848 3539 21  5 36 38  0	
procs -----------memory---------- ---swap-- -----io---- --system-- -----cpu-----
 r  b   swpd   free   buff  cache   si   so    bi    bo   in   cs us sy id wa st
 2 17 9517032 200692    824  52960  118 2048 35734  2086 6018 2925 13  1 45 40  0	
 0 28 9531304 200760    824  38364  494 7172 28790  7240 25985 2576 11  2 24 63  0	
 4 15 9549448 200248    824  60796  108 9118 34252  9120 7392 3037 19  2 31 48  0	
 2 20 9549396 200020    824  61736  136    0 52922    40 9101 3723 20  2 29 49  0	
 2 19 9610508 204188    832  32396 1632 30960 137254 31064 31615 14541 18  2 37 43  0	
 1 24 9616144 200920    816  97340  130 2864 39324  2896 4419 3037 15  1 13 70  0	
 1 24 9616072 200708    820  85952  134    0 44516     2 8673 3362 21  2 19 58  0	
10 18 9616732 199976    820  85912  148  372 36650   372 7278 3161 21  1 17 61  0	
 1  3 9647732 200704   1196  82608 1522 16012 191986 16036 43933 21465 32  1 41 25  0	
 1  3 9702228 204588   1196 104688 1036 27648 18560 27648 3405 2599  7  2 71 21  0	
 6  3 9788056 268036   1228 127428  480 43008 12626 43060 3921 3076 14  2 70 13  0	
 4 10 9796832 215364   1236 176344 2446 4608 26840  4608 16486 4978 30  2 35 34  0	
 1 11 9796800 200632    896  50180    8    0 55180   128 29518 20451 28  4 40 28  0	
 2 18 9796784 206308    896 156612    0    0 56396     0 10397 7097 31  2 39 29  0	
 4 15 9864480 200172    820  45796  148 33980 102144 34066 96267 9549 33  2 34 31  0	
 3 16 9864332 200924    824  44904   46    0 47586     0 8389 3625 23  1 37 38  0	
 0  4 9893256 201360    832  43620  122 14514 14678 14606 4111 2294 10  1 16 72  0	
 4 15 9892908 202252    836  38120  410    0 48848     2 7448 4123 27  1 41 32  0	
 4 25 9907816 200268    836  32784  142 7520 40514  7582 6075 3430 20  1 43 35  0	
 0 22 9962468 200324    844  32224  168 27410  6806 27562 3122 2375  1  1 33 65  0	
 3 17 9983112 207260    956  35036  128 10460 40322 10534 12173 3914 34  2 28 36  0	
procs -----------memory---------- ---swap-- -----io---- --system-- -----cpu-----
 r  b   swpd   free   buff  cache   si   so    bi    bo   in   cs us sy id wa st
 3 23 9991644 200308    892  34708  118 4376 50284  4430 10281 4593 20  1 34 44  0	
 4 16 10015276 205120    900  42588   96 11876 23444 11998 7271 4162 30  5 24 40  0	
 5 15 10014784 201156    900  46376  302    0 41560     2 6082 3247 18  1 48 33  0	
 0 26 10033964 200052    988  36592   80 9738 33902  9876 6342 3282 18  1 38 43  0	
 4 14 10066716 200592    920  52692    4 16406 29494 16512 6407 3962 21  5 25 48  0	
 6 16 10066644 200172    928  52028  108    0 46612    46 8172 3508 20  1 35 43  0	
 0 24 10102876 200048    928  35796   16 18132 33954 18232 5786 3271 14  2 41 43  0	
 8  7 10203736 200112    928  52016   16 50454 12644 50522 8874 3709  2  7 37 55  0	
 4 13 10203840 200856    932  54392   16   64 50444    72 9020 4323 34  6 32 27  0	
 3 18 10222208 200308    948  34752   18 9218 34582  9226 7311 3387 22  2 27 49  0	
 2  2 10265292 200488    972  49328    0 21564 23654 21640 6177 3342 28  1 39 32  0	
 0  1 10265248 222836    988  35748   32    0  7604    46 2239 2168  6  0 82 11  0	
 0  1 10265192 226220    988  31640   64    0    64     0  814 1542  0  0 91  8  0	
 0  1 10265156 232188    936  28004   16    0    16     4  812 1532  0  0 91  8  0	
 1  0 10265116 235544    944  25696    2    0  1026    18  897 1599  0  0 94  6  0	
 1  0 10264888 224856   5764  27996  416    0  3650     0 1387 2195  0  1 91  8  0	
 1  0 10264812 224012   5776  29096  104    0   498    20  958 1661  0  0 99  1  0	
 0  0 10264760 223028   5776  29560   22    0   228     0  875 1600  0  0 99  0  0	
 0  0 10264692 223416   5776  29572   22    0    22     0  822 1575  0  0 100  0  0	
 8 17 10264636 200656   2248  61732   68    0 29352    94 9904 4282 31  1 46 22  0	
 0 24 10297916 200636   2208  30232    4 16660 32862 16934 22643 4309 17  2 36 45  0	
procs -----------memory---------- ---swap-- -----io---- --system-- -----cpu-----
 r  b   swpd   free   buff  cache   si   so    bi    bo   in   cs us sy id wa st
 2 11 10363776 200040   2280  42360  710 33046 16366 33086 57120 3637 31  3 29 36  0	
 0 10 10363636 202288   2316  40052  178    0 36172   118 4447 3063 13  1 44 42  0	
 3 17 10369648 202076   2320  57704 1274 3386 39924  3386 5877 4648 19  1 41 39  0	
11  1 10383336 200156   2328  47416  566 7012 23858  7268 15992 3238  6 14 49 30  0	
 1 15 10395280 203652   2328  45936  206 6000 33550  6142 19104 3540 19 11 36 35  0	
 3 14 10395088 204680   2328  42156  446    0 38488     8 6194 3266 22  2 47 29  0	
 1 12 10457816 200308   2336  48468  440 31500 31386 31674 86575 2947 11 11 52 26  0	
 1 16 10483388 201252   2336  60308 1190 23138 34696 23202 19815 3286 22  4 34 40  0	
 5 16 10483068 206256   2336  52408  590    0 30454    30 3797 2742 13  1 60 27  0	
 2 11 10468072 200804   2336  51044 3838    0 37368     0 3994 3195 10  1 41 48  0	
 3 16 10467692 201632   2340  47344  684    0 39880     0 8343 3783 27  5 37 30  0	
 0 22 10467460 203936   2340  44336  256    0 43720     0 5208 3278 15  1 36 48  0	
14 16 10485484 202548   2344  46428  958 9690 23720  9782 113110 4011 21 13 33 33  0	
 4 21 10485416 200892   2356  47872   94    0 39846   114 12243 3556 31  2 31 36  0	
 4 18 10542392 201824   2356  60024 11638 41420 86830 41502 169263 9222 19  4 34 43  0	
 3 17 10542188 201140   2356  60388  158    0 42024    24 5402 3201 15  1 38 46  0	
 1  5 10541924 201716   2364  58056  324    0 37890     0 4305 2901 10  2 40 49  0	
 3 21 10541652 200044   2368  54008  326    0 45228    68 7328 3730 28  3 44 25  0	
 0 13 10541392 200648   2368  53212  210    0 45306     2 5831 3272 15  1 45 39  0	
 6 16 10579244 200900   2380  49888  850 19250 16214 19364 34976 3700 16 11 37 36  0	
 5 17 10657996 277864   2708  30424 2924 39838 59702 40006 156905 9431 10  3 61 27  0	
procs -----------memory---------- ---swap-- -----io---- --system-- -----cpu-----
 r  b   swpd   free   buff  cache   si   so    bi    bo   in   cs us sy id wa st
 1  6 10656868 231692   2848  75292 2276  990 24992   990 5953 3537 10  1 67 23  0	
 9  1 10630316 231772   2340  29248 17660    0 19698     0 56869 4745 12  1 67 19  0	
 2  6 10619820 205292   2344  49048 5374    0 44040    22 77402 3991 24  1 57 17  0	
 1  6 10619768 202188   2348  53360   70    0 50126     4 105620 3738 21  1 58 20  0	
 0  5 10700884 205376   2336  32504  448 40884 22140 41018 379038 3592 28  8 46 19  0	
 2  4 10700444 200428   2344  39644  404    0 28780    34 3615 2890 12  1 64 23  0	
 1  2 10700232 200284   2344  38072  218    0 27370     0 3832 2862 12  1 69 18  0	
 0 13 10696920 224316   2360  38856 2550    0 16476     0 14890 3927 12  1 54 33  0	
 4 25 10700056 199760   2256  31076 1738 3472 34058  3618 37346 16847 29  3 43 25  0	
 1 19 10750352 200588   2248  36624  206 25246 12586 25338 23909 5291  5  2 37 55  0	
 2 20 10770396 202836   2248  31084   72 10048 46138 10084 28188 3536 23  2 37 38  0	
 6  7 10786224 200680   2256  38872  510 8246 33334  8302 14498 3594 12  3 34 51  0	
 9 11 10808260 245356   2256  54596 5730 16734 21856 16814 26050 6971 32  8 24 36  0	
 4 15 10849572 308948   2104  72800   74 20678 38516 20746 97259 4226 27  7 36 31  0	
 8 12 10849396 221300   2104  44624  212    0 44684     0 8169 3601 30  2 32 36  0	
 2 15 10847888 200060   2104  60176 2244   58 22270    70 5898 3355 31  2 32 35  0	
 2 20 10847832 208352   2104  50320  152    0 45102     0 8426 3646 25  1 23 51  0	
 1 30 10884276 200132   2108  34988  206 18270 32432 18272 25975 3417 10  2 29 59  0	
 2 33 10939392 200176   2124  41556   36 27570  7512 27744 64815 3381  1 13 29 57  0	
12 16 11095388 201400   2128  55464  284 78070 12520 78256 144827 31844 51  7  4 38  0	
 2 26 11094652 201700   2136  55196  822    0 37488    54 6278 3423 23  1 26 49  0	
procs -----------memory---------- ---swap-- -----io---- --system-- -----cpu-----
 r  b   swpd   free   buff  cache   si   so    bi    bo   in   cs us sy id wa st
 2 17 11101780 201080   2152  52872 1520 4036 88126  4510 72656 9873 15 11 29 45  0	
 2 16 11101528 203740   2152  47860  820    0 29658     0 4189 2846 12  1 47 40  0	
 0 19 11101380 199968   2164  52572  600    0 42788    88 4995 3148 14  1 50 35  0	
 5 15 11171916 200780   2160  51596  606 35542 15372 35938 83662 3654 21 26 19 34  0	
 0 18 11171804 200696   2160  50816  332    0 39016     0 5196 3054 16  1 55 28  0	
 1 15 11171756 201356   2168  49140  414    0 42814    24 5861 3228 17  1 51 30  0	
 0 21 11271920 199940   2168  47460  274 50322 17248 50446 82024 4883  5 16 23 55  0	
 2 17 11309140 200292   2180  56556  426 18696 16038 18780 6148 3215 27  3 23 47  0	
 3 15 11333976 200092   2184  34336 1306 12544 84218 12600 35658 8313 18  3 38 41  0	
 4  9 11355260 200380   2248  35100 1600 10698 43702 10824 20667 4318 24  5 35 36  0	
 4  5 11355208 202552   2244  32192 1176    0 39572     0 6134 3385 20  1 48 31  0	
 2  0 11362264 219368   2264  24480 6352 3580 11124  3624 4692 3052  9  1 76 15  0	
 0  0 11377580 233296   2264  24884   48 7686   968  7686 5765 1723  1  1 97  1  0	
 0  0 11377532 232468   2264  25228   16    0    16     0  759 1509  0  0 100  0  0	
 0  0 11377500 232616   2356  25212    0    0    42    16  788 1510  0  0 99  0  0	
 0  0 11377312 229896   2356  25228 1022    0  1030     0  832 1653  0  0 98  1  0	
 0  0 11377252 230920   2360  25224   16    0    18     0  809 1540  0  0 100  0  0	
 0  0 11377220 230068   2372  26388   16    0   660    20  838 1595  0  0 99  1  0	
 1  0 11377176 229696   2372  26500   32    0    32     0  759 1483  0  0 100  0  0	
 0  0 11376804 226084   2372  27476  504    0  1052     0  878 1646  0  0 98  1  0	
 2  8 11506240 226372   2384  22664  626 64904  1190 65054 66932 2668 13  3 54 30  0	
procs -----------memory---------- ---swap-- -----io---- --system-- -----cpu-----
 r  b   swpd   free   buff  cache   si   so    bi    bo   in   cs us sy id wa st
 1 11 11506048 200592    728  54156  310   20 38196    62 10023 4002 23  2 38 37  0	
 1 13 11501844 200476    728  46092 2424    0 42592     0 11342 4035 22  2 36 40  0	
 1 18 11559700 200144    696  37284 1264 30048 22362 30148 30266 3633  8  7 22 63  0	
11  8 11632556 199684    704  30524 1118 37510 12088 37644 208304 7803 20 18 19 43  0	
 1 18 11668500 200640    652  35872  284 18022 29648 18100 39141 4568 11  5 41 43  0	
 0 14 11696032 200952    660  34036  364 13814 23878 13884 8210 6050 10  3 43 44  0	
 2 10 11710364 202400    660 102616  160 7240 40266  7282 5465 3415 17  1 58 24  0	
 2 15 11710284 205488    660  99588  236    0 45646     2 8403 4212 38  2 34 26  0	
 5 17 11711684 208768    660  29044  144  724 48544   724 9607 3735 25  1 31 43  0	
 3 18 11740128 205820    636  36332   32 14246 39902 14246 5688 3394 18  1 38 42  0	
 8 20 11739460 203936    664  36776 1088    0 44192     2 6661 3457 21  1 42 36  0	
 7 21 11739428 200696    680  45360  174    0 40300   116 6720 3796 28  2 23 46  0	
 5 14 11739084 200436    756  52484  348    0 297322   146 46334 22447 23  1 46 29  0	
 4  7 11739032 200420    756  56248   42    0 52526    72 8217 3767 25  1 47 27  0	
 2  6 11738968 200492    760  55644   88    0 40838    26 6033 3417 17  1 49 34  0	
 1  1 11738900 200824    764  55588  384    0 23204     2 4579 3014  8  1 71 21  0	
 0  1 11738800 201948    764  53760   80    0 12820     0 3057 2465  0  0 90  9  0	
 0  1 11738752 200316    772  54784   32    0 12732    20 2812 2425  0  0 89 10  0	
 0  1 11738700 201212    772  54096   48    0 13162     0 2785 2405  0  0 91  9  0	
 0  1 11738648 201028    772  55496   16    0 13440     0 2859 2515  0  0 90  9  0	
 1  1 11738604 202824    780  51452   32    0  5190    18 1787 1975  0  0 91  9  0	
procs -----------memory---------- ---swap-- -----io---- --system-- -----cpu-----
 r  b   swpd   free   buff  cache   si   so    bi    bo   in   cs us sy id wa st
 0  1 11738540 207672    780  45160   32    0    32     0  849 1584  0  0 91  8  0	
 1  1 11738480 212648    780  39468   32    0    32     0  904 1608  0  0 91  8  0	
 0  1 11738428 216252    792  34612   76    0    78    12  878 1600  0  0 91  9  0	
 0  1 11738352 221252    792  28944   50    0   160     0  875 1622  0  0 91  8  0	
 0  0 11738276 234280    796  28148   34    0    36     0  800 1544  0  0 96  4  0	
 0  0 11738228 234304    804  28188   16    0    16    14  804 1563  0  0 100  0  0	
 1  1 11738172 234172    804  28516   68    0   180     0  843 1641  0  0 99  0  0	
 0  5 11737304 212396   1072  45156 2004    0 10998     0 4946 3790  9  1 72 19  0	
 1  9 11773560 244660    984  37368  442 18298 14338 18460 10723 5520 34  1 43 22  0	
12 14 11835536 200860    936  36872  250 31028 15232 31180 94443 4175 53  3 23 21  0	
13 15 11839692 200764    924  65432  104 2166 34118  2176 9885 3637 47  1 27 25  0	
 0 11 11839396 208756    924  54432  518  232 32786   234 9326 3522 39  1 28 33  0	
 2 15 11839608 201468    964  35312 1572  768 372218   864 74977 32667 34  1 28 37  0	
 2 18 11839560 200280    964  37948  154    0 45784     4 6117 3483 23  1 40 36  0	
 3 19 11839532 200480    964  37116  102    0 45100     8 5583 3327 18  1 36 45  0	
 4 16 11839432 202480    964  31804  172    0 46858     0 5993 3414 20  1 43 36  0	
 2 17 11839204 200608    964  37144  272    0 45470     0 6727 3515 22  1 33 44  0	
 3 19 11838820 201464    964  34544  214    0 47008     0 6296 3386 20  1 45 34  0	
 8 17 11840716 200704    964  35360  166  984 40752   984 7393 3286 21  1 42 36  0	
 1 20 11841960 201084    964  35540  276  656 47052   656 11058 3437 21  1 41 37  0	
 3 10 11841876 202196    964  35264   78    0 40518     0 6054 3281 17  1 44 38  0	
procs -----------memory---------- ---swap-- -----io---- --system-- -----cpu-----
 r  b   swpd   free   buff  cache   si   so    bi    bo   in   cs us sy id wa st
 0  4 11841776 203900    964  34048   80    0 24088     0 5815 3280 20  1 48 31  0	
 0 16 11841460 200328   1000  37076  346    0 19144   136 2955 2731  0  1 56 43  0	
 0  4 11841380 201096    988  35868  132    0 22274     0 4146 2918  6  1 64 29  0	
 0  2 11841336 202624    988  34384   32    0 25110     4 3583 2586  0  1 81 18  0	
 0  3 11841288 201180    996  37236   64    0 23842    34 3456 2542  0  1 76 23  0	
 0  1 11841212 203760    996  32520   80    0  7130     0 1624 1947  0  0 88 11  0	
 1  1 11841172 208752    996  28532    0    0     0     8  870 1590  0  0 91  8  0	
 0  0 11856204 232204   1004  26108   80 7554    80  7574 1092 1760  0  1 96  3  0	
 0  2 11856036 230500   1004  27004  208    0   858     0 1016 1876  0  0 98  1  0	
 9  4 11855784 226592   1024  29256  400    0  2016    22 1621 3005  3  0 92  4  0	
 7 13 11872024 200448    908  34344  274 8300 24846  8470 14245 7923 25  2 39 34  0	
 2 13 11874180 227192    904  53036   64 1098 44198  1156 11995 4956 25  2 36 38  0	
 4 22 11874132 200540    904  83068  132    0 47756     0 6126 3679 27  2 43 29  0	
 3 16 11874072 204132    904  77124   64    0 54672     0 6004 3700 22  1 35 42  0	
 6 19 11876924 202560    952  37856  124 1470 42456  1472 12183 3816 28  2 31 39  0	
 3 17 11876872 202452    996  39088   48    0 43066     6 6938 3360 21  1 42 36  0	
 0 24 11876828 200644   1032  38792  152    0 46890     2 6853 3422 21  1 36 41  0	
 2 16 11876756 204232   1048  36472   90    0 46450   128 8763 3954 32  2 25 41  0	
 0 27 11876688 204456   1056  38616   86    0 45054    92 6836 3531 21  1 35 42  0	
 2 13 11876564 204672   1056  38428  138    0 53888     0 10973 4108 35  2 29 35  0	
 2 15 11876472 207636   1068  36372   82    0 49992    54 6386 3693 24  1 43 33  0	
procs -----------memory---------- ---swap-- -----io---- --system-- -----cpu-----
 r  b   swpd   free   buff  cache   si   so    bi    bo   in   cs us sy id wa st
 1 17 11876388 202680   1072  42716   42    0 63420     0 7863 4385 22  1 47 30  0	
 3 16 11876288 202660   1080  41336   58    0 46954    88 6193 3605 24  1 36 40  0	
 3 14 11876040 202060   1088  40212  180    0 84544    38 10423 6372 19  1 41 38  0	
 4 16 11875984 201948   1088  41148   78    0 52384     4 6649 3855 24  1 28 46  0	
 0 15 11875944 203908   1104  38488   16    0 50902    26 5766 3641 21  1 45 33  0	
 1  1 11875896 200332   1108  41096    4    0 29974     0 5414 3350 14  1 54 31  0	
 1  1 11875852 200224   1108  44320   48    0 16066     8 3429 2438  0  1 90 10  0	
 0  1 11875776 211432   1116  31840   16    0 15646    98 3754 2447  0  1 90  9  0	
 1  2 11875692 206780   1116  36592   74    0 16512     0 3292 2488  0  1 90  9  0	
 0  1 11875632 204232   1116  38156   16    0  3474     0 1556 1806  0  0 91  8  0	
 0  1 11875584 208456   1124  33320   32    0   192    16  865 1583  0  0 91  9  0	
 0  1 11875540 213556   1124  28592   16    0    16     0  844 1565  0  0 91  8  0	
 0  1 11875492 219424   1124  27908    0    0   320     0  925 1625  0  0 91  8  0	
 1  0 11888852 232668   1132  26008   48 6694   140  6710 1005 1724  0  1 98  1  0	
 1  0 11888784 232832   1132  26236   32    0    32     0  776 1562  0  0 100  0  0	
 1  0 11888700 232708   1132  26568   64    0   212     0  845 1577  0  0 99  0  0	
 1  6 11888616 224484   1156  34496   94    0  4396    16 1577 2429  2  0 93  5  0	
 4 15 11888576 213984   1104  46224   56   70 56978    82 15336 4937 42  2 28 27  0	
 4 13 11915156 203020   1072  55360   48 13328 27180 13644 21161 9946 17  2 34 47  0	
 2 19 11915124 201824   1072  79128   48    0 61044    56 8680 4944 26  1 36 37  0	
 8  7 11914956 200556   1072  55896  122    0 43062     0 7455 3337 22  1 23 54  0	
procs -----------memory---------- ---swap-- -----io---- --system-- -----cpu-----
 r  b   swpd   free   buff  cache   si   so    bi    bo   in   cs us sy id wa st
 6 19 11908908 199952   1072  48772 3054    0 50304   114 9756 4521 38  2 30 30  0	
 9 17 11933840 200160   1080  34004   68 12480 41376 12582 28948 4006 30  2 26 42  0	
 5 13 11969008 200488   1080  44660   48 17618 36278 17678 48759 5606 57  2 16 25  0	
 2 13 11968972 204876   1080  39652   16    0 53866     0 9796 3994 27  1 36 35  0	
 3 22 11968892 202720   1080  40704  124    0 49008    14 6235 3613 24  1 24 51  0	
 3 19 11968856 201960   1080  41956   36    0 48002     0 7308 3532 22  1 40 37  0	
 2 17 11968784 201324   1080  42648   48    0 52570     0 7807 3811 27  1 36 36  0	
 1 17 11968744 201788   1080  41760   32    0 52446     0 6452 3614 22  1 39 37  0	
 3 18 11968704 200312   1080  44992   48    0 48324     0 7693 3884 33  1 22 44  0	
 2 14 11968628 200464   1084  44844   16    0 50912    66 8562 3567 22  1 43 33  0	
 4 14 11968600 202264   1120  41624   32    0 50942     0 6946 3692 25  1 39 35  0	
 2 16 11968568 202264   1212  40560   48    0 52244     0 6575 3560 23  1 48 28  0	
 0  1 11968476 202524   1160  42320  110    0 31804   104 5170 3291 18  1 59 22  0	
 1  1 11968432 204536   1160  38104   48    0   554     0  925 1656  0  0 91  9  0	
 0  1 11968348 208724   1160  33312   48    0    88     0  965 1675  0  0 91  8  0	
 0  1 11968284 214172   1168  28784    0    0     0    36  914 1622  0  0 91  8  0	
 0  0 11968216 232912   1168  27728   80    0    80     0  861 1583  0  0 98  1  0	
 0  0 11968184 232836   1168  27760   16    0    52     0  819 1598  0  0 100  0  0	
 7 12 11967244 211636   1184  45696  778    0  9762    16 4914 3973 13  1 71 16  0	
 4 17 11967088 200648   1144  33900   64    0 56842   264 20794 12673 29  2 34 34  0	
 2 14 11994688 200496   1144  68124  230 13920 34252 13920 9652 5447 33  2 34 32  0	
procs -----------memory---------- ---swap-- -----io---- --system-- -----cpu-----
 r  b   swpd   free   buff  cache   si   so    bi    bo   in   cs us sy id wa st
 4 14 11994616 200192   1152  70136   48    0 47756    48 6225 3512 20  1 42 37  0	
 3 12 11994544 199872   1152  46592   38    0 43904    76 6805 3427 23  1 38 38  0	
 3 16 11994504 200216   1164  44532    0    0 46808    24 6435 3493 20  1 43 35  0	
 0 23 11994464 217120   1164  40824   56    0 51452    60 6982 3916 19  2 29 49  0	
 5 13 11994420 200712   1164  56600   42    0 46460     0 8364 3774 30  2 37 31  0	
14 12 11994340 206308   1172  50892   44    0 48502    44 7017 3671 24  1 29 46  0	
 4 17 11994280 202748   1172  53792   16    0 66390     4 13349 4579 34  2 32 32  0	
 3 18 11994248 202860   1176  53924   48    0 52354    18 7712 3767 27  1 40 32  0	
 3 14 11994168 202780   1172  53336   48    0 63682     2 8108 4442 21  1 41 37  0	
 3 14 11994112 199844   1172  57164   46    0 47298     4 6046 3619 24  1 35 40  0	
 3 17 11994036 201108   1180  56180   92    0 53756    20 6508 3518 21  1 48 29  0	
 2 15 11993924 201620   1180  55232  120    0 57504     4 7725 4296 22  1 45 32  0	
 2 16 11993812 200564   1192  56852   70    0 53706    26 6740 3697 22  1 34 43  0	
 1  1 11993768 201632   1200  55484   10    0 37212     2 5649 3457 18  1 56 26  0	
 0  1 11993728 206448   1204  50568   48    0 16068     2 2766 2382  2  0 87 11  0	
 1  1 11993656 205124   1216  52220   32    0 15764   128 2654 2437  0  0 90  9  0	
 0  1 11993568 200352   1216  58048   80    0 14762     0 2730 2411  0  0 90 10  0	
 1  1 11993476 201336   1216  56624   80    0 15824     2 2656 2429  0  0 91  9  0	
 0  2 11993148 207480   1224  46040  858    0  2654    16 1141 1832  0  0 89 10  0	
 0  1 11993108 212108   1224  40664   16    0    16     0  874 1572  0  0 91  8  0	
 0  1 11997772 228360   1224  28016   52 2370   194  2532 1010 1707  0  0 91  8  0	
procs -----------memory---------- ---swap-- -----io---- --system-- -----cpu-----
 r  b   swpd   free   buff  cache   si   so    bi    bo   in   cs us sy id wa st
 4 12 12002052 223768   1232  37832  134 2182  5410  2228 2123 2910  3  1 87  9  0	
 5 15 12002436 200012   1216  63368   46  218 54930   218 10534 4105 27  1 33 38  0	
 2 15 12002392 202420   1216  60692   60    0 49848     0 9150 4232 39  1 34 26  0	
 2 13 12002328 206060   1224  57256   32    0 48840   236 5528 3576 19  1 39 41  0	
 4 17 12002232 200376   1224  57228   68    0 51794     0 6753 3762 24  1 29 46  0	
 3 18 12002068 206920   1224  51452  180    0 48168     0 6251 3575 21  1 48 30  0	
 9 10 12001900 205900   1232  52728  234    0 37662    30 7090 3432 28  1 36 35  0	
 7 15 12001864 199980   1232  57836   34    0 52608     2 9400 4006 35  1 33 31  0	
 6 15 12014968 208072   1236  30788  120 6614 44226  6768 17268 4073 35  3 26 36  0	
 1 21 12067348 217492   1252  41032  232 26332 152978 26388 85767 11361 22  2 43 33  0	
 7 20 12067304 201532   1244  55840   34    0 50670     0 6788 3603 24  1 38 36  0	
 3 14 12067252 200412   1248  57872   48    0 49278     0 7407 3767 24  1 38 36  0	
 4 15 12067212 201096   1256  57832   34    0 48724    20 6768 3557 18  1 40 41  0	
 3 16 12067168 200308   1256  58548   44    0 48312     0 6902 3577 22  1 40 37  0	
 2 13 12067116 200412   1264  59004   16    0 47330    40 6712 3594 18  1 36 45  0	
 0  1 12067056 214372   1272  41924   16    0 38666     0 6788 3771 18  1 55 26  0	
 0  1 12066952 202072   1272  56556   96    0 14814     0 2844 2487  0  1 90 10  0	
 1  2 12066880 201140   1280  59232   48    0 14594    96 2739 2473  0  0 90 10  0	
 0  1 12066832 200388   1280  61080   16    0 16828     0 2763 2435  0  0 91  9  0	
 1  1 12066744 202268   1280  55884   54    0  8198     0 1828 2028  0  0 91  8  0	
 0  2 12066516 202176   3288  52460  472    0  3072    54 1286 1940  0  0 85 15  0	
procs -----------memory---------- ---swap-- -----io---- --system-- -----cpu-----
 r  b   swpd   free   buff  cache   si   so    bi    bo   in   cs us sy id wa st
 0  1 12066460 209632   3288  48556   32    0   416     0  962 1634  0  0 91  8  0	
 0  1 12066424 215608   3288  43164   32    0   352     0  883 1598  0  0 91  8  0	
 0  1 12066360 220716   3296  37564   16    0    26    18  829 1560  0  0 91  9  0	
 1  1 12066272 224684   3296  32764   48    0    48     8  868 1600  0  0 91  8  0	
 0  1 12066224 231380   3296  28040   64    0   230     0  897 1577  0  0 91  8  0	
 1  0 12066176 235620   3304  27704   32    0    32   136  873 1571  0  0 99  1  0	
 0  0 12066136 236116   3304  27924   16    0   128     0  772 1527  0  0 100  0  0	
 1  0 12066096 235280   3304  28544   16    0   308     0  785 1511  0  0 100  0  0	
 0  0 12066004 235032   3312  28780   64    0   182    48  829 1556  0  0 99  0  0	
 2  0 12065932 235164   3324  28816   32    0   114     0  985 1848  0  0 99  0  0	
 2 16 12065540 203608   1336  35584  240    0 49590   194 14670 7456 30  3 34 33  0	
 3 13 12065172 200432   1344 107492   48    0 44076    42 7478 4281 26  1 42 30  0	
 3 19 12065136 200108   1344 105892   16    0 57110     0 8350 3857 24  1 37 38  0	
 1  1 12065020 200284   1344  62220  158    0 47876     0 8150 3558 20  2 43 35  0	
 3 15 12064980 200332   1352  60924    0    0 59090    20 10733 4110 34  2 34 30  0	
 6 14 12064936 200392   1352  60860   96    0 53932     0 10517 3943 30  2 29 38  0	
 2 10 12064848 201904   1352  57132   56    0 50926     0 8887 3911 23  2 31 45  0	
 3 20 12064520 199924   1352  61116  108    0 46382   166 8750 3820 27  2 32 40  0	
 4 13 12064424 200080   1352  59260   32    0 55000     4 13493 4056 31  2 37 30  0	
 3 17 12064392 200720   1356  58700   50    0 51114   108 8348 3632 24  1 38 36  0	
 3 14 12064308 201564   1360  57016   82    0 54672     4 8943 3963 24  1 41 34  0	
procs -----------memory---------- ---swap-- -----io---- --system-- -----cpu-----
 r  b   swpd   free   buff  cache   si   so    bi    bo   in   cs us sy id wa st
 4 16 12064240 201412   1360  56860   46    0 55448     0 9723 3943 28  2 33 37  0	
 2 14 12064192 200080   1368  59488   16    0 47894    20 7561 3602 19  1 46 33  0	
 4 15 12064124 200376   1368  59028   16    0 52976     0 8602 3892 25  1 39 34  0	
 5 11 12064056 200296   1368  57908   66    0 45702     0 7631 3561 18  1 39 42  0	
 2  5 12063988 201640   1376  56040   52    0 44010    66 8743 3877 24  1 40 34  0	
 1  2 12063932 200480   1376  57680   32    0 27544     0 5566 3104  3  1 81 15  0	
 0  4 12063896 202104   1384  55396   16    0 24166    90 4926 2948  0  1 83 16  0	
 0  7 12063792 201552   1740  55296   80    0 22210   200 4405 2811  0  1 80 19  0	
 0  2 12063752 200784   1424  57272   48    0 25366     0 4748 2894  0  1 84 15  0	
 0  2 12063680 201264   1436  57144   32    0 24890    50 5146 2962  0  1 82 16  0	
 1  1 12063640 205624   1436  51252   16    0  1362     0  999 1625  0  0 91  9  0	
 0  1 12063552 207788   1436  45916  100    0  1282     0 1019 1698  0  0 87 12  0	
 1  1 12063488 212292   1444  39712   64    0    64    42  863 1618  0  0 91  9  0	
 0  1 12063420 216260   1444  35032    0    0   548     0  900 1617  0  0 91  9  0	
 0  1 12063376 221972   1444  33192   16    0    16     0  856 1577  0  0 91  8  0	
 2  1 12062780 221316   1452  47136  370    0  9474    18 4914 3656 10  1 73 16  0	
 0 10 12116288 200460   1408  33696   32 26772 29736 27078 18890 8181 18  3 42 37  0	
 0 21 12122760 210336   1412  75084   48 3274 49264  3348 8467 3816 29  1 36 33  0	
 4 13 12122644 206124   1416  81812   96    0 60228     2 7053 4572 19  1 52 28  0	
 2 23 12122548 207672   1416  55016   54    0 51820     0 7103 3657 22  2 30 46  0	
 3 21 12122496 200448   1424  40956   48    0 46516   118 7623 3649 28  1 22 49  0	
procs -----------memory---------- ---swap-- -----io---- --system-- -----cpu-----
 r  b   swpd   free   buff  cache   si   so    bi    bo   in   cs us sy id wa st
 1 23 12122464 205196   1424  36700   64    0 47908     0 6119 3661 25  1 23 51  0	
 4 17 12188612 200612   1408  38440   66 33122 32046 33200 78641 4835 46  5 14 35  0	
 3 14 12191640 205244   1416  34396   16 1536 54914  1564 13102 3740 26  2 39 33  0	
 6 16 12207880 200020   1416  39324  112 8144 34444  8196 14315 4359 52  3 18 26  0	
 2 18 12207592 200348   1416  43212  140    0 52796     8 8792 3828 24  1 40 34  0	
 1 20 12208664 214580   1416  35596   16  560 52122   560 6981 3703 24  1 31 43  0	
 0 17 12208620 200820   1416  51292   16    2 40472     2 5030 3288 15  1 37 47  0	
 1 23 12208552 205296   1416  44468   34    0 45298     2 8196 4023 37  1 18 44  0	
 2 18 12208484 202820   1416  47376   80    0 47264     0 6277 3538 18  1 22 59  0	
 4 19 12208420 200204   1416  49260   48    0 49228     0 6347 3673 20  1 19 61  0	
 2 13 12208384 201076   1416  49620   16    0 51264     0 6842 3756 24  1 29 46  0	
 2 10 12208312 201840   1420  47928   52    0 42628     0 5942 3544 17  1 34 48  0	
 0  1 12208228 232536   1444  33124   96    0 35122   266 5944 3641 15  1 48 36  0	
 0  1 12208176 205832   1444  60744    0    0 16450     0 2784 2478  0  0 91  9  0	
 1  1 12208112 212592   1376  56440   48    0 16318     0 2835 2487  0  0 89 11  0	
 1  1 12208032 208980   1380  59980   32    0 16372    24 2766 2443  0  0 89 10  0	
 0  1 12207996 212068   1380  55404   18    0   888     0  952 1684  0  0 91  9  0	
 1  1 12207732 218028   6048  49708  442    0  2928     0 1397 2229  0  1 87 12  0	
 0  1 12207656 230716   6056  44248   66    0    66    20  923 1644  0  0 91  9  0	
 0  0 12207572 232832   6056  42620   64    0    64     0  870 1602  0  0 97  3  0	
 0  0 12207472 233212   6056  42660   80    0    80     0  843 1596  0  0 100  0  0	
procs -----------memory---------- ---swap-- -----io---- --system-- -----cpu-----
 r  b   swpd   free   buff  cache   si   so    bi    bo   in   cs us sy id wa st
 0  0 12207440 233368   6064  42648   16    0    16    18  824 1562  0  0 99  0  0	
 0  1 12207388 232252   6064  43412   26    0   486     0 1016 1853  0  0 99  0  0	
 2 17 12207324 205252   2424  76368   32    0 51746     4 10368 4877 26  2 42 30  0	
 6 14 12207272 207548   2424  73668   48    0 49422    30 6008 3824 22  1 37 40  0	
 3 15 12207196 203592   2424  78848   64    0 54392     0 5772 3848 22  1 41 37  0	
 4 20 12207144 200664   2424  77112   16    0 54988     0 6617 3887 26  1 44 29  0	
 3 15 12207076 200628   2428  77760   32    0 53220    70 6190 3784 22  1 36 41  0	
 3 15 12207016 205164   2428  71380   48    0 54264     0 9276 4021 28  1 39 32  0	
 3 14 12206984 202060   2436  75404   32    0 54866    26 7213 3848 24  1 43 32  0	
 1 13 12206932 209024   2440  66692   64    0 51918   126 9295 4198 34  1 31 34  0	
 3 14 12206888 201112   2440  74868   16    0 47316     0 7263 3531 21  1 44 34  0	
 2 14 12206856 200460   2448  77872   32    0 57328    42 7758 4031 29  1 43 27  0	
 4 15 12206820 200100   2448  76488    0    0 54500     2 6988 3861 24  1 37 38  0	
 3 14 12206400 201996   2448  73804  158    0 51350     0 7346 3901 26  1 43 29  0	
 4 14 12206340 200472   2456  77028    0    0 54518    26 6105 3792 21  1 50 28  0	
 3 13 12206296 206636   2460  70172   32    0 52982     2 6089 3933 24  1 41 33  0	
 0 11 12217576 200180   2460  32584   56 5668 49568  5814 10323 4930 20  2 46 32  0	
 3 13 12257848 221188   2464  63224  144 20164 28106 20360 14089 4571 16  2 34 49  0	
 4  5 12257824 204860   2244  84648   64   44 60612   128 7734 5453 16  1 47 37  0	
 3  2 12257716 204892   2240  43060   96    0 39066     2 7237 3512 19  1 64 16  0	
 1  1 12257652 203920   2240  44416   48    0 21560     2 3469 2522 11  1 74 15  0	
procs -----------memory---------- ---swap-- -----io---- --system-- -----cpu-----
 r  b   swpd   free   buff  cache   si   so    bi    bo   in   cs us sy id wa st
 1  1 12257588 208764   2248  37680   48    0    48    44  820 1541  0  0 91  9  0	
 2  1 12257556 211516   2248  32816   32    0   224     0  854 1582  0  0 91  8  0	
 1  0 12257512 232960   2248  30544   64    0    86     0  765 1505  0  0 94  5  0	
 3  0 12257456 232248   2268  31496   32    0   480    44  788 1566  0  0 99  1  0	
 1  0 12257396 232412   2268  31460   88    0    98     0  798 1543  0  0 100  0  0	
 4 13 12257256 200488   2248  67292  162    0 27948     0 6862 4628 18  1 60 21  0	
11 18 12257172 200656   2256  44144  134    0 49270   280 10320 3895 29  2 24 46  0	
 4 13 12257136 203296   2256  40944   16    0 44666     0 5549 3421 19  1 51 30  0	
 1 22 12257092 203084   2256  40236   64    0 54126     0 6496 3715 23  1 35 41  0	
 4 19 12266996 201996   2264  46104   48 4984 50514  5076 18113 3783 25  2 36 37  0	
 3 14 12266924 200488   2268  47516   48    4 70058     4 8774 4952 24  1 41 34  0	
 1 17 12266864 208768   2276  39604   48    0 50438    32 6982 3628 23  1 43 33  0	
 0 19 12322584 200460   2256  32112   66 27890 36036 28002 30697 3917 31  2 32 35  0	
 2 17 12329628 201452   2236  37960   32 3540 47512  3542 11082 3674 21  1 37 40  0	
11 18 12329768 202464   2236  37424   48  102 53018   112 8147 3899 33  1 32 34  0	
 4 16 12329768 200796   2288  41420   80   48 113276   104 18617 8624 23  1 36 39  0	
 1 20 12329692 200840   2292  38916   64    0 47018     0 6240 3233 18  1 45 36  0	
 1  9 12329644 201380   2292  39172   18    0 40396     0 5491 3283 15  1 48 36  0	
 2 19 12329512 201976   2292  40264   40    0 49200     6 7084 3715 24  2 37 37  0	
 2 13 12329440 200160   2300  41652   48    0 46992     2 6742 3508 18  1 50 30  0	
 2  4 12329376 201320   2312  40676   32    0 42290    20 6987 3723 19  1 48 32  0	
procs -----------memory---------- ---swap-- -----io---- --system-- -----cpu-----
 r  b   swpd   free   buff  cache   si   so    bi    bo   in   cs us sy id wa st
 1  1 12345280 227252   2328  42824   48 7992 10348  8114 2964 2628  1  1 88 11  0	
 0  1 12345248 206972   2328  62748    0    0 12870     0 2879 2523  0  0 91  9  0	
 0  1 12345208 206080   2324  68804   48    0 12896     0 2817 2462  0  0 92  8  0	
 0  1 12345164 211588   2332  63656   48    0 12738    20 2730 2486  0  0 91  9  0	
 1  1 12345124 203948   2332  69684   16    0  5640     0 1734 2018  0  0 91  8  0	
 0  1 12345028 208600   2332  63652   32    0    32     0  886 1638  0  0 91  8  0	
 1  1 12344928 213816   2340  58072   32    0    32    20  889 1620  0  0 91  9  0	
 0  1 12344884 218668   2344  51892   48    0   362     0  883 1609  0  0 91  8  0	
 2 18 12344768 200960   2340  69436   54    0 37894    14 11615 5270 27  2 37 34  0	
 4 20 12369612 204192   2356  81524   18 12440 37676 12718 11057 7308 19  1 44 37  0	
 0 19 12369564 212484   2352  72064   48    0 45002     0 6055 3664 28  1 33 38  0	
 3 16 12369536 201944   2352  83920   16    0 51962     0 5599 3545 21  1 50 29  0	
 2 13 12369272 200516   2360  59500  302    0 198914    46 27149 14608 25  1 38 36  0	
 4 14 12369244 200612   2360  61204   16    0 52790     0 8249 3927 29  1 35 34  0	
 7 21 12369208 204972   2368  35168   32    0 57180    24 8491 4079 32  1 36 31  0	
 4 13 12384960 209060   2300  46584  108 7912 47308  7912 8735 3812 28  1 33 37  0	
 2 15 12384916 205696   2300  48684   80    0 53238     0 7149 3985 26  1 34 39  0	
 3 15 12384884 206752   2308  48464    0    0 51696    18 5557 3653 20  1 51 28  0	
 2 14 12384824 213132   2308  43716   48    0 47746     0 5270 3589 19  1 40 40  0	
 2 21 12384776 200004   2308  62832   16    0 52868     0 6044 3904 24  1 35 40  0	
 4 15 12384716 218168   2196  43632  108    0 47148    26 5284 3468 18  1 44 37  0	
procs -----------memory---------- ---swap-- -----io---- --system-- -----cpu-----
 r  b   swpd   free   buff  cache   si   so    bi    bo   in   cs us sy id wa st
 0  1 12384672 211216   2276  50020    0    0 38206     8 5989 3851 18  1 49 32  0	
 0  1 12384572 207460   2200  54060   80    0 15626     2 2960 2681  0  0 89 11  0	
 0  1 12384540 202972   2208  60528   16    0 15314   106 2857 2452  0  0 90  9  0	
 0  1 12384476 220076   2212  41196   48    0 16344    10 3094 2527  0  0 90 10  0	
 0  1 12384420 205436   2220  55452   64    0  9588    30 2052 2161  0  0 91  9  0	
 0  1 12384364 211148   2220  49548   16    0    16     0  871 1608  0  0 91  8  0	
 0  1 12384284 215612   2220  44420   80    0    80     0  927 1619  0  0 91  8  0	
 1  1 12384248 220844   2228  39028   16    0   108    20  870 1593  0  0 91  8  0	
 0  0 12384208 231864   2228  28460   32    0   176   124  933 1616  0  0 96  4  0	
 0  0 12384168 231640   2228  28716   32    0    32     0  770 1534  0  0 100  0  0	
 1  0 12384128 232276   2236  28744   16    0    16    28  764 1528  0  0 100  0  0	
 0  0 12384052 232284   2236  28728   48    0    48     0  791 1560  0  0 100  0  0	
 0  0 12383980 231920   2236  28724   48    0    48     0  818 1554  0  0 100  0  0	
 4 14 12383776 209416   2332  49620  142    0 11148    18 2673 3620  6  1 83 10  0	
 2 16 12388624 200272   2148  32004   16 2458 52020  2632 11901 7241 29  2 34 35  0	
 2 13 12415436 206476   2044  37700   80 13432 36588 13486 6976 3666 23  1 43 33  0	
 3 16 12415396 202936   2028  42036    2    0 51622     4 6856 3792 23  1 40 36  0	
10 13 12415376 200232   2100  36608  160   26 40912    64 7097 3844 24  2 38 37  0	
 4 20 12427328 211800   2104  39168   16 6002 52806  6208 7243 3854 27  2 29 42  0	
 8 17 12427288 205460   2104  43496   42    0 51556     4 7841 3908 30  1 29 39  0	
 2 14 12427248 200552   2108  50016  112    0 49296     0 7034 3724 25  1 45 29  0	
procs -----------memory---------- ---swap-- -----io---- --system-- -----cpu-----
 r  b   swpd   free   buff  cache   si   so    bi    bo   in   cs us sy id wa st
 4 20 12427192 204104   2108  44820   32    0 55434     0 7441 3775 26  1 40 33  0	
 4 15 12427132 212304   2112  33356   32    0 48710    10 10986 4103 39  2 20 39  0	
 4 17 12427092 206184   2112  42460   20    0 49144    40 15331 4461 48  2 19 32  0	
 3 21 12427056 201788   2112  47020   36    0 55618     0 7968 3870 24  1 40 35  0	
 3 17 12432800 203804   2112  39192   80 2904 46942  2904 7808 3938 31  1 34 33  0	
 2 19 12432736 209292   1736  33928   52    0 49326     2 5463 3537 20  1 40 39  0	
 0 26 12432668 205816   1736  36868  112    0 47348     0 5170 3364 18  1 29 52  0	
 2 19 12432596 203016   1744  38116   52    0 42718   236 5473 3451 22  1 33 44  0	
 2 15 12432564 204164   1748  36964   26    0 52644     2 6068 3741 22  1 34 43  0	
 0  1 12432512 204652   1760  36368   44    0 19078   130 3727 3215  9  0 71 20  0	
 1  1 12432436 208452   1760  31932   70    0    70     0  886 1575  0  0 91  8  0	
 0  1 12432376 213296   1768  26816   52    0    52   104  913 1596  0  0 91  9  0	
 0  0 12439964 232532   1768  25604   30 3824    30  3824  919 1624  0  0 96  3  0	
 0  0 12439912 232292   1768  25588   80    0    80     0  814 1551  0  0 100  0  0	
 0  0 12439852 232340   1776  25620   10    0    10    14  787 1558  0  0 100  0  0	
 0  0 12439776 232092   1776  25616   32    0    32     0  738 1481  0  0 100  0  0	
 2  4 12439684 231612   1784  25836   86    0   594     0 1239 2299  1  1 98  1  0	
 3 14 12440220 249704   1068  43956   28  290 44764   564 14074 7306 24  2 45 30  0	
 5 13 12440044 205780   1060  89752  146    0 45862     0 5368 3693 23  1 39 38  0	
 4 13 12440008 200216   1060  96724   24    0 52528     2 6388 3632 21  1 42 36  0	
11 16 12439924 200028   1064  89576   54    0 53098    54 6949 3627 22  1 39 38  0	
procs -----------memory---------- ---swap-- -----io---- --system-- -----cpu-----
 r  b   swpd   free   buff  cache   si   so    bi    bo   in   cs us sy id wa st
 3 15 12439844 212184   1060  59464  154    0 49262     0 7754 3679 27  1 35 37  0	
 3 18 12439780 211352   1060  59028  204    0 48978     0 7857 3752 27  1 40 32  0	
 6 15 12439708 213880   1068  54704  284    0 42968    28 6742 3441 22  1 47 30  0	
 6 16 12439496 208916   1068  60432  286    0 48784     2 11022 3903 30  1 31 38  0	
 3 16 12439408 204100   1068  66256  192    0 47998     2 7563 3663 22  1 42 36  0	
 4 15 12439368 204068   1076  66248   18    0 51098    24 6556 3685 23  1 46 30  0	
 3 16 12439336 203884   1076  64824   22    0 56054     2 7630 4013 29  1 35 35  0	
 1 15 12439264 202688   1076  67772   92    0 49936     0 5581 3571 19  1 52 28  0	
 3 13 12439192 204588   1084  64940   98    0 45320    20 5537 3521 24  2 39 36  0	
 1 20 12439164 205904   1084  62984   24    0 53490     0 6369 3556 21  1 41 36  0	
 2 16 12439128 200112   1092  69724   48    0 48120    22 5897 3555 21  1 31 46  0	
 6 10 12439064 211880   1096  56700   16    0 48722     0 6054 3643 19  1 42 38  0	
 0  3 12438996 208300   1096  59852   52    0 45152     0 6396 3821 19  1 51 29  0	
 2  3 12438960 209272   1104  59940    0    0 26038   100 4610 2891  0  1 84 15  0	
 0  3 12438924 204148   1104  65044   22    0 26774    48 4089 2815  0  1 84 15  0	
 0  1 12438864 204556   1104  65916   16    0 26400     0 4362 2791  0  1 85 14  0	
 0  2 12438824 216212   1116  54484   32    0 23836   152 4159 2744  0  1 80 19  0	
 0  1 12438780 215036   1116  54124   80    0 10516     0 2403 2196  0  0 89 11  0	
 1  1 12438740 220096   1116  48088   12    0    12     0  805 1541  0  0 91  8  0	
 1  1 12438704 224452   1124  42204   64    0    64    20  899 1593  0  0 91  9  0	
 1  1 12438664 230064   1124  36444   16    0    34     0  844 1532  0  0 91  8  0	
procs -----------memory---------- ---swap-- -----io---- --system-- -----cpu-----
 r  b   swpd   free   buff  cache   si   so    bi    bo   in   cs us sy id wa st
 0  0 12438624 233816   1124  32692   16    0    16     2  813 1543  0  0 93  7  0	
 2 14 12440980 200156   1120  32524   48 1184 30064  1208 16527 13009 23  2 53 22  0	
 0 12 12481704 200044   1120  36756   32 20422 37800 20644 13888 6171 18  3 39 41  0	
 3 14 12500476 209316   1124  79796   64 9430 40058  9516 6229 3689 22  2 42 33  0	
 1 22 12500224 212396   1132  77268  264    0 96846     2 10652 7580 18  1 39 43  0	
 5 12 12500144 201828   1140  63284  142    0 46710    22 9610 4122 32  2 29 37  0	
12 19 12500096 211072   1140  52656   80    0 50458     4 5575 3634 21  1 33 45  0	
 5 16 12500052 207320   1148  58808   60    0 45092    20 7712 3691 28  1 38 33  0	
 0 25 12499984 203108   1148  62896   60    0 46678     0 11309 3664 28  3 24 46  0	
 4 20 12511564 207108   1144  35520  344 6086 37996  6164 15695 4478 29  5 27 39  0	
 5 15 12511504 200376   1156  45080   48    0 40338    42 4963 3228 16  1 48 35  0	
 4 20 12512164 200620   1164  44156  164  354 42774   354 6922 3315 25  1 41 34  0	
 3 16 12512112 200484   1188  43440   32    0 42450     2 5354 3334 17  1 41 41  0	
 2 21 12512048 201356   1196  42648   38    0 49796    46 7355 3745 24  1 41 34  0	
 4 14 12511940 200404   1200  44020   66    0 73342     4 9216 5461 18  1 41 40  0	
 1 15 12511860 204084   1208  38812   16    0 46240    22 6162 3675 22  1 38 39  0	
 2 18 12511784 200452   1208  43540   16    0 50226     0 8235 4095 36  1 41 22  0	
 3  6 12511744 200684   1212  44432   48    0 44816     0 6096 3681 17  1 45 36  0	
 2  1 12511712 201300   1220  44564   16    0 21588    98 4033 2861  8  1 77 14  0	
 0  1 12511668 202496   1212  40320   16    0 17446     0 3007 2477  0  1 91  8  0	
 0  1 12511628 201576   1212  42232   28    0 17870     0 2905 2457  0  1 90 10  0	
procs -----------memory---------- ---swap-- -----io---- --system-- -----cpu-----
 r  b   swpd   free   buff  cache   si   so    bi    bo   in   cs us sy id wa st
 0  1 12511552 203280   1220  39860   30    0  5984    18 1536 1889  0  0 91  9  0	
 0  1 12511484 206684   1220  35124   22    0    22     0  874 1577  0  0 91  8  0	
 0  1 12511432 210676   1220  29648   16    0   226     8  874 1593  0  0 91  8  0	
 0  0 12519624 232756   1228  27064   48 4124   206  4144  940 1636  0  0 94  5  0	
 1  0 12519580 232780   1228  27372   48    0    48     0  817 1575  0  0 100  0  0	
 0  0 12519508 232532   1228  27384   16    0    16   138  828 1550  0  0 100  0  0	
 7 12 12519688 200452   1192  57708   64  110 23152   146 8817 5224 24  2 59 15  0	
 4 17 12519632 227432   1216  66752   50    0 51690   220 17007 7901 32  2 29 37  0	
 4 14 12519412 208964   1216  64308  470    0 41086     0 5403 3260 19  1 45 35  0	
 5 13 12519172 200028   1224  73404  248    0 48206    52 5518 3342 20  1 47 32  0	
 0 12 12518804 202272   1224  46164  646    0 44374    76 5687 3062 16  1 37 46  0	
 3 16 12518784 200028   1224  47276  532    0 42744    38 5536 3340 24  1 47 28  0	
 3 15 12518732 200384   1232  46296  124    0 46110    28 6438 3287 21  1 40 38  0	
 4 17 12518552 205696   1232  38776  344    0 40610    48 10489 4304 56  1 16 26  0	
 5 19 12518372 201312   1232  43072  448    0 48118     0 5849 3438 21  1 40 38  0	
 6 14 12518236 207160   1240  37384  204    0 44972    32 6893 3370 24  1 45 30  0	
 2 19 12518108 200536   1240  44752  216    0 53034     0 11715 3769 33  2 25 41  0	
 3 15 12518024 206028   1240  36924  172    0 51952     0 6131 3623 24  1 37 39  0	
 1 27 12517884 202048   1248  31884 3768   18 37612    38 4776 3203 14  1 41 44  0	
 1 23 12592684 200336   1232  42956 2170 37448 30314 37448 4881 2794 12  3 56 30  0	
 9 21 12593120 200408   1240  44052  780  310 38978   324 7566 3358 22  1 50 27  0	
procs -----------memory---------- ---swap-- -----io---- --system-- -----cpu-----
 r  b   swpd   free   buff  cache   si   so    bi    bo   in   cs us sy id wa st
13 16 12593836 200592   1240  45472  174  372 46228   372 16169 8002 89  1  2  7  0	
13 14 12596476 200276   1240  52144  178 1330 44918  1330 16013 10696 90  1  2  8  0	
11 16 12600556 200740   1260  53812  100 2048 43606  2088 16377 7153 90  1  3  7  0	
 9  7 12607664 200732   1264  62760  226 3584 40112  3584 15908 6213 88  1  3  8  0	
 0  2 12614052 216748   1264  55240  892 3350 14354  3350 8985 6951 48  1 37 14  0	
 1  2 12612400 203372   1272  62916 2822    0 10140    86 2289 2568  0  0 80 19  0	
 0  1 12612360 201372   1272  64628   16    0 16030     0 3199 2554  0  1 89 10  0	
 1  1 12612324 201660   1272  67096   48    0 16436    38 3019 2552  0  1 91  9  0	
 0  1 12612292 201816   1280  67728   16    0 14774    16 2644 2378  0  0 91  9  0	
 0  1 12612272 211604   1280  55848    0    0     0    96  883 1600  0  0 91  8  0	
 0  1 12612224 215964   1280  49472   48    0    48     0  896 1566  0  0 91  8  0	
 0  1 12612184 220972   1288  44316   16    0    56    44  860 1573  0  0 91  8  0	
 0  1 12612160 225684   1284  39328   18    0    58     0  985 1891  0  0 91  8  0	
 4 18 12629300 226988   1148  33492   16 8580 47430  8778 19712 6184 27  2 36 34  0	
 4 16 12631216 210788   1128  59508   32  984 99586  1012 14360 7080 23  1 37 39  0	
 5 14 12631160 200432   1216  71812   32    0 51924   198 5916 3608 21  1 51 27  0	
 3 18 12631092 211492   1172  33348   64    0 47948    34 6730 3739 25  1 34 40  0	
 4 13 12631040 205008   1172  41220   16    0 53504     0 8029 3772 25  1 44 29  0	
 3 13 12631016 200864   1172  43748   42    0 35060   224 4656 3086 18  1 29 52  0	
 6 18 12630972 206920   1180  37496    2    0 56742    38 10500 3962 32  1 36 31  0	
 4 13 12630904 203232   1180  43212   16    0 55810     2 12458 3965 33  1 35 31  0	
procs -----------memory---------- ---swap-- -----io---- --system-- -----cpu-----
 r  b   swpd   free   buff  cache   si   so    bi    bo   in   cs us sy id wa st
 4 14 12630848 201308   1180  46188   60    0 55328     0 6074 3825 23  1 44 31  0	
 2 15 12630804 203360   1188  42108   16    0 50016    24 6792 3726 25  1 36 37  0	
 5 14 12630748 200600   1188  45880   64    0 60598     0 6500 3824 24  1 43 32  0	
 2 13 12630696 208556   1188  36776   16    0 56748     0 6627 3862 26  1 41 32  0	
 2 19 12630644 209908   1196  35228   16    0 56856    20 6474 3788 26  1 36 37  0	
 3 14 12658148 239696   1200  39112   16 13778 45014 13850 7753 4872 19  1 41 39  0	
 2  1 12658120 199976   1144  80472   16    0 47474     0 5623 3718 20  1 48 31  0	
 1  2 12658036 204244   1152  77816   80    0 17910   140 3308 2798 11  0 76 12  0	
 1  5 12658004 203536   1152  76608   16    0 18972     0 2908 2533  8  0 79 12  0	
 1  1 12657980 207200   1152  74272   16    0 18736     0 2972 2494  8  0 80 11  0	
 1  1 12657944 209436   1160  69512   32    0   160    34  886 1550  1  0 90  9  0	
 0  1 12657880 214776   1160  63532   48    0   368     2  883 1577  0  0 91  9  0	
 0  1 12657848 219196   1160  58732   16    0    16     0  749 1507  0  0 91  8  0	
 6 13 12657728 200420   1184  77312   94    0 14246    18 4559 3374 10  1 69 20  0	
 2 13 12657604 225844   1168  51824   96    0 56022   260 13707 7030 30  1 33 35  0	
 1 13 12657568 211536   1172  65744   32    0 46534     0 4934 3623 19  1 53 27  0	
 0 21 12657548 223348   1180  49596   40    0 47502    56 4518 3257 17  1 39 43  0	
 3 13 12657456 206732   1180  44664   64    0 51596     0 6807 3832 28  1 36 35  0	
 3 16 12657400 207200   1188  40272  124    0 54354    20 7890 3979 31  1 32 36  0	
 2 17 12657376 201872   1188  50312   60    0 52812     0 7438 3716 22  1 44 34  0	
 6 17 12657320 200488   1188  49120   84    0 52752     0 8828 3971 30  1 33 37  0	
procs -----------memory---------- ---swap-- -----io---- --system-- -----cpu-----
 r  b   swpd   free   buff  cache   si   so    bi    bo   in   cs us sy id wa st
 4 13 12657288 202168   1196  47408   80    0 46778    34 9561 3558 24  1 43 32  0	
 4 15 12657220 205856   1196  46652   16    0 58074     0 7883 4091 30  1 37 32  0	
 5 14 12657196 200172   1200  53632   16    0 61528    26 7769 3992 27  1 48 24  0	
 2 14 12657128 206264   1204  45976   48    0 58144     2 7962 4259 27  1 40 32  0	
 3 19 12657036 202960   1204  48304   68    0 52792     0 5876 3694 21  1 45 33  0	
 2 15 12656972 202728   1212  49144   80    0 54078    22 6175 3681 25  1 40 34  0	
 2 13 12656928 203992   1216  48140    0    0 55440     2 6885 3759 22  1 43 34  0	
 1  1 12656888 203248   1216  48760   16    0 47678    82 6850 3652 24  1 47 28  0	
 1  1 12706216 226524   1224  47072   32 24692  9858 25050 4316 3199  5  2 85  9  0	
 1  1 12706172 229480   1216  44164   62    0 18488     0 2932 2512  8  0 84  7  0	
 1  1 12706132 200768   1216  72420    0    0 18364     0 2889 2414  8  0 83  8  0	
 1  1 12706052 220756   1224  53904   16    0 17676    46 3457 2585 11  0 83  5  0	
 0  1 12705992 222252   1224  51032   80    0  1068     0 1060 1649  1  0 90  8  0	
 0  1 12705944 226616   1232  46180   16    0   382    40  822 1543  0  0 91  9  0	
 0  0 12705888 231360   1232  41264   48    0   234     0 1053 1874  0  0 91  8  0	
 4 12 12705828 230320   1220  42824   36    0 47936     0 7055 4613 23  1 47 28  0	
 1 15 12705776 200864   1228  72264    2    0 52946    26 5506 3945 24  1 39 36  0	
 4 14 12705728 224764   1240  49340   48    0 53422     0 5365 3668 21  1 48 31  0	
 0 27 12705676 231040   1256  30588   64    0 52042     0 5551 3615 23  1 41 36  0	
 4 15 12705584 202232   1308  59520   64    0 47836    20 6288 3690 23  1 35 41  0	
 6 22 12705508 206496   1440  51528   48    0 50756     0 7339 3778 27  1 34 39  0	
procs -----------memory---------- ---swap-- -----io---- --system-- -----cpu-----
 r  b   swpd   free   buff  cache   si   so    bi    bo   in   cs us sy id wa st
 3 14 12732952 200204   1332  35116  112 13766 30336 13938 35232 3857 28  2 23 47  0	
 1 15 12733904 202104   1344  37188   16  498 41964   556 6556 3263 17  1 35 47  0	
 4 16 12733800 200516   1588  57580   66    0 95810    80 15081 7353 22  1 51 26  0	
 3 16 12733760 200540   1588  40964   16    0 46156    82 7459 3572 22  1 36 41  0	
 2 19 12744992 200432   1588  48028   48 5654 42786  5718 7576 3699 23  2 35 40  0	
 2 15 12744936 200420   1592  48876   32    0 51538     6 6779 3581 20  1 39 40  0	
 3 13 12759788 200420   1604  74496    0 7460 42538  7550 7966 4790 21  1 36 42  0	
 1 19 12776296 236884   1608  38736   32 8268 34596  8386 7779 4322 15  2 47 36  0	
 7 12 12786236 200612   1608  58668   64 4988 41586  5000 7007 3529 29  1 40 30  0	
 3 13 12786204 201784   1648  54972    0    0 49644     0 6022 3611 21  1 45 33  0	
 0 18 12786136 204056   1660  53660   96    0 47786     0 6123 3677 21  1 42 36  0	
 3  2 12842780 200540   1608  56736   32 28338 38650 28506 6321 3492 19  3 38 40  0	
 3  4 12842728 200636   1400  58216   80    4 36206    10 4681 3067 16  1 57 26  0	
 2  6 12842672 207376   1396  51888   16    0 33258    98 4346 3047 20  0 68 12  0	
 0  1 12842636 209260   1440  50204   22    0 11802     0 2432 2435  7  0 79 13  0	
 3 14 12842484 208580   1496  51048  148    0 49402     0 9472 4287 27  2 41 30  0	
 1 13 12842452 213100   1504  47036    0    0 52232    54 6321 4038 25  1 35 39  0	
 2 18 12842408 202084   1504  58188   32    0 59310     0 6153 3833 23  1 49 27  0	
 2 13 12842336 205264   1504  51112   48    0 55774     0 6171 3752 26  1 45 28  0	
 5 13 12842300 201356   1512  55440   16    0 56204    16 6051 3749 23  1 42 34  0	
 2 17 12842224 224508   1492  42312   32    0 53480   188 11409 4039 36  1 38 24  0	
procs -----------memory---------- ---swap-- -----io---- --system-- -----cpu-----
 r  b   swpd   free   buff  cache   si   so    bi    bo   in   cs us sy id wa st
 5 13 12842168 210032   1492  53944   32    0 47436     0 6955 3652 24  1 37 38  0	
 6 17 12842120 224736   1500  39104   48    0 52862    56 8452 3924 28  1 39 31  0	
 3 15 12842064 207180   1500  58516   32    0 56186     2 5426 3763 23  1 41 36  0	
 3 14 12842036 216388   1580  45816   16    0 49636     0 7825 3640 27  1 43 29  0	
 2 15 12842004 215984   1592  47436   34    0 50586    46 6216 3688 22  1 44 33  0	
 3 14 12841976 217568   1592  47056    0    0 56664     0 6339 3848 26  1 43 30  0	
 3 16 12841912 211544   1592  53268   64    0 55400    30 5536 3833 22  1 42 36  0	
 4 15 12841868 210500   1600  52672   22    0 51062    32 5594 3604 23  1 44 32  0	
 2 11 12841820 200680   1652  65420    0    0 47992     2 5481 3667 19  1 44 37  0	
 0  1 12841792 204828   1640  59548   16    0 33178    90 5364 3433 11  1 64 24  0	
 0  4 12841760 203040   1632  61008   32    0 26810     2 4795 3011  0  1 85 14  0	
 0  6 12841708 212784   1640  53328   32    0 26332    46 4679 2897  0  1 85 15  0	
 0  3 12841656 213104   1640  52752   16    0 25978     0 4304 2861  0  1 82 17  0	
 1  2 12841588 212092   1640  53668   68    0 25412     2 3593 2813  0  1 82 17  0	
 0  1 12841528 226396   1648  37652   48    0 11434   264 2310 2255  0  0 90 10  0	
 0  1 12841468 229288   1648  33548   20    0   266     0  864 1564  0  0 91  9  0	
 0  0 12841420 231932   1648  31152   64    0    64     0  831 1584  0  0 95  5  0	
 0  0 12841388 231576   1656  30748   32    0    32    48  794 1542  0  0 100  0  0	
 0  0 12841352 231708   1656  30988   16    0   134     0  807 1552  0  0 100  0  0	
 1  1 12841320 231608   1664  31012   16    0    16    14  804 1538  0  0 100  0  0	
 2 12 12841264 202468   1720  58156   80    0 14318     0 4773 3756 11  1 73 15  0	
procs -----------memory---------- ---swap-- -----io---- --system-- -----cpu-----
 r  b   swpd   free   buff  cache   si   so    bi    bo   in   cs us sy id wa st
 3 14 12841200 218512   1680  60032   16    0 58904   132 12958 7152 29  2 35 35  0	
 3 19 12841168 200260   1688  78352   32    0 45194   192 5477 3528 21  1 44 34  0	
 3 13 12841120 199996   1688  79092    0    0 58986     0 7024 3894 24  1 42 33  0	
 3 15 12841064 205816   1688  47040   64    0 49816     6 7652 3724 26  1 25 47  0	
 4 14 12841016 200056   1696  54084   32    0 58222    30 8618 4009 27  1 37 34  0	
 4 16 12840984 202756   1696  50596   48    0 52512     0 6380 3718 25  1 35 38  0	
 4 14 12840956 200220   1696  54420    0    0 58620     0 8796 4091 28  1 40 30  0	
 6 12 12840904 200096   1704  54668   48    0 54222    22 11304 4187 32  1 28 39  0	
 4 18 12840848 203076   1704  52448   16    0 61010     0 7070 4005 28  1 46 25  0	
 4 13 12840808 201700   1712  54316   32    0 51938    22 6848 3772 24  1 36 39  0	
 5 16 12840780 208668   1712  46536   32    0 58610     0 8003 4031 29  1 32 38  0	
 3 15 12840728 201696   1712  53984   68    0 56990     0 6536 3709 23  1 46 30  0	
 2 16 12840664 200384   1720  56972   16    0 43836    22 5497 3481 20  1 34 44  0	
 2 19 12840636 209708   1712  43996    0    0 50430     0 5696 3620 18  1 36 45  0	
 3  8 12840588 208696   2344  44556   58    0 43332     0 5130 3553 16  1 48 35  0	
 0  4 12840532 202812   3932  52408   32    0 22688    96 3606 3125  2  1 70 27  0	
 0  3 12840424 201152   2204  54468   30    0 29414     0 3638 2836  0  1 77 22  0	
 0  7 12840372 205508   2212  49728   16    0 32092    58 3817 2856  0  1 79 20  0	
 0  5 12840240 200196   2216  57132  262    0 29490   210 3329 2745  0  1 67 32  0	
 1  2 12840068 202640   3208  48412 1662    0 15642     0 2815 2845  4  1 73 23  0	
 1  1 12839972 203208   3212  44548 1272    0  1680    46 1137 1827  1  0 87 11  0	
procs -----------memory---------- ---swap-- -----io---- --system-- -----cpu-----
 r  b   swpd   free   buff  cache   si   so    bi    bo   in   cs us sy id wa st
 1  1 12839904 206944   3212  39380   64    0    64     0  809 1547  0  0 92  8  0	
 4 12 12839820 206408   2688  42404  112    0  9624     0 2489 2948  6  1 78 15  0	
 3 16 12884828 204944   2204  50136   64 22538 51620 22572 11339 4548 37  3 26 34  0	
 1 25 12884772 200572   2124  54364   40    0 45442   172 5622 3348 19  1 43 37  0	
 3 13 12884716 202824   2128  49696   32    0 50900    14 6381 3854 21  1 38 40  0	
 1 20 12884676 202244   2128  51064   48    0 58408     0 8361 4045 29  1 40 29  0	
 2 17 12884636 200640   2128  53656    0    0 53706     0 6873 3560 22  1 41 37  0	
 4 19 12884604 200752   2128  54940   16    0 50028     0 6451 3693 23  1 36 40  0	
 2 19 12884544 200768   2128  53340   48    0 49362     0 6067 3556 19  1 32 48  0	
 5 17 12884492 200564   2128  52532   64    0 49748     0 6002 3477 20  1 38 41  0	
 2 19 12884364 200348   2128  52504   68    0 48484     0 6282 3676 23  1 33 43  0	
 4 20 12884332 200184   2128  52920   16    0 53754     2 6854 3562 21  1 39 38  0	
 3 19 12884216 200344   2128  53828  110    0 48732     0 6495 3660 23  1 30 45  0	
 4 18 12884120 200588   2128  54280   52    0 51740     0 6222 3511 20  1 38 40  0	
 3 21 12884016 200112   2128  53768  174    0 45948     0 6197 3408 21  1 41 36  0	
 3 17 12883948 202584   2128  49400   16    0 52530     0 6599 3573 21  1 37 41  0	
 4 16 12883916 201612   2128  52416   18    0 55790     0 7356 3907 26  1 34 39  0	
 5  1 12883788 211024   2152  31380   96    0 33894   308 8166 3961 27  1 43 29  0	
 0  0 12883752 234972   2152  30380   32    0   126     0 7178 1835 10  1 85  4  0	
 0  0 12883716 234804   2152  30384   16    0    16     0  822 1556  0  0 100  0  0	
 0  0 12883668 234952   2160  30404   16    0    16    22  787 1535  0  0 99  0  0	
procs -----------memory---------- ---swap-- -----io---- --system-- -----cpu-----
 r  b   swpd   free   buff  cache   si   so    bi    bo   in   cs us sy id wa st
 0  0 12883632 234828   2160  31356   16    0   822     0  857 1595  0  0 99  1  0	
 1  0 12883600 234660   2160  32000    0    0     0     0  819 1560  0  0 100  0  0	
 0  0 12883560 234660   2172  31996   16    0    16    46  841 1568  0  0 99  0  0	
 2 11 12883464 230520   2180  35368   96    0  2146     0 2078 3043  2  1 96  2  0	
 8  7 12990816 200016   1852  33748  144 53732 24340 54056 126876 6331 30 10 14 45  0	
 3 19 13029756 200708   1668  39096   66 19492 24212 19580 13716 3985 33  4 27 36  0	
 2 16 13071668 204048   1408  30148    2 20972 30298 21030 6546 3128 13  2 40 45  0	
 2 17 13082880 216056    584  70524   68 5644 39736  5676 5040 3283 16  1 48 35  0	
 7  7 13093088 201632    624  43288  402 5206 21620  5264 8001 3371 26  2 21 50  0	
 2 19 13093264 209344    672  31436   36  106 32360   114 16013 3994 39  2 26 33  0	
 5 17 13093184 204928    684  36920   40    0 41084     0 8305 3415 21  1 40 37  0	
 3 18 13093124 201532    684  43692  204    0 43310    40 5465 3455 21  2 22 54  0	
 2 20 13093048 207076    684  37648   22    0 50454     0 8258 3767 25  1 44 30  0	
 4 18 13093004 201884    684  40348   42    0 46416     0 5824 3491 24  1 44 32  0	
 2 18 13092952 208052    684  35480   22    0 49810     0 9321 3693 27  1 39 32  0	
 3 20 13092888 202212    684  41820   40    0 50118     0 5837 3680 23  1 41 36  0	
 4 19 13092852 205672    688  36380   58    0 46798     0 5317 3327 18  1 49 31  0	
 0  3 13092736 213140    708  30340   60    0 38404   104 5125 3370 20  1 46 33  0	
 3 19 13092672 201912    700  42020   62    0 48758     4 5369 3459 18  1 42 39  0	
 5 14 13092560 200664    700  43304  146    0 42770     2 4923 3190 16  1 45 38  0	
 1 16 13092504 200548    708  43336   32    0 49974    24 6093 3641 23  1 39 37  0	
procs -----------memory---------- ---swap-- -----io---- --system-- -----cpu-----
 r  b   swpd   free   buff  cache   si   so    bi    bo   in   cs us sy id wa st
 3 13 13092472 201760    796  56804    4    0 51124     4 5739 3616 20  1 43 37  0	
 2 14 13092404 200716    832  59520   68    0 48892     0 5524 3530 22  1 41 36  0	
 1  4 13092348 213796    864  43796   50    0 45946    56 5465 3616 18  1 47 33  0	
 0  1 13092288 204716    868  55536   18    0 24000     0 3158 2580  4  0 84 12  0	
 0  2 13092236 206608    868  54292   34    0 18828     0 2747 2403  0  0 88 11  0	
 3  1 13092176 202084    876  59092   34    0 18450    66 2558 2372  0  0 89 10  0	
 3 12 13091984 201228    908  58384  250    0 23696     0 3733 3651 11  1 61 28  0	
 3 12 13091896 200536    888  59916   76    0 56564     2 9091 4565 40  1 31 28  0	
 3 14 13091784 206420    896  52552   52    0 48936    26 5357 3486 18  1 41 40  0	
 1 17 13091748 208680    896  49120   18    0 59034     0 6543 3941 25  1 38 35  0	
 3 25 13091716 208420    900  48452   34    0 54092   244 5648 3609 20  1 36 43  0	
 2 21 13091644 202048    904  54412   90    0 45992    56 7707 4049 41  1 29 29  0	
 4 13 13091564 200312    904  56760   22    0 55278     0 5886 3761 19  1 49 31  0	
 1 15 13091480 207020    904  50104   54    0 56542     2 6268 3925 25  1 38 36  0	
 4 13 13091444 202764    912  53960   16    0 55208    30 5521 3656 21  1 48 31  0	
 1 16 13091416 208832    912  47580   48    0 68572     2 7713 4560 24  1 46 29  0	
 4 15 13091324 209292    920  46828   32    0 59572    18 6856 4163 24  1 43 31  0	
 1 15 13091288 205524    920  50224   16    0 52934     2 5519 3519 19  1 40 40  0	
 2 13 13091200 206800    920  49656   48    0 55156     2 6129 3742 24  1 43 32  0	
 2 18 13091100 208376    928  47052   66    0 46758    18 5219 3569 18  1 35 47  0	
 6 11 13091024 200232    928  56288   32    0 59292     4 6397 4099 20  1 38 41  0	
procs -----------memory---------- ---swap-- -----io---- --system-- -----cpu-----
 r  b   swpd   free   buff  cache   si   so    bi    bo   in   cs us sy id wa st
 1  1 13090964 208320    936  47776   64    0 37456    22 5791 4139 10  1 68 22  0	
 0  1 13090928 203812    936  52884    0    0 19572     0 2764 2368  0  0 90  9  0	
 0  1 13090844 210508    944  46304   48    0 19248    16 2736 2346  0  0 88 11  0	
 0  1 13090816 204120    944  51540    0    0  5896     0 1407 1793  0  0 90  9  0	
 1  1 13090744 207536    944  46616   16    0    56     0  782 1512  0  0 91  8  0	
 0  1 13090692 211784    952  41228   48    0    48    14  787 1537  0  0 91  8  0	
 1  1 13090632 222728    956  29264   64    0    66    70  874 1602  0  0 91  8  0	
 1  3 13089920 223296   1012  27116 1054    0  3026     0 1655 2524  1  0 81 18  0	
 0  1 10682532 18888560   1064  27668 1144    0  2416    94 1531 1790  0  3 87  9  0	
 0  0 10679236 18919628   1072  29984 1446    0  2602    42 1105 1589  0  0 94  5  0	
