procs -----------memory---------- ---swap-- -----io---- -system-- -----cpu------
 r  b   swpd   free   buff  cache   si   so    bi    bo   in   cs us sy id wa st
 1  2   8160 31372104   1872 106424    0    0    32    14    0    0  0  0 99  0  0
 1  0   8160 31310416   2176 125776    0    0  9800     0 1576 1434  3  0 87  9  0
 1  0   8160 31242084   2248 144488    0    0  9396     0 1659 1260  7  0 88  4  0
 3  0   8160 31108408   2276 160240    0    0  8132     0 2782 3961 10  1 86  3  0
 0  9   8160 30904272   2432 189056    0    0 14088     8 3083 5523 10  1 68 21  0
 5 11   8160 28333196   2560 267068    0    0 39006   408 3412 3054 43  5 35 17  0
 2 13   8160 25604916   2664 388052    0    0 60724   110 2097 1964 26  5 40 30  0
 2 12   8160 25204260   2772 509936    0    0 60704     0 1611 1474 21  1 46 32  0
 3 14   8160 24862020   2908 626424    0    0 58548     0 1752 1464 25  1 40 34  0
 4 12   8160 24525980   3036 759620    0    0 66392     0 1898 1599 31  1 38 31  0
 3 15   8160 24238276   3176 899744    0    0 70266     0 2300 2020 34  1 31 33  0
 2 13   8160 24129228   3280 1008392    0    0 54020     0 1533 1517 19  1 37 44  0
 2 12   8160 23678348   3396 1129976    0    0 60578     0 1982 1700 30  2 37 31  0
 3 13   8160 22955676   3524 1260620    0    0 65344     6 1747 1772 22  2 38 39  0
10 12   8160 22058916   3748 1473148    0    0 106022    22 4126 3173 38  2 36 24  0
10  1   8160 21840576   3888 1596972    0    0 61846    40 2627 2275 40  1 39 20  0
11  0   8160 21527600   3988 1696512    0    0 49576     0 3814 2884 75  4 12 10  0
13  0   8160 21357348   4056 1754132    0    0 28578     0 4856 3723 91  6  3  0  0
12  0   8160 21240440   4124 1805980    0    0 26228     2 3951 3336 92  6  2  1  0
12  0   8160 21170620   4148 1830336    0    0 12044     0 3876 3245 93  6  1  0  0
14  0   8160 21137768   4192 1857416    0    0 13460    68 3627 3243 94  6  1  0  0
procs -----------memory---------- ---swap-- -----io---- -system-- -----cpu------
 r  b   swpd   free   buff  cache   si   so    bi    bo   in   cs us sy id wa st
13  0   8160 21067204   4292 1923196    0    0 33074     0 3931 3355 93  6  1  0  0
10  8   8160 20934748   4428 2030176    0    0 53518     0 4796 3819 83  5  8  5  0
 6  9   8160 20783724   4580 2157560    0    0 63392     6 3061 2919 48  2 27 23  0
 3 12   8160 20652400   4740 2288108    0    0 65122     0 2069 1996 23  1 40 37  0
 2 11   8160 20480108   4852 2417140    0    0 64580     0 1954 1629 26  1 39 33  0
 5 12   8160 20291628   4988 2544040    0    0 63352     0 2034 1557 31  1 52 16  0
 4 10   8160 20157336   5116 2677796    0    0 66652     0 1808 1619 24  1 53 22  0
 6 14   8160 19964120   5244 2810056    0    0 65810    72 2540 2010 37  1 39 23  0
11  3   8160 19623392   5452 3001968    0    0 95796    48 3919 3479 42  2 30 26  0
11  7   8160 19472112   5572 3124752    0    0 61396    32 2950 2485 56  2 20 22  0
10  0   8160 19255360   5692 3249100    0    0 62094     0 3171 2492 57  2 21 21  0
10  2   8160 19077696   5820 3367668    0    0 59458    30 4584 3040 80  5  8  7  0
11  0   8160 18887488   5912 3472592    0    0 52272     0 4406 3130 77  5 12  5  0
10  0   8160 18815848   5968 3522320    0    0 24732     0 4481 3424 79  4 16  0  0
 8  0   8160 18728320   6016 3565572    0    0 21524    62 4272 3582 71  4 24  0  0
 4  0   8160 18721280   6020 3571520    0    0  2946     0 3057 3124 60  3 37  0  0
 0  0   8160 18719188   6020 3573576    0    0  1024    10 1692 2049 25  1 75  0  0
 0  0   8160 18717252   6024 3575624    0    0  1026     0  668  947  0  0 100  0  0
 0  0   8160 18715804   6024 3577672    0    0  1024     0  766  959  0  0 100  0  0
11  0   8160 18576036   6036 3582140    0    0  2244     6 3484 3721 39  1 59  0  0
11  0   8160 18405132   6036 3584296    0    0  1024     0 7229 4865 87  5  8  0  0
procs -----------memory---------- ---swap-- -----io---- -system-- -----cpu------
 r  b   swpd   free   buff  cache   si   so    bi    bo   in   cs us sy id wa st
13  0   8160 18071728   6040 3587964    0    0  2050     0 9926 4636 88  7  4  0  0
15  0   8160 17963236   6084 3618652    0    0 15378    96 7452 3556 94  6  1  0  0
16  0   8160 17758504   6132 3659864    0    0 20508     0 8477 3968 93  6  1  0  0
 9  0   8160 17670580   6180 3712244    0    0 26136     0 8651 5002 83  6 12  0  0
 9  2   8160 17457176   6280 3810508    0    0 49098     0 7942 7000 63  4 31  2  0
 7  5   8160 17287296   6396 3923644    0    0 56404    30 5814 4614 73  3 16  8  0
12  3   8160 17099552   6500 4035468    0    0 55556     0 6350 3886 84  5  5  6  0
11  0   8160 16919372   6592 4129320    0    0 47156     0 5066 3539 87  5  7  0  0
 7  4   8160 16794124   6708 4237940    0    0 54222    88 6843 3673 69  4 20  7  0
 6  4   8160 16644324   6836 4370352    0    0 66088     0 3666 3234 57  3 25 15  0
 2  5   8160 16454008   6964 4499280    0    0 64220    46 2536 2432 46  2 37 15  0
 2  0   8160 16345268   7060 4606740    0    0 53784     0 1905 1838 23  0 64 12  0
 2  0   8160 16263840   7140 4688708    0    0 40744     0 1550 1636 17  0 83  0  0
 0  0   8160 16239444   7160 4712996    0    0 12042     0 1097 1235  6  0 94  0  0
 0  0   8160 16239956   7160 4712992    0    0     0     0  652  955  0  0 100  0  0
 0  0   8160 16239980   7160 4712988    0    0     0     8  717  960  0  0 100  0  0
 0  0   8160 16240500   7168 4712984    0    0     0    50  671  972  0  0 99  0  0
 0  0   8160 16240872   7168 4712992    0    0     0     0  711  957  0  0 100  0  0
 1  0   8160 16241916   7168 4712984    0    0     0     0  663  981  0  0 100  0  0
 1  0   8160 16238624   7168 4712984    0    0     0     0  679  956  0  0 99  0  0
 1  0   8160 16239936   7168 4712988    0    0     0     0  701  943  0  0 100  0  0
procs -----------memory---------- ---swap-- -----io---- -system-- -----cpu------
 r  b   swpd   free   buff  cache   si   so    bi    bo   in   cs us sy id wa st
 0  0   8160 16240680   7168 4713000    0    0     0     0  632  933  0  0 100  0  0
 0  0   8160 16240676   7168 4713008    0    0     0     0  704  990  0  0 100  0  0
 0  0   8160 16241048   7168 4713000    0    0     0     4  635  942  0  0 100  0  0
14  0   8160 16222172   7188 4713756    0    0   638    30 1813 2755  5  0 94  1  0
13  0   8160 16143164   7188 4714456    0    0     0    26 10596 5408 94  5  1  0  0
13  0   8160 15917700   7188 4715240    0    0   512     0 15203 7678 86  7  7  0  0
12  0   8160 15665500   7200 4724740    0    0  4614     0 11394 5119 87  6  7  0  0
11  0   8160 15455932   7212 4735904    0    0  5638     8 12281 6646 83  6 11  0  0
12  0   8160 15458612   7240 4757872    0    0 11022     0 7296 4535 90  5  5  0  0
13  0   8160 15239024   7256 4778800    0    0 10378     0 5921 3110 94  5  1  0  0
11  0   8160 15127916   7284 4803456    0    0 12302     0 5883 2847 92  4  3  0  0
12  0   8160 15088804   7324 4835416    0    0 16018   126 4101 3087 87  4  9  0  0
11  0   8160 14985248   7348 4862472    0    0 13836    52 3831 2788 87  3  9  0  0
13  0   8160 14849220   7376 4889676    0    0 13456     0 3957 2798 93  4  2  0  0
14  0   8160 14752940   7400 4916388    0    0 13068     0 4571 2563 93  4  2  0  0
10  0   8160 14699584   7432 4943076    0    0 13326     0 6145 3019 92  5  4  0  0
 9  0   8160 14631244   7488 4981808    0    0 19476     0 6115 4884 73  4 24  0  0
11  0   8160 14520396   7524 5018888    0    0 18450     0 7594 6289 78  5 18  0  0
10  0   8160 14297064   7560 5050972    0    0 16016     0 5016 3988 81  4 14  0  0
11  0   8160 14201704   7588 5071360    0    0 10250   134 8915 5095 84  5 11  0  0
15  0   8160 14128800   7608 5090340    0    0  9354     0 9265 4342 92  5  2  0  0
procs -----------memory---------- ---swap-- -----io---- -system-- -----cpu------
 r  b   swpd   free   buff  cache   si   so    bi    bo   in   cs us sy id wa st
12  0   8160 14003100   7636 5108468    0    0  8970     0 7587 3078 92  4  3  0  0
11  0   8160 13901544   7652 5127764    0    0  9736    14 7684 3829 90  5  6  0  0
12  0   8160 13790936   7672 5140916    0    0  6534     0 6687 3581 87  4  8  0  0
11  0   8160 13701416   7680 5152464    0    0  5766     0 5236 2762 87  4  9  0  0
10  0   8160 13636012   7692 5163632    0    0  5638     0 5860 2842 86  4 10  0  0
 6  0   8160 13598804   7712 5176212    0    0  6150     0 3413 2957 74  3 23  0  0
10  0   8160 13496012   7736 5193284    0    0  8456    94 2694 2705 51  2 47  0  0
10  0   8160 13466680   7756 5209972    0    0  8456     0 2453 2570 50  1 48  0  0
 4  0   8160 13410756   7776 5228068    0    0  8970     6 2449 2459 43  1 55  0  0
 2  0   8160 13343084   7796 5240232    0    0  6020     0 1882 1832 28  1 72  0  0
 1  0   8160 13342480   7796 5240248    0    0     0     0 1161 1317  9  0 91  0  0
 0  0   8160 13342868   7800 5240248    0    0     0     0  806  987  1  0 99  0  0
 0  0   8160 13343064   7800 5240244    0    0     0     0  603  919  0  0 100  0  0
10  0   8160 13076200   7816 5240372    0    0    12   148 4003 3192 40  2 58  0  0
11  0   8160 13031328   7816 5240372    0    0     0     0 16094 7342 85  7  9  0  0
10  0   8160 12851296   7816 5240376    0    0     0     0 12366 6860 85  6  9  0  0
11  0   8160 12596044   7816 5240376    0    0     0    36 5920 4017 85  5 10  0  0
12  0   8160 12499408   7816 5240372    0    0     0     0 8862 5864 90  5  5  0  0
13  0   8160 12363024   7832 5255272    0    0  7432     6 7015 4054 94  5  1  0  0
 9  0   8160 12341628   7852 5273012    0    0  9100     0 8978 4711 84  4 12  0  0
12  0   8160 12395196   7868 5290868    0    0  8712     0 7044 4140 89  6  5  0  0
procs -----------memory---------- ---swap-- -----io---- -system-- -----cpu------
 r  b   swpd   free   buff  cache   si   so    bi    bo   in   cs us sy id wa st
14  0   8160 12255928   7896 5308844    0    0  8970    60 8104 3833 93  5  2  0  0
15  0   8160 12244476   7912 5322676    0    0  6920     0 5362 2717 95  5  1  0  0
13  0   8160 12133136   7924 5338020    0    0  7716     2 8018 2879 94  4  2  0  0
11  0   8160 12053464   7944 5355608    0    0  8714     0 7847 3659 90  5  5  0  0
 8  0   8160 11918688   7956 5371364    0    0  7814     0 10003 3745 74  5 21  0  0
 4  0   8160 11873552   7956 5371364    0    0     0     8 3215 2630 50  2 48  0  0
 1  0   8160 11869964   7956 5371360    0    0     0     0 1457 1568 18  0 81  0  0
 1  0   8160 11870260   7956 5371360    0    0     0     0 1100 1224  8  0 91  0  0
 1  0   8160 11870036   7964 5371360    0    0     0    60 1125 1219  8  0 91  0  0
 0  0   8160 11870408   7964 5371364    0    0     0     0  706 1030  1  0 99  0  0
10  0   8160 11870788   7968 5371360    0    0     0    54 1372 2155  3  0 97  0  0
 8  0   8160 11849340   7968 5371460    0    0     0     0 6983 4619 65  2 33  0  0
 7  0   8160 11761796   7968 5371464    0    0     0    66 13762 8796 55  4 41  0  0
10  0   8160 11514912   7968 5371464    0    0     0     0 12714 10318 50  3 47  0  0
10  0   8160 11290116   7980 5371452    0    0     0     0 12299 12012 67  4 29  0  0
10  0   8160 11326820   8084 5450100    0    0     2 23012 7293 6590 19  2 76  4  0
 9  0   8160 11050168   8112 5467572    0    0  8458     0 8560 7887 61  2 37  0  0
10  0   8160 10855860   8132 5488872    0    0 10636     0 7997 7221 72  3 24  0  0
 6  0   8160 10654848   8188 5534816    0    0  5894     0 10378 10512 72  3 25  0  0
12  0   8160 10505412   8228 5570956    0    0  8202     0 3976 2857 77  2 21  0  0
13  0   8160 10327864   8264 5607716    0    0 18448     2 3920 3103 94  4  2  0  0
procs -----------memory---------- ---swap-- -----io---- -system-- -----cpu------
 r  b   swpd   free   buff  cache   si   so    bi    bo   in   cs us sy id wa st
11  0   8160 10165648   8344 5676500    0    0 16018     0 6558 2836 78  3 19  0  0
 7  0   8160 10051212   8420 5730840    0    0 15124    10 7455 3899 84  4 13  0  0
12  1   8160 9856160   8528 5807440    0    0  8202 70410 4535 3526 51  2 42  5  0
12  0   8160 9747404   8552 5827920    0    0  8586     0 3917 3129 87  4  8  2  0
 3  0   8160 9542796   8656 5913904    0    0 11532     0 2868 2281 59  2 38  0  0
 9  0   8160 9439612   8848 5955352    0    0  9256     0 3375 2474 65  2 30  2  0
 6  0   8160 9275072   8872 5979944    0    0 10250    10 3545 2711 67  3 31  0  0
 6  0   8160 9112504   8904 6005244    0    0  1408     0 2862 2466 57  2 41  0  0
 6  0   8160 9001532   8904 6005248    0    0     0     0 2865 2489 53  1 46  0  0
 3  3   8160 8907796   8908 6005248    0    0     0 59174 2386 2112 39  1 57  4  0
 1  0   8160 8914268   8924 6000940    0    0     0 24982 1576 1698 18  1 75  6  0
 1  0   8160 8913812   8924 6000944    0    0     0   336 1210 1326  9  0 91  0  0
 0  0   8160 8913704   8928 6000924    0    0     0     0  797 1022  2  0 97  0  0
 0  0   8160 8914288   8928 6000912    0    0     0     0  721  995  0  0 100  0  0
 0  0   8160 8914916   8928 6000876    0    0     0     0  667  951  0  0 100  0  0
 0  0   8160 8915164   8928 6000864    0    0     0     0  662  950  0  0 100  0  0
 0  0   8160 8915792   8928 6000832    0    0     0     8  710  975  0  0 100  0  0
 0  0   8160 8915668   8936 6000808    0    0     0    52  648  943  0  0 100  0  0
 0  0   8160 9252276   8936 5664228    0    0     0     0  649 1010  0  0 100  0  0
13  0   8160 9165848   8940 5664496    0    0     0     0 10891 7741 83  5 12  0  0
11  0   8160 9092332   8940 5664440    0    0     0     0 8625 5527 84  6 10  0  0
procs -----------memory---------- ---swap-- -----io---- -system-- -----cpu------
 r  b   swpd   free   buff  cache   si   so    bi    bo   in   cs us sy id wa st
12  0   8160 8948096   8940 5664296    0    0     0     8 4934 3683 86  5  9  0  0
12  0   8160 8861876   8940 5664068    0    0     0     0 4863 4373 89  6  6  0  0
13  0   8160 8792552   8940 5663984    0    0     0     0 3850 3111 91  5  4  0  0
 9  0   8160 8665324   8940 5663848    0    0     0    10 3982 3060 90  5  5  0  0
15  0   8160 8595752   8952 5663860    0    0     0   160 9956 6889 84  6 11  0  0
14  0   8160 8566180   8952 5663832    0    0     0    10 6131 3190 93  5  2  0  0
13  0   8160 8389916   8952 5664200    0    0   256     0 4943 2952 92  5  3  0  0
12  0   8160 8389012   8952 5664316    0    0     0     0 4358 3053 94  5  1  0  0
14  0   8160 8313268   8952 5664292    0    0     0     8 4461 3042 94  5  1  0  0
14  0   8160 8293180   8952 5664264    0    0     0     0 7937 3581 92  6  2  0  0
12  0   8160 8271152   8952 5664308    0    0     0     0 5797 3485 91  5  4  0  0
12  0   8160 8207420   8952 5664284    0    0     0     0 12731 7152 87  6  7  0  0
10  0   8160 8024908   8960 5664276    0    0     0    82 7198 4235 85  5 10  0  0
12  0   8160 7994480   8964 5664344    0    0    42    82 8771 5312 74  4 22  0  0
 5  0   8160 7943120   8964 5664344    0    0     0     0 5692 2760 69  3 28  0  0
 4  0   8160 7944400   8964 5664336    0    0     0     0 1897 1928 30  1 70  0  0
 3  0   8160 7918984   8964 5664328    0    0     0     0 1707 1691 27  0 73  0  0
 1  0   8160 7921252   8964 5664324    0    0     0     0 1335 1478 16  0 84  0  0
 0  0   8160 7920540   8964 5664316    0    0     0    18  820 1047  3  0 97  0  0
 0  0   8160 7921052   8964 5664312    0    0     0     0  672  938  0  0 100  0  0
 0  0   8160 7921448   8972 5664308    0    0     0    62  663  979  0  0 99  0  0
procs -----------memory---------- ---swap-- -----io---- -system-- -----cpu------
 r  b   swpd   free   buff  cache   si   so    bi    bo   in   cs us sy id wa st
 0  0   8160 7922316   8972 5664308    0    0     0     0  632  934  0  0 100  0  0
 0  0   8160 7921828   8972 5664300    0    0     0     0  676  965  0  0 100  0  0
 0  0   8160 7922092   8972 5664304    0    0     0     4  645  919  0  0 100  0  0
 0  0   8160 7921968   8972 5664308    0    0     0     0  617  899  0  0 100  0  0
 0  0   8160 7922216   8972 5664312    0    0     0     6  676  949  0  0 100  0  0
 0  0   8160 7922984   8972 5664296    0    0     0     0  647  938  0  0 100  0  0
 0  0   8160 7923496   8980 5664272    0    0     0    32  676  970  0  0 99  0  0
 0  0   8160 7923180   8980 5664276    0    0     0     0  683  992  0  0 100  0  0
11  0   8160 7922820   8992 5664260    0    0     0     0 1491 2250  9  0 91  0  0
14  0   8160 7895072   8992 5664372    0    0     0     8 7567 5359 76  4 21  0  0
 8  0   8160 7866744   8992 5664384    0    0     0     0 12441 6070 68  4 27  0  0
11  0   8160 7717524   8992 5664384    0    0     0     0 9317 7127 64  4 32  0  0
14  0   8160 7478144   8992 5664392    0    0     0    18 6472 4797 84  4 12  0  0
13  0   8160 7416160   9068 5725272    0    0     0     0 3344 2116 53  2 45  0  0
13  2   8160 7225456   9160 5798548    0    0     0 57804 7250 4892 86  5  8  1  0
17  0   8160 7086756   9228 5849556    0    0     0   156 3128 2384 64  2 33  1  0
10  0   8160 6998708   9228 5849584    0    0     0     0 6016 3094 92  4  4  0  0
10  0   8160 6912348   9228 5849576    0    0     0    10 5009 2545 91  4  5  0  0
14  0   8160 6754748   9228 5849588    0    0     0     0 4710 2907 91  5  5  0  0
10  0   8160 6629864   9280 5891280    0    0     0     0 6847 3103 73  3 24  0  0
10  0   8160 6505268   9328 5932076    0    0     0     0 3415 2782 69  3 28  0  0
procs -----------memory---------- ---swap-- -----io---- -system-- -----cpu------
 r  b   swpd   free   buff  cache   si   so    bi    bo   in   cs us sy id wa st
 7  3   8160 6434508   9396 5983580    0    0     0 62034 3161 3071 45  2 50  3  0
10  1   8160 6293076   9408 5978648    0    0     2 33134 3258 2741 59  2 30  9  0
11  0   8160 6181376   9408 5978628    0    0     0     0 2559 2547 54  2 45  0  0
 6  0   8160 6118308   9412 5978584    0    0     0    12 6073 3517 47  2 51  0  0
 5  0   8160 6047156   9412 5978600    0    0     0     0 2302 2283 45  1 54  0  0
 3  0   8160 5893464   9412 5978540    0    0     0     0 2200 1832 32  1 67  0  0
 2  0   8160 5892868   9412 5978532    0    0     0    18 1709 1827 23  1 77  0  0
 1  0   8160 5812408   9416 5978500    0    0     0     0 1584 1426 22  0 78  0  0
 0  0   8160 5811796   9424 5978468    0    0     0    84  788 1079  3  0 97  0  0
 0  0   8160 5811808   9424 5978480    0    0     0     0  673  972  0  0 100  0  0
 0  0   8160 5811880   9424 5978452    0    0     0     0  641  957  0  0 100  0  0
 0  0   8160 5812252   9424 5978452    0    0     0   306  750  956  0  0 100  0  0
 1  0   8160 5813012   9424 5978428    0    0     0     0  623  954  0  0 100  0  0
 0  0   8160 5813484   9424 5978428    0    0     0     0  661  972  0  0 100  0  0
 0  0   8160 5814052   9424 5978420    0    0     0     0  628  970  0  0 100  0  0
 0  0   8160 5814232   9432 5978412    0    0     0    36  601  952  0  0 99  0  0
 0  0   8160 5815000   9432 5978412    0    0     0     4  693  996  0  0 100  0  0
 0  0   8160 5814808   9432 5978416    0    0     0     0  615  963  0  0 100  0  0
 0  0   8160 5815180   9432 5978416    0    0     0    10  613  953  0  0 100  0  0
 0  0   8160 5815396   9432 5978364    0    0     0     0  588  961  0  0 100  0  0
 0  0   8160 5815636   9432 5978164    0    0     0     0  624  955  0  0 100  0  0
procs -----------memory---------- ---swap-- -----io---- -system-- -----cpu------
 r  b   swpd   free   buff  cache   si   so    bi    bo   in   cs us sy id wa st
 0  0   8160 5815264   9432 5978164    0    0     0    14  589  947  0  0 100  0  0
 0  0   8160 5815628   9432 5978088    0    0     0     0  594  959  0  0 100  0  0
 0  0   8160 5815144   9440 5978052    0    0     0    40  598  955  0  0 100  0  0
 0  0   8160 5815688   9440 5978056    0    0     0     0  585  999  0  0 100  0  0
 6  0   8160 6075776   9448 5718192    0    0     0     0 1355 2328  2  0 98  0  0
 9  0   8160 5955380   9448 5718248    0    0     0     2 10872 10480 61  4 35  0  0
10  0   8160 5882236   9448 5718224    0    0     0     0 9901 9409 76  5 19  0  0
12  0   8160 5732932   9448 5718160    0    0     0    10 9511 9139 84  6 10  0  0
13  0   8160 5734992   9448 5718140    0    0     0     0 5485 4391 90  4  5  0  0
10  0   8160 5654624   9448 5718080    0    0     0     0 3818 2790 94  4  2  0  0
13  0   8160 5452776   9460 5718096    0    0     0   168 6369 3052 89  5  6  0  0
14  0   8160 5342548   9460 5718088    0    0     0     0 6881 3219 91  6  2  0  0
15  0   8160 5290796   9460 5718076    0    0     0     4 3862 2611 94  4  1  0  0
14  0   8160 5229820   9460 5718056    0    0     0     0 9446 2832 93  5  2  0  0
13  0   8160 5131240   9460 5718060    0    0     0     0 6299 3662 93  5  2  0  0
12  0   8160 5133960   9460 5718064    0    0     0     8 7915 3660 90  5  5  0  0
 9  0   8160 5150596   9460 5718092    0    0     0     0 5376 3607 85  5 10  0  0
 9  1   8160 5090704   9468 5718096    0    0     0   106 4620 3336 73  4 24  0  0
 6  0   8160 5053140   9468 5718096    0    0     0     0 7795 7838 63  3 34  0  0
 6  0   8160 5002036   9468 5718104    0    0     0     0 4232 4239 46  1 52  0  0
 4  0   8160 4988396   9468 5718108    0    0     0    12 4471 4227 41  1 57  0  0
procs -----------memory---------- ---swap-- -----io---- -system-- -----cpu------
 r  b   swpd   free   buff  cache   si   so    bi    bo   in   cs us sy id wa st
 4  0   8160 4894668   9468 5718108    0    0     0     0 4097 3969 39  1 59  0  0
 3  0   8160 4893988   9468 5718108    0    0     0    10 1844 2027 31  1 68  0  0
 2  0   8160 4777172   9468 5718116    0    0     0     0 1661 1732 27  1 73  0  0
 1  0   8160 4801128   9468 5718116    0    0     0     0 1789 1810 16  0 84  0  0
 1  0   8160 4801500   9476 5718104    0    0     0    42 1085 1243  8  0 91  0  0
 1  0   8160 4802136   9476 5718104    0    0     0     0 1183 1252 11  0 89  0  0
 1  0   8160 4802648   9476 5718108    0    0     0    76 1070 1193  9  0 91  0  0
 0  0   8160 4803656   9476 5718108    0    0     0     0  988 1160  6  0 93  0  0
 0  0   8160 4803776   9476 5718104    0    0     0     0  634  935  0  0 100  0  0
 0  0   8160 4803768   9476 5718100    0    0     0     4  657  941  0  0 100  0  0
 0  0   8160 4804152   9476 5718096    0    0     0     0  652  950  0  0 100  0  0
 0  0   8160 4804320   9476 5718092    0    0     0    14  655  941  0  0 100  0  0
 0  0   8160 4804552   9484 5718084    0    0     0    28  646  998  0  0 99  0  0
 0  0   8160 4804660   9484 5718068    0    0     0     0  678  962  0  0 100  0  0
 0  0   8160 4804560   9484 5718060    0    0     0     8  685  948  0  0 100  0  0
 0  0   8160 4804808   9484 5718068    0    0     0     0  640  946  0  0 100  0  0
 0  0   8160 4805664   9484 5718060    0    0     0     8  708  957  0  0 100  0  0
 0  0   8160 4805572   9484 5718064    0    0     0     0  646  950  0  0 100  0  0
 0  0   8160 4805564   9484 5718060    0    0     0     0  630  950  0  0 100  0  0
10  0   8160 4781744   9488 5718176    0    0     0    10 10018 8247 40  2 59  0  0
 6  0   8160 4701144   9496 5718180    0    0     0    96 17203 12022 65  5 30  0  0
procs -----------memory---------- ---swap-- -----io---- -system-- -----cpu------
 r  b   swpd   free   buff  cache   si   so    bi    bo   in   cs us sy id wa st
10  0   8160 4642120   9496 5718184    0    0     0     0 15013 7579 68  4 28  0  0
11  0   8160 4451792   9496 5718164    0    0     0     0 10661 8663 76  5 19  0  0
10  0   8160 4289180   9504 5724212    0    0  3076     0 8422 5576 85  6  9  0  0
12  0   8160 4048372   9524 5744204    0    0  9994     0 7500 5804 79  4 17  0  0
10  0   8160 3863732   9540 5759436    0    0  7562     0 7986 6237 90  4  5  0  0
10  0   8160 3695092   9612 5821488    0    0  4612     4 9504 9391 68  4 28  0  0
11  2   8160 3562192   9636 5834948    0    0  7328 25220 8789 4503 85  5  9  0  0
 7  0   8160 3366100   9700 5891176    0    0 10096     0 6996 3433 76  5 19  0  0
 9  0   8160 3281168   9776 5976004    0    0  8200    78 5593 2488 59  2 39  0  0
10  0   8160 3033140   9824 6007288    0    0  8970     0 6866 5352 84  4 12  0  0
10  0   8160 2894252   9872 6058324    0    0  5508    10 6221 3815 76  4 20  0  0
12  0   8160 2750924   9888 6065456    0    0     0     0 3573 2793 78  3 19  0  0
 9  0   8160 2654452   9892 6073632    0    0     0     0 4803 3820 74  3 24  0  0
 6  0   8160 2530000   9972 6135568    0    0     0    10 4218 3538 62  2 36  0  0
 8  2   8160 2407612  10016 6171596    0    0     0 100626 5015 4249 60  2 32  6  0
 7  2   8160 2287176  10248 6177420    0    0   152 18104 4968 2756 66  2 17 15  0
 5  1   8160 2254812  11664 6209404    0    0   690     0 4551 2493 41  1 50  8  0
 4  0   8160 2168324  12964 6217360    0    0   646     0 2885 2496 45  1 46  8  0
 3  0   8160 2058996  12964 6217776    0    0     0     0 2290 1833 40  1 59  0  0
 0  0   8160 2057928  12964 6217776    0    0     0     0 1361 1462 14  0 86  0  0
 0  0   8160 2058608  12964 6217772    0    0     0     4  656  962  0  0 100  0  0
procs -----------memory---------- ---swap-- -----io---- -system-- -----cpu------
 r  b   swpd   free   buff  cache   si   so    bi    bo   in   cs us sy id wa st
 0  1   8160 2059904  12972 6216548    0    0     0 32762  778  968  0  0 96  4  0
 0  0   8160 2060512  12972 6216268    0    0     0     0  705 1022  0  0 99  1  0
 0  0   8160 2061140  12972 6216208    0    0     0     4  646  953  0  0 100  0  0
 2  0   8160 2061524  12972 6216160    0    0     0     0  672  946  0  0 100  0  0
 0  0   8160 2061820  12972 6216136    0    0     0    18  734  954  0  0 99  0  0
 0  0   8160 2062424  12972 6216112    0    0     0     0  644  954  0  0 100  0  0
 0  0   8160 2062556  12972 6216084    0    0     0     0  618  935  0  0 100  0  0
 0  0   8160 2063176  12972 6216064    0    0     0     8  680  962  0  0 100  0  0
 0  0   8160 2062876  12980 6216040    0    0     0    44  663  995  0  0 99  0  0
14  0   8160 2224912  12984 5906936    0    0     0    10 6603 5330 74  5 21  0  0
13  0   8160 2110328  12984 5906868    0    0     0     0 7444 4069 92  6  2  0  0
12  0   8160 2033268  12984 5906804    0    0     0     0 6051 2890 93  6  2  0  0
12  0   8160 1968084  12984 5906704    0    0     0   182 3730 2958 93  6  2  0  0
12  0   8160 1900628  12984 5906660    0    0     0     0 3627 2639 92  5  3  0  0
14  0   8160 1854948  12984 5906612    0    0     0     0 6426 2711 93  5  2  0  0
 1  0   8160 1680108  12996 5906588    0    0     0   108 2276  876 22  1 77  0  0
 1  0   8160 1680472  12996 5906584    0    0     0     0  958  647  9  0 91  0  0
 1  0   8160 1680076  12996 5906476    0    0     0     2  954  620  9  0 91  0  0
13  0   8160 1699420  12996 5880844    0    0     0     0 3478 2017 48  2 50  0  0
12  0   8160 1696940  12996 5880788    0    0     0     4 11064 4792 90  7  3  0  0
12  0   8160 1768772  12996 5880700    0    0     0     0 10739 3266 90  6  4  0  0
procs -----------memory---------- ---swap-- -----io---- -system-- -----cpu------
 r  b   swpd   free   buff  cache   si   so    bi    bo   in   cs us sy id wa st
15  0   8160 1702208  12996 5880684    0    0     0     0 9616 7271 93  5  2  0  0
10  0   8160 1701088  12996 5880680    0    0     0    18 7506 3002 93  5  2  0  0
13  0   8160 1699608  13012 5880672    0    0     2    74 5115 2796 94  5  1  0  0
11  0   8160 1704628  13012 5880680    0    0     0    10 7563 3005 93  6  2  0  0
10  0   8160 1701812  13012 5880676    0    0     0     0 9078 4066 79  4 18  0  0
 8  0   8160 1705392  13012 5880676    0    0     0     0 6541 2878 71  3 26  0  0
 6  0   8160 1705788  13012 5880668    0    0     0    10 2557 2712 52  2 47  0  0
 3  0   8160 1706560  13012 5880664    0    0     0     0 1983 2198 31  1 68  0  0
 1  0   8160 1706856  13012 5880668    0    0     0    12 1654 1890 21  0 78  0  0
 0  0   8160 1707012  13020 5880652    0    0     0    44  791 1034  1  0 99  0  0
 0  0   8160 1707808  13020 5880652    0    0     0     0  720  951  0  0 100  0  0
 0  0   8160 1708252  13020 5880636    0    0     0    76  670  917  0  0 100  0  0
 0  0   8160 1708648  13020 5880640    0    0     0     0  719  936  0  0 100  0  0
 0  0   8160 1708076  13020 5880644    0    0     0     2 1128  924  3  0 97  0  0
 0  0   8160 1708340  13020 5880644    0    0     0     0 1293  926  1  0 99  0  0
 0  0   8160 1708836  13020 5880644    0    0     0     0  608  911  0  0 100  0  0
 0  0   8160 1709108  13020 5880644    0    0     0     6  618  902  0  0 100  0  0
 0  0   8160 1708400  13028 5880620    0    0     0    38  658  938  0  0 99  0  0
 0  0   8160 1709152  13028 5880596    0    0     0    16  670  973  0  0 100  0  0
 0  0   8160 1709476  13028 5880600    0    0     0     0  614  921  0  0 100  0  0
 0  0   8160 1709972  13028 5880592    0    0     0     0  633  909  0  0 100  0  0
procs -----------memory---------- ---swap-- -----io---- -system-- -----cpu------
 r  b   swpd   free   buff  cache   si   so    bi    bo   in   cs us sy id wa st
 9  0   8160 1630444  13028 5880708    0    0     0     8 4597 4446 40  1 59  0  0
 8  0   8160 1682452  13028 5880704    0    0     0     0 16346 10961 68  5 26  0  0
13  0   8160 1684452  13028 5880704    0    0     0    10 11413 5288 83  5 12  0  0
 6  0   8160 1647480  13084 5916548    0    0     0  5552 8873 4688 75  4 20  1  0
 9  0   8160 1632108  13104 5932244    0    0     0     0 7300 6290 79  4 17  0  0
10  0   8160 1631204  13104 5932260    0    0     0    14 6358 5360 77  3 20  0  0
 7  0   8160 1619160  13124 5945736    0    0     0     0 6286 5055 79  3 18  0  0
11  0   8160 1607248  13136 5958340    0    0     0     0 4721 3520 78  3 20  0  0
 7  0   8160 1594724  13152 5970556    0    0     0     0 5519 3898 86  4 10  0  0
10  0   8160 1558296  13192 6008604    0    0     0     0 4586 2949 83  4 14  0  0
 2  0   8160 1511648  13252 6055256    0    0     0     2 2955 2396 60  3 37  0  0
11  2   8160 1475824  13292 6091108    0    0     0 83836 3196 2422 60  3 35  3  0
 3  0   8160 1452488  13336 6115524    0    0     0   362 5630 3692 77  5 17  1  0
12  0   8160 1374428  13424 6193820    0    0     0     0 1251 1128 14  1 85  0  0
14  0   8160 1375124  13424 6193852    0    0     0     0 3624 2832 93  4  3  0  0
 6  0   8160 1350168  13464 6217872    0    0     4    18 3347 2687 85  3 11  0  0
10  0   8160 1238508  13620 6330296    0    0     8     0 5045 3859 85  3 12  0  0
10  0   8160 1173920  13724 6395460    0    0     6    16 3638 2594 80  2 18  0  0
 9  2   8160 1159924  13756 6423072    0    0     0 70596 4730 3561 72  2 22  3  0
 8  1   8160 1137972  13776 6444992    0    0     0 79276 3237 2588 69  2 25  5  0
11  0   8160 1133904  13804 6451416    0    0     2 16998 4286 2191 51  2 41  7  0
procs -----------memory---------- ---swap-- -----io---- -system-- -----cpu------
 r  b   swpd   free   buff  cache   si   so    bi    bo   in   cs us sy id wa st
 4  0   8160 1123364  13820 6462340    0    0     0     0 2145 2131 43  1 56  0  0
 3  0   8160 1113456  13828 6472440    0    0     0     8 1925 1720 36  1 64  0  0
 1  0   8160 1109256  13836 6477456    0    0     0     0 1411 1328 16  0 84  0  0
 0  0   8160 1108776  13836 6477680    0    0     0     0 1057  978 10  0 90  0  0
 0  0   8160 1108676  13836 6477668    0    0     0     0  635  939  0  0 100  0  0
 0  0   8160 1110088  13844 6476240    0    0     0 34852  721  941  0  0 96  4  0
 0  0   8160 1110880  13844 6476212    0    0     0     0  696  997  0  0 100  0  0
 0  0   8160 1110632  13844 6476196    0    0     0     0  611  923  0  0 100  0  0
 0  0   8160 1111460  13844 6476156    0    0     0     0  650  932  0  0 100  0  0
 0  0   8160 1111592  13844 6476140    0    0     0    10  638  938  0  0 100  0  0
 0  0   8160 1111236  13844 6476112    0    0     0     0  688  939  0  0 100  0  0
 0  0   8160 1111716  13844 6476108    0    0     0    24  670  957  0  0 99  0  0
 0  0   8160 1111824  13844 6476092    0    0     0     0  663  961  0  0 100  0  0
 0  0   8160 1111948  13852 6476092    0    0     0    54  651  948  0  0 99  0  0
 0  0   8160 1111700  13852 6476092    0    0     0     6  684 1004  0  0 100  0  0
 0  0   8160 1112328  13852 6476092    0    0     0     0  651  934  0  0 100  0  0
 0  0   8160 1112196  13852 6476088    0    0     0   366  809  938  0  0 100  0  0
 0  0   8160 1112684  13852 6476088    0    0     0     0  665  967  0  0 100  0  0
12  0   8160 1544652  13852 6039152    0    0     0     0 7250 6109 68  5 28  0  0
13  0   8160 1544984  13852 6039124    0    0     0    62 4941 3855 88  5  8  0  0
10  0   8160 1544828  13852 6039076    0    0     0     0 3455 2994 86  5  9  0  0
procs -----------memory---------- ---swap-- -----io---- -system-- -----cpu------
 r  b   swpd   free   buff  cache   si   so    bi    bo   in   cs us sy id wa st
14  0   8160 1546144  13864 6039036    0    0     0   110 3685 2974 92  5  3  0  0
13  0   8160 1546376  13864 6038924    0    0     0     0 3706 2755 94  5  2  0  0
 9  0   8160 1544520  13864 6038740    0    0     0     0 7070 2747 92  5  3  0  0
11  0   8160 1543400  13864 6038668    0    0     0     6 10391 5651 76  5 20  0  0
13  0   8160 1544256  13864 6038536    0    0     0     0 5505 3198 88  5  7  0  0
10  0   8160 1546820  13864 6038496    0    0     0    24 9756 7264 92  5  2  0  0
12  0   8160 1545288  13864 6038464    0    0     0     0 8817 7490 85  5 10  0  0
12  0   8160 1545368  13864 6038456    0    0     0     0 3515 2937 95  5  0  0  0
10  0   8160 1545932  13872 6038484    0    0     0    56 4348 3569 89  4  6  0  0
10  0   8160 1545448  13872 6038508    0    0     0     0 5120 3837 82  4 14  0  0
13  0   8160 1544060  13872 6038536    0    0     0    10 7192 4334 92  5  3  0  0
12  0   8160 1545548  13876 6038544    0    0     0     0 6723 3868 89  5  6  0  0
11  0   8160 1544700  13876 6038548    0    0     0     0 4980 3868 88  4  8  0  0
 9  0   8160 1547668  13876 6038556    0    0     0     0 5191 3930 83  4 13  0  0
 5  0   8160 1547032  13876 6038560    0    0     0     0 3027 2797 56  2 43  0  0
 6  0   8160 1549308  13884 6038556    0    0     0    98 2412 2506 45  1 54  0  0
 5  0   8160 1549696  13884 6038548    0    0     0     0 2261 2588 45  1 53  0  0
 3  0   8160 1549956  13884 6038548    0    0     0     0 1941 2345 37  1 62  0  0
 0  0   8160 1549244  13888 6038552    0    0     0    90 1280 1407 10  0 90  0  0
 0  0   8160 1549748  13888 6038544    0    0     0     0  615  924  0  0 100  0  0
 0  0   8160 1549784  13888 6038536    0    0     0    16  672  953  0  0 100  0  0
procs -----------memory---------- ---swap-- -----io---- -system-- -----cpu------
 r  b   swpd   free   buff  cache   si   so    bi    bo   in   cs us sy id wa st
 0  0   8160 1549804  13888 6038540    0    0     0     0  723  971  0  0 100  0  0
 0  0   8160 1550424  13888 6038532    0    0     0     0  629  928  0  0 100  0  0
 0  0   8160 1551688  13896 6038528    0    0     0    58  678  976  0  0 99  0  0
 0  0   8160 1551944  13896 6038524    0    0     0     0  668  958  0  0 100  0  0
 0  0   8160 1552264  13896 6038520    0    0     0    12  666  946  0  0 100  0  0
 0  0   8160 1552368  13896 6038520    0    0     0     0  639  954  0  0 100  0  0
 0  0   8160 1552224  13896 6038492    0    0     0     0  686  953  0  0 100  0  0
 0  0   8160 1552644  13896 6038492    0    0     0     0  645  936  0  0 100  0  0
 0  0   8160 1552900  13896 6038480    0    0     0     0  637  961  0  0 100  0  0
 0  0   8160 1553080  13896 6038480    0    0     0     0  641  951  0  0 100  0  0
10  0   8160 1784688  13928 5804492    0    0    20    38 2448 3315 26  1 72  0  0
12  0   8160 1775516  13928 5804504    0    0     0     0 11294 6911 83  5 12  0  0
12  0   8160 1780096  13928 5804464    0    0     0    48 6681 5394 92  5  4  0  0
12  0   8160 1781324  13928 5804452    0    0     0     0 7181 5983 92  5  3  0  0
12  0   8160 1782460  13928 5804424    0    0     0     2 4591 3035 95  4  1  0  0
14  0   8160 1783324  13928 5804408    0    0     0     0 3476 2955 95  4  1  0  0
12  0   8160 1782828  13928 5804976    0    0     4     0 5711 4864 84  4 12  0  0
10  0   8160 1783124  13940 5804964    0    0     0   196 5637 4813 91  5  5  0  0
12  0   8160 1783560  13940 5805028    0    0     0     0 3629 3021 94  5  2  0  0
14  0   8160 1783548  13940 5805104    0    0     0   118 4049 3216 93  5  2  0  0
11  0   8160 1783092  13940 5805112    0    0     0     0 4309 3126 93  5  2  0  0
procs -----------memory---------- ---swap-- -----io---- -system-- -----cpu------
 r  b   swpd   free   buff  cache   si   so    bi    bo   in   cs us sy id wa st
 7  0   8160 1780976  13940 5805248    0    0     0     0 5127 4006 81  4 15  0  0
 7  0   8160 1780712  13940 5805272    0    0     0    10 3588 3345 58  2 40  0  0
 2  0   8160 1780768  13944 5805348    0    0     0     0 2339 2445 41  1 58  0  0
 2  0   8160 1779924  13944 5805572    0    0     0     0 5265 4971 17  1 82  0  0
 1  0   8160 1780528  13952 5805568    0    0     0   168 2572 1994 19  0 80  0  0
 2  0   8160 1779944  13952 5805564    0    0     0     0 2059 1335  9  0 91  0  0
 1  0   8160 1778580  13952 5805556    0    0     0     0 2694 1231 11  0 89  0  0
 2  0   8160 1778780  13952 5805560    0    0     0     0 2810 1178 11  0 89  0  0
 1  0   8160 1778772  13952 5805560    0    0     0     6 2800 1149 10  0 89  0  0
 0  0   8160 1781872  13952 5805556    0    0     0     0 2103 1186  7  0 93  0  0
 1  0   8160 1782236  13952 5805564    0    0     0     0 1285 1210  3  0 97  0  0
 1  0   8160 1781784  13960 5805548    0    0     0    58 2093 1302  8  0 92  0  0
 1  0   8160 1781360  13960 5805548    0    0     0     0 2555 1246 12  0 88  0  0
 3  0   8160 1780368  13960 5805556    0    0     0    16 3190 1607 12  0 87  0  0
 3  0   8160 1782020  13960 5805548    0    0     0     0 4038 1697 18  0 82  0  0
 1  0   8160 1781556  13960 5805548    0    0     0     0 3090 1324 14  0 86  0  0
 0  0   8160 1782600  13960 5805584    0    0    18    14 2774 1343 13  0 86  0  0
 1  0   8160 1782956  13960 5805588    0    0     0     0 1132 1132  3  0 97  0  0
 1  0   8160 1782728  13960 5805584    0    0     0     8 1458 1241  5  0 94  0  0
 1  0   8160 1782240  13968 5805588    0    0     0    50 1304 1214  5  0 95  0  0
 0  0   8160 1781744  13968 5806040    0    0   206     0 2403 2932  2  0 97  0  0
procs -----------memory---------- ---swap-- -----io---- -system-- -----cpu------
 r  b   swpd   free   buff  cache   si   so    bi    bo   in   cs us sy id wa st
10  0   8160 1753792  13968 5806928    0    0    90    64 6906 4844 63  3 34  0  0
13  0   8160 1751924  13968 5806896    0    0     0     0 12067 6237 85  7  8  0  0
11  0   8160 1754252  13968 5806884    0    0     0     0 10101 7383 92  5  2  0  0
13  0   8160 1755508  13968 5806884    0    0     0     0 5283 3824 94  5  2  0  0
12  0   8160 1755880  13968 5806884    0    0     0     0 3429 3019 94  4  1  0  0
10  0   8160 1756480  13968 5807048    0    0     0    84 4022 3540 88  5  7  0  0
11  0   8160 1754828  13976 5807520    0    0     0   246 7575 6563 76  4 20  0  0
13  0   8160 1755304  13976 5807528    0    0     0     2 4503 3904 93  5  2  0  0
14  0   8160 1755304  13976 5807764    0    0     0     0 3651 3089 93  4  3  0  0
11  0   8160 1755372  13980 5807768    0    0     0     0 4245 3039 93  5  2  0  0
 9  0   8160 1754736  13980 5807848    0    0     0    16 5119 4339 90  5  4  0  0
 8  0   8160 1754396  13980 5807992    0    0     0     0 3919 3806 62  2 36  0  0
 4  0   8160 1754556  13980 5808020    0    0     0    14 2823 2804 61  2 37  0  0
 2  0   8160 1754604  13980 5808088    0    0     0     0 1412 1538 18  0 82  0  0
 1  0   8160 1754716  13992 5808080    0    0     0   254 1305 1458 15  0 85  1  0
 0  0   8160 1754928  13992 5808104    0    0     0    12  926 1089  5  0 95  0  0
 0  0   8160 1754984  13992 5808104    0    0     0     0  721  911  0  0 100  0  0
 0  0   8160 1754992  13992 5808100    0    0     0     0  707  927  0  0 100  0  0
 0  0   8160 1755736  13992 5808104    0    0     0     0  703  964  0  0 100  0  0
 0  0   8160 1756132  13992 5808100    0    0     0     0  611  918  0  0 100  0  0
 0  0   8160 1756496  13992 5808100    0    0     0     0  723  979  0  0 100  0  0
procs -----------memory---------- ---swap-- -----io---- -system-- -----cpu------
 r  b   swpd   free   buff  cache   si   so    bi    bo   in   cs us sy id wa st
 0  0   8160 1756448  13992 5808092    0    0     0     0  751 1010  0  0 100  0  0
 0  0   8160 1756772  14000 5808092    0    0     0   276  742  953  0  0 99  0  0
 0  0   8160 1757096  14000 5808088    0    0     0     0  729  990  0  0 100  0  0
 0  0   8160 1756980  14000 5808088    0    0     0     0  684  954  0  0 100  0  0
 0  0   8160 1756848  14000 5808088    0    0     0     2  649  960  0  0 100  0  0
 0  0   8160 1756724  14000 5808088    0    0     0     0  705  963  0  0 100  0  0
 0  0   8160 1756980  14000 5808096    0    0     0    20  691  965  0  0 100  0  0
 0  0   8160 1757164  14000 5808100    0    0     0     0  620  940  0  0 100  0  0
10  0   8160 1750656  14000 5808944    0    0     0     0 10095 9094 66  4 30  0  0
13  0   8160 1752152  14008 5808960    0    0     0   128 8063 5086 90  5  5  0  0
11  0   8160 1752184  14008 5808960    0    0     0     0 6562 5340 91  5  4  0  0
15  0   8160 1752208  14008 5808964    0    0     0    12 5425 3144 94  5  1  0  0
12  0   8160 1754712  14008 5808964    0    0     0     0 3805 3014 95  5  0  0  0
10  0   8160 1754600  14016 5809444    0    0     0     0 4205 3600 91  5  3  0  0
12  0   8160 1753352  14016 5809584    0    0     0     0 6483 5430 82  4 14  0  0
12  0   8160 1753328  14020 5809660    0    0     0     0 3740 3113 94  5  1  0  0
11  0   8160 1751716  14028 5809824    0    0     0   234 6716 2945 94  5  1  0  0
10  0   8160 1752580  14032 5809828    0    0     0     0 4150 3147 86  5  9  0  0
 6  0   8160 1752604  14032 5809940    0    0     0     0 4431 3610 75  4 21  0  0
 4  0   8160 1753084  14032 5809996    0    0     0     0 2190 2442 42  1 57  0  0
 1  0   8160 1752392  14036 5810060    0    0     0     0 1710 1782 21  1 79  0  0
procs -----------memory---------- ---swap-- -----io---- -system-- -----cpu------
 r  b   swpd   free   buff  cache   si   so    bi    bo   in   cs us sy id wa st
 2  0   8160 1752796  14036 5810088    0    0     0     8 2421 2475 15  0 84  0  0
 1  0   8160 1752548  14036 5810096    0    0     0     0 1328 1421 15  0 85  0  0
 1  0   8160 1752824  14036 5810100    0    0     0     0 1117 1276  8  0 91  0  0
 0  0   8160 1753352  14044 5810104    0    0     0   232 1179 1263  8  0 91  1  0
 0  0   8160 1753616  14044 5810124    0    0     0     0  696  978  0  0 100  0  0
 0  0   8160 1754016  14044 5810116    0    0     0   132  737  961  0  0 100  0  0
 0  0   8160 1754008  14044 5810116    0    0     0     0  678  952  0  0 100  0  0
 0  0   8160 1754200  14044 5810120    0    0     0     0  704  966  0  0 100  0  0
 0  0   8160 1754472  14044 5810120    0    0     0    12  659  942  0  0 100  0  0
 0  0   8160 1754820  14044 5810156    0    0     0     0  878 1340  1  0 99  0  0
13  0   8160 1763744  14044 5810976    0    0     0     0 12549 8811 68  6 26  0  0
14  0   8160 1766340  14052 5810992    0    0     0   144 8509 4752 88  5  7  0  0
12  0   8160 1769580  14052 5810996    0    0     0     0 5240 3825 91  4  5  0  0
11  0   8160 1771108  14052 5811004    0    0     0     0 7582 5973 88  5  7  0  0
11  0   8160 1771400  14052 5811004    0    0     0     0 5063 4946 87  5  8  0  0
10  0   8160 1769780  14056 5811568    0    0     0     0 8083 7114 77  5 19  0  0
12  0   8160 1770384  14056 5811572    0    0     0     0 4588 3814 93  5  2  0  0
12  0   8160 1770048  14056 5811808    0    0     0     0 3867 3359 92  4  4  0  0
14  0   8160 1768860  14068 5811876    0    0     2   236 4536 2890 95  4  1  0  0
12  0   8160 1771336  14068 5811888    0    0     0     0 6233 2998 94  5  1  0  0
 8  0   8160 1769880  14072 5812060    0    0     0    16 4464 3871 84  4 12  0  0
procs -----------memory---------- ---swap-- -----io---- -system-- -----cpu------
 r  b   swpd   free   buff  cache   si   so    bi    bo   in   cs us sy id wa st
 9  0   8160 1769988  14072 5812084    0    0     0     0 4621 3753 76  4 20  0  0
 2  0   8160 1769640  14076 5812140    0    0     0     0 2585 2474 45  2 53  0  0
 2  0   8160 1770048  14080 5812188    0    0     0    14 1372 1512 16  0 83  0  0
 2  0   8160 1770092  14080 5812188    0    0     0     0 1394 1496 17  0 83  0  0
 0  0   8160 1770380  14080 5812216    0    0     0    12  919 1164  5  0 95  0  0
 0  0   8160 1770076  14088 5812224    0    0     0   224  663  954  0  0 99  0  0
 0  0   8160 1770784  14088 5812212    0    0     0     0  710  946  0  0 100  0  0
 0  0   8160 1770908  14088 5812212    0    0     0   162  706  942  0  0 100  0  0
 0  0   8160 1771296  14088 5812196    0    0     0     0  682  962  0  0 100  0  0
 0  0   8160 1770800  14088 5812196    0    0     0     0  676  950  0  0 100  0  0
 0  0   8160 1771484  14088 5812200    0    0     0     0  655  962  0  0 100  0  0
 0  0   8160 1771188  14088 5812200    0    0     0     0  693  990  0  0 100  0  0
 0  0   8160 1771808  14088 5812196    0    0     0     0  656  954  0  0 100  0  0
11  0   8160 1770840  14096 5812380    0    0     0    40 1886 2685 14  1 86  0  0
12  0   8160 1747244  14096 5813064    0    0     0    66 11840 5373 91  6  3  0  0
12  0   8160 1768820  14096 5813064    0    0     0     0 4984 3718 86  5  9  0  0
11  0   8160 1768944  14096 5813064    0    0     0     0 4618 4370 87  4  8  0  0
11  0   8160 1768944  14096 5813064    0    0     0    16 7088 7027 86  5  8  0  0
11  0   8160 1768696  14108 5813068    0    0     0     0 6577 6328 89  5  6  0  0
12  0   8160 1768036  14112 5813652    0    0     0    22 5250 4186 82  5 13  0  0
13  0   8160 1768416  14112 5813724    0    0     0     0 3901 3263 89  5  7  0  0
procs -----------memory---------- ---swap-- -----io---- -system-- -----cpu------
 r  b   swpd   free   buff  cache   si   so    bi    bo   in   cs us sy id wa st
12  0   8160 1768460  14120 5813980    0    0     0   224 3807 3191 93  5  3  0  0
13  0   8160 1768708  14120 5813992    0    0     0     0 3447 3018 95  5  0  0  0
12  0   8160 1768920  14120 5813992    0    0     0     0 3395 3000 95  5  1  0  0
10  0   8160 1769452  14120 5814060    0    0     0     2 3393 3258 80  4 17  0  0
 2  0   8160 1769576  14132 5814204    0    0     0     0 2163 2408 35  1 64  0  0
 0  0   8160 1769356  14132 5814256    0    0     0     0  834 1098  3  0 97  0  0
 0  0   8160 1769932  14132 5814264    0    0     0     0  717 1010  0  0 100  0  0
 0  1   8160 1770232  14140 5814256    0    0     0   246  745  972  0  0 100  0  0
 1  0   8160 1770452  14140 5814264    0    0     0   180 3098 2955  5  0 94  0  0
 1  0   8160 1770080  14140 5814256    0    0     0     0 1098 1253 10  0 90  0  0
 1  0   8160 1770076  14140 5814256    0    0     0     0 1054 1189  8  0 91  0  0
 1  0   8160 1770088  14140 5814252    0    0     0    20 1117 1200  9  0 91  0  0
 0  0   8160 1769944  14140 5814264    0    0     0     0  789 1027  2  0 98  0  0
 0  0   8160 1770804  14140 5814256    0    0     0     0  627  969  0  0 100  0  0
 0  0   8160 1770580  14140 5814256    0    0     0     0  652  952  0  0 100  0  0
 0  0   8160 1770580  14148 5814248    0    0     0    58  662  959  0  0 99  0  0
 0  0   8160 1770952  14148 5814252    0    0     0    16  651  944  0  0 100  0  0
 0  0   8160 1771184  14148 5814252    0    0     0     0  656  970  0  0 100  0  0
 0  0   8160 1770696  14148 5814252    0    0     0     2  665  966  0  0 100  0  0
 0  0   8160 1770868  14148 5814244    0    0     0     0  627  953  0  0 100  0  0
 0  0   8160 1771212  14148 5814232    0    0     0     0  643  955  0  0 100  0  0
procs -----------memory---------- ---swap-- -----io---- -system-- -----cpu------
 r  b   swpd   free   buff  cache   si   so    bi    bo   in   cs us sy id wa st
 0  0   8160 1771820  14148 5814232    0    0     0     0  656 1005  0  0 100  0  0
 0  0   8160 1771324  14148 5814240    0    0     0     0  659  954  0  0 100  0  0
 0  0   8160 1771372  14156 5814236    0    0     0    32  664  967  0  0 99  0  0
 0  0   8160 1771620  14156 5814240    0    0     0     0  687  975  0  0 100  0  0
11  0   8160 1744984  14156 5815100    0    0     0     0 8663 7383 44  3 53  0  0
14  0   8160 1765808  14156 5815116    0    0     0     0 11963 6838 86  6  8  0  0
11  0   8160 1768796  14156 5815120    0    0     0     0 8866 5020 89  6  5  0  0
12  0   8160 1768384  14156 5815124    0    0     0    84 6539 6192 89  5  5  0  0
12  0   8160 1768508  14156 5815124    0    0     0     0 3662 3103 95  5  0  0  0
10  0   8160 1768400  14160 5815544    0    0     0     0 4157 3742 89  4  6  0  0
12  0   8160 1767144  14168 5815304    0    0     0   184 6766 5672 84  5 11  0  0
15  0   8160 1766220  14168 5814840    0    0     0     0 4886 3748 91  5  4  0  0
16  0   8160 1768336  14168 5814772    0    0     0    24 4231 3178 92  5  3  0  0
12  0   8160 1767716  14168 5814844    0    0     0     0 4587 3596 91  5  4  0  0
12  0   8160 1766228  14172 5814936    0    0     0     0 4336 3542 86  5  9  0  0
 7  0   8160 1767840  14172 5814928    0    0     0     0 2892 2877 60  2 38  0  0
 3  0   8160 1767912  14172 5814960    0    0     0     0 2515 2605 49  1 50  0  0
 2  0   8160 1768028  14172 5814972    0    0     0     0 1546 1538 18  0 82  0  0
 1  0   8160 1768292  14180 5814984    0    0     0   368 1250 1326 10  0 89  1  0
 0  0   8160 1767972  14180 5814972    0    0     0     0  733  978  1  0 99  0  0
 0  0   8160 1768428  14180 5814972    0    0     0     0  701  962  0  0 100  0  0
procs -----------memory---------- ---swap-- -----io---- -system-- -----cpu------
 r  b   swpd   free   buff  cache   si   so    bi    bo   in   cs us sy id wa st
 0  0   8160 1768700  14180 5814956    0    0     0     0  657  933  0  0 100  0  0
 0  0   8160 1768900  14180 5814960    0    0     0    10  633  930  0  0 100  0  0
 0  0   8160 1769272  14180 5814956    0    0     0     0  722 1000  0  0 100  0  0
 0  0   8160 1769520  14180 5814952    0    0     0     0  692  942  0  0 100  0  0
 1  0   8160 1769356  14188 5814944    0    0     0    92  655  938  0  0 99  0  0
 0  0   8160 1769400  14188 5814940    0    0     0     0  650  940  0  0 100  0  0
 0  0   8160 1769292  14188 5814948    0    0     0   236  730  947  0  0 100  0  0
 0  0   8160 1769540  14188 5814940    0    0     0     0  649  959  0  0 100  0  0
 0  0   8160 1769428  14188 5814948    0    0     0     0  667  957  0  0 100  0  0
13  0   8160 1767276  14188 5815832    0    0     0     8 4609 5064 36  2 62  0  0
 9  0   8160 1763796  14188 5815832    0    0     0     0 13055 8272 77  6 17  0  0
13  0   8160 1761200  14188 5815836    0    0     0     0 7700 6650 80  5 15  0  0
13  0   8160 1762548  14196 5815836    0    0     0   144 4487 2905 95  5  0  0  0
12  0   8160 1762584  14196 5815836    0    0     0     0 4857 2963 94  5  1  0  0
10  0   8160 1764324  14196 5815996    0    0     0     0 4318 3505 89  4  6  0  0
12  0   8160 1764408  14196 5816384    0    0     0     0 4734 3810 91  4  5  0  0
12  0   8160 1764692  14196 5816392    0    0     0     0 3717 3198 93  4  3  0  0
16  0   8160 1764384  14196 5816548    0    0     0     0 3649 3031 95  5  1  0  0
10  0   8160 1763764  14196 5816708    0    0     0     0 6276 3048 91  5  4  0  0
 9  0   8160 1764508  14196 5816712    0    0     0    10 4580 3869 77  4 19  0  0
 4  0   8160 1767384  14204 5816792    0    0     0   284 2399 2458 40  1 59  0  0
procs -----------memory---------- ---swap-- -----io---- -system-- -----cpu------
 r  b   swpd   free   buff  cache   si   so    bi    bo   in   cs us sy id wa st
 1  0   8160 1767312  14204 5816828    0    0     0    26 1438 1487 18  0 82  0  0
 1  0   8160 1766732  14204 5816840    0    0     0     0 1139 1186  8  0 91  0  0
 1  0   8160 1765900  14204 5817112    0    0     0     0 3287 3083  6  0 94  0  0
 1  0   8160 1765776  14204 5817184    0    0     0     0 1134 1208  8  0 91  0  0
 1  0   8160 1765892  14204 5817172    0    0     0     0 1059 1143  8  0 91  0  0
 1  0   8160 1765420  14204 5817168    0    0     0     6 1171 1180 10  0 90  0  0
 0  0   8160 1765876  14204 5817112    0    0     0     0 1000 1123  5  0 95  0  0
 0  0   8160 1765636  14212 5817112    0    0     0   158  616  952  0  0 99  0  0
 0  0   8160 1766148  14212 5817088    0    0     0   168  725  961  0  0 100  0  0
 0  0   8160 1766396  14212 5817088    0    0     0     0  667  916  0  0 100  0  0
 0  0   8160 1766628  14212 5817032    0    0     0     0  638  924  0  0 100  0  0
 0  0   8160 1766876  14212 5817036    0    0     0     0  655  976  0  0 100  0  0
 0  0   8160 1767512  14212 5816996    0    0     0     0  673  922  0  0 100  0  0
 0  0   8160 1767200  14212 5817000    0    0     0     0  753 1031  0  0 100  0  0
 0  0   8160 1767704  14212 5816972    0    0     0     0  752  990  1  0 98  0  0
 0  0   8160 1768192  14224 5816976    0    0     0    56  634  957  0  0 99  0  0
 0  0   8160 1768316  14224 5816952    0    0     0     0  618  956  0  0 100  0  0
11  0   8160 1765960  14224 5817132    0    0     0     0 1887 2692 17  1 82  0  0
11  0   8160 1762888  14224 5817752    0    0     0    94 13541 7965 87  6  6  0  0
12  0   8160 1763384  14224 5817764    0    0     0     0 4519 3524 93  5  2  0  0
12  0   8160 1763012  14224 5817740    0    0     0     0 3899 3007 95  4  1  0  0
procs -----------memory---------- ---swap-- -----io---- -system-- -----cpu------
 r  b   swpd   free   buff  cache   si   so    bi    bo   in   cs us sy id wa st
13  0   8160 1765128  14224 5817736    0    0     0     0 4150 2941 95  5  1  0  0
12  0   8160 1764884  14224 5817712    0    0     0     0 4114 3002 94  5  1  0  0
10  0   8160 1764148  14232 5818352    0    0     0    78 4772 3675 84  5 11  0  0
14  0   8160 1765008  14232 5818368    0    0     0     0 6014 4888 88  5  7  0  0
13  0   8160 1765020  14232 5818520    0    0     0     2 3818 3178 94  5  1  0  0
13  0   8160 1763396  14232 5818676    0    0     0     0 5271 3652 93  5  2  0  0
13  0   8160 1764480  14232 5818680    0    0     0     0 3681 3058 94  5  0  0  0
 7  0   8160 1764376  14232 5818780    0    0     0     0 3492 3046 85  5 10  0  0
 6  0   8160 1763500  14232 5818844    0    0     0     0 3888 3624 57  2 41  0  0
 2  0   8160 1763772  14240 5818900    0    0     0   382 2017 2099 32  1 67  1  0
 1  0   8160 1764496  14240 5818944    0    0     0     0 1344 1456 17  0 83  0  0
 1  0   8160 1764096  14240 5818952    0    0     0     0 1140 1234  8  0 92  0  0
 0  0   8160 1764524  14240 5818972    0    0     0    10  775  982  1  0 99  0  0
 0  0   8160 1764768  14240 5818972    0    0     0     0  653  963  0  0 100  0  0
 0  0   8160 1765336  14240 5818964    0    0     0    24  645  954  0  0 100  0  0
 0  0   8160 1765160  14240 5818964    0    0     0     0  691  978  0  0 100  0  0
 0  0   8160 1765292  14240 5818956    0    0     0     0  640  938  0  0 100  0  0
 0  0   8160 1765424  14248 5818952    0    0     0   100  639  963  0  0 99  0  0
 0  0   8160 1765680  14248 5818952    0    0     0     0  649  946  0  0 100  0  0
 0  0   8160 1765828  14248 5818952    0    0     0     6  676  967  0  0 100  0  0
 0  0   8160 1765580  14248 5818952    0    0     0     0  635  997  0  0 100  0  0
procs -----------memory---------- ---swap-- -----io---- -system-- -----cpu------
 r  b   swpd   free   buff  cache   si   so    bi    bo   in   cs us sy id wa st
 4  0   8160 1765680  14248 5818948    0    0     0     0  918 1512  1  0 99  0  0
13  0   8160 1759336  14248 5819820    0    0     0     2 10567 7802 79  6 16  0  0
12  0   8160 1762448  14248 5819812    0    0     0     0 12344 6263 85  5  9  0  0
11  0   8160 1762564  14248 5819820    0    0     0     0 5995 5872 87  4  8  0  0
12  0   8160 1762564  14256 5819824    0    0     0   124 6466 6487 91  5  4  0  0
12  0   8160 1763128  14256 5819832    0    0     0     0 3440 3045 95  5  1  0  0
13  0   8160 1763104  14256 5820312    0    0     0   156 5568 4574 85  4 10  0  0
11  0   8160 1762748  14256 5820400    0    0     0     0 3613 3164 94  4  2  0  0
12  0   8160 1762716  14256 5820564    0    0     0    10 3674 3072 94  5  1  0  0
12  0   8160 1760856  14256 5820716    0    0     0     0 4501 3134 92  6  2  0  0
12  0   8160 1760980  14256 5820708    0    0     0     0 4468 3729 94  6  1  0  0
 7  0   8160 1760696  14256 5820856    0    0     0    62 4448 4033 75  4 21  0  0
 6  0   8160 1760348  14264 5820884    0    0     0   272 2524 2627 49  1 49  0  0
 2  0   8160 1761116  14264 5820948    0    0     0     0 1685 1770 22  1 77  0  0
 1  0   8160 1761768  14264 5820940    0    0     0     0 1281 1432 15  0 85  0  0
 0  0   8160 1762168  14264 5820952    0    0     0     0 1185 1276  9  0 91  0  0
 0  0   8160 1762424  14264 5820960    0    0     0     6  683  955  0  0 100  0  0
 0  0   8160 1763316  14264 5820960    0    0     0     0  705  960  0  0 100  0  0
 0  0   8160 1763316  14264 5820944    0    0     0     0  633  950  0  0 100  0  0
 0  0   8160 1764116  14264 5820948    0    0     0     0  635  943  0  0 100  0  0
 0  0   8160 1763376  14272 5820932    0    0     0   152  666  954  0  0 99  0  0
procs -----------memory---------- ---swap-- -----io---- -system-- -----cpu------
 r  b   swpd   free   buff  cache   si   so    bi    bo   in   cs us sy id wa st
 0  0   8160 1764420  14272 5820932    0    0     0     0  701  960  0  0 100  0  0
 0  0   8160 1764676  14272 5820924    0    0     0     0  665  971  0  0 100  0  0
 0  0   8160 1764560  14272 5820924    0    0     0     2  673  952  0  0 100  0  0
 0  0   8160 1764428  14272 5820916    0    0     0     0  674  956  0  0 100  0  0
 0  0   8160 1764560  14272 5820916    0    0     0     0  644  944  0  0 100  0  0
11  0   8160 1764392  14272 5821776    0    0     0    14 4120 4224 32  2 65  0  0
11  0   8160 1760052  14272 5821784    0    0     0     0 12526 5776 89  7  4  0  0
12  0   8160 1761028  14280 5821796    0    0     0   256 5320 3921 88  5  7  0  0
11  0   8160 1761524  14280 5821796    0    0     0     0 5278 4177 88  4  8  0  0
11  0   8160 1763616  14280 5821788    0    0     0     0 7955 7922 87  5  7  0  0
 9  0   8160 1764352  14280 5821808    0    0     0     0 4036 3515 90  4  5  0  0
13  0   8160 1763328  14280 5822460    0    0     0     0 7057 5973 81  5 15  0  0
13  0   8160 1763232  14280 5822460    0    0     0     6 4092 3506 94  5  2  0  0
12  0   8160 1760196  14284 5822704    0    0     0     0 4736 3090 94  5  1  0  0
15  0   8160 1760628  14284 5822712    0    0     0     0 3385 2996 95  5  1  0  0
10  0   8160 1763088  14292 5822708    0    0     0   240 3524 3103 94  5  1  0  0
 7  0   8160 1762324  14296 5822948    0    0     0     0 5591 5185 65  3 32  0  0
 3  0   8160 1762536  14300 5822952    0    0     0     2 3134 3280 56  2 42  0  0
 2  0   8160 1761328  14300 5823368    0    0     0     0 5266 4796 19  1 80  0  0
 2  0   8160 1760260  14300 5823368    0    0     0     0 4574 3981 20  1 80  0  0
 1  0   8160 1760732  14300 5823372    0    0     0     0 2278 1965 21  0 79  0  0
procs -----------memory---------- ---swap-- -----io---- -system-- -----cpu------
 r  b   swpd   free   buff  cache   si   so    bi    bo   in   cs us sy id wa st
 3  0   8160 1761120  14300 5823392    0    0     0     0 2356 1846  6  0 93  0  0
 2  0   8160 1760116  14300 5823392    0    0     0    16 4930 2928 18  1 81  0  0
 2  0   8160 1758040  14312 5823388    0    0     2   248 4699 1993 19  1 80  1  0
 3  0   8160 1756816  14312 5823388    0    0     0     0 4687 2177 18  1 81  0  0
 1  0   8160 1761008  14312 5823396    0    0     0   182 3682 2188 14  1 86  0  0
 0  0   8160 1760900  14312 5823420    0    0     0     0 1639 1449  5  0 95  0  0
 0  0   8160 1760908  14312 5823416    0    0     0     2 1692 1418  7  0 93  0  0
 1  0   8160 1759764  14312 5823424    0    0     0     0 1494 1227  5  0 95  0  0
 2  0   8160 1760852  14312 5823424    0    0     0     0 1982 1338  7  0 92  0  0
 2  0   8160 1761172  14312 5823424    0    0     0     8 2334 1359 10  0 90  0  0
 1  0   8160 1761328  14320 5823412    0    0     0    80 2518 1330 11  0 88  0  0
 1  0   8160 1759212  14320 5823424    0    0     0     0 2504 1392 11  0 88  0  0
 1  0   8160 1761600  14320 5823424    0    0     0     0 3008 1317 17  0 82  0  0
11  0   8160 1761512  14324 5822836    0    0     0     0 3106 2785 19  1 80  0  0
11  0   8160 1740760  14324 5823204    0    0     0     2 12621 8157 83  6 11  0  0
10  0   8160 1743100  14324 5823212    0    0     0     0 7968 5466 83  5 12  0  0
11  0   8160 1743944  14324 5823156    0    0     0     0 5216 4846 87  5  9  0  0
14  0   8160 1744604  14324 5823144    0    0     0     0 5605 5505 92  5  3  0  0
 9  0   8160 1745336  14332 5823108    0    0     0   352 3865 3535 93  5  3  0  0
12  0   8160 1743452  14332 5823720    0    0     0     0 6461 5230 84  5 11  0  0
12  0   8160 1743552  14332 5823712    0    0     0     0 3461 2988 95  5  1  0  0
procs -----------memory---------- ---swap-- -----io---- -system-- -----cpu------
 r  b   swpd   free   buff  cache   si   so    bi    bo   in   cs us sy id wa st
13  0   8160 1743676  14332 5823780    0    0     0    18 3616 3037 94  5  1  0  0
11  0   8160 1743700  14332 5823840    0    0     0     0 6799 2985 92  5  3  0  0
12  0   8160 1743688  14332 5823912    0    0     0     0 5218 4121 91  5  4  0  0
 6  0   8160 1744048  14332 5824068    0    0     0     0 4213 3856 65  3 32  0  0
 3  0   8160 1743488  14332 5824108    0    0     0     0 2213 2374 42  1 57  0  0
 2  0   8160 1743652  14340 5824116    0    0     0   432 1597 1767 21  1 78  0  0
 1  0   8160 1743908  14340 5824140    0    0     0     0 1340 1467 16  0 84  0  0
 0  0   8160 1744312  14340 5824160    0    0     0     4 1188 1215  8  0 91  0  0
 0  0   8160 1743744  14340 5824176    0    0     0     0  704  964  0  0 100  0  0
 0  0   8160 1744512  14340 5824152    0    0     0     0  729  978  0  0 100  0  0
 0  0   8160 1744776  14340 5824152    0    0     0     0  644  934  0  0 100  0  0
 0  0   8160 1745452  14340 5824152    0    0     0     0  681  965  0  0 100  0  0
 0  0   8160 1745576  14340 5824152    0    0     0     4  634  948  0  0 100  0  0
 0  0   8160 1745700  14348 5824148    0    0     0   108  681  983  0  0 99  0  0
 0  0   8160 1745312  14348 5824148    0    0     0     0  667  961  0  0 100  0  0
 0  0   8160 1744956  14348 5824140    0    0     0    14  658  940  0  0 100  0  0
 0  0   8160 1745088  14348 5824144    0    0     0     0  641  928  0  0 100  0  0
12  0   8160 1734388  14348 5825020    0    0     0    16 6429 5883 43  3 54  0  0
11  0   8160 1757428  14348 5825024    0    0     0     0 10862 7800 84  6 11  0  0
12  0   8160 1757928  14348 5825024    0    0     0     0 6275 5996 87  5  8  0  0
13  0   8160 1758820  14356 5825024    0    0     0   122 4914 4690 91  5  4  0  0
procs -----------memory---------- ---swap-- -----io---- -system-- -----cpu------
 r  b   swpd   free   buff  cache   si   so    bi    bo   in   cs us sy id wa st
12  0   8160 1759192  14356 5825020    0    0     0     0 3494 3036 95  5  0  0  0
12  0   8160 1760056  14356 5825024    0    0     0    94 4148 3611 92  5  3  0  0
12  0   8160 1759096  14356 5825748    0    0     0     0 6647 5445 82  5 13  0  0
13  0   8160 1759632  14356 5825752    0    0     0     0 3721 3067 95  5  1  0  0
12  0   8160 1758828  14356 5825912    0    0     0    38 4364 3069 94  5  1  0  0
12  0   8160 1759716  14356 5825916    0    0     0     0 3569 3059 94  5  1  0  0
12  0   8160 1758364  14356 5825984    0    0     0     0 4676 3592 92  5  4  0  0
 7  0   8160 1758032  14364 5826116    0    0     0   218 4274 3941 63  2 35  0  0
 3  0   8160 1757808  14364 5826132    0    0     0     0 2535 2559 45  1 54  0  0
 2  0   8160 1757572  14364 5826232    0    0     0     2 1493 1559 17  0 83  0  0
 3  0   8160 1758224  14364 5826232    0    0     0     0 1507 1529 18  0 82  0  0
 0  0   8160 1758396  14364 5826244    0    0     0    24 1134 1215  7  0 93  0  0
 0  0   8160 1758948  14364 5826256    0    0     0     0  760  989  0  0 100  0  0
 0  0   8160 1758560  14364 5826256    0    0     0     0  701  953  0  0 100  0  0
 0  0   8160 1759576  14372 5826256    0    0     0   240  746 1024  0  0 99  0  0
 0  0   8160 1760164  14372 5826264    0    0     0     0  657  964  0  0 100  0  0
 0  0   8160 1760644  14372 5826264    0    0     0     0  622  928  0  0 100  0  0
 0  0   8160 1760412  14372 5826264    0    0     0     0  621  940  0  0 100  0  0
 0  0   8160 1760700  14372 5826252    0    0     0     0  659  933  0  0 100  0  0
 0  0   8160 1759956  14372 5826252    0    0     0     6  612  918  0  0 100  0  0
 0  0   8160 1760204  14372 5826244    0    0     0     0  616  941  0  0 100  0  0
procs -----------memory---------- ---swap-- -----io---- -system-- -----cpu------
 r  b   swpd   free   buff  cache   si   so    bi    bo   in   cs us sy id wa st
 0  0   8160 1760196  14372 5826244    0    0     0     4  622  930  0  0 100  0  0
11  0   8160 1759764  14380 5826272    0    0     0    24 2025 2999 16  1 83  0  0
12  0   8160 1752680  14380 5827120    0    0     0     0 12479 8690 84  6 10  0  0
14  0   8160 1756472  14380 5827132    0    0     0   130 7376 3668 93  5  1  0  0
12  0   8160 1756612  14384 5827148    0    0     0     0 3416 3052 94  4  1  0  0
13  0   8160 1756788  14384 5827152    0    0     0     2 3500 3008 94  5  1  0  0
15  0   8160 1757424  14384 5827156    0    0     0     0 3423 3033 95  5  1  0  0
11  0   8160 1759448  14384 5827684    0    0     0     0 5092 4462 83  4 13  0  0
12  0   8160 1760324  14384 5827768    0    0     0    26 5033 3714 88  5  7  0  0
14  0   8160 1760596  14392 5827940    0    0     0   280 3841 3262 92  5  3  0  0
12  0   8160 1760104  14392 5828120    0    0     0    10 3739 3073 95  5  1  0  0
12  0   8160 1760716  14392 5828124    0    0     0     0 3648 3070 95  5  1  0  0
 7  0   8160 1758484  14392 5830228    0    0  1024     0 3392 3092 83  4 13  0  0
 8  0   8160 1755600  14400 5832312    0    0  1028     0 3680 3648 55  2 42  0  0
 1  0   8160 1753516  14400 5834452    0    0  1024     0 1990 2029 29  1 70  0  0
 1  0   8160 1752728  14404 5836500    0    0  1026     6 1260 1295 10  0 90  0  0
 2  0   8160 1751148  14412 5838540    0    0  1024   268 3349 3316  9  0 90  0  0
 1  0   8160 1749244  14416 5840604    0    0  1026     0 1161 1275 10  0 90  0  0
 1  0   8160 1747472  14416 5842652    0    0  1024     4 1067 1212  8  0 91  0  0
 1  0   8160 1745564  14420 5845208    0    0  1282     0 1122 1214  9  0 91  0  0
 0  0   8160 1743704  14420 5847272    0    0  1024     0  983 1137  6  0 94  0  0
procs -----------memory---------- ---swap-- -----io---- -system-- -----cpu------
 r  b   swpd   free   buff  cache   si   so    bi    bo   in   cs us sy id wa st
 0  0   8160 1742348  14424 5849324    0    0  1026     0  668  946  0  0 100  0  0
 0  0   8160 1739904  14424 5851372    0    0  1024     0  674  928  0  0 100  0  0
 0  0   8160 1738464  14428 5853412    0    0  1026     2  655  929  0  0 100  0  0
 0  0   8160 1736356  14436 5855460    0    0  1024    82  746 1014  0  0 99  0  0
 0  0   8160 1734620  14440 5857504    0    0  1026   202  748  937  0  0 100  0  0
 0  0   8160 1732636  14440 5859560    0    0  1024     0  710  958  0  0 100  0  0
 0  0   8160 1730448  14444 5861884    0    0  1156     0  669  952  0  0 100  0  0
 0  0   8160 1728712  14444 5863932    0    0  1024    10  654  944  0  0 100  0  0
10  0   8160 1726336  14448 5866172    0    0  1026     0 1839 2607 15  1 84  0  0
10  0   8160 1660176  14448 5869088    0    0  1024     0 13453 7692 80  7 14  0  0
12  0   8160 1699244  14452 5870940    0    0  1026     0 5687 3549 91  5  4  0  0
11  0   8160 1698380  14460 5872988    0    0  1024   132 4584 3529 90  4  6  0  0
11  0   8160 1695164  14464 5875036    0    0  1026     6 5018 4019 89  4  7  0  0
11  0   8160 1693428  14464 5877280    0    0  1024     0 5927 5236 87  5  9  0  0
12  0   8160 1691568  14468 5879948    0    0  1026    26 8603 7946 80  4 17  0  0
13  0   8160 1690064  14468 5881900    0    0  1024     0 3739 3067 95  4  1  0  0
15  0   8160 1687888  14472 5884200    0    0  1026     0 3902 3301 94  5  2  0  0
12  0   8160 1686260  14472 5886324    0    0  1024     0 4405 3032 94  5  1  0  0
11  0   8160 1685496  14484 5888188    0    0  1026   206 3806 3088 94  5  1  0  0
 8  0   8160 1682240  14484 5890264    0    0  1024     0 4981 4512 71  3 26  0  0
 4  0   8160 1681024  14488 5891924    0    0   770     0 2949 2998 63  2 35  0  0
procs -----------memory---------- ---swap-- -----io---- -system-- -----cpu------
 r  b   swpd   free   buff  cache   si   so    bi    bo   in   cs us sy id wa st
 1  0   8160 1678840  14488 5894280    0    0  1024     0 1522 1633 19  0 81  0  0
 1  0   8160 1677368  14492 5896328    0    0  1026    24 1148 1247  8  0 91  0  0
 0  0   8160 1675600  14492 5898380    0    0  1024     0 1119 1242  7  0 93  0  0
 0  0   8160 1673600  14496 5900424    0    0  1026     8  685  977  0  0 100  0  0
 0  0   8160 1670912  14496 5902472    0    0  1024     0  663  959  0  0 100  0  0
 0  0   8160 1669472  14508 5904504    0    0  1026   230  703 1002  0  0 100  0  0
 0  0   8160 1667488  14508 5906356    0    0  1024   164  690  941  0  0 100  0  0
 0  0   8160 1666288  14512 5908696    0    0  1026     0  669  954  0  0 100  0  0
 0  0   8160 1664788  14512 5910744    0    0  1024     8  662  945  0  0 100  0  0
 0  0   8160 1663036  14516 5912696    0    0  1026     0  658  950  0  0 100  0  0
 0  0   8160 1661176  14516 5914748    0    0  1024     0  611  930  0  0 100  0  0
 0  0   8160 1659340  14520 5916792    0    0  1026     0  646  948  0  0 100  0  0
 0  0   8160 1657000  14520 5918844    0    0  1024     0  640  981  0  0 100  0  0
 0  0   8160 1654740  14532 5920892    0    0  1026    40  643  940  0  0 100  0  0
 0  0   8160 1653144  14532 5922948    0    0  1024     0  648  951  0  0 100  0  0
15  0   8160 1650448  14540 5924604    0    0  1026     0 7168 6664 51  4 45  0  0
11  0   8160 1640568  14540 5926476    0    0  1024     0 9218 5373 87  6  6  0  0
11  0   8160 1658744  14544 5928516    0    0  1026     0 4893 4321 87  4  8  0  0
13  0   8160 1657248  14544 5930568    0    0  1024    34 6299 6284 89  4  7  0  0
13  0   8160 1655272  14548 5932580    0    0  1026     0 3546 3013 94  5  1  0  0
 7  0   8160 1653900  14548 5934676    0    0  1024     0 3671 3216 91  5  5  0  0
procs -----------memory---------- ---swap-- -----io---- -system-- -----cpu------
 r  b   swpd   free   buff  cache   si   so    bi    bo   in   cs us sy id wa st
11  0   8160 1648124  14560 5937256    0    0  1026   402 8147 7417 65  4 31  0  0
12  0   8160 1648972  14560 5939692    0    0  1024     0 4555 3549 91  4  5  0  0
13  0   8160 1644632  14564 5941768    0    0  1026     0 5820 3076 93  5  2  0  0
12  0   8160 1643716  14564 5943816    0    0  1024     0 4759 2976 94  5  1  0  0
 9  0   8160 1642732  14568 5945704    0    0  1026     0 3558 3183 88  5  7  0  0
 8  0   8160 1641104  14568 5947864    0    0  1024     6 5007 4473 64  3 33  0  0
 5  0   8160 1638880  14572 5950132    0    0  1026     0 2767 2696 55  1 43  0  0
 2  0   8160 1636808  14572 5952248    0    0  1024   154 1596 1664 20  0 79  0  0
 2  0   8160 1634944  14584 5954296    0    0  1026   218 1401 1549 16  0 83  0  0
 0  0   8160 1633348  14584 5956376    0    0  1024     0 1091 1219  7  0 93  0  0
 0  0   8160 1632124  14588 5957840    0    0   770     0  673  956  0  0 100  0  0
 0  0   8160 1630852  14588 5959952    0    0  1024     0  651  979  0  0 100  0  0
 0  0   8160 1629256  14588 5961708    0    0   896    14  715  966  0  0 100  0  0
 0  0   8160 1629256  14588 5961672    0    0     0     0  672  956  0  0 100  0  0
 0  0   8160 1629380  14588 5961676    0    0     0     0  666 1008  0  0 100  0  0
 0  0   8160 1629328  14596 5961672    0    0     0   108  696  981  0  0 99  0  0
 2  0   8160 1627924  14596 5961696    0    0     0     0 1428 2217  3  0 97  0  0
15  0   8160 1622936  14596 5962512    0    0     0     0 11839 7968 62  5 33  0  0
11  0   8160 1625044  14596 5962516    0    0     0     0 6162 4425 92  5  3  0  0
11  0   8160 1625292  14596 5962524    0    0     0     0 6080 5050 89  6  5  0  0
12  0   8160 1626412  14596 5962532    0    0     0     0 5889 4734 89  5  6  0  0
procs -----------memory---------- ---swap-- -----io---- -system-- -----cpu------
 r  b   swpd   free   buff  cache   si   so    bi    bo   in   cs us sy id wa st
12  0   8160 1626536  14596 5962532    0    0     0     0 3406 3009 95  5  0  0  0
 9  0   8160 1626432  14596 5962624    0    0     0     8 3999 3469 89  5  6  0  0
14  0   8160 1625316  14608 5963176    0    0     2   256 6532 5036 86  5  9  0  0
13  0   8160 1625324  14608 5963344    0    0     0     0 3848 3315 93  5  2  0  0
12  0   8160 1627492  14608 5963424    0    0     0   130 4339 2957 94  5  1  0  0
12  0   8160 1627152  14608 5963416    0    0     0     0 3406 3032 94  5  1  0  0
11  0   8160 1627912  14608 5963416    0    0     0     0 3527 3136 92  4  3  0  0
 7  0   8160 1627160  14608 5963592    0    0     0     0 5181 4503 66  3 31  0  0
 3  0   8160 1626912  14608 5963676    0    0     0     0 2325 2434 43  1 56  0  0
 2  0   8160 1626664  14616 5963704    0    0     0   252 1351 1526 18  0 82  1  0
 2  0   8160 1626680  14616 5963728    0    0     0     0 1418 1524 17  0 83  0  0
 0  0   8160 1627116  14616 5963752    0    0     0    16 1009 1177  7  0 93  0  0
 0  0   8160 1627336  14616 5963756    0    0     0     0  629  931  0  0 100  0  0
 0  0   8160 1627740  14616 5963748    0    0     0     0  652  952  0  0 100  0  0
 0  0   8160 1627460  14616 5963748    0    0     0     0  647  948  0  0 100  0  0
 0  0   8160 1628328  14616 5963748    0    0     0     0  717  978  0  0 100  0  0
 0  0   8160 1629176  14616 5963748    0    0     0     0  693  990  0  0 100  0  0
 0  0   8160 1629920  14624 5963744    0    0     0   106  640  916  0  0 99  0  0
 2  0   8160 1624536  14624 5964620    0    0     0     0 7761 7618 12  1 87  0  0
11  0   8160 1625528  14624 5964636    0    0     0     6 6684 3783 27  2 72  0  0
11  0   8160 1626944  14624 5964644    0    0     0     0 6324 3849 88  5  6  0  0
procs -----------memory---------- ---swap-- -----io---- -system-- -----cpu------
 r  b   swpd   free   buff  cache   si   so    bi    bo   in   cs us sy id wa st
11  0   8160 1626920  14624 5964644    0    0     0    66 5518 5362 88  4  8  0  0
11  0   8160 1626724  14624 5964644    0    0     0     0 5719 5211 87  4  9  0  0
14  0   8160 1625732  14624 5964652    0    0     0     0 5925 5519 89  5  6  0  0
17  0   8160 1622400  14624 5964660    0    0     0     2 5295 3237 94  4  2  0  0
13  0   8160 1625252  14632 5965172    0    0     0   186 5666 3334 93  5  2  0  0
 8  0   8160 1625244  14632 5965336    0    0     0   112 5121 3621 83  4 12  0  0
10  0   8160 1625112  14632 5965360    0    0     0     0 3815 3551 72  3 25  0  0
10  0   8160 1624244  14632 5965364    0    0     0     0 3207 2987 72  3 24  0  0
 1  0   8160 1625500  14632 5965400    0    0     0    18 2684 2575 52  2 46  0  0
 1  0   8160 1624508  14632 5965504    0    0     0     0 1121 1278  8  0 91  0  0
 0  0   8160 1625028  14632 5965532    0    0     0     2 1084 1215  5  0 94  0  0
 1  0   8160 1625512  14632 5965532    0    0     0     0 2584 2621  5  0 95  0  0
 1  0   8160 1626016  14640 5965516    0    0     0   240 1187 1274 10  0 89  1  0
 1  0   8160 1626856  14640 5965516    0    0     0     0 1079 1229  8  0 91  0  0
 1  0   8160 1626748  14640 5965508    0    0     0     0 1045 1194  8  0 91  0  0
 0  0   8160 1626624  14640 5965520    0    0     0     6  745 1014  3  0 97  0  0
 0  0   8160 1627252  14640 5965500    0    0     0     0  668  933  0  0 100  0  0
 0  1   8160 1626896  14648 5965492    0    0     6    52  668  952  0  0 99  0  0
 0  0   8160 1627268  14684 5965504    0    0     4    70  718 1061  0  0 98  1  0
13  0   8160 1621776  14724 5966404    0    0    16    36 3398 3461 36  1 62  0  0
12  0   8160 1603308  14724 5966408    0    0     0     0 13348 4930 92  7  1  0  0
procs -----------memory---------- ---swap-- -----io---- -system-- -----cpu------
 r  b   swpd   free   buff  cache   si   so    bi    bo   in   cs us sy id wa st
13  0   8160 1623520  14724 5966412    0    0     0     0 4965 2885 94  4  2  0  0
12  0   8160 1623492  14724 5966412    0    0     0     0 4811 2944 94  5  1  0  0
12  0   8160 1625484  14724 5966416    0    0     0    18 4420 3011 95  5  1  0  0
12  0   8160 1624608  14724 5966424    0    0     0     0 3505 3071 94  5  1  0  0
11  0   8160 1622228  14724 5967080    0    0     0    16 6794 5921 82  4 14  0  0
15  0   8160 1623096  14724 5967084    0    0     0     0 6042 5287 92  5  3  0  0
14  0   8160 1623840  14732 5967160    0    0     0   284 3861 3343 92  4  3  0  0
12  0   8160 1623088  14732 5967404    0    0     0   134 5450 3618 92  5  3  0  0
12  0   8160 1623824  14732 5967408    0    0     0     0 3776 3004 94  5  1  0  0
 7  0   8160 1622568  14732 5967516    0    0     0     0 3684 3278 78  3 20  0  0
 8  0   8160 1622784  14732 5967548    0    0     0     0 3879 3610 64  2 34  0  0
 2  0   8160 1623096  14732 5967612    0    0     0     0 2260 2163 37  1 63  0  0
 1  0   8160 1623344  14732 5967652    0    0     0     8 1293 1462 13  0 86  0  0
 1  0   8160 1624004  14740 5967652    0    0     0   268 1132 1245  8  0 91  0  0
 0  0   8160 1623664  14740 5967684    0    0     0     4  763  986  1  0 99  0  0
 0  0   8160 1623556  14740 5967684    0    0     0     0  624  941  0  0 100  0  0
 0  0   8160 1623780  14740 5967680    0    0     0     0  668  938  0  0 100  0  0
 0  0   8160 1624052  14740 5967684    0    0     0     2  612  942  0  0 100  0  0
 0  0   8160 1624448  14740 5967684    0    0     0     0  657  980  0  0 100  0  0
 0  0   8160 1624884  14740 5967688    0    0     0    16  617  938  0  0 100  0  0
 0  0   8160 1624596  14740 5967684    0    0     0     0  617  997  0  0 100  0  0
procs -----------memory---------- ---swap-- -----io---- -system-- -----cpu------
 r  b   swpd   free   buff  cache   si   so    bi    bo   in   cs us sy id wa st
 0  0   8160 1624844  14748 5967692    0    0     0    66  637  969  0  0 99  0  0
 0  0   8160 1625224  14748 5967688    0    0     0    14  623  947  0  0 100  0  0
 0  0   8160 1625704  14748 5967680    0    0     0     0  645  973  0  0 100  0  0
 0  0   8160 1626360  14748 5967680    0    0     0     0  635  952  0  0 100  0  0
10  0   8160 1621804  14748 5967676    0    0     0     0 12075 9851 62  5 34  0  0
11  0   8160 1621564  14748 5967144    0    0     0     0 9923 4652 87  5  7  0  0
12  0   8160 1622052  14748 5967152    0    0     0     0 4053 3588 87  4  9  0  0
12  0   8160 1622648  14748 5967144    0    0     0     0 4602 4184 88  4  8  0  0
12  0   8160 1621664  14756 5967300    0    0     0   580 5094 4627 87  5  8  0  0
11  0   8160 1620904  14756 5967872    0    0     0     0 8554 7741 74  4 21  0  0
13  0   8160 1621944  14756 5967872    0    0     0     0 6265 5831 88  5  7  0  0
14  0   8160 1621448  14756 5967976    0    0     0     0 3917 3332 90  4  5  0  0
13  0   8160 1622232  14756 5968132    0    0     0     0 4418 3014 94  5  1  0  0
12  0   8160 1622108  14756 5968076    0    0     0    40 3547 3053 94  5  1  0  0
 9  0   8160 1622644  14756 5968188    0    0     0     0 4479 3978 80  4 16  0  0
 9  0   8160 1624620  14756 5968192    0    0     0     0 4430 3934 71  3 26  0  0
 2  0   8160 1624488  14764 5968268    0    0     0   270 2381 2394 41  1 57  1  0
 2  0   8160 1623792  14764 5968268    0    0     0     0 1329 1480 17  0 83  0  0
 2  0   8160 1624952  14764 5968276    0    0     0    14 1470 1543 18  0 82  0  0
 0  0   8160 1625092  14764 5968276    0    0     0     0  890 1103  4  0 96  0  0
 0  0   8160 1625456  14764 5968280    0    0     0     0  689  973  0  0 100  0  0
procs -----------memory---------- ---swap-- -----io---- -system-- -----cpu------
 r  b   swpd   free   buff  cache   si   so    bi    bo   in   cs us sy id wa st
 0  0   8160 1625792  14764 5968256    0    0     0     0  694  975  0  0 100  0  0
 0  0   8160 1625528  14764 5968252    0    0     0     0  586  997  0  0 100  0  0
 0  0   8160 1626032  14764 5968232    0    0     0     4  643  943  0  0 100  0  0
 0  0   8160 1626652  14772 5968220    0    0     0   164  703  977  0  0 99  0  0
 0  0   8160 1626488  14772 5968196    0    0     0     0  643  954  0  0 100  0  0
 0  0   8160 1626868  14772 5968200    0    0     0     6  691  967  0  0 100  0  0
11  0   8160 1597328  14772 5969056    0    0     0     0 10395 8526 65  4 30  0  0
12  0   8160 1619276  14772 5969060    0    0     0     0 10662 5680 86  5  9  0  0
12  0   8160 1622292  14772 5969060    0    0     0     0 8039 6005 87  5  8  0  0
13  0   8160 1622388  14772 5969060    0    0     0     0 4986 2968 94  5  1  0  0
13  0   8160 1622400  14780 5969060    0    0     0   238 4028 3024 95  5  0  0  0
 3  0   8160 1623136  14780 5969280    0    0     0     0 4834 3470 92  5  3  0  0
11  0   8160 1623260  14780 5969688    0    0     0    16 6553 5581 81  4 15  0  0
12  0   8160 1622964  14780 5969772    0    0     0     0 4237 3433 92  5  3  0  0
12  0   8160 1619268  14780 5969828    0    0     0     0 4096 2968 94  5  1  0  0
13  0   8160 1621664  14780 5969904    0    0     0    16 4989 3902 91  5  4  0  0
10  0   8160 1622656  14780 5969968    0    0     0     0 4660 3604 89  5  6  0  0
 6  0   8160 1623432  14780 5970032    0    0     0     0 2715 2825 58  2 40  0  0
 3  0   8160 1622540  14788 5970076    0    0     0   322 2338 2254 38  1 61  1  0
 2  0   8160 1622052  14788 5970256    0    0     0     0 3592 3472 18  1 81  0  0
 1  0   8160 1621272  14788 5970268    0    0     0     2 1892 1577 13  0 87  0  0
procs -----------memory---------- ---swap-- -----io---- -system-- -----cpu------
 r  b   swpd   free   buff  cache   si   so    bi    bo   in   cs us sy id wa st
 1  0   8160 1621420  14788 5970280    0    0     0     0 1482 1246  4  0 96  0  0
 2  0   8160 1618436  14788 5970276    0    0     0     6 2120 1039  8  0 91  0  0
 2  0   8160 1618244  14788 5970272    0    0     0     0 3116 1042 17  0 82  0  0
 2  0   8160 1617384  14788 5970252    0    0     0     0 3292 1026 16  1 83  0  0
 1  1   8160 1620320  14796 5970244    0    0     0   124 3265  971 16  1 83  0  0
 0  0   8160 1621864  14796 5970276    0    0     0     0  644  969  0  0 99  0  0
 0  0   8160 1621596  14796 5970276    0    0     0   136  716  952  0  0 100  0  0
 0  0   8160 1621952  14796 5970276    0    0     0     0  616  927  0  0 100  0  0
11  0   8160 1619332  14796 5971136    0    0     0     0 4895 5013 44  2 54  0  0
10  0   8160 1620064  14796 5971148    0    0     0    18 8136 5681 79  4 17  0  0
10  0   8160 1619096  14796 5971156    0    0     0     0 5977 5154 82  4 14  0  0
13  0   8160 1619540  14796 5971160    0    0     0    14 6332 5321 85  4 11  0  0
13  0   8160 1619364  14804 5971152    0    0     0   156 3941 3076 94  5  1  0  0
 9  0   8160 1619424  14804 5971176    0    0     0     0 5154 3630 89  5  6  0  0
14  0   8160 1620160  14804 5971864    0    0     0     0 7487 5516 82  5 13  0  0
12  0   8160 1620904  14804 5971872    0    0     0     0 3556 3030 95  5  0  0  0
14  0   8160 1620204  14804 5971872    0    0     0     2 3660 3067 95  5  1  0  0
17  0   8160 1619764  14804 5971948    0    0     0     0 5782 2922 94  5  1  0  0
 8  0   8160 1620776  14804 5971948    0    0     0     0 4004 3431 90  5  5  0  0
 5  0   8160 1621528  14804 5972156    0    0     0     8 4733 4457 49  2 49  0  0
 2  0   8160 1621564  14812 5972200    0    0     0   296 2114 2279 37  1 62  0  0
procs -----------memory---------- ---swap-- -----io---- -system-- -----cpu------
 r  b   swpd   free   buff  cache   si   so    bi    bo   in   cs us sy id wa st
 2  0   8160 1620760  14812 5972264    0    0     0     0 1366 1505 18  0 82  0  0
 2  0   8160 1620980  14812 5972264    0    0     0     0 1368 1502 17  0 83  0  0
 0  0   8160 1621508  14812 5972280    0    0     0     0  934 1123  5  0 95  0  0
 0  0   8160 1620944  14812 5972280    0    0     0    12  584  934  0  0 100  0  0
 0  0   8160 1621456  14812 5972280    0    0     0     0  618  923  0  0 100  0  0
 0  0   8160 1622224  14812 5972280    0    0     0     8  626  983  0  0 100  0  0
 0  0   8160 1622472  14820 5972272    0    0     0   150  649  950  0  0 99  0  0
 0  0   8160 1622540  14820 5972280    0    0     0     0  591  920  0  0 100  0  0
 0  0   8160 1623224  14820 5972280    0    0     0   188  715  946  0  0 100  0  0
 0  0   8160 1622612  14820 5972280    0    0     0     0  650  948  0  0 100  0  0
12  0   8160 1622268  14820 5972288    0    0    28     0 1692 2628 12  1 87  0  0
12  0   8160 1622176  14820 5972492    0    0     0     0 3454 3122 94  6  1  0  0
12  0   8160 1621804  14820 5972492    0    0     0     0 3435 3115 93  5  1  0  0
12  0   8160 1621504  14820 5972488    0    0     0     0 3500 3086 93  6  1  0  0
12  0   8160 1620876  14828 5972480    0    0     0   114 3597 3079 94  6  1  0  0
12  0   8160 1621744  14828 5972496    0    0     0    10 3459 3148 94  5  1  0  0
12  0   8160 1621584  14828 5972520    0    0     0     0 4507 4023 91  5  4  0  0
11  0   8160 1620468  14828 5972596    0    0     0     0 3655 3157 80  4 16  0  0
11  0   8160 1620092  14828 5972600    0    0     0    10 3462 3091 79  5 16  0  0
10  0   8160 1619740  14828 5972596    0    0     0     0 3359 3111 80  4 16  0  0
10  0   8160 1620120  14828 5972596    0    0     0     0 3355 3101 80  4 16  0  0
procs -----------memory---------- ---swap-- -----io---- -system-- -----cpu------
 r  b   swpd   free   buff  cache   si   so    bi    bo   in   cs us sy id wa st
 0  0   8160 1620360  14828 5972604    0    0     0     0 2484 2438 51  3 46  0  0
 0  0   8160 1619592  14836 5972604    0    0     0    86  694  994  0  0 99  0  0
 0  0   8160 1620592  14836 5972604    0    0     0     8  690  978  0  0 100  0  0
 0  0   8160 1620824  14836 5972588    0    0     0     0  726  994  0  0 100  0  0
 0  0   8160 1621184  14836 5972584    0    0     0    16  642  955  0  0 100  0  0
 0  0   8160 1621324  14836 5972572    0    0     0     0  616  954  0  0 100  0  0
 0  0   8160 1622092  14836 5972572    0    0     0     0  635  986  0  0 100  0  0
 0  0   8160 1622192  14836 5972568    0    0     0     0  614  937  0  0 100  0  0
 0  0   8160 1622476  14836 5972576    0    0     0     0  654  977  0  0 100  0  0
 0  0   8160 1622392  14844 5972576    0    0     0    92  655  955  0  0 99  0  0
 0  0   8160 1622144  14844 5972572    0    0     0     0  619  950  0  0 100  0  0
 0  0   8160 1622080  14844 5972568    0    0     0     0  638  949  0  0 100  0  0
 1  0   8160 3824204  14844 5972568    0    0    10     8 1020 1159  0  1 99  0  0
 0  0   8160 25650292  14844 5919240    0    0     0     0  919  627  0  6 94  0  0
